
[07:17:13 488][libtiny.so 0x174250] [fd7bbaa9] 0x40174250: "stp x29, x30, [sp, #-0x60]!" ; mem[WRITE] abs=0xbffff6b0 x29=0x0 x30=0x7ffff0000 sp=0xbffff710 => x29=0x0 x30=0x7ffff0000 sp=0xbffff6b0
[07:17:13 497][libtiny.so 0x174254] [fc6f01a9] 0x40174254: "stp x28, x27, [sp, #0x10]" ; mem[WRITE] abs=0xbffff6c0 x28=0x0 x27=0x0 sp=0xbffff6b0 => x28=0x0 x27=0x0
[07:17:13 503][libtiny.so 0x174258] [fa6702a9] 0x40174258: "stp x26, x25, [sp, #0x20]" ; mem[WRITE] abs=0xbffff6d0 x26=0x0 x25=0x0 sp=0xbffff6b0 => x26=0x0 x25=0x0
[07:17:13 505][libtiny.so 0x17425c] [f85f03a9] 0x4017425c: "stp x24, x23, [sp, #0x30]" ; mem[WRITE] abs=0xbffff6e0 x24=0x0 x23=0x0 sp=0xbffff6b0 => x24=0x0 x23=0x0
[07:17:13 508][libtiny.so 0x174260] [f65704a9] 0x40174260: "stp x22, x21, [sp, #0x40]" ; mem[WRITE] abs=0xbffff6f0 x22=0x0 x21=0x0 sp=0xbffff6b0 => x22=0x0 x21=0x0
[07:17:13 509][libtiny.so 0x174264] [f44f05a9] 0x40174264: "stp x20, x19, [sp, #0x50]" ; mem[WRITE] abs=0xbffff700 x20=0x0 x19=0x0 sp=0xbffff6b0 => x20=0x0 x19=0x0
[07:17:13 519][libtiny.so 0x174268] [fd030091] 0x40174268: "mov x29, sp" sp=0xbffff6b0 => x29=0xbffff6b0
[07:17:13 523][libtiny.so 0x17426c] [ff0f40d1] 0x4017426c: "sub sp, sp, #3, lsl #12" sp=0xbffff6b0 => sp=0xbfffc6b0
[07:17:13 524][libtiny.so 0x174270] [ff430bd1] 0x40174270: "sub sp, sp, #0x2d0" sp=0xbfffc6b0 => sp=0xbfffc3e0
[07:17:13 526][libtiny.so 0x174274] [f3030091] 0x40174274: "mov x19, sp" sp=0xbfffc3e0 => x19=0xbfffc3e0
[07:17:13 538][libtiny.so 0x174278] [638202a9] 0x40174278: "stp x3, x0, [x19, #0x28]" ; mem[WRITE] abs=0xbfffc408 x3=0x3aefe5e5 x0=0xfffe1640 x19=0xbfffc3e0 => x3=0x3aefe5e5 x0=0xfffe1640
[07:17:13 546][libtiny.so 0x17427c] [622600b9] 0x4017427c: "str w2, [x19, #0x24]" ; mem[WRITE] abs=0xbfffc404 w2=0x97a1fdfc x19=0xbfffc3e0 => w2=0x97a1fdfc
[07:17:13 554][libtiny.so 0x174280] [48d03bd5] 0x40174280: "mrs x8, tpidr_el0" x8=0x0 => x8=0xbffff718
[07:17:13 557][libtiny.so 0x174284] [680200f9] 0x40174284: "str x8, [x19]" ; mem[WRITE] abs=0xbfffc3e0 x8=0xbffff718 x19=0xbfffc3e0 => x8=0xbffff718
[07:17:13 560][libtiny.so 0x174288] [081540f9] 0x40174288: "ldr x8, [x8, #0x28]" ; mem[READ] abs=0xbffff740 x8=0xbffff718 => x8=0x0
[07:17:13 563][libtiny.so 0x17428c] [8a2d0090] 0x4017428c: "adrp x10, #0x40724000" => x10=0x40724000
[07:17:13 565][libtiny.so 0x174290] [09709252] 0x40174290: "movz w9, #0x9380" w9=0x0 => w9=0x9380
[07:17:13 566][libtiny.so 0x174294] [e97ba072] 0x40174294: "movk w9, #0x3df, lsl #16" w9=0x9380 => w9=0x3df9380
[07:17:13 567][libtiny.so 0x174298] [a8831ef8] 0x40174298: "stur x8, [x29, #-0x18]" ; mem[WRITE] abs=0xbffff698 x8=0x0 x29=0xbffff6b0 => x8=0x0
[07:17:13 568][libtiny.so 0x17429c] [48d947f9] 0x4017429c: "ldr x8, [x10, #0xfb0]" ; mem[READ] abs=0x40724fb0 x10=0x40724000 => x8=0x439c2400
[07:17:13 570][libtiny.so 0x1742a0] [2a0000f0] 0x401742a0: "adrp x10, #0x4017b000" => x10=0x4017b000
[07:17:13 571][libtiny.so 0x1742a4] [4a510191] 0x401742a4: "add x10, x10, #0x54" x10=0x4017b000 => x10=0x4017b054
[07:17:13 573][libtiny.so 0x1742a8] [4901098b] 0x401742a8: "add x9, x10, x9" x10=0x4017b054 x9=0x3df9380 => x9=0x43f743d4
[07:17:13 573][libtiny.so 0x1742ac] [6aa48e92] 0x401742ac: "movn x10, #0x7523" x10=0x4017b054 => x10=0xffffffffffff8adc
[07:17:13 574][libtiny.so 0x1742b0] [6a8fbff2] 0x401742b0: "movk x10, #0xfc7b, lsl #16" x10=0xffffffffffff8adc => x10=0xfffffffffc7b8adc
[07:17:13 575][libtiny.so 0x1742b4] [08010a8b] 0x401742b4: "add x8, x8, x10" x8=0x439c2400 x10=0xfffffffffc7b8adc => x8=0x4017aedc
[07:17:13 577][libtiny.so 0x1742b8] [68a600a9] 0x401742b8: "stp x8, x9, [x19, #8]" ; mem[WRITE] abs=0xbfffc3e8 x8=0x4017aedc x9=0x43f743d4 x19=0xbfffc3e0 => x8=0x4017aedc x9=0x43f743d4
[07:17:13 578][libtiny.so 0x1742bc] [660640f9] 0x401742bc: "ldr x6, [x19, #8]" ; mem[READ] abs=0xbfffc3e8 x19=0xbfffc3e0 => x6=0x4017aedc
[07:17:13 578][libtiny.so 0x1742c0] [ef0309aa] 0x401742c0: "mov x15, x9" x9=0x43f743d4 => x15=0x43f743d4
[07:17:13 580][libtiny.so 0x1742c4] [690e00f9] 0x401742c4: "str x9, [x19, #0x18]" ; mem[WRITE] abs=0xbfffc3f8 x9=0x43f743d4 x19=0xbfffc3e0 => x9=0x43f743d4
[07:17:13 581][libtiny.so 0x1742c8] [e80309aa] 0x401742c8: "mov x8, x9" x9=0x43f743d4 => x8=0x43f743d4
[07:17:13 583][libtiny.so 0x1742cc] [f10309aa] 0x401742cc: "mov x17, x9" x9=0x43f743d4 => x17=0x43f743d4
[07:17:13 584][libtiny.so 0x1742d0] [e00309aa] 0x401742d0: "mov x0, x9" x9=0x43f743d4 => x0=0x43f743d4
[07:17:13 585][libtiny.so 0x1742d4] [ee0309aa] 0x401742d4: "mov x14, x9" x9=0x43f743d4 => x14=0x43f743d4
[07:17:13 586][libtiny.so 0x1742d8] [e50309aa] 0x401742d8: "mov x5, x9" x9=0x43f743d4 => x5=0x43f743d4
[07:17:13 587][libtiny.so 0x1742dc] [ec0309aa] 0x401742dc: "mov x12, x9" x9=0x43f743d4 => x12=0x43f743d4
[07:17:13 590][libtiny.so 0x1742e0] [ed0309aa] 0x401742e0: "mov x13, x9" x9=0x43f743d4 => x13=0x43f743d4
[07:17:13 591][libtiny.so 0x1742e4] [eb0309aa] 0x401742e4: "mov x11, x9" x9=0x43f743d4 => x11=0x43f743d4
[07:17:13 592][libtiny.so 0x1742e8] [f00309aa] 0x401742e8: "mov x16, x9" x9=0x43f743d4 => x16=0x43f743d4
[07:17:13 594][libtiny.so 0x1742ec] [e20309aa] 0x401742ec: "mov x2, x9" x9=0x43f743d4 => x2=0x43f743d4
[07:17:13 595][libtiny.so 0x1742f0] [f80309aa] 0x401742f0: "mov x24, x9" x9=0x43f743d4 => x24=0x43f743d4
[07:17:13 596][libtiny.so 0x1742f4] [f70309aa] 0x401742f4: "mov x23, x9" x9=0x43f743d4 => x23=0x43f743d4
[07:17:13 598][libtiny.so 0x1742f8] [e30309aa] 0x401742f8: "mov x3, x9" x9=0x43f743d4 => x3=0x43f743d4
[07:17:13 599][libtiny.so 0x1742fc] [e40309aa] 0x401742fc: "mov x4, x9" x9=0x43f743d4 => x4=0x43f743d4
[07:17:13 600][libtiny.so 0x174300] [fa0309aa] 0x40174300: "mov x26, x9" x9=0x43f743d4 => x26=0x43f743d4
[07:17:13 602][libtiny.so 0x174304] [fb0309aa] 0x40174304: "mov x27, x9" x9=0x43f743d4 => x27=0x43f743d4
[07:17:13 603][libtiny.so 0x174308] [f90309aa] 0x40174308: "mov x25, x9" x9=0x43f743d4 => x25=0x43f743d4
[07:17:13 604][libtiny.so 0x17430c] [fe0309aa] 0x4017430c: "mov x30, x9" x9=0x43f743d4 => x30=0x43f743d4
[07:17:13 606][libtiny.so 0x174310] [ea0309aa] 0x40174310: "mov x10, x9" x9=0x43f743d4 => x10=0x43f743d4
[07:17:13 606][libtiny.so 0x174314] [fc0309aa] 0x40174314: "mov x28, x9" x9=0x43f743d4 => x28=0x43f743d4
[07:17:13 608][libtiny.so 0x174318] [e70309aa] 0x40174318: "mov x7, x9" x9=0x43f743d4 => x7=0x43f743d4
[07:17:13 609][libtiny.so 0x17431c] [f50309aa] 0x4017431c: "mov x21, x9" x9=0x43f743d4 => x21=0x43f743d4
[07:17:13 610][libtiny.so 0x174320] [f40309aa] 0x40174320: "mov x20, x9" x9=0x43f743d4 => x20=0x43f743d4
[07:17:13 612][libtiny.so 0x174324] [f60309aa] 0x40174324: "mov x22, x9" x9=0x43f743d4 => x22=0x43f743d4
[07:17:13 613][libtiny.so 0x174328] [e10309aa] 0x40174328: "mov x1, x9" x9=0x43f743d4 => x1=0x43f743d4
[07:17:13 614][libtiny.so 0x17432c] [c0001fd6] 0x4017432c: "br x6" x6=0x4017aedc
[07:17:13 615][libtiny.so 0x17aedc] [e86f9292] 0x4017aedc: "movn x8, #0x937f" x8=0x43f743d4 => x8=0xffffffffffff6c80
[07:17:13 616][libtiny.so 0x17aee0] [0884bff2] 0x4017aee0: "movk x8, #0xfc20, lsl #16" x8=0xffffffffffff6c80 => x8=0xfffffffffc206c80
[07:17:13 618][libtiny.so 0x17aee4] [2801088b] 0x4017aee4: "add x8, x9, x8" x9=0x43f743d4 x8=0xfffffffffc206c80 => x8=0x4017b054
[07:17:13 619][libtiny.so 0x17aee8] [00011fd6] 0x4017aee8: "br x8" x8=0x4017b054
[07:17:13 620][libtiny.so 0x17b054] [e84300d1] 0x4017b054: "sub x8, sp, #0x10" sp=0xbfffc3e0 => x8=0xbfffc3d0
[07:17:13 621][libtiny.so 0x17b058] [1f010091] 0x4017b058: "mov sp, x8" x8=0xbfffc3d0 => sp=0xbfffc3d0
[07:17:13 622][libtiny.so 0x17b05c] [681e00f9] 0x4017b05c: "str x8, [x19, #0x38]" ; mem[WRITE] abs=0xbfffc418 x8=0xbfffc3d0 x19=0xbfffc3e0 => x8=0xbfffc3d0
[07:17:13 623][libtiny.so 0x17b060] [e84300d1] 0x4017b060: "sub x8, sp, #0x10" sp=0xbfffc3d0 => x8=0xbfffc3c0
[07:17:13 625][libtiny.so 0x17b064] [1f010091] 0x4017b064: "mov sp, x8" x8=0xbfffc3c0 => sp=0xbfffc3c0
[07:17:13 625][libtiny.so 0x17b068] [682200f9] 0x4017b068: "str x8, [x19, #0x40]" ; mem[WRITE] abs=0xbfffc420 x8=0xbfffc3c0 x19=0xbfffc3e0 => x8=0xbfffc3c0
[07:17:13 626][libtiny.so 0x17b06c] [e8c300d1] 0x4017b06c: "sub x8, sp, #0x30" sp=0xbfffc3c0 => x8=0xbfffc390
[07:17:13 627][libtiny.so 0x17b070] [1f010091] 0x4017b070: "mov sp, x8" x8=0xbfffc390 => sp=0xbfffc390
[07:17:13 629][libtiny.so 0x17b074] [682600f9] 0x4017b074: "str x8, [x19, #0x48]" ; mem[WRITE] abs=0xbfffc428 x8=0xbfffc390 x19=0xbfffc3e0 => x8=0xbfffc390
[07:17:13 630][libtiny.so 0x17b078] [e88300d1] 0x4017b078: "sub x8, sp, #0x20" sp=0xbfffc390 => x8=0xbfffc370
[07:17:13 631][libtiny.so 0x17b07c] [1f010091] 0x4017b07c: "mov sp, x8" x8=0xbfffc370 => sp=0xbfffc370
[07:17:13 631][libtiny.so 0x17b080] [682a00f9] 0x4017b080: "str x8, [x19, #0x50]" ; mem[WRITE] abs=0xbfffc430 x8=0xbfffc370 x19=0xbfffc3e0 => x8=0xbfffc370
[07:17:13 633][libtiny.so 0x17b084] [e88300d1] 0x4017b084: "sub x8, sp, #0x20" sp=0xbfffc370 => x8=0xbfffc350
[07:17:13 634][libtiny.so 0x17b088] [1f010091] 0x4017b088: "mov sp, x8" x8=0xbfffc350 => sp=0xbfffc350
[07:17:13 635][libtiny.so 0x17b08c] [682e00f9] 0x4017b08c: "str x8, [x19, #0x58]" ; mem[WRITE] abs=0xbfffc438 x8=0xbfffc350 x19=0xbfffc3e0 => x8=0xbfffc350
[07:17:13 636][libtiny.so 0x17b090] [e84300d1] 0x4017b090: "sub x8, sp, #0x10" sp=0xbfffc350 => x8=0xbfffc340
[07:17:13 637][libtiny.so 0x17b094] [1f010091] 0x4017b094: "mov sp, x8" x8=0xbfffc340 => sp=0xbfffc340
[07:17:13 637][libtiny.so 0x17b098] [683200f9] 0x4017b098: "str x8, [x19, #0x60]" ; mem[WRITE] abs=0xbfffc440 x8=0xbfffc340 x19=0xbfffc3e0 => x8=0xbfffc340
[07:17:13 644][libtiny.so 0x17b09c] [e84300d1] 0x4017b09c: "sub x8, sp, #0x10" sp=0xbfffc340 => x8=0xbfffc330
[07:17:13 646][libtiny.so 0x17b0a0] [1f010091] 0x4017b0a0: "mov sp, x8" x8=0xbfffc330 => sp=0xbfffc330
[07:17:13 652][libtiny.so 0x17b0a4] [683600f9] 0x4017b0a4: "str x8, [x19, #0x68]" ; mem[WRITE] abs=0xbfffc448 x8=0xbfffc330 x19=0xbfffc3e0 => x8=0xbfffc330
[07:17:13 654][libtiny.so 0x17b0a8] [e84300d1] 0x4017b0a8: "sub x8, sp, #0x10" sp=0xbfffc330 => x8=0xbfffc320
[07:17:13 655][libtiny.so 0x17b0ac] [1f010091] 0x4017b0ac: "mov sp, x8" x8=0xbfffc320 => sp=0xbfffc320
[07:17:13 658][libtiny.so 0x17b0b0] [683a00f9] 0x4017b0b0: "str x8, [x19, #0x70]" ; mem[WRITE] abs=0xbfffc450 x8=0xbfffc320 x19=0xbfffc3e0 => x8=0xbfffc320
[07:17:13 662][libtiny.so 0x17b0b4] [e88300d1] 0x4017b0b4: "sub x8, sp, #0x20" sp=0xbfffc320 => x8=0xbfffc300
[07:17:13 664][libtiny.so 0x17b0b8] [1f010091] 0x4017b0b8: "mov sp, x8" x8=0xbfffc300 => sp=0xbfffc300
[07:17:13 666][libtiny.so 0x17b0bc] [683e00f9] 0x4017b0bc: "str x8, [x19, #0x78]" ; mem[WRITE] abs=0xbfffc458 x8=0xbfffc300 x19=0xbfffc3e0 => x8=0xbfffc300
[07:17:13 669][libtiny.so 0x17b0c0] [e88300d1] 0x4017b0c0: "sub x8, sp, #0x20" sp=0xbfffc300 => x8=0xbfffc2e0
[07:17:13 670][libtiny.so 0x17b0c4] [1f010091] 0x4017b0c4: "mov sp, x8" x8=0xbfffc2e0 => sp=0xbfffc2e0
[07:17:13 674][libtiny.so 0x17b0c8] [684200f9] 0x4017b0c8: "str x8, [x19, #0x80]" ; mem[WRITE] abs=0xbfffc460 x8=0xbfffc2e0 x19=0xbfffc3e0 => x8=0xbfffc2e0
[07:17:13 677][libtiny.so 0x17b0cc] [e84300d1] 0x4017b0cc: "sub x8, sp, #0x10" sp=0xbfffc2e0 => x8=0xbfffc2d0
[07:17:13 679][libtiny.so 0x17b0d0] [1f010091] 0x4017b0d0: "mov sp, x8" x8=0xbfffc2d0 => sp=0xbfffc2d0
[07:17:13 680][libtiny.so 0x17b0d4] [684600f9] 0x4017b0d4: "str x8, [x19, #0x88]" ; mem[WRITE] abs=0xbfffc468 x8=0xbfffc2d0 x19=0xbfffc3e0 => x8=0xbfffc2d0
[07:17:13 681][libtiny.so 0x17b0d8] [e88300d1] 0x4017b0d8: "sub x8, sp, #0x20" sp=0xbfffc2d0 => x8=0xbfffc2b0
[07:17:13 683][libtiny.so 0x17b0dc] [1f010091] 0x4017b0dc: "mov sp, x8" x8=0xbfffc2b0 => sp=0xbfffc2b0
[07:17:13 684][libtiny.so 0x17b0e0] [684a00f9] 0x4017b0e0: "str x8, [x19, #0x90]" ; mem[WRITE] abs=0xbfffc470 x8=0xbfffc2b0 x19=0xbfffc3e0 => x8=0xbfffc2b0
[07:17:13 686][libtiny.so 0x17b0e4] [e84300d1] 0x4017b0e4: "sub x8, sp, #0x10" sp=0xbfffc2b0 => x8=0xbfffc2a0
[07:17:13 687][libtiny.so 0x17b0e8] [1f010091] 0x4017b0e8: "mov sp, x8" x8=0xbfffc2a0 => sp=0xbfffc2a0
[07:17:13 689][libtiny.so 0x17b0ec] [684e00f9] 0x4017b0ec: "str x8, [x19, #0x98]" ; mem[WRITE] abs=0xbfffc478 x8=0xbfffc2a0 x19=0xbfffc3e0 => x8=0xbfffc2a0
[07:17:13 690][libtiny.so 0x17b0f0] [e8c300d1] 0x4017b0f0: "sub x8, sp, #0x30" sp=0xbfffc2a0 => x8=0xbfffc270
[07:17:13 693][libtiny.so 0x17b0f4] [1f010091] 0x4017b0f4: "mov sp, x8" x8=0xbfffc270 => sp=0xbfffc270
[07:17:13 694][libtiny.so 0x17b0f8] [685200f9] 0x4017b0f8: "str x8, [x19, #0xa0]" ; mem[WRITE] abs=0xbfffc480 x8=0xbfffc270 x19=0xbfffc3e0 => x8=0xbfffc270
[07:17:13 695][libtiny.so 0x17b0fc] [e84300d1] 0x4017b0fc: "sub x8, sp, #0x10" sp=0xbfffc270 => x8=0xbfffc260
[07:17:13 697][libtiny.so 0x17b100] [1f010091] 0x4017b100: "mov sp, x8" x8=0xbfffc260 => sp=0xbfffc260
[07:17:13 698][libtiny.so 0x17b104] [685600f9] 0x4017b104: "str x8, [x19, #0xa8]" ; mem[WRITE] abs=0xbfffc488 x8=0xbfffc260 x19=0xbfffc3e0 => x8=0xbfffc260
[07:17:13 698][libtiny.so 0x17b108] [e88300d1] 0x4017b108: "sub x8, sp, #0x20" sp=0xbfffc260 => x8=0xbfffc240
[07:17:13 700][libtiny.so 0x17b10c] [1f010091] 0x4017b10c: "mov sp, x8" x8=0xbfffc240 => sp=0xbfffc240
[07:17:13 701][libtiny.so 0x17b110] [685a00f9] 0x4017b110: "str x8, [x19, #0xb0]" ; mem[WRITE] abs=0xbfffc490 x8=0xbfffc240 x19=0xbfffc3e0 => x8=0xbfffc240
[07:17:13 702][libtiny.so 0x17b114] [e88300d1] 0x4017b114: "sub x8, sp, #0x20" sp=0xbfffc240 => x8=0xbfffc220
[07:17:13 703][libtiny.so 0x17b118] [1f010091] 0x4017b118: "mov sp, x8" x8=0xbfffc220 => sp=0xbfffc220
[07:17:13 706][libtiny.so 0x17b11c] [685e00f9] 0x4017b11c: "str x8, [x19, #0xb8]" ; mem[WRITE] abs=0xbfffc498 x8=0xbfffc220 x19=0xbfffc3e0 => x8=0xbfffc220
[07:17:13 707][libtiny.so 0x17b120] [e84300d1] 0x4017b120: "sub x8, sp, #0x10" sp=0xbfffc220 => x8=0xbfffc210
[07:17:13 708][libtiny.so 0x17b124] [1f010091] 0x4017b124: "mov sp, x8" x8=0xbfffc210 => sp=0xbfffc210
[07:17:13 710][libtiny.so 0x17b128] [686200f9] 0x4017b128: "str x8, [x19, #0xc0]" ; mem[WRITE] abs=0xbfffc4a0 x8=0xbfffc210 x19=0xbfffc3e0 => x8=0xbfffc210
[07:17:13 711][libtiny.so 0x17b12c] [e84300d1] 0x4017b12c: "sub x8, sp, #0x10" sp=0xbfffc210 => x8=0xbfffc200
[07:17:13 713][libtiny.so 0x17b130] [1f010091] 0x4017b130: "mov sp, x8" x8=0xbfffc200 => sp=0xbfffc200
[07:17:13 714][libtiny.so 0x17b134] [686600f9] 0x4017b134: "str x8, [x19, #0xc8]" ; mem[WRITE] abs=0xbfffc4a8 x8=0xbfffc200 x19=0xbfffc3e0 => x8=0xbfffc200
[07:17:13 715][libtiny.so 0x17b138] [e84300d1] 0x4017b138: "sub x8, sp, #0x10" sp=0xbfffc200 => x8=0xbfffc1f0
[07:17:13 716][libtiny.so 0x17b13c] [1f010091] 0x4017b13c: "mov sp, x8" x8=0xbfffc1f0 => sp=0xbfffc1f0
[07:17:13 717][libtiny.so 0x17b140] [686a00f9] 0x4017b140: "str x8, [x19, #0xd0]" ; mem[WRITE] abs=0xbfffc4b0 x8=0xbfffc1f0 x19=0xbfffc3e0 => x8=0xbfffc1f0
[07:17:13 717][libtiny.so 0x17b144] [e84300d1] 0x4017b144: "sub x8, sp, #0x10" sp=0xbfffc1f0 => x8=0xbfffc1e0
[07:17:13 719][libtiny.so 0x17b148] [1f010091] 0x4017b148: "mov sp, x8" x8=0xbfffc1e0 => sp=0xbfffc1e0
[07:17:13 720][libtiny.so 0x17b14c] [686e00f9] 0x4017b14c: "str x8, [x19, #0xd8]" ; mem[WRITE] abs=0xbfffc4b8 x8=0xbfffc1e0 x19=0xbfffc3e0 => x8=0xbfffc1e0
[07:17:13 721][libtiny.so 0x17b150] [e84300d1] 0x4017b150: "sub x8, sp, #0x10" sp=0xbfffc1e0 => x8=0xbfffc1d0
[07:17:13 723][libtiny.so 0x17b154] [1f010091] 0x4017b154: "mov sp, x8" x8=0xbfffc1d0 => sp=0xbfffc1d0
[07:17:13 724][libtiny.so 0x17b158] [687200f9] 0x4017b158: "str x8, [x19, #0xe0]" ; mem[WRITE] abs=0xbfffc4c0 x8=0xbfffc1d0 x19=0xbfffc3e0 => x8=0xbfffc1d0
[07:17:13 726][libtiny.so 0x17b15c] [e88300d1] 0x4017b15c: "sub x8, sp, #0x20" sp=0xbfffc1d0 => x8=0xbfffc1b0
[07:17:13 727][libtiny.so 0x17b160] [1f010091] 0x4017b160: "mov sp, x8" x8=0xbfffc1b0 => sp=0xbfffc1b0
[07:17:13 728][libtiny.so 0x17b164] [687600f9] 0x4017b164: "str x8, [x19, #0xe8]" ; mem[WRITE] abs=0xbfffc4c8 x8=0xbfffc1b0 x19=0xbfffc3e0 => x8=0xbfffc1b0
[07:17:13 730][libtiny.so 0x17b168] [e88300d1] 0x4017b168: "sub x8, sp, #0x20" sp=0xbfffc1b0 => x8=0xbfffc190
[07:17:13 731][libtiny.so 0x17b16c] [1f010091] 0x4017b16c: "mov sp, x8" x8=0xbfffc190 => sp=0xbfffc190
[07:17:13 733][libtiny.so 0x17b170] [492d00b0] 0x4017b170: "adrp x9, #0x40724000" => x9=0x40724000
[07:17:13 734][libtiny.so 0x17b174] [8a769552] 0x4017b174: "movz w10, #0xabb4" w10=0x43f743d4 => w10=0xabb4
[07:17:13 735][libtiny.so 0x17b178] [ebfffff0] 0x4017b178: "adrp x11, #0x4017a000" => x11=0x4017a000
[07:17:13 736][libtiny.so 0x17b17c] [29c147f9] 0x4017b17c: "ldr x9, [x9, #0xf80]" ; mem[READ] abs=0x40724f80 x9=0x40724000 => x9=0x440410dc
[07:17:13 739][libtiny.so 0x17b180] [4a67a072] 0x4017b180: "movk w10, #0x33a, lsl #16" w10=0xabb4 => w10=0x33aabb4
[07:17:13 740][libtiny.so 0x17b184] [6b512191] 0x4017b184: "add x11, x11, #0x854" x11=0x4017a000 => x11=0x4017a854
[07:17:13 743][libtiny.so 0x17b188] [6a010a8b] 0x4017b188: "add x10, x11, x10" x11=0x4017a854 x10=0x33aabb4 => x10=0x43525408
[07:17:13 744][libtiny.so 0x17b18c] [0c358852] 0x4017b18c: "movz w12, #0x41a8" w12=0x43f743d4 => w12=0x41a8
[07:17:13 745][libtiny.so 0x17b190] [6b010a4b] 0x4017b190: "sub w11, w11, w10" w11=0x4017a854 w10=0x43525408 => w11=0xfcc5544c
[07:17:13 746][libtiny.so 0x17b194] [cce9bf72] 0x4017b194: "movk w12, #0xff4e, lsl #16" w12=0x41a8 => w12=0xff4e41a8
[07:17:13 749][libtiny.so 0x17b198] [6b010c0b] 0x4017b198: "add w11, w11, w12" w11=0xfcc5544c w12=0xff4e41a8 => w11=0xfc1395f4
[07:17:13 750][libtiny.so 0x17b19c] [2bc12b8b] 0x4017b19c: "add x11, x9, w11, sxtw" x9=0x440410dc w11=0xfc1395f4 => x11=0x4017a6d0
[07:17:13 752][libtiny.so 0x17b1a0] [687a00f9] 0x4017b1a0: "str x8, [x19, #0xf0]" ; mem[WRITE] abs=0xbfffc4d0 x8=0xbfffc190 x19=0xbfffc3e0 => x8=0xbfffc190
[07:17:13 753][libtiny.so 0x17b1a4] [e9030aaa] 0x4017b1a4: "mov x9, x10" x10=0x43525408 => x9=0x43525408
[07:17:13 753][libtiny.so 0x17b1a8] [60011fd6] 0x4017b1a8: "br x11" x11=0x4017a6d0
[07:17:13 756][libtiny.so 0x17a6d0] [68769592] 0x4017a6d0: "movn x8, #0xabb3" x8=0xbfffc190 => x8=0xffffffffffff544c
[07:17:13 758][libtiny.so 0x17a6d4] [a898bff2] 0x4017a6d4: "movk x8, #0xfcc5, lsl #16" x8=0xffffffffffff544c => x8=0xfffffffffcc5544c
[07:17:13 760][libtiny.so 0x17a6d8] [2801088b] 0x4017a6d8: "add x8, x9, x8" x9=0x43525408 x8=0xfffffffffcc5544c => x8=0x4017a854
[07:17:13 762][libtiny.so 0x17a6dc] [00011fd6] 0x4017a6dc: "br x8" x8=0x4017a854
[07:17:13 764][libtiny.so 0x17a854] [e84300d1] 0x4017a854: "sub x8, sp, #0x10" sp=0xbfffc190 => x8=0xbfffc180
[07:17:13 767][libtiny.so 0x17a858] [1f010091] 0x4017a858: "mov sp, x8" x8=0xbfffc180 => sp=0xbfffc180
[07:17:13 768][libtiny.so 0x17a85c] [687e00f9] 0x4017a85c: "str x8, [x19, #0xf8]" ; mem[WRITE] abs=0xbfffc4d8 x8=0xbfffc180 x19=0xbfffc3e0 => x8=0xbfffc180
[07:17:13 770][libtiny.so 0x17a860] [e84300d1] 0x4017a860: "sub x8, sp, #0x10" sp=0xbfffc180 => x8=0xbfffc170
[07:17:13 773][libtiny.so 0x17a864] [1f010091] 0x4017a864: "mov sp, x8" x8=0xbfffc170 => sp=0xbfffc170
[07:17:13 774][libtiny.so 0x17a868] [688200f9] 0x4017a868: "str x8, [x19, #0x100]" ; mem[WRITE] abs=0xbfffc4e0 x8=0xbfffc170 x19=0xbfffc3e0 => x8=0xbfffc170
[07:17:13 775][libtiny.so 0x17a86c] [e84300d1] 0x4017a86c: "sub x8, sp, #0x10" sp=0xbfffc170 => x8=0xbfffc160
[07:17:13 777][libtiny.so 0x17a870] [1f010091] 0x4017a870: "mov sp, x8" x8=0xbfffc160 => sp=0xbfffc160
[07:17:13 779][libtiny.so 0x17a874] [688600f9] 0x4017a874: "str x8, [x19, #0x108]" ; mem[WRITE] abs=0xbfffc4e8 x8=0xbfffc160 x19=0xbfffc3e0 => x8=0xbfffc160
[07:17:13 780][libtiny.so 0x17a878] [e88300d1] 0x4017a878: "sub x8, sp, #0x20" sp=0xbfffc160 => x8=0xbfffc140
[07:17:13 782][libtiny.so 0x17a87c] [1f010091] 0x4017a87c: "mov sp, x8" x8=0xbfffc140 => sp=0xbfffc140
[07:17:13 784][libtiny.so 0x17a880] [688a00f9] 0x4017a880: "str x8, [x19, #0x110]" ; mem[WRITE] abs=0xbfffc4f0 x8=0xbfffc140 x19=0xbfffc3e0 => x8=0xbfffc140
[07:17:13 786][libtiny.so 0x17a884] [e84300d1] 0x4017a884: "sub x8, sp, #0x10" sp=0xbfffc140 => x8=0xbfffc130
[07:17:13 787][libtiny.so 0x17a888] [1f010091] 0x4017a888: "mov sp, x8" x8=0xbfffc130 => sp=0xbfffc130
[07:17:13 789][libtiny.so 0x17a88c] [688e00f9] 0x4017a88c: "str x8, [x19, #0x118]" ; mem[WRITE] abs=0xbfffc4f8 x8=0xbfffc130 x19=0xbfffc3e0 => x8=0xbfffc130
[07:17:13 790][libtiny.so 0x17a890] [e84300d1] 0x4017a890: "sub x8, sp, #0x10" sp=0xbfffc130 => x8=0xbfffc120
[07:17:13 793][libtiny.so 0x17a894] [1f010091] 0x4017a894: "mov sp, x8" x8=0xbfffc120 => sp=0xbfffc120
[07:17:13 794][libtiny.so 0x17a898] [689200f9] 0x4017a898: "str x8, [x19, #0x120]" ; mem[WRITE] abs=0xbfffc500 x8=0xbfffc120 x19=0xbfffc3e0 => x8=0xbfffc120
[07:17:13 796][libtiny.so 0x17a89c] [e84300d1] 0x4017a89c: "sub x8, sp, #0x10" sp=0xbfffc120 => x8=0xbfffc110
[07:17:13 797][libtiny.so 0x17a8a0] [1f010091] 0x4017a8a0: "mov sp, x8" x8=0xbfffc110 => sp=0xbfffc110
[07:17:13 798][libtiny.so 0x17a8a4] [689600f9] 0x4017a8a4: "str x8, [x19, #0x128]" ; mem[WRITE] abs=0xbfffc508 x8=0xbfffc110 x19=0xbfffc3e0 => x8=0xbfffc110
[07:17:13 800][libtiny.so 0x17a8a8] [e88300d1] 0x4017a8a8: "sub x8, sp, #0x20" sp=0xbfffc110 => x8=0xbfffc0f0
[07:17:13 802][libtiny.so 0x17a8ac] [1f010091] 0x4017a8ac: "mov sp, x8" x8=0xbfffc0f0 => sp=0xbfffc0f0
[07:17:13 804][libtiny.so 0x17a8b0] [0a5f9f52] 0x4017a8b0: "movz w10, #0xfaf8" w10=0x43525408 => w10=0xfaf8
[07:17:13 806][libtiny.so 0x17a8b4] [cb0000d0] 0x4017a8b4: "adrp x11, #0x40194000" => x11=0x40194000
[07:17:13 807][libtiny.so 0x17a8b8] [492d00f0] 0x4017a8b8: "adrp x9, #0x40725000" => x9=0x40725000
[07:17:13 810][libtiny.so 0x17a8bc] [6afaa072] 0x4017a8bc: "movk w10, #0x7d3, lsl #16" w10=0xfaf8 => w10=0x7d3faf8
[07:17:13 811][libtiny.so 0x17a8c0] [6b010e91] 0x4017a8c0: "add x11, x11, #0x380" x11=0x40194000 => x11=0x40194380
[07:17:13 812][libtiny.so 0x17a8c4] [294d44f9] 0x4017a8c4: "ldr x9, [x9, #0x898]" ; mem[READ] abs=0x40725898 x9=0x40725000 => x9=0x440ad71c
[07:17:13 813][libtiny.so 0x17a8c8] [64010a8b] 0x4017a8c8: "add x4, x11, x10" x11=0x40194380 x10=0x7d3faf8 => x4=0x47ed3e78
[07:17:13 815][libtiny.so 0x17a8cc] [6a01044b] 0x4017a8cc: "sub w10, w11, w4" w11=0x40194380 w4=0x47ed3e78 => w10=0xf82c0508
[07:17:13 817][libtiny.so 0x17a8d0] [8bb09452] 0x4017a8d0: "movz w11, #0xa584" w11=0x40194380 => w11=0xa584
[07:17:13 818][libtiny.so 0x17a8d4] [2b7ca072] 0x4017a8d4: "movk w11, #0x3e1, lsl #16" w11=0xa584 => w11=0x3e1a584
[07:17:13 821][libtiny.so 0x17a8d8] [4a010b0b] 0x4017a8d8: "add w10, w10, w11" w10=0xf82c0508 w11=0x3e1a584 => w10=0xfc0daa8c
[07:17:13 822][libtiny.so 0x17a8dc] [29c12a8b] 0x4017a8dc: "add x9, x9, w10, sxtw" x9=0x440ad71c w10=0xfc0daa8c => x9=0x401881a8
[07:17:13 824][libtiny.so 0x17a8e0] [689a00f9] 0x4017a8e0: "str x8, [x19, #0x130]" ; mem[WRITE] abs=0xbfffc510 x8=0xbfffc0f0 x19=0xbfffc3e0 => x8=0xbfffc0f0
[07:17:13 825][libtiny.so 0x17a8e4] [20011fd6] 0x4017a8e4: "br x9" x9=0x401881a8
[07:17:13 826][libtiny.so 0x1881a8] [e82c00b0] 0x401881a8: "adrp x8, #0x40725000" => x8=0x40725000
[07:17:13 828][libtiny.so 0x1881ac] [084944f9] 0x401881ac: "ldr x8, [x8, #0x890]" ; mem[READ] abs=0x40725890 x8=0x40725000 => x8=0x43e28114
[07:17:13 829][libtiny.so 0x1881b0] [6ab48792] 0x401881b0: "movn x10, #0x3da3" x10=0xfc0daa8c => x10=0xffffffffffffc25c
[07:17:13 830][libtiny.so 0x1881b4] [69809d92] 0x401881b4: "movn x9, #0xec03" x9=0x401881a8 => x9=0xffffffffffff13fc
[07:17:13 833][libtiny.so 0x1881b8] [ca86bff2] 0x401881b8: "movk x10, #0xfc36, lsl #16" x10=0xffffffffffffc25c => x10=0xfffffffffc36c25c
[07:17:13 834][libtiny.so 0x1881bc] [8982bff2] 0x401881bc: "movk x9, #0xfc14, lsl #16" x9=0xffffffffffff13fc => x9=0xfffffffffc1413fc
[07:17:13 835][libtiny.so 0x1881c0] [08010a8b] 0x401881c0: "add x8, x8, x10" x8=0x43e28114 x10=0xfffffffffc36c25c => x8=0x40194370
[07:17:13 837][libtiny.so 0x1881c4] [8400098b] 0x401881c4: "add x4, x4, x9" x4=0x47ed3e78 x9=0xfffffffffc1413fc => x4=0x44015274
[07:17:13 840][libtiny.so 0x1881c8] [00011fd6] 0x401881c8: "br x8" x8=0x40194370
[07:17:13 841][libtiny.so 0x194370] [68de8192] 0x40194370: "movn x8, #0xef3" x8=0x40194370 => x8=0xfffffffffffff10c
[07:17:13 843][libtiny.so 0x194374] [e882bff2] 0x40194374: "movk x8, #0xfc17, lsl #16" x8=0xfffffffffffff10c => x8=0xfffffffffc17f10c
[07:17:13 845][libtiny.so 0x194378] [8800088b] 0x40194378: "add x8, x4, x8" x4=0x44015274 x8=0xfffffffffc17f10c => x8=0x40194380
[07:17:13 846][libtiny.so 0x19437c] [00011fd6] 0x4019437c: "br x8" x8=0x40194380
[07:17:13 847][libtiny.so 0x194380] [e84300d1] 0x40194380: "sub x8, sp, #0x10" sp=0xbfffc0f0 => x8=0xbfffc0e0
[07:17:13 849][libtiny.so 0x194384] [1f010091] 0x40194384: "mov sp, x8" x8=0xbfffc0e0 => sp=0xbfffc0e0
[07:17:13 849][libtiny.so 0x194388] [689e00f9] 0x40194388: "str x8, [x19, #0x138]" ; mem[WRITE] abs=0xbfffc518 x8=0xbfffc0e0 x19=0xbfffc3e0 => x8=0xbfffc0e0
[07:17:13 850][libtiny.so 0x19438c] [e88300d1] 0x4019438c: "sub x8, sp, #0x20" sp=0xbfffc0e0 => x8=0xbfffc0c0
[07:17:13 851][libtiny.so 0x194390] [1f010091] 0x40194390: "mov sp, x8" x8=0xbfffc0c0 => sp=0xbfffc0c0
[07:17:13 854][libtiny.so 0x194394] [68a200f9] 0x40194394: "str x8, [x19, #0x140]" ; mem[WRITE] abs=0xbfffc520 x8=0xbfffc0c0 x19=0xbfffc3e0 => x8=0xbfffc0c0
[07:17:13 856][libtiny.so 0x194398] [e84300d1] 0x40194398: "sub x8, sp, #0x10" sp=0xbfffc0c0 => x8=0xbfffc0b0
[07:17:13 857][libtiny.so 0x19439c] [1f010091] 0x4019439c: "mov sp, x8" x8=0xbfffc0b0 => sp=0xbfffc0b0
[07:17:13 858][libtiny.so 0x1943a0] [68a600f9] 0x401943a0: "str x8, [x19, #0x148]" ; mem[WRITE] abs=0xbfffc528 x8=0xbfffc0b0 x19=0xbfffc3e0 => x8=0xbfffc0b0
[07:17:13 860][libtiny.so 0x1943a4] [e84300d1] 0x401943a4: "sub x8, sp, #0x10" sp=0xbfffc0b0 => x8=0xbfffc0a0
[07:17:13 862][libtiny.so 0x1943a8] [1f010091] 0x401943a8: "mov sp, x8" x8=0xbfffc0a0 => sp=0xbfffc0a0
[07:17:13 864][libtiny.so 0x1943ac] [68aa00f9] 0x401943ac: "str x8, [x19, #0x150]" ; mem[WRITE] abs=0xbfffc530 x8=0xbfffc0a0 x19=0xbfffc3e0 => x8=0xbfffc0a0
[07:17:13 867][libtiny.so 0x1943b0] [e84300d1] 0x401943b0: "sub x8, sp, #0x10" sp=0xbfffc0a0 => x8=0xbfffc090
[07:17:13 869][libtiny.so 0x1943b4] [1f010091] 0x401943b4: "mov sp, x8" x8=0xbfffc090 => sp=0xbfffc090
[07:17:13 872][libtiny.so 0x1943b8] [68ae00f9] 0x401943b8: "str x8, [x19, #0x158]" ; mem[WRITE] abs=0xbfffc538 x8=0xbfffc090 x19=0xbfffc3e0 => x8=0xbfffc090
[07:17:13 874][libtiny.so 0x1943bc] [e84300d1] 0x401943bc: "sub x8, sp, #0x10" sp=0xbfffc090 => x8=0xbfffc080
[07:17:13 875][libtiny.so 0x1943c0] [1f010091] 0x401943c0: "mov sp, x8" x8=0xbfffc080 => sp=0xbfffc080
[07:17:13 877][libtiny.so 0x1943c4] [68b200f9] 0x401943c4: "str x8, [x19, #0x160]" ; mem[WRITE] abs=0xbfffc540 x8=0xbfffc080 x19=0xbfffc3e0 => x8=0xbfffc080
[07:17:13 878][libtiny.so 0x1943c8] [e84300d1] 0x401943c8: "sub x8, sp, #0x10" sp=0xbfffc080 => x8=0xbfffc070
[07:17:13 880][libtiny.so 0x1943cc] [1f010091] 0x401943cc: "mov sp, x8" x8=0xbfffc070 => sp=0xbfffc070
[07:17:13 881][libtiny.so 0x1943d0] [68b600f9] 0x401943d0: "str x8, [x19, #0x168]" ; mem[WRITE] abs=0xbfffc548 x8=0xbfffc070 x19=0xbfffc3e0 => x8=0xbfffc070
[07:17:13 883][libtiny.so 0x1943d4] [e84300d1] 0x401943d4: "sub x8, sp, #0x10" sp=0xbfffc070 => x8=0xbfffc060
[07:17:13 885][libtiny.so 0x1943d8] [1f010091] 0x401943d8: "mov sp, x8" x8=0xbfffc060 => sp=0xbfffc060
[07:17:13 886][libtiny.so 0x1943dc] [68ba00f9] 0x401943dc: "str x8, [x19, #0x170]" ; mem[WRITE] abs=0xbfffc550 x8=0xbfffc060 x19=0xbfffc3e0 => x8=0xbfffc060
[07:17:13 888][libtiny.so 0x1943e0] [e84300d1] 0x401943e0: "sub x8, sp, #0x10" sp=0xbfffc060 => x8=0xbfffc050
[07:17:13 889][libtiny.so 0x1943e4] [1f010091] 0x401943e4: "mov sp, x8" x8=0xbfffc050 => sp=0xbfffc050
[07:17:13 891][libtiny.so 0x1943e8] [68be00f9] 0x401943e8: "str x8, [x19, #0x178]" ; mem[WRITE] abs=0xbfffc558 x8=0xbfffc050 x19=0xbfffc3e0 => x8=0xbfffc050
[07:17:13 893][libtiny.so 0x1943ec] [e84300d1] 0x401943ec: "sub x8, sp, #0x10" sp=0xbfffc050 => x8=0xbfffc040
[07:17:13 894][libtiny.so 0x1943f0] [1f010091] 0x401943f0: "mov sp, x8" x8=0xbfffc040 => sp=0xbfffc040
[07:17:13 896][libtiny.so 0x1943f4] [68c200f9] 0x401943f4: "str x8, [x19, #0x180]" ; mem[WRITE] abs=0xbfffc560 x8=0xbfffc040 x19=0xbfffc3e0 => x8=0xbfffc040
[07:17:13 896][libtiny.so 0x1943f8] [e84300d1] 0x401943f8: "sub x8, sp, #0x10" sp=0xbfffc040 => x8=0xbfffc030
[07:17:13 898][libtiny.so 0x1943fc] [1f010091] 0x401943fc: "mov sp, x8" x8=0xbfffc030 => sp=0xbfffc030
[07:17:13 899][libtiny.so 0x194400] [68c600f9] 0x40194400: "str x8, [x19, #0x188]" ; mem[WRITE] abs=0xbfffc568 x8=0xbfffc030 x19=0xbfffc3e0 => x8=0xbfffc030
[07:17:13 900][libtiny.so 0x194404] [e84300d1] 0x40194404: "sub x8, sp, #0x10" sp=0xbfffc030 => x8=0xbfffc020
[07:17:13 902][libtiny.so 0x194408] [1f010091] 0x40194408: "mov sp, x8" x8=0xbfffc020 => sp=0xbfffc020
[07:17:13 902][libtiny.so 0x19440c] [68ca00f9] 0x4019440c: "str x8, [x19, #0x190]" ; mem[WRITE] abs=0xbfffc570 x8=0xbfffc020 x19=0xbfffc3e0 => x8=0xbfffc020
[07:17:13 903][libtiny.so 0x194410] [e84300d1] 0x40194410: "sub x8, sp, #0x10" sp=0xbfffc020 => x8=0xbfffc010
[07:17:13 904][libtiny.so 0x194414] [1f010091] 0x40194414: "mov sp, x8" x8=0xbfffc010 => sp=0xbfffc010
[07:17:13 905][libtiny.so 0x194418] [68ce00f9] 0x40194418: "str x8, [x19, #0x198]" ; mem[WRITE] abs=0xbfffc578 x8=0xbfffc010 x19=0xbfffc3e0 => x8=0xbfffc010
[07:17:13 906][libtiny.so 0x19441c] [e84301d1] 0x4019441c: "sub x8, sp, #0x50" sp=0xbfffc010 => x8=0xbfffbfc0
[07:17:13 907][libtiny.so 0x194420] [1f010091] 0x40194420: "mov sp, x8" x8=0xbfffbfc0 => sp=0xbfffbfc0
[07:17:13 908][libtiny.so 0x194424] [68d200f9] 0x40194424: "str x8, [x19, #0x1a0]" ; mem[WRITE] abs=0xbfffc580 x8=0xbfffbfc0 x19=0xbfffc3e0 => x8=0xbfffbfc0
[07:17:13 909][libtiny.so 0x194428] [e84300d1] 0x40194428: "sub x8, sp, #0x10" sp=0xbfffbfc0 => x8=0xbfffbfb0
[07:17:13 911][libtiny.so 0x19442c] [1f010091] 0x4019442c: "mov sp, x8" x8=0xbfffbfb0 => sp=0xbfffbfb0
[07:17:13 912][libtiny.so 0x194430] [68d600f9] 0x40194430: "str x8, [x19, #0x1a8]" ; mem[WRITE] abs=0xbfffc588 x8=0xbfffbfb0 x19=0xbfffc3e0 => x8=0xbfffbfb0
[07:17:13 913][libtiny.so 0x194434] [e84300d1] 0x40194434: "sub x8, sp, #0x10" sp=0xbfffbfb0 => x8=0xbfffbfa0
[07:17:13 915][libtiny.so 0x194438] [1f010091] 0x40194438: "mov sp, x8" x8=0xbfffbfa0 => sp=0xbfffbfa0
[07:17:13 918][libtiny.so 0x19443c] [68da00f9] 0x4019443c: "str x8, [x19, #0x1b0]" ; mem[WRITE] abs=0xbfffc590 x8=0xbfffbfa0 x19=0xbfffc3e0 => x8=0xbfffbfa0
[07:17:13 920][libtiny.so 0x194440] [e84300d1] 0x40194440: "sub x8, sp, #0x10" sp=0xbfffbfa0 => x8=0xbfffbf90
[07:17:13 921][libtiny.so 0x194444] [1f010091] 0x40194444: "mov sp, x8" x8=0xbfffbf90 => sp=0xbfffbf90
[07:17:13 922][libtiny.so 0x194448] [68de00f9] 0x40194448: "str x8, [x19, #0x1b8]" ; mem[WRITE] abs=0xbfffc598 x8=0xbfffbf90 x19=0xbfffc3e0 => x8=0xbfffbf90
[07:17:13 926][libtiny.so 0x19444c] [e84300d1] 0x4019444c: "sub x8, sp, #0x10" sp=0xbfffbf90 => x8=0xbfffbf80
[07:17:13 932][libtiny.so 0x194450] [1f010091] 0x40194450: "mov sp, x8" x8=0xbfffbf80 => sp=0xbfffbf80
[07:17:13 933][libtiny.so 0x194454] [68e200f9] 0x40194454: "str x8, [x19, #0x1c0]" ; mem[WRITE] abs=0xbfffc5a0 x8=0xbfffbf80 x19=0xbfffc3e0 => x8=0xbfffbf80
[07:17:13 935][libtiny.so 0x194458] [e88300d1] 0x40194458: "sub x8, sp, #0x20" sp=0xbfffbf80 => x8=0xbfffbf60
[07:17:13 937][libtiny.so 0x19445c] [1f010091] 0x4019445c: "mov sp, x8" x8=0xbfffbf60 => sp=0xbfffbf60
[07:17:13 938][libtiny.so 0x194460] [68e600f9] 0x40194460: "str x8, [x19, #0x1c8]" ; mem[WRITE] abs=0xbfffc5a8 x8=0xbfffbf60 x19=0xbfffc3e0 => x8=0xbfffbf60
[07:17:13 940][libtiny.so 0x194464] [e88300d1] 0x40194464: "sub x8, sp, #0x20" sp=0xbfffbf60 => x8=0xbfffbf40
[07:17:13 940][libtiny.so 0x194468] [1f010091] 0x40194468: "mov sp, x8" x8=0xbfffbf40 => sp=0xbfffbf40
[07:17:13 941][libtiny.so 0x19446c] [68ea00f9] 0x4019446c: "str x8, [x19, #0x1d0]" ; mem[WRITE] abs=0xbfffc5b0 x8=0xbfffbf40 x19=0xbfffc3e0 => x8=0xbfffbf40
[07:17:13 943][libtiny.so 0x194470] [e88300d1] 0x40194470: "sub x8, sp, #0x20" sp=0xbfffbf40 => x8=0xbfffbf20
[07:17:13 944][libtiny.so 0x194474] [1f010091] 0x40194474: "mov sp, x8" x8=0xbfffbf20 => sp=0xbfffbf20
[07:17:13 945][libtiny.so 0x194478] [68ee00f9] 0x40194478: "str x8, [x19, #0x1d8]" ; mem[WRITE] abs=0xbfffc5b8 x8=0xbfffbf20 x19=0xbfffc3e0 => x8=0xbfffbf20
[07:17:13 947][libtiny.so 0x19447c] [e88300d1] 0x4019447c: "sub x8, sp, #0x20" sp=0xbfffbf20 => x8=0xbfffbf00
[07:17:13 948][libtiny.so 0x194480] [1f010091] 0x40194480: "mov sp, x8" x8=0xbfffbf00 => sp=0xbfffbf00
[07:17:13 949][libtiny.so 0x194484] [68f200f9] 0x40194484: "str x8, [x19, #0x1e0]" ; mem[WRITE] abs=0xbfffc5c0 x8=0xbfffbf00 x19=0xbfffc3e0 => x8=0xbfffbf00
[07:17:13 949][libtiny.so 0x194488] [e88300d1] 0x40194488: "sub x8, sp, #0x20" sp=0xbfffbf00 => x8=0xbfffbee0
[07:17:13 950][libtiny.so 0x19448c] [1f010091] 0x4019448c: "mov sp, x8" x8=0xbfffbee0 => sp=0xbfffbee0
[07:17:13 951][libtiny.so 0x194490] [68f600f9] 0x40194490: "str x8, [x19, #0x1e8]" ; mem[WRITE] abs=0xbfffc5c8 x8=0xbfffbee0 x19=0xbfffc3e0 => x8=0xbfffbee0
[07:17:13 953][libtiny.so 0x194494] [e88300d1] 0x40194494: "sub x8, sp, #0x20" sp=0xbfffbee0 => x8=0xbfffbec0
[07:17:13 953][libtiny.so 0x194498] [1f010091] 0x40194498: "mov sp, x8" x8=0xbfffbec0 => sp=0xbfffbec0
[07:17:13 954][libtiny.so 0x19449c] [68fa00f9] 0x4019449c: "str x8, [x19, #0x1f0]" ; mem[WRITE] abs=0xbfffc5d0 x8=0xbfffbec0 x19=0xbfffc3e0 => x8=0xbfffbec0
[07:17:13 955][libtiny.so 0x1944a0] [e88300d1] 0x401944a0: "sub x8, sp, #0x20" sp=0xbfffbec0 => x8=0xbfffbea0
[07:17:13 956][libtiny.so 0x1944a4] [1f010091] 0x401944a4: "mov sp, x8" x8=0xbfffbea0 => sp=0xbfffbea0
[07:17:13 956][libtiny.so 0x1944a8] [68fe00f9] 0x401944a8: "str x8, [x19, #0x1f8]" ; mem[WRITE] abs=0xbfffc5d8 x8=0xbfffbea0 x19=0xbfffc3e0 => x8=0xbfffbea0
[07:17:13 958][libtiny.so 0x1944ac] [e88300d1] 0x401944ac: "sub x8, sp, #0x20" sp=0xbfffbea0 => x8=0xbfffbe80
[07:17:13 959][libtiny.so 0x1944b0] [1f010091] 0x401944b0: "mov sp, x8" x8=0xbfffbe80 => sp=0xbfffbe80
[07:17:13 960][libtiny.so 0x1944b4] [680201f9] 0x401944b4: "str x8, [x19, #0x200]" ; mem[WRITE] abs=0xbfffc5e0 x8=0xbfffbe80 x19=0xbfffc3e0 => x8=0xbfffbe80
[07:17:13 961][libtiny.so 0x1944b8] [e84300d1] 0x401944b8: "sub x8, sp, #0x10" sp=0xbfffbe80 => x8=0xbfffbe70
[07:17:13 963][libtiny.so 0x1944bc] [1f010091] 0x401944bc: "mov sp, x8" x8=0xbfffbe70 => sp=0xbfffbe70
[07:17:13 963][libtiny.so 0x1944c0] [680601f9] 0x401944c0: "str x8, [x19, #0x208]" ; mem[WRITE] abs=0xbfffc5e8 x8=0xbfffbe70 x19=0xbfffc3e0 => x8=0xbfffbe70
[07:17:13 964][libtiny.so 0x1944c4] [e84300d1] 0x401944c4: "sub x8, sp, #0x10" sp=0xbfffbe70 => x8=0xbfffbe60
[07:17:13 966][libtiny.so 0x1944c8] [1f010091] 0x401944c8: "mov sp, x8" x8=0xbfffbe60 => sp=0xbfffbe60
[07:17:13 967][libtiny.so 0x1944cc] [680a01f9] 0x401944cc: "str x8, [x19, #0x210]" ; mem[WRITE] abs=0xbfffc5f0 x8=0xbfffbe60 x19=0xbfffc3e0 => x8=0xbfffbe60
[07:17:13 967][libtiny.so 0x1944d0] [e84300d1] 0x401944d0: "sub x8, sp, #0x10" sp=0xbfffbe60 => x8=0xbfffbe50
[07:17:13 968][libtiny.so 0x1944d4] [1f010091] 0x401944d4: "mov sp, x8" x8=0xbfffbe50 => sp=0xbfffbe50
[07:17:13 969][libtiny.so 0x1944d8] [680e01f9] 0x401944d8: "str x8, [x19, #0x218]" ; mem[WRITE] abs=0xbfffc5f8 x8=0xbfffbe50 x19=0xbfffc3e0 => x8=0xbfffbe50
[07:17:13 970][libtiny.so 0x1944dc] [e84300d1] 0x401944dc: "sub x8, sp, #0x10" sp=0xbfffbe50 => x8=0xbfffbe40
[07:17:13 971][libtiny.so 0x1944e0] [1f010091] 0x401944e0: "mov sp, x8" x8=0xbfffbe40 => sp=0xbfffbe40
[07:17:13 972][libtiny.so 0x1944e4] [681201f9] 0x401944e4: "str x8, [x19, #0x220]" ; mem[WRITE] abs=0xbfffc600 x8=0xbfffbe40 x19=0xbfffc3e0 => x8=0xbfffbe40
[07:17:13 973][libtiny.so 0x1944e8] [e84300d1] 0x401944e8: "sub x8, sp, #0x10" sp=0xbfffbe40 => x8=0xbfffbe30
[07:17:13 974][libtiny.so 0x1944ec] [1f010091] 0x401944ec: "mov sp, x8" x8=0xbfffbe30 => sp=0xbfffbe30
[07:17:13 975][libtiny.so 0x1944f0] [681601f9] 0x401944f0: "str x8, [x19, #0x228]" ; mem[WRITE] abs=0xbfffc608 x8=0xbfffbe30 x19=0xbfffc3e0 => x8=0xbfffbe30
[07:17:13 976][libtiny.so 0x1944f4] [e84300d1] 0x401944f4: "sub x8, sp, #0x10" sp=0xbfffbe30 => x8=0xbfffbe20
[07:17:13 977][libtiny.so 0x1944f8] [1f010091] 0x401944f8: "mov sp, x8" x8=0xbfffbe20 => sp=0xbfffbe20
[07:17:13 978][libtiny.so 0x1944fc] [681a01f9] 0x401944fc: "str x8, [x19, #0x230]" ; mem[WRITE] abs=0xbfffc610 x8=0xbfffbe20 x19=0xbfffc3e0 => x8=0xbfffbe20
[07:17:13 980][libtiny.so 0x194500] [e84300d1] 0x40194500: "sub x8, sp, #0x10" sp=0xbfffbe20 => x8=0xbfffbe10
[07:17:13 981][libtiny.so 0x194504] [1f010091] 0x40194504: "mov sp, x8" x8=0xbfffbe10 => sp=0xbfffbe10
[07:17:13 982][libtiny.so 0x194508] [681e01f9] 0x40194508: "str x8, [x19, #0x238]" ; mem[WRITE] abs=0xbfffc618 x8=0xbfffbe10 x19=0xbfffc3e0 => x8=0xbfffbe10
[07:17:13 982][libtiny.so 0x19450c] [e84300d1] 0x4019450c: "sub x8, sp, #0x10" sp=0xbfffbe10 => x8=0xbfffbe00
[07:17:13 983][libtiny.so 0x194510] [1f010091] 0x40194510: "mov sp, x8" x8=0xbfffbe00 => sp=0xbfffbe00
[07:17:13 984][libtiny.so 0x194514] [682201f9] 0x40194514: "str x8, [x19, #0x240]" ; mem[WRITE] abs=0xbfffc620 x8=0xbfffbe00 x19=0xbfffc3e0 => x8=0xbfffbe00
[07:17:13 985][libtiny.so 0x194518] [e84300d1] 0x40194518: "sub x8, sp, #0x10" sp=0xbfffbe00 => x8=0xbfffbdf0
[07:17:13 986][libtiny.so 0x19451c] [1f010091] 0x4019451c: "mov sp, x8" x8=0xbfffbdf0 => sp=0xbfffbdf0
[07:17:13 987][libtiny.so 0x194520] [682601f9] 0x40194520: "str x8, [x19, #0x248]" ; mem[WRITE] abs=0xbfffc628 x8=0xbfffbdf0 x19=0xbfffc3e0 => x8=0xbfffbdf0
[07:17:13 987][libtiny.so 0x194524] [e84300d1] 0x40194524: "sub x8, sp, #0x10" sp=0xbfffbdf0 => x8=0xbfffbde0
[07:17:13 989][libtiny.so 0x194528] [1f010091] 0x40194528: "mov sp, x8" x8=0xbfffbde0 => sp=0xbfffbde0
[07:17:13 989][libtiny.so 0x19452c] [682a01f9] 0x4019452c: "str x8, [x19, #0x250]" ; mem[WRITE] abs=0xbfffc630 x8=0xbfffbde0 x19=0xbfffc3e0 => x8=0xbfffbde0
[07:17:13 991][libtiny.so 0x194530] [e84300d1] 0x40194530: "sub x8, sp, #0x10" sp=0xbfffbde0 => x8=0xbfffbdd0
[07:17:13 992][libtiny.so 0x194534] [1f010091] 0x40194534: "mov sp, x8" x8=0xbfffbdd0 => sp=0xbfffbdd0
[07:17:13 992][libtiny.so 0x194538] [682e01f9] 0x40194538: "str x8, [x19, #0x258]" ; mem[WRITE] abs=0xbfffc638 x8=0xbfffbdd0 x19=0xbfffc3e0 => x8=0xbfffbdd0
[07:17:13 994][libtiny.so 0x19453c] [e84300d1] 0x4019453c: "sub x8, sp, #0x10" sp=0xbfffbdd0 => x8=0xbfffbdc0
[07:17:13 995][libtiny.so 0x194540] [1f010091] 0x40194540: "mov sp, x8" x8=0xbfffbdc0 => sp=0xbfffbdc0
[07:17:13 996][libtiny.so 0x194544] [683201f9] 0x40194544: "str x8, [x19, #0x260]" ; mem[WRITE] abs=0xbfffc640 x8=0xbfffbdc0 x19=0xbfffc3e0 => x8=0xbfffbdc0
[07:17:13 996][libtiny.so 0x194548] [e84300d1] 0x40194548: "sub x8, sp, #0x10" sp=0xbfffbdc0 => x8=0xbfffbdb0
[07:17:13 997][libtiny.so 0x19454c] [1f010091] 0x4019454c: "mov sp, x8" x8=0xbfffbdb0 => sp=0xbfffbdb0
[07:17:13 998][libtiny.so 0x194550] [683601f9] 0x40194550: "str x8, [x19, #0x268]" ; mem[WRITE] abs=0xbfffc648 x8=0xbfffbdb0 x19=0xbfffc3e0 => x8=0xbfffbdb0
[07:17:13 999][libtiny.so 0x194554] [e84300d1] 0x40194554: "sub x8, sp, #0x10" sp=0xbfffbdb0 => x8=0xbfffbda0
[07:17:14 000][libtiny.so 0x194558] [1f010091] 0x40194558: "mov sp, x8" x8=0xbfffbda0 => sp=0xbfffbda0
[07:17:14 000][libtiny.so 0x19455c] [683a01f9] 0x4019455c: "str x8, [x19, #0x270]" ; mem[WRITE] abs=0xbfffc650 x8=0xbfffbda0 x19=0xbfffc3e0 => x8=0xbfffbda0
[07:17:14 001][libtiny.so 0x194560] [e84300d1] 0x40194560: "sub x8, sp, #0x10" sp=0xbfffbda0 => x8=0xbfffbd90
[07:17:14 002][libtiny.so 0x194564] [1f010091] 0x40194564: "mov sp, x8" x8=0xbfffbd90 => sp=0xbfffbd90
[07:17:14 002][libtiny.so 0x194568] [683e01f9] 0x40194568: "str x8, [x19, #0x278]" ; mem[WRITE] abs=0xbfffc658 x8=0xbfffbd90 x19=0xbfffc3e0 => x8=0xbfffbd90
[07:17:14 004][libtiny.so 0x19456c] [e84300d1] 0x4019456c: "sub x8, sp, #0x10" sp=0xbfffbd90 => x8=0xbfffbd80
[07:17:14 005][libtiny.so 0x194570] [1f010091] 0x40194570: "mov sp, x8" x8=0xbfffbd80 => sp=0xbfffbd80
[07:17:14 006][libtiny.so 0x194574] [684201f9] 0x40194574: "str x8, [x19, #0x280]" ; mem[WRITE] abs=0xbfffc660 x8=0xbfffbd80 x19=0xbfffc3e0 => x8=0xbfffbd80
[07:17:14 006][libtiny.so 0x194578] [e84300d1] 0x40194578: "sub x8, sp, #0x10" sp=0xbfffbd80 => x8=0xbfffbd70
[07:17:14 008][libtiny.so 0x19457c] [1f010091] 0x4019457c: "mov sp, x8" x8=0xbfffbd70 => sp=0xbfffbd70
[07:17:14 009][libtiny.so 0x194580] [684601f9] 0x40194580: "str x8, [x19, #0x288]" ; mem[WRITE] abs=0xbfffc668 x8=0xbfffbd70 x19=0xbfffc3e0 => x8=0xbfffbd70
[07:17:14 010][libtiny.so 0x194584] [e84300d1] 0x40194584: "sub x8, sp, #0x10" sp=0xbfffbd70 => x8=0xbfffbd60
[07:17:14 011][libtiny.so 0x194588] [1f010091] 0x40194588: "mov sp, x8" x8=0xbfffbd60 => sp=0xbfffbd60
[07:17:14 011][libtiny.so 0x19458c] [684a01f9] 0x4019458c: "str x8, [x19, #0x290]" ; mem[WRITE] abs=0xbfffc670 x8=0xbfffbd60 x19=0xbfffc3e0 => x8=0xbfffbd60
[07:17:14 012][libtiny.so 0x194590] [e84300d1] 0x40194590: "sub x8, sp, #0x10" sp=0xbfffbd60 => x8=0xbfffbd50
[07:17:14 013][libtiny.so 0x194594] [1f010091] 0x40194594: "mov sp, x8" x8=0xbfffbd50 => sp=0xbfffbd50
[07:17:14 014][libtiny.so 0x194598] [684e01f9] 0x40194598: "str x8, [x19, #0x298]" ; mem[WRITE] abs=0xbfffc678 x8=0xbfffbd50 x19=0xbfffc3e0 => x8=0xbfffbd50
[07:17:14 014][libtiny.so 0x19459c] [e84300d1] 0x4019459c: "sub x8, sp, #0x10" sp=0xbfffbd50 => x8=0xbfffbd40
[07:17:14 016][libtiny.so 0x1945a0] [1f010091] 0x401945a0: "mov sp, x8" x8=0xbfffbd40 => sp=0xbfffbd40
[07:17:14 016][libtiny.so 0x1945a4] [685201f9] 0x401945a4: "str x8, [x19, #0x2a0]" ; mem[WRITE] abs=0xbfffc680 x8=0xbfffbd40 x19=0xbfffc3e0 => x8=0xbfffbd40
[07:17:14 017][libtiny.so 0x1945a8] [e88300d1] 0x401945a8: "sub x8, sp, #0x20" sp=0xbfffbd40 => x8=0xbfffbd20
[07:17:14 018][libtiny.so 0x1945ac] [1f010091] 0x401945ac: "mov sp, x8" x8=0xbfffbd20 => sp=0xbfffbd20
[07:17:14 019][libtiny.so 0x1945b0] [685601f9] 0x401945b0: "str x8, [x19, #0x2a8]" ; mem[WRITE] abs=0xbfffc688 x8=0xbfffbd20 x19=0xbfffc3e0 => x8=0xbfffbd20
[07:17:14 020][libtiny.so 0x1945b4] [e88300d1] 0x401945b4: "sub x8, sp, #0x20" sp=0xbfffbd20 => x8=0xbfffbd00
[07:17:14 020][libtiny.so 0x1945b8] [1f010091] 0x401945b8: "mov sp, x8" x8=0xbfffbd00 => sp=0xbfffbd00
[07:17:14 021][libtiny.so 0x1945bc] [685a01f9] 0x401945bc: "str x8, [x19, #0x2b0]" ; mem[WRITE] abs=0xbfffc690 x8=0xbfffbd00 x19=0xbfffc3e0 => x8=0xbfffbd00
[07:17:14 023][libtiny.so 0x1945c0] [e88300d1] 0x401945c0: "sub x8, sp, #0x20" sp=0xbfffbd00 => x8=0xbfffbce0
[07:17:14 023][libtiny.so 0x1945c4] [1f010091] 0x401945c4: "mov sp, x8" x8=0xbfffbce0 => sp=0xbfffbce0
[07:17:14 024][libtiny.so 0x1945c8] [685e01f9] 0x401945c8: "str x8, [x19, #0x2b8]" ; mem[WRITE] abs=0xbfffc698 x8=0xbfffbce0 x19=0xbfffc3e0 => x8=0xbfffbce0
[07:17:14 025][libtiny.so 0x1945cc] [e84301d1] 0x401945cc: "sub x8, sp, #0x50" sp=0xbfffbce0 => x8=0xbfffbc90
[07:17:14 026][libtiny.so 0x1945d0] [1f010091] 0x401945d0: "mov sp, x8" x8=0xbfffbc90 => sp=0xbfffbc90
[07:17:14 026][libtiny.so 0x1945d4] [686201f9] 0x401945d4: "str x8, [x19, #0x2c0]" ; mem[WRITE] abs=0xbfffc6a0 x8=0xbfffbc90 x19=0xbfffc3e0 => x8=0xbfffbc90
[07:17:14 027][libtiny.so 0x1945d8] [e88300d1] 0x401945d8: "sub x8, sp, #0x20" sp=0xbfffbc90 => x8=0xbfffbc70
[07:17:14 027][libtiny.so 0x1945dc] [1f010091] 0x401945dc: "mov sp, x8" x8=0xbfffbc70 => sp=0xbfffbc70
[07:17:14 028][libtiny.so 0x1945e0] [686601f9] 0x401945e0: "str x8, [x19, #0x2c8]" ; mem[WRITE] abs=0xbfffc6a8 x8=0xbfffbc70 x19=0xbfffc3e0 => x8=0xbfffbc70
[07:17:14 029][libtiny.so 0x1945e4] [e84300d1] 0x401945e4: "sub x8, sp, #0x10" sp=0xbfffbc70 => x8=0xbfffbc60
[07:17:14 031][libtiny.so 0x1945e8] [1f010091] 0x401945e8: "mov sp, x8" x8=0xbfffbc60 => sp=0xbfffbc60
[07:17:14 031][libtiny.so 0x1945ec] [686a01f9] 0x401945ec: "str x8, [x19, #0x2d0]" ; mem[WRITE] abs=0xbfffc6b0 x8=0xbfffbc60 x19=0xbfffc3e0 => x8=0xbfffbc60
[07:17:14 032][libtiny.so 0x1945f0] [e88300d1] 0x401945f0: "sub x8, sp, #0x20" sp=0xbfffbc60 => x8=0xbfffbc40
[07:17:14 032][libtiny.so 0x1945f4] [1f010091] 0x401945f4: "mov sp, x8" x8=0xbfffbc40 => sp=0xbfffbc40
[07:17:14 033][libtiny.so 0x1945f8] [686e01f9] 0x401945f8: "str x8, [x19, #0x2d8]" ; mem[WRITE] abs=0xbfffc6b8 x8=0xbfffbc40 x19=0xbfffc3e0 => x8=0xbfffbc40
[07:17:14 035][libtiny.so 0x1945fc] [e88300d1] 0x401945fc: "sub x8, sp, #0x20" sp=0xbfffbc40 => x8=0xbfffbc20
[07:17:14 035][libtiny.so 0x194600] [1f010091] 0x40194600: "mov sp, x8" x8=0xbfffbc20 => sp=0xbfffbc20
[07:17:14 036][libtiny.so 0x194604] [687201f9] 0x40194604: "str x8, [x19, #0x2e0]" ; mem[WRITE] abs=0xbfffc6c0 x8=0xbfffbc20 x19=0xbfffc3e0 => x8=0xbfffbc20
[07:17:14 038][libtiny.so 0x194608] [e84300d1] 0x40194608: "sub x8, sp, #0x10" sp=0xbfffbc20 => x8=0xbfffbc10
[07:17:14 038][libtiny.so 0x19460c] [1f010091] 0x4019460c: "mov sp, x8" x8=0xbfffbc10 => sp=0xbfffbc10
[07:17:14 039][libtiny.so 0x194610] [687601f9] 0x40194610: "str x8, [x19, #0x2e8]" ; mem[WRITE] abs=0xbfffc6c8 x8=0xbfffbc10 x19=0xbfffc3e0 => x8=0xbfffbc10
[07:17:14 039][libtiny.so 0x194614] [e84300d1] 0x40194614: "sub x8, sp, #0x10" sp=0xbfffbc10 => x8=0xbfffbc00
[07:17:14 040][libtiny.so 0x194618] [1f010091] 0x40194618: "mov sp, x8" x8=0xbfffbc00 => sp=0xbfffbc00
[07:17:14 042][libtiny.so 0x19461c] [687a01f9] 0x4019461c: "str x8, [x19, #0x2f0]" ; mem[WRITE] abs=0xbfffc6d0 x8=0xbfffbc00 x19=0xbfffc3e0 => x8=0xbfffbc00
[07:17:14 043][libtiny.so 0x194620] [e84300d1] 0x40194620: "sub x8, sp, #0x10" sp=0xbfffbc00 => x8=0xbfffbbf0
[07:17:14 044][libtiny.so 0x194624] [1f010091] 0x40194624: "mov sp, x8" x8=0xbfffbbf0 => sp=0xbfffbbf0
[07:17:14 044][libtiny.so 0x194628] [687e01f9] 0x40194628: "str x8, [x19, #0x2f8]" ; mem[WRITE] abs=0xbfffc6d8 x8=0xbfffbbf0 x19=0xbfffc3e0 => x8=0xbfffbbf0
[07:17:14 046][libtiny.so 0x19462c] [e84300d1] 0x4019462c: "sub x8, sp, #0x10" sp=0xbfffbbf0 => x8=0xbfffbbe0
[07:17:14 047][libtiny.so 0x194630] [1f010091] 0x40194630: "mov sp, x8" x8=0xbfffbbe0 => sp=0xbfffbbe0
[07:17:14 048][libtiny.so 0x194634] [688201f9] 0x40194634: "str x8, [x19, #0x300]" ; mem[WRITE] abs=0xbfffc6e0 x8=0xbfffbbe0 x19=0xbfffc3e0 => x8=0xbfffbbe0
[07:17:14 048][libtiny.so 0x194638] [e84300d1] 0x40194638: "sub x8, sp, #0x10" sp=0xbfffbbe0 => x8=0xbfffbbd0
[07:17:14 049][libtiny.so 0x19463c] [1f010091] 0x4019463c: "mov sp, x8" x8=0xbfffbbd0 => sp=0xbfffbbd0
[07:17:14 052][libtiny.so 0x194640] [688601f9] 0x40194640: "str x8, [x19, #0x308]" ; mem[WRITE] abs=0xbfffc6e8 x8=0xbfffbbd0 x19=0xbfffc3e0 => x8=0xbfffbbd0
[07:17:14 052][libtiny.so 0x194644] [e84300d1] 0x40194644: "sub x8, sp, #0x10" sp=0xbfffbbd0 => x8=0xbfffbbc0
[07:17:14 054][libtiny.so 0x194648] [1f010091] 0x40194648: "mov sp, x8" x8=0xbfffbbc0 => sp=0xbfffbbc0
[07:17:14 056][libtiny.so 0x19464c] [688a01f9] 0x4019464c: "str x8, [x19, #0x310]" ; mem[WRITE] abs=0xbfffc6f0 x8=0xbfffbbc0 x19=0xbfffc3e0 => x8=0xbfffbbc0
[07:17:14 057][libtiny.so 0x194650] [e84300d1] 0x40194650: "sub x8, sp, #0x10" sp=0xbfffbbc0 => x8=0xbfffbbb0
[07:17:14 059][libtiny.so 0x194654] [1f010091] 0x40194654: "mov sp, x8" x8=0xbfffbbb0 => sp=0xbfffbbb0
[07:17:14 061][libtiny.so 0x194658] [688e01f9] 0x40194658: "str x8, [x19, #0x318]" ; mem[WRITE] abs=0xbfffc6f8 x8=0xbfffbbb0 x19=0xbfffc3e0 => x8=0xbfffbbb0
[07:17:14 064][libtiny.so 0x19465c] [e84300d1] 0x4019465c: "sub x8, sp, #0x10" sp=0xbfffbbb0 => x8=0xbfffbba0
[07:17:14 065][libtiny.so 0x194660] [1f010091] 0x40194660: "mov sp, x8" x8=0xbfffbba0 => sp=0xbfffbba0
[07:17:14 066][libtiny.so 0x194664] [689201f9] 0x40194664: "str x8, [x19, #0x320]" ; mem[WRITE] abs=0xbfffc700 x8=0xbfffbba0 x19=0xbfffc3e0 => x8=0xbfffbba0
[07:17:14 068][libtiny.so 0x194668] [e84300d1] 0x40194668: "sub x8, sp, #0x10" sp=0xbfffbba0 => x8=0xbfffbb90
[07:17:14 069][libtiny.so 0x19466c] [1f010091] 0x4019466c: "mov sp, x8" x8=0xbfffbb90 => sp=0xbfffbb90
[07:17:14 071][libtiny.so 0x194670] [689601f9] 0x40194670: "str x8, [x19, #0x328]" ; mem[WRITE] abs=0xbfffc708 x8=0xbfffbb90 x19=0xbfffc3e0 => x8=0xbfffbb90
[07:17:14 072][libtiny.so 0x194674] [e84300d1] 0x40194674: "sub x8, sp, #0x10" sp=0xbfffbb90 => x8=0xbfffbb80
[07:17:14 072][libtiny.so 0x194678] [1f010091] 0x40194678: "mov sp, x8" x8=0xbfffbb80 => sp=0xbfffbb80
[07:17:14 074][libtiny.so 0x19467c] [689a01f9] 0x4019467c: "str x8, [x19, #0x330]" ; mem[WRITE] abs=0xbfffc710 x8=0xbfffbb80 x19=0xbfffc3e0 => x8=0xbfffbb80
[07:17:14 075][libtiny.so 0x194680] [e84300d1] 0x40194680: "sub x8, sp, #0x10" sp=0xbfffbb80 => x8=0xbfffbb70
[07:17:14 076][libtiny.so 0x194684] [1f010091] 0x40194684: "mov sp, x8" x8=0xbfffbb70 => sp=0xbfffbb70
[07:17:14 077][libtiny.so 0x194688] [689e01f9] 0x40194688: "str x8, [x19, #0x338]" ; mem[WRITE] abs=0xbfffc718 x8=0xbfffbb70 x19=0xbfffc3e0 => x8=0xbfffbb70
[07:17:14 078][libtiny.so 0x19468c] [e84300d1] 0x4019468c: "sub x8, sp, #0x10" sp=0xbfffbb70 => x8=0xbfffbb60
[07:17:14 079][libtiny.so 0x194690] [1f010091] 0x40194690: "mov sp, x8" x8=0xbfffbb60 => sp=0xbfffbb60
[07:17:14 079][libtiny.so 0x194694] [68a201f9] 0x40194694: "str x8, [x19, #0x340]" ; mem[WRITE] abs=0xbfffc720 x8=0xbfffbb60 x19=0xbfffc3e0 => x8=0xbfffbb60
[07:17:14 080][libtiny.so 0x194698] [e84300d1] 0x40194698: "sub x8, sp, #0x10" sp=0xbfffbb60 => x8=0xbfffbb50
[07:17:14 082][libtiny.so 0x19469c] [1f010091] 0x4019469c: "mov sp, x8" x8=0xbfffbb50 => sp=0xbfffbb50
[07:17:14 083][libtiny.so 0x1946a0] [68a601f9] 0x401946a0: "str x8, [x19, #0x348]" ; mem[WRITE] abs=0xbfffc728 x8=0xbfffbb50 x19=0xbfffc3e0 => x8=0xbfffbb50
[07:17:14 085][libtiny.so 0x1946a4] [e84300d1] 0x401946a4: "sub x8, sp, #0x10" sp=0xbfffbb50 => x8=0xbfffbb40
[07:17:14 087][libtiny.so 0x1946a8] [1f010091] 0x401946a8: "mov sp, x8" x8=0xbfffbb40 => sp=0xbfffbb40
[07:17:14 088][libtiny.so 0x1946ac] [68aa01f9] 0x401946ac: "str x8, [x19, #0x350]" ; mem[WRITE] abs=0xbfffc730 x8=0xbfffbb40 x19=0xbfffc3e0 => x8=0xbfffbb40
[07:17:14 089][libtiny.so 0x1946b0] [e84300d1] 0x401946b0: "sub x8, sp, #0x10" sp=0xbfffbb40 => x8=0xbfffbb30
[07:17:14 089][libtiny.so 0x1946b4] [1f010091] 0x401946b4: "mov sp, x8" x8=0xbfffbb30 => sp=0xbfffbb30
[07:17:14 090][libtiny.so 0x1946b8] [68ae01f9] 0x401946b8: "str x8, [x19, #0x358]" ; mem[WRITE] abs=0xbfffc738 x8=0xbfffbb30 x19=0xbfffc3e0 => x8=0xbfffbb30
[07:17:14 091][libtiny.so 0x1946bc] [e84300d1] 0x401946bc: "sub x8, sp, #0x10" sp=0xbfffbb30 => x8=0xbfffbb20
[07:17:14 092][libtiny.so 0x1946c0] [1f010091] 0x401946c0: "mov sp, x8" x8=0xbfffbb20 => sp=0xbfffbb20
[07:17:14 093][libtiny.so 0x1946c4] [68b201f9] 0x401946c4: "str x8, [x19, #0x360]" ; mem[WRITE] abs=0xbfffc740 x8=0xbfffbb20 x19=0xbfffc3e0 => x8=0xbfffbb20
[07:17:14 094][libtiny.so 0x1946c8] [e84300d1] 0x401946c8: "sub x8, sp, #0x10" sp=0xbfffbb20 => x8=0xbfffbb10
[07:17:14 095][libtiny.so 0x1946cc] [1f010091] 0x401946cc: "mov sp, x8" x8=0xbfffbb10 => sp=0xbfffbb10
[07:17:14 096][libtiny.so 0x1946d0] [68b601f9] 0x401946d0: "str x8, [x19, #0x368]" ; mem[WRITE] abs=0xbfffc748 x8=0xbfffbb10 x19=0xbfffc3e0 => x8=0xbfffbb10
[07:17:14 097][libtiny.so 0x1946d4] [e84300d1] 0x401946d4: "sub x8, sp, #0x10" sp=0xbfffbb10 => x8=0xbfffbb00
[07:17:14 099][libtiny.so 0x1946d8] [1f010091] 0x401946d8: "mov sp, x8" x8=0xbfffbb00 => sp=0xbfffbb00
[07:17:14 101][libtiny.so 0x1946dc] [68ba01f9] 0x401946dc: "str x8, [x19, #0x370]" ; mem[WRITE] abs=0xbfffc750 x8=0xbfffbb00 x19=0xbfffc3e0 => x8=0xbfffbb00
[07:17:14 102][libtiny.so 0x1946e0] [e84300d1] 0x401946e0: "sub x8, sp, #0x10" sp=0xbfffbb00 => x8=0xbfffbaf0
[07:17:14 102][libtiny.so 0x1946e4] [1f010091] 0x401946e4: "mov sp, x8" x8=0xbfffbaf0 => sp=0xbfffbaf0
[07:17:14 103][libtiny.so 0x1946e8] [68be01f9] 0x401946e8: "str x8, [x19, #0x378]" ; mem[WRITE] abs=0xbfffc758 x8=0xbfffbaf0 x19=0xbfffc3e0 => x8=0xbfffbaf0
[07:17:14 105][libtiny.so 0x1946ec] [e84300d1] 0x401946ec: "sub x8, sp, #0x10" sp=0xbfffbaf0 => x8=0xbfffbae0
[07:17:14 106][libtiny.so 0x1946f0] [1f010091] 0x401946f0: "mov sp, x8" x8=0xbfffbae0 => sp=0xbfffbae0
[07:17:14 107][libtiny.so 0x1946f4] [68c201f9] 0x401946f4: "str x8, [x19, #0x380]" ; mem[WRITE] abs=0xbfffc760 x8=0xbfffbae0 x19=0xbfffc3e0 => x8=0xbfffbae0
[07:17:14 107][libtiny.so 0x1946f8] [e84300d1] 0x401946f8: "sub x8, sp, #0x10" sp=0xbfffbae0 => x8=0xbfffbad0
[07:17:14 109][libtiny.so 0x1946fc] [1f010091] 0x401946fc: "mov sp, x8" x8=0xbfffbad0 => sp=0xbfffbad0
[07:17:14 110][libtiny.so 0x194700] [68c601f9] 0x40194700: "str x8, [x19, #0x388]" ; mem[WRITE] abs=0xbfffc768 x8=0xbfffbad0 x19=0xbfffc3e0 => x8=0xbfffbad0
[07:17:14 111][libtiny.so 0x194704] [e84300d1] 0x40194704: "sub x8, sp, #0x10" sp=0xbfffbad0 => x8=0xbfffbac0
[07:17:14 113][libtiny.so 0x194708] [1f010091] 0x40194708: "mov sp, x8" x8=0xbfffbac0 => sp=0xbfffbac0
[07:17:14 114][libtiny.so 0x19470c] [68ca01f9] 0x4019470c: "str x8, [x19, #0x390]" ; mem[WRITE] abs=0xbfffc770 x8=0xbfffbac0 x19=0xbfffc3e0 => x8=0xbfffbac0
[07:17:14 115][libtiny.so 0x194710] [e84300d1] 0x40194710: "sub x8, sp, #0x10" sp=0xbfffbac0 => x8=0xbfffbab0
[07:17:14 116][libtiny.so 0x194714] [1f010091] 0x40194714: "mov sp, x8" x8=0xbfffbab0 => sp=0xbfffbab0
[07:17:14 117][libtiny.so 0x194718] [68ce01f9] 0x40194718: "str x8, [x19, #0x398]" ; mem[WRITE] abs=0xbfffc778 x8=0xbfffbab0 x19=0xbfffc3e0 => x8=0xbfffbab0
[07:17:14 118][libtiny.so 0x19471c] [e84300d1] 0x4019471c: "sub x8, sp, #0x10" sp=0xbfffbab0 => x8=0xbfffbaa0
[07:17:14 120][libtiny.so 0x194720] [1f010091] 0x40194720: "mov sp, x8" x8=0xbfffbaa0 => sp=0xbfffbaa0
[07:17:14 121][libtiny.so 0x194724] [68d201f9] 0x40194724: "str x8, [x19, #0x3a0]" ; mem[WRITE] abs=0xbfffc780 x8=0xbfffbaa0 x19=0xbfffc3e0 => x8=0xbfffbaa0
[07:17:14 122][libtiny.so 0x194728] [e84300d1] 0x40194728: "sub x8, sp, #0x10" sp=0xbfffbaa0 => x8=0xbfffba90
[07:17:14 123][libtiny.so 0x19472c] [1f010091] 0x4019472c: "mov sp, x8" x8=0xbfffba90 => sp=0xbfffba90
[07:17:14 124][libtiny.so 0x194730] [68d601f9] 0x40194730: "str x8, [x19, #0x3a8]" ; mem[WRITE] abs=0xbfffc788 x8=0xbfffba90 x19=0xbfffc3e0 => x8=0xbfffba90
[07:17:14 124][libtiny.so 0x194734] [e84300d1] 0x40194734: "sub x8, sp, #0x10" sp=0xbfffba90 => x8=0xbfffba80
[07:17:14 126][libtiny.so 0x194738] [1f010091] 0x40194738: "mov sp, x8" x8=0xbfffba80 => sp=0xbfffba80
[07:17:14 127][libtiny.so 0x19473c] [68da01f9] 0x4019473c: "str x8, [x19, #0x3b0]" ; mem[WRITE] abs=0xbfffc790 x8=0xbfffba80 x19=0xbfffc3e0 => x8=0xbfffba80
[07:17:14 128][libtiny.so 0x194740] [e84300d1] 0x40194740: "sub x8, sp, #0x10" sp=0xbfffba80 => x8=0xbfffba70
[07:17:14 129][libtiny.so 0x194744] [1f010091] 0x40194744: "mov sp, x8" x8=0xbfffba70 => sp=0xbfffba70
[07:17:14 130][libtiny.so 0x194748] [68de01f9] 0x40194748: "str x8, [x19, #0x3b8]" ; mem[WRITE] abs=0xbfffc798 x8=0xbfffba70 x19=0xbfffc3e0 => x8=0xbfffba70
[07:17:14 131][libtiny.so 0x19474c] [e84300d1] 0x4019474c: "sub x8, sp, #0x10" sp=0xbfffba70 => x8=0xbfffba60
[07:17:14 132][libtiny.so 0x194750] [1f010091] 0x40194750: "mov sp, x8" x8=0xbfffba60 => sp=0xbfffba60
[07:17:14 133][libtiny.so 0x194754] [68e201f9] 0x40194754: "str x8, [x19, #0x3c0]" ; mem[WRITE] abs=0xbfffc7a0 x8=0xbfffba60 x19=0xbfffc3e0 => x8=0xbfffba60
[07:17:14 135][libtiny.so 0x194758] [e84300d1] 0x40194758: "sub x8, sp, #0x10" sp=0xbfffba60 => x8=0xbfffba50
[07:17:14 136][libtiny.so 0x19475c] [1f010091] 0x4019475c: "mov sp, x8" x8=0xbfffba50 => sp=0xbfffba50
[07:17:14 136][libtiny.so 0x194760] [68e601f9] 0x40194760: "str x8, [x19, #0x3c8]" ; mem[WRITE] abs=0xbfffc7a8 x8=0xbfffba50 x19=0xbfffc3e0 => x8=0xbfffba50
[07:17:14 138][libtiny.so 0x194764] [e84300d1] 0x40194764: "sub x8, sp, #0x10" sp=0xbfffba50 => x8=0xbfffba40
[07:17:14 139][libtiny.so 0x194768] [1f010091] 0x40194768: "mov sp, x8" x8=0xbfffba40 => sp=0xbfffba40
[07:17:14 141][libtiny.so 0x19476c] [68ea01f9] 0x4019476c: "str x8, [x19, #0x3d0]" ; mem[WRITE] abs=0xbfffc7b0 x8=0xbfffba40 x19=0xbfffc3e0 => x8=0xbfffba40
[07:17:14 143][libtiny.so 0x194770] [e84300d1] 0x40194770: "sub x8, sp, #0x10" sp=0xbfffba40 => x8=0xbfffba30
[07:17:14 145][libtiny.so 0x194774] [1f010091] 0x40194774: "mov sp, x8" x8=0xbfffba30 => sp=0xbfffba30
[07:17:14 147][libtiny.so 0x194778] [68ee01f9] 0x40194778: "str x8, [x19, #0x3d8]" ; mem[WRITE] abs=0xbfffc7b8 x8=0xbfffba30 x19=0xbfffc3e0 => x8=0xbfffba30
[07:17:14 149][libtiny.so 0x19477c] [e84300d1] 0x4019477c: "sub x8, sp, #0x10" sp=0xbfffba30 => x8=0xbfffba20
[07:17:14 150][libtiny.so 0x194780] [1f010091] 0x40194780: "mov sp, x8" x8=0xbfffba20 => sp=0xbfffba20
[07:17:14 152][libtiny.so 0x194784] [68f201f9] 0x40194784: "str x8, [x19, #0x3e0]" ; mem[WRITE] abs=0xbfffc7c0 x8=0xbfffba20 x19=0xbfffc3e0 => x8=0xbfffba20
[07:17:14 154][libtiny.so 0x194788] [e84300d1] 0x40194788: "sub x8, sp, #0x10" sp=0xbfffba20 => x8=0xbfffba10
[07:17:14 155][libtiny.so 0x19478c] [1f010091] 0x4019478c: "mov sp, x8" x8=0xbfffba10 => sp=0xbfffba10
[07:17:14 155][libtiny.so 0x194790] [68f601f9] 0x40194790: "str x8, [x19, #0x3e8]" ; mem[WRITE] abs=0xbfffc7c8 x8=0xbfffba10 x19=0xbfffc3e0 => x8=0xbfffba10
[07:17:14 157][libtiny.so 0x194794] [e84300d1] 0x40194794: "sub x8, sp, #0x10" sp=0xbfffba10 => x8=0xbfffba00
[07:17:14 157][libtiny.so 0x194798] [1f010091] 0x40194798: "mov sp, x8" x8=0xbfffba00 => sp=0xbfffba00
[07:17:14 159][libtiny.so 0x19479c] [68fa01f9] 0x4019479c: "str x8, [x19, #0x3f0]" ; mem[WRITE] abs=0xbfffc7d0 x8=0xbfffba00 x19=0xbfffc3e0 => x8=0xbfffba00
[07:17:14 160][libtiny.so 0x1947a0] [e84300d1] 0x401947a0: "sub x8, sp, #0x10" sp=0xbfffba00 => x8=0xbfffb9f0
[07:17:14 161][libtiny.so 0x1947a4] [1f010091] 0x401947a4: "mov sp, x8" x8=0xbfffb9f0 => sp=0xbfffb9f0
[07:17:14 163][libtiny.so 0x1947a8] [68fe01f9] 0x401947a8: "str x8, [x19, #0x3f8]" ; mem[WRITE] abs=0xbfffc7d8 x8=0xbfffb9f0 x19=0xbfffc3e0 => x8=0xbfffb9f0
[07:17:14 164][libtiny.so 0x1947ac] [e84300d1] 0x401947ac: "sub x8, sp, #0x10" sp=0xbfffb9f0 => x8=0xbfffb9e0
[07:17:14 165][libtiny.so 0x1947b0] [1f010091] 0x401947b0: "mov sp, x8" x8=0xbfffb9e0 => sp=0xbfffb9e0
[07:17:14 165][libtiny.so 0x1947b4] [680202f9] 0x401947b4: "str x8, [x19, #0x400]" ; mem[WRITE] abs=0xbfffc7e0 x8=0xbfffb9e0 x19=0xbfffc3e0 => x8=0xbfffb9e0
[07:17:14 166][libtiny.so 0x1947b8] [e84300d1] 0x401947b8: "sub x8, sp, #0x10" sp=0xbfffb9e0 => x8=0xbfffb9d0
[07:17:14 167][libtiny.so 0x1947bc] [1f010091] 0x401947bc: "mov sp, x8" x8=0xbfffb9d0 => sp=0xbfffb9d0
[07:17:14 169][libtiny.so 0x1947c0] [680602f9] 0x401947c0: "str x8, [x19, #0x408]" ; mem[WRITE] abs=0xbfffc7e8 x8=0xbfffb9d0 x19=0xbfffc3e0 => x8=0xbfffb9d0
[07:17:14 170][libtiny.so 0x1947c4] [e84300d1] 0x401947c4: "sub x8, sp, #0x10" sp=0xbfffb9d0 => x8=0xbfffb9c0
[07:17:14 171][libtiny.so 0x1947c8] [1f010091] 0x401947c8: "mov sp, x8" x8=0xbfffb9c0 => sp=0xbfffb9c0
[07:17:14 172][libtiny.so 0x1947cc] [e94300d1] 0x401947cc: "sub x9, sp, #0x10" sp=0xbfffb9c0 => x9=0xbfffb9b0
[07:17:14 175][libtiny.so 0x1947d0] [680a02f9] 0x401947d0: "str x8, [x19, #0x410]" ; mem[WRITE] abs=0xbfffc7f0 x8=0xbfffb9c0 x19=0xbfffc3e0 => x8=0xbfffb9c0
[07:17:14 177][libtiny.so 0x1947d4] [3f010091] 0x401947d4: "mov sp, x9" x9=0xbfffb9b0 => sp=0xbfffb9b0
[07:17:14 178][libtiny.so 0x1947d8] [8a629d52] 0x401947d8: "movz w10, #0xeb14" w10=0xfc36c25c => w10=0xeb14
[07:17:14 179][libtiny.so 0x1947dc] [0b000090] 0x401947dc: "adrp x11, #0x40194000" => x11=0x40194000
[07:17:14 181][libtiny.so 0x1947e0] [882c00b0] 0x401947e0: "adrp x8, #0x40725000" => x8=0x40725000
[07:17:14 181][libtiny.so 0x1947e4] [8acea072] 0x401947e4: "movk w10, #0x674, lsl #16" w10=0xeb14 => w10=0x674eb14
[07:17:14 183][libtiny.so 0x1947e8] [6b212291] 0x401947e8: "add x11, x11, #0x888" x11=0x40194000 => x11=0x40194888
[07:17:14 184][libtiny.so 0x1947ec] [0ccd45f9] 0x401947ec: "ldr x12, [x8, #0xb98]" ; mem[READ] abs=0x40725b98 x8=0x40725000 => x12=0x432e5c6c
[07:17:14 185][libtiny.so 0x1947f0] [68010a8b] 0x401947f0: "add x8, x11, x10" x11=0x40194888 x10=0x674eb14 => x8=0x468e339c
[07:17:14 187][libtiny.so 0x1947f4] [6a01084b] 0x401947f4: "sub w10, w11, w8" w11=0x40194888 w8=0x468e339c => w10=0xf98b14ec
[07:17:14 188][libtiny.so 0x1947f8] [8be19a52] 0x401947f8: "movz w11, #0xd70c" w11=0x40194888 => w11=0xd70c
[07:17:14 190][libtiny.so 0x1947fc] [eb6ba072] 0x401947fc: "movk w11, #0x35f, lsl #16" w11=0xd70c => w11=0x35fd70c
[07:17:14 191][libtiny.so 0x194800] [4a010b0b] 0x40194800: "add w10, w10, w11" w10=0xf98b14ec w11=0x35fd70c => w10=0xfceaebf8
[07:17:14 193][libtiny.so 0x194804] [8ac12a8b] 0x40194804: "add x10, x12, w10, sxtw" x12=0x432e5c6c w10=0xfceaebf8 => x10=0x40194864
[07:17:14 194][libtiny.so 0x194808] [690e02f9] 0x40194808: "str x9, [x19, #0x418]" ; mem[WRITE] abs=0xbfffc7f8 x9=0xbfffb9b0 x19=0xbfffc3e0 => x9=0xbfffb9b0
[07:17:14 195][libtiny.so 0x19480c] [40011fd6] 0x4019480c: "br x10" x10=0x40194864
[07:17:14 196][libtiny.so 0x194864] [892c00b0] 0x40194864: "adrp x9, #0x40725000" => x9=0x40725000
[07:17:14 198][libtiny.so 0x194868] [29c945f9] 0x40194868: "ldr x9, [x9, #0xb90]" ; mem[READ] abs=0x40725b90 x9=0x40725000 => x9=0x43afe040
[07:17:14 199][libtiny.so 0x19486c] [eb059392] 0x4019486c: "movn x11, #0x982f" x11=0x35fd70c => x11=0xffffffffffff67d0
[07:17:14 200][libtiny.so 0x194870] [6aa09f92] 0x40194870: "movn x10, #0xfd03" x10=0x40194864 => x10=0xffffffffffff02fc
[07:17:14 201][libtiny.so 0x194874] [2b8dbff2] 0x40194874: "movk x11, #0xfc69, lsl #16" x11=0xffffffffffff67d0 => x11=0xfffffffffc6967d0
[07:17:14 202][libtiny.so 0x194878] [4a98bff2] 0x40194878: "movk x10, #0xfcc2, lsl #16" x10=0xffffffffffff02fc => x10=0xfffffffffcc202fc
[07:17:14 202][libtiny.so 0x19487c] [29010b8b] 0x4019487c: "add x9, x9, x11" x9=0x43afe040 x11=0xfffffffffc6967d0 => x9=0x40194810
[07:17:14 203][libtiny.so 0x194880] [08010a8b] 0x40194880: "add x8, x8, x10" x8=0x468e339c x10=0xfffffffffcc202fc => x8=0x43503698
[07:17:14 204][libtiny.so 0x194884] [20011fd6] 0x40194884: "br x9" x9=0x40194810
[07:17:14 205][libtiny.so 0x194810] [e9c19d92] 0x40194810: "movn x9, #0xee0f" x9=0x40194810 => x9=0xffffffffffff11f0
[07:17:14 208][libtiny.so 0x194814] [2999bff2] 0x40194814: "movk x9, #0xfcc9, lsl #16" x9=0xffffffffffff11f0 => x9=0xfffffffffcc911f0
[07:17:14 209][libtiny.so 0x194818] [0801098b] 0x40194818: "add x8, x8, x9" x8=0x43503698 x9=0xfffffffffcc911f0 => x8=0x40194888
[07:17:14 211][libtiny.so 0x19481c] [00011fd6] 0x4019481c: "br x8" x8=0x40194888
[07:17:14 213][libtiny.so 0x194888] [e84300d1] 0x40194888: "sub x8, sp, #0x10" sp=0xbfffb9b0 => x8=0xbfffb9a0
[07:17:14 214][libtiny.so 0x19488c] [1f010091] 0x4019488c: "mov sp, x8" x8=0xbfffb9a0 => sp=0xbfffb9a0
[07:17:14 217][libtiny.so 0x194890] [681202f9] 0x40194890: "str x8, [x19, #0x420]" ; mem[WRITE] abs=0xbfffc800 x8=0xbfffb9a0 x19=0xbfffc3e0 => x8=0xbfffb9a0
[07:17:14 218][libtiny.so 0x194894] [e84300d1] 0x40194894: "sub x8, sp, #0x10" sp=0xbfffb9a0 => x8=0xbfffb990
[07:17:14 220][libtiny.so 0x194898] [1f010091] 0x40194898: "mov sp, x8" x8=0xbfffb990 => sp=0xbfffb990
[07:17:14 222][libtiny.so 0x19489c] [681602f9] 0x4019489c: "str x8, [x19, #0x428]" ; mem[WRITE] abs=0xbfffc808 x8=0xbfffb990 x19=0xbfffc3e0 => x8=0xbfffb990
[07:17:14 223][libtiny.so 0x1948a0] [e84300d1] 0x401948a0: "sub x8, sp, #0x10" sp=0xbfffb990 => x8=0xbfffb980
[07:17:14 225][libtiny.so 0x1948a4] [1f010091] 0x401948a4: "mov sp, x8" x8=0xbfffb980 => sp=0xbfffb980
[07:17:14 225][libtiny.so 0x1948a8] [681a02f9] 0x401948a8: "str x8, [x19, #0x430]" ; mem[WRITE] abs=0xbfffc810 x8=0xbfffb980 x19=0xbfffc3e0 => x8=0xbfffb980
[07:17:14 226][libtiny.so 0x1948ac] [e84300d1] 0x401948ac: "sub x8, sp, #0x10" sp=0xbfffb980 => x8=0xbfffb970
[07:17:14 227][libtiny.so 0x1948b0] [1f010091] 0x401948b0: "mov sp, x8" x8=0xbfffb970 => sp=0xbfffb970
[07:17:14 229][libtiny.so 0x1948b4] [681e02f9] 0x401948b4: "str x8, [x19, #0x438]" ; mem[WRITE] abs=0xbfffc818 x8=0xbfffb970 x19=0xbfffc3e0 => x8=0xbfffb970
[07:17:14 230][libtiny.so 0x1948b8] [e84300d1] 0x401948b8: "sub x8, sp, #0x10" sp=0xbfffb970 => x8=0xbfffb960
[07:17:14 230][libtiny.so 0x1948bc] [1f010091] 0x401948bc: "mov sp, x8" x8=0xbfffb960 => sp=0xbfffb960
[07:17:14 232][libtiny.so 0x1948c0] [682202f9] 0x401948c0: "str x8, [x19, #0x440]" ; mem[WRITE] abs=0xbfffc820 x8=0xbfffb960 x19=0xbfffc3e0 => x8=0xbfffb960
[07:17:14 233][libtiny.so 0x1948c4] [e84300d1] 0x401948c4: "sub x8, sp, #0x10" sp=0xbfffb960 => x8=0xbfffb950
[07:17:14 234][libtiny.so 0x1948c8] [1f010091] 0x401948c8: "mov sp, x8" x8=0xbfffb950 => sp=0xbfffb950
[07:17:14 235][libtiny.so 0x1948cc] [682602f9] 0x401948cc: "str x8, [x19, #0x448]" ; mem[WRITE] abs=0xbfffc828 x8=0xbfffb950 x19=0xbfffc3e0 => x8=0xbfffb950
[07:17:14 236][libtiny.so 0x1948d0] [e84300d1] 0x401948d0: "sub x8, sp, #0x10" sp=0xbfffb950 => x8=0xbfffb940
[07:17:14 238][libtiny.so 0x1948d4] [1f010091] 0x401948d4: "mov sp, x8" x8=0xbfffb940 => sp=0xbfffb940
[07:17:14 241][libtiny.so 0x1948d8] [682a02f9] 0x401948d8: "str x8, [x19, #0x450]" ; mem[WRITE] abs=0xbfffc830 x8=0xbfffb940 x19=0xbfffc3e0 => x8=0xbfffb940
[07:17:14 242][libtiny.so 0x1948dc] [e84300d1] 0x401948dc: "sub x8, sp, #0x10" sp=0xbfffb940 => x8=0xbfffb930
[07:17:14 243][libtiny.so 0x1948e0] [1f010091] 0x401948e0: "mov sp, x8" x8=0xbfffb930 => sp=0xbfffb930
[07:17:14 244][libtiny.so 0x1948e4] [682e02f9] 0x401948e4: "str x8, [x19, #0x458]" ; mem[WRITE] abs=0xbfffc838 x8=0xbfffb930 x19=0xbfffc3e0 => x8=0xbfffb930
[07:17:14 245][libtiny.so 0x1948e8] [e84300d1] 0x401948e8: "sub x8, sp, #0x10" sp=0xbfffb930 => x8=0xbfffb920
[07:17:14 247][libtiny.so 0x1948ec] [1f010091] 0x401948ec: "mov sp, x8" x8=0xbfffb920 => sp=0xbfffb920
[07:17:14 248][libtiny.so 0x1948f0] [683202f9] 0x401948f0: "str x8, [x19, #0x460]" ; mem[WRITE] abs=0xbfffc840 x8=0xbfffb920 x19=0xbfffc3e0 => x8=0xbfffb920
[07:17:14 249][libtiny.so 0x1948f4] [e84300d1] 0x401948f4: "sub x8, sp, #0x10" sp=0xbfffb920 => x8=0xbfffb910
[07:17:14 250][libtiny.so 0x1948f8] [1f010091] 0x401948f8: "mov sp, x8" x8=0xbfffb910 => sp=0xbfffb910
[07:17:14 252][libtiny.so 0x1948fc] [683602f9] 0x401948fc: "str x8, [x19, #0x468]" ; mem[WRITE] abs=0xbfffc848 x8=0xbfffb910 x19=0xbfffc3e0 => x8=0xbfffb910
[07:17:14 254][libtiny.so 0x194900] [e84300d1] 0x40194900: "sub x8, sp, #0x10" sp=0xbfffb910 => x8=0xbfffb900
[07:17:14 256][libtiny.so 0x194904] [1f010091] 0x40194904: "mov sp, x8" x8=0xbfffb900 => sp=0xbfffb900
[07:17:14 257][libtiny.so 0x194908] [683a02f9] 0x40194908: "str x8, [x19, #0x470]" ; mem[WRITE] abs=0xbfffc850 x8=0xbfffb900 x19=0xbfffc3e0 => x8=0xbfffb900
[07:17:14 259][libtiny.so 0x19490c] [e84300d1] 0x4019490c: "sub x8, sp, #0x10" sp=0xbfffb900 => x8=0xbfffb8f0
[07:17:14 261][libtiny.so 0x194910] [1f010091] 0x40194910: "mov sp, x8" x8=0xbfffb8f0 => sp=0xbfffb8f0
[07:17:14 262][libtiny.so 0x194914] [683e02f9] 0x40194914: "str x8, [x19, #0x478]" ; mem[WRITE] abs=0xbfffc858 x8=0xbfffb8f0 x19=0xbfffc3e0 => x8=0xbfffb8f0
[07:17:14 263][libtiny.so 0x194918] [e84300d1] 0x40194918: "sub x8, sp, #0x10" sp=0xbfffb8f0 => x8=0xbfffb8e0
[07:17:14 265][libtiny.so 0x19491c] [1f010091] 0x4019491c: "mov sp, x8" x8=0xbfffb8e0 => sp=0xbfffb8e0
[07:17:14 266][libtiny.so 0x194920] [684202f9] 0x40194920: "str x8, [x19, #0x480]" ; mem[WRITE] abs=0xbfffc860 x8=0xbfffb8e0 x19=0xbfffc3e0 => x8=0xbfffb8e0
[07:17:14 268][libtiny.so 0x194924] [e84300d1] 0x40194924: "sub x8, sp, #0x10" sp=0xbfffb8e0 => x8=0xbfffb8d0
[07:17:14 270][libtiny.so 0x194928] [1f010091] 0x40194928: "mov sp, x8" x8=0xbfffb8d0 => sp=0xbfffb8d0
[07:17:14 272][libtiny.so 0x19492c] [684602f9] 0x4019492c: "str x8, [x19, #0x488]" ; mem[WRITE] abs=0xbfffc868 x8=0xbfffb8d0 x19=0xbfffc3e0 => x8=0xbfffb8d0
[07:17:14 273][libtiny.so 0x194930] [e84300d1] 0x40194930: "sub x8, sp, #0x10" sp=0xbfffb8d0 => x8=0xbfffb8c0
[07:17:14 274][libtiny.so 0x194934] [1f010091] 0x40194934: "mov sp, x8" x8=0xbfffb8c0 => sp=0xbfffb8c0
[07:17:14 276][libtiny.so 0x194938] [684a02f9] 0x40194938: "str x8, [x19, #0x490]" ; mem[WRITE] abs=0xbfffc870 x8=0xbfffb8c0 x19=0xbfffc3e0 => x8=0xbfffb8c0
[07:17:14 278][libtiny.so 0x19493c] [e84300d1] 0x4019493c: "sub x8, sp, #0x10" sp=0xbfffb8c0 => x8=0xbfffb8b0
[07:17:14 279][libtiny.so 0x194940] [1f010091] 0x40194940: "mov sp, x8" x8=0xbfffb8b0 => sp=0xbfffb8b0
[07:17:14 281][libtiny.so 0x194944] [684e02f9] 0x40194944: "str x8, [x19, #0x498]" ; mem[WRITE] abs=0xbfffc878 x8=0xbfffb8b0 x19=0xbfffc3e0 => x8=0xbfffb8b0
[07:17:14 282][libtiny.so 0x194948] [e84300d1] 0x40194948: "sub x8, sp, #0x10" sp=0xbfffb8b0 => x8=0xbfffb8a0
[07:17:14 283][libtiny.so 0x19494c] [1f010091] 0x4019494c: "mov sp, x8" x8=0xbfffb8a0 => sp=0xbfffb8a0
[07:17:14 285][libtiny.so 0x194950] [685202f9] 0x40194950: "str x8, [x19, #0x4a0]" ; mem[WRITE] abs=0xbfffc880 x8=0xbfffb8a0 x19=0xbfffc3e0 => x8=0xbfffb8a0
[07:17:14 287][libtiny.so 0x194954] [e84300d1] 0x40194954: "sub x8, sp, #0x10" sp=0xbfffb8a0 => x8=0xbfffb890
[07:17:14 288][libtiny.so 0x194958] [1f010091] 0x40194958: "mov sp, x8" x8=0xbfffb890 => sp=0xbfffb890
[07:17:14 290][libtiny.so 0x19495c] [685602f9] 0x4019495c: "str x8, [x19, #0x4a8]" ; mem[WRITE] abs=0xbfffc888 x8=0xbfffb890 x19=0xbfffc3e0 => x8=0xbfffb890
[07:17:14 291][libtiny.so 0x194960] [e84300d1] 0x40194960: "sub x8, sp, #0x10" sp=0xbfffb890 => x8=0xbfffb880
[07:17:14 293][libtiny.so 0x194964] [1f010091] 0x40194964: "mov sp, x8" x8=0xbfffb880 => sp=0xbfffb880
[07:17:14 294][libtiny.so 0x194968] [685a02f9] 0x40194968: "str x8, [x19, #0x4b0]" ; mem[WRITE] abs=0xbfffc890 x8=0xbfffb880 x19=0xbfffc3e0 => x8=0xbfffb880
[07:17:14 295][libtiny.so 0x19496c] [e84300d1] 0x4019496c: "sub x8, sp, #0x10" sp=0xbfffb880 => x8=0xbfffb870
[07:17:14 296][libtiny.so 0x194970] [1f010091] 0x40194970: "mov sp, x8" x8=0xbfffb870 => sp=0xbfffb870
[07:17:14 297][libtiny.so 0x194974] [685e02f9] 0x40194974: "str x8, [x19, #0x4b8]" ; mem[WRITE] abs=0xbfffc898 x8=0xbfffb870 x19=0xbfffc3e0 => x8=0xbfffb870
[07:17:14 299][libtiny.so 0x194978] [e84300d1] 0x40194978: "sub x8, sp, #0x10" sp=0xbfffb870 => x8=0xbfffb860
[07:17:14 300][libtiny.so 0x19497c] [1f010091] 0x4019497c: "mov sp, x8" x8=0xbfffb860 => sp=0xbfffb860
[07:17:14 301][libtiny.so 0x194980] [686202f9] 0x40194980: "str x8, [x19, #0x4c0]" ; mem[WRITE] abs=0xbfffc8a0 x8=0xbfffb860 x19=0xbfffc3e0 => x8=0xbfffb860
[07:17:14 303][libtiny.so 0x194984] [e84300d1] 0x40194984: "sub x8, sp, #0x10" sp=0xbfffb860 => x8=0xbfffb850
[07:17:14 304][libtiny.so 0x194988] [1f010091] 0x40194988: "mov sp, x8" x8=0xbfffb850 => sp=0xbfffb850
[07:17:14 305][libtiny.so 0x19498c] [686602f9] 0x4019498c: "str x8, [x19, #0x4c8]" ; mem[WRITE] abs=0xbfffc8a8 x8=0xbfffb850 x19=0xbfffc3e0 => x8=0xbfffb850
[07:17:14 305][libtiny.so 0x194990] [e84300d1] 0x40194990: "sub x8, sp, #0x10" sp=0xbfffb850 => x8=0xbfffb840
[07:17:14 307][libtiny.so 0x194994] [1f010091] 0x40194994: "mov sp, x8" x8=0xbfffb840 => sp=0xbfffb840
[07:17:14 308][libtiny.so 0x194998] [686a02f9] 0x40194998: "str x8, [x19, #0x4d0]" ; mem[WRITE] abs=0xbfffc8b0 x8=0xbfffb840 x19=0xbfffc3e0 => x8=0xbfffb840
[07:17:14 310][libtiny.so 0x19499c] [e84300d1] 0x4019499c: "sub x8, sp, #0x10" sp=0xbfffb840 => x8=0xbfffb830
[07:17:14 311][libtiny.so 0x1949a0] [1f010091] 0x401949a0: "mov sp, x8" x8=0xbfffb830 => sp=0xbfffb830
[07:17:14 311][libtiny.so 0x1949a4] [892c0090] 0x401949a4: "adrp x9, #0x40724000" => x9=0x40724000
[07:17:14 312][libtiny.so 0x1949a8] [0af09552] 0x401949a8: "movz w10, #0xaf80" w10=0xfcc202fc => w10=0xaf80
[07:17:14 314][libtiny.so 0x1949ac] [0bffff90] 0x401949ac: "adrp x11, #0x40174000" => x11=0x40174000
[07:17:14 315][libtiny.so 0x1949b0] [29bd46f9] 0x401949b0: "ldr x9, [x9, #0xd78]" ; mem[READ] abs=0x40724d78 x9=0x40724000 => x9=0x43f48ed8
[07:17:14 316][libtiny.so 0x1949b4] [2ad5a072] 0x401949b4: "movk w10, #0x6a9, lsl #16" w10=0xaf80 => w10=0x6a9af80
[07:17:14 317][libtiny.so 0x1949b8] [6b911a91] 0x401949b8: "add x11, x11, #0x6a4" x11=0x40174000 => x11=0x401746a4
[07:17:14 318][libtiny.so 0x1949bc] [6a010a8b] 0x401949bc: "add x10, x11, x10" x11=0x401746a4 x10=0x6a9af80 => x10=0x46c0f624
[07:17:14 319][libtiny.so 0x1949c0] [8c9c8d52] 0x401949c0: "movz w12, #0x6ce4" w12=0x432e5c6c => w12=0x6ce4
[07:17:14 321][libtiny.so 0x1949c4] [6b010a4b] 0x401949c4: "sub w11, w11, w10" w11=0x401746a4 w10=0x46c0f624 => w11=0xf9565080
[07:17:14 323][libtiny.so 0x1949c8] [8c59a072] 0x401949c8: "movk w12, #0x2cc, lsl #16" w12=0x6ce4 => w12=0x2cc6ce4
[07:17:14 324][libtiny.so 0x1949cc] [6b010c0b] 0x401949cc: "add w11, w11, w12" w11=0xf9565080 w12=0x2cc6ce4 => w11=0xfc22bd64
[07:17:14 327][libtiny.so 0x1949d0] [2bc12b8b] 0x401949d0: "add x11, x9, w11, sxtw" x9=0x43f48ed8 w11=0xfc22bd64 => x11=0x40174c3c
[07:17:14 329][libtiny.so 0x1949d4] [686e02f9] 0x401949d4: "str x8, [x19, #0x4d8]" ; mem[WRITE] abs=0xbfffc8b8 x8=0xbfffb830 x19=0xbfffc3e0 => x8=0xbfffb830
[07:17:14 331][libtiny.so 0x1949d8] [e9030aaa] 0x401949d8: "mov x9, x10" x10=0x46c0f624 => x9=0x46c0f624
[07:17:14 332][libtiny.so 0x1949dc] [60011fd6] 0x401949dc: "br x11" x11=0x40174c3c
[07:17:14 333][libtiny.so 0x174c3c] [882d0090] 0x40174c3c: "adrp x8, #0x40724000" => x8=0x40724000
[07:17:14 334][libtiny.so 0x174c40] [08b946f9] 0x40174c40: "ldr x8, [x8, #0xd70]" ; mem[READ] abs=0x40724d70 x8=0x40724000 => x8=0x441280ec
[07:17:14 337][libtiny.so 0x174c44] [6b648792] 0x40174c44: "movn x11, #0x3b23" x11=0x40174c3c => x11=0xffffffffffffc4dc
[07:17:14 338][libtiny.so 0x174c48] [ea9c9992] 0x40174c48: "movn x10, #0xcce7" x10=0x46c0f624 => x10=0xffffffffffff3318
[07:17:14 340][libtiny.so 0x174c4c] [8b80bff2] 0x40174c4c: "movk x11, #0xfc04, lsl #16" x11=0xffffffffffffc4dc => x11=0xfffffffffc04c4dc
[07:17:14 341][libtiny.so 0x174c50] [6a9cbff2] 0x40174c50: "movk x10, #0xfce3, lsl #16" x10=0xffffffffffff3318 => x10=0xfffffffffce33318
[07:17:14 343][libtiny.so 0x174c54] [08010b8b] 0x40174c54: "add x8, x8, x11" x8=0x441280ec x11=0xfffffffffc04c4dc => x8=0x401745c8
[07:17:14 344][libtiny.so 0x174c58] [29010a8b] 0x40174c58: "add x9, x9, x10" x9=0x46c0f624 x10=0xfffffffffce33318 => x9=0x43a4293c
[07:17:14 344][libtiny.so 0x174c5c] [00011fd6] 0x40174c5c: "br x8" x8=0x401745c8
[07:17:14 345][libtiny.so 0x1745c8] [e8529c92] 0x401745c8: "movn x8, #0xe297" x8=0x401745c8 => x8=0xffffffffffff1d68
[07:17:14 346][libtiny.so 0x1745cc] [688ebff2] 0x401745cc: "movk x8, #0xfc73, lsl #16" x8=0xffffffffffff1d68 => x8=0xfffffffffc731d68
[07:17:14 348][libtiny.so 0x1745d0] [2801088b] 0x401745d0: "add x8, x9, x8" x9=0x43a4293c x8=0xfffffffffc731d68 => x8=0x401746a4
[07:17:14 349][libtiny.so 0x1745d4] [00011fd6] 0x401745d4: "br x8" x8=0x401746a4
[07:17:14 350][libtiny.so 0x1746a4] [e84300d1] 0x401746a4: "sub x8, sp, #0x10" sp=0xbfffb830 => x8=0xbfffb820
[07:17:14 351][libtiny.so 0x1746a8] [1f010091] 0x401746a8: "mov sp, x8" x8=0xbfffb820 => sp=0xbfffb820
[07:17:14 351][libtiny.so 0x1746ac] [687202f9] 0x401746ac: "str x8, [x19, #0x4e0]" ; mem[WRITE] abs=0xbfffc8c0 x8=0xbfffb820 x19=0xbfffc3e0 => x8=0xbfffb820
[07:17:14 354][libtiny.so 0x1746b0] [e84300d1] 0x401746b0: "sub x8, sp, #0x10" sp=0xbfffb820 => x8=0xbfffb810
[07:17:14 354][libtiny.so 0x1746b4] [1f010091] 0x401746b4: "mov sp, x8" x8=0xbfffb810 => sp=0xbfffb810
[07:17:14 355][libtiny.so 0x1746b8] [687602f9] 0x401746b8: "str x8, [x19, #0x4e8]" ; mem[WRITE] abs=0xbfffc8c8 x8=0xbfffb810 x19=0xbfffc3e0 => x8=0xbfffb810
[07:17:14 356][libtiny.so 0x1746bc] [e84300d1] 0x401746bc: "sub x8, sp, #0x10" sp=0xbfffb810 => x8=0xbfffb800
[07:17:14 374][libtiny.so 0x1746c0] [1f010091] 0x401746c0: "mov sp, x8" x8=0xbfffb800 => sp=0xbfffb800
[07:17:14 376][libtiny.so 0x1746c4] [687a02f9] 0x401746c4: "str x8, [x19, #0x4f0]" ; mem[WRITE] abs=0xbfffc8d0 x8=0xbfffb800 x19=0xbfffc3e0 => x8=0xbfffb800
[07:17:14 378][libtiny.so 0x1746c8] [e84300d1] 0x401746c8: "sub x8, sp, #0x10" sp=0xbfffb800 => x8=0xbfffb7f0
[07:17:14 379][libtiny.so 0x1746cc] [1f010091] 0x401746cc: "mov sp, x8" x8=0xbfffb7f0 => sp=0xbfffb7f0
[07:17:14 380][libtiny.so 0x1746d0] [687e02f9] 0x401746d0: "str x8, [x19, #0x4f8]" ; mem[WRITE] abs=0xbfffc8d8 x8=0xbfffb7f0 x19=0xbfffc3e0 => x8=0xbfffb7f0
[07:17:14 382][libtiny.so 0x1746d4] [e84300d1] 0x401746d4: "sub x8, sp, #0x10" sp=0xbfffb7f0 => x8=0xbfffb7e0
[07:17:14 384][libtiny.so 0x1746d8] [1f010091] 0x401746d8: "mov sp, x8" x8=0xbfffb7e0 => sp=0xbfffb7e0
[07:17:14 385][libtiny.so 0x1746dc] [688202f9] 0x401746dc: "str x8, [x19, #0x500]" ; mem[WRITE] abs=0xbfffc8e0 x8=0xbfffb7e0 x19=0xbfffc3e0 => x8=0xbfffb7e0
[07:17:14 386][libtiny.so 0x1746e0] [e84300d1] 0x401746e0: "sub x8, sp, #0x10" sp=0xbfffb7e0 => x8=0xbfffb7d0
[07:17:14 387][libtiny.so 0x1746e4] [1f010091] 0x401746e4: "mov sp, x8" x8=0xbfffb7d0 => sp=0xbfffb7d0
[07:17:14 388][libtiny.so 0x1746e8] [688602f9] 0x401746e8: "str x8, [x19, #0x508]" ; mem[WRITE] abs=0xbfffc8e8 x8=0xbfffb7d0 x19=0xbfffc3e0 => x8=0xbfffb7d0
[07:17:14 392][libtiny.so 0x1746ec] [e84300d1] 0x401746ec: "sub x8, sp, #0x10" sp=0xbfffb7d0 => x8=0xbfffb7c0
[07:17:14 399][libtiny.so 0x1746f0] [1f010091] 0x401746f0: "mov sp, x8" x8=0xbfffb7c0 => sp=0xbfffb7c0
[07:17:14 406][libtiny.so 0x1746f4] [688a02f9] 0x401746f4: "str x8, [x19, #0x510]" ; mem[WRITE] abs=0xbfffc8f0 x8=0xbfffb7c0 x19=0xbfffc3e0 => x8=0xbfffb7c0
[07:17:14 410][libtiny.so 0x1746f8] [e84300d1] 0x401746f8: "sub x8, sp, #0x10" sp=0xbfffb7c0 => x8=0xbfffb7b0
[07:17:14 412][libtiny.so 0x1746fc] [1f010091] 0x401746fc: "mov sp, x8" x8=0xbfffb7b0 => sp=0xbfffb7b0
[07:17:14 413][libtiny.so 0x174700] [688e02f9] 0x40174700: "str x8, [x19, #0x518]" ; mem[WRITE] abs=0xbfffc8f8 x8=0xbfffb7b0 x19=0xbfffc3e0 => x8=0xbfffb7b0
[07:17:14 414][libtiny.so 0x174704] [e84300d1] 0x40174704: "sub x8, sp, #0x10" sp=0xbfffb7b0 => x8=0xbfffb7a0
[07:17:14 415][libtiny.so 0x174708] [1f010091] 0x40174708: "mov sp, x8" x8=0xbfffb7a0 => sp=0xbfffb7a0
[07:17:14 417][libtiny.so 0x17470c] [689202f9] 0x4017470c: "str x8, [x19, #0x520]" ; mem[WRITE] abs=0xbfffc900 x8=0xbfffb7a0 x19=0xbfffc3e0 => x8=0xbfffb7a0
[07:17:14 419][libtiny.so 0x174710] [e84300d1] 0x40174710: "sub x8, sp, #0x10" sp=0xbfffb7a0 => x8=0xbfffb790
[07:17:14 420][libtiny.so 0x174714] [1f010091] 0x40174714: "mov sp, x8" x8=0xbfffb790 => sp=0xbfffb790
[07:17:14 421][libtiny.so 0x174718] [689602f9] 0x40174718: "str x8, [x19, #0x528]" ; mem[WRITE] abs=0xbfffc908 x8=0xbfffb790 x19=0xbfffc3e0 => x8=0xbfffb790
[07:17:14 422][libtiny.so 0x17471c] [e84300d1] 0x4017471c: "sub x8, sp, #0x10" sp=0xbfffb790 => x8=0xbfffb780
[07:17:14 423][libtiny.so 0x174720] [1f010091] 0x40174720: "mov sp, x8" x8=0xbfffb780 => sp=0xbfffb780
[07:17:14 424][libtiny.so 0x174724] [689a02f9] 0x40174724: "str x8, [x19, #0x530]" ; mem[WRITE] abs=0xbfffc910 x8=0xbfffb780 x19=0xbfffc3e0 => x8=0xbfffb780
[07:17:14 424][libtiny.so 0x174728] [e84300d1] 0x40174728: "sub x8, sp, #0x10" sp=0xbfffb780 => x8=0xbfffb770
[07:17:14 426][libtiny.so 0x17472c] [1f010091] 0x4017472c: "mov sp, x8" x8=0xbfffb770 => sp=0xbfffb770
[07:17:14 427][libtiny.so 0x174730] [689e02f9] 0x40174730: "str x8, [x19, #0x538]" ; mem[WRITE] abs=0xbfffc918 x8=0xbfffb770 x19=0xbfffc3e0 => x8=0xbfffb770
[07:17:14 427][libtiny.so 0x174734] [e84300d1] 0x40174734: "sub x8, sp, #0x10" sp=0xbfffb770 => x8=0xbfffb760
[07:17:14 428][libtiny.so 0x174738] [1f010091] 0x40174738: "mov sp, x8" x8=0xbfffb760 => sp=0xbfffb760
[07:17:14 429][libtiny.so 0x17473c] [68a202f9] 0x4017473c: "str x8, [x19, #0x540]" ; mem[WRITE] abs=0xbfffc920 x8=0xbfffb760 x19=0xbfffc3e0 => x8=0xbfffb760
[07:17:14 431][libtiny.so 0x174740] [e84300d1] 0x40174740: "sub x8, sp, #0x10" sp=0xbfffb760 => x8=0xbfffb750
[07:17:14 431][libtiny.so 0x174744] [1f010091] 0x40174744: "mov sp, x8" x8=0xbfffb750 => sp=0xbfffb750
[07:17:14 433][libtiny.so 0x174748] [68a602f9] 0x40174748: "str x8, [x19, #0x548]" ; mem[WRITE] abs=0xbfffc928 x8=0xbfffb750 x19=0xbfffc3e0 => x8=0xbfffb750
[07:17:14 434][libtiny.so 0x17474c] [e84300d1] 0x4017474c: "sub x8, sp, #0x10" sp=0xbfffb750 => x8=0xbfffb740
[07:17:14 435][libtiny.so 0x174750] [1f010091] 0x40174750: "mov sp, x8" x8=0xbfffb740 => sp=0xbfffb740
[07:17:14 436][libtiny.so 0x174754] [68aa02f9] 0x40174754: "str x8, [x19, #0x550]" ; mem[WRITE] abs=0xbfffc930 x8=0xbfffb740 x19=0xbfffc3e0 => x8=0xbfffb740
[07:17:14 438][libtiny.so 0x174758] [e84300d1] 0x40174758: "sub x8, sp, #0x10" sp=0xbfffb740 => x8=0xbfffb730
[07:17:14 439][libtiny.so 0x17475c] [1f010091] 0x4017475c: "mov sp, x8" x8=0xbfffb730 => sp=0xbfffb730
[07:17:14 440][libtiny.so 0x174760] [68ae02f9] 0x40174760: "str x8, [x19, #0x558]" ; mem[WRITE] abs=0xbfffc938 x8=0xbfffb730 x19=0xbfffc3e0 => x8=0xbfffb730
[07:17:14 441][libtiny.so 0x174764] [e84300d1] 0x40174764: "sub x8, sp, #0x10" sp=0xbfffb730 => x8=0xbfffb720
[07:17:14 442][libtiny.so 0x174768] [1f010091] 0x40174768: "mov sp, x8" x8=0xbfffb720 => sp=0xbfffb720
[07:17:14 444][libtiny.so 0x17476c] [68b202f9] 0x4017476c: "str x8, [x19, #0x560]" ; mem[WRITE] abs=0xbfffc940 x8=0xbfffb720 x19=0xbfffc3e0 => x8=0xbfffb720
[07:17:14 445][libtiny.so 0x174770] [e84300d1] 0x40174770: "sub x8, sp, #0x10" sp=0xbfffb720 => x8=0xbfffb710
[07:17:14 446][libtiny.so 0x174774] [1f010091] 0x40174774: "mov sp, x8" x8=0xbfffb710 => sp=0xbfffb710
[07:17:14 447][libtiny.so 0x174778] [68b602f9] 0x40174778: "str x8, [x19, #0x568]" ; mem[WRITE] abs=0xbfffc948 x8=0xbfffb710 x19=0xbfffc3e0 => x8=0xbfffb710
[07:17:14 448][libtiny.so 0x17477c] [e84300d1] 0x4017477c: "sub x8, sp, #0x10" sp=0xbfffb710 => x8=0xbfffb700
[07:17:14 449][libtiny.so 0x174780] [1f010091] 0x40174780: "mov sp, x8" x8=0xbfffb700 => sp=0xbfffb700
[07:17:14 450][libtiny.so 0x174784] [68ba02f9] 0x40174784: "str x8, [x19, #0x570]" ; mem[WRITE] abs=0xbfffc950 x8=0xbfffb700 x19=0xbfffc3e0 => x8=0xbfffb700
[07:17:14 450][libtiny.so 0x174788] [e84300d1] 0x40174788: "sub x8, sp, #0x10" sp=0xbfffb700 => x8=0xbfffb6f0
[07:17:14 452][libtiny.so 0x17478c] [1f010091] 0x4017478c: "mov sp, x8" x8=0xbfffb6f0 => sp=0xbfffb6f0
[07:17:14 453][libtiny.so 0x174790] [68be02f9] 0x40174790: "str x8, [x19, #0x578]" ; mem[WRITE] abs=0xbfffc958 x8=0xbfffb6f0 x19=0xbfffc3e0 => x8=0xbfffb6f0
[07:17:14 455][libtiny.so 0x174794] [e84300d1] 0x40174794: "sub x8, sp, #0x10" sp=0xbfffb6f0 => x8=0xbfffb6e0
[07:17:14 456][libtiny.so 0x174798] [1f010091] 0x40174798: "mov sp, x8" x8=0xbfffb6e0 => sp=0xbfffb6e0
[07:17:14 457][libtiny.so 0x17479c] [68c202f9] 0x4017479c: "str x8, [x19, #0x580]" ; mem[WRITE] abs=0xbfffc960 x8=0xbfffb6e0 x19=0xbfffc3e0 => x8=0xbfffb6e0
[07:17:14 457][libtiny.so 0x1747a0] [e84300d1] 0x401747a0: "sub x8, sp, #0x10" sp=0xbfffb6e0 => x8=0xbfffb6d0
[07:17:14 458][libtiny.so 0x1747a4] [1f010091] 0x401747a4: "mov sp, x8" x8=0xbfffb6d0 => sp=0xbfffb6d0
[07:17:14 460][libtiny.so 0x1747a8] [68c602f9] 0x401747a8: "str x8, [x19, #0x588]" ; mem[WRITE] abs=0xbfffc968 x8=0xbfffb6d0 x19=0xbfffc3e0 => x8=0xbfffb6d0
[07:17:14 460][libtiny.so 0x1747ac] [e84300d1] 0x401747ac: "sub x8, sp, #0x10" sp=0xbfffb6d0 => x8=0xbfffb6c0
[07:17:14 461][libtiny.so 0x1747b0] [1f010091] 0x401747b0: "mov sp, x8" x8=0xbfffb6c0 => sp=0xbfffb6c0
[07:17:14 461][libtiny.so 0x1747b4] [68ca02f9] 0x401747b4: "str x8, [x19, #0x590]" ; mem[WRITE] abs=0xbfffc970 x8=0xbfffb6c0 x19=0xbfffc3e0 => x8=0xbfffb6c0
[07:17:14 463][libtiny.so 0x1747b8] [e84300d1] 0x401747b8: "sub x8, sp, #0x10" sp=0xbfffb6c0 => x8=0xbfffb6b0
[07:17:14 465][libtiny.so 0x1747bc] [1f010091] 0x401747bc: "mov sp, x8" x8=0xbfffb6b0 => sp=0xbfffb6b0
[07:17:14 466][libtiny.so 0x1747c0] [8acb9952] 0x401747c0: "movz w10, #0xce5c" w10=0xfce33318 => w10=0xce5c
[07:17:14 467][libtiny.so 0x1747c4] [0b000090] 0x401747c4: "adrp x11, #0x40174000" => x11=0x40174000
[07:17:14 468][libtiny.so 0x1747c8] [892d00b0] 0x401747c8: "adrp x9, #0x40725000" => x9=0x40725000
[07:17:14 469][libtiny.so 0x1747cc] [6a75a072] 0x401747cc: "movk w10, #0x3ab, lsl #16" w10=0xce5c => w10=0x3abce5c
[07:17:14 470][libtiny.so 0x1747d0] [6b812591] 0x401747d0: "add x11, x11, #0x960" x11=0x40174000 => x11=0x40174960
[07:17:14 471][libtiny.so 0x1747d4] [29b942f9] 0x401747d4: "ldr x9, [x9, #0x570]" ; mem[READ] abs=0x40725570 x9=0x40725000 => x9=0x43333b78
[07:17:14 472][libtiny.so 0x1747d8] [6a010a8b] 0x401747d8: "add x10, x11, x10" x11=0x40174960 x10=0x3abce5c => x10=0x43c317bc
[07:17:14 473][libtiny.so 0x1747dc] [6a0a00f9] 0x401747dc: "str x10, [x19, #0x10]" ; mem[WRITE] abs=0xbfffc3f0 x10=0x43c317bc x19=0xbfffc3e0 => x10=0x43c317bc
[07:17:14 474][libtiny.so 0x1747e0] [6a010a4b] 0x401747e0: "sub w10, w11, w10" w11=0x40174960 w10=0x43c317bc => w10=0xfc5431a4
[07:17:14 475][libtiny.so 0x1747e4] [0b5c9b52] 0x401747e4: "movz w11, #0xdae0" w11=0x40174960 => w11=0xdae0
[07:17:14 476][libtiny.so 0x1747e8] [eb11a072] 0x401747e8: "movk w11, #0x8f, lsl #16" w11=0xdae0 => w11=0x8fdae0
[07:17:14 477][libtiny.so 0x1747ec] [4a010b0b] 0x401747ec: "add w10, w10, w11" w10=0xfc5431a4 w11=0x8fdae0 => w10=0xfce40c84
[07:17:14 478][libtiny.so 0x1747f0] [29c12a8b] 0x401747f0: "add x9, x9, w10, sxtw" x9=0x43333b78 w10=0xfce40c84 => x9=0x401747fc
[07:17:14 478][libtiny.so 0x1747f4] [68ce02f9] 0x401747f4: "str x8, [x19, #0x598]" ; mem[WRITE] abs=0xbfffc978 x8=0xbfffb6b0 x19=0xbfffc3e0 => x8=0xbfffb6b0
[07:17:14 480][libtiny.so 0x1747f8] [20011fd6] 0x401747f8: "br x9" x9=0x401747fc
[07:17:14 480][libtiny.so 0x1747fc] [690a40f9] 0x401747fc: "ldr x9, [x19, #0x10]" ; mem[READ] abs=0xbfffc3f0 x19=0xbfffc3e0 => x9=0x43c317bc
[07:17:14 483][libtiny.so 0x174800] [68cb9992] 0x40174800: "movn x8, #0xce5b" x8=0xbfffb6b0 => x8=0xffffffffffff31a4
[07:17:14 483][libtiny.so 0x174804] [888abff2] 0x40174804: "movk x8, #0xfc54, lsl #16" x8=0xffffffffffff31a4 => x8=0xfffffffffc5431a4
[07:17:14 484][libtiny.so 0x174808] [2801088b] 0x40174808: "add x8, x9, x8" x9=0x43c317bc x8=0xfffffffffc5431a4 => x8=0x40174960
[07:17:14 485][libtiny.so 0x17480c] [00011fd6] 0x4017480c: "br x8" x8=0x40174960
[07:17:14 487][libtiny.so 0x174960] [e84300d1] 0x40174960: "sub x8, sp, #0x10" sp=0xbfffb6b0 => x8=0xbfffb6a0
[07:17:14 488][libtiny.so 0x174964] [1f010091] 0x40174964: "mov sp, x8" x8=0xbfffb6a0 => sp=0xbfffb6a0
[07:17:14 489][libtiny.so 0x174968] [68d202f9] 0x40174968: "str x8, [x19, #0x5a0]" ; mem[WRITE] abs=0xbfffc980 x8=0xbfffb6a0 x19=0xbfffc3e0 => x8=0xbfffb6a0
[07:17:14 489][libtiny.so 0x17496c] [e84300d1] 0x4017496c: "sub x8, sp, #0x10" sp=0xbfffb6a0 => x8=0xbfffb690
[07:17:14 491][libtiny.so 0x174970] [1f010091] 0x40174970: "mov sp, x8" x8=0xbfffb690 => sp=0xbfffb690
[07:17:14 492][libtiny.so 0x174974] [68d602f9] 0x40174974: "str x8, [x19, #0x5a8]" ; mem[WRITE] abs=0xbfffc988 x8=0xbfffb690 x19=0xbfffc3e0 => x8=0xbfffb690
[07:17:14 494][libtiny.so 0x174978] [e84300d1] 0x40174978: "sub x8, sp, #0x10" sp=0xbfffb690 => x8=0xbfffb680
[07:17:14 495][libtiny.so 0x17497c] [1f010091] 0x4017497c: "mov sp, x8" x8=0xbfffb680 => sp=0xbfffb680
[07:17:14 497][libtiny.so 0x174980] [68da02f9] 0x40174980: "str x8, [x19, #0x5b0]" ; mem[WRITE] abs=0xbfffc990 x8=0xbfffb680 x19=0xbfffc3e0 => x8=0xbfffb680
[07:17:14 498][libtiny.so 0x174984] [e84300d1] 0x40174984: "sub x8, sp, #0x10" sp=0xbfffb680 => x8=0xbfffb670
[07:17:14 501][libtiny.so 0x174988] [1f010091] 0x40174988: "mov sp, x8" x8=0xbfffb670 => sp=0xbfffb670
[07:17:14 503][libtiny.so 0x17498c] [68de02f9] 0x4017498c: "str x8, [x19, #0x5b8]" ; mem[WRITE] abs=0xbfffc998 x8=0xbfffb670 x19=0xbfffc3e0 => x8=0xbfffb670
[07:17:14 504][libtiny.so 0x174990] [e84300d1] 0x40174990: "sub x8, sp, #0x10" sp=0xbfffb670 => x8=0xbfffb660
[07:17:14 506][libtiny.so 0x174994] [1f010091] 0x40174994: "mov sp, x8" x8=0xbfffb660 => sp=0xbfffb660
[07:17:14 507][libtiny.so 0x174998] [68e202f9] 0x40174998: "str x8, [x19, #0x5c0]" ; mem[WRITE] abs=0xbfffc9a0 x8=0xbfffb660 x19=0xbfffc3e0 => x8=0xbfffb660
[07:17:14 509][libtiny.so 0x17499c] [e84300d1] 0x4017499c: "sub x8, sp, #0x10" sp=0xbfffb660 => x8=0xbfffb650
[07:17:14 509][libtiny.so 0x1749a0] [1f010091] 0x401749a0: "mov sp, x8" x8=0xbfffb650 => sp=0xbfffb650
[07:17:14 510][libtiny.so 0x1749a4] [68e602f9] 0x401749a4: "str x8, [x19, #0x5c8]" ; mem[WRITE] abs=0xbfffc9a8 x8=0xbfffb650 x19=0xbfffc3e0 => x8=0xbfffb650
[07:17:14 511][libtiny.so 0x1749a8] [e84300d1] 0x401749a8: "sub x8, sp, #0x10" sp=0xbfffb650 => x8=0xbfffb640
[07:17:14 511][libtiny.so 0x1749ac] [1f010091] 0x401749ac: "mov sp, x8" x8=0xbfffb640 => sp=0xbfffb640
[07:17:14 512][libtiny.so 0x1749b0] [68ea02f9] 0x401749b0: "str x8, [x19, #0x5d0]" ; mem[WRITE] abs=0xbfffc9b0 x8=0xbfffb640 x19=0xbfffc3e0 => x8=0xbfffb640
[07:17:14 512][libtiny.so 0x1749b4] [e84300d1] 0x401749b4: "sub x8, sp, #0x10" sp=0xbfffb640 => x8=0xbfffb630
[07:17:14 514][libtiny.so 0x1749b8] [1f010091] 0x401749b8: "mov sp, x8" x8=0xbfffb630 => sp=0xbfffb630
[07:17:14 514][libtiny.so 0x1749bc] [68ee02f9] 0x401749bc: "str x8, [x19, #0x5d8]" ; mem[WRITE] abs=0xbfffc9b8 x8=0xbfffb630 x19=0xbfffc3e0 => x8=0xbfffb630
[07:17:14 515][libtiny.so 0x1749c0] [e84300d1] 0x401749c0: "sub x8, sp, #0x10" sp=0xbfffb630 => x8=0xbfffb620
[07:17:14 517][libtiny.so 0x1749c4] [1f010091] 0x401749c4: "mov sp, x8" x8=0xbfffb620 => sp=0xbfffb620
[07:17:14 519][libtiny.so 0x1749c8] [68f202f9] 0x401749c8: "str x8, [x19, #0x5e0]" ; mem[WRITE] abs=0xbfffc9c0 x8=0xbfffb620 x19=0xbfffc3e0 => x8=0xbfffb620
[07:17:14 521][libtiny.so 0x1749cc] [e84300d1] 0x401749cc: "sub x8, sp, #0x10" sp=0xbfffb620 => x8=0xbfffb610
[07:17:14 522][libtiny.so 0x1749d0] [1f010091] 0x401749d0: "mov sp, x8" x8=0xbfffb610 => sp=0xbfffb610
[07:17:14 523][libtiny.so 0x1749d4] [68f602f9] 0x401749d4: "str x8, [x19, #0x5e8]" ; mem[WRITE] abs=0xbfffc9c8 x8=0xbfffb610 x19=0xbfffc3e0 => x8=0xbfffb610
[07:17:14 525][libtiny.so 0x1749d8] [e84300d1] 0x401749d8: "sub x8, sp, #0x10" sp=0xbfffb610 => x8=0xbfffb600
[07:17:14 527][libtiny.so 0x1749dc] [1f010091] 0x401749dc: "mov sp, x8" x8=0xbfffb600 => sp=0xbfffb600
[07:17:14 528][libtiny.so 0x1749e0] [68fa02f9] 0x401749e0: "str x8, [x19, #0x5f0]" ; mem[WRITE] abs=0xbfffc9d0 x8=0xbfffb600 x19=0xbfffc3e0 => x8=0xbfffb600
[07:17:14 529][libtiny.so 0x1749e4] [e84300d1] 0x401749e4: "sub x8, sp, #0x10" sp=0xbfffb600 => x8=0xbfffb5f0
[07:17:14 531][libtiny.so 0x1749e8] [1f010091] 0x401749e8: "mov sp, x8" x8=0xbfffb5f0 => sp=0xbfffb5f0
[07:17:14 532][libtiny.so 0x1749ec] [68fe02f9] 0x401749ec: "str x8, [x19, #0x5f8]" ; mem[WRITE] abs=0xbfffc9d8 x8=0xbfffb5f0 x19=0xbfffc3e0 => x8=0xbfffb5f0
[07:17:14 534][libtiny.so 0x1749f0] [e84300d1] 0x401749f0: "sub x8, sp, #0x10" sp=0xbfffb5f0 => x8=0xbfffb5e0
[07:17:14 535][libtiny.so 0x1749f4] [1f010091] 0x401749f4: "mov sp, x8" x8=0xbfffb5e0 => sp=0xbfffb5e0
[07:17:14 536][libtiny.so 0x1749f8] [680203f9] 0x401749f8: "str x8, [x19, #0x600]" ; mem[WRITE] abs=0xbfffc9e0 x8=0xbfffb5e0 x19=0xbfffc3e0 => x8=0xbfffb5e0
[07:17:14 538][libtiny.so 0x1749fc] [e84300d1] 0x401749fc: "sub x8, sp, #0x10" sp=0xbfffb5e0 => x8=0xbfffb5d0
[07:17:14 538][libtiny.so 0x174a00] [1f010091] 0x40174a00: "mov sp, x8" x8=0xbfffb5d0 => sp=0xbfffb5d0
[07:17:14 540][libtiny.so 0x174a04] [680603f9] 0x40174a04: "str x8, [x19, #0x608]" ; mem[WRITE] abs=0xbfffc9e8 x8=0xbfffb5d0 x19=0xbfffc3e0 => x8=0xbfffb5d0
[07:17:14 542][libtiny.so 0x174a08] [e84300d1] 0x40174a08: "sub x8, sp, #0x10" sp=0xbfffb5d0 => x8=0xbfffb5c0
[07:17:14 543][libtiny.so 0x174a0c] [1f010091] 0x40174a0c: "mov sp, x8" x8=0xbfffb5c0 => sp=0xbfffb5c0
[07:17:14 545][libtiny.so 0x174a10] [680a03f9] 0x40174a10: "str x8, [x19, #0x610]" ; mem[WRITE] abs=0xbfffc9f0 x8=0xbfffb5c0 x19=0xbfffc3e0 => x8=0xbfffb5c0
[07:17:14 546][libtiny.so 0x174a14] [e84300d1] 0x40174a14: "sub x8, sp, #0x10" sp=0xbfffb5c0 => x8=0xbfffb5b0
[07:17:14 548][libtiny.so 0x174a18] [1f010091] 0x40174a18: "mov sp, x8" x8=0xbfffb5b0 => sp=0xbfffb5b0
[07:17:14 549][libtiny.so 0x174a1c] [680e03f9] 0x40174a1c: "str x8, [x19, #0x618]" ; mem[WRITE] abs=0xbfffc9f8 x8=0xbfffb5b0 x19=0xbfffc3e0 => x8=0xbfffb5b0
[07:17:14 550][libtiny.so 0x174a20] [e84300d1] 0x40174a20: "sub x8, sp, #0x10" sp=0xbfffb5b0 => x8=0xbfffb5a0
[07:17:14 552][libtiny.so 0x174a24] [1f010091] 0x40174a24: "mov sp, x8" x8=0xbfffb5a0 => sp=0xbfffb5a0
[07:17:14 554][libtiny.so 0x174a28] [681203f9] 0x40174a28: "str x8, [x19, #0x620]" ; mem[WRITE] abs=0xbfffca00 x8=0xbfffb5a0 x19=0xbfffc3e0 => x8=0xbfffb5a0
[07:17:14 555][libtiny.so 0x174a2c] [e84300d1] 0x40174a2c: "sub x8, sp, #0x10" sp=0xbfffb5a0 => x8=0xbfffb590
[07:17:14 557][libtiny.so 0x174a30] [1f010091] 0x40174a30: "mov sp, x8" x8=0xbfffb590 => sp=0xbfffb590
[07:17:14 558][libtiny.so 0x174a34] [681603f9] 0x40174a34: "str x8, [x19, #0x628]" ; mem[WRITE] abs=0xbfffca08 x8=0xbfffb590 x19=0xbfffc3e0 => x8=0xbfffb590
[07:17:14 560][libtiny.so 0x174a38] [e84300d1] 0x40174a38: "sub x8, sp, #0x10" sp=0xbfffb590 => x8=0xbfffb580
[07:17:14 560][libtiny.so 0x174a3c] [1f010091] 0x40174a3c: "mov sp, x8" x8=0xbfffb580 => sp=0xbfffb580
[07:17:14 562][libtiny.so 0x174a40] [681a03f9] 0x40174a40: "str x8, [x19, #0x630]" ; mem[WRITE] abs=0xbfffca10 x8=0xbfffb580 x19=0xbfffc3e0 => x8=0xbfffb580
[07:17:14 563][libtiny.so 0x174a44] [e84300d1] 0x40174a44: "sub x8, sp, #0x10" sp=0xbfffb580 => x8=0xbfffb570
[07:17:14 565][libtiny.so 0x174a48] [1f010091] 0x40174a48: "mov sp, x8" x8=0xbfffb570 => sp=0xbfffb570
[07:17:14 565][libtiny.so 0x174a4c] [681e03f9] 0x40174a4c: "str x8, [x19, #0x638]" ; mem[WRITE] abs=0xbfffca18 x8=0xbfffb570 x19=0xbfffc3e0 => x8=0xbfffb570
[07:17:14 567][libtiny.so 0x174a50] [e84300d1] 0x40174a50: "sub x8, sp, #0x10" sp=0xbfffb570 => x8=0xbfffb560
[07:17:14 570][libtiny.so 0x174a54] [1f010091] 0x40174a54: "mov sp, x8" x8=0xbfffb560 => sp=0xbfffb560
[07:17:14 572][libtiny.so 0x174a58] [682203f9] 0x40174a58: "str x8, [x19, #0x640]" ; mem[WRITE] abs=0xbfffca20 x8=0xbfffb560 x19=0xbfffc3e0 => x8=0xbfffb560
[07:17:14 576][libtiny.so 0x174a5c] [e84300d1] 0x40174a5c: "sub x8, sp, #0x10" sp=0xbfffb560 => x8=0xbfffb550
[07:17:14 577][libtiny.so 0x174a60] [1f010091] 0x40174a60: "mov sp, x8" x8=0xbfffb550 => sp=0xbfffb550
[07:17:14 579][libtiny.so 0x174a64] [682603f9] 0x40174a64: "str x8, [x19, #0x648]" ; mem[WRITE] abs=0xbfffca28 x8=0xbfffb550 x19=0xbfffc3e0 => x8=0xbfffb550
[07:17:14 581][libtiny.so 0x174a68] [e84300d1] 0x40174a68: "sub x8, sp, #0x10" sp=0xbfffb550 => x8=0xbfffb540
[07:17:14 583][libtiny.so 0x174a6c] [1f010091] 0x40174a6c: "mov sp, x8" x8=0xbfffb540 => sp=0xbfffb540
[07:17:14 585][libtiny.so 0x174a70] [682a03f9] 0x40174a70: "str x8, [x19, #0x650]" ; mem[WRITE] abs=0xbfffca30 x8=0xbfffb540 x19=0xbfffc3e0 => x8=0xbfffb540
[07:17:14 586][libtiny.so 0x174a74] [e84300d1] 0x40174a74: "sub x8, sp, #0x10" sp=0xbfffb540 => x8=0xbfffb530
[07:17:14 588][libtiny.so 0x174a78] [1f010091] 0x40174a78: "mov sp, x8" x8=0xbfffb530 => sp=0xbfffb530
[07:17:14 590][libtiny.so 0x174a7c] [892d00b0] 0x40174a7c: "adrp x9, #0x40725000" => x9=0x40725000
[07:17:14 593][libtiny.so 0x174a80] [0a328052] 0x40174a80: "movz w10, #0x190" w10=0xfce40c84 => w10=0x190
[07:17:14 596][libtiny.so 0x174a84] [4b0000d0] 0x40174a84: "adrp x11, #0x4017e000" => x11=0x4017e000
[07:17:14 598][libtiny.so 0x174a88] [296d40f9] 0x40174a88: "ldr x9, [x9, #0xd8]" ; mem[READ] abs=0x407250d8 x9=0x40725000 => x9=0x437b69b0
[07:17:14 600][libtiny.so 0x174a8c] [4adca072] 0x40174a8c: "movk w10, #0x6e2, lsl #16" w10=0x190 => w10=0x6e20190
[07:17:14 601][libtiny.so 0x174a90] [6b610791] 0x40174a90: "add x11, x11, #0x1d8" x11=0x4017e000 => x11=0x4017e1d8
[07:17:14 603][libtiny.so 0x174a94] [6a010a8b] 0x40174a94: "add x10, x11, x10" x11=0x4017e1d8 x10=0x6e20190 => x10=0x46f9e368
[07:17:14 606][libtiny.so 0x174a98] [8c618f52] 0x40174a98: "movz w12, #0x7b0c" w12=0x2cc6ce4 => w12=0x7b0c
[07:17:14 608][libtiny.so 0x174a9c] [6b010a4b] 0x40174a9c: "sub w11, w11, w10" w11=0x4017e1d8 w10=0x46f9e368 => w11=0xf91dfe70
[07:17:14 610][libtiny.so 0x174aa0] [cc6fa072] 0x40174aa0: "movk w12, #0x37e, lsl #16" w12=0x7b0c => w12=0x37e7b0c
[07:17:14 612][libtiny.so 0x174aa4] [6b010c0b] 0x40174aa4: "add w11, w11, w12" w11=0xf91dfe70 w12=0x37e7b0c => w11=0xfc9c797c
[07:17:14 613][libtiny.so 0x174aa8] [2bc12b8b] 0x40174aa8: "add x11, x9, w11, sxtw" x9=0x437b69b0 w11=0xfc9c797c => x11=0x4017e32c
[07:17:14 615][libtiny.so 0x174aac] [682e03f9] 0x40174aac: "str x8, [x19, #0x658]" ; mem[WRITE] abs=0xbfffca38 x8=0xbfffb530 x19=0xbfffc3e0 => x8=0xbfffb530
[07:17:14 616][libtiny.so 0x174ab0] [e9030aaa] 0x40174ab0: "mov x9, x10" x10=0x46f9e368 => x9=0x46f9e368
[07:17:14 618][libtiny.so 0x174ab4] [60011fd6] 0x40174ab4: "br x11" x11=0x4017e32c
[07:17:14 620][libtiny.so 0x17e32c] [282d00f0] 0x4017e32c: "adrp x8, #0x40725000" => x8=0x40725000
[07:17:14 622][libtiny.so 0x17e330] [086940f9] 0x4017e330: "ldr x8, [x8, #0xd0]" ; mem[READ] abs=0x407250d0 x8=0x40725000 => x8=0x438e804c
[07:17:14 624][libtiny.so 0x17e334] [eb1f9492] 0x4017e334: "movn x11, #0xa0ff" x11=0x4017e32c => x11=0xffffffffffff5f00
[07:17:14 627][libtiny.so 0x17e338] [ea098092] 0x4017e338: "movn x10, #0x4f" x10=0x46f9e368 => x10=0xffffffffffffffb0
[07:17:14 628][libtiny.so 0x17e33c] [2b91bff2] 0x4017e33c: "movk x11, #0xfc89, lsl #16" x11=0xffffffffffff5f00 => x11=0xfffffffffc895f00
[07:17:14 631][libtiny.so 0x17e340] [0a8abff2] 0x4017e340: "movk x10, #0xfc50, lsl #16" x10=0xffffffffffffffb0 => x10=0xfffffffffc50ffb0
[07:17:14 634][libtiny.so 0x17e344] [08010b8b] 0x4017e344: "add x8, x8, x11" x8=0x438e804c x11=0xfffffffffc895f00 => x8=0x4017df4c
[07:17:14 636][libtiny.so 0x17e348] [29010a8b] 0x4017e348: "add x9, x9, x10" x9=0x46f9e368 x10=0xfffffffffc50ffb0 => x9=0x434ae318
[07:17:14 637][libtiny.so 0x17e34c] [00011fd6] 0x4017e34c: "br x8" x8=0x4017df4c
[07:17:14 639][libtiny.so 0x17df4c] [e8278092] 0x4017df4c: "movn x8, #0x13f" x8=0x4017df4c => x8=0xfffffffffffffec0
[07:17:14 641][libtiny.so 0x17df50] [8899bff2] 0x4017df50: "movk x8, #0xfccc, lsl #16" x8=0xfffffffffffffec0 => x8=0xfffffffffcccfec0
[07:17:14 643][libtiny.so 0x17df54] [2801088b] 0x4017df54: "add x8, x9, x8" x9=0x434ae318 x8=0xfffffffffcccfec0 => x8=0x4017e1d8
[07:17:14 644][libtiny.so 0x17df58] [00011fd6] 0x4017df58: "br x8" x8=0x4017e1d8
[07:17:14 645][libtiny.so 0x17e1d8] [e84300d1] 0x4017e1d8: "sub x8, sp, #0x10" sp=0xbfffb530 => x8=0xbfffb520
[07:17:14 648][libtiny.so 0x17e1dc] [1f010091] 0x4017e1dc: "mov sp, x8" x8=0xbfffb520 => sp=0xbfffb520
[07:17:14 649][libtiny.so 0x17e1e0] [683203f9] 0x4017e1e0: "str x8, [x19, #0x660]" ; mem[WRITE] abs=0xbfffca40 x8=0xbfffb520 x19=0xbfffc3e0 => x8=0xbfffb520
[07:17:14 651][libtiny.so 0x17e1e4] [e84300d1] 0x4017e1e4: "sub x8, sp, #0x10" sp=0xbfffb520 => x8=0xbfffb510
[07:17:14 653][libtiny.so 0x17e1e8] [1f010091] 0x4017e1e8: "mov sp, x8" x8=0xbfffb510 => sp=0xbfffb510
[07:17:14 656][libtiny.so 0x17e1ec] [683603f9] 0x4017e1ec: "str x8, [x19, #0x668]" ; mem[WRITE] abs=0xbfffca48 x8=0xbfffb510 x19=0xbfffc3e0 => x8=0xbfffb510
[07:17:14 657][libtiny.so 0x17e1f0] [e84300d1] 0x4017e1f0: "sub x8, sp, #0x10" sp=0xbfffb510 => x8=0xbfffb500
[07:17:14 658][libtiny.so 0x17e1f4] [1f010091] 0x4017e1f4: "mov sp, x8" x8=0xbfffb500 => sp=0xbfffb500
[07:17:14 659][libtiny.so 0x17e1f8] [683a03f9] 0x4017e1f8: "str x8, [x19, #0x670]" ; mem[WRITE] abs=0xbfffca50 x8=0xbfffb500 x19=0xbfffc3e0 => x8=0xbfffb500
[07:17:14 661][libtiny.so 0x17e1fc] [e84300d1] 0x4017e1fc: "sub x8, sp, #0x10" sp=0xbfffb500 => x8=0xbfffb4f0
[07:17:14 662][libtiny.so 0x17e200] [1f010091] 0x4017e200: "mov sp, x8" x8=0xbfffb4f0 => sp=0xbfffb4f0
[07:17:14 663][libtiny.so 0x17e204] [683e03f9] 0x4017e204: "str x8, [x19, #0x678]" ; mem[WRITE] abs=0xbfffca58 x8=0xbfffb4f0 x19=0xbfffc3e0 => x8=0xbfffb4f0
[07:17:14 665][libtiny.so 0x17e208] [e84300d1] 0x4017e208: "sub x8, sp, #0x10" sp=0xbfffb4f0 => x8=0xbfffb4e0
[07:17:14 666][libtiny.so 0x17e20c] [1f010091] 0x4017e20c: "mov sp, x8" x8=0xbfffb4e0 => sp=0xbfffb4e0
[07:17:14 667][libtiny.so 0x17e210] [684203f9] 0x4017e210: "str x8, [x19, #0x680]" ; mem[WRITE] abs=0xbfffca60 x8=0xbfffb4e0 x19=0xbfffc3e0 => x8=0xbfffb4e0
[07:17:14 668][libtiny.so 0x17e214] [e84300d1] 0x4017e214: "sub x8, sp, #0x10" sp=0xbfffb4e0 => x8=0xbfffb4d0
[07:17:14 668][libtiny.so 0x17e218] [1f010091] 0x4017e218: "mov sp, x8" x8=0xbfffb4d0 => sp=0xbfffb4d0
[07:17:14 670][libtiny.so 0x17e21c] [684603f9] 0x4017e21c: "str x8, [x19, #0x688]" ; mem[WRITE] abs=0xbfffca68 x8=0xbfffb4d0 x19=0xbfffc3e0 => x8=0xbfffb4d0
[07:17:14 672][libtiny.so 0x17e220] [e84300d1] 0x4017e220: "sub x8, sp, #0x10" sp=0xbfffb4d0 => x8=0xbfffb4c0
[07:17:14 674][libtiny.so 0x17e224] [1f010091] 0x4017e224: "mov sp, x8" x8=0xbfffb4c0 => sp=0xbfffb4c0
[07:17:14 675][libtiny.so 0x17e228] [684a03f9] 0x4017e228: "str x8, [x19, #0x690]" ; mem[WRITE] abs=0xbfffca70 x8=0xbfffb4c0 x19=0xbfffc3e0 => x8=0xbfffb4c0
[07:17:14 677][libtiny.so 0x17e22c] [e84300d1] 0x4017e22c: "sub x8, sp, #0x10" sp=0xbfffb4c0 => x8=0xbfffb4b0
[07:17:14 678][libtiny.so 0x17e230] [1f010091] 0x4017e230: "mov sp, x8" x8=0xbfffb4b0 => sp=0xbfffb4b0
[07:17:14 679][libtiny.so 0x17e234] [684e03f9] 0x4017e234: "str x8, [x19, #0x698]" ; mem[WRITE] abs=0xbfffca78 x8=0xbfffb4b0 x19=0xbfffc3e0 => x8=0xbfffb4b0
[07:17:14 681][libtiny.so 0x17e238] [e84300d1] 0x4017e238: "sub x8, sp, #0x10" sp=0xbfffb4b0 => x8=0xbfffb4a0
[07:17:14 682][libtiny.so 0x17e23c] [1f010091] 0x4017e23c: "mov sp, x8" x8=0xbfffb4a0 => sp=0xbfffb4a0
[07:17:14 684][libtiny.so 0x17e240] [685203f9] 0x4017e240: "str x8, [x19, #0x6a0]" ; mem[WRITE] abs=0xbfffca80 x8=0xbfffb4a0 x19=0xbfffc3e0 => x8=0xbfffb4a0
[07:17:14 686][libtiny.so 0x17e244] [e84300d1] 0x4017e244: "sub x8, sp, #0x10" sp=0xbfffb4a0 => x8=0xbfffb490
[07:17:14 689][libtiny.so 0x17e248] [1f010091] 0x4017e248: "mov sp, x8" x8=0xbfffb490 => sp=0xbfffb490
[07:17:14 691][libtiny.so 0x17e24c] [685603f9] 0x4017e24c: "str x8, [x19, #0x6a8]" ; mem[WRITE] abs=0xbfffca88 x8=0xbfffb490 x19=0xbfffc3e0 => x8=0xbfffb490
[07:17:14 694][libtiny.so 0x17e250] [e84300d1] 0x4017e250: "sub x8, sp, #0x10" sp=0xbfffb490 => x8=0xbfffb480
[07:17:14 697][libtiny.so 0x17e254] [1f010091] 0x4017e254: "mov sp, x8" x8=0xbfffb480 => sp=0xbfffb480
[07:17:14 698][libtiny.so 0x17e258] [685a03f9] 0x4017e258: "str x8, [x19, #0x6b0]" ; mem[WRITE] abs=0xbfffca90 x8=0xbfffb480 x19=0xbfffc3e0 => x8=0xbfffb480
[07:17:14 701][libtiny.so 0x17e25c] [e84300d1] 0x4017e25c: "sub x8, sp, #0x10" sp=0xbfffb480 => x8=0xbfffb470
[07:17:14 702][libtiny.so 0x17e260] [1f010091] 0x4017e260: "mov sp, x8" x8=0xbfffb470 => sp=0xbfffb470
[07:17:14 704][libtiny.so 0x17e264] [685e03f9] 0x4017e264: "str x8, [x19, #0x6b8]" ; mem[WRITE] abs=0xbfffca98 x8=0xbfffb470 x19=0xbfffc3e0 => x8=0xbfffb470
[07:17:14 705][libtiny.so 0x17e268] [e84300d1] 0x4017e268: "sub x8, sp, #0x10" sp=0xbfffb470 => x8=0xbfffb460
[07:17:14 706][libtiny.so 0x17e26c] [1f010091] 0x4017e26c: "mov sp, x8" x8=0xbfffb460 => sp=0xbfffb460
[07:17:14 708][libtiny.so 0x17e270] [686203f9] 0x4017e270: "str x8, [x19, #0x6c0]" ; mem[WRITE] abs=0xbfffcaa0 x8=0xbfffb460 x19=0xbfffc3e0 => x8=0xbfffb460
[07:17:14 709][libtiny.so 0x17e274] [e84300d1] 0x4017e274: "sub x8, sp, #0x10" sp=0xbfffb460 => x8=0xbfffb450
[07:17:14 710][libtiny.so 0x17e278] [1f010091] 0x4017e278: "mov sp, x8" x8=0xbfffb450 => sp=0xbfffb450
[07:17:14 712][libtiny.so 0x17e27c] [686603f9] 0x4017e27c: "str x8, [x19, #0x6c8]" ; mem[WRITE] abs=0xbfffcaa8 x8=0xbfffb450 x19=0xbfffc3e0 => x8=0xbfffb450
[07:17:14 713][libtiny.so 0x17e280] [e84300d1] 0x4017e280: "sub x8, sp, #0x10" sp=0xbfffb450 => x8=0xbfffb440
[07:17:14 715][libtiny.so 0x17e284] [1f010091] 0x4017e284: "mov sp, x8" x8=0xbfffb440 => sp=0xbfffb440
[07:17:14 716][libtiny.so 0x17e288] [686a03f9] 0x4017e288: "str x8, [x19, #0x6d0]" ; mem[WRITE] abs=0xbfffcab0 x8=0xbfffb440 x19=0xbfffc3e0 => x8=0xbfffb440
[07:17:14 717][libtiny.so 0x17e28c] [e84300d1] 0x4017e28c: "sub x8, sp, #0x10" sp=0xbfffb440 => x8=0xbfffb430
[07:17:14 718][libtiny.so 0x17e290] [1f010091] 0x4017e290: "mov sp, x8" x8=0xbfffb430 => sp=0xbfffb430
[07:17:14 719][libtiny.so 0x17e294] [686e03f9] 0x4017e294: "str x8, [x19, #0x6d8]" ; mem[WRITE] abs=0xbfffcab8 x8=0xbfffb430 x19=0xbfffc3e0 => x8=0xbfffb430
[07:17:14 720][libtiny.so 0x17e298] [e84300d1] 0x4017e298: "sub x8, sp, #0x10" sp=0xbfffb430 => x8=0xbfffb420
[07:17:14 721][libtiny.so 0x17e29c] [1f010091] 0x4017e29c: "mov sp, x8" x8=0xbfffb420 => sp=0xbfffb420
[07:17:14 723][libtiny.so 0x17e2a0] [687203f9] 0x4017e2a0: "str x8, [x19, #0x6e0]" ; mem[WRITE] abs=0xbfffcac0 x8=0xbfffb420 x19=0xbfffc3e0 => x8=0xbfffb420
[07:17:14 724][libtiny.so 0x17e2a4] [e84300d1] 0x4017e2a4: "sub x8, sp, #0x10" sp=0xbfffb420 => x8=0xbfffb410
[07:17:14 725][libtiny.so 0x17e2a8] [1f010091] 0x4017e2a8: "mov sp, x8" x8=0xbfffb410 => sp=0xbfffb410
[07:17:14 726][libtiny.so 0x17e2ac] [687603f9] 0x4017e2ac: "str x8, [x19, #0x6e8]" ; mem[WRITE] abs=0xbfffcac8 x8=0xbfffb410 x19=0xbfffc3e0 => x8=0xbfffb410
[07:17:14 727][libtiny.so 0x17e2b0] [e84300d1] 0x4017e2b0: "sub x8, sp, #0x10" sp=0xbfffb410 => x8=0xbfffb400
[07:17:14 729][libtiny.so 0x17e2b4] [1f010091] 0x4017e2b4: "mov sp, x8" x8=0xbfffb400 => sp=0xbfffb400
[07:17:14 729][libtiny.so 0x17e2b8] [687a03f9] 0x4017e2b8: "str x8, [x19, #0x6f0]" ; mem[WRITE] abs=0xbfffcad0 x8=0xbfffb400 x19=0xbfffc3e0 => x8=0xbfffb400
[07:17:14 730][libtiny.so 0x17e2bc] [e84300d1] 0x4017e2bc: "sub x8, sp, #0x10" sp=0xbfffb400 => x8=0xbfffb3f0
[07:17:14 731][libtiny.so 0x17e2c0] [1f010091] 0x4017e2c0: "mov sp, x8" x8=0xbfffb3f0 => sp=0xbfffb3f0
[07:17:14 733][libtiny.so 0x17e2c4] [687e03f9] 0x4017e2c4: "str x8, [x19, #0x6f8]" ; mem[WRITE] abs=0xbfffcad8 x8=0xbfffb3f0 x19=0xbfffc3e0 => x8=0xbfffb3f0
[07:17:14 734][libtiny.so 0x17e2c8] [e84300d1] 0x4017e2c8: "sub x8, sp, #0x10" sp=0xbfffb3f0 => x8=0xbfffb3e0
[07:17:14 736][libtiny.so 0x17e2cc] [1f010091] 0x4017e2cc: "mov sp, x8" x8=0xbfffb3e0 => sp=0xbfffb3e0
[07:17:14 737][libtiny.so 0x17e2d0] [688203f9] 0x4017e2d0: "str x8, [x19, #0x700]" ; mem[WRITE] abs=0xbfffcae0 x8=0xbfffb3e0 x19=0xbfffc3e0 => x8=0xbfffb3e0
[07:17:14 738][libtiny.so 0x17e2d4] [e84300d1] 0x4017e2d4: "sub x8, sp, #0x10" sp=0xbfffb3e0 => x8=0xbfffb3d0
[07:17:14 739][libtiny.so 0x17e2d8] [1f010091] 0x4017e2d8: "mov sp, x8" x8=0xbfffb3d0 => sp=0xbfffb3d0
[07:17:14 740][libtiny.so 0x17e2dc] [688603f9] 0x4017e2dc: "str x8, [x19, #0x708]" ; mem[WRITE] abs=0xbfffcae8 x8=0xbfffb3d0 x19=0xbfffc3e0 => x8=0xbfffb3d0
[07:17:14 741][libtiny.so 0x17e2e0] [e84300d1] 0x4017e2e0: "sub x8, sp, #0x10" sp=0xbfffb3d0 => x8=0xbfffb3c0
[07:17:14 743][libtiny.so 0x17e2e4] [1f010091] 0x4017e2e4: "mov sp, x8" x8=0xbfffb3c0 => sp=0xbfffb3c0
[07:17:14 745][libtiny.so 0x17e2e8] [688a03f9] 0x4017e2e8: "str x8, [x19, #0x710]" ; mem[WRITE] abs=0xbfffcaf0 x8=0xbfffb3c0 x19=0xbfffc3e0 => x8=0xbfffb3c0
[07:17:14 747][libtiny.so 0x17e2ec] [e84300d1] 0x4017e2ec: "sub x8, sp, #0x10" sp=0xbfffb3c0 => x8=0xbfffb3b0
[07:17:14 748][libtiny.so 0x17e2f0] [1f010091] 0x4017e2f0: "mov sp, x8" x8=0xbfffb3b0 => sp=0xbfffb3b0
[07:17:14 749][libtiny.so 0x17e2f4] [0a109a52] 0x4017e2f4: "movz w10, #0xd080" w10=0xfc50ffb0 => w10=0xd080
[07:17:14 751][libtiny.so 0x17e2f8] [6b0000f0] 0x4017e2f8: "adrp x11, #0x4018d000" => x11=0x4018d000
[07:17:14 752][libtiny.so 0x17e2fc] [292d00f0] 0x4017e2fc: "adrp x9, #0x40725000" => x9=0x40725000
[07:17:14 753][libtiny.so 0x17e300] [ea76a072] 0x4017e300: "movk w10, #0x3b7, lsl #16" w10=0xd080 => w10=0x3b7d080
[07:17:14 755][libtiny.so 0x17e304] [6b811191] 0x4017e304: "add x11, x11, #0x460" x11=0x4018d000 => x11=0x4018d460
[07:17:14 758][libtiny.so 0x17e308] [290943f9] 0x4017e308: "ldr x9, [x9, #0x610]" ; mem[READ] abs=0x40725610 x9=0x40725000 => x9=0x436f502c
[07:17:14 760][libtiny.so 0x17e30c] [6d010a8b] 0x4017e30c: "add x13, x11, x10" x11=0x4018d460 x10=0x3b7d080 => x13=0x43d0a4e0
[07:17:14 762][libtiny.so 0x17e310] [6a010d4b] 0x4017e310: "sub w10, w11, w13" w11=0x4018d460 w13=0x43d0a4e0 => w10=0xfc482f80
[07:17:14 763][libtiny.so 0x17e314] [8b948a52] 0x4017e314: "movz w11, #0x54a4" w11=0x4018d460 => w11=0x54a4
[07:17:14 764][libtiny.so 0x17e318] [2b0ca072] 0x4017e318: "movk w11, #0x61, lsl #16" w11=0x54a4 => w11=0x6154a4
[07:17:14 765][libtiny.so 0x17e31c] [4a010b0b] 0x4017e31c: "add w10, w10, w11" w10=0xfc482f80 w11=0x6154a4 => w10=0xfca98424
[07:17:14 766][libtiny.so 0x17e320] [29c12a8b] 0x4017e320: "add x9, x9, w10, sxtw" x9=0x436f502c w10=0xfca98424 => x9=0x4018d450
[07:17:14 767][libtiny.so 0x17e324] [688e03f9] 0x4017e324: "str x8, [x19, #0x718]" ; mem[WRITE] abs=0xbfffcaf8 x8=0xbfffb3b0 x19=0xbfffc3e0 => x8=0xbfffb3b0
[07:17:14 768][libtiny.so 0x17e328] [20011fd6] 0x4017e328: "br x9" x9=0x4018d450
[07:17:14 770][libtiny.so 0x18d450] [e80f9a92] 0x4018d450: "movn x8, #0xd07f" x8=0xbfffb3b0 => x8=0xffffffffffff2f80
[07:17:14 771][libtiny.so 0x18d454] [0889bff2] 0x4018d454: "movk x8, #0xfc48, lsl #16" x8=0xffffffffffff2f80 => x8=0xfffffffffc482f80
[07:17:14 771][libtiny.so 0x18d458] [a801088b] 0x4018d458: "add x8, x13, x8" x13=0x43d0a4e0 x8=0xfffffffffc482f80 => x8=0x4018d460
[07:17:14 772][libtiny.so 0x18d45c] [00011fd6] 0x4018d45c: "br x8" x8=0x4018d460
[07:17:14 773][libtiny.so 0x18d460] [e84300d1] 0x4018d460: "sub x8, sp, #0x10" sp=0xbfffb3b0 => x8=0xbfffb3a0
[07:17:14 773][libtiny.so 0x18d464] [1f010091] 0x4018d464: "mov sp, x8" x8=0xbfffb3a0 => sp=0xbfffb3a0
[07:17:14 774][libtiny.so 0x18d468] [0a738052] 0x4018d468: "movz w10, #0x398" w10=0xfca98424 => w10=0x398
[07:17:14 776][libtiny.so 0x18d46c] [2b000090] 0x4018d46c: "adrp x11, #0x40191000" => x11=0x40191000
[07:17:14 776][libtiny.so 0x18d470] [c92c0090] 0x4018d470: "adrp x9, #0x40725000" => x9=0x40725000
[07:17:14 777][libtiny.so 0x18d474] [6a79a072] 0x4018d474: "movk w10, #0x3cb, lsl #16" w10=0x398 => w10=0x3cb0398
[07:17:14 778][libtiny.so 0x18d478] [6bb11891] 0x4018d478: "add x11, x11, #0x62c" x11=0x40191000 => x11=0x4019162c
[07:17:14 779][libtiny.so 0x18d47c] [29c943f9] 0x4018d47c: "ldr x9, [x9, #0x790]" ; mem[READ] abs=0x40725790 x9=0x40725000 => x9=0x4351d118
[07:17:14 780][libtiny.so 0x18d480] [64010a8b] 0x4018d480: "add x4, x11, x10" x11=0x4019162c x10=0x3cb0398 => x4=0x43e419c4
[07:17:14 781][libtiny.so 0x18d484] [6a01044b] 0x4018d484: "sub w10, w11, w4" w11=0x4019162c w4=0x43e419c4 => w10=0xfc34fc68
[07:17:14 782][libtiny.so 0x18d488] [8bde8852] 0x4018d488: "movz w11, #0x46f4" w11=0x4019162c => w11=0x46f4
[07:17:14 782][libtiny.so 0x18d48c] [4b12a072] 0x4018d48c: "movk w11, #0x92, lsl #16" w11=0x46f4 => w11=0x9246f4
[07:17:14 784][libtiny.so 0x18d490] [4a010b0b] 0x4018d490: "add w10, w10, w11" w10=0xfc34fc68 w11=0x9246f4 => w10=0xfcc7435c
[07:17:14 785][libtiny.so 0x18d494] [29c12a8b] 0x4018d494: "add x9, x9, w10, sxtw" x9=0x4351d118 w10=0xfcc7435c => x9=0x40191474
[07:17:14 786][libtiny.so 0x18d498] [689203f9] 0x4018d498: "str x8, [x19, #0x720]" ; mem[WRITE] abs=0xbfffcb00 x8=0xbfffb3a0 x19=0xbfffc3e0 => x8=0xbfffb3a0
[07:17:14 788][libtiny.so 0x18d49c] [20011fd6] 0x4018d49c: "br x9" x9=0x40191474
[07:17:14 789][libtiny.so 0x191474] [e8728092] 0x40191474: "movn x8, #0x397" x8=0xbfffb3a0 => x8=0xfffffffffffffc68
[07:17:14 791][libtiny.so 0x191478] [8886bff2] 0x40191478: "movk x8, #0xfc34, lsl #16" x8=0xfffffffffffffc68 => x8=0xfffffffffc34fc68
[07:17:14 792][libtiny.so 0x19147c] [8800088b] 0x4019147c: "add x8, x4, x8" x4=0x43e419c4 x8=0xfffffffffc34fc68 => x8=0x4019162c
[07:17:14 793][libtiny.so 0x191480] [00011fd6] 0x40191480: "br x8" x8=0x4019162c
[07:17:14 794][libtiny.so 0x19162c] [e84300d1] 0x4019162c: "sub x8, sp, #0x10" sp=0xbfffb3a0 => x8=0xbfffb390
[07:17:14 795][libtiny.so 0x191630] [1f010091] 0x40191630: "mov sp, x8" x8=0xbfffb390 => sp=0xbfffb390
[07:17:14 797][libtiny.so 0x191634] [689603f9] 0x40191634: "str x8, [x19, #0x728]" ; mem[WRITE] abs=0xbfffcb08 x8=0xbfffb390 x19=0xbfffc3e0 => x8=0xbfffb390
[07:17:14 798][libtiny.so 0x191638] [e84300d1] 0x40191638: "sub x8, sp, #0x10" sp=0xbfffb390 => x8=0xbfffb380
[07:17:14 798][libtiny.so 0x19163c] [1f010091] 0x4019163c: "mov sp, x8" x8=0xbfffb380 => sp=0xbfffb380
[07:17:14 800][libtiny.so 0x191640] [689a03f9] 0x40191640: "str x8, [x19, #0x730]" ; mem[WRITE] abs=0xbfffcb10 x8=0xbfffb380 x19=0xbfffc3e0 => x8=0xbfffb380
[07:17:14 801][libtiny.so 0x191644] [e84300d1] 0x40191644: "sub x8, sp, #0x10" sp=0xbfffb380 => x8=0xbfffb370
[07:17:14 802][libtiny.so 0x191648] [1f010091] 0x40191648: "mov sp, x8" x8=0xbfffb370 => sp=0xbfffb370
[07:17:14 802][libtiny.so 0x19164c] [689e03f9] 0x4019164c: "str x8, [x19, #0x738]" ; mem[WRITE] abs=0xbfffcb18 x8=0xbfffb370 x19=0xbfffc3e0 => x8=0xbfffb370
[07:17:14 803][libtiny.so 0x191650] [e84300d1] 0x40191650: "sub x8, sp, #0x10" sp=0xbfffb370 => x8=0xbfffb360
[07:17:14 805][libtiny.so 0x191654] [1f010091] 0x40191654: "mov sp, x8" x8=0xbfffb360 => sp=0xbfffb360
[07:17:14 805][libtiny.so 0x191658] [68a203f9] 0x40191658: "str x8, [x19, #0x740]" ; mem[WRITE] abs=0xbfffcb20 x8=0xbfffb360 x19=0xbfffc3e0 => x8=0xbfffb360
[07:17:14 806][libtiny.so 0x19165c] [e84300d1] 0x4019165c: "sub x8, sp, #0x10" sp=0xbfffb360 => x8=0xbfffb350
[07:17:14 807][libtiny.so 0x191660] [1f010091] 0x40191660: "mov sp, x8" x8=0xbfffb350 => sp=0xbfffb350
[07:17:14 807][libtiny.so 0x191664] [68a603f9] 0x40191664: "str x8, [x19, #0x748]" ; mem[WRITE] abs=0xbfffcb28 x8=0xbfffb350 x19=0xbfffc3e0 => x8=0xbfffb350
[07:17:14 808][libtiny.so 0x191668] [e84300d1] 0x40191668: "sub x8, sp, #0x10" sp=0xbfffb350 => x8=0xbfffb340
[07:17:14 809][libtiny.so 0x19166c] [1f010091] 0x4019166c: "mov sp, x8" x8=0xbfffb340 => sp=0xbfffb340
[07:17:14 809][libtiny.so 0x191670] [68aa03f9] 0x40191670: "str x8, [x19, #0x750]" ; mem[WRITE] abs=0xbfffcb30 x8=0xbfffb340 x19=0xbfffc3e0 => x8=0xbfffb340
[07:17:14 810][libtiny.so 0x191674] [e84300d1] 0x40191674: "sub x8, sp, #0x10" sp=0xbfffb340 => x8=0xbfffb330
[07:17:14 810][libtiny.so 0x191678] [1f010091] 0x40191678: "mov sp, x8" x8=0xbfffb330 => sp=0xbfffb330
[07:17:14 812][libtiny.so 0x19167c] [68ae03f9] 0x4019167c: "str x8, [x19, #0x758]" ; mem[WRITE] abs=0xbfffcb38 x8=0xbfffb330 x19=0xbfffc3e0 => x8=0xbfffb330
[07:17:14 812][libtiny.so 0x191680] [e84300d1] 0x40191680: "sub x8, sp, #0x10" sp=0xbfffb330 => x8=0xbfffb320
[07:17:14 813][libtiny.so 0x191684] [1f010091] 0x40191684: "mov sp, x8" x8=0xbfffb320 => sp=0xbfffb320
[07:17:14 815][libtiny.so 0x191688] [68b203f9] 0x40191688: "str x8, [x19, #0x760]" ; mem[WRITE] abs=0xbfffcb40 x8=0xbfffb320 x19=0xbfffc3e0 => x8=0xbfffb320
[07:17:14 815][libtiny.so 0x19168c] [e84300d1] 0x4019168c: "sub x8, sp, #0x10" sp=0xbfffb320 => x8=0xbfffb310
[07:17:14 816][libtiny.so 0x191690] [1f010091] 0x40191690: "mov sp, x8" x8=0xbfffb310 => sp=0xbfffb310
[07:17:14 817][libtiny.so 0x191694] [68b603f9] 0x40191694: "str x8, [x19, #0x768]" ; mem[WRITE] abs=0xbfffcb48 x8=0xbfffb310 x19=0xbfffc3e0 => x8=0xbfffb310
[07:17:14 817][libtiny.so 0x191698] [e84300d1] 0x40191698: "sub x8, sp, #0x10" sp=0xbfffb310 => x8=0xbfffb300
[07:17:14 818][libtiny.so 0x19169c] [1f010091] 0x4019169c: "mov sp, x8" x8=0xbfffb300 => sp=0xbfffb300
[07:17:14 819][libtiny.so 0x1916a0] [68ba03f9] 0x401916a0: "str x8, [x19, #0x770]" ; mem[WRITE] abs=0xbfffcb50 x8=0xbfffb300 x19=0xbfffc3e0 => x8=0xbfffb300
[07:17:14 819][libtiny.so 0x1916a4] [e84300d1] 0x401916a4: "sub x8, sp, #0x10" sp=0xbfffb300 => x8=0xbfffb2f0
[07:17:14 820][libtiny.so 0x1916a8] [1f010091] 0x401916a8: "mov sp, x8" x8=0xbfffb2f0 => sp=0xbfffb2f0
[07:17:14 821][libtiny.so 0x1916ac] [68be03f9] 0x401916ac: "str x8, [x19, #0x778]" ; mem[WRITE] abs=0xbfffcb58 x8=0xbfffb2f0 x19=0xbfffc3e0 => x8=0xbfffb2f0
[07:17:14 822][libtiny.so 0x1916b0] [e84300d1] 0x401916b0: "sub x8, sp, #0x10" sp=0xbfffb2f0 => x8=0xbfffb2e0
[07:17:14 822][libtiny.so 0x1916b4] [1f010091] 0x401916b4: "mov sp, x8" x8=0xbfffb2e0 => sp=0xbfffb2e0
[07:17:14 823][libtiny.so 0x1916b8] [68c203f9] 0x401916b8: "str x8, [x19, #0x780]" ; mem[WRITE] abs=0xbfffcb60 x8=0xbfffb2e0 x19=0xbfffc3e0 => x8=0xbfffb2e0
[07:17:14 824][libtiny.so 0x1916bc] [e84300d1] 0x401916bc: "sub x8, sp, #0x10" sp=0xbfffb2e0 => x8=0xbfffb2d0
[07:17:14 824][libtiny.so 0x1916c0] [1f010091] 0x401916c0: "mov sp, x8" x8=0xbfffb2d0 => sp=0xbfffb2d0
[07:17:14 825][libtiny.so 0x1916c4] [68c603f9] 0x401916c4: "str x8, [x19, #0x788]" ; mem[WRITE] abs=0xbfffcb68 x8=0xbfffb2d0 x19=0xbfffc3e0 => x8=0xbfffb2d0
[07:17:14 825][libtiny.so 0x1916c8] [e84300d1] 0x401916c8: "sub x8, sp, #0x10" sp=0xbfffb2d0 => x8=0xbfffb2c0
[07:17:14 826][libtiny.so 0x1916cc] [1f010091] 0x401916cc: "mov sp, x8" x8=0xbfffb2c0 => sp=0xbfffb2c0
[07:17:14 826][libtiny.so 0x1916d0] [68ca03f9] 0x401916d0: "str x8, [x19, #0x790]" ; mem[WRITE] abs=0xbfffcb70 x8=0xbfffb2c0 x19=0xbfffc3e0 => x8=0xbfffb2c0
[07:17:14 827][libtiny.so 0x1916d4] [e84300d1] 0x401916d4: "sub x8, sp, #0x10" sp=0xbfffb2c0 => x8=0xbfffb2b0
[07:17:14 828][libtiny.so 0x1916d8] [1f010091] 0x401916d8: "mov sp, x8" x8=0xbfffb2b0 => sp=0xbfffb2b0
[07:17:14 828][libtiny.so 0x1916dc] [68ce03f9] 0x401916dc: "str x8, [x19, #0x798]" ; mem[WRITE] abs=0xbfffcb78 x8=0xbfffb2b0 x19=0xbfffc3e0 => x8=0xbfffb2b0
[07:17:14 829][libtiny.so 0x1916e0] [e84300d1] 0x401916e0: "sub x8, sp, #0x10" sp=0xbfffb2b0 => x8=0xbfffb2a0
[07:17:14 830][libtiny.so 0x1916e4] [1f010091] 0x401916e4: "mov sp, x8" x8=0xbfffb2a0 => sp=0xbfffb2a0
[07:17:14 831][libtiny.so 0x1916e8] [68d203f9] 0x401916e8: "str x8, [x19, #0x7a0]" ; mem[WRITE] abs=0xbfffcb80 x8=0xbfffb2a0 x19=0xbfffc3e0 => x8=0xbfffb2a0
[07:17:14 832][libtiny.so 0x1916ec] [e84300d1] 0x401916ec: "sub x8, sp, #0x10" sp=0xbfffb2a0 => x8=0xbfffb290
[07:17:14 833][libtiny.so 0x1916f0] [1f010091] 0x401916f0: "mov sp, x8" x8=0xbfffb290 => sp=0xbfffb290
[07:17:14 833][libtiny.so 0x1916f4] [68d603f9] 0x401916f4: "str x8, [x19, #0x7a8]" ; mem[WRITE] abs=0xbfffcb88 x8=0xbfffb290 x19=0xbfffc3e0 => x8=0xbfffb290
[07:17:14 835][libtiny.so 0x1916f8] [e84300d1] 0x401916f8: "sub x8, sp, #0x10" sp=0xbfffb290 => x8=0xbfffb280
[07:17:14 835][libtiny.so 0x1916fc] [1f010091] 0x401916fc: "mov sp, x8" x8=0xbfffb280 => sp=0xbfffb280
[07:17:14 835][libtiny.so 0x191700] [68da03f9] 0x40191700: "str x8, [x19, #0x7b0]" ; mem[WRITE] abs=0xbfffcb90 x8=0xbfffb280 x19=0xbfffc3e0 => x8=0xbfffb280
[07:17:14 836][libtiny.so 0x191704] [e84300d1] 0x40191704: "sub x8, sp, #0x10" sp=0xbfffb280 => x8=0xbfffb270
[07:17:14 836][libtiny.so 0x191708] [1f010091] 0x40191708: "mov sp, x8" x8=0xbfffb270 => sp=0xbfffb270
[07:17:14 838][libtiny.so 0x19170c] [68de03f9] 0x4019170c: "str x8, [x19, #0x7b8]" ; mem[WRITE] abs=0xbfffcb98 x8=0xbfffb270 x19=0xbfffc3e0 => x8=0xbfffb270
[07:17:14 839][libtiny.so 0x191710] [e84300d1] 0x40191710: "sub x8, sp, #0x10" sp=0xbfffb270 => x8=0xbfffb260
[07:17:14 839][libtiny.so 0x191714] [1f010091] 0x40191714: "mov sp, x8" x8=0xbfffb260 => sp=0xbfffb260
[07:17:14 840][libtiny.so 0x191718] [68e203f9] 0x40191718: "str x8, [x19, #0x7c0]" ; mem[WRITE] abs=0xbfffcba0 x8=0xbfffb260 x19=0xbfffc3e0 => x8=0xbfffb260
[07:17:14 841][libtiny.so 0x19171c] [e84300d1] 0x4019171c: "sub x8, sp, #0x10" sp=0xbfffb260 => x8=0xbfffb250
[07:17:14 842][libtiny.so 0x191720] [1f010091] 0x40191720: "mov sp, x8" x8=0xbfffb250 => sp=0xbfffb250
[07:17:14 842][libtiny.so 0x191724] [68e603f9] 0x40191724: "str x8, [x19, #0x7c8]" ; mem[WRITE] abs=0xbfffcba8 x8=0xbfffb250 x19=0xbfffc3e0 => x8=0xbfffb250
[07:17:14 843][libtiny.so 0x191728] [e84300d1] 0x40191728: "sub x8, sp, #0x10" sp=0xbfffb250 => x8=0xbfffb240
[07:17:14 843][libtiny.so 0x19172c] [1f010091] 0x4019172c: "mov sp, x8" x8=0xbfffb240 => sp=0xbfffb240
[07:17:14 844][libtiny.so 0x191730] [68ea03f9] 0x40191730: "str x8, [x19, #0x7d0]" ; mem[WRITE] abs=0xbfffcbb0 x8=0xbfffb240 x19=0xbfffc3e0 => x8=0xbfffb240
[07:17:14 845][libtiny.so 0x191734] [e84300d1] 0x40191734: "sub x8, sp, #0x10" sp=0xbfffb240 => x8=0xbfffb230
[07:17:14 846][libtiny.so 0x191738] [1f010091] 0x40191738: "mov sp, x8" x8=0xbfffb230 => sp=0xbfffb230
[07:17:14 847][libtiny.so 0x19173c] [68ee03f9] 0x4019173c: "str x8, [x19, #0x7d8]" ; mem[WRITE] abs=0xbfffcbb8 x8=0xbfffb230 x19=0xbfffc3e0 => x8=0xbfffb230
[07:17:14 848][libtiny.so 0x191740] [e84300d1] 0x40191740: "sub x8, sp, #0x10" sp=0xbfffb230 => x8=0xbfffb220
[07:17:14 849][libtiny.so 0x191744] [1f010091] 0x40191744: "mov sp, x8" x8=0xbfffb220 => sp=0xbfffb220
[07:17:14 850][libtiny.so 0x191748] [892c00f0] 0x40191748: "adrp x9, #0x40724000" => x9=0x40724000
[07:17:14 851][libtiny.so 0x19174c] [0a5f9c52] 0x4019174c: "movz w10, #0xe2f8" w10=0xfcc7435c => w10=0xe2f8
[07:17:14 852][libtiny.so 0x191750] [2bffffd0] 0x40191750: "adrp x11, #0x40177000" => x11=0x40177000
[07:17:14 853][libtiny.so 0x191754] [293947f9] 0x40191754: "ldr x9, [x9, #0xe70]" ; mem[READ] abs=0x40724e70 x9=0x40724000 => x9=0x43f8df80
[07:17:14 855][libtiny.so 0x191758] [4a6aa072] 0x40191758: "movk w10, #0x352, lsl #16" w10=0xe2f8 => w10=0x352e2f8
[07:17:14 855][libtiny.so 0x19175c] [6ba12b91] 0x4019175c: "add x11, x11, #0xae8" x11=0x40177000 => x11=0x40177ae8
[07:17:14 857][libtiny.so 0x191760] [6a010a8b] 0x40191760: "add x10, x11, x10" x11=0x40177ae8 x10=0x352e2f8 => x10=0x436a5de0
[07:17:14 857][libtiny.so 0x191764] [0cca8f52] 0x40191764: "movz w12, #0x7e50" w12=0x37e7b0c => w12=0x7e50
[07:17:14 858][libtiny.so 0x191768] [6b010a4b] 0x40191768: "sub w11, w11, w10" w11=0x40177ae8 w10=0x436a5de0 => w11=0xfcad1d08
[07:17:14 859][libtiny.so 0x19176c] [2ceebf72] 0x4019176c: "movk w12, #0xff71, lsl #16" w12=0x7e50 => w12=0xff717e50
[07:17:14 860][libtiny.so 0x191770] [6b010c0b] 0x40191770: "add w11, w11, w12" w11=0xfcad1d08 w12=0xff717e50 => w11=0xfc1e9b58
[07:17:14 861][libtiny.so 0x191774] [2bc12b8b] 0x40191774: "add x11, x9, w11, sxtw" x9=0x43f8df80 w11=0xfc1e9b58 => x11=0x40177ad8
[07:17:14 862][libtiny.so 0x191778] [68f203f9] 0x40191778: "str x8, [x19, #0x7e0]" ; mem[WRITE] abs=0xbfffcbc0 x8=0xbfffb220 x19=0xbfffc3e0 => x8=0xbfffb220
[07:17:14 863][libtiny.so 0x19177c] [e9030aaa] 0x4019177c: "mov x9, x10" x10=0x436a5de0 => x9=0x436a5de0
[07:17:14 863][libtiny.so 0x191780] [60011fd6] 0x40191780: "br x11" x11=0x40177ad8
[07:17:14 864][libtiny.so 0x177ad8] [e85e9c92] 0x40177ad8: "movn x8, #0xe2f7" x8=0xbfffb220 => x8=0xffffffffffff1d08
[07:17:14 864][libtiny.so 0x177adc] [a895bff2] 0x40177adc: "movk x8, #0xfcad, lsl #16" x8=0xffffffffffff1d08 => x8=0xfffffffffcad1d08
[07:17:14 866][libtiny.so 0x177ae0] [2801088b] 0x40177ae0: "add x8, x9, x8" x9=0x436a5de0 x8=0xfffffffffcad1d08 => x8=0x40177ae8
[07:17:14 866][libtiny.so 0x177ae4] [00011fd6] 0x40177ae4: "br x8" x8=0x40177ae8
[07:17:14 867][libtiny.so 0x177ae8] [e84300d1] 0x40177ae8: "sub x8, sp, #0x10" sp=0xbfffb220 => x8=0xbfffb210
[07:17:14 869][libtiny.so 0x177aec] [1f010091] 0x40177aec: "mov sp, x8" x8=0xbfffb210 => sp=0xbfffb210
[07:17:14 870][libtiny.so 0x177af0] [68f603f9] 0x40177af0: "str x8, [x19, #0x7e8]" ; mem[WRITE] abs=0xbfffcbc8 x8=0xbfffb210 x19=0xbfffc3e0 => x8=0xbfffb210
[07:17:14 870][libtiny.so 0x177af4] [e84300d1] 0x40177af4: "sub x8, sp, #0x10" sp=0xbfffb210 => x8=0xbfffb200
[07:17:14 871][libtiny.so 0x177af8] [1f010091] 0x40177af8: "mov sp, x8" x8=0xbfffb200 => sp=0xbfffb200
[07:17:14 873][libtiny.so 0x177afc] [68fa03f9] 0x40177afc: "str x8, [x19, #0x7f0]" ; mem[WRITE] abs=0xbfffcbd0 x8=0xbfffb200 x19=0xbfffc3e0 => x8=0xbfffb200
[07:17:14 874][libtiny.so 0x177b00] [e84300d1] 0x40177b00: "sub x8, sp, #0x10" sp=0xbfffb200 => x8=0xbfffb1f0
[07:17:14 874][libtiny.so 0x177b04] [1f010091] 0x40177b04: "mov sp, x8" x8=0xbfffb1f0 => sp=0xbfffb1f0
[07:17:14 876][libtiny.so 0x177b08] [68fe03f9] 0x40177b08: "str x8, [x19, #0x7f8]" ; mem[WRITE] abs=0xbfffcbd8 x8=0xbfffb1f0 x19=0xbfffc3e0 => x8=0xbfffb1f0
[07:17:14 877][libtiny.so 0x177b0c] [e84300d1] 0x40177b0c: "sub x8, sp, #0x10" sp=0xbfffb1f0 => x8=0xbfffb1e0
[07:17:14 878][libtiny.so 0x177b10] [1f010091] 0x40177b10: "mov sp, x8" x8=0xbfffb1e0 => sp=0xbfffb1e0
[07:17:14 880][libtiny.so 0x177b14] [680204f9] 0x40177b14: "str x8, [x19, #0x800]" ; mem[WRITE] abs=0xbfffcbe0 x8=0xbfffb1e0 x19=0xbfffc3e0 => x8=0xbfffb1e0
[07:17:14 881][libtiny.so 0x177b18] [e84300d1] 0x40177b18: "sub x8, sp, #0x10" sp=0xbfffb1e0 => x8=0xbfffb1d0
[07:17:14 882][libtiny.so 0x177b1c] [1f010091] 0x40177b1c: "mov sp, x8" x8=0xbfffb1d0 => sp=0xbfffb1d0
[07:17:14 883][libtiny.so 0x177b20] [680604f9] 0x40177b20: "str x8, [x19, #0x808]" ; mem[WRITE] abs=0xbfffcbe8 x8=0xbfffb1d0 x19=0xbfffc3e0 => x8=0xbfffb1d0
[07:17:14 885][libtiny.so 0x177b24] [e84300d1] 0x40177b24: "sub x8, sp, #0x10" sp=0xbfffb1d0 => x8=0xbfffb1c0
[07:17:14 886][libtiny.so 0x177b28] [1f010091] 0x40177b28: "mov sp, x8" x8=0xbfffb1c0 => sp=0xbfffb1c0
[07:17:14 887][libtiny.so 0x177b2c] [680a04f9] 0x40177b2c: "str x8, [x19, #0x810]" ; mem[WRITE] abs=0xbfffcbf0 x8=0xbfffb1c0 x19=0xbfffc3e0 => x8=0xbfffb1c0
[07:17:14 888][libtiny.so 0x177b30] [e84300d1] 0x40177b30: "sub x8, sp, #0x10" sp=0xbfffb1c0 => x8=0xbfffb1b0
[07:17:14 890][libtiny.so 0x177b34] [1f010091] 0x40177b34: "mov sp, x8" x8=0xbfffb1b0 => sp=0xbfffb1b0
[07:17:14 891][libtiny.so 0x177b38] [680e04f9] 0x40177b38: "str x8, [x19, #0x818]" ; mem[WRITE] abs=0xbfffcbf8 x8=0xbfffb1b0 x19=0xbfffc3e0 => x8=0xbfffb1b0
[07:17:14 893][libtiny.so 0x177b3c] [e84300d1] 0x40177b3c: "sub x8, sp, #0x10" sp=0xbfffb1b0 => x8=0xbfffb1a0
[07:17:14 894][libtiny.so 0x177b40] [1f010091] 0x40177b40: "mov sp, x8" x8=0xbfffb1a0 => sp=0xbfffb1a0
[07:17:14 895][libtiny.so 0x177b44] [681204f9] 0x40177b44: "str x8, [x19, #0x820]" ; mem[WRITE] abs=0xbfffcc00 x8=0xbfffb1a0 x19=0xbfffc3e0 => x8=0xbfffb1a0
[07:17:14 897][libtiny.so 0x177b48] [e84300d1] 0x40177b48: "sub x8, sp, #0x10" sp=0xbfffb1a0 => x8=0xbfffb190
[07:17:14 898][libtiny.so 0x177b4c] [1f010091] 0x40177b4c: "mov sp, x8" x8=0xbfffb190 => sp=0xbfffb190
[07:17:14 899][libtiny.so 0x177b50] [681604f9] 0x40177b50: "str x8, [x19, #0x828]" ; mem[WRITE] abs=0xbfffcc08 x8=0xbfffb190 x19=0xbfffc3e0 => x8=0xbfffb190
[07:17:14 900][libtiny.so 0x177b54] [e84300d1] 0x40177b54: "sub x8, sp, #0x10" sp=0xbfffb190 => x8=0xbfffb180
[07:17:14 901][libtiny.so 0x177b58] [1f010091] 0x40177b58: "mov sp, x8" x8=0xbfffb180 => sp=0xbfffb180
[07:17:14 902][libtiny.so 0x177b5c] [681a04f9] 0x40177b5c: "str x8, [x19, #0x830]" ; mem[WRITE] abs=0xbfffcc10 x8=0xbfffb180 x19=0xbfffc3e0 => x8=0xbfffb180
[07:17:14 903][libtiny.so 0x177b60] [e84300d1] 0x40177b60: "sub x8, sp, #0x10" sp=0xbfffb180 => x8=0xbfffb170
[07:17:14 906][libtiny.so 0x177b64] [1f010091] 0x40177b64: "mov sp, x8" x8=0xbfffb170 => sp=0xbfffb170
[07:17:14 907][libtiny.so 0x177b68] [681e04f9] 0x40177b68: "str x8, [x19, #0x838]" ; mem[WRITE] abs=0xbfffcc18 x8=0xbfffb170 x19=0xbfffc3e0 => x8=0xbfffb170
[07:17:14 909][libtiny.so 0x177b6c] [e84300d1] 0x40177b6c: "sub x8, sp, #0x10" sp=0xbfffb170 => x8=0xbfffb160
[07:17:14 910][libtiny.so 0x177b70] [1f010091] 0x40177b70: "mov sp, x8" x8=0xbfffb160 => sp=0xbfffb160
[07:17:14 911][libtiny.so 0x177b74] [682204f9] 0x40177b74: "str x8, [x19, #0x840]" ; mem[WRITE] abs=0xbfffcc20 x8=0xbfffb160 x19=0xbfffc3e0 => x8=0xbfffb160
[07:17:14 912][libtiny.so 0x177b78] [e84300d1] 0x40177b78: "sub x8, sp, #0x10" sp=0xbfffb160 => x8=0xbfffb150
[07:17:14 913][libtiny.so 0x177b7c] [1f010091] 0x40177b7c: "mov sp, x8" x8=0xbfffb150 => sp=0xbfffb150
[07:17:14 915][libtiny.so 0x177b80] [682604f9] 0x40177b80: "str x8, [x19, #0x848]" ; mem[WRITE] abs=0xbfffcc28 x8=0xbfffb150 x19=0xbfffc3e0 => x8=0xbfffb150
[07:17:14 916][libtiny.so 0x177b84] [e84300d1] 0x40177b84: "sub x8, sp, #0x10" sp=0xbfffb150 => x8=0xbfffb140
[07:17:14 917][libtiny.so 0x177b88] [1f010091] 0x40177b88: "mov sp, x8" x8=0xbfffb140 => sp=0xbfffb140
[07:17:14 919][libtiny.so 0x177b8c] [682a04f9] 0x40177b8c: "str x8, [x19, #0x850]" ; mem[WRITE] abs=0xbfffcc30 x8=0xbfffb140 x19=0xbfffc3e0 => x8=0xbfffb140
[07:17:14 920][libtiny.so 0x177b90] [e84300d1] 0x40177b90: "sub x8, sp, #0x10" sp=0xbfffb140 => x8=0xbfffb130
[07:17:14 921][libtiny.so 0x177b94] [1f010091] 0x40177b94: "mov sp, x8" x8=0xbfffb130 => sp=0xbfffb130
[07:17:14 922][libtiny.so 0x177b98] [682e04f9] 0x40177b98: "str x8, [x19, #0x858]" ; mem[WRITE] abs=0xbfffcc38 x8=0xbfffb130 x19=0xbfffc3e0 => x8=0xbfffb130
[07:17:14 925][libtiny.so 0x177b9c] [e84300d1] 0x40177b9c: "sub x8, sp, #0x10" sp=0xbfffb130 => x8=0xbfffb120
[07:17:14 926][libtiny.so 0x177ba0] [1f010091] 0x40177ba0: "mov sp, x8" x8=0xbfffb120 => sp=0xbfffb120
[07:17:14 927][libtiny.so 0x177ba4] [683204f9] 0x40177ba4: "str x8, [x19, #0x860]" ; mem[WRITE] abs=0xbfffcc40 x8=0xbfffb120 x19=0xbfffc3e0 => x8=0xbfffb120
[07:17:14 928][libtiny.so 0x177ba8] [e84300d1] 0x40177ba8: "sub x8, sp, #0x10" sp=0xbfffb120 => x8=0xbfffb110
[07:17:14 929][libtiny.so 0x177bac] [1f010091] 0x40177bac: "mov sp, x8" x8=0xbfffb110 => sp=0xbfffb110
[07:17:14 930][libtiny.so 0x177bb0] [683604f9] 0x40177bb0: "str x8, [x19, #0x868]" ; mem[WRITE] abs=0xbfffcc48 x8=0xbfffb110 x19=0xbfffc3e0 => x8=0xbfffb110
[07:17:14 931][libtiny.so 0x177bb4] [e84300d1] 0x40177bb4: "sub x8, sp, #0x10" sp=0xbfffb110 => x8=0xbfffb100
[07:17:14 931][libtiny.so 0x177bb8] [1f010091] 0x40177bb8: "mov sp, x8" x8=0xbfffb100 => sp=0xbfffb100
[07:17:14 933][libtiny.so 0x177bbc] [683a04f9] 0x40177bbc: "str x8, [x19, #0x870]" ; mem[WRITE] abs=0xbfffcc50 x8=0xbfffb100 x19=0xbfffc3e0 => x8=0xbfffb100
[07:17:14 934][libtiny.so 0x177bc0] [e84300d1] 0x40177bc0: "sub x8, sp, #0x10" sp=0xbfffb100 => x8=0xbfffb0f0
[07:17:14 935][libtiny.so 0x177bc4] [1f010091] 0x40177bc4: "mov sp, x8" x8=0xbfffb0f0 => sp=0xbfffb0f0
[07:17:14 937][libtiny.so 0x177bc8] [683e04f9] 0x40177bc8: "str x8, [x19, #0x878]" ; mem[WRITE] abs=0xbfffcc58 x8=0xbfffb0f0 x19=0xbfffc3e0 => x8=0xbfffb0f0
[07:17:14 939][libtiny.so 0x177bcc] [e84300d1] 0x40177bcc: "sub x8, sp, #0x10" sp=0xbfffb0f0 => x8=0xbfffb0e0
[07:17:14 940][libtiny.so 0x177bd0] [1f010091] 0x40177bd0: "mov sp, x8" x8=0xbfffb0e0 => sp=0xbfffb0e0
[07:17:14 941][libtiny.so 0x177bd4] [684204f9] 0x40177bd4: "str x8, [x19, #0x880]" ; mem[WRITE] abs=0xbfffcc60 x8=0xbfffb0e0 x19=0xbfffc3e0 => x8=0xbfffb0e0
[07:17:14 943][libtiny.so 0x177bd8] [e84300d1] 0x40177bd8: "sub x8, sp, #0x10" sp=0xbfffb0e0 => x8=0xbfffb0d0
[07:17:14 945][libtiny.so 0x177bdc] [1f010091] 0x40177bdc: "mov sp, x8" x8=0xbfffb0d0 => sp=0xbfffb0d0
[07:17:14 946][libtiny.so 0x177be0] [684604f9] 0x40177be0: "str x8, [x19, #0x888]" ; mem[WRITE] abs=0xbfffcc68 x8=0xbfffb0d0 x19=0xbfffc3e0 => x8=0xbfffb0d0
[07:17:14 948][libtiny.so 0x177be4] [e84300d1] 0x40177be4: "sub x8, sp, #0x10" sp=0xbfffb0d0 => x8=0xbfffb0c0
[07:17:14 949][libtiny.so 0x177be8] [1f010091] 0x40177be8: "mov sp, x8" x8=0xbfffb0c0 => sp=0xbfffb0c0
[07:17:14 951][libtiny.so 0x177bec] [684a04f9] 0x40177bec: "str x8, [x19, #0x890]" ; mem[WRITE] abs=0xbfffcc70 x8=0xbfffb0c0 x19=0xbfffc3e0 => x8=0xbfffb0c0
[07:17:14 952][libtiny.so 0x177bf0] [e84300d1] 0x40177bf0: "sub x8, sp, #0x10" sp=0xbfffb0c0 => x8=0xbfffb0b0
[07:17:14 953][libtiny.so 0x177bf4] [1f010091] 0x40177bf4: "mov sp, x8" x8=0xbfffb0b0 => sp=0xbfffb0b0
[07:17:14 954][libtiny.so 0x177bf8] [684e04f9] 0x40177bf8: "str x8, [x19, #0x898]" ; mem[WRITE] abs=0xbfffcc78 x8=0xbfffb0b0 x19=0xbfffc3e0 => x8=0xbfffb0b0
[07:17:14 955][libtiny.so 0x177bfc] [e84300d1] 0x40177bfc: "sub x8, sp, #0x10" sp=0xbfffb0b0 => x8=0xbfffb0a0
[07:17:14 958][libtiny.so 0x177c00] [1f010091] 0x40177c00: "mov sp, x8" x8=0xbfffb0a0 => sp=0xbfffb0a0
[07:17:14 958][libtiny.so 0x177c04] [692d00d0] 0x40177c04: "adrp x9, #0x40725000" => x9=0x40725000
[07:17:14 959][libtiny.so 0x177c08] [8ac08352] 0x40177c08: "movz w10, #0x1e04" w10=0x436a5de0 => w10=0x1e04
[07:17:14 960][libtiny.so 0x177c0c] [6b0000b0] 0x40177c0c: "adrp x11, #0x40184000" => x11=0x40184000
[07:17:14 961][libtiny.so 0x177c10] [29b941f9] 0x40177c10: "ldr x9, [x9, #0x370]" ; mem[READ] abs=0x40725370 x9=0x40725000 => x9=0x43563f4c
[07:17:14 961][libtiny.so 0x177c14] [8a79a072] 0x40177c14: "movk w10, #0x3cc, lsl #16" w10=0x1e04 => w10=0x3cc1e04
[07:17:14 964][libtiny.so 0x177c18] [6b613f91] 0x40177c18: "add x11, x11, #0xfd8" x11=0x40184000 => x11=0x40184fd8
[07:17:14 965][libtiny.so 0x177c1c] [6a010a8b] 0x40177c1c: "add x10, x11, x10" x11=0x40184fd8 x10=0x3cc1e04 => x10=0x43e46ddc
[07:17:14 966][libtiny.so 0x177c20] [8cc68552] 0x40177c20: "movz w12, #0x2e34" w12=0xff717e50 => w12=0x2e34
[07:17:14 967][libtiny.so 0x177c24] [6b010a4b] 0x40177c24: "sub w11, w11, w10" w11=0x40184fd8 w10=0x43e46ddc => w11=0xfc33e1fc
[07:17:14 969][libtiny.so 0x177c28] [cc11a072] 0x40177c28: "movk w12, #0x8e, lsl #16" w12=0x2e34 => w12=0x8e2e34
[07:17:14 970][libtiny.so 0x177c2c] [6b010c0b] 0x40177c2c: "add w11, w11, w12" w11=0xfc33e1fc w12=0x8e2e34 => w11=0xfcc21030
[07:17:14 971][libtiny.so 0x177c30] [2bc12b8b] 0x40177c30: "add x11, x9, w11, sxtw" x9=0x43563f4c w11=0xfcc21030 => x11=0x40184f7c
[07:17:14 972][libtiny.so 0x177c34] [685204f9] 0x40177c34: "str x8, [x19, #0x8a0]" ; mem[WRITE] abs=0xbfffcc80 x8=0xbfffb0a0 x19=0xbfffc3e0 => x8=0xbfffb0a0
[07:17:14 973][libtiny.so 0x177c38] [e9030aaa] 0x40177c38: "mov x9, x10" x10=0x43e46ddc => x9=0x43e46ddc
[07:17:14 974][libtiny.so 0x177c3c] [60011fd6] 0x40177c3c: "br x11" x11=0x40184f7c
[07:17:14 975][libtiny.so 0x184f7c] [68c08392] 0x40184f7c: "movn x8, #0x1e03" x8=0xbfffb0a0 => x8=0xffffffffffffe1fc
[07:17:14 975][libtiny.so 0x184f80] [6886bff2] 0x40184f80: "movk x8, #0xfc33, lsl #16" x8=0xffffffffffffe1fc => x8=0xfffffffffc33e1fc
[07:17:14 977][libtiny.so 0x184f84] [2801088b] 0x40184f84: "add x8, x9, x8" x9=0x43e46ddc x8=0xfffffffffc33e1fc => x8=0x40184fd8
[07:17:14 978][libtiny.so 0x184f88] [00011fd6] 0x40184f88: "br x8" x8=0x40184fd8
[07:17:14 979][libtiny.so 0x184fd8] [e84300d1] 0x40184fd8: "sub x8, sp, #0x10" sp=0xbfffb0a0 => x8=0xbfffb090
[07:17:14 979][libtiny.so 0x184fdc] [1f010091] 0x40184fdc: "mov sp, x8" x8=0xbfffb090 => sp=0xbfffb090
[07:17:14 981][libtiny.so 0x184fe0] [685604f9] 0x40184fe0: "str x8, [x19, #0x8a8]" ; mem[WRITE] abs=0xbfffcc88 x8=0xbfffb090 x19=0xbfffc3e0 => x8=0xbfffb090
[07:17:14 982][libtiny.so 0x184fe4] [e84300d1] 0x40184fe4: "sub x8, sp, #0x10" sp=0xbfffb090 => x8=0xbfffb080
[07:17:14 983][libtiny.so 0x184fe8] [1f010091] 0x40184fe8: "mov sp, x8" x8=0xbfffb080 => sp=0xbfffb080
[07:17:14 984][libtiny.so 0x184fec] [685a04f9] 0x40184fec: "str x8, [x19, #0x8b0]" ; mem[WRITE] abs=0xbfffcc90 x8=0xbfffb080 x19=0xbfffc3e0 => x8=0xbfffb080
[07:17:14 985][libtiny.so 0x184ff0] [e84300d1] 0x40184ff0: "sub x8, sp, #0x10" sp=0xbfffb080 => x8=0xbfffb070
[07:17:14 987][libtiny.so 0x184ff4] [1f010091] 0x40184ff4: "mov sp, x8" x8=0xbfffb070 => sp=0xbfffb070
[07:17:14 988][libtiny.so 0x184ff8] [685e04f9] 0x40184ff8: "str x8, [x19, #0x8b8]" ; mem[WRITE] abs=0xbfffcc98 x8=0xbfffb070 x19=0xbfffc3e0 => x8=0xbfffb070
[07:17:14 989][libtiny.so 0x184ffc] [e84300d1] 0x40184ffc: "sub x8, sp, #0x10" sp=0xbfffb070 => x8=0xbfffb060
[07:17:14 991][libtiny.so 0x185000] [1f010091] 0x40185000: "mov sp, x8" x8=0xbfffb060 => sp=0xbfffb060
[07:17:14 992][libtiny.so 0x185004] [686204f9] 0x40185004: "str x8, [x19, #0x8c0]" ; mem[WRITE] abs=0xbfffcca0 x8=0xbfffb060 x19=0xbfffc3e0 => x8=0xbfffb060
[07:17:14 993][libtiny.so 0x185008] [e84300d1] 0x40185008: "sub x8, sp, #0x10" sp=0xbfffb060 => x8=0xbfffb050
[07:17:14 996][libtiny.so 0x18500c] [1f010091] 0x4018500c: "mov sp, x8" x8=0xbfffb050 => sp=0xbfffb050
[07:17:14 998][libtiny.so 0x185010] [686604f9] 0x40185010: "str x8, [x19, #0x8c8]" ; mem[WRITE] abs=0xbfffcca8 x8=0xbfffb050 x19=0xbfffc3e0 => x8=0xbfffb050
[07:17:14 999][libtiny.so 0x185014] [e84300d1] 0x40185014: "sub x8, sp, #0x10" sp=0xbfffb050 => x8=0xbfffb040
[07:17:14 999][libtiny.so 0x185018] [1f010091] 0x40185018: "mov sp, x8" x8=0xbfffb040 => sp=0xbfffb040
[07:17:15 001][libtiny.so 0x18501c] [686a04f9] 0x4018501c: "str x8, [x19, #0x8d0]" ; mem[WRITE] abs=0xbfffccb0 x8=0xbfffb040 x19=0xbfffc3e0 => x8=0xbfffb040
[07:17:15 003][libtiny.so 0x185020] [e84300d1] 0x40185020: "sub x8, sp, #0x10" sp=0xbfffb040 => x8=0xbfffb030
[07:17:15 005][libtiny.so 0x185024] [1f010091] 0x40185024: "mov sp, x8" x8=0xbfffb030 => sp=0xbfffb030
[07:17:15 006][libtiny.so 0x185028] [686e04f9] 0x40185028: "str x8, [x19, #0x8d8]" ; mem[WRITE] abs=0xbfffccb8 x8=0xbfffb030 x19=0xbfffc3e0 => x8=0xbfffb030
[07:17:15 008][libtiny.so 0x18502c] [e84300d1] 0x4018502c: "sub x8, sp, #0x10" sp=0xbfffb030 => x8=0xbfffb020
[07:17:15 010][libtiny.so 0x185030] [1f010091] 0x40185030: "mov sp, x8" x8=0xbfffb020 => sp=0xbfffb020
[07:17:15 010][libtiny.so 0x185034] [687204f9] 0x40185034: "str x8, [x19, #0x8e0]" ; mem[WRITE] abs=0xbfffccc0 x8=0xbfffb020 x19=0xbfffc3e0 => x8=0xbfffb020
[07:17:15 011][libtiny.so 0x185038] [e84300d1] 0x40185038: "sub x8, sp, #0x10" sp=0xbfffb020 => x8=0xbfffb010
[07:17:15 014][libtiny.so 0x18503c] [1f010091] 0x4018503c: "mov sp, x8" x8=0xbfffb010 => sp=0xbfffb010
[07:17:15 015][libtiny.so 0x185040] [687604f9] 0x40185040: "str x8, [x19, #0x8e8]" ; mem[WRITE] abs=0xbfffccc8 x8=0xbfffb010 x19=0xbfffc3e0 => x8=0xbfffb010
[07:17:15 016][libtiny.so 0x185044] [e84300d1] 0x40185044: "sub x8, sp, #0x10" sp=0xbfffb010 => x8=0xbfffb000
[07:17:15 018][libtiny.so 0x185048] [1f010091] 0x40185048: "mov sp, x8" x8=0xbfffb000 => sp=0xbfffb000
[07:17:15 020][libtiny.so 0x18504c] [687a04f9] 0x4018504c: "str x8, [x19, #0x8f0]" ; mem[WRITE] abs=0xbfffccd0 x8=0xbfffb000 x19=0xbfffc3e0 => x8=0xbfffb000
[07:17:15 021][libtiny.so 0x185050] [e84300d1] 0x40185050: "sub x8, sp, #0x10" sp=0xbfffb000 => x8=0xbfffaff0
[07:17:15 023][libtiny.so 0x185054] [1f010091] 0x40185054: "mov sp, x8" x8=0xbfffaff0 => sp=0xbfffaff0
[07:17:15 024][libtiny.so 0x185058] [687e04f9] 0x40185058: "str x8, [x19, #0x8f8]" ; mem[WRITE] abs=0xbfffccd8 x8=0xbfffaff0 x19=0xbfffc3e0 => x8=0xbfffaff0
[07:17:15 026][libtiny.so 0x18505c] [e84300d1] 0x4018505c: "sub x8, sp, #0x10" sp=0xbfffaff0 => x8=0xbfffafe0
[07:17:15 027][libtiny.so 0x185060] [1f010091] 0x40185060: "mov sp, x8" x8=0xbfffafe0 => sp=0xbfffafe0
[07:17:15 028][libtiny.so 0x185064] [688204f9] 0x40185064: "str x8, [x19, #0x900]" ; mem[WRITE] abs=0xbfffcce0 x8=0xbfffafe0 x19=0xbfffc3e0 => x8=0xbfffafe0
[07:17:15 029][libtiny.so 0x185068] [e84300d1] 0x40185068: "sub x8, sp, #0x10" sp=0xbfffafe0 => x8=0xbfffafd0
[07:17:15 031][libtiny.so 0x18506c] [1f010091] 0x4018506c: "mov sp, x8" x8=0xbfffafd0 => sp=0xbfffafd0
[07:17:15 032][libtiny.so 0x185070] [688604f9] 0x40185070: "str x8, [x19, #0x908]" ; mem[WRITE] abs=0xbfffcce8 x8=0xbfffafd0 x19=0xbfffc3e0 => x8=0xbfffafd0
[07:17:15 034][libtiny.so 0x185074] [e84300d1] 0x40185074: "sub x8, sp, #0x10" sp=0xbfffafd0 => x8=0xbfffafc0
[07:17:15 035][libtiny.so 0x185078] [1f010091] 0x40185078: "mov sp, x8" x8=0xbfffafc0 => sp=0xbfffafc0
[07:17:15 036][libtiny.so 0x18507c] [688a04f9] 0x4018507c: "str x8, [x19, #0x910]" ; mem[WRITE] abs=0xbfffccf0 x8=0xbfffafc0 x19=0xbfffc3e0 => x8=0xbfffafc0
[07:17:15 039][libtiny.so 0x185080] [e84300d1] 0x40185080: "sub x8, sp, #0x10" sp=0xbfffafc0 => x8=0xbfffafb0
[07:17:15 040][libtiny.so 0x185084] [1f010091] 0x40185084: "mov sp, x8" x8=0xbfffafb0 => sp=0xbfffafb0
[07:17:15 041][libtiny.so 0x185088] [688e04f9] 0x40185088: "str x8, [x19, #0x918]" ; mem[WRITE] abs=0xbfffccf8 x8=0xbfffafb0 x19=0xbfffc3e0 => x8=0xbfffafb0
[07:17:15 042][libtiny.so 0x18508c] [e84300d1] 0x4018508c: "sub x8, sp, #0x10" sp=0xbfffafb0 => x8=0xbfffafa0
[07:17:15 042][libtiny.so 0x185090] [1f010091] 0x40185090: "mov sp, x8" x8=0xbfffafa0 => sp=0xbfffafa0
[07:17:15 043][libtiny.so 0x185094] [689204f9] 0x40185094: "str x8, [x19, #0x920]" ; mem[WRITE] abs=0xbfffcd00 x8=0xbfffafa0 x19=0xbfffc3e0 => x8=0xbfffafa0
[07:17:15 045][libtiny.so 0x185098] [e84300d1] 0x40185098: "sub x8, sp, #0x10" sp=0xbfffafa0 => x8=0xbfffaf90
[07:17:15 045][libtiny.so 0x18509c] [1f010091] 0x4018509c: "mov sp, x8" x8=0xbfffaf90 => sp=0xbfffaf90
[07:17:15 046][libtiny.so 0x1850a0] [689604f9] 0x401850a0: "str x8, [x19, #0x928]" ; mem[WRITE] abs=0xbfffcd08 x8=0xbfffaf90 x19=0xbfffc3e0 => x8=0xbfffaf90
[07:17:15 047][libtiny.so 0x1850a4] [e84300d1] 0x401850a4: "sub x8, sp, #0x10" sp=0xbfffaf90 => x8=0xbfffaf80
[07:17:15 049][libtiny.so 0x1850a8] [1f010091] 0x401850a8: "mov sp, x8" x8=0xbfffaf80 => sp=0xbfffaf80
[07:17:15 049][libtiny.so 0x1850ac] [689a04f9] 0x401850ac: "str x8, [x19, #0x930]" ; mem[WRITE] abs=0xbfffcd10 x8=0xbfffaf80 x19=0xbfffc3e0 => x8=0xbfffaf80
[07:17:15 050][libtiny.so 0x1850b0] [e84300d1] 0x401850b0: "sub x8, sp, #0x10" sp=0xbfffaf80 => x8=0xbfffaf70
[07:17:15 051][libtiny.so 0x1850b4] [1f010091] 0x401850b4: "mov sp, x8" x8=0xbfffaf70 => sp=0xbfffaf70
[07:17:15 052][libtiny.so 0x1850b8] [689e04f9] 0x401850b8: "str x8, [x19, #0x938]" ; mem[WRITE] abs=0xbfffcd18 x8=0xbfffaf70 x19=0xbfffc3e0 => x8=0xbfffaf70
[07:17:15 053][libtiny.so 0x1850bc] [e84300d1] 0x401850bc: "sub x8, sp, #0x10" sp=0xbfffaf70 => x8=0xbfffaf60
[07:17:15 053][libtiny.so 0x1850c0] [1f010091] 0x401850c0: "mov sp, x8" x8=0xbfffaf60 => sp=0xbfffaf60
[07:17:15 055][libtiny.so 0x1850c4] [68a204f9] 0x401850c4: "str x8, [x19, #0x940]" ; mem[WRITE] abs=0xbfffcd20 x8=0xbfffaf60 x19=0xbfffc3e0 => x8=0xbfffaf60
[07:17:15 055][libtiny.so 0x1850c8] [e84300d1] 0x401850c8: "sub x8, sp, #0x10" sp=0xbfffaf60 => x8=0xbfffaf50
[07:17:15 056][libtiny.so 0x1850cc] [1f010091] 0x401850cc: "mov sp, x8" x8=0xbfffaf50 => sp=0xbfffaf50
[07:17:15 057][libtiny.so 0x1850d0] [68a604f9] 0x401850d0: "str x8, [x19, #0x948]" ; mem[WRITE] abs=0xbfffcd28 x8=0xbfffaf50 x19=0xbfffc3e0 => x8=0xbfffaf50
[07:17:15 057][libtiny.so 0x1850d4] [e84300d1] 0x401850d4: "sub x8, sp, #0x10" sp=0xbfffaf50 => x8=0xbfffaf40
[07:17:15 059][libtiny.so 0x1850d8] [1f010091] 0x401850d8: "mov sp, x8" x8=0xbfffaf40 => sp=0xbfffaf40
[07:17:15 059][libtiny.so 0x1850dc] [68aa04f9] 0x401850dc: "str x8, [x19, #0x950]" ; mem[WRITE] abs=0xbfffcd30 x8=0xbfffaf40 x19=0xbfffc3e0 => x8=0xbfffaf40
[07:17:15 060][libtiny.so 0x1850e0] [e84300d1] 0x401850e0: "sub x8, sp, #0x10" sp=0xbfffaf40 => x8=0xbfffaf30
[07:17:15 062][libtiny.so 0x1850e4] [1f010091] 0x401850e4: "mov sp, x8" x8=0xbfffaf30 => sp=0xbfffaf30
[07:17:15 063][libtiny.so 0x1850e8] [68ae04f9] 0x401850e8: "str x8, [x19, #0x958]" ; mem[WRITE] abs=0xbfffcd38 x8=0xbfffaf30 x19=0xbfffc3e0 => x8=0xbfffaf30
[07:17:15 063][libtiny.so 0x1850ec] [e84300d1] 0x401850ec: "sub x8, sp, #0x10" sp=0xbfffaf30 => x8=0xbfffaf20
[07:17:15 065][libtiny.so 0x1850f0] [1f010091] 0x401850f0: "mov sp, x8" x8=0xbfffaf20 => sp=0xbfffaf20
[07:17:15 066][libtiny.so 0x1850f4] [0acc9252] 0x401850f4: "movz w10, #0x9660" w10=0x43e46ddc => w10=0x9660
[07:17:15 068][libtiny.so 0x1850f8] [2b0000b0] 0x401850f8: "adrp x11, #0x4018a000" => x11=0x4018a000
[07:17:15 069][libtiny.so 0x1850fc] [092d0090] 0x401850fc: "adrp x9, #0x40725000" => x9=0x40725000
[07:17:15 070][libtiny.so 0x185100] [caeea072] 0x40185100: "movk w10, #0x776, lsl #16" w10=0x9660 => w10=0x7769660
[07:17:15 073][libtiny.so 0x185104] [6bb10891] 0x40185104: "add x11, x11, #0x22c" x11=0x4018a000 => x11=0x4018a22c
[07:17:15 074][libtiny.so 0x185108] [293d44f9] 0x40185108: "ldr x9, [x9, #0x878]" ; mem[READ] abs=0x40725878 x9=0x40725000 => x9=0x4367706c
[07:17:15 075][libtiny.so 0x18510c] [7e010a8b] 0x4018510c: "add x30, x11, x10" x11=0x4018a22c x10=0x7769660 => x30=0x478f388c
[07:17:15 075][libtiny.so 0x185110] [6a011e4b] 0x40185110: "sub w10, w11, w30" w11=0x4018a22c w30=0x478f388c => w10=0xf88969a0
[07:17:15 076][libtiny.so 0x185114] [8bfd9852] 0x40185114: "movz w11, #0xc7ec" w11=0x4018a22c => w11=0xc7ec
[07:17:15 078][libtiny.so 0x185118] [eb84a072] 0x40185118: "movk w11, #0x427, lsl #16" w11=0xc7ec => w11=0x427c7ec
[07:17:15 078][libtiny.so 0x18511c] [4a010b0b] 0x4018511c: "add w10, w10, w11" w10=0xf88969a0 w11=0x427c7ec => w10=0xfcb1318c
[07:17:15 079][libtiny.so 0x185120] [29c12a8b] 0x40185120: "add x9, x9, w10, sxtw" x9=0x4367706c w10=0xfcb1318c => x9=0x4018a1f8
[07:17:15 079][libtiny.so 0x185124] [68b204f9] 0x40185124: "str x8, [x19, #0x960]" ; mem[WRITE] abs=0xbfffcd40 x8=0xbfffaf20 x19=0xbfffc3e0 => x8=0xbfffaf20
[07:17:15 080][libtiny.so 0x185128] [20011fd6] 0x40185128: "br x9" x9=0x4018a1f8
[07:17:15 081][libtiny.so 0x18a1f8] [c82c00f0] 0x4018a1f8: "adrp x8, #0x40725000" => x8=0x40725000
[07:17:15 081][libtiny.so 0x18a1fc] [083944f9] 0x4018a1fc: "ldr x8, [x8, #0x870]" ; mem[READ] abs=0x40725870 x8=0x40725000 => x8=0x43e18cfc
[07:17:15 082][libtiny.so 0x18a200] [ea5b9d92] 0x4018a200: "movn x10, #0xeadf" x10=0xfcb1318c => x10=0xffffffffffff1520
[07:17:15 082][libtiny.so 0x18a204] [e90c9b92] 0x4018a204: "movn x9, #0xd867" x9=0x4018a1f8 => x9=0xffffffffffff2798
[07:17:15 083][libtiny.so 0x18a208] [ea86bff2] 0x4018a208: "movk x10, #0xfc37, lsl #16" x10=0xffffffffffff1520 => x10=0xfffffffffc371520
[07:17:15 083][libtiny.so 0x18a20c] [4990bff2] 0x4018a20c: "movk x9, #0xfc82, lsl #16" x9=0xffffffffffff2798 => x9=0xfffffffffc822798
[07:17:15 084][libtiny.so 0x18a210] [08010a8b] 0x4018a210: "add x8, x8, x10" x8=0x43e18cfc x10=0xfffffffffc371520 => x8=0x4018a21c
[07:17:15 084][libtiny.so 0x18a214] [de03098b] 0x4018a214: "add x30, x30, x9" x30=0x478f388c x9=0xfffffffffc822798 => x30=0x44116024
[07:17:15 084][libtiny.so 0x18a218] [00011fd6] 0x4018a218: "br x8" x8=0x4018a21c
[07:17:15 086][libtiny.so 0x18a21c] [e8be9792] 0x4018a21c: "movn x8, #0xbdf7" x8=0x4018a21c => x8=0xffffffffffff4208
[07:17:15 086][libtiny.so 0x18a220] [e880bff2] 0x4018a220: "movk x8, #0xfc07, lsl #16" x8=0xffffffffffff4208 => x8=0xfffffffffc074208
[07:17:15 087][libtiny.so 0x18a224] [c803088b] 0x4018a224: "add x8, x30, x8" x30=0x44116024 x8=0xfffffffffc074208 => x8=0x4018a22c
[07:17:15 087][libtiny.so 0x18a228] [00011fd6] 0x4018a228: "br x8" x8=0x4018a22c
[07:17:15 088][libtiny.so 0x18a22c] [e84300d1] 0x4018a22c: "sub x8, sp, #0x10" sp=0xbfffaf20 => x8=0xbfffaf10
[07:17:15 088][libtiny.so 0x18a230] [1f010091] 0x4018a230: "mov sp, x8" x8=0xbfffaf10 => sp=0xbfffaf10
[07:17:15 089][libtiny.so 0x18a234] [68b604f9] 0x4018a234: "str x8, [x19, #0x968]" ; mem[WRITE] abs=0xbfffcd48 x8=0xbfffaf10 x19=0xbfffc3e0 => x8=0xbfffaf10
[07:17:15 090][libtiny.so 0x18a238] [e84300d1] 0x4018a238: "sub x8, sp, #0x10" sp=0xbfffaf10 => x8=0xbfffaf00
[07:17:15 090][libtiny.so 0x18a23c] [1f010091] 0x4018a23c: "mov sp, x8" x8=0xbfffaf00 => sp=0xbfffaf00
[07:17:15 091][libtiny.so 0x18a240] [68ba04f9] 0x4018a240: "str x8, [x19, #0x970]" ; mem[WRITE] abs=0xbfffcd50 x8=0xbfffaf00 x19=0xbfffc3e0 => x8=0xbfffaf00
[07:17:15 091][libtiny.so 0x18a244] [e84300d1] 0x4018a244: "sub x8, sp, #0x10" sp=0xbfffaf00 => x8=0xbfffaef0
[07:17:15 093][libtiny.so 0x18a248] [1f010091] 0x4018a248: "mov sp, x8" x8=0xbfffaef0 => sp=0xbfffaef0
[07:17:15 093][libtiny.so 0x18a24c] [68be04f9] 0x4018a24c: "str x8, [x19, #0x978]" ; mem[WRITE] abs=0xbfffcd58 x8=0xbfffaef0 x19=0xbfffc3e0 => x8=0xbfffaef0
[07:17:15 094][libtiny.so 0x18a250] [e84300d1] 0x4018a250: "sub x8, sp, #0x10" sp=0xbfffaef0 => x8=0xbfffaee0
[07:17:15 094][libtiny.so 0x18a254] [1f010091] 0x4018a254: "mov sp, x8" x8=0xbfffaee0 => sp=0xbfffaee0
[07:17:15 095][libtiny.so 0x18a258] [68c204f9] 0x4018a258: "str x8, [x19, #0x980]" ; mem[WRITE] abs=0xbfffcd60 x8=0xbfffaee0 x19=0xbfffc3e0 => x8=0xbfffaee0
[07:17:15 095][libtiny.so 0x18a25c] [e84300d1] 0x4018a25c: "sub x8, sp, #0x10" sp=0xbfffaee0 => x8=0xbfffaed0
[07:17:15 096][libtiny.so 0x18a260] [1f010091] 0x4018a260: "mov sp, x8" x8=0xbfffaed0 => sp=0xbfffaed0
[07:17:15 096][libtiny.so 0x18a264] [68c604f9] 0x4018a264: "str x8, [x19, #0x988]" ; mem[WRITE] abs=0xbfffcd68 x8=0xbfffaed0 x19=0xbfffc3e0 => x8=0xbfffaed0
[07:17:15 098][libtiny.so 0x18a268] [e84300d1] 0x4018a268: "sub x8, sp, #0x10" sp=0xbfffaed0 => x8=0xbfffaec0
[07:17:15 098][libtiny.so 0x18a26c] [1f010091] 0x4018a26c: "mov sp, x8" x8=0xbfffaec0 => sp=0xbfffaec0
[07:17:15 099][libtiny.so 0x18a270] [68ca04f9] 0x4018a270: "str x8, [x19, #0x990]" ; mem[WRITE] abs=0xbfffcd70 x8=0xbfffaec0 x19=0xbfffc3e0 => x8=0xbfffaec0
[07:17:15 100][libtiny.so 0x18a274] [e84300d1] 0x4018a274: "sub x8, sp, #0x10" sp=0xbfffaec0 => x8=0xbfffaeb0
[07:17:15 100][libtiny.so 0x18a278] [1f010091] 0x4018a278: "mov sp, x8" x8=0xbfffaeb0 => sp=0xbfffaeb0
[07:17:15 100][libtiny.so 0x18a27c] [68ce04f9] 0x4018a27c: "str x8, [x19, #0x998]" ; mem[WRITE] abs=0xbfffcd78 x8=0xbfffaeb0 x19=0xbfffc3e0 => x8=0xbfffaeb0
[07:17:15 102][libtiny.so 0x18a280] [e84300d1] 0x4018a280: "sub x8, sp, #0x10" sp=0xbfffaeb0 => x8=0xbfffaea0
[07:17:15 102][libtiny.so 0x18a284] [1f010091] 0x4018a284: "mov sp, x8" x8=0xbfffaea0 => sp=0xbfffaea0
[07:17:15 103][libtiny.so 0x18a288] [68d204f9] 0x4018a288: "str x8, [x19, #0x9a0]" ; mem[WRITE] abs=0xbfffcd80 x8=0xbfffaea0 x19=0xbfffc3e0 => x8=0xbfffaea0
[07:17:15 103][libtiny.so 0x18a28c] [e84300d1] 0x4018a28c: "sub x8, sp, #0x10" sp=0xbfffaea0 => x8=0xbfffae90
[07:17:15 104][libtiny.so 0x18a290] [1f010091] 0x4018a290: "mov sp, x8" x8=0xbfffae90 => sp=0xbfffae90
[07:17:15 104][libtiny.so 0x18a294] [68d604f9] 0x4018a294: "str x8, [x19, #0x9a8]" ; mem[WRITE] abs=0xbfffcd88 x8=0xbfffae90 x19=0xbfffc3e0 => x8=0xbfffae90
[07:17:15 104][libtiny.so 0x18a298] [e84300d1] 0x4018a298: "sub x8, sp, #0x10" sp=0xbfffae90 => x8=0xbfffae80
[07:17:15 106][libtiny.so 0x18a29c] [1f010091] 0x4018a29c: "mov sp, x8" x8=0xbfffae80 => sp=0xbfffae80
[07:17:15 106][libtiny.so 0x18a2a0] [68da04f9] 0x4018a2a0: "str x8, [x19, #0x9b0]" ; mem[WRITE] abs=0xbfffcd90 x8=0xbfffae80 x19=0xbfffc3e0 => x8=0xbfffae80
[07:17:15 107][libtiny.so 0x18a2a4] [e84300d1] 0x4018a2a4: "sub x8, sp, #0x10" sp=0xbfffae80 => x8=0xbfffae70
[07:17:15 107][libtiny.so 0x18a2a8] [1f010091] 0x4018a2a8: "mov sp, x8" x8=0xbfffae70 => sp=0xbfffae70
[07:17:15 107][libtiny.so 0x18a2ac] [68de04f9] 0x4018a2ac: "str x8, [x19, #0x9b8]" ; mem[WRITE] abs=0xbfffcd98 x8=0xbfffae70 x19=0xbfffc3e0 => x8=0xbfffae70
[07:17:15 108][libtiny.so 0x18a2b0] [e84300d1] 0x4018a2b0: "sub x8, sp, #0x10" sp=0xbfffae70 => x8=0xbfffae60
[07:17:15 108][libtiny.so 0x18a2b4] [1f010091] 0x4018a2b4: "mov sp, x8" x8=0xbfffae60 => sp=0xbfffae60
[07:17:15 109][libtiny.so 0x18a2b8] [68e204f9] 0x4018a2b8: "str x8, [x19, #0x9c0]" ; mem[WRITE] abs=0xbfffcda0 x8=0xbfffae60 x19=0xbfffc3e0 => x8=0xbfffae60
[07:17:15 109][libtiny.so 0x18a2bc] [e84300d1] 0x4018a2bc: "sub x8, sp, #0x10" sp=0xbfffae60 => x8=0xbfffae50
[07:17:15 110][libtiny.so 0x18a2c0] [1f010091] 0x4018a2c0: "mov sp, x8" x8=0xbfffae50 => sp=0xbfffae50
[07:17:15 110][libtiny.so 0x18a2c4] [68e604f9] 0x4018a2c4: "str x8, [x19, #0x9c8]" ; mem[WRITE] abs=0xbfffcda8 x8=0xbfffae50 x19=0xbfffc3e0 => x8=0xbfffae50
[07:17:15 111][libtiny.so 0x18a2c8] [e84300d1] 0x4018a2c8: "sub x8, sp, #0x10" sp=0xbfffae50 => x8=0xbfffae40
[07:17:15 111][libtiny.so 0x18a2cc] [1f010091] 0x4018a2cc: "mov sp, x8" x8=0xbfffae40 => sp=0xbfffae40
[07:17:15 112][libtiny.so 0x18a2d0] [68ea04f9] 0x4018a2d0: "str x8, [x19, #0x9d0]" ; mem[WRITE] abs=0xbfffcdb0 x8=0xbfffae40 x19=0xbfffc3e0 => x8=0xbfffae40
[07:17:15 112][libtiny.so 0x18a2d4] [e84300d1] 0x4018a2d4: "sub x8, sp, #0x10" sp=0xbfffae40 => x8=0xbfffae30
[07:17:15 113][libtiny.so 0x18a2d8] [1f010091] 0x4018a2d8: "mov sp, x8" x8=0xbfffae30 => sp=0xbfffae30
[07:17:15 113][libtiny.so 0x18a2dc] [68ee04f9] 0x4018a2dc: "str x8, [x19, #0x9d8]" ; mem[WRITE] abs=0xbfffcdb8 x8=0xbfffae30 x19=0xbfffc3e0 => x8=0xbfffae30
[07:17:15 113][libtiny.so 0x18a2e0] [e84300d1] 0x4018a2e0: "sub x8, sp, #0x10" sp=0xbfffae30 => x8=0xbfffae20
[07:17:15 114][libtiny.so 0x18a2e4] [1f010091] 0x4018a2e4: "mov sp, x8" x8=0xbfffae20 => sp=0xbfffae20
[07:17:15 114][libtiny.so 0x18a2e8] [68f204f9] 0x4018a2e8: "str x8, [x19, #0x9e0]" ; mem[WRITE] abs=0xbfffcdc0 x8=0xbfffae20 x19=0xbfffc3e0 => x8=0xbfffae20
[07:17:15 114][libtiny.so 0x18a2ec] [e84300d1] 0x4018a2ec: "sub x8, sp, #0x10" sp=0xbfffae20 => x8=0xbfffae10
[07:17:15 116][libtiny.so 0x18a2f0] [1f010091] 0x4018a2f0: "mov sp, x8" x8=0xbfffae10 => sp=0xbfffae10
[07:17:15 116][libtiny.so 0x18a2f4] [68f604f9] 0x4018a2f4: "str x8, [x19, #0x9e8]" ; mem[WRITE] abs=0xbfffcdc8 x8=0xbfffae10 x19=0xbfffc3e0 => x8=0xbfffae10
[07:17:15 116][libtiny.so 0x18a2f8] [e84300d1] 0x4018a2f8: "sub x8, sp, #0x10" sp=0xbfffae10 => x8=0xbfffae00
[07:17:15 117][libtiny.so 0x18a2fc] [1f010091] 0x4018a2fc: "mov sp, x8" x8=0xbfffae00 => sp=0xbfffae00
[07:17:15 117][libtiny.so 0x18a300] [68fa04f9] 0x4018a300: "str x8, [x19, #0x9f0]" ; mem[WRITE] abs=0xbfffcdd0 x8=0xbfffae00 x19=0xbfffc3e0 => x8=0xbfffae00
[07:17:15 118][libtiny.so 0x18a304] [e84300d1] 0x4018a304: "sub x8, sp, #0x10" sp=0xbfffae00 => x8=0xbfffadf0
[07:17:15 118][libtiny.so 0x18a308] [1f010091] 0x4018a308: "mov sp, x8" x8=0xbfffadf0 => sp=0xbfffadf0
[07:17:15 119][libtiny.so 0x18a30c] [68fe04f9] 0x4018a30c: "str x8, [x19, #0x9f8]" ; mem[WRITE] abs=0xbfffcdd8 x8=0xbfffadf0 x19=0xbfffc3e0 => x8=0xbfffadf0
[07:17:15 119][libtiny.so 0x18a310] [e84300d1] 0x4018a310: "sub x8, sp, #0x10" sp=0xbfffadf0 => x8=0xbfffade0
[07:17:15 119][libtiny.so 0x18a314] [1f010091] 0x4018a314: "mov sp, x8" x8=0xbfffade0 => sp=0xbfffade0
[07:17:15 120][libtiny.so 0x18a318] [680205f9] 0x4018a318: "str x8, [x19, #0xa00]" ; mem[WRITE] abs=0xbfffcde0 x8=0xbfffade0 x19=0xbfffc3e0 => x8=0xbfffade0
[07:17:15 120][libtiny.so 0x18a31c] [e84300d1] 0x4018a31c: "sub x8, sp, #0x10" sp=0xbfffade0 => x8=0xbfffadd0
[07:17:15 121][libtiny.so 0x18a320] [1f010091] 0x4018a320: "mov sp, x8" x8=0xbfffadd0 => sp=0xbfffadd0
[07:17:15 121][libtiny.so 0x18a324] [680605f9] 0x4018a324: "str x8, [x19, #0xa08]" ; mem[WRITE] abs=0xbfffcde8 x8=0xbfffadd0 x19=0xbfffc3e0 => x8=0xbfffadd0
[07:17:15 122][libtiny.so 0x18a328] [e84300d1] 0x4018a328: "sub x8, sp, #0x10" sp=0xbfffadd0 => x8=0xbfffadc0
[07:17:15 122][libtiny.so 0x18a32c] [1f010091] 0x4018a32c: "mov sp, x8" x8=0xbfffadc0 => sp=0xbfffadc0
[07:17:15 123][libtiny.so 0x18a330] [680a05f9] 0x4018a330: "str x8, [x19, #0xa10]" ; mem[WRITE] abs=0xbfffcdf0 x8=0xbfffadc0 x19=0xbfffc3e0 => x8=0xbfffadc0
[07:17:15 124][libtiny.so 0x18a334] [e84300d1] 0x4018a334: "sub x8, sp, #0x10" sp=0xbfffadc0 => x8=0xbfffadb0
[07:17:15 124][libtiny.so 0x18a338] [1f010091] 0x4018a338: "mov sp, x8" x8=0xbfffadb0 => sp=0xbfffadb0
[07:17:15 126][libtiny.so 0x18a33c] [680e05f9] 0x4018a33c: "str x8, [x19, #0xa18]" ; mem[WRITE] abs=0xbfffcdf8 x8=0xbfffadb0 x19=0xbfffc3e0 => x8=0xbfffadb0
[07:17:15 126][libtiny.so 0x18a340] [e84300d1] 0x4018a340: "sub x8, sp, #0x10" sp=0xbfffadb0 => x8=0xbfffada0
[07:17:15 127][libtiny.so 0x18a344] [1f010091] 0x4018a344: "mov sp, x8" x8=0xbfffada0 => sp=0xbfffada0
[07:17:15 128][libtiny.so 0x18a348] [0a469f52] 0x4018a348: "movz w10, #0xfa30" w10=0xfc371520 => w10=0xfa30
[07:17:15 128][libtiny.so 0x18a34c] [4bffffd0] 0x4018a34c: "adrp x11, #0x40174000" => x11=0x40174000
[07:17:15 129][libtiny.so 0x18a350] [c92c00f0] 0x4018a350: "adrp x9, #0x40725000" => x9=0x40725000
[07:17:15 129][libtiny.so 0x18a354] [6ae9a072] 0x4018a354: "movk w10, #0x74b, lsl #16" w10=0xfa30 => w10=0x74bfa30
[07:17:15 129][libtiny.so 0x18a358] [6b412091] 0x4018a358: "add x11, x11, #0x810" x11=0x40174000 => x11=0x40174810
[07:17:15 130][libtiny.so 0x18a35c] [29bd42f9] 0x4018a35c: "ldr x9, [x9, #0x578]" ; mem[READ] abs=0x40725578 x9=0x40725000 => x9=0x43952e04
[07:17:15 131][libtiny.so 0x18a360] [6a010a8b] 0x4018a360: "add x10, x11, x10" x11=0x40174810 x10=0x74bfa30 => x10=0x47634240
[07:17:15 131][libtiny.so 0x18a364] [6a0a00f9] 0x4018a364: "str x10, [x19, #0x10]" ; mem[WRITE] abs=0xbfffc3f0 x10=0x47634240 x19=0xbfffc3e0 => x10=0x47634240
[07:17:15 132][libtiny.so 0x18a368] [6a010a4b] 0x4018a368: "sub w10, w11, w10" w11=0x40174810 w10=0x47634240 => w10=0xf8b405d0
[07:17:15 132][libtiny.so 0x18a36c] [0b9f9052] 0x4018a36c: "movz w11, #0x84f8" w11=0x40174810 => w11=0x84f8
[07:17:15 133][libtiny.so 0x18a370] [eb79a072] 0x4018a370: "movk w11, #0x3cf, lsl #16" w11=0x84f8 => w11=0x3cf84f8
[07:17:15 133][libtiny.so 0x18a374] [4a010b0b] 0x4018a374: "add w10, w10, w11" w10=0xf8b405d0 w11=0x3cf84f8 => w10=0xfc838ac8
[07:17:15 134][libtiny.so 0x18a378] [29c12a8b] 0x4018a378: "add x9, x9, w10, sxtw" x9=0x43952e04 w10=0xfc838ac8 => x9=0x4018b8cc
[07:17:15 135][libtiny.so 0x18a37c] [681205f9] 0x4018a37c: "str x8, [x19, #0xa20]" ; mem[WRITE] abs=0xbfffce00 x8=0xbfffada0 x19=0xbfffc3e0 => x8=0xbfffada0
[07:17:15 135][libtiny.so 0x18a380] [20011fd6] 0x4018a380: "br x9" x9=0x4018b8cc
[07:17:15 136][libtiny.so 0x18b8cc] [c82c00d0] 0x4018b8cc: "adrp x8, #0x40725000" => x8=0x40725000
[07:17:15 136][libtiny.so 0x18b8d0] [08b942f9] 0x4018b8d0: "ldr x8, [x8, #0x570]" ; mem[READ] abs=0x40725570 x8=0x40725000 => x8=0x43333b78
[07:17:15 137][libtiny.so 0x18b8d4] [6a6f9e92] 0x4018b8d4: "movn x10, #0xf37b" x10=0xfc838ac8 => x10=0xffffffffffff0c84
[07:17:15 138][libtiny.so 0x18b8d8] [8a9cbff2] 0x4018b8d8: "movk x10, #0xfce4, lsl #16" x10=0xffffffffffff0c84 => x10=0xfffffffffce40c84
[07:17:15 138][libtiny.so 0x18b8dc] [697a8592] 0x4018b8dc: "movn x9, #0x2bd3" x9=0x4018b8cc => x9=0xffffffffffffd42c
[07:17:15 139][libtiny.so 0x18b8e0] [08010a8b] 0x4018b8e0: "add x8, x8, x10" x8=0x43333b78 x10=0xfffffffffce40c84 => x8=0x401747fc
[07:17:15 140][libtiny.so 0x18b8e4] [6a0a40f9] 0x4018b8e4: "ldr x10, [x19, #0x10]" ; mem[READ] abs=0xbfffc3f0 x19=0xbfffc3e0 => x10=0x47634240
[07:17:15 140][libtiny.so 0x18b8e8] [e98bbff2] 0x4018b8e8: "movk x9, #0xfc5f, lsl #16" x9=0xffffffffffffd42c => x9=0xfffffffffc5fd42c
[07:17:15 141][libtiny.so 0x18b8ec] [4a01098b] 0x4018b8ec: "add x10, x10, x9" x10=0x47634240 x9=0xfffffffffc5fd42c => x10=0x43c3166c
[07:17:15 142][libtiny.so 0x18b8f0] [6a0a00f9] 0x4018b8f0: "str x10, [x19, #0x10]" ; mem[WRITE] abs=0xbfffc3f0 x10=0x43c3166c x19=0xbfffc3e0 => x10=0x43c3166c
[07:17:15 142][libtiny.so 0x18b8f4] [00011fd6] 0x4018b8f4: "br x8" x8=0x401747fc
[07:17:15 142][libtiny.so 0x1747fc] [690a40f9] 0x401747fc: "ldr x9, [x19, #0x10]" ; mem[READ] abs=0xbfffc3f0 x19=0xbfffc3e0 => x9=0x43c3166c
[07:17:15 142][libtiny.so 0x174800] [68cb9992] 0x40174800: "movn x8, #0xce5b" x8=0x401747fc => x8=0xffffffffffff31a4
[07:17:15 142][libtiny.so 0x174804] [888abff2] 0x40174804: "movk x8, #0xfc54, lsl #16" x8=0xffffffffffff31a4 => x8=0xfffffffffc5431a4
[07:17:15 142][libtiny.so 0x174808] [2801088b] 0x40174808: "add x8, x9, x8" x9=0x43c3166c x8=0xfffffffffc5431a4 => x8=0x40174810
[07:17:15 142][libtiny.so 0x17480c] [00011fd6] 0x4017480c: "br x8" x8=0x40174810
[07:17:15 144][libtiny.so 0x174810] [e94300d1] 0x40174810: "sub x9, sp, #0x10" sp=0xbfffada0 => x9=0xbfffad90
[07:17:15 144][libtiny.so 0x174814] [3f010091] 0x40174814: "mov sp, x9" x9=0xbfffad90 => sp=0xbfffad90
[07:17:15 144][libtiny.so 0x174818] [882d00b0] 0x40174818: "adrp x8, #0x40725000" => x8=0x40725000
[07:17:15 145][libtiny.so 0x17481c] [0a8944f9] 0x4017481c: "ldr x10, [x8, #0x910]" ; mem[READ] abs=0x40725910 x8=0x40725000 => x10=0x4318e884
[07:17:15 146][libtiny.so 0x174820] [08569752] 0x40174820: "movz w8, #0xbab0" w8=0x40725000 => w8=0xbab0
[07:17:15 146][libtiny.so 0x174824] [8b0000f0] 0x40174824: "adrp x11, #0x40187000" => x11=0x40187000
[07:17:15 148][libtiny.so 0x174828] [2867a072] 0x40174828: "movk w8, #0x339, lsl #16" w8=0xbab0 => w8=0x339bab0
[07:17:15 148][libtiny.so 0x17482c] [6b410891] 0x4017482c: "add x11, x11, #0x210" x11=0x40187000 => x11=0x40187210
[07:17:15 149][libtiny.so 0x174830] [6801088b] 0x40174830: "add x8, x11, x8" x11=0x40187210 x8=0x339bab0 => x8=0x43522cc0
[07:17:15 149][libtiny.so 0x174834] [8c4d8852] 0x40174834: "movz w12, #0x426c" w12=0x8e2e34 => w12=0x426c
[07:17:15 150][libtiny.so 0x174838] [6b01084b] 0x40174838: "sub w11, w11, w8" w11=0x40187210 w8=0x43522cc0 => w11=0xfcc64550
[07:17:15 150][libtiny.so 0x17483c] [2c07a072] 0x4017483c: "movk w12, #0x39, lsl #16" w12=0x426c => w12=0x39426c
[07:17:15 151][libtiny.so 0x174840] [6b010c0b] 0x40174840: "add w11, w11, w12" w11=0xfcc64550 w12=0x39426c => w11=0xfcff87bc
[07:17:15 151][libtiny.so 0x174844] [4ac12b8b] 0x40174844: "add x10, x10, w11, sxtw" x10=0x4318e884 w11=0xfcff87bc => x10=0x40187040
[07:17:15 152][libtiny.so 0x174848] [691605f9] 0x40174848: "str x9, [x19, #0xa28]" ; mem[WRITE] abs=0xbfffce08 x9=0xbfffad90 x19=0xbfffc3e0 => x9=0xbfffad90
[07:17:15 153][libtiny.so 0x17484c] [40011fd6] 0x4017484c: "br x10" x10=0x40187040
[07:17:15 153][libtiny.so 0x187040] [e9559792] 0x40187040: "movn x9, #0xbaaf" x9=0xbfffad90 => x9=0xffffffffffff4550
[07:17:15 154][libtiny.so 0x187044] [c998bff2] 0x40187044: "movk x9, #0xfcc6, lsl #16" x9=0xffffffffffff4550 => x9=0xfffffffffcc64550
[07:17:15 154][libtiny.so 0x187048] [0801098b] 0x40187048: "add x8, x8, x9" x8=0x43522cc0 x9=0xfffffffffcc64550 => x8=0x40187210
[07:17:15 154][libtiny.so 0x18704c] [00011fd6] 0x4018704c: "br x8" x8=0x40187210
[07:17:15 156][libtiny.so 0x187210] [e84300d1] 0x40187210: "sub x8, sp, #0x10" sp=0xbfffad90 => x8=0xbfffad80
[07:17:15 156][libtiny.so 0x187214] [1f010091] 0x40187214: "mov sp, x8" x8=0xbfffad80 => sp=0xbfffad80
[07:17:15 157][libtiny.so 0x187218] [681a05f9] 0x40187218: "str x8, [x19, #0xa30]" ; mem[WRITE] abs=0xbfffce10 x8=0xbfffad80 x19=0xbfffc3e0 => x8=0xbfffad80
[07:17:15 158][libtiny.so 0x18721c] [e84300d1] 0x4018721c: "sub x8, sp, #0x10" sp=0xbfffad80 => x8=0xbfffad70
[07:17:15 158][libtiny.so 0x187220] [1f010091] 0x40187220: "mov sp, x8" x8=0xbfffad70 => sp=0xbfffad70
[07:17:15 160][libtiny.so 0x187224] [681e05f9] 0x40187224: "str x8, [x19, #0xa38]" ; mem[WRITE] abs=0xbfffce18 x8=0xbfffad70 x19=0xbfffc3e0 => x8=0xbfffad70
[07:17:15 160][libtiny.so 0x187228] [e84300d1] 0x40187228: "sub x8, sp, #0x10" sp=0xbfffad70 => x8=0xbfffad60
[07:17:15 161][libtiny.so 0x18722c] [1f010091] 0x4018722c: "mov sp, x8" x8=0xbfffad60 => sp=0xbfffad60
[07:17:15 161][libtiny.so 0x187230] [682205f9] 0x40187230: "str x8, [x19, #0xa40]" ; mem[WRITE] abs=0xbfffce20 x8=0xbfffad60 x19=0xbfffc3e0 => x8=0xbfffad60
[07:17:15 163][libtiny.so 0x187234] [e84300d1] 0x40187234: "sub x8, sp, #0x10" sp=0xbfffad60 => x8=0xbfffad50
[07:17:15 163][libtiny.so 0x187238] [1f010091] 0x40187238: "mov sp, x8" x8=0xbfffad50 => sp=0xbfffad50
[07:17:15 164][libtiny.so 0x18723c] [682605f9] 0x4018723c: "str x8, [x19, #0xa48]" ; mem[WRITE] abs=0xbfffce28 x8=0xbfffad50 x19=0xbfffc3e0 => x8=0xbfffad50
[07:17:15 165][libtiny.so 0x187240] [e84300d1] 0x40187240: "sub x8, sp, #0x10" sp=0xbfffad50 => x8=0xbfffad40
[07:17:15 165][libtiny.so 0x187244] [1f010091] 0x40187244: "mov sp, x8" x8=0xbfffad40 => sp=0xbfffad40
[07:17:15 167][libtiny.so 0x187248] [682a05f9] 0x40187248: "str x8, [x19, #0xa50]" ; mem[WRITE] abs=0xbfffce30 x8=0xbfffad40 x19=0xbfffc3e0 => x8=0xbfffad40
[07:17:15 167][libtiny.so 0x18724c] [e84300d1] 0x4018724c: "sub x8, sp, #0x10" sp=0xbfffad40 => x8=0xbfffad30
[07:17:15 168][libtiny.so 0x187250] [1f010091] 0x40187250: "mov sp, x8" x8=0xbfffad30 => sp=0xbfffad30
[07:17:15 168][libtiny.so 0x187254] [682e05f9] 0x40187254: "str x8, [x19, #0xa58]" ; mem[WRITE] abs=0xbfffce38 x8=0xbfffad30 x19=0xbfffc3e0 => x8=0xbfffad30
[07:17:15 169][libtiny.so 0x187258] [e84300d1] 0x40187258: "sub x8, sp, #0x10" sp=0xbfffad30 => x8=0xbfffad20
[07:17:15 169][libtiny.so 0x18725c] [1f010091] 0x4018725c: "mov sp, x8" x8=0xbfffad20 => sp=0xbfffad20
[07:17:15 170][libtiny.so 0x187260] [683205f9] 0x40187260: "str x8, [x19, #0xa60]" ; mem[WRITE] abs=0xbfffce40 x8=0xbfffad20 x19=0xbfffc3e0 => x8=0xbfffad20
[07:17:15 171][libtiny.so 0x187264] [e84300d1] 0x40187264: "sub x8, sp, #0x10" sp=0xbfffad20 => x8=0xbfffad10
[07:17:15 171][libtiny.so 0x187268] [1f010091] 0x40187268: "mov sp, x8" x8=0xbfffad10 => sp=0xbfffad10
[07:17:15 173][libtiny.so 0x18726c] [683605f9] 0x4018726c: "str x8, [x19, #0xa68]" ; mem[WRITE] abs=0xbfffce48 x8=0xbfffad10 x19=0xbfffc3e0 => x8=0xbfffad10
[07:17:15 173][libtiny.so 0x187270] [e84300d1] 0x40187270: "sub x8, sp, #0x10" sp=0xbfffad10 => x8=0xbfffad00
[07:17:15 174][libtiny.so 0x187274] [1f010091] 0x40187274: "mov sp, x8" x8=0xbfffad00 => sp=0xbfffad00
[07:17:15 174][libtiny.so 0x187278] [683a05f9] 0x40187278: "str x8, [x19, #0xa70]" ; mem[WRITE] abs=0xbfffce50 x8=0xbfffad00 x19=0xbfffc3e0 => x8=0xbfffad00
[07:17:15 176][libtiny.so 0x18727c] [e84300d1] 0x4018727c: "sub x8, sp, #0x10" sp=0xbfffad00 => x8=0xbfffacf0
[07:17:15 177][libtiny.so 0x187280] [1f010091] 0x40187280: "mov sp, x8" x8=0xbfffacf0 => sp=0xbfffacf0
[07:17:15 177][libtiny.so 0x187284] [683e05f9] 0x40187284: "str x8, [x19, #0xa78]" ; mem[WRITE] abs=0xbfffce58 x8=0xbfffacf0 x19=0xbfffc3e0 => x8=0xbfffacf0
[07:17:15 178][libtiny.so 0x187288] [e84300d1] 0x40187288: "sub x8, sp, #0x10" sp=0xbfffacf0 => x8=0xbffface0
[07:17:15 178][libtiny.so 0x18728c] [1f010091] 0x4018728c: "mov sp, x8" x8=0xbffface0 => sp=0xbffface0
[07:17:15 179][libtiny.so 0x187290] [684205f9] 0x40187290: "str x8, [x19, #0xa80]" ; mem[WRITE] abs=0xbfffce60 x8=0xbffface0 x19=0xbfffc3e0 => x8=0xbffface0
[07:17:15 180][libtiny.so 0x187294] [e84300d1] 0x40187294: "sub x8, sp, #0x10" sp=0xbffface0 => x8=0xbfffacd0
[07:17:15 180][libtiny.so 0x187298] [1f010091] 0x40187298: "mov sp, x8" x8=0xbfffacd0 => sp=0xbfffacd0
[07:17:15 180][libtiny.so 0x18729c] [684605f9] 0x4018729c: "str x8, [x19, #0xa88]" ; mem[WRITE] abs=0xbfffce68 x8=0xbfffacd0 x19=0xbfffc3e0 => x8=0xbfffacd0
[07:17:15 181][libtiny.so 0x1872a0] [e84300d1] 0x401872a0: "sub x8, sp, #0x10" sp=0xbfffacd0 => x8=0xbfffacc0
[07:17:15 181][libtiny.so 0x1872a4] [1f010091] 0x401872a4: "mov sp, x8" x8=0xbfffacc0 => sp=0xbfffacc0
[07:17:15 182][libtiny.so 0x1872a8] [684a05f9] 0x401872a8: "str x8, [x19, #0xa90]" ; mem[WRITE] abs=0xbfffce70 x8=0xbfffacc0 x19=0xbfffc3e0 => x8=0xbfffacc0
[07:17:15 183][libtiny.so 0x1872ac] [e84300d1] 0x401872ac: "sub x8, sp, #0x10" sp=0xbfffacc0 => x8=0xbfffacb0
[07:17:15 183][libtiny.so 0x1872b0] [1f010091] 0x401872b0: "mov sp, x8" x8=0xbfffacb0 => sp=0xbfffacb0
[07:17:15 183][libtiny.so 0x1872b4] [684e05f9] 0x401872b4: "str x8, [x19, #0xa98]" ; mem[WRITE] abs=0xbfffce78 x8=0xbfffacb0 x19=0xbfffc3e0 => x8=0xbfffacb0
[07:17:15 185][libtiny.so 0x1872b8] [e84300d1] 0x401872b8: "sub x8, sp, #0x10" sp=0xbfffacb0 => x8=0xbfffaca0
[07:17:15 185][libtiny.so 0x1872bc] [1f010091] 0x401872bc: "mov sp, x8" x8=0xbfffaca0 => sp=0xbfffaca0
[07:17:15 186][libtiny.so 0x1872c0] [685205f9] 0x401872c0: "str x8, [x19, #0xaa0]" ; mem[WRITE] abs=0xbfffce80 x8=0xbfffaca0 x19=0xbfffc3e0 => x8=0xbfffaca0
[07:17:15 186][libtiny.so 0x1872c4] [e84300d1] 0x401872c4: "sub x8, sp, #0x10" sp=0xbfffaca0 => x8=0xbfffac90
[07:17:15 186][libtiny.so 0x1872c8] [1f010091] 0x401872c8: "mov sp, x8" x8=0xbfffac90 => sp=0xbfffac90
[07:17:15 188][libtiny.so 0x1872cc] [685605f9] 0x401872cc: "str x8, [x19, #0xaa8]" ; mem[WRITE] abs=0xbfffce88 x8=0xbfffac90 x19=0xbfffc3e0 => x8=0xbfffac90
[07:17:15 189][libtiny.so 0x1872d0] [e84300d1] 0x401872d0: "sub x8, sp, #0x10" sp=0xbfffac90 => x8=0xbfffac80
[07:17:15 189][libtiny.so 0x1872d4] [1f010091] 0x401872d4: "mov sp, x8" x8=0xbfffac80 => sp=0xbfffac80
[07:17:15 190][libtiny.so 0x1872d8] [685a05f9] 0x401872d8: "str x8, [x19, #0xab0]" ; mem[WRITE] abs=0xbfffce90 x8=0xbfffac80 x19=0xbfffc3e0 => x8=0xbfffac80
[07:17:15 190][libtiny.so 0x1872dc] [e84300d1] 0x401872dc: "sub x8, sp, #0x10" sp=0xbfffac80 => x8=0xbfffac70
[07:17:15 191][libtiny.so 0x1872e0] [1f010091] 0x401872e0: "mov sp, x8" x8=0xbfffac70 => sp=0xbfffac70
[07:17:15 191][libtiny.so 0x1872e4] [685e05f9] 0x401872e4: "str x8, [x19, #0xab8]" ; mem[WRITE] abs=0xbfffce98 x8=0xbfffac70 x19=0xbfffc3e0 => x8=0xbfffac70
[07:17:15 193][libtiny.so 0x1872e8] [e84300d1] 0x401872e8: "sub x8, sp, #0x10" sp=0xbfffac70 => x8=0xbfffac60
[07:17:15 193][libtiny.so 0x1872ec] [1f010091] 0x401872ec: "mov sp, x8" x8=0xbfffac60 => sp=0xbfffac60
[07:17:15 194][libtiny.so 0x1872f0] [686205f9] 0x401872f0: "str x8, [x19, #0xac0]" ; mem[WRITE] abs=0xbfffcea0 x8=0xbfffac60 x19=0xbfffc3e0 => x8=0xbfffac60
[07:17:15 194][libtiny.so 0x1872f4] [e84300d1] 0x401872f4: "sub x8, sp, #0x10" sp=0xbfffac60 => x8=0xbfffac50
[07:17:15 195][libtiny.so 0x1872f8] [1f010091] 0x401872f8: "mov sp, x8" x8=0xbfffac50 => sp=0xbfffac50
[07:17:15 195][libtiny.so 0x1872fc] [686605f9] 0x401872fc: "str x8, [x19, #0xac8]" ; mem[WRITE] abs=0xbfffcea8 x8=0xbfffac50 x19=0xbfffc3e0 => x8=0xbfffac50
[07:17:15 196][libtiny.so 0x187300] [e84300d1] 0x40187300: "sub x8, sp, #0x10" sp=0xbfffac50 => x8=0xbfffac40
[07:17:15 197][libtiny.so 0x187304] [1f010091] 0x40187304: "mov sp, x8" x8=0xbfffac40 => sp=0xbfffac40
[07:17:15 197][libtiny.so 0x187308] [686a05f9] 0x40187308: "str x8, [x19, #0xad0]" ; mem[WRITE] abs=0xbfffceb0 x8=0xbfffac40 x19=0xbfffc3e0 => x8=0xbfffac40
[07:17:15 198][libtiny.so 0x18730c] [e84300d1] 0x4018730c: "sub x8, sp, #0x10" sp=0xbfffac40 => x8=0xbfffac30
[07:17:15 199][libtiny.so 0x187310] [1f010091] 0x40187310: "mov sp, x8" x8=0xbfffac30 => sp=0xbfffac30
[07:17:15 199][libtiny.so 0x187314] [686e05f9] 0x40187314: "str x8, [x19, #0xad8]" ; mem[WRITE] abs=0xbfffceb8 x8=0xbfffac30 x19=0xbfffc3e0 => x8=0xbfffac30
[07:17:15 201][libtiny.so 0x187318] [e84300d1] 0x40187318: "sub x8, sp, #0x10" sp=0xbfffac30 => x8=0xbfffac20
[07:17:15 201][libtiny.so 0x18731c] [1f010091] 0x4018731c: "mov sp, x8" x8=0xbfffac20 => sp=0xbfffac20
[07:17:15 202][libtiny.so 0x187320] [687205f9] 0x40187320: "str x8, [x19, #0xae0]" ; mem[WRITE] abs=0xbfffcec0 x8=0xbfffac20 x19=0xbfffc3e0 => x8=0xbfffac20
[07:17:15 202][libtiny.so 0x187324] [e84300d1] 0x40187324: "sub x8, sp, #0x10" sp=0xbfffac20 => x8=0xbfffac10
[07:17:15 203][libtiny.so 0x187328] [1f010091] 0x40187328: "mov sp, x8" x8=0xbfffac10 => sp=0xbfffac10
[07:17:15 205][libtiny.so 0x18732c] [e92c00b0] 0x4018732c: "adrp x9, #0x40724000" => x9=0x40724000
[07:17:15 206][libtiny.so 0x187330] [8a4f8952] 0x40187330: "movz w10, #0x4a7c" w10=0x40187040 => w10=0x4a7c
[07:17:15 206][libtiny.so 0x187334] [6bfffff0] 0x40187334: "adrp x11, #0x40176000" => x11=0x40176000
[07:17:15 207][libtiny.so 0x187338] [29f546f9] 0x40187338: "ldr x9, [x9, #0xde8]" ; mem[READ] abs=0x40724de8 x9=0x40724000 => x9=0x43d13168
[07:17:15 207][libtiny.so 0x18733c] [2ae3a072] 0x4018733c: "movk w10, #0x719, lsl #16" w10=0x4a7c => w10=0x7194a7c
[07:17:15 209][libtiny.so 0x187340] [6ba10c91] 0x40187340: "add x11, x11, #0x328" x11=0x40176000 => x11=0x40176328
[07:17:15 209][libtiny.so 0x187344] [6a010a8b] 0x40187344: "add x10, x11, x10" x11=0x40176328 x10=0x7194a7c => x10=0x4730ada4
[07:17:15 210][libtiny.so 0x187348] [0cc38f52] 0x40187348: "movz w12, #0x7e18" w12=0x39426c => w12=0x7e18
[07:17:15 210][libtiny.so 0x18734c] [6b010a4b] 0x4018734c: "sub w11, w11, w10" w11=0x40176328 w10=0x4730ada4 => w11=0xf8e6b584
[07:17:15 211][libtiny.so 0x187350] [ec6ba072] 0x40187350: "movk w12, #0x35f, lsl #16" w12=0x7e18 => w12=0x35f7e18
[07:17:15 211][libtiny.so 0x187354] [6b010c0b] 0x40187354: "add w11, w11, w12" w11=0xf8e6b584 w12=0x35f7e18 => w11=0xfc46339c
[07:17:15 212][libtiny.so 0x187358] [2bc12b8b] 0x40187358: "add x11, x9, w11, sxtw" x9=0x43d13168 w11=0xfc46339c => x11=0x40176504
[07:17:15 212][libtiny.so 0x18735c] [687605f9] 0x4018735c: "str x8, [x19, #0xae8]" ; mem[WRITE] abs=0xbfffcec8 x8=0xbfffac10 x19=0xbfffc3e0 => x8=0xbfffac10
[07:17:15 214][libtiny.so 0x187360] [e9030aaa] 0x40187360: "mov x9, x10" x10=0x4730ada4 => x9=0x4730ada4
[07:17:15 214][libtiny.so 0x187364] [60011fd6] 0x40187364: "br x11" x11=0x40176504
[07:17:15 215][libtiny.so 0x176504] [682d00d0] 0x40176504: "adrp x8, #0x40724000" => x8=0x40724000
[07:17:15 216][libtiny.so 0x176508] [08f146f9] 0x40176508: "ldr x8, [x8, #0xde0]" ; mem[READ] abs=0x40724de0 x8=0x40724000 => x8=0x43502820
[07:17:15 216][libtiny.so 0x17650c] [6bd49892] 0x4017650c: "movn x11, #0xc6a3" x11=0x40176504 => x11=0xffffffffffff395c
[07:17:15 217][libtiny.so 0x176510] [ea829592] 0x40176510: "movn x10, #0xac17" x10=0x4730ada4 => x10=0xffffffffffff53e8
[07:17:15 217][libtiny.so 0x176514] [eb98bff2] 0x40176514: "movk x11, #0xfcc7, lsl #16" x11=0xffffffffffff395c => x11=0xfffffffffcc7395c
[07:17:15 218][libtiny.so 0x176518] [2a9abff2] 0x40176518: "movk x10, #0xfcd1, lsl #16" x10=0xffffffffffff53e8 => x10=0xfffffffffcd153e8
[07:17:15 218][libtiny.so 0x17651c] [08010b8b] 0x4017651c: "add x8, x8, x11" x8=0x43502820 x11=0xfffffffffcc7395c => x8=0x4017617c
[07:17:15 219][libtiny.so 0x176520] [29010a8b] 0x40176520: "add x9, x9, x10" x9=0x4730ada4 x10=0xfffffffffcd153e8 => x9=0x4402018c
[07:17:15 219][libtiny.so 0x176524] [00011fd6] 0x40176524: "br x8" x8=0x4017617c
[07:17:15 221][libtiny.so 0x17617c] [68cc9392] 0x4017617c: "movn x8, #0x9e63" x8=0x4017617c => x8=0xffffffffffff619c
[07:17:15 221][libtiny.so 0x176180] [a882bff2] 0x40176180: "movk x8, #0xfc15, lsl #16" x8=0xffffffffffff619c => x8=0xfffffffffc15619c
[07:17:15 222][libtiny.so 0x176184] [2801088b] 0x40176184: "add x8, x9, x8" x9=0x4402018c x8=0xfffffffffc15619c => x8=0x40176328
[07:17:15 223][libtiny.so 0x176188] [00011fd6] 0x40176188: "br x8" x8=0x40176328
[07:17:15 223][libtiny.so 0x176328] [e84300d1] 0x40176328: "sub x8, sp, #0x10" sp=0xbfffac10 => x8=0xbfffac00
[07:17:15 224][libtiny.so 0x17632c] [1f010091] 0x4017632c: "mov sp, x8" x8=0xbfffac00 => sp=0xbfffac00
[07:17:15 224][libtiny.so 0x176330] [687a05f9] 0x40176330: "str x8, [x19, #0xaf0]" ; mem[WRITE] abs=0xbfffced0 x8=0xbfffac00 x19=0xbfffc3e0 => x8=0xbfffac00
[07:17:15 225][libtiny.so 0x176334] [e84300d1] 0x40176334: "sub x8, sp, #0x10" sp=0xbfffac00 => x8=0xbfffabf0
[07:17:15 225][libtiny.so 0x176338] [1f010091] 0x40176338: "mov sp, x8" x8=0xbfffabf0 => sp=0xbfffabf0
[07:17:15 226][libtiny.so 0x17633c] [687e05f9] 0x4017633c: "str x8, [x19, #0xaf8]" ; mem[WRITE] abs=0xbfffced8 x8=0xbfffabf0 x19=0xbfffc3e0 => x8=0xbfffabf0
[07:17:15 226][libtiny.so 0x176340] [e84300d1] 0x40176340: "sub x8, sp, #0x10" sp=0xbfffabf0 => x8=0xbfffabe0
[07:17:15 226][libtiny.so 0x176344] [1f010091] 0x40176344: "mov sp, x8" x8=0xbfffabe0 => sp=0xbfffabe0
[07:17:15 228][libtiny.so 0x176348] [688205f9] 0x40176348: "str x8, [x19, #0xb00]" ; mem[WRITE] abs=0xbfffcee0 x8=0xbfffabe0 x19=0xbfffc3e0 => x8=0xbfffabe0
[07:17:15 228][libtiny.so 0x17634c] [e84300d1] 0x4017634c: "sub x8, sp, #0x10" sp=0xbfffabe0 => x8=0xbfffabd0
[07:17:15 229][libtiny.so 0x176350] [1f010091] 0x40176350: "mov sp, x8" x8=0xbfffabd0 => sp=0xbfffabd0
[07:17:15 230][libtiny.so 0x176354] [688605f9] 0x40176354: "str x8, [x19, #0xb08]" ; mem[WRITE] abs=0xbfffcee8 x8=0xbfffabd0 x19=0xbfffc3e0 => x8=0xbfffabd0
[07:17:15 230][libtiny.so 0x176358] [e84300d1] 0x40176358: "sub x8, sp, #0x10" sp=0xbfffabd0 => x8=0xbfffabc0
[07:17:15 230][libtiny.so 0x17635c] [1f010091] 0x4017635c: "mov sp, x8" x8=0xbfffabc0 => sp=0xbfffabc0
[07:17:15 232][libtiny.so 0x176360] [688a05f9] 0x40176360: "str x8, [x19, #0xb10]" ; mem[WRITE] abs=0xbfffcef0 x8=0xbfffabc0 x19=0xbfffc3e0 => x8=0xbfffabc0
[07:17:15 232][libtiny.so 0x176364] [e84300d1] 0x40176364: "sub x8, sp, #0x10" sp=0xbfffabc0 => x8=0xbfffabb0
[07:17:15 233][libtiny.so 0x176368] [1f010091] 0x40176368: "mov sp, x8" x8=0xbfffabb0 => sp=0xbfffabb0
[07:17:15 233][libtiny.so 0x17636c] [688e05f9] 0x4017636c: "str x8, [x19, #0xb18]" ; mem[WRITE] abs=0xbfffcef8 x8=0xbfffabb0 x19=0xbfffc3e0 => x8=0xbfffabb0
[07:17:15 234][libtiny.so 0x176370] [e84300d1] 0x40176370: "sub x8, sp, #0x10" sp=0xbfffabb0 => x8=0xbfffaba0
[07:17:15 235][libtiny.so 0x176374] [1f010091] 0x40176374: "mov sp, x8" x8=0xbfffaba0 => sp=0xbfffaba0
[07:17:15 236][libtiny.so 0x176378] [689205f9] 0x40176378: "str x8, [x19, #0xb20]" ; mem[WRITE] abs=0xbfffcf00 x8=0xbfffaba0 x19=0xbfffc3e0 => x8=0xbfffaba0
[07:17:15 237][libtiny.so 0x17637c] [e84300d1] 0x4017637c: "sub x8, sp, #0x10" sp=0xbfffaba0 => x8=0xbfffab90
[07:17:15 238][libtiny.so 0x176380] [1f010091] 0x40176380: "mov sp, x8" x8=0xbfffab90 => sp=0xbfffab90
[07:17:15 239][libtiny.so 0x176384] [689605f9] 0x40176384: "str x8, [x19, #0xb28]" ; mem[WRITE] abs=0xbfffcf08 x8=0xbfffab90 x19=0xbfffc3e0 => x8=0xbfffab90
[07:17:15 240][libtiny.so 0x176388] [e84300d1] 0x40176388: "sub x8, sp, #0x10" sp=0xbfffab90 => x8=0xbfffab80
[07:17:15 241][libtiny.so 0x17638c] [1f010091] 0x4017638c: "mov sp, x8" x8=0xbfffab80 => sp=0xbfffab80
[07:17:15 242][libtiny.so 0x176390] [689a05f9] 0x40176390: "str x8, [x19, #0xb30]" ; mem[WRITE] abs=0xbfffcf10 x8=0xbfffab80 x19=0xbfffc3e0 => x8=0xbfffab80
[07:17:15 242][libtiny.so 0x176394] [e84300d1] 0x40176394: "sub x8, sp, #0x10" sp=0xbfffab80 => x8=0xbfffab70
[07:17:15 243][libtiny.so 0x176398] [1f010091] 0x40176398: "mov sp, x8" x8=0xbfffab70 => sp=0xbfffab70
[07:17:15 244][libtiny.so 0x17639c] [689e05f9] 0x4017639c: "str x8, [x19, #0xb38]" ; mem[WRITE] abs=0xbfffcf18 x8=0xbfffab70 x19=0xbfffc3e0 => x8=0xbfffab70
[07:17:15 245][libtiny.so 0x1763a0] [e84300d1] 0x401763a0: "sub x8, sp, #0x10" sp=0xbfffab70 => x8=0xbfffab60
[07:17:15 245][libtiny.so 0x1763a4] [1f010091] 0x401763a4: "mov sp, x8" x8=0xbfffab60 => sp=0xbfffab60
[07:17:15 246][libtiny.so 0x1763a8] [68a205f9] 0x401763a8: "str x8, [x19, #0xb40]" ; mem[WRITE] abs=0xbfffcf20 x8=0xbfffab60 x19=0xbfffc3e0 => x8=0xbfffab60
[07:17:15 246][libtiny.so 0x1763ac] [e84300d1] 0x401763ac: "sub x8, sp, #0x10" sp=0xbfffab60 => x8=0xbfffab50
[07:17:15 247][libtiny.so 0x1763b0] [1f010091] 0x401763b0: "mov sp, x8" x8=0xbfffab50 => sp=0xbfffab50
[07:17:15 247][libtiny.so 0x1763b4] [68a605f9] 0x401763b4: "str x8, [x19, #0xb48]" ; mem[WRITE] abs=0xbfffcf28 x8=0xbfffab50 x19=0xbfffc3e0 => x8=0xbfffab50
[07:17:15 249][libtiny.so 0x1763b8] [e84300d1] 0x401763b8: "sub x8, sp, #0x10" sp=0xbfffab50 => x8=0xbfffab40
[07:17:15 249][libtiny.so 0x1763bc] [1f010091] 0x401763bc: "mov sp, x8" x8=0xbfffab40 => sp=0xbfffab40
[07:17:15 250][libtiny.so 0x1763c0] [68aa05f9] 0x401763c0: "str x8, [x19, #0xb50]" ; mem[WRITE] abs=0xbfffcf30 x8=0xbfffab40 x19=0xbfffc3e0 => x8=0xbfffab40
[07:17:15 251][libtiny.so 0x1763c4] [e84300d1] 0x401763c4: "sub x8, sp, #0x10" sp=0xbfffab40 => x8=0xbfffab30
[07:17:15 251][libtiny.so 0x1763c8] [1f010091] 0x401763c8: "mov sp, x8" x8=0xbfffab30 => sp=0xbfffab30
[07:17:15 253][libtiny.so 0x1763cc] [68ae05f9] 0x401763cc: "str x8, [x19, #0xb58]" ; mem[WRITE] abs=0xbfffcf38 x8=0xbfffab30 x19=0xbfffc3e0 => x8=0xbfffab30
[07:17:15 254][libtiny.so 0x1763d0] [e84300d1] 0x401763d0: "sub x8, sp, #0x10" sp=0xbfffab30 => x8=0xbfffab20
[07:17:15 255][libtiny.so 0x1763d4] [1f010091] 0x401763d4: "mov sp, x8" x8=0xbfffab20 => sp=0xbfffab20
[07:17:15 256][libtiny.so 0x1763d8] [68b205f9] 0x401763d8: "str x8, [x19, #0xb60]" ; mem[WRITE] abs=0xbfffcf40 x8=0xbfffab20 x19=0xbfffc3e0 => x8=0xbfffab20
[07:17:15 257][libtiny.so 0x1763dc] [e84300d1] 0x401763dc: "sub x8, sp, #0x10" sp=0xbfffab20 => x8=0xbfffab10
[07:17:15 257][libtiny.so 0x1763e0] [1f010091] 0x401763e0: "mov sp, x8" x8=0xbfffab10 => sp=0xbfffab10
[07:17:15 258][libtiny.so 0x1763e4] [68b605f9] 0x401763e4: "str x8, [x19, #0xb68]" ; mem[WRITE] abs=0xbfffcf48 x8=0xbfffab10 x19=0xbfffc3e0 => x8=0xbfffab10
[07:17:15 259][libtiny.so 0x1763e8] [e84300d1] 0x401763e8: "sub x8, sp, #0x10" sp=0xbfffab10 => x8=0xbfffab00
[07:17:15 260][libtiny.so 0x1763ec] [1f010091] 0x401763ec: "mov sp, x8" x8=0xbfffab00 => sp=0xbfffab00
[07:17:15 261][libtiny.so 0x1763f0] [68ba05f9] 0x401763f0: "str x8, [x19, #0xb70]" ; mem[WRITE] abs=0xbfffcf50 x8=0xbfffab00 x19=0xbfffc3e0 => x8=0xbfffab00
[07:17:15 262][libtiny.so 0x1763f4] [e84300d1] 0x401763f4: "sub x8, sp, #0x10" sp=0xbfffab00 => x8=0xbfffaaf0
[07:17:15 264][libtiny.so 0x1763f8] [1f010091] 0x401763f8: "mov sp, x8" x8=0xbfffaaf0 => sp=0xbfffaaf0
[07:17:15 265][libtiny.so 0x1763fc] [68be05f9] 0x401763fc: "str x8, [x19, #0xb78]" ; mem[WRITE] abs=0xbfffcf58 x8=0xbfffaaf0 x19=0xbfffc3e0 => x8=0xbfffaaf0
[07:17:15 266][libtiny.so 0x176400] [e84300d1] 0x40176400: "sub x8, sp, #0x10" sp=0xbfffaaf0 => x8=0xbfffaae0
[07:17:15 267][libtiny.so 0x176404] [1f010091] 0x40176404: "mov sp, x8" x8=0xbfffaae0 => sp=0xbfffaae0
[07:17:15 268][libtiny.so 0x176408] [68c205f9] 0x40176408: "str x8, [x19, #0xb80]" ; mem[WRITE] abs=0xbfffcf60 x8=0xbfffaae0 x19=0xbfffc3e0 => x8=0xbfffaae0
[07:17:15 269][libtiny.so 0x17640c] [e84300d1] 0x4017640c: "sub x8, sp, #0x10" sp=0xbfffaae0 => x8=0xbfffaad0
[07:17:15 269][libtiny.so 0x176410] [1f010091] 0x40176410: "mov sp, x8" x8=0xbfffaad0 => sp=0xbfffaad0
[07:17:15 270][libtiny.so 0x176414] [68c605f9] 0x40176414: "str x8, [x19, #0xb88]" ; mem[WRITE] abs=0xbfffcf68 x8=0xbfffaad0 x19=0xbfffc3e0 => x8=0xbfffaad0
[07:17:15 270][libtiny.so 0x176418] [e84300d1] 0x40176418: "sub x8, sp, #0x10" sp=0xbfffaad0 => x8=0xbfffaac0
[07:17:15 271][libtiny.so 0x17641c] [1f010091] 0x4017641c: "mov sp, x8" x8=0xbfffaac0 => sp=0xbfffaac0
[07:17:15 273][libtiny.so 0x176420] [68ca05f9] 0x40176420: "str x8, [x19, #0xb90]" ; mem[WRITE] abs=0xbfffcf70 x8=0xbfffaac0 x19=0xbfffc3e0 => x8=0xbfffaac0
[07:17:15 273][libtiny.so 0x176424] [e84300d1] 0x40176424: "sub x8, sp, #0x10" sp=0xbfffaac0 => x8=0xbfffaab0
[07:17:15 274][libtiny.so 0x176428] [1f010091] 0x40176428: "mov sp, x8" x8=0xbfffaab0 => sp=0xbfffaab0
[07:17:15 275][libtiny.so 0x17642c] [68ce05f9] 0x4017642c: "str x8, [x19, #0xb98]" ; mem[WRITE] abs=0xbfffcf78 x8=0xbfffaab0 x19=0xbfffc3e0 => x8=0xbfffaab0
[07:17:15 275][libtiny.so 0x176430] [e84300d1] 0x40176430: "sub x8, sp, #0x10" sp=0xbfffaab0 => x8=0xbfffaaa0
[07:17:15 276][libtiny.so 0x176434] [1f010091] 0x40176434: "mov sp, x8" x8=0xbfffaaa0 => sp=0xbfffaaa0
[07:17:15 276][libtiny.so 0x176438] [68d205f9] 0x40176438: "str x8, [x19, #0xba0]" ; mem[WRITE] abs=0xbfffcf80 x8=0xbfffaaa0 x19=0xbfffc3e0 => x8=0xbfffaaa0
[07:17:15 278][libtiny.so 0x17643c] [e84300d1] 0x4017643c: "sub x8, sp, #0x10" sp=0xbfffaaa0 => x8=0xbfffaa90
[07:17:15 278][libtiny.so 0x176440] [1f010091] 0x40176440: "mov sp, x8" x8=0xbfffaa90 => sp=0xbfffaa90
[07:17:15 279][libtiny.so 0x176444] [0a9d9a52] 0x40176444: "movz w10, #0xd4e8" w10=0xfcd153e8 => w10=0xd4e8
[07:17:15 279][libtiny.so 0x176448] [eb0000f0] 0x40176448: "adrp x11, #0x40195000" => x11=0x40195000
[07:17:15 280][libtiny.so 0x17644c] [692d00f0] 0x4017644c: "adrp x9, #0x40725000" => x9=0x40725000
[07:17:15 282][libtiny.so 0x176450] [2a6da072] 0x40176450: "movk w10, #0x369, lsl #16" w10=0xd4e8 => w10=0x369d4e8
[07:17:15 282][libtiny.so 0x176454] [6bd13691] 0x40176454: "add x11, x11, #0xdb4" x11=0x40195000 => x11=0x40195db4
[07:17:15 283][libtiny.so 0x176458] [290145f9] 0x40176458: "ldr x9, [x9, #0xa00]" ; mem[READ] abs=0x40725a00 x9=0x40725000 => x9=0x438844b0
[07:17:15 283][libtiny.so 0x17645c] [70010a8b] 0x4017645c: "add x16, x11, x10" x11=0x40195db4 x10=0x369d4e8 => x16=0x4383329c
[07:17:15 284][libtiny.so 0x176460] [6a01104b] 0x40176460: "sub w10, w11, w16" w11=0x40195db4 w16=0x4383329c => w10=0xfc962b18
[07:17:15 284][libtiny.so 0x176464] [0bd89c52] 0x40176464: "movz w11, #0xe6c0" w11=0x40195db4 => w11=0xe6c0
[07:17:15 285][libtiny.so 0x176468] [4bffbf72] 0x40176468: "movk w11, #0xfffa, lsl #16" w11=0xe6c0 => w11=0xfffae6c0
[07:17:15 286][libtiny.so 0x17646c] [4a010b0b] 0x4017646c: "add w10, w10, w11" w10=0xfc962b18 w11=0xfffae6c0 => w10=0xfc9111d8
[07:17:15 286][libtiny.so 0x176470] [29c12a8b] 0x40176470: "add x9, x9, w10, sxtw" x9=0x438844b0 w10=0xfc9111d8 => x9=0x40195688
[07:17:15 287][libtiny.so 0x176474] [68d605f9] 0x40176474: "str x8, [x19, #0xba8]" ; mem[WRITE] abs=0xbfffcf88 x8=0xbfffaa90 x19=0xbfffc3e0 => x8=0xbfffaa90
[07:17:15 288][libtiny.so 0x176478] [20011fd6] 0x40176478: "br x9" x9=0x40195688
[07:17:15 288][libtiny.so 0x195688] [e89c9a92] 0x40195688: "movn x8, #0xd4e7" x8=0xbfffaa90 => x8=0xffffffffffff2b18
[07:17:15 289][libtiny.so 0x19568c] [c892bff2] 0x4019568c: "movk x8, #0xfc96, lsl #16" x8=0xffffffffffff2b18 => x8=0xfffffffffc962b18
[07:17:15 289][libtiny.so 0x195690] [0802088b] 0x40195690: "add x8, x16, x8" x16=0x4383329c x8=0xfffffffffc962b18 => x8=0x40195db4
[07:17:15 291][libtiny.so 0x195694] [00011fd6] 0x40195694: "br x8" x8=0x40195db4
[07:17:15 292][libtiny.so 0x195db4] [e84300d1] 0x40195db4: "sub x8, sp, #0x10" sp=0xbfffaa90 => x8=0xbfffaa80
[07:17:15 292][libtiny.so 0x195db8] [1f010091] 0x40195db8: "mov sp, x8" x8=0xbfffaa80 => sp=0xbfffaa80
[07:17:15 293][libtiny.so 0x195dbc] [68da05f9] 0x40195dbc: "str x8, [x19, #0xbb0]" ; mem[WRITE] abs=0xbfffcf90 x8=0xbfffaa80 x19=0xbfffc3e0 => x8=0xbfffaa80
[07:17:15 294][libtiny.so 0x195dc0] [e84300d1] 0x40195dc0: "sub x8, sp, #0x10" sp=0xbfffaa80 => x8=0xbfffaa70
[07:17:15 294][libtiny.so 0x195dc4] [1f010091] 0x40195dc4: "mov sp, x8" x8=0xbfffaa70 => sp=0xbfffaa70
[07:17:15 295][libtiny.so 0x195dc8] [68de05f9] 0x40195dc8: "str x8, [x19, #0xbb8]" ; mem[WRITE] abs=0xbfffcf98 x8=0xbfffaa70 x19=0xbfffc3e0 => x8=0xbfffaa70
[07:17:15 295][libtiny.so 0x195dcc] [e84300d1] 0x40195dcc: "sub x8, sp, #0x10" sp=0xbfffaa70 => x8=0xbfffaa60
[07:17:15 296][libtiny.so 0x195dd0] [1f010091] 0x40195dd0: "mov sp, x8" x8=0xbfffaa60 => sp=0xbfffaa60
[07:17:15 296][libtiny.so 0x195dd4] [68e205f9] 0x40195dd4: "str x8, [x19, #0xbc0]" ; mem[WRITE] abs=0xbfffcfa0 x8=0xbfffaa60 x19=0xbfffc3e0 => x8=0xbfffaa60
[07:17:15 298][libtiny.so 0x195dd8] [e84300d1] 0x40195dd8: "sub x8, sp, #0x10" sp=0xbfffaa60 => x8=0xbfffaa50
[07:17:15 298][libtiny.so 0x195ddc] [1f010091] 0x40195ddc: "mov sp, x8" x8=0xbfffaa50 => sp=0xbfffaa50
[07:17:15 301][libtiny.so 0x195de0] [68e605f9] 0x40195de0: "str x8, [x19, #0xbc8]" ; mem[WRITE] abs=0xbfffcfa8 x8=0xbfffaa50 x19=0xbfffc3e0 => x8=0xbfffaa50
[07:17:15 302][libtiny.so 0x195de4] [e84300d1] 0x40195de4: "sub x8, sp, #0x10" sp=0xbfffaa50 => x8=0xbfffaa40
[07:17:15 302][libtiny.so 0x195de8] [1f010091] 0x40195de8: "mov sp, x8" x8=0xbfffaa40 => sp=0xbfffaa40
[07:17:15 304][libtiny.so 0x195dec] [68ea05f9] 0x40195dec: "str x8, [x19, #0xbd0]" ; mem[WRITE] abs=0xbfffcfb0 x8=0xbfffaa40 x19=0xbfffc3e0 => x8=0xbfffaa40
[07:17:15 305][libtiny.so 0x195df0] [e84300d1] 0x40195df0: "sub x8, sp, #0x10" sp=0xbfffaa40 => x8=0xbfffaa30
[07:17:15 305][libtiny.so 0x195df4] [1f010091] 0x40195df4: "mov sp, x8" x8=0xbfffaa30 => sp=0xbfffaa30
[07:17:15 306][libtiny.so 0x195df8] [68ee05f9] 0x40195df8: "str x8, [x19, #0xbd8]" ; mem[WRITE] abs=0xbfffcfb8 x8=0xbfffaa30 x19=0xbfffc3e0 => x8=0xbfffaa30
[07:17:15 306][libtiny.so 0x195dfc] [e84300d1] 0x40195dfc: "sub x8, sp, #0x10" sp=0xbfffaa30 => x8=0xbfffaa20
[07:17:15 307][libtiny.so 0x195e00] [1f010091] 0x40195e00: "mov sp, x8" x8=0xbfffaa20 => sp=0xbfffaa20
[07:17:15 307][libtiny.so 0x195e04] [68f205f9] 0x40195e04: "str x8, [x19, #0xbe0]" ; mem[WRITE] abs=0xbfffcfc0 x8=0xbfffaa20 x19=0xbfffc3e0 => x8=0xbfffaa20
[07:17:15 308][libtiny.so 0x195e08] [e84300d1] 0x40195e08: "sub x8, sp, #0x10" sp=0xbfffaa20 => x8=0xbfffaa10
[07:17:15 309][libtiny.so 0x195e0c] [1f010091] 0x40195e0c: "mov sp, x8" x8=0xbfffaa10 => sp=0xbfffaa10
[07:17:15 309][libtiny.so 0x195e10] [68f605f9] 0x40195e10: "str x8, [x19, #0xbe8]" ; mem[WRITE] abs=0xbfffcfc8 x8=0xbfffaa10 x19=0xbfffc3e0 => x8=0xbfffaa10
[07:17:15 310][libtiny.so 0x195e14] [e84300d1] 0x40195e14: "sub x8, sp, #0x10" sp=0xbfffaa10 => x8=0xbfffaa00
[07:17:15 310][libtiny.so 0x195e18] [1f010091] 0x40195e18: "mov sp, x8" x8=0xbfffaa00 => sp=0xbfffaa00
[07:17:15 311][libtiny.so 0x195e1c] [68fa05f9] 0x40195e1c: "str x8, [x19, #0xbf0]" ; mem[WRITE] abs=0xbfffcfd0 x8=0xbfffaa00 x19=0xbfffc3e0 => x8=0xbfffaa00
[07:17:15 311][libtiny.so 0x195e20] [e84300d1] 0x40195e20: "sub x8, sp, #0x10" sp=0xbfffaa00 => x8=0xbfffa9f0
[07:17:15 313][libtiny.so 0x195e24] [1f010091] 0x40195e24: "mov sp, x8" x8=0xbfffa9f0 => sp=0xbfffa9f0
[07:17:15 313][libtiny.so 0x195e28] [68fe05f9] 0x40195e28: "str x8, [x19, #0xbf8]" ; mem[WRITE] abs=0xbfffcfd8 x8=0xbfffa9f0 x19=0xbfffc3e0 => x8=0xbfffa9f0
[07:17:15 314][libtiny.so 0x195e2c] [e84300d1] 0x40195e2c: "sub x8, sp, #0x10" sp=0xbfffa9f0 => x8=0xbfffa9e0
[07:17:15 315][libtiny.so 0x195e30] [1f010091] 0x40195e30: "mov sp, x8" x8=0xbfffa9e0 => sp=0xbfffa9e0
[07:17:15 316][libtiny.so 0x195e34] [680206f9] 0x40195e34: "str x8, [x19, #0xc00]" ; mem[WRITE] abs=0xbfffcfe0 x8=0xbfffa9e0 x19=0xbfffc3e0 => x8=0xbfffa9e0
[07:17:15 317][libtiny.so 0x195e38] [e84300d1] 0x40195e38: "sub x8, sp, #0x10" sp=0xbfffa9e0 => x8=0xbfffa9d0
[07:17:15 318][libtiny.so 0x195e3c] [1f010091] 0x40195e3c: "mov sp, x8" x8=0xbfffa9d0 => sp=0xbfffa9d0
[07:17:15 319][libtiny.so 0x195e40] [680606f9] 0x40195e40: "str x8, [x19, #0xc08]" ; mem[WRITE] abs=0xbfffcfe8 x8=0xbfffa9d0 x19=0xbfffc3e0 => x8=0xbfffa9d0
[07:17:15 320][libtiny.so 0x195e44] [e84300d1] 0x40195e44: "sub x8, sp, #0x10" sp=0xbfffa9d0 => x8=0xbfffa9c0
[07:17:15 321][libtiny.so 0x195e48] [1f010091] 0x40195e48: "mov sp, x8" x8=0xbfffa9c0 => sp=0xbfffa9c0
[07:17:15 321][libtiny.so 0x195e4c] [680a06f9] 0x40195e4c: "str x8, [x19, #0xc10]" ; mem[WRITE] abs=0xbfffcff0 x8=0xbfffa9c0 x19=0xbfffc3e0 => x8=0xbfffa9c0
[07:17:15 322][libtiny.so 0x195e50] [e84300d1] 0x40195e50: "sub x8, sp, #0x10" sp=0xbfffa9c0 => x8=0xbfffa9b0
[07:17:15 322][libtiny.so 0x195e54] [1f010091] 0x40195e54: "mov sp, x8" x8=0xbfffa9b0 => sp=0xbfffa9b0
[07:17:15 324][libtiny.so 0x195e58] [680e06f9] 0x40195e58: "str x8, [x19, #0xc18]" ; mem[WRITE] abs=0xbfffcff8 x8=0xbfffa9b0 x19=0xbfffc3e0 => x8=0xbfffa9b0
[07:17:15 324][libtiny.so 0x195e5c] [e84300d1] 0x40195e5c: "sub x8, sp, #0x10" sp=0xbfffa9b0 => x8=0xbfffa9a0
[07:17:15 325][libtiny.so 0x195e60] [1f010091] 0x40195e60: "mov sp, x8" x8=0xbfffa9a0 => sp=0xbfffa9a0
[07:17:15 326][libtiny.so 0x195e64] [681206f9] 0x40195e64: "str x8, [x19, #0xc20]" ; mem[WRITE] abs=0xbfffd000 x8=0xbfffa9a0 x19=0xbfffc3e0 => x8=0xbfffa9a0
[07:17:15 326][libtiny.so 0x195e68] [e84300d1] 0x40195e68: "sub x8, sp, #0x10" sp=0xbfffa9a0 => x8=0xbfffa990
[07:17:15 327][libtiny.so 0x195e6c] [1f010091] 0x40195e6c: "mov sp, x8" x8=0xbfffa990 => sp=0xbfffa990
[07:17:15 327][libtiny.so 0x195e70] [681606f9] 0x40195e70: "str x8, [x19, #0xc28]" ; mem[WRITE] abs=0xbfffd008 x8=0xbfffa990 x19=0xbfffc3e0 => x8=0xbfffa990
[07:17:15 328][libtiny.so 0x195e74] [e84300d1] 0x40195e74: "sub x8, sp, #0x10" sp=0xbfffa990 => x8=0xbfffa980
[07:17:15 329][libtiny.so 0x195e78] [1f010091] 0x40195e78: "mov sp, x8" x8=0xbfffa980 => sp=0xbfffa980
[07:17:15 330][libtiny.so 0x195e7c] [681a06f9] 0x40195e7c: "str x8, [x19, #0xc30]" ; mem[WRITE] abs=0xbfffd010 x8=0xbfffa980 x19=0xbfffc3e0 => x8=0xbfffa980
[07:17:15 331][libtiny.so 0x195e80] [e84300d1] 0x40195e80: "sub x8, sp, #0x10" sp=0xbfffa980 => x8=0xbfffa970
[07:17:15 331][libtiny.so 0x195e84] [1f010091] 0x40195e84: "mov sp, x8" x8=0xbfffa970 => sp=0xbfffa970
[07:17:15 332][libtiny.so 0x195e88] [681e06f9] 0x40195e88: "str x8, [x19, #0xc38]" ; mem[WRITE] abs=0xbfffd018 x8=0xbfffa970 x19=0xbfffc3e0 => x8=0xbfffa970
[07:17:15 333][libtiny.so 0x195e8c] [e84300d1] 0x40195e8c: "sub x8, sp, #0x10" sp=0xbfffa970 => x8=0xbfffa960
[07:17:15 334][libtiny.so 0x195e90] [1f010091] 0x40195e90: "mov sp, x8" x8=0xbfffa960 => sp=0xbfffa960
[07:17:15 334][libtiny.so 0x195e94] [682206f9] 0x40195e94: "str x8, [x19, #0xc40]" ; mem[WRITE] abs=0xbfffd020 x8=0xbfffa960 x19=0xbfffc3e0 => x8=0xbfffa960
[07:17:15 335][libtiny.so 0x195e98] [e84300d1] 0x40195e98: "sub x8, sp, #0x10" sp=0xbfffa960 => x8=0xbfffa950
[07:17:15 336][libtiny.so 0x195e9c] [1f010091] 0x40195e9c: "mov sp, x8" x8=0xbfffa950 => sp=0xbfffa950
[07:17:15 336][libtiny.so 0x195ea0] [682606f9] 0x40195ea0: "str x8, [x19, #0xc48]" ; mem[WRITE] abs=0xbfffd028 x8=0xbfffa950 x19=0xbfffc3e0 => x8=0xbfffa950
[07:17:15 337][libtiny.so 0x195ea4] [e84300d1] 0x40195ea4: "sub x8, sp, #0x10" sp=0xbfffa950 => x8=0xbfffa940
[07:17:15 338][libtiny.so 0x195ea8] [1f010091] 0x40195ea8: "mov sp, x8" x8=0xbfffa940 => sp=0xbfffa940
[07:17:15 338][libtiny.so 0x195eac] [682a06f9] 0x40195eac: "str x8, [x19, #0xc50]" ; mem[WRITE] abs=0xbfffd030 x8=0xbfffa940 x19=0xbfffc3e0 => x8=0xbfffa940
[07:17:15 339][libtiny.so 0x195eb0] [e84300d1] 0x40195eb0: "sub x8, sp, #0x10" sp=0xbfffa940 => x8=0xbfffa930
[07:17:15 340][libtiny.so 0x195eb4] [1f010091] 0x40195eb4: "mov sp, x8" x8=0xbfffa930 => sp=0xbfffa930
[07:17:15 341][libtiny.so 0x195eb8] [682e06f9] 0x40195eb8: "str x8, [x19, #0xc58]" ; mem[WRITE] abs=0xbfffd038 x8=0xbfffa930 x19=0xbfffc3e0 => x8=0xbfffa930
[07:17:15 342][libtiny.so 0x195ebc] [e84300d1] 0x40195ebc: "sub x8, sp, #0x10" sp=0xbfffa930 => x8=0xbfffa920
[07:17:15 343][libtiny.so 0x195ec0] [1f010091] 0x40195ec0: "mov sp, x8" x8=0xbfffa920 => sp=0xbfffa920
[07:17:15 344][libtiny.so 0x195ec4] [683206f9] 0x40195ec4: "str x8, [x19, #0xc60]" ; mem[WRITE] abs=0xbfffd040 x8=0xbfffa920 x19=0xbfffc3e0 => x8=0xbfffa920
[07:17:15 345][libtiny.so 0x195ec8] [e84300d1] 0x40195ec8: "sub x8, sp, #0x10" sp=0xbfffa920 => x8=0xbfffa910
[07:17:15 346][libtiny.so 0x195ecc] [1f010091] 0x40195ecc: "mov sp, x8" x8=0xbfffa910 => sp=0xbfffa910
[07:17:15 347][libtiny.so 0x195ed0] [692c00f0] 0x40195ed0: "adrp x9, #0x40724000" => x9=0x40724000
[07:17:15 347][libtiny.so 0x195ed4] [0a7f9452] 0x40195ed4: "movz w10, #0xa3f8" w10=0xfc9111d8 => w10=0xa3f8
[07:17:15 349][libtiny.so 0x195ed8] [0bffffb0] 0x40195ed8: "adrp x11, #0x40176000" => x11=0x40176000
[07:17:15 349][libtiny.so 0x195edc] [29fd46f9] 0x40195edc: "ldr x9, [x9, #0xdf8]" ; mem[READ] abs=0x40724df8 x9=0x40724000 => x9=0x43a97db4
[07:17:15 350][libtiny.so 0x195ee0] [6ac6a072] 0x40195ee0: "movk w10, #0x633, lsl #16" w10=0xa3f8 => w10=0x633a3f8
[07:17:15 352][libtiny.so 0x195ee4] [6be11491] 0x40195ee4: "add x11, x11, #0x538" x11=0x40176000 => x11=0x40176538
[07:17:15 352][libtiny.so 0x195ee8] [6a010a8b] 0x40195ee8: "add x10, x11, x10" x11=0x40176538 x10=0x633a3f8 => x10=0x464b0930
[07:17:15 355][libtiny.so 0x195eec] [0cf89152] 0x40195eec: "movz w12, #0x8fc0" w12=0x35f7e18 => w12=0x8fc0
[07:17:15 356][libtiny.so 0x195ef0] [6b010a4b] 0x40195ef0: "sub w11, w11, w10" w11=0x40176538 w10=0x464b0930 => w11=0xf9cc5c08
[07:17:15 358][libtiny.so 0x195ef4] [2c54a072] 0x40195ef4: "movk w12, #0x2a1, lsl #16" w12=0x8fc0 => w12=0x2a18fc0
[07:17:15 360][libtiny.so 0x195ef8] [6b010c0b] 0x40195ef8: "add w11, w11, w12" w11=0xf9cc5c08 w12=0x2a18fc0 => w11=0xfc6debc8
[07:17:15 361][libtiny.so 0x195efc] [2bc12b8b] 0x40195efc: "add x11, x9, w11, sxtw" x9=0x43a97db4 w11=0xfc6debc8 => x11=0x4017697c
[07:17:15 362][libtiny.so 0x195f00] [683606f9] 0x40195f00: "str x8, [x19, #0xc68]" ; mem[WRITE] abs=0xbfffd048 x8=0xbfffa910 x19=0xbfffc3e0 => x8=0xbfffa910
[07:17:15 364][libtiny.so 0x195f04] [e9030aaa] 0x40195f04: "mov x9, x10" x10=0x464b0930 => x9=0x464b0930
[07:17:15 365][libtiny.so 0x195f08] [60011fd6] 0x40195f08: "br x11" x11=0x4017697c
[07:17:15 367][libtiny.so 0x17697c] [682d00d0] 0x4017697c: "adrp x8, #0x40724000" => x8=0x40724000
[07:17:15 369][libtiny.so 0x176980] [08f946f9] 0x40176980: "ldr x8, [x8, #0xdf0]" ; mem[READ] abs=0x40724df0 x8=0x40724000 => x8=0x43a5b44c
[07:17:15 370][libtiny.so 0x176984] [6be48992] 0x40176984: "movn x11, #0x4f23" x11=0x4017697c => x11=0xffffffffffffb0dc
[07:17:15 371][libtiny.so 0x176988] [eac38092] 0x40176988: "movn x10, #0x61f" x10=0x464b0930 => x10=0xfffffffffffff9e0
[07:17:15 373][libtiny.so 0x17698c] [2b8ebff2] 0x4017698c: "movk x11, #0xfc71, lsl #16" x11=0xffffffffffffb0dc => x11=0xfffffffffc71b0dc
[07:17:15 374][libtiny.so 0x176990] [4a9dbff2] 0x40176990: "movk x10, #0xfcea, lsl #16" x10=0xfffffffffffff9e0 => x10=0xfffffffffceaf9e0
[07:17:15 375][libtiny.so 0x176994] [08010b8b] 0x40176994: "add x8, x8, x11" x8=0x43a5b44c x11=0xfffffffffc71b0dc => x8=0x40176528
[07:17:15 376][libtiny.so 0x176998] [29010a8b] 0x40176998: "add x9, x9, x10" x9=0x464b0930 x10=0xfffffffffceaf9e0 => x9=0x43360310
[07:17:15 378][libtiny.so 0x17699c] [00011fd6] 0x4017699c: "br x8" x8=0x40176528
[07:17:15 379][libtiny.so 0x176528] [e8ba9392] 0x40176528: "movn x8, #0x9dd7" x8=0x40176528 => x8=0xffffffffffff6228
[07:17:15 380][libtiny.so 0x17652c] [289cbff2] 0x4017652c: "movk x8, #0xfce1, lsl #16" x8=0xffffffffffff6228 => x8=0xfffffffffce16228
[07:17:15 381][libtiny.so 0x176530] [2801088b] 0x40176530: "add x8, x9, x8" x9=0x43360310 x8=0xfffffffffce16228 => x8=0x40176538
[07:17:15 382][libtiny.so 0x176534] [00011fd6] 0x40176534: "br x8" x8=0x40176538
[07:17:15 384][libtiny.so 0x176538] [e84300d1] 0x40176538: "sub x8, sp, #0x10" sp=0xbfffa910 => x8=0xbfffa900
[07:17:15 385][libtiny.so 0x17653c] [1f010091] 0x4017653c: "mov sp, x8" x8=0xbfffa900 => sp=0xbfffa900
[07:17:15 387][libtiny.so 0x176540] [683a06f9] 0x40176540: "str x8, [x19, #0xc70]" ; mem[WRITE] abs=0xbfffd050 x8=0xbfffa900 x19=0xbfffc3e0 => x8=0xbfffa900
[07:17:15 388][libtiny.so 0x176544] [e84300d1] 0x40176544: "sub x8, sp, #0x10" sp=0xbfffa900 => x8=0xbfffa8f0
[07:17:15 389][libtiny.so 0x176548] [1f010091] 0x40176548: "mov sp, x8" x8=0xbfffa8f0 => sp=0xbfffa8f0
[07:17:15 390][libtiny.so 0x17654c] [683e06f9] 0x4017654c: "str x8, [x19, #0xc78]" ; mem[WRITE] abs=0xbfffd058 x8=0xbfffa8f0 x19=0xbfffc3e0 => x8=0xbfffa8f0
[07:17:15 391][libtiny.so 0x176550] [e84300d1] 0x40176550: "sub x8, sp, #0x10" sp=0xbfffa8f0 => x8=0xbfffa8e0
[07:17:15 392][libtiny.so 0x176554] [1f010091] 0x40176554: "mov sp, x8" x8=0xbfffa8e0 => sp=0xbfffa8e0
[07:17:15 393][libtiny.so 0x176558] [684206f9] 0x40176558: "str x8, [x19, #0xc80]" ; mem[WRITE] abs=0xbfffd060 x8=0xbfffa8e0 x19=0xbfffc3e0 => x8=0xbfffa8e0
[07:17:15 394][libtiny.so 0x17655c] [e84300d1] 0x4017655c: "sub x8, sp, #0x10" sp=0xbfffa8e0 => x8=0xbfffa8d0
[07:17:15 396][libtiny.so 0x176560] [1f010091] 0x40176560: "mov sp, x8" x8=0xbfffa8d0 => sp=0xbfffa8d0
[07:17:15 397][libtiny.so 0x176564] [684606f9] 0x40176564: "str x8, [x19, #0xc88]" ; mem[WRITE] abs=0xbfffd068 x8=0xbfffa8d0 x19=0xbfffc3e0 => x8=0xbfffa8d0
[07:17:15 397][libtiny.so 0x176568] [e84300d1] 0x40176568: "sub x8, sp, #0x10" sp=0xbfffa8d0 => x8=0xbfffa8c0
[07:17:15 398][libtiny.so 0x17656c] [1f010091] 0x4017656c: "mov sp, x8" x8=0xbfffa8c0 => sp=0xbfffa8c0
[07:17:15 399][libtiny.so 0x176570] [684a06f9] 0x40176570: "str x8, [x19, #0xc90]" ; mem[WRITE] abs=0xbfffd070 x8=0xbfffa8c0 x19=0xbfffc3e0 => x8=0xbfffa8c0
[07:17:15 401][libtiny.so 0x176574] [e84300d1] 0x40176574: "sub x8, sp, #0x10" sp=0xbfffa8c0 => x8=0xbfffa8b0
[07:17:15 402][libtiny.so 0x176578] [1f010091] 0x40176578: "mov sp, x8" x8=0xbfffa8b0 => sp=0xbfffa8b0
[07:17:15 403][libtiny.so 0x17657c] [684e06f9] 0x4017657c: "str x8, [x19, #0xc98]" ; mem[WRITE] abs=0xbfffd078 x8=0xbfffa8b0 x19=0xbfffc3e0 => x8=0xbfffa8b0
[07:17:15 404][libtiny.so 0x176580] [e84300d1] 0x40176580: "sub x8, sp, #0x10" sp=0xbfffa8b0 => x8=0xbfffa8a0
[07:17:15 405][libtiny.so 0x176584] [1f010091] 0x40176584: "mov sp, x8" x8=0xbfffa8a0 => sp=0xbfffa8a0
[07:17:15 405][libtiny.so 0x176588] [685206f9] 0x40176588: "str x8, [x19, #0xca0]" ; mem[WRITE] abs=0xbfffd080 x8=0xbfffa8a0 x19=0xbfffc3e0 => x8=0xbfffa8a0
[07:17:15 406][libtiny.so 0x17658c] [e84300d1] 0x4017658c: "sub x8, sp, #0x10" sp=0xbfffa8a0 => x8=0xbfffa890
[07:17:15 407][libtiny.so 0x176590] [1f010091] 0x40176590: "mov sp, x8" x8=0xbfffa890 => sp=0xbfffa890
[07:17:15 408][libtiny.so 0x176594] [685606f9] 0x40176594: "str x8, [x19, #0xca8]" ; mem[WRITE] abs=0xbfffd088 x8=0xbfffa890 x19=0xbfffc3e0 => x8=0xbfffa890
[07:17:15 409][libtiny.so 0x176598] [e84300d1] 0x40176598: "sub x8, sp, #0x10" sp=0xbfffa890 => x8=0xbfffa880
[07:17:15 410][libtiny.so 0x17659c] [1f010091] 0x4017659c: "mov sp, x8" x8=0xbfffa880 => sp=0xbfffa880
[07:17:15 410][libtiny.so 0x1765a0] [685a06f9] 0x401765a0: "str x8, [x19, #0xcb0]" ; mem[WRITE] abs=0xbfffd090 x8=0xbfffa880 x19=0xbfffc3e0 => x8=0xbfffa880
[07:17:15 411][libtiny.so 0x1765a4] [e84300d1] 0x401765a4: "sub x8, sp, #0x10" sp=0xbfffa880 => x8=0xbfffa870
[07:17:15 412][libtiny.so 0x1765a8] [1f010091] 0x401765a8: "mov sp, x8" x8=0xbfffa870 => sp=0xbfffa870
[07:17:15 413][libtiny.so 0x1765ac] [685e06f9] 0x401765ac: "str x8, [x19, #0xcb8]" ; mem[WRITE] abs=0xbfffd098 x8=0xbfffa870 x19=0xbfffc3e0 => x8=0xbfffa870
[07:17:15 413][libtiny.so 0x1765b0] [e84300d1] 0x401765b0: "sub x8, sp, #0x10" sp=0xbfffa870 => x8=0xbfffa860
[07:17:15 414][libtiny.so 0x1765b4] [1f010091] 0x401765b4: "mov sp, x8" x8=0xbfffa860 => sp=0xbfffa860
[07:17:15 416][libtiny.so 0x1765b8] [686206f9] 0x401765b8: "str x8, [x19, #0xcc0]" ; mem[WRITE] abs=0xbfffd0a0 x8=0xbfffa860 x19=0xbfffc3e0 => x8=0xbfffa860
[07:17:15 416][libtiny.so 0x1765bc] [e84300d1] 0x401765bc: "sub x8, sp, #0x10" sp=0xbfffa860 => x8=0xbfffa850
[07:17:15 417][libtiny.so 0x1765c0] [1f010091] 0x401765c0: "mov sp, x8" x8=0xbfffa850 => sp=0xbfffa850
[07:17:15 419][libtiny.so 0x1765c4] [686606f9] 0x401765c4: "str x8, [x19, #0xcc8]" ; mem[WRITE] abs=0xbfffd0a8 x8=0xbfffa850 x19=0xbfffc3e0 => x8=0xbfffa850
[07:17:15 420][libtiny.so 0x1765c8] [e84300d1] 0x401765c8: "sub x8, sp, #0x10" sp=0xbfffa850 => x8=0xbfffa840
[07:17:15 420][libtiny.so 0x1765cc] [1f010091] 0x401765cc: "mov sp, x8" x8=0xbfffa840 => sp=0xbfffa840
[07:17:15 421][libtiny.so 0x1765d0] [686a06f9] 0x401765d0: "str x8, [x19, #0xcd0]" ; mem[WRITE] abs=0xbfffd0b0 x8=0xbfffa840 x19=0xbfffc3e0 => x8=0xbfffa840
[07:17:15 422][libtiny.so 0x1765d4] [e84300d1] 0x401765d4: "sub x8, sp, #0x10" sp=0xbfffa840 => x8=0xbfffa830
[07:17:15 423][libtiny.so 0x1765d8] [1f010091] 0x401765d8: "mov sp, x8" x8=0xbfffa830 => sp=0xbfffa830
[07:17:15 423][libtiny.so 0x1765dc] [686e06f9] 0x401765dc: "str x8, [x19, #0xcd8]" ; mem[WRITE] abs=0xbfffd0b8 x8=0xbfffa830 x19=0xbfffc3e0 => x8=0xbfffa830
[07:17:15 425][libtiny.so 0x1765e0] [e84300d1] 0x401765e0: "sub x8, sp, #0x10" sp=0xbfffa830 => x8=0xbfffa820
[07:17:15 426][libtiny.so 0x1765e4] [1f010091] 0x401765e4: "mov sp, x8" x8=0xbfffa820 => sp=0xbfffa820
[07:17:15 426][libtiny.so 0x1765e8] [687206f9] 0x401765e8: "str x8, [x19, #0xce0]" ; mem[WRITE] abs=0xbfffd0c0 x8=0xbfffa820 x19=0xbfffc3e0 => x8=0xbfffa820
[07:17:15 427][libtiny.so 0x1765ec] [e84300d1] 0x401765ec: "sub x8, sp, #0x10" sp=0xbfffa820 => x8=0xbfffa810
[07:17:15 427][libtiny.so 0x1765f0] [1f010091] 0x401765f0: "mov sp, x8" x8=0xbfffa810 => sp=0xbfffa810
[07:17:15 428][libtiny.so 0x1765f4] [687606f9] 0x401765f4: "str x8, [x19, #0xce8]" ; mem[WRITE] abs=0xbfffd0c8 x8=0xbfffa810 x19=0xbfffc3e0 => x8=0xbfffa810
[07:17:15 430][libtiny.so 0x1765f8] [e84300d1] 0x401765f8: "sub x8, sp, #0x10" sp=0xbfffa810 => x8=0xbfffa800
[07:17:15 430][libtiny.so 0x1765fc] [1f010091] 0x401765fc: "mov sp, x8" x8=0xbfffa800 => sp=0xbfffa800
[07:17:15 431][libtiny.so 0x176600] [687a06f9] 0x40176600: "str x8, [x19, #0xcf0]" ; mem[WRITE] abs=0xbfffd0d0 x8=0xbfffa800 x19=0xbfffc3e0 => x8=0xbfffa800
[07:17:15 432][libtiny.so 0x176604] [e84300d1] 0x40176604: "sub x8, sp, #0x10" sp=0xbfffa800 => x8=0xbfffa7f0
[07:17:15 432][libtiny.so 0x176608] [1f010091] 0x40176608: "mov sp, x8" x8=0xbfffa7f0 => sp=0xbfffa7f0
[07:17:15 433][libtiny.so 0x17660c] [687e06f9] 0x4017660c: "str x8, [x19, #0xcf8]" ; mem[WRITE] abs=0xbfffd0d8 x8=0xbfffa7f0 x19=0xbfffc3e0 => x8=0xbfffa7f0
[07:17:15 435][libtiny.so 0x176610] [e84300d1] 0x40176610: "sub x8, sp, #0x10" sp=0xbfffa7f0 => x8=0xbfffa7e0
[07:17:15 466][libtiny.so 0x176614] [1f010091] 0x40176614: "mov sp, x8" x8=0xbfffa7e0 => sp=0xbfffa7e0
[07:17:15 468][libtiny.so 0x176618] [688206f9] 0x40176618: "str x8, [x19, #0xd00]" ; mem[WRITE] abs=0xbfffd0e0 x8=0xbfffa7e0 x19=0xbfffc3e0 => x8=0xbfffa7e0
[07:17:15 469][libtiny.so 0x17661c] [e84300d1] 0x4017661c: "sub x8, sp, #0x10" sp=0xbfffa7e0 => x8=0xbfffa7d0
[07:17:15 469][libtiny.so 0x176620] [1f010091] 0x40176620: "mov sp, x8" x8=0xbfffa7d0 => sp=0xbfffa7d0
[07:17:15 470][libtiny.so 0x176624] [688606f9] 0x40176624: "str x8, [x19, #0xd08]" ; mem[WRITE] abs=0xbfffd0e8 x8=0xbfffa7d0 x19=0xbfffc3e0 => x8=0xbfffa7d0
[07:17:15 471][libtiny.so 0x176628] [e84300d1] 0x40176628: "sub x8, sp, #0x10" sp=0xbfffa7d0 => x8=0xbfffa7c0
[07:17:15 472][libtiny.so 0x17662c] [1f010091] 0x4017662c: "mov sp, x8" x8=0xbfffa7c0 => sp=0xbfffa7c0
[07:17:15 473][libtiny.so 0x176630] [688a06f9] 0x40176630: "str x8, [x19, #0xd10]" ; mem[WRITE] abs=0xbfffd0f0 x8=0xbfffa7c0 x19=0xbfffc3e0 => x8=0xbfffa7c0
[07:17:15 474][libtiny.so 0x176634] [e84300d1] 0x40176634: "sub x8, sp, #0x10" sp=0xbfffa7c0 => x8=0xbfffa7b0
[07:17:15 475][libtiny.so 0x176638] [1f010091] 0x40176638: "mov sp, x8" x8=0xbfffa7b0 => sp=0xbfffa7b0
[07:17:15 476][libtiny.so 0x17663c] [688e06f9] 0x4017663c: "str x8, [x19, #0xd18]" ; mem[WRITE] abs=0xbfffd0f8 x8=0xbfffa7b0 x19=0xbfffc3e0 => x8=0xbfffa7b0
[07:17:15 476][libtiny.so 0x176640] [e84300d1] 0x40176640: "sub x8, sp, #0x10" sp=0xbfffa7b0 => x8=0xbfffa7a0
[07:17:15 477][libtiny.so 0x176644] [1f010091] 0x40176644: "mov sp, x8" x8=0xbfffa7a0 => sp=0xbfffa7a0
[07:17:15 478][libtiny.so 0x176648] [689206f9] 0x40176648: "str x8, [x19, #0xd20]" ; mem[WRITE] abs=0xbfffd100 x8=0xbfffa7a0 x19=0xbfffc3e0 => x8=0xbfffa7a0
[07:17:15 479][libtiny.so 0x17664c] [e84300d1] 0x4017664c: "sub x8, sp, #0x10" sp=0xbfffa7a0 => x8=0xbfffa790
[07:17:15 480][libtiny.so 0x176650] [1f010091] 0x40176650: "mov sp, x8" x8=0xbfffa790 => sp=0xbfffa790
[07:17:15 481][libtiny.so 0x176654] [692d00f0] 0x40176654: "adrp x9, #0x40725000" => x9=0x40725000
[07:17:15 481][libtiny.so 0x176658] [8a889f52] 0x40176658: "movz w10, #0xfc44" w10=0xfceaf9e0 => w10=0xfc44
[07:17:15 482][libtiny.so 0x17665c] [2b0000f0] 0x4017665c: "adrp x11, #0x4017d000" => x11=0x4017d000
[07:17:15 483][libtiny.so 0x176660] [295940f9] 0x40176660: "ldr x9, [x9, #0xb0]" ; mem[READ] abs=0x407250b0 x9=0x40725000 => x9=0x43ea7a00
[07:17:15 484][libtiny.so 0x176664] [ea6ea072] 0x40176664: "movk w10, #0x377, lsl #16" w10=0xfc44 => w10=0x377fc44
[07:17:15 485][libtiny.so 0x176668] [6bd12a91] 0x40176668: "add x11, x11, #0xab4" x11=0x4017d000 => x11=0x4017dab4
[07:17:15 485][libtiny.so 0x17666c] [6a010a8b] 0x4017666c: "add x10, x11, x10" x11=0x4017dab4 x10=0x377fc44 => x10=0x438fd6f8
[07:17:15 486][libtiny.so 0x176670] [8c7d8b52] 0x40176670: "movz w12, #0x5bec" w12=0x2a18fc0 => w12=0x5bec
[07:17:15 487][libtiny.so 0x176674] [6b010a4b] 0x40176674: "sub w11, w11, w10" w11=0x4017dab4 w10=0x438fd6f8 => w11=0xfc8803bc
[07:17:15 513][libtiny.so 0x176678] [acf4bf72] 0x40176678: "movk w12, #0xffa5, lsl #16" w12=0x5bec => w12=0xffa55bec
[07:17:15 515][libtiny.so 0x17667c] [6b010c0b] 0x4017667c: "add w11, w11, w12" w11=0xfc8803bc w12=0xffa55bec => w11=0xfc2d5fa8
[07:17:15 516][libtiny.so 0x176680] [2bc12b8b] 0x40176680: "add x11, x9, w11, sxtw" x9=0x43ea7a00 w11=0xfc2d5fa8 => x11=0x4017d9a8
[07:17:15 516][libtiny.so 0x176684] [689606f9] 0x40176684: "str x8, [x19, #0xd28]" ; mem[WRITE] abs=0xbfffd108 x8=0xbfffa790 x19=0xbfffc3e0 => x8=0xbfffa790
[07:17:15 517][libtiny.so 0x176688] [e9030aaa] 0x40176688: "mov x9, x10" x10=0x438fd6f8 => x9=0x438fd6f8
[07:17:15 518][libtiny.so 0x17668c] [60011fd6] 0x4017668c: "br x11" x11=0x4017d9a8
[07:17:15 518][libtiny.so 0x17d9a8] [68889f92] 0x4017d9a8: "movn x8, #0xfc43" x8=0xbfffa790 => x8=0xffffffffffff03bc
[07:17:15 519][libtiny.so 0x17d9ac] [0891bff2] 0x4017d9ac: "movk x8, #0xfc88, lsl #16" x8=0xffffffffffff03bc => x8=0xfffffffffc8803bc
[07:17:15 519][libtiny.so 0x17d9b0] [2801088b] 0x4017d9b0: "add x8, x9, x8" x9=0x438fd6f8 x8=0xfffffffffc8803bc => x8=0x4017dab4
[07:17:15 520][libtiny.so 0x17d9b4] [00011fd6] 0x4017d9b4: "br x8" x8=0x4017dab4
[07:17:15 521][libtiny.so 0x17dab4] [e84300d1] 0x4017dab4: "sub x8, sp, #0x10" sp=0xbfffa790 => x8=0xbfffa780
[07:17:15 521][libtiny.so 0x17dab8] [1f010091] 0x4017dab8: "mov sp, x8" x8=0xbfffa780 => sp=0xbfffa780
[07:17:15 522][libtiny.so 0x17dabc] [492d0090] 0x4017dabc: "adrp x9, #0x40725000" => x9=0x40725000
[07:17:15 522][libtiny.so 0x17dac0] [8a158c52] 0x4017dac0: "movz w10, #0x60ac" w10=0x438fd6f8 => w10=0x60ac
[07:17:15 523][libtiny.so 0x17dac4] [ebffffd0] 0x4017dac4: "adrp x11, #0x4017b000" => x11=0x4017b000
[07:17:15 523][libtiny.so 0x17dac8] [290540f9] 0x4017dac8: "ldr x9, [x9, #8]" ; mem[READ] abs=0x40725008 x9=0x40725000 => x9=0x4399cc6c
[07:17:15 524][libtiny.so 0x17dacc] [4afea072] 0x4017dacc: "movk w10, #0x7f2, lsl #16" w10=0x60ac => w10=0x7f260ac
[07:17:15 524][libtiny.so 0x17dad0] [6be13d91] 0x4017dad0: "add x11, x11, #0xf78" x11=0x4017b000 => x11=0x4017bf78
[07:17:15 524][libtiny.so 0x17dad4] [6a010a8b] 0x4017dad4: "add x10, x11, x10" x11=0x4017bf78 x10=0x7f260ac => x10=0x480a2024
[07:17:15 526][libtiny.so 0x17dad8] [8c8e8a52] 0x4017dad8: "movz w12, #0x5474" w12=0xffa55bec => w12=0x5474
[07:17:15 526][libtiny.so 0x17dadc] [6b010a4b] 0x4017dadc: "sub w11, w11, w10" w11=0x4017bf78 w10=0x480a2024 => w11=0xf80d9f54
[07:17:15 527][libtiny.so 0x17dae0] [0c8ea072] 0x4017dae0: "movk w12, #0x470, lsl #16" w12=0x5474 => w12=0x4705474
[07:17:15 528][libtiny.so 0x17dae4] [6b010c0b] 0x4017dae4: "add w11, w11, w12" w11=0xf80d9f54 w12=0x4705474 => w11=0xfc7df3c8
[07:17:15 528][libtiny.so 0x17dae8] [2bc12b8b] 0x4017dae8: "add x11, x9, w11, sxtw" x9=0x4399cc6c w11=0xfc7df3c8 => x11=0x4017c034
[07:17:15 529][libtiny.so 0x17daec] [689a06f9] 0x4017daec: "str x8, [x19, #0xd30]" ; mem[WRITE] abs=0xbfffd110 x8=0xbfffa780 x19=0xbfffc3e0 => x8=0xbfffa780
[07:17:15 529][libtiny.so 0x17daf0] [e9030aaa] 0x4017daf0: "mov x9, x10" x10=0x480a2024 => x9=0x480a2024
[07:17:15 530][libtiny.so 0x17daf4] [60011fd6] 0x4017daf4: "br x11" x11=0x4017c034
[07:17:15 531][libtiny.so 0x17c034] [482d00b0] 0x4017c034: "adrp x8, #0x40725000" => x8=0x40725000
[07:17:15 531][libtiny.so 0x17c038] [080140f9] 0x4017c038: "ldr x8, [x8]" ; mem[READ] abs=0x40725000 x8=0x40725000 => x8=0x43dd1d24
[07:17:15 532][libtiny.so 0x17c03c] [6bdb8b92] 0x4017c03c: "movn x11, #0x5edb" x11=0x4017c034 => x11=0xffffffffffffa124
[07:17:15 532][libtiny.so 0x17c040] [6a218a92] 0x4017c040: "movn x10, #0x510b" x10=0x480a2024 => x10=0xffffffffffffaef4
[07:17:15 534][libtiny.so 0x17c044] [4b87bff2] 0x4017c044: "movk x11, #0xfc3a, lsl #16" x11=0xffffffffffffa124 => x11=0xfffffffffc3aa124
[07:17:15 534][libtiny.so 0x17c048] [0a81bff2] 0x4017c048: "movk x10, #0xfc08, lsl #16" x10=0xffffffffffffaef4 => x10=0xfffffffffc08aef4
[07:17:15 535][libtiny.so 0x17c04c] [08010b8b] 0x4017c04c: "add x8, x8, x11" x8=0x43dd1d24 x11=0xfffffffffc3aa124 => x8=0x4017be48
[07:17:15 535][libtiny.so 0x17c050] [29010a8b] 0x4017c050: "add x9, x9, x10" x9=0x480a2024 x10=0xfffffffffc08aef4 => x9=0x4412cf18
[07:17:15 535][libtiny.so 0x17c054] [00011fd6] 0x4017c054: "br x8" x8=0x4017be48
[07:17:15 536][libtiny.so 0x17be48] [e8f38192] 0x4017be48: "movn x8, #0xf9f" x8=0x4017be48 => x8=0xfffffffffffff060
[07:17:15 537][libtiny.so 0x17be4c] [8880bff2] 0x4017be4c: "movk x8, #0xfc04, lsl #16" x8=0xfffffffffffff060 => x8=0xfffffffffc04f060
[07:17:15 537][libtiny.so 0x17be50] [2801088b] 0x4017be50: "add x8, x9, x8" x9=0x4412cf18 x8=0xfffffffffc04f060 => x8=0x4017bf78
[07:17:15 538][libtiny.so 0x17be54] [00011fd6] 0x4017be54: "br x8" x8=0x4017bf78
[07:17:15 538][libtiny.so 0x17bf78] [e84300d1] 0x4017bf78: "sub x8, sp, #0x10" sp=0xbfffa780 => x8=0xbfffa770
[07:17:15 540][libtiny.so 0x17bf7c] [1f010091] 0x4017bf7c: "mov sp, x8" x8=0xbfffa770 => sp=0xbfffa770
[07:17:15 540][libtiny.so 0x17bf80] [0a798f52] 0x4017bf80: "movz w10, #0x7bc8" w10=0xfc08aef4 => w10=0x7bc8
[07:17:15 541][libtiny.so 0x17bf84] [ab000090] 0x4017bf84: "adrp x11, #0x4018f000" => x11=0x4018f000
[07:17:15 541][libtiny.so 0x17bf88] [492d00d0] 0x4017bf88: "adrp x9, #0x40725000" => x9=0x40725000
[07:17:15 542][libtiny.so 0x17bf8c] [2a73a072] 0x4017bf8c: "movk w10, #0x399, lsl #16" w10=0x7bc8 => w10=0x3997bc8
[07:17:15 543][libtiny.so 0x17bf90] [6b812891] 0x4017bf90: "add x11, x11, #0xa20" x11=0x4018f000 => x11=0x4018fa20
[07:17:15 543][libtiny.so 0x17bf94] [296943f9] 0x4017bf94: "ldr x9, [x9, #0x6d0]" ; mem[READ] abs=0x407256d0 x9=0x40725000 => x9=0x441652a4
[07:17:15 544][libtiny.so 0x17bf98] [6c010a8b] 0x4017bf98: "add x12, x11, x10" x11=0x4018fa20 x10=0x3997bc8 => x12=0x43b275e8
[07:17:15 545][libtiny.so 0x17bf9c] [6a010c4b] 0x4017bf9c: "sub w10, w11, w12" w11=0x4018fa20 w12=0x43b275e8 => w10=0xfc668438
[07:17:15 545][libtiny.so 0x17bfa0] [8b668452] 0x4017bfa0: "movz w11, #0x2334" w11=0x4018fa20 => w11=0x2334
[07:17:15 545][libtiny.so 0x17bfa4] [8bf3bf72] 0x4017bfa4: "movk w11, #0xff9c, lsl #16" w11=0x2334 => w11=0xff9c2334
[07:17:15 546][libtiny.so 0x17bfa8] [4a010b0b] 0x4017bfa8: "add w10, w10, w11" w10=0xfc668438 w11=0xff9c2334 => w10=0xfc02a76c
[07:17:15 547][libtiny.so 0x17bfac] [29c12a8b] 0x4017bfac: "add x9, x9, w10, sxtw" x9=0x441652a4 w10=0xfc02a76c => x9=0x4018fa10
[07:17:15 548][libtiny.so 0x17bfb0] [689e06f9] 0x4017bfb0: "str x8, [x19, #0xd38]" ; mem[WRITE] abs=0xbfffd118 x8=0xbfffa770 x19=0xbfffc3e0 => x8=0xbfffa770
[07:17:15 548][libtiny.so 0x17bfb4] [20011fd6] 0x4017bfb4: "br x9" x9=0x4018fa10
[07:17:15 549][libtiny.so 0x18fa10] [e8788f92] 0x4018fa10: "movn x8, #0x7bc7" x8=0xbfffa770 => x8=0xffffffffffff8438
[07:17:15 550][libtiny.so 0x18fa14] [c88cbff2] 0x4018fa14: "movk x8, #0xfc66, lsl #16" x8=0xffffffffffff8438 => x8=0xfffffffffc668438
[07:17:15 550][libtiny.so 0x18fa18] [8801088b] 0x4018fa18: "add x8, x12, x8" x12=0x43b275e8 x8=0xfffffffffc668438 => x8=0x4018fa20
[07:17:15 551][libtiny.so 0x18fa1c] [00011fd6] 0x4018fa1c: "br x8" x8=0x4018fa20
[07:17:15 552][libtiny.so 0x18fa20] [e84300d1] 0x4018fa20: "sub x8, sp, #0x10" sp=0xbfffa770 => x8=0xbfffa760
[07:17:15 553][libtiny.so 0x18fa24] [1f010091] 0x4018fa24: "mov sp, x8" x8=0xbfffa760 => sp=0xbfffa760
[07:17:15 554][libtiny.so 0x18fa28] [68a206f9] 0x4018fa28: "str x8, [x19, #0xd40]" ; mem[WRITE] abs=0xbfffd120 x8=0xbfffa760 x19=0xbfffc3e0 => x8=0xbfffa760
[07:17:15 554][libtiny.so 0x18fa2c] [e84300d1] 0x4018fa2c: "sub x8, sp, #0x10" sp=0xbfffa760 => x8=0xbfffa750
[07:17:15 555][libtiny.so 0x18fa30] [1f010091] 0x4018fa30: "mov sp, x8" x8=0xbfffa750 => sp=0xbfffa750
[07:17:15 556][libtiny.so 0x18fa34] [68a606f9] 0x4018fa34: "str x8, [x19, #0xd48]" ; mem[WRITE] abs=0xbfffd128 x8=0xbfffa750 x19=0xbfffc3e0 => x8=0xbfffa750
[07:17:15 557][libtiny.so 0x18fa38] [e84300d1] 0x4018fa38: "sub x8, sp, #0x10" sp=0xbfffa750 => x8=0xbfffa740
[07:17:15 557][libtiny.so 0x18fa3c] [1f010091] 0x4018fa3c: "mov sp, x8" x8=0xbfffa740 => sp=0xbfffa740
[07:17:15 558][libtiny.so 0x18fa40] [68aa06f9] 0x4018fa40: "str x8, [x19, #0xd50]" ; mem[WRITE] abs=0xbfffd130 x8=0xbfffa740 x19=0xbfffc3e0 => x8=0xbfffa740
[07:17:15 560][libtiny.so 0x18fa44] [e84300d1] 0x4018fa44: "sub x8, sp, #0x10" sp=0xbfffa740 => x8=0xbfffa730
[07:17:15 561][libtiny.so 0x18fa48] [1f010091] 0x4018fa48: "mov sp, x8" x8=0xbfffa730 => sp=0xbfffa730
[07:17:15 561][libtiny.so 0x18fa4c] [68ae06f9] 0x4018fa4c: "str x8, [x19, #0xd58]" ; mem[WRITE] abs=0xbfffd138 x8=0xbfffa730 x19=0xbfffc3e0 => x8=0xbfffa730
[07:17:15 562][libtiny.so 0x18fa50] [e84300d1] 0x4018fa50: "sub x8, sp, #0x10" sp=0xbfffa730 => x8=0xbfffa720
[07:17:15 563][libtiny.so 0x18fa54] [1f010091] 0x4018fa54: "mov sp, x8" x8=0xbfffa720 => sp=0xbfffa720
[07:17:15 563][libtiny.so 0x18fa58] [68b206f9] 0x4018fa58: "str x8, [x19, #0xd60]" ; mem[WRITE] abs=0xbfffd140 x8=0xbfffa720 x19=0xbfffc3e0 => x8=0xbfffa720
[07:17:15 564][libtiny.so 0x18fa5c] [e84300d1] 0x4018fa5c: "sub x8, sp, #0x10" sp=0xbfffa720 => x8=0xbfffa710
[07:17:15 564][libtiny.so 0x18fa60] [1f010091] 0x4018fa60: "mov sp, x8" x8=0xbfffa710 => sp=0xbfffa710
[07:17:15 564][libtiny.so 0x18fa64] [68b606f9] 0x4018fa64: "str x8, [x19, #0xd68]" ; mem[WRITE] abs=0xbfffd148 x8=0xbfffa710 x19=0xbfffc3e0 => x8=0xbfffa710
[07:17:15 565][libtiny.so 0x18fa68] [e84300d1] 0x4018fa68: "sub x8, sp, #0x10" sp=0xbfffa710 => x8=0xbfffa700
[07:17:15 565][libtiny.so 0x18fa6c] [1f010091] 0x4018fa6c: "mov sp, x8" x8=0xbfffa700 => sp=0xbfffa700
[07:17:15 565][libtiny.so 0x18fa70] [68ba06f9] 0x4018fa70: "str x8, [x19, #0xd70]" ; mem[WRITE] abs=0xbfffd150 x8=0xbfffa700 x19=0xbfffc3e0 => x8=0xbfffa700
[07:17:15 567][libtiny.so 0x18fa74] [e84300d1] 0x4018fa74: "sub x8, sp, #0x10" sp=0xbfffa700 => x8=0xbfffa6f0
[07:17:15 567][libtiny.so 0x18fa78] [1f010091] 0x4018fa78: "mov sp, x8" x8=0xbfffa6f0 => sp=0xbfffa6f0
[07:17:15 568][libtiny.so 0x18fa7c] [68be06f9] 0x4018fa7c: "str x8, [x19, #0xd78]" ; mem[WRITE] abs=0xbfffd158 x8=0xbfffa6f0 x19=0xbfffc3e0 => x8=0xbfffa6f0
[07:17:15 569][libtiny.so 0x18fa80] [e84300d1] 0x4018fa80: "sub x8, sp, #0x10" sp=0xbfffa6f0 => x8=0xbfffa6e0
[07:17:15 569][libtiny.so 0x18fa84] [1f010091] 0x4018fa84: "mov sp, x8" x8=0xbfffa6e0 => sp=0xbfffa6e0
[07:17:15 570][libtiny.so 0x18fa88] [68c206f9] 0x4018fa88: "str x8, [x19, #0xd80]" ; mem[WRITE] abs=0xbfffd160 x8=0xbfffa6e0 x19=0xbfffc3e0 => x8=0xbfffa6e0
[07:17:15 571][libtiny.so 0x18fa8c] [e84300d1] 0x4018fa8c: "sub x8, sp, #0x10" sp=0xbfffa6e0 => x8=0xbfffa6d0
[07:17:15 571][libtiny.so 0x18fa90] [1f010091] 0x4018fa90: "mov sp, x8" x8=0xbfffa6d0 => sp=0xbfffa6d0
[07:17:15 572][libtiny.so 0x18fa94] [68c606f9] 0x4018fa94: "str x8, [x19, #0xd88]" ; mem[WRITE] abs=0xbfffd168 x8=0xbfffa6d0 x19=0xbfffc3e0 => x8=0xbfffa6d0
[07:17:15 573][libtiny.so 0x18fa98] [e84300d1] 0x4018fa98: "sub x8, sp, #0x10" sp=0xbfffa6d0 => x8=0xbfffa6c0
[07:17:15 574][libtiny.so 0x18fa9c] [1f010091] 0x4018fa9c: "mov sp, x8" x8=0xbfffa6c0 => sp=0xbfffa6c0
[07:17:15 574][libtiny.so 0x18faa0] [68ca06f9] 0x4018faa0: "str x8, [x19, #0xd90]" ; mem[WRITE] abs=0xbfffd170 x8=0xbfffa6c0 x19=0xbfffc3e0 => x8=0xbfffa6c0
[07:17:15 576][libtiny.so 0x18faa4] [e84300d1] 0x4018faa4: "sub x8, sp, #0x10" sp=0xbfffa6c0 => x8=0xbfffa6b0
[07:17:15 576][libtiny.so 0x18faa8] [1f010091] 0x4018faa8: "mov sp, x8" x8=0xbfffa6b0 => sp=0xbfffa6b0
[07:17:15 577][libtiny.so 0x18faac] [68ce06f9] 0x4018faac: "str x8, [x19, #0xd98]" ; mem[WRITE] abs=0xbfffd178 x8=0xbfffa6b0 x19=0xbfffc3e0 => x8=0xbfffa6b0
[07:17:15 578][libtiny.so 0x18fab0] [e84300d1] 0x4018fab0: "sub x8, sp, #0x10" sp=0xbfffa6b0 => x8=0xbfffa6a0
[07:17:15 579][libtiny.so 0x18fab4] [1f010091] 0x4018fab4: "mov sp, x8" x8=0xbfffa6a0 => sp=0xbfffa6a0
[07:17:15 580][libtiny.so 0x18fab8] [68d206f9] 0x4018fab8: "str x8, [x19, #0xda0]" ; mem[WRITE] abs=0xbfffd180 x8=0xbfffa6a0 x19=0xbfffc3e0 => x8=0xbfffa6a0
[07:17:15 581][libtiny.so 0x18fabc] [e84300d1] 0x4018fabc: "sub x8, sp, #0x10" sp=0xbfffa6a0 => x8=0xbfffa690
[07:17:15 582][libtiny.so 0x18fac0] [1f010091] 0x4018fac0: "mov sp, x8" x8=0xbfffa690 => sp=0xbfffa690
[07:17:15 582][libtiny.so 0x18fac4] [68d606f9] 0x4018fac4: "str x8, [x19, #0xda8]" ; mem[WRITE] abs=0xbfffd188 x8=0xbfffa690 x19=0xbfffc3e0 => x8=0xbfffa690
[07:17:15 583][libtiny.so 0x18fac8] [e84300d1] 0x4018fac8: "sub x8, sp, #0x10" sp=0xbfffa690 => x8=0xbfffa680
[07:17:15 584][libtiny.so 0x18facc] [1f010091] 0x4018facc: "mov sp, x8" x8=0xbfffa680 => sp=0xbfffa680
[07:17:15 584][libtiny.so 0x18fad0] [68da06f9] 0x4018fad0: "str x8, [x19, #0xdb0]" ; mem[WRITE] abs=0xbfffd190 x8=0xbfffa680 x19=0xbfffc3e0 => x8=0xbfffa680
[07:17:15 585][libtiny.so 0x18fad4] [e84300d1] 0x4018fad4: "sub x8, sp, #0x10" sp=0xbfffa680 => x8=0xbfffa670
[07:17:15 586][libtiny.so 0x18fad8] [1f010091] 0x4018fad8: "mov sp, x8" x8=0xbfffa670 => sp=0xbfffa670
[07:17:15 587][libtiny.so 0x18fadc] [68de06f9] 0x4018fadc: "str x8, [x19, #0xdb8]" ; mem[WRITE] abs=0xbfffd198 x8=0xbfffa670 x19=0xbfffc3e0 => x8=0xbfffa670
[07:17:15 587][libtiny.so 0x18fae0] [e84300d1] 0x4018fae0: "sub x8, sp, #0x10" sp=0xbfffa670 => x8=0xbfffa660
[07:17:15 589][libtiny.so 0x18fae4] [1f010091] 0x4018fae4: "mov sp, x8" x8=0xbfffa660 => sp=0xbfffa660
[07:17:15 590][libtiny.so 0x18fae8] [68e206f9] 0x4018fae8: "str x8, [x19, #0xdc0]" ; mem[WRITE] abs=0xbfffd1a0 x8=0xbfffa660 x19=0xbfffc3e0 => x8=0xbfffa660
[07:17:15 590][libtiny.so 0x18faec] [e84300d1] 0x4018faec: "sub x8, sp, #0x10" sp=0xbfffa660 => x8=0xbfffa650
[07:17:15 591][libtiny.so 0x18faf0] [1f010091] 0x4018faf0: "mov sp, x8" x8=0xbfffa650 => sp=0xbfffa650
[07:17:15 592][libtiny.so 0x18faf4] [68e606f9] 0x4018faf4: "str x8, [x19, #0xdc8]" ; mem[WRITE] abs=0xbfffd1a8 x8=0xbfffa650 x19=0xbfffc3e0 => x8=0xbfffa650
[07:17:15 594][libtiny.so 0x18faf8] [e84300d1] 0x4018faf8: "sub x8, sp, #0x10" sp=0xbfffa650 => x8=0xbfffa640
[07:17:15 595][libtiny.so 0x18fafc] [1f010091] 0x4018fafc: "mov sp, x8" x8=0xbfffa640 => sp=0xbfffa640
[07:17:15 595][libtiny.so 0x18fb00] [68ea06f9] 0x4018fb00: "str x8, [x19, #0xdd0]" ; mem[WRITE] abs=0xbfffd1b0 x8=0xbfffa640 x19=0xbfffc3e0 => x8=0xbfffa640
[07:17:15 596][libtiny.so 0x18fb04] [e84300d1] 0x4018fb04: "sub x8, sp, #0x10" sp=0xbfffa640 => x8=0xbfffa630
[07:17:15 597][libtiny.so 0x18fb08] [1f010091] 0x4018fb08: "mov sp, x8" x8=0xbfffa630 => sp=0xbfffa630
[07:17:15 598][libtiny.so 0x18fb0c] [68ee06f9] 0x4018fb0c: "str x8, [x19, #0xdd8]" ; mem[WRITE] abs=0xbfffd1b8 x8=0xbfffa630 x19=0xbfffc3e0 => x8=0xbfffa630
[07:17:15 598][libtiny.so 0x18fb10] [e84300d1] 0x4018fb10: "sub x8, sp, #0x10" sp=0xbfffa630 => x8=0xbfffa620
[07:17:15 600][libtiny.so 0x18fb14] [1f010091] 0x4018fb14: "mov sp, x8" x8=0xbfffa620 => sp=0xbfffa620
[07:17:15 601][libtiny.so 0x18fb18] [68f206f9] 0x4018fb18: "str x8, [x19, #0xde0]" ; mem[WRITE] abs=0xbfffd1c0 x8=0xbfffa620 x19=0xbfffc3e0 => x8=0xbfffa620
[07:17:15 602][libtiny.so 0x18fb1c] [e84300d1] 0x4018fb1c: "sub x8, sp, #0x10" sp=0xbfffa620 => x8=0xbfffa610
[07:17:15 602][libtiny.so 0x18fb20] [1f010091] 0x4018fb20: "mov sp, x8" x8=0xbfffa610 => sp=0xbfffa610
[07:17:15 603][libtiny.so 0x18fb24] [68f606f9] 0x4018fb24: "str x8, [x19, #0xde8]" ; mem[WRITE] abs=0xbfffd1c8 x8=0xbfffa610 x19=0xbfffc3e0 => x8=0xbfffa610
[07:17:15 603][libtiny.so 0x18fb28] [e84300d1] 0x4018fb28: "sub x8, sp, #0x10" sp=0xbfffa610 => x8=0xbfffa600
[07:17:15 604][libtiny.so 0x18fb2c] [1f010091] 0x4018fb2c: "mov sp, x8" x8=0xbfffa600 => sp=0xbfffa600
[07:17:15 606][libtiny.so 0x18fb30] [68fa06f9] 0x4018fb30: "str x8, [x19, #0xdf0]" ; mem[WRITE] abs=0xbfffd1d0 x8=0xbfffa600 x19=0xbfffc3e0 => x8=0xbfffa600
[07:17:15 607][libtiny.so 0x18fb34] [e84300d1] 0x4018fb34: "sub x8, sp, #0x10" sp=0xbfffa600 => x8=0xbfffa5f0
[07:17:15 607][libtiny.so 0x18fb38] [1f010091] 0x4018fb38: "mov sp, x8" x8=0xbfffa5f0 => sp=0xbfffa5f0
[07:17:15 608][libtiny.so 0x18fb3c] [a92c00d0] 0x4018fb3c: "adrp x9, #0x40725000" => x9=0x40725000
[07:17:15 609][libtiny.so 0x18fb40] [8ad39552] 0x4018fb40: "movz w10, #0xae9c" w10=0xfc02a76c => w10=0xae9c
[07:17:15 610][libtiny.so 0x18fb44] [6bffffb0] 0x4018fb44: "adrp x11, #0x4017c000" => x11=0x4017c000
[07:17:15 610][libtiny.so 0x18fb48] [292940f9] 0x4018fb48: "ldr x9, [x9, #0x50]" ; mem[READ] abs=0x40725050 x9=0x40725000 => x9=0x44131b48
[07:17:15 611][libtiny.so 0x18fb4c] [4a6ba072] 0x4018fb4c: "movk w10, #0x35a, lsl #16" w10=0xae9c => w10=0x35aae9c
[07:17:15 611][libtiny.so 0x18fb50] [6be12c91] 0x4018fb50: "add x11, x11, #0xb38" x11=0x4017c000 => x11=0x4017cb38
[07:17:15 611][libtiny.so 0x18fb54] [6a010a8b] 0x4018fb54: "add x10, x11, x10" x11=0x4017cb38 x10=0x35aae9c => x10=0x437279d4
[07:17:15 613][libtiny.so 0x18fb58] [0caf8b52] 0x4018fb58: "movz w12, #0x5d78" w12=0x43b275e8 => w12=0x5d78
[07:17:15 614][libtiny.so 0x18fb5c] [6b010a4b] 0x4018fb5c: "sub w11, w11, w10" w11=0x4017cb38 w10=0x437279d4 => w11=0xfca55164
[07:17:15 614][libtiny.so 0x18fb60] [ecebbf72] 0x4018fb60: "movk w12, #0xff5f, lsl #16" w12=0x5d78 => w12=0xff5f5d78
[07:17:15 615][libtiny.so 0x18fb64] [6b010c0b] 0x4018fb64: "add w11, w11, w12" w11=0xfca55164 w12=0xff5f5d78 => w11=0xfc04aedc
[07:17:15 615][libtiny.so 0x18fb68] [2bc12b8b] 0x4018fb68: "add x11, x9, w11, sxtw" x9=0x44131b48 w11=0xfc04aedc => x11=0x4017ca24
[07:17:15 616][libtiny.so 0x18fb6c] [68fe06f9] 0x4018fb6c: "str x8, [x19, #0xdf8]" ; mem[WRITE] abs=0xbfffd1d8 x8=0xbfffa5f0 x19=0xbfffc3e0 => x8=0xbfffa5f0
[07:17:15 617][libtiny.so 0x18fb70] [e9030aaa] 0x4018fb70: "mov x9, x10" x10=0x437279d4 => x9=0x437279d4
[07:17:15 617][libtiny.so 0x18fb74] [60011fd6] 0x4018fb74: "br x11" x11=0x4017ca24
[07:17:15 619][libtiny.so 0x17ca24] [68d39592] 0x4017ca24: "movn x8, #0xae9b" x8=0xbfffa5f0 => x8=0xffffffffffff5164
[07:17:15 619][libtiny.so 0x17ca28] [a894bff2] 0x4017ca28: "movk x8, #0xfca5, lsl #16" x8=0xffffffffffff5164 => x8=0xfffffffffca55164
[07:17:15 619][libtiny.so 0x17ca2c] [2801088b] 0x4017ca2c: "add x8, x9, x8" x9=0x437279d4 x8=0xfffffffffca55164 => x8=0x4017cb38
[07:17:15 620][libtiny.so 0x17ca30] [00011fd6] 0x4017ca30: "br x8" x8=0x4017cb38
[07:17:15 621][libtiny.so 0x17cb38] [e84300d1] 0x4017cb38: "sub x8, sp, #0x10" sp=0xbfffa5f0 => x8=0xbfffa5e0
[07:17:15 621][libtiny.so 0x17cb3c] [1f010091] 0x4017cb3c: "mov sp, x8" x8=0xbfffa5e0 => sp=0xbfffa5e0
[07:17:15 623][libtiny.so 0x17cb40] [680207f9] 0x4017cb40: "str x8, [x19, #0xe00]" ; mem[WRITE] abs=0xbfffd1e0 x8=0xbfffa5e0 x19=0xbfffc3e0 => x8=0xbfffa5e0
[07:17:15 624][libtiny.so 0x17cb44] [e84300d1] 0x4017cb44: "sub x8, sp, #0x10" sp=0xbfffa5e0 => x8=0xbfffa5d0
[07:17:15 625][libtiny.so 0x17cb48] [1f010091] 0x4017cb48: "mov sp, x8" x8=0xbfffa5d0 => sp=0xbfffa5d0
[07:17:15 625][libtiny.so 0x17cb4c] [680607f9] 0x4017cb4c: "str x8, [x19, #0xe08]" ; mem[WRITE] abs=0xbfffd1e8 x8=0xbfffa5d0 x19=0xbfffc3e0 => x8=0xbfffa5d0
[07:17:15 626][libtiny.so 0x17cb50] [e84300d1] 0x4017cb50: "sub x8, sp, #0x10" sp=0xbfffa5d0 => x8=0xbfffa5c0
[07:17:15 627][libtiny.so 0x17cb54] [1f010091] 0x4017cb54: "mov sp, x8" x8=0xbfffa5c0 => sp=0xbfffa5c0
[07:17:15 627][libtiny.so 0x17cb58] [680a07f9] 0x4017cb58: "str x8, [x19, #0xe10]" ; mem[WRITE] abs=0xbfffd1f0 x8=0xbfffa5c0 x19=0xbfffc3e0 => x8=0xbfffa5c0
[07:17:15 628][libtiny.so 0x17cb5c] [e84300d1] 0x4017cb5c: "sub x8, sp, #0x10" sp=0xbfffa5c0 => x8=0xbfffa5b0
[07:17:15 629][libtiny.so 0x17cb60] [1f010091] 0x4017cb60: "mov sp, x8" x8=0xbfffa5b0 => sp=0xbfffa5b0
[07:17:15 629][libtiny.so 0x17cb64] [680e07f9] 0x4017cb64: "str x8, [x19, #0xe18]" ; mem[WRITE] abs=0xbfffd1f8 x8=0xbfffa5b0 x19=0xbfffc3e0 => x8=0xbfffa5b0
[07:17:15 630][libtiny.so 0x17cb68] [e84300d1] 0x4017cb68: "sub x8, sp, #0x10" sp=0xbfffa5b0 => x8=0xbfffa5a0
[07:17:15 630][libtiny.so 0x17cb6c] [1f010091] 0x4017cb6c: "mov sp, x8" x8=0xbfffa5a0 => sp=0xbfffa5a0
[07:17:15 631][libtiny.so 0x17cb70] [681207f9] 0x4017cb70: "str x8, [x19, #0xe20]" ; mem[WRITE] abs=0xbfffd200 x8=0xbfffa5a0 x19=0xbfffc3e0 => x8=0xbfffa5a0
[07:17:15 631][libtiny.so 0x17cb74] [e84300d1] 0x4017cb74: "sub x8, sp, #0x10" sp=0xbfffa5a0 => x8=0xbfffa590
[07:17:15 632][libtiny.so 0x17cb78] [1f010091] 0x4017cb78: "mov sp, x8" x8=0xbfffa590 => sp=0xbfffa590
[07:17:15 632][libtiny.so 0x17cb7c] [681607f9] 0x4017cb7c: "str x8, [x19, #0xe28]" ; mem[WRITE] abs=0xbfffd208 x8=0xbfffa590 x19=0xbfffc3e0 => x8=0xbfffa590
[07:17:15 633][libtiny.so 0x17cb80] [e84300d1] 0x4017cb80: "sub x8, sp, #0x10" sp=0xbfffa590 => x8=0xbfffa580
[07:17:15 633][libtiny.so 0x17cb84] [1f010091] 0x4017cb84: "mov sp, x8" x8=0xbfffa580 => sp=0xbfffa580
[07:17:15 634][libtiny.so 0x17cb88] [681a07f9] 0x4017cb88: "str x8, [x19, #0xe30]" ; mem[WRITE] abs=0xbfffd210 x8=0xbfffa580 x19=0xbfffc3e0 => x8=0xbfffa580
[07:17:15 634][libtiny.so 0x17cb8c] [e84300d1] 0x4017cb8c: "sub x8, sp, #0x10" sp=0xbfffa580 => x8=0xbfffa570
[07:17:15 635][libtiny.so 0x17cb90] [1f010091] 0x4017cb90: "mov sp, x8" x8=0xbfffa570 => sp=0xbfffa570
[07:17:15 635][libtiny.so 0x17cb94] [681e07f9] 0x4017cb94: "str x8, [x19, #0xe38]" ; mem[WRITE] abs=0xbfffd218 x8=0xbfffa570 x19=0xbfffc3e0 => x8=0xbfffa570
[07:17:15 636][libtiny.so 0x17cb98] [e84300d1] 0x4017cb98: "sub x8, sp, #0x10" sp=0xbfffa570 => x8=0xbfffa560
[07:17:15 637][libtiny.so 0x17cb9c] [1f010091] 0x4017cb9c: "mov sp, x8" x8=0xbfffa560 => sp=0xbfffa560
[07:17:15 637][libtiny.so 0x17cba0] [682207f9] 0x4017cba0: "str x8, [x19, #0xe40]" ; mem[WRITE] abs=0xbfffd220 x8=0xbfffa560 x19=0xbfffc3e0 => x8=0xbfffa560
[07:17:15 638][libtiny.so 0x17cba4] [e84300d1] 0x4017cba4: "sub x8, sp, #0x10" sp=0xbfffa560 => x8=0xbfffa550
[07:17:15 638][libtiny.so 0x17cba8] [1f010091] 0x4017cba8: "mov sp, x8" x8=0xbfffa550 => sp=0xbfffa550
[07:17:15 639][libtiny.so 0x17cbac] [682607f9] 0x4017cbac: "str x8, [x19, #0xe48]" ; mem[WRITE] abs=0xbfffd228 x8=0xbfffa550 x19=0xbfffc3e0 => x8=0xbfffa550
[07:17:15 639][libtiny.so 0x17cbb0] [e84300d1] 0x4017cbb0: "sub x8, sp, #0x10" sp=0xbfffa550 => x8=0xbfffa540
[07:17:15 641][libtiny.so 0x17cbb4] [1f010091] 0x4017cbb4: "mov sp, x8" x8=0xbfffa540 => sp=0xbfffa540
[07:17:15 642][libtiny.so 0x17cbb8] [682a07f9] 0x4017cbb8: "str x8, [x19, #0xe50]" ; mem[WRITE] abs=0xbfffd230 x8=0xbfffa540 x19=0xbfffc3e0 => x8=0xbfffa540
[07:17:15 642][libtiny.so 0x17cbbc] [e84300d1] 0x4017cbbc: "sub x8, sp, #0x10" sp=0xbfffa540 => x8=0xbfffa530
[07:17:15 643][libtiny.so 0x17cbc0] [1f010091] 0x4017cbc0: "mov sp, x8" x8=0xbfffa530 => sp=0xbfffa530
[07:17:15 644][libtiny.so 0x17cbc4] [682e07f9] 0x4017cbc4: "str x8, [x19, #0xe58]" ; mem[WRITE] abs=0xbfffd238 x8=0xbfffa530 x19=0xbfffc3e0 => x8=0xbfffa530
[07:17:15 644][libtiny.so 0x17cbc8] [e84300d1] 0x4017cbc8: "sub x8, sp, #0x10" sp=0xbfffa530 => x8=0xbfffa520
[07:17:15 645][libtiny.so 0x17cbcc] [1f010091] 0x4017cbcc: "mov sp, x8" x8=0xbfffa520 => sp=0xbfffa520
[07:17:15 645][libtiny.so 0x17cbd0] [683207f9] 0x4017cbd0: "str x8, [x19, #0xe60]" ; mem[WRITE] abs=0xbfffd240 x8=0xbfffa520 x19=0xbfffc3e0 => x8=0xbfffa520
[07:17:15 646][libtiny.so 0x17cbd4] [e84300d1] 0x4017cbd4: "sub x8, sp, #0x10" sp=0xbfffa520 => x8=0xbfffa510
[07:17:15 646][libtiny.so 0x17cbd8] [1f010091] 0x4017cbd8: "mov sp, x8" x8=0xbfffa510 => sp=0xbfffa510
[07:17:15 647][libtiny.so 0x17cbdc] [683607f9] 0x4017cbdc: "str x8, [x19, #0xe68]" ; mem[WRITE] abs=0xbfffd248 x8=0xbfffa510 x19=0xbfffc3e0 => x8=0xbfffa510
[07:17:15 648][libtiny.so 0x17cbe0] [e84300d1] 0x4017cbe0: "sub x8, sp, #0x10" sp=0xbfffa510 => x8=0xbfffa500
[07:17:15 648][libtiny.so 0x17cbe4] [1f010091] 0x4017cbe4: "mov sp, x8" x8=0xbfffa500 => sp=0xbfffa500
[07:17:15 648][libtiny.so 0x17cbe8] [683a07f9] 0x4017cbe8: "str x8, [x19, #0xe70]" ; mem[WRITE] abs=0xbfffd250 x8=0xbfffa500 x19=0xbfffc3e0 => x8=0xbfffa500
[07:17:15 650][libtiny.so 0x17cbec] [e84300d1] 0x4017cbec: "sub x8, sp, #0x10" sp=0xbfffa500 => x8=0xbfffa4f0
[07:17:15 650][libtiny.so 0x17cbf0] [1f010091] 0x4017cbf0: "mov sp, x8" x8=0xbfffa4f0 => sp=0xbfffa4f0
[07:17:15 651][libtiny.so 0x17cbf4] [683e07f9] 0x4017cbf4: "str x8, [x19, #0xe78]" ; mem[WRITE] abs=0xbfffd258 x8=0xbfffa4f0 x19=0xbfffc3e0 => x8=0xbfffa4f0
[07:17:15 651][libtiny.so 0x17cbf8] [e84300d1] 0x4017cbf8: "sub x8, sp, #0x10" sp=0xbfffa4f0 => x8=0xbfffa4e0
[07:17:15 652][libtiny.so 0x17cbfc] [1f010091] 0x4017cbfc: "mov sp, x8" x8=0xbfffa4e0 => sp=0xbfffa4e0
[07:17:15 652][libtiny.so 0x17cc00] [684207f9] 0x4017cc00: "str x8, [x19, #0xe80]" ; mem[WRITE] abs=0xbfffd260 x8=0xbfffa4e0 x19=0xbfffc3e0 => x8=0xbfffa4e0
[07:17:15 653][libtiny.so 0x17cc04] [e84300d1] 0x4017cc04: "sub x8, sp, #0x10" sp=0xbfffa4e0 => x8=0xbfffa4d0
[07:17:15 653][libtiny.so 0x17cc08] [1f010091] 0x4017cc08: "mov sp, x8" x8=0xbfffa4d0 => sp=0xbfffa4d0
[07:17:15 654][libtiny.so 0x17cc0c] [e94300d1] 0x4017cc0c: "sub x9, sp, #0x10" sp=0xbfffa4d0 => x9=0xbfffa4c0
[07:17:15 654][libtiny.so 0x17cc10] [684607f9] 0x4017cc10: "str x8, [x19, #0xe88]" ; mem[WRITE] abs=0xbfffd268 x8=0xbfffa4d0 x19=0xbfffc3e0 => x8=0xbfffa4d0
[07:17:15 655][libtiny.so 0x17cc14] [3f010091] 0x4017cc14: "mov sp, x9" x9=0xbfffa4c0 => sp=0xbfffa4c0
[07:17:15 655][libtiny.so 0x17cc18] [482d00b0] 0x4017cc18: "adrp x8, #0x40725000" => x8=0x40725000
[07:17:15 656][libtiny.so 0x17cc1c] [0a5544f9] 0x4017cc1c: "ldr x10, [x8, #0x8a8]" ; mem[READ] abs=0x407258a8 x8=0x40725000 => x10=0x43f8eea0
[07:17:15 656][libtiny.so 0x17cc20] [08588752] 0x4017cc20: "movz w8, #0x3ac0" w8=0x40725000 => w8=0x3ac0
[07:17:15 657][libtiny.so 0x17cc24] [8b0000f0] 0x4017cc24: "adrp x11, #0x4018f000" => x11=0x4018f000
[07:17:15 657][libtiny.so 0x17cc28] [a8e0a072] 0x4017cc28: "movk w8, #0x705, lsl #16" w8=0x3ac0 => w8=0x7053ac0
[07:17:15 658][libtiny.so 0x17cc2c] [6b510d91] 0x4017cc2c: "add x11, x11, #0x354" x11=0x4018f000 => x11=0x4018f354
[07:17:15 658][libtiny.so 0x17cc30] [6801088b] 0x4017cc30: "add x8, x11, x8" x11=0x4018f354 x8=0x7053ac0 => x8=0x471e2e14
[07:17:15 659][libtiny.so 0x17cc34] [8c458452] 0x4017cc34: "movz w12, #0x222c" w12=0xff5f5d78 => w12=0x222c
[07:17:15 659][libtiny.so 0x17cc38] [6b01084b] 0x4017cc38: "sub w11, w11, w8" w11=0x4018f354 w8=0x471e2e14 => w11=0xf8fac540
[07:17:15 660][libtiny.so 0x17cc3c] [ac64a072] 0x4017cc3c: "movk w12, #0x325, lsl #16" w12=0x222c => w12=0x325222c
[07:17:15 660][libtiny.so 0x17cc40] [6b010c0b] 0x4017cc40: "add w11, w11, w12" w11=0xf8fac540 w12=0x325222c => w11=0xfc1fe76c
[07:17:15 660][libtiny.so 0x17cc44] [4ac12b8b] 0x4017cc44: "add x10, x10, w11, sxtw" x10=0x43f8eea0 w11=0xfc1fe76c => x10=0x4018d60c
[07:17:15 661][libtiny.so 0x17cc48] [694a07f9] 0x4017cc48: "str x9, [x19, #0xe90]" ; mem[WRITE] abs=0xbfffd270 x9=0xbfffa4c0 x19=0xbfffc3e0 => x9=0xbfffa4c0
[07:17:15 661][libtiny.so 0x17cc4c] [40011fd6] 0x4017cc4c: "br x10" x10=0x4018d60c
[07:17:15 662][libtiny.so 0x18d60c] [c92c0090] 0x4018d60c: "adrp x9, #0x40725000" => x9=0x40725000
[07:17:15 662][libtiny.so 0x18d610] [295144f9] 0x4018d610: "ldr x9, [x9, #0x8a0]" ; mem[READ] abs=0x407258a0 x9=0x40725000 => x9=0x434681dc
[07:17:15 663][libtiny.so 0x18d614] [6bfd9192] 0x4018d614: "movn x11, #0x8feb" x11=0xfc1fe76c => x11=0xffffffffffff7014
[07:17:15 663][libtiny.so 0x18d618] [6a979592] 0x4018d618: "movn x10, #0xacbb" x10=0x4018d60c => x10=0xffffffffffff5344
[07:17:15 664][libtiny.so 0x18d61c] [4b9abff2] 0x4018d61c: "movk x11, #0xfcd2, lsl #16" x11=0xffffffffffff7014 => x11=0xfffffffffcd27014
[07:17:15 664][libtiny.so 0x18d620] [4a9bbff2] 0x4018d620: "movk x10, #0xfcda, lsl #16" x10=0xffffffffffff5344 => x10=0xfffffffffcda5344
[07:17:15 665][libtiny.so 0x18d624] [29010b8b] 0x4018d624: "add x9, x9, x11" x9=0x434681dc x11=0xfffffffffcd27014 => x9=0x4018f1f0
[07:17:15 665][libtiny.so 0x18d628] [08010a8b] 0x4018d628: "add x8, x8, x10" x8=0x471e2e14 x10=0xfffffffffcda5344 => x8=0x43f88158
[07:17:15 665][libtiny.so 0x18d62c] [20011fd6] 0x4018d62c: "br x9" x9=0x4018f1f0
[07:17:15 666][libtiny.so 0x18f1f0] [69c09192] 0x4018f1f0: "movn x9, #0x8e03" x9=0x4018f1f0 => x9=0xffffffffffff71fc
[07:17:15 666][libtiny.so 0x18f1f4] [0984bff2] 0x4018f1f4: "movk x9, #0xfc20, lsl #16" x9=0xffffffffffff71fc => x9=0xfffffffffc2071fc
[07:17:15 667][libtiny.so 0x18f1f8] [0801098b] 0x4018f1f8: "add x8, x8, x9" x8=0x43f88158 x9=0xfffffffffc2071fc => x8=0x4018f354
[07:17:15 667][libtiny.so 0x18f1fc] [00011fd6] 0x4018f1fc: "br x8" x8=0x4018f354
[07:17:15 668][libtiny.so 0x18f354] [e84300d1] 0x4018f354: "sub x8, sp, #0x10" sp=0xbfffa4c0 => x8=0xbfffa4b0
[07:17:15 668][libtiny.so 0x18f358] [1f010091] 0x4018f358: "mov sp, x8" x8=0xbfffa4b0 => sp=0xbfffa4b0
[07:17:15 669][libtiny.so 0x18f35c] [684e07f9] 0x4018f35c: "str x8, [x19, #0xe98]" ; mem[WRITE] abs=0xbfffd278 x8=0xbfffa4b0 x19=0xbfffc3e0 => x8=0xbfffa4b0
[07:17:15 669][libtiny.so 0x18f360] [e84300d1] 0x4018f360: "sub x8, sp, #0x10" sp=0xbfffa4b0 => x8=0xbfffa4a0
[07:17:15 670][libtiny.so 0x18f364] [1f010091] 0x4018f364: "mov sp, x8" x8=0xbfffa4a0 => sp=0xbfffa4a0
[07:17:15 671][libtiny.so 0x18f368] [685207f9] 0x4018f368: "str x8, [x19, #0xea0]" ; mem[WRITE] abs=0xbfffd280 x8=0xbfffa4a0 x19=0xbfffc3e0 => x8=0xbfffa4a0
[07:17:15 671][libtiny.so 0x18f36c] [e84300d1] 0x4018f36c: "sub x8, sp, #0x10" sp=0xbfffa4a0 => x8=0xbfffa490
[07:17:15 672][libtiny.so 0x18f370] [1f010091] 0x4018f370: "mov sp, x8" x8=0xbfffa490 => sp=0xbfffa490
[07:17:15 672][libtiny.so 0x18f374] [685607f9] 0x4018f374: "str x8, [x19, #0xea8]" ; mem[WRITE] abs=0xbfffd288 x8=0xbfffa490 x19=0xbfffc3e0 => x8=0xbfffa490
[07:17:15 673][libtiny.so 0x18f378] [e84300d1] 0x4018f378: "sub x8, sp, #0x10" sp=0xbfffa490 => x8=0xbfffa480
[07:17:15 673][libtiny.so 0x18f37c] [1f010091] 0x4018f37c: "mov sp, x8" x8=0xbfffa480 => sp=0xbfffa480
[07:17:15 674][libtiny.so 0x18f380] [685a07f9] 0x4018f380: "str x8, [x19, #0xeb0]" ; mem[WRITE] abs=0xbfffd290 x8=0xbfffa480 x19=0xbfffc3e0 => x8=0xbfffa480
[07:17:15 674][libtiny.so 0x18f384] [e84300d1] 0x4018f384: "sub x8, sp, #0x10" sp=0xbfffa480 => x8=0xbfffa470
[07:17:15 675][libtiny.so 0x18f388] [1f010091] 0x4018f388: "mov sp, x8" x8=0xbfffa470 => sp=0xbfffa470
[07:17:15 676][libtiny.so 0x18f38c] [685e07f9] 0x4018f38c: "str x8, [x19, #0xeb8]" ; mem[WRITE] abs=0xbfffd298 x8=0xbfffa470 x19=0xbfffc3e0 => x8=0xbfffa470
[07:17:15 676][libtiny.so 0x18f390] [e84300d1] 0x4018f390: "sub x8, sp, #0x10" sp=0xbfffa470 => x8=0xbfffa460
[07:17:15 677][libtiny.so 0x18f394] [1f010091] 0x4018f394: "mov sp, x8" x8=0xbfffa460 => sp=0xbfffa460
[07:17:15 677][libtiny.so 0x18f398] [686207f9] 0x4018f398: "str x8, [x19, #0xec0]" ; mem[WRITE] abs=0xbfffd2a0 x8=0xbfffa460 x19=0xbfffc3e0 => x8=0xbfffa460
[07:17:15 678][libtiny.so 0x18f39c] [e84300d1] 0x4018f39c: "sub x8, sp, #0x10" sp=0xbfffa460 => x8=0xbfffa450
[07:17:15 678][libtiny.so 0x18f3a0] [1f010091] 0x4018f3a0: "mov sp, x8" x8=0xbfffa450 => sp=0xbfffa450
[07:17:15 679][libtiny.so 0x18f3a4] [686607f9] 0x4018f3a4: "str x8, [x19, #0xec8]" ; mem[WRITE] abs=0xbfffd2a8 x8=0xbfffa450 x19=0xbfffc3e0 => x8=0xbfffa450
[07:17:15 679][libtiny.so 0x18f3a8] [e84300d1] 0x4018f3a8: "sub x8, sp, #0x10" sp=0xbfffa450 => x8=0xbfffa440
[07:17:15 680][libtiny.so 0x18f3ac] [1f010091] 0x4018f3ac: "mov sp, x8" x8=0xbfffa440 => sp=0xbfffa440
[07:17:15 680][libtiny.so 0x18f3b0] [686a07f9] 0x4018f3b0: "str x8, [x19, #0xed0]" ; mem[WRITE] abs=0xbfffd2b0 x8=0xbfffa440 x19=0xbfffc3e0 => x8=0xbfffa440
[07:17:15 681][libtiny.so 0x18f3b4] [e84300d1] 0x4018f3b4: "sub x8, sp, #0x10" sp=0xbfffa440 => x8=0xbfffa430
[07:17:15 681][libtiny.so 0x18f3b8] [1f010091] 0x4018f3b8: "mov sp, x8" x8=0xbfffa430 => sp=0xbfffa430
[07:17:15 682][libtiny.so 0x18f3bc] [686e07f9] 0x4018f3bc: "str x8, [x19, #0xed8]" ; mem[WRITE] abs=0xbfffd2b8 x8=0xbfffa430 x19=0xbfffc3e0 => x8=0xbfffa430
[07:17:15 682][libtiny.so 0x18f3c0] [e84300d1] 0x4018f3c0: "sub x8, sp, #0x10" sp=0xbfffa430 => x8=0xbfffa420
[07:17:15 683][libtiny.so 0x18f3c4] [1f010091] 0x4018f3c4: "mov sp, x8" x8=0xbfffa420 => sp=0xbfffa420
[07:17:15 683][libtiny.so 0x18f3c8] [687207f9] 0x4018f3c8: "str x8, [x19, #0xee0]" ; mem[WRITE] abs=0xbfffd2c0 x8=0xbfffa420 x19=0xbfffc3e0 => x8=0xbfffa420
[07:17:15 684][libtiny.so 0x18f3cc] [e84300d1] 0x4018f3cc: "sub x8, sp, #0x10" sp=0xbfffa420 => x8=0xbfffa410
[07:17:15 684][libtiny.so 0x18f3d0] [1f010091] 0x4018f3d0: "mov sp, x8" x8=0xbfffa410 => sp=0xbfffa410
[07:17:15 685][libtiny.so 0x18f3d4] [687607f9] 0x4018f3d4: "str x8, [x19, #0xee8]" ; mem[WRITE] abs=0xbfffd2c8 x8=0xbfffa410 x19=0xbfffc3e0 => x8=0xbfffa410
[07:17:15 685][libtiny.so 0x18f3d8] [e84300d1] 0x4018f3d8: "sub x8, sp, #0x10" sp=0xbfffa410 => x8=0xbfffa400
[07:17:15 685][libtiny.so 0x18f3dc] [1f010091] 0x4018f3dc: "mov sp, x8" x8=0xbfffa400 => sp=0xbfffa400
[07:17:15 686][libtiny.so 0x18f3e0] [8a4d8552] 0x4018f3e0: "movz w10, #0x2a6c" w10=0xfcda5344 => w10=0x2a6c
[07:17:15 687][libtiny.so 0x18f3e4] [0c0000b0] 0x4018f3e4: "adrp x12, #0x40190000" => x12=0x40190000
[07:17:15 687][libtiny.so 0x18f3e8] [a92c00d0] 0x4018f3e8: "adrp x9, #0x40725000" => x9=0x40725000
[07:17:15 688][libtiny.so 0x18f3ec] [ea7fa072] 0x4018f3ec: "movk w10, #0x3ff, lsl #16" w10=0x2a6c => w10=0x3ff2a6c
[07:17:15 688][libtiny.so 0x18f3f0] [8c012791] 0x4018f3f0: "add x12, x12, #0x9c0" x12=0x40190000 => x12=0x401909c0
[07:17:15 689][libtiny.so 0x18f3f4] [299143f9] 0x4018f3f4: "ldr x9, [x9, #0x720]" ; mem[READ] abs=0x40725720 x9=0x40725000 => x9=0x43c428b0
[07:17:15 690][libtiny.so 0x18f3f8] [8b010a8b] 0x4018f3f8: "add x11, x12, x10" x12=0x401909c0 x10=0x3ff2a6c => x11=0x4418342c
[07:17:15 691][libtiny.so 0x18f3fc] [8a010b4b] 0x4018f3fc: "sub w10, w12, w11" w12=0x401909c0 w11=0x4418342c => w10=0xfc00d594
[07:17:15 692][libtiny.so 0x18f400] [0cf88052] 0x4018f400: "movz w12, #0x7c0" w12=0x401909c0 => w12=0x7c0
[07:17:15 692][libtiny.so 0x18f404] [8c0aa072] 0x4018f404: "movk w12, #0x54, lsl #16" w12=0x7c0 => w12=0x5407c0
[07:17:15 693][libtiny.so 0x18f408] [4a010c0b] 0x4018f408: "add w10, w10, w12" w10=0xfc00d594 w12=0x5407c0 => w10=0xfc54dd54
[07:17:15 693][libtiny.so 0x18f40c] [29c12a8b] 0x4018f40c: "add x9, x9, w10, sxtw" x9=0x43c428b0 w10=0xfc54dd54 => x9=0x40190604
[07:17:15 695][libtiny.so 0x18f410] [687a07f9] 0x4018f410: "str x8, [x19, #0xef0]" ; mem[WRITE] abs=0xbfffd2d0 x8=0xbfffa400 x19=0xbfffc3e0 => x8=0xbfffa400
[07:17:15 695][libtiny.so 0x18f414] [20011fd6] 0x4018f414: "br x9" x9=0x40190604
[07:17:15 696][libtiny.so 0x190604] [684d8592] 0x40190604: "movn x8, #0x2a6b" x8=0xbfffa400 => x8=0xffffffffffffd594
[07:17:15 697][libtiny.so 0x190608] [0880bff2] 0x40190608: "movk x8, #0xfc00, lsl #16" x8=0xffffffffffffd594 => x8=0xfffffffffc00d594
[07:17:15 697][libtiny.so 0x19060c] [6801088b] 0x4019060c: "add x8, x11, x8" x11=0x4418342c x8=0xfffffffffc00d594 => x8=0x401909c0
[07:17:15 698][libtiny.so 0x190610] [00011fd6] 0x40190610: "br x8" x8=0x401909c0
[07:17:15 699][libtiny.so 0x1909c0] [682640b9] 0x401909c0: "ldr w8, [x19, #0x24]" ; mem[READ] abs=0xbfffc404 x19=0xbfffc3e0 => w8=0x97a1fdfc
[07:17:15 700][libtiny.so 0x1909c4] [c9488c52] 0x401909c4: "movz w9, #0x6246" w9=0x40190604 => w9=0x6246
[07:17:15 700][libtiny.so 0x1909c8] [e90fa272] 0x401909c8: "movk w9, #0x107f, lsl #16" w9=0x6246 => w9=0x107f6246
[07:17:15 701][libtiny.so 0x1909cc] [8affffb0] 0x401909cc: "adrp x10, #0x40181000" => x10=0x40181000
[07:17:15 702][libtiny.so 0x1909d0] [1f01096b] 0x401909d0: "cmp w8, w9" w9=0x107f6246 => nzcv=0x7ffea0000000 w8=0x97a1fdfc
[07:17:15 702][libtiny.so 0x1909d4] [a82c00b0] 0x401909d4: "adrp x8, #0x40725000" => x8=0x40725000
[07:17:15 703][libtiny.so 0x1909d8] [09b48352] 0x401909d8: "movz w9, #0x1da0" w9=0x107f6246 => w9=0x1da0
[07:17:15 703][libtiny.so 0x1909dc] [08f140f9] 0x401909dc: "ldr x8, [x8, #0x1e0]" ; mem[READ] abs=0x407251e0 x8=0x40725000 => x8=0x439174e8
[07:17:15 704][libtiny.so 0x1909e0] [8973a072] 0x401909e0: "movk w9, #0x39c, lsl #16" w9=0x1da0 => w9=0x39c1da0
[07:17:15 705][libtiny.so 0x1909e4] [4a910391] 0x401909e4: "add x10, x10, #0xe4" x10=0x40181000 => x10=0x401810e4
[07:17:15 706][libtiny.so 0x1909e8] [4901098b] 0x401909e8: "add x9, x10, x9" x10=0x401810e4 x9=0x39c1da0 => x9=0x43b42e84
[07:17:15 707][libtiny.so 0x1909ec] [8ce79652] 0x401909ec: "movz w12, #0xb73c" w12=0x5407c0 => w12=0xb73c
[07:17:15 707][libtiny.so 0x1909f0] [4a01094b] 0x401909f0: "sub w10, w10, w9" w10=0x401810e4 w9=0x43b42e84 => w10=0xfc63e260
[07:17:15 709][libtiny.so 0x1909f4] [4c04a072] 0x401909f4: "movk w12, #0x22, lsl #16" w12=0xb73c => w12=0x22b73c
[07:17:15 710][libtiny.so 0x1909f8] [4a010c0b] 0x401909f8: "add w10, w10, w12" w10=0xfc63e260 w12=0x22b73c => w10=0xfc86999c
[07:17:15 711][libtiny.so 0x1909fc] [eba79f1a] 0x401909fc: "cset w11, lt" nzcv=0x7ffea0000000 => w11=0x1
[07:17:15 712][libtiny.so 0x190a00] [08c12a8b] 0x40190a00: "add x8, x8, w10, sxtw" x8=0x439174e8 w10=0xfc86999c => x8=0x40180e84
[07:17:15 712][libtiny.so 0x190a04] [6bfe3b39] 0x40190a04: "strb w11, [x19, #0xeff]" ; mem[WRITE] abs=0xbfffd2df w11=0x1 x19=0xbfffc3e0 => w11=0x1
[07:17:15 713][libtiny.so 0x190a08] [00011fd6] 0x40190a08: "br x8" x8=0x40180e84
[07:17:15 714][libtiny.so 0x180e84] [e8b38392] 0x40180e84: "movn x8, #0x1d9f" x8=0x40180e84 => x8=0xffffffffffffe260
[07:17:15 715][libtiny.so 0x180e88] [688cbff2] 0x40180e88: "movk x8, #0xfc63, lsl #16" x8=0xffffffffffffe260 => x8=0xfffffffffc63e260
[07:17:15 715][libtiny.so 0x180e8c] [2801088b] 0x40180e8c: "add x8, x9, x8" x9=0x43b42e84 x8=0xfffffffffc63e260 => x8=0x401810e4
[07:17:15 717][libtiny.so 0x180e90] [00011fd6] 0x40180e90: "br x8" x8=0x401810e4
[07:17:15 718][libtiny.so 0x1810e4] [68fe7b39] 0x401810e4: "ldrb w8, [x19, #0xeff]" ; mem[READ] abs=0xbfffd2df x19=0xbfffc3e0 => w8=0x1
[07:17:15 718][libtiny.so 0x1810e8] [09ab9252] 0x401810e8: "movz w9, #0x9558" w9=0x43b42e84 => w9=0x9558
[07:17:15 719][libtiny.so 0x1810ec] [eafffff0] 0x401810ec: "adrp x10, #0x40180000" => x10=0x40180000
[07:17:15 719][libtiny.so 0x1810f0] [0d6a9252] 0x401810f0: "movz w13, #0x9350" w13=0x43d0a4e0 => w13=0x9350
[07:17:15 720][libtiny.so 0x1810f4] [4975a072] 0x401810f4: "movk w9, #0x3aa, lsl #16" w9=0x9558 => w9=0x3aa9558
[07:17:15 720][libtiny.so 0x1810f8] [4a512e91] 0x401810f8: "add x10, x10, #0xb94" x10=0x40180000 => x10=0x40180b94
[07:17:15 722][libtiny.so 0x1810fc] [ed12a072] 0x401810fc: "movk w13, #0x97, lsl #16" w13=0x9350 => w13=0x979350
[07:17:15 723][libtiny.so 0x181100] [4901098b] 0x40181100: "add x9, x10, x9" x10=0x40180b94 x9=0x3aa9558 => x9=0x43c2a0ec
[07:17:15 724][libtiny.so 0x181104] [4a010d0b] 0x40181104: "add w10, w10, w13" w10=0x40180b94 w13=0x979350 => w10=0x40af9ee4
[07:17:15 725][libtiny.so 0x181108] [6dfe7b39] 0x40181108: "ldrb w13, [x19, #0xeff]" ; mem[READ] abs=0xbfffd2df x19=0xbfffc3e0 => w13=0x1
[07:17:15 726][libtiny.so 0x18110c] [1f010071] 0x4018110c: "cmp w8, #0" => nzcv=0x7ffe20000000 w8=0x1
[07:17:15 726][libtiny.so 0x181110] [68fe7b39] 0x40181110: "ldrb w8, [x19, #0xeff]" ; mem[READ] abs=0xbfffd2df x19=0xbfffc3e0 => w8=0x1
[07:17:15 727][libtiny.so 0x181114] [0b108e52] 0x40181114: "movz w11, #0x7080" w11=0x1 => w11=0x7080
[07:17:15 727][libtiny.so 0x181118] [ecffffd0] 0x40181118: "adrp x12, #0x4017f000" => x12=0x4017f000
[07:17:15 728][libtiny.so 0x18111c] [abcea072] 0x4018111c: "movk w11, #0x675, lsl #16" w11=0x7080 => w11=0x6757080
[07:17:15 729][libtiny.so 0x181120] [8c410091] 0x40181120: "add x12, x12, #0x10" x12=0x4017f000 => x12=0x4017f010
[07:17:15 729][libtiny.so 0x181124] [8b010b8b] 0x40181124: "add x11, x12, x11" x12=0x4017f010 x11=0x6757080 => x11=0x468d6090
[07:17:15 731][libtiny.so 0x181128] [6911899a] 0x40181128: "csel x9, x11, x9, ne" nzcv=0x7ffe20000000 x11=0x468d6090 x9=0x43c2a0ec => x9=0x468d6090
[07:17:15 732][libtiny.so 0x18112c] [0b8c8052] 0x4018112c: "movz w11, #0x460" w11=0x468d6090 => w11=0x460
[07:17:15 733][libtiny.so 0x181130] [1f010071] 0x40181130: "cmp w8, #0" => nzcv=0x7ffe20000000 w8=0x1
[07:17:15 735][libtiny.so 0x181134] [08778052] 0x40181134: "movz w8, #0x3b8" w8=0x1 => w8=0x3b8
[07:17:15 735][libtiny.so 0x181138] [0e2d00f0] 0x40181138: "adrp x14, #0x40724000" => x14=0x40724000
[07:17:15 736][libtiny.so 0x18113c] [08118b9a] 0x4018113c: "csel x8, x8, x11, ne" nzcv=0x7ffe20000000 x8=0x3b8 x11=0x460 => x8=0x3b8
[07:17:15 737][libtiny.so 0x181140] [8b299b52] 0x40181140: "movz w11, #0xd94c" w11=0x460 => w11=0xd94c
[07:17:15 737][libtiny.so 0x181144] [ce813591] 0x40181144: "add x14, x14, #0xd60" x14=0x40724000 => x14=0x40724d60
[07:17:15 738][libtiny.so 0x181148] [ab60a072] 0x40181148: "movk w11, #0x305, lsl #16" w11=0xd94c => w11=0x305d94c
[07:17:15 738][libtiny.so 0x18114c] [c86968f8] 0x4018114c: "ldr x8, [x14, x8]" ; mem[READ] abs=0x40725118 x14=0x40724d60 x8=0x3b8 => x8=0x438789a8
[07:17:15 739][libtiny.so 0x181150] [8b010b0b] 0x40181150: "add w11, w12, w11" w12=0x4017f010 w11=0x305d94c => w11=0x431dc95c
[07:17:15 741][libtiny.so 0x181154] [bf010071] 0x40181154: "cmp w13, #0" => nzcv=0x7ffe20000000 w13=0x1
[07:17:15 741][libtiny.so 0x181158] [6a118a1a] 0x40181158: "csel w10, w11, w10, ne" nzcv=0x7ffe20000000 w11=0x431dc95c w10=0x40af9ee4 => w10=0x431dc95c
[07:17:15 742][libtiny.so 0x18115c] [4a01094b] 0x4018115c: "sub w10, w10, w9" w10=0x431dc95c w9=0x468d6090 => w10=0xfc9068cc
[07:17:15 743][libtiny.so 0x181160] [08c12a8b] 0x40181160: "add x8, x8, w10, sxtw" x8=0x438789a8 w10=0xfc9068cc => x8=0x4017f274
[07:17:15 744][libtiny.so 0x181164] [00011fd6] 0x40181164: "br x8" x8=0x4017f274
[07:17:15 744][libtiny.so 0x17f274] [282d00d0] 0x4017f274: "adrp x8, #0x40725000" => x8=0x40725000
[07:17:15 745][libtiny.so 0x17f278] [088940f9] 0x4017f278: "ldr x8, [x8, #0x110]" ; mem[READ] abs=0x40725110 x8=0x40725000 => x8=0x43624d60
[07:17:15 745][libtiny.so 0x17f27c] [ebcb8b92] 0x4017f27c: "movn x11, #0x5e5f" x11=0x431dc95c => x11=0xffffffffffffa1a0
[07:17:15 746][libtiny.so 0x17f280] [6a629292] 0x4017f280: "movn x10, #0x9313" x10=0xfc9068cc => x10=0xffffffffffff6cec
[07:17:15 748][libtiny.so 0x17f284] [ab96bff2] 0x4017f284: "movk x11, #0xfcb5, lsl #16" x11=0xffffffffffffa1a0 => x11=0xfffffffffcb5a1a0
[07:17:15 748][libtiny.so 0x17f288] [ca99bff2] 0x4017f288: "movk x10, #0xfcce, lsl #16" x10=0xffffffffffff6cec => x10=0xfffffffffcce6cec
[07:17:15 749][libtiny.so 0x17f28c] [08010b8b] 0x4017f28c: "add x8, x8, x11" x8=0x43624d60 x11=0xfffffffffcb5a1a0 => x8=0x4017ef00
[07:17:15 749][libtiny.so 0x17f290] [29010a8b] 0x4017f290: "add x9, x9, x10" x9=0x468d6090 x10=0xfffffffffcce6cec => x9=0x435bcd7c
[07:17:15 751][libtiny.so 0x17f294] [00011fd6] 0x4017f294: "br x8" x8=0x4017ef00
[07:17:15 752][libtiny.so 0x17ef00] [68ad9b92] 0x4017ef00: "movn x8, #0xdd6b" x8=0x4017ef00 => x8=0xffffffffffff2294
[07:17:15 753][libtiny.so 0x17ef04] [8897bff2] 0x4017ef04: "movk x8, #0xfcbc, lsl #16" x8=0xffffffffffff2294 => x8=0xfffffffffcbc2294
[07:17:15 753][libtiny.so 0x17ef08] [2801088b] 0x4017ef08: "add x8, x9, x8" x9=0x435bcd7c x8=0xfffffffffcbc2294 => x8=0x4017f010
[07:17:15 754][libtiny.so 0x17ef0c] [00011fd6] 0x4017ef0c: "br x8" x8=0x4017f010
[07:17:15 755][libtiny.so 0x17f010] [682640b9] 0x4017f010: "ldr w8, [x19, #0x24]" ; mem[READ] abs=0xbfffc404 x19=0xbfffc3e0 => w8=0x97a1fdfc
[07:17:15 756][libtiny.so 0x17f014] [69df8952] 0x4017f014: "movz w9, #0x4efb" w9=0x435bcd7c => w9=0x4efb
[07:17:15 756][libtiny.so 0x17f018] [6980b972] 0x4017f018: "movk w9, #0xcc03, lsl #16" w9=0x4efb => w9=0xcc034efb
[07:17:15 757][libtiny.so 0x17f01c] [caffffb0] 0x4017f01c: "adrp x10, #0x40178000" => x10=0x40178000
[07:17:15 759][libtiny.so 0x17f020] [1f01096b] 0x4017f020: "cmp w8, w9" w9=0xcc034efb => nzcv=0x7ffe80000000 w8=0x97a1fdfc
[07:17:15 760][libtiny.so 0x17f024] [282d00d0] 0x4017f024: "adrp x8, #0x40725000" => x8=0x40725000
[07:17:15 761][libtiny.so 0x17f028] [09959652] 0x4017f028: "movz w9, #0xb4a8" w9=0xcc034efb => w9=0xb4a8
[07:17:15 762][libtiny.so 0x17f02c] [089140f9] 0x4017f02c: "ldr x8, [x8, #0x120]" ; mem[READ] abs=0x40725120 x8=0x40725000 => x8=0x43940a4c
[07:17:15 762][libtiny.so 0x17f030] [e961a072] 0x4017f030: "movk w9, #0x30f, lsl #16" w9=0xb4a8 => w9=0x30fb4a8
[07:17:15 763][libtiny.so 0x17f034] [4a912c91] 0x4017f034: "add x10, x10, #0xb24" x10=0x40178000 => x10=0x40178b24
[07:17:15 763][libtiny.so 0x17f038] [4901098b] 0x4017f038: "add x9, x10, x9" x10=0x40178b24 x9=0x30fb4a8 => x9=0x43273fcc
[07:17:15 764][libtiny.so 0x17f03c] [0c948652] 0x4017f03c: "movz w12, #0x34a0" w12=0x4017f010 => w12=0x34a0
[07:17:15 764][libtiny.so 0x17f040] [4a01094b] 0x4017f040: "sub w10, w10, w9" w10=0x40178b24 w9=0x43273fcc => w10=0xfcf04b58
[07:17:15 764][libtiny.so 0x17f044] [6cf2bf72] 0x4017f044: "movk w12, #0xff93, lsl #16" w12=0x34a0 => w12=0xff9334a0
[07:17:15 765][libtiny.so 0x17f048] [4a010c0b] 0x4017f048: "add w10, w10, w12" w10=0xfcf04b58 w12=0xff9334a0 => w10=0xfc837ff8
[07:17:15 767][libtiny.so 0x17f04c] [eba79f1a] 0x4017f04c: "cset w11, lt" nzcv=0x7ffe80000000 => w11=0x1
[07:17:15 768][libtiny.so 0x17f050] [08c12a8b] 0x4017f050: "add x8, x8, w10, sxtw" x8=0x43940a4c w10=0xfc837ff8 => x8=0x40178a44
[07:17:15 768][libtiny.so 0x17f054] [6b763c39] 0x4017f054: "strb w11, [x19, #0xf1d]" ; mem[WRITE] abs=0xbfffd2fd w11=0x1 x19=0xbfffc3e0 => w11=0x1
[07:17:15 769][libtiny.so 0x17f058] [00011fd6] 0x4017f058: "br x8" x8=0x40178a44
[07:17:15 769][libtiny.so 0x178a44] [e8949692] 0x40178a44: "movn x8, #0xb4a7" x8=0x40178a44 => x8=0xffffffffffff4b58
[07:17:15 770][libtiny.so 0x178a48] [089ebff2] 0x40178a48: "movk x8, #0xfcf0, lsl #16" x8=0xffffffffffff4b58 => x8=0xfffffffffcf04b58
[07:17:15 770][libtiny.so 0x178a4c] [2801088b] 0x40178a4c: "add x8, x9, x8" x9=0x43273fcc x8=0xfffffffffcf04b58 => x8=0x40178b24
[07:17:15 771][libtiny.so 0x178a50] [00011fd6] 0x40178a50: "br x8" x8=0x40178b24
[07:17:15 773][libtiny.so 0x178b24] [68767c39] 0x40178b24: "ldrb w8, [x19, #0xf1d]" ; mem[READ] abs=0xbfffd2fd x19=0xbfffc3e0 => w8=0x1
[07:17:15 773][libtiny.so 0x178b28] [895b9052] 0x40178b28: "movz w9, #0x82dc" w9=0x43273fcc => w9=0x82dc
[07:17:15 774][libtiny.so 0x178b2c] [2a0000b0] 0x40178b2c: "adrp x10, #0x4017d000" => x10=0x4017d000
[07:17:15 775][libtiny.so 0x178b30] [8d188152] 0x40178b30: "movz w13, #0x8c4" w13=0x1 => w13=0x8c4
[07:17:15 776][libtiny.so 0x178b34] [49e6a072] 0x40178b34: "movk w9, #0x732, lsl #16" w9=0x82dc => w9=0x73282dc
[07:17:15 776][libtiny.so 0x178b38] [4ad11791] 0x40178b38: "add x10, x10, #0x5f4" x10=0x4017d000 => x10=0x4017d5f4
[07:17:15 778][libtiny.so 0x178b3c] [2d67a072] 0x40178b3c: "movk w13, #0x339, lsl #16" w13=0x8c4 => w13=0x33908c4
[07:17:15 779][libtiny.so 0x178b40] [4901098b] 0x40178b40: "add x9, x10, x9" x10=0x4017d5f4 x9=0x73282dc => x9=0x474a58d0
[07:17:15 780][libtiny.so 0x178b44] [4a010d0b] 0x40178b44: "add w10, w10, w13" w10=0x4017d5f4 w13=0x33908c4 => w10=0x4350deb8
[07:17:15 782][libtiny.so 0x178b48] [6d767c39] 0x40178b48: "ldrb w13, [x19, #0xf1d]" ; mem[READ] abs=0xbfffd2fd x19=0xbfffc3e0 => w13=0x1
[07:17:15 783][libtiny.so 0x178b4c] [1f010071] 0x40178b4c: "cmp w8, #0" => nzcv=0x7ffe20000000 w8=0x1
[07:17:15 784][libtiny.so 0x178b50] [68767c39] 0x40178b50: "ldrb w8, [x19, #0xf1d]" ; mem[READ] abs=0xbfffd2fd x19=0xbfffc3e0 => w8=0x1
[07:17:15 785][libtiny.so 0x178b54] [0b339652] 0x40178b54: "movz w11, #0xb198" w11=0x1 => w11=0xb198
[07:17:15 786][libtiny.so 0x178b58] [8c0000b0] 0x40178b58: "adrp x12, #0x40189000" => x12=0x40189000
[07:17:15 787][libtiny.so 0x178b5c] [8be5a072] 0x40178b5c: "movk w11, #0x72c, lsl #16" w11=0xb198 => w11=0x72cb198
[07:17:15 787][libtiny.so 0x178b60] [8c611b91] 0x40178b60: "add x12, x12, #0x6d8" x12=0x40189000 => x12=0x401896d8
[07:17:15 789][libtiny.so 0x178b64] [8b010b8b] 0x40178b64: "add x11, x12, x11" x12=0x401896d8 x11=0x72cb198 => x11=0x47454870
[07:17:15 790][libtiny.so 0x178b68] [6e11899a] 0x40178b68: "csel x14, x11, x9, ne" nzcv=0x7ffe20000000 x11=0x47454870 x9=0x474a58d0 => x14=0x47454870
[07:17:15 791][libtiny.so 0x178b6c] [09678052] 0x40178b6c: "movz w9, #0x338" w9=0x474a58d0 => w9=0x338
[07:17:15 792][libtiny.so 0x178b70] [1f010071] 0x40178b70: "cmp w8, #0" => nzcv=0x7ffe20000000 w8=0x1
[07:17:15 793][libtiny.so 0x178b74] [08ef8052] 0x40178b74: "movz w8, #0x778" w8=0x1 => w8=0x778
[07:17:15 794][libtiny.so 0x178b78] [6b2d0090] 0x40178b78: "adrp x11, #0x40724000" => x11=0x40724000
[07:17:15 794][libtiny.so 0x178b7c] [0811899a] 0x40178b7c: "csel x8, x8, x9, ne" nzcv=0x7ffe20000000 x8=0x778 x9=0x338 => x8=0x778
[07:17:15 796][libtiny.so 0x178b80] [09e78452] 0x40178b80: "movz w9, #0x2738" w9=0x338 => w9=0x2738
[07:17:15 798][libtiny.so 0x178b84] [6b813591] 0x40178b84: "add x11, x11, #0xd60" x11=0x40724000 => x11=0x40724d60
[07:17:15 799][libtiny.so 0x178b88] [e96aa072] 0x40178b88: "movk w9, #0x357, lsl #16" w9=0x2738 => w9=0x3572738
[07:17:15 799][libtiny.so 0x178b8c] [686968f8] 0x40178b8c: "ldr x8, [x11, x8]" ; mem[READ] abs=0x407254d8 x11=0x40724d60 x8=0x778 => x8=0x43ed160c
[07:17:15 800][libtiny.so 0x178b90] [8901090b] 0x40178b90: "add w9, w12, w9" w12=0x401896d8 w9=0x3572738 => w9=0x436fbe10
[07:17:15 802][libtiny.so 0x178b94] [bf010071] 0x40178b94: "cmp w13, #0" => nzcv=0x7ffe20000000 w13=0x1
[07:17:15 802][libtiny.so 0x178b98] [29118a1a] 0x40178b98: "csel w9, w9, w10, ne" nzcv=0x7ffe20000000 w9=0x436fbe10 w10=0x4350deb8 => w9=0x436fbe10
[07:17:15 803][libtiny.so 0x178b9c] [29010e4b] 0x40178b9c: "sub w9, w9, w14" w9=0x436fbe10 w14=0x47454870 => w9=0xfc2a75a0
[07:17:15 804][libtiny.so 0x178ba0] [08c1298b] 0x40178ba0: "add x8, x8, w9, sxtw" x8=0x43ed160c w9=0xfc2a75a0 => x8=0x40178bac
[07:17:15 805][libtiny.so 0x178ba4] [e9030eaa] 0x40178ba4: "mov x9, x14" x14=0x47454870 => x9=0x47454870
[07:17:15 807][libtiny.so 0x178ba8] [00011fd6] 0x40178ba8: "br x8" x8=0x40178bac
[07:17:15 808][libtiny.so 0x178bac] [682d00b0] 0x40178bac: "adrp x8, #0x40725000" => x8=0x40725000
[07:17:15 809][libtiny.so 0x178bb0] [086942f9] 0x40178bb0: "ldr x8, [x8, #0x4d0]" ; mem[READ] abs=0x407254d0 x8=0x40725000 => x8=0x44128258
[07:17:15 810][libtiny.so 0x178bb4] [ea9f9d92] 0x40178bb4: "movn x10, #0xecff" x10=0x4350deb8 => x10=0xffffffffffff1300
[07:17:15 812][libtiny.so 0x178bb8] [69138e92] 0x40178bb8: "movn x9, #0x709b" x9=0x47454870 => x9=0xffffffffffff8f64
[07:17:15 812][libtiny.so 0x178bbc] [ca80bff2] 0x40178bbc: "movk x10, #0xfc06, lsl #16" x10=0xffffffffffff1300 => x10=0xfffffffffc061300
[07:17:15 813][libtiny.so 0x178bc0] [0982bff2] 0x40178bc0: "movk x9, #0xfc10, lsl #16" x9=0xffffffffffff8f64 => x9=0xfffffffffc108f64
[07:17:15 814][libtiny.so 0x178bc4] [08010a8b] 0x40178bc4: "add x8, x8, x10" x8=0x44128258 x10=0xfffffffffc061300 => x8=0x40189558
[07:17:15 814][libtiny.so 0x178bc8] [ce01098b] 0x40178bc8: "add x14, x14, x9" x14=0x47454870 x9=0xfffffffffc108f64 => x14=0x4355d7d4
[07:17:15 816][libtiny.so 0x178bcc] [00011fd6] 0x40178bcc: "br x8" x8=0x40189558
[07:17:15 817][libtiny.so 0x189558] [681f8892] 0x40189558: "movn x8, #0x40fb" x8=0x40189558 => x8=0xffffffffffffbf04
[07:17:15 818][libtiny.so 0x18955c] [4898bff2] 0x4018955c: "movk x8, #0xfcc2, lsl #16" x8=0xffffffffffffbf04 => x8=0xfffffffffcc2bf04
[07:17:15 819][libtiny.so 0x189560] [c801088b] 0x40189560: "add x8, x14, x8" x14=0x4355d7d4 x8=0xfffffffffcc2bf04 => x8=0x401896d8
[07:17:15 819][libtiny.so 0x189564] [00011fd6] 0x40189564: "br x8" x8=0x401896d8
[07:17:15 820][libtiny.so 0x1896d8] [682640b9] 0x401896d8: "ldr w8, [x19, #0x24]" ; mem[READ] abs=0xbfffc404 x19=0xbfffc3e0 => w8=0x97a1fdfc
[07:17:15 821][libtiny.so 0x1896dc] [e93e8a52] 0x401896dc: "movz w9, #0x51f7" w9=0xfc108f64 => w9=0x51f7
[07:17:15 821][libtiny.so 0x1896e0] [29fab572] 0x401896e0: "movk w9, #0xafd1, lsl #16" w9=0x51f7 => w9=0xafd151f7
[07:17:15 823][libtiny.so 0x1896e4] [caffff90] 0x401896e4: "adrp x10, #0x40181000" => x10=0x40181000
[07:17:15 823][libtiny.so 0x1896e8] [1f01096b] 0x401896e8: "cmp w8, w9" w9=0xafd151f7 => nzcv=0x7ffe80000000 w8=0x97a1fdfc
[07:17:15 824][libtiny.so 0x1896ec] [e82c0090] 0x401896ec: "adrp x8, #0x40725000" => x8=0x40725000
[07:17:15 824][libtiny.so 0x1896f0] [09b48352] 0x401896f0: "movz w9, #0x1da0" w9=0xafd151f7 => w9=0x1da0
[07:17:15 825][libtiny.so 0x1896f4] [08f140f9] 0x401896f4: "ldr x8, [x8, #0x1e0]" ; mem[READ] abs=0x407251e0 x8=0x40725000 => x8=0x439174e8
[07:17:15 825][libtiny.so 0x1896f8] [8973a072] 0x401896f8: "movk w9, #0x39c, lsl #16" w9=0x1da0 => w9=0x39c1da0
[07:17:15 826][libtiny.so 0x1896fc] [4a710191] 0x401896fc: "add x10, x10, #0x5c" x10=0x40181000 => x10=0x4018105c
[07:17:15 827][libtiny.so 0x189700] [4901098b] 0x40189700: "add x9, x10, x9" x10=0x4018105c x9=0x39c1da0 => x9=0x43b42dfc
[07:17:15 827][libtiny.so 0x189704] [8ce79652] 0x40189704: "movz w12, #0xb73c" w12=0x401896d8 => w12=0xb73c
[07:17:15 828][libtiny.so 0x189708] [4a01094b] 0x40189708: "sub w10, w10, w9" w10=0x4018105c w9=0x43b42dfc => w10=0xfc63e260
[07:17:15 828][libtiny.so 0x18970c] [4c04a072] 0x4018970c: "movk w12, #0x22, lsl #16" w12=0xb73c => w12=0x22b73c
[07:17:15 830][libtiny.so 0x189710] [4a010c0b] 0x40189710: "add w10, w10, w12" w10=0xfc63e260 w12=0x22b73c => w10=0xfc86999c
[07:17:15 830][libtiny.so 0x189714] [eba79f1a] 0x40189714: "cset w11, lt" nzcv=0x7ffe80000000 => w11=0x1
[07:17:15 831][libtiny.so 0x189718] [08c12a8b] 0x40189718: "add x8, x8, w10, sxtw" x8=0x439174e8 w10=0xfc86999c => x8=0x40180e84
[07:17:15 831][libtiny.so 0x18971c] [6bae3c39] 0x4018971c: "strb w11, [x19, #0xf2b]" ; mem[WRITE] abs=0xbfffd30b w11=0x1 x19=0xbfffc3e0 => w11=0x1
[07:17:15 832][libtiny.so 0x189720] [00011fd6] 0x40189720: "br x8" x8=0x40180e84
[07:17:15 832][libtiny.so 0x180e84] [e8b38392] 0x40180e84: "movn x8, #0x1d9f" x8=0x40180e84 => x8=0xffffffffffffe260
[07:17:15 832][libtiny.so 0x180e88] [688cbff2] 0x40180e88: "movk x8, #0xfc63, lsl #16" x8=0xffffffffffffe260 => x8=0xfffffffffc63e260
[07:17:15 832][libtiny.so 0x180e8c] [2801088b] 0x40180e8c: "add x8, x9, x8" x9=0x43b42dfc x8=0xfffffffffc63e260 => x8=0x4018105c
[07:17:15 832][libtiny.so 0x180e90] [00011fd6] 0x40180e90: "br x8" x8=0x4018105c
[07:17:15 833][libtiny.so 0x18105c] [68ae7c39] 0x4018105c: "ldrb w8, [x19, #0xf2b]" ; mem[READ] abs=0xbfffd30b x19=0xbfffc3e0 => w8=0x1
[07:17:15 833][libtiny.so 0x181060] [095f9f52] 0x40181060: "movz w9, #0xfaf8" w9=0x43b42dfc => w9=0xfaf8
[07:17:15 833][libtiny.so 0x181064] [8a0000f0] 0x40181064: "adrp x10, #0x40194000" => x10=0x40194000
[07:17:15 835][libtiny.so 0x181068] [8db09452] 0x40181068: "movz w13, #0xa584" w13=0x1 => w13=0xa584
[07:17:15 835][libtiny.so 0x18106c] [69faa072] 0x4018106c: "movk w9, #0x7d3, lsl #16" w9=0xfaf8 => w9=0x7d3faf8
[07:17:15 836][libtiny.so 0x181070] [4a912b91] 0x40181070: "add x10, x10, #0xae4" x10=0x40194000 => x10=0x40194ae4
[07:17:15 836][libtiny.so 0x181074] [2d7ca072] 0x40181074: "movk w13, #0x3e1, lsl #16" w13=0xa584 => w13=0x3e1a584
[07:17:15 837][libtiny.so 0x181078] [4901098b] 0x40181078: "add x9, x10, x9" x10=0x40194ae4 x9=0x7d3faf8 => x9=0x47ed45dc
[07:17:15 838][libtiny.so 0x18107c] [4a010d0b] 0x4018107c: "add w10, w10, w13" w10=0x40194ae4 w13=0x3e1a584 => w10=0x43faf068
[07:17:15 838][libtiny.so 0x181080] [6dae7c39] 0x40181080: "ldrb w13, [x19, #0xf2b]" ; mem[READ] abs=0xbfffd30b x19=0xbfffc3e0 => w13=0x1
[07:17:15 838][libtiny.so 0x181084] [1f010071] 0x40181084: "cmp w8, #0" => nzcv=0x7ffe20000000 w8=0x1
[07:17:15 839][libtiny.so 0x181088] [68ae7c39] 0x40181088: "ldrb w8, [x19, #0xf2b]" ; mem[READ] abs=0xbfffd30b x19=0xbfffc3e0 => w8=0x1
[07:17:15 839][libtiny.so 0x18108c] [0bd48552] 0x4018108c: "movz w11, #0x2ea0" w11=0x1 => w11=0x2ea0
[07:17:15 839][libtiny.so 0x181090] [acffff90] 0x40181090: "adrp x12, #0x40175000" => x12=0x40175000
[07:17:15 841][libtiny.so 0x181094] [0be4a072] 0x40181094: "movk w11, #0x720, lsl #16" w11=0x2ea0 => w11=0x7202ea0
[07:17:15 841][libtiny.so 0x181098] [8cd12191] 0x40181098: "add x12, x12, #0x874" x12=0x40175000 => x12=0x40175874
[07:17:15 842][libtiny.so 0x18109c] [8b010b8b] 0x4018109c: "add x11, x12, x11" x12=0x40175874 x11=0x7202ea0 => x11=0x47378714
[07:17:15 843][libtiny.so 0x1810a0] [6411899a] 0x401810a0: "csel x4, x11, x9, ne" nzcv=0x7ffe20000000 x11=0x47378714 x9=0x47ed45dc => x4=0x47378714
[07:17:15 843][libtiny.so 0x1810a4] [09678152] 0x401810a4: "movz w9, #0xb38" w9=0x47ed45dc => w9=0xb38
[07:17:15 843][libtiny.so 0x1810a8] [1f010071] 0x401810a8: "cmp w8, #0" => nzcv=0x7ffe20000000 w8=0x1
[07:17:15 843][libtiny.so 0x1810ac] [080b8052] 0x401810ac: "movz w8, #0x58" w8=0x1 => w8=0x58
[07:17:15 844][libtiny.so 0x1810b0] [0b2d00f0] 0x401810b0: "adrp x11, #0x40724000" => x11=0x40724000
[07:17:15 844][libtiny.so 0x1810b4] [0811899a] 0x401810b4: "csel x8, x8, x9, ne" nzcv=0x7ffe20000000 x8=0x58 x9=0xb38 => x8=0x58
[07:17:15 844][libtiny.so 0x1810b8] [09bb9152] 0x401810b8: "movz w9, #0x8dd8" w9=0xb38 => w9=0x8dd8
[07:17:15 845][libtiny.so 0x1810bc] [6b813591] 0x401810bc: "add x11, x11, #0xd60" x11=0x40724000 => x11=0x40724d60
[07:17:15 845][libtiny.so 0x1810c0] [0966a072] 0x401810c0: "movk w9, #0x330, lsl #16" w9=0x8dd8 => w9=0x3308dd8
[07:17:15 845][libtiny.so 0x1810c4] [686968f8] 0x401810c4: "ldr x8, [x11, x8]" ; mem[READ] abs=0x40724db8 x11=0x40724d60 x8=0x58 => x8=0x4406faac
[07:17:15 845][libtiny.so 0x1810c8] [8901090b] 0x401810c8: "add w9, w12, w9" w12=0x40175874 w9=0x3308dd8 => w9=0x4347e64c
[07:17:15 845][libtiny.so 0x1810cc] [bf010071] 0x401810cc: "cmp w13, #0" => nzcv=0x7ffe20000000 w13=0x1
[07:17:15 846][libtiny.so 0x1810d0] [29118a1a] 0x401810d0: "csel w9, w9, w10, ne" nzcv=0x7ffe20000000 w9=0x4347e64c w10=0x43faf068 => w9=0x4347e64c
[07:17:15 846][libtiny.so 0x1810d4] [2901044b] 0x401810d4: "sub w9, w9, w4" w9=0x4347e64c w4=0x47378714 => w9=0xfc105f38
[07:17:15 846][libtiny.so 0x1810d8] [08c1298b] 0x401810d8: "add x8, x8, w9, sxtw" x8=0x4406faac w9=0xfc105f38 => x8=0x401759e4
[07:17:15 846][libtiny.so 0x1810dc] [e90304aa] 0x401810dc: "mov x9, x4" x4=0x47378714 => x9=0x47378714
[07:17:15 847][libtiny.so 0x1810e0] [00011fd6] 0x401810e0: "br x8" x8=0x401759e4
[07:17:15 847][libtiny.so 0x1759e4] [682d00f0] 0x401759e4: "adrp x8, #0x40724000" => x8=0x40724000
[07:17:15 847][libtiny.so 0x1759e8] [08d946f9] 0x401759e8: "ldr x8, [x8, #0xdb0]" ; mem[READ] abs=0x40724db0 x8=0x40724000 => x8=0x43e22160
[07:17:15 847][libtiny.so 0x1759ec] [eb2d9992] 0x401759ec: "movn x11, #0xc96f" x11=0x40724d60 => x11=0xffffffffffff3690
[07:17:15 849][libtiny.so 0x1759f0] [eac48e92] 0x401759f0: "movn x10, #0x7627" x10=0x43faf068 => x10=0xffffffffffff89d8
[07:17:15 849][libtiny.so 0x1759f4] [ab86bff2] 0x401759f4: "movk x11, #0xfc35, lsl #16" x11=0xffffffffffff3690 => x11=0xfffffffffc353690
[07:17:15 849][libtiny.so 0x1759f8] [ca94bff2] 0x401759f8: "movk x10, #0xfca6, lsl #16" x10=0xffffffffffff89d8 => x10=0xfffffffffca689d8
[07:17:15 849][libtiny.so 0x1759fc] [08010b8b] 0x401759fc: "add x8, x8, x11" x8=0x43e22160 x11=0xfffffffffc353690 => x8=0x401757f0
[07:17:15 849][libtiny.so 0x175a00] [29010a8b] 0x40175a00: "add x9, x9, x10" x9=0x47378714 x10=0xfffffffffca689d8 => x9=0x43de10ec
[07:17:15 849][libtiny.so 0x175a04] [00011fd6] 0x40175a04: "br x8" x8=0x401757f0
[07:17:15 850][libtiny.so 0x1757f0] [e80e9792] 0x401757f0: "movn x8, #0xb877" x8=0x401757f0 => x8=0xffffffffffff4788
[07:17:15 850][libtiny.so 0x1757f4] [2887bff2] 0x401757f4: "movk x8, #0xfc39, lsl #16" x8=0xffffffffffff4788 => x8=0xfffffffffc394788
[07:17:15 850][libtiny.so 0x1757f8] [2801088b] 0x401757f8: "add x8, x9, x8" x9=0x43de10ec x8=0xfffffffffc394788 => x8=0x40175874
[07:17:15 850][libtiny.so 0x1757fc] [00011fd6] 0x401757fc: "br x8" x8=0x40175874
[07:17:15 850][libtiny.so 0x175874] [682640b9] 0x40175874: "ldr w8, [x19, #0x24]" ; mem[READ] abs=0xbfffc404 x19=0xbfffc3e0 => w8=0x97a1fdfc
[07:17:15 852][libtiny.so 0x175878] [29a59452] 0x40175878: "movz w9, #0xa529" w9=0x43de10ec => w9=0xa529
[07:17:15 852][libtiny.so 0x17587c] [c9f0b272] 0x4017587c: "movk w9, #0x9786, lsl #16" w9=0xa529 => w9=0x9786a529
[07:17:15 853][libtiny.so 0x175880] [ea0000b0] 0x40175880: "adrp x10, #0x40192000" => x10=0x40192000
[07:17:15 853][libtiny.so 0x175884] [1f01096b] 0x40175884: "cmp w8, w9" w9=0x9786a529 => nzcv=0x7ffe20000000 w8=0x97a1fdfc
[07:17:15 853][libtiny.so 0x175888] [882d0090] 0x40175888: "adrp x8, #0x40725000" => x8=0x40725000
[07:17:15 853][libtiny.so 0x17588c] [09e143f9] 0x4017588c: "ldr x9, [x8, #0x7c0]" ; mem[READ] abs=0x407257c0 x8=0x40725000 => x9=0x43f77ae8
[07:17:15 853][libtiny.so 0x175890] [08ac9552] 0x40175890: "movz w8, #0xad60" w8=0x40725000 => w8=0xad60
[07:17:15 854][libtiny.so 0x175894] [086fa072] 0x40175894: "movk w8, #0x378, lsl #16" w8=0xad60 => w8=0x378ad60
[07:17:15 854][libtiny.so 0x175898] [4a212c91] 0x40175898: "add x10, x10, #0xb08" x10=0x40192000 => x10=0x40192b08
[07:17:15 854][libtiny.so 0x17589c] [4801088b] 0x4017589c: "add x8, x10, x8" x10=0x40192b08 x8=0x378ad60 => x8=0x4391d868
[07:17:15 854][libtiny.so 0x1758a0] [8c7a8b52] 0x401758a0: "movz w12, #0x5bd4" w12=0x40175874 => w12=0x5bd4
[07:17:15 854][libtiny.so 0x1758a4] [4a01084b] 0x401758a4: "sub w10, w10, w8" w10=0x40192b08 w8=0x4391d868 => w10=0xfc8752a0
[07:17:15 855][libtiny.so 0x1758a8] [4cf3bf72] 0x401758a8: "movk w12, #0xff9a, lsl #16" w12=0x5bd4 => w12=0xff9a5bd4
[07:17:15 855][libtiny.so 0x1758ac] [4a010c0b] 0x401758ac: "add w10, w10, w12" w10=0xfc8752a0 w12=0xff9a5bd4 => w10=0xfc21ae74
[07:17:15 855][libtiny.so 0x1758b0] [eba79f1a] 0x401758b0: "cset w11, lt" nzcv=0x7ffe20000000 => w11=0x0
[07:17:15 855][libtiny.so 0x1758b4] [29c12a8b] 0x401758b4: "add x9, x9, w10, sxtw" x9=0x43f77ae8 w10=0xfc21ae74 => x9=0x4019295c
[07:17:15 857][libtiny.so 0x1758b8] [6bce3c39] 0x401758b8: "strb w11, [x19, #0xf33]" ; mem[WRITE] abs=0xbfffd313 w11=0x0 x19=0xbfffc3e0 => w11=0x0
[07:17:15 857][libtiny.so 0x1758bc] [20011fd6] 0x401758bc: "br x9" x9=0x4019295c
[07:17:15 857][libtiny.so 0x19295c] [e9ab9592] 0x4019295c: "movn x9, #0xad5f" x9=0x4019295c => x9=0xffffffffffff52a0
[07:17:15 858][libtiny.so 0x192960] [e990bff2] 0x40192960: "movk x9, #0xfc87, lsl #16" x9=0xffffffffffff52a0 => x9=0xfffffffffc8752a0
[07:17:15 858][libtiny.so 0x192964] [0801098b] 0x40192964: "add x8, x8, x9" x8=0x4391d868 x9=0xfffffffffc8752a0 => x8=0x40192b08
[07:17:15 858][libtiny.so 0x192968] [00011fd6] 0x40192968: "br x8" x8=0x40192b08
[07:17:15 859][libtiny.so 0x192b08] [890f9852] 0x40192b08: "movz w9, #0xc07c" w9=0xfc8752a0 => w9=0xc07c
[07:17:15 859][libtiny.so 0x192b0c] [aafffff0] 0x40192b0c: "adrp x10, #0x40189000" => x10=0x40189000
[07:17:15 859][libtiny.so 0x192b10] [8dd38052] 0x40192b10: "movz w13, #0x69c" w13=0x1 => w13=0x69c
[07:17:15 859][libtiny.so 0x192b14] [68ce7c39] 0x40192b14: "ldrb w8, [x19, #0xf33]" ; mem[READ] abs=0xbfffd313 x19=0xbfffc3e0 => w8=0x0
[07:17:15 860][libtiny.so 0x192b18] [2967a072] 0x40192b18: "movk w9, #0x339, lsl #16" w9=0xc07c => w9=0x339c07c
[07:17:15 861][libtiny.so 0x192b1c] [4a713391] 0x40192b1c: "add x10, x10, #0xcdc" x10=0x40189000 => x10=0x40189cdc
[07:17:15 861][libtiny.so 0x192b20] [8df9bf72] 0x40192b20: "movk w13, #0xffcc, lsl #16" w13=0x69c => w13=0xffcc069c
[07:17:15 862][libtiny.so 0x192b24] [4901098b] 0x40192b24: "add x9, x10, x9" x10=0x40189cdc x9=0x339c07c => x9=0x43525d58
[07:17:15 862][libtiny.so 0x192b28] [4a010d0b] 0x40192b28: "add w10, w10, w13" w10=0x40189cdc w13=0xffcc069c => w10=0x3fe4a378
[07:17:15 862][libtiny.so 0x192b2c] [6dce7c39] 0x40192b2c: "ldrb w13, [x19, #0xf33]" ; mem[READ] abs=0xbfffd313 x19=0xbfffc3e0 => w13=0x0
[07:17:15 862][libtiny.so 0x192b30] [6ece7c39] 0x40192b30: "ldrb w14, [x19, #0xf33]" ; mem[READ] abs=0xbfffd313 x19=0xbfffc3e0 => w14=0x0
[07:17:15 864][libtiny.so 0x192b34] [0bf48d52] 0x40192b34: "movz w11, #0x6fa0" w11=0x0 => w11=0x6fa0
[07:17:15 864][libtiny.so 0x192b38] [ccfffff0] 0x40192b38: "adrp x12, #0x4018d000" => x12=0x4018d000
[07:17:15 864][libtiny.so 0x192b3c] [4bd2a072] 0x40192b3c: "movk w11, #0x692, lsl #16" w11=0x6fa0 => w11=0x6926fa0
[07:17:15 865][libtiny.so 0x192b40] [8c210491] 0x40192b40: "add x12, x12, #0x108" x12=0x4018d000 => x12=0x4018d108
[07:17:15 865][libtiny.so 0x192b44] [1f010071] 0x40192b44: "cmp w8, #0" => nzcv=0x7ffe60000000 w8=0x0
[07:17:15 865][libtiny.so 0x192b48] [88010b8b] 0x40192b48: "add x8, x12, x11" x12=0x4018d108 x11=0x6926fa0 => x8=0x46ab40a8
[07:17:15 866][libtiny.so 0x192b4c] [0811899a] 0x40192b4c: "csel x8, x8, x9, ne" nzcv=0x7ffe60000000 x8=0x46ab40a8 x9=0x43525d58 => x8=0x43525d58
[07:17:15 866][libtiny.so 0x192b50] [09f28052] 0x40192b50: "movz w9, #0x790" w9=0x43525d58 => w9=0x790
[07:17:15 866][libtiny.so 0x192b54] [df010071] 0x40192b54: "cmp w14, #0" => nzcv=0x7ffe60000000 w14=0x0
[07:17:15 867][libtiny.so 0x192b58] [0b138152] 0x40192b58: "movz w11, #0x898" w11=0x6926fa0 => w11=0x898
[07:17:15 867][libtiny.so 0x192b5c] [8e2c00d0] 0x40192b5c: "adrp x14, #0x40724000" => x14=0x40724000
[07:17:15 867][libtiny.so 0x192b60] [6911899a] 0x40192b60: "csel x9, x11, x9, ne" nzcv=0x7ffe60000000 x11=0x898 x9=0x790 => x9=0x790
[07:17:15 867][libtiny.so 0x192b64] [8b378252] 0x40192b64: "movz w11, #0x11bc" w11=0x898 => w11=0x11bc
[07:17:15 868][libtiny.so 0x192b68] [ce813591] 0x40192b68: "add x14, x14, #0xd60" x14=0x40724000 => x14=0x40724d60
[07:17:15 868][libtiny.so 0x192b6c] [6b5ea072] 0x40192b6c: "movk w11, #0x2f3, lsl #16" w11=0x11bc => w11=0x2f311bc
[07:17:15 868][libtiny.so 0x192b70] [c96969f8] 0x40192b70: "ldr x9, [x14, x9]" ; mem[READ] abs=0x407254f0 x14=0x40724d60 x9=0x790 => x9=0x43865564
[07:17:15 869][libtiny.so 0x192b74] [8b010b0b] 0x40192b74: "add w11, w12, w11" w12=0x4018d108 w11=0x2f311bc => w11=0x430be2c4
[07:17:15 869][libtiny.so 0x192b78] [bf010071] 0x40192b78: "cmp w13, #0" => nzcv=0x7ffe60000000 w13=0x0
[07:17:15 870][libtiny.so 0x192b7c] [6a118a1a] 0x40192b7c: "csel w10, w11, w10, ne" nzcv=0x7ffe60000000 w11=0x430be2c4 w10=0x3fe4a378 => w10=0x3fe4a378
[07:17:15 870][libtiny.so 0x192b80] [4a01084b] 0x40192b80: "sub w10, w10, w8" w10=0x3fe4a378 w8=0x43525d58 => w10=0xfc924620
[07:17:15 870][libtiny.so 0x192b84] [29c12a8b] 0x40192b84: "add x9, x9, w10, sxtw" x9=0x43865564 w10=0xfc924620 => x9=0x40189b84
[07:17:15 870][libtiny.so 0x192b88] [20011fd6] 0x40192b88: "br x9" x9=0x40189b84
[07:17:15 871][libtiny.so 0x189b84] [690f9892] 0x40189b84: "movn x9, #0xc07b" x9=0x40189b84 => x9=0xffffffffffff3f84
[07:17:15 871][libtiny.so 0x189b88] [c998bff2] 0x40189b88: "movk x9, #0xfcc6, lsl #16" x9=0xffffffffffff3f84 => x9=0xfffffffffcc63f84
[07:17:15 871][libtiny.so 0x189b8c] [0801098b] 0x40189b8c: "add x8, x8, x9" x8=0x43525d58 x9=0xfffffffffcc63f84 => x8=0x40189cdc
[07:17:15 872][libtiny.so 0x189b90] [00011fd6] 0x40189b90: "br x8" x8=0x40189cdc
[07:17:15 872][libtiny.so 0x189cdc] [682640b9] 0x40189cdc: "ldr w8, [x19, #0x24]" ; mem[READ] abs=0xbfffc404 x19=0xbfffc3e0 => w8=0x97a1fdfc
[07:17:15 872][libtiny.so 0x189ce0] [89bf9f52] 0x40189ce0: "movz w9, #0xfdfc" w9=0xfcc63f84 => w9=0xfdfc
[07:17:15 873][libtiny.so 0x189ce4] [29f4b272] 0x40189ce4: "movk w9, #0x97a1, lsl #16" w9=0xfdfc => w9=0x97a1fdfc
[07:17:15 873][libtiny.so 0x189ce8] [cafffff0] 0x40189ce8: "adrp x10, #0x40184000" => x10=0x40184000
[07:17:15 874][libtiny.so 0x189cec] [1f01096b] 0x40189cec: "cmp w8, w9" w9=0x97a1fdfc => nzcv=0x7ffe60000000 w8=0x97a1fdfc
[07:17:15 874][libtiny.so 0x189cf0] [e82c0090] 0x40189cf0: "adrp x8, #0x40725000" => x8=0x40725000
[07:17:15 874][libtiny.so 0x189cf4] [89758c52] 0x40189cf4: "movz w9, #0x63ac" w9=0x97a1fdfc => w9=0x63ac
[07:17:15 875][libtiny.so 0x189cf8] [088d41f9] 0x40189cf8: "ldr x8, [x8, #0x318]" ; mem[READ] abs=0x40725318 x8=0x40725000 => x8=0x437694b0
[07:17:15 875][libtiny.so 0x189cfc] [69e9a072] 0x40189cfc: "movk w9, #0x74b, lsl #16" w9=0x63ac => w9=0x74b63ac
[07:17:15 875][libtiny.so 0x189d00] [4a710a91] 0x40189d00: "add x10, x10, #0x29c" x10=0x40184000 => x10=0x4018429c
[07:17:15 876][libtiny.so 0x189d04] [4901098b] 0x40189d04: "add x9, x10, x9" x10=0x4018429c x9=0x74b63ac => x9=0x4763a648
[07:17:15 876][libtiny.so 0x189d08] [8c438252] 0x40189d08: "movz w12, #0x121c" w12=0x4018d108 => w12=0x121c
[07:17:15 876][libtiny.so 0x189d0c] [4a01094b] 0x40189d0c: "sub w10, w10, w9" w10=0x4018429c w9=0x4763a648 => w10=0xf8b49c54
[07:17:15 877][libtiny.so 0x189d10] [ac7da072] 0x40189d10: "movk w12, #0x3ed, lsl #16" w12=0x121c => w12=0x3ed121c
[07:17:15 877][libtiny.so 0x189d14] [4a010c0b] 0x40189d14: "add w10, w10, w12" w10=0xf8b49c54 w12=0x3ed121c => w10=0xfca1ae70
[07:17:15 878][libtiny.so 0x189d18] [eba79f1a] 0x40189d18: "cset w11, lt" nzcv=0x7ffe60000000 => w11=0x0
[07:17:15 878][libtiny.so 0x189d1c] [08c12a8b] 0x40189d1c: "add x8, x8, w10, sxtw" x8=0x437694b0 w10=0xfca1ae70 => x8=0x40184320
[07:17:15 878][libtiny.so 0x189d20] [6bd23c39] 0x40189d20: "strb w11, [x19, #0xf34]" ; mem[WRITE] abs=0xbfffd314 w11=0x0 x19=0xbfffc3e0 => w11=0x0
[07:17:15 878][libtiny.so 0x189d24] [00011fd6] 0x40189d24: "br x8" x8=0x40184320
[07:17:15 879][libtiny.so 0x184320] [082d00b0] 0x40184320: "adrp x8, #0x40725000" => x8=0x40725000
[07:17:15 879][libtiny.so 0x184324] [088941f9] 0x40184324: "ldr x8, [x8, #0x310]" ; mem[READ] abs=0x40725310 x8=0x40725000 => x8=0x43ff4528
[07:17:15 879][libtiny.so 0x184328] [6b8b8092] 0x40184328: "movn x11, #0x45b" x11=0x0 => x11=0xfffffffffffffba4
[07:17:15 880][libtiny.so 0x18432c] [6a218c92] 0x4018432c: "movn x10, #0x610b" x10=0xfca1ae70 => x10=0xffffffffffff9ef4
[07:17:15 880][libtiny.so 0x184330] [0b83bff2] 0x40184330: "movk x11, #0xfc18, lsl #16" x11=0xfffffffffffffba4 => x11=0xfffffffffc18fba4
[07:17:15 880][libtiny.so 0x184334] [8a85bff2] 0x40184334: "movk x10, #0xfc2c, lsl #16" x10=0xffffffffffff9ef4 => x10=0xfffffffffc2c9ef4
[07:17:15 881][libtiny.so 0x184338] [08010b8b] 0x40184338: "add x8, x8, x11" x8=0x43ff4528 x11=0xfffffffffc18fba4 => x8=0x401840cc
[07:17:15 881][libtiny.so 0x18433c] [29010a8b] 0x4018433c: "add x9, x9, x10" x9=0x4763a648 x10=0xfffffffffc2c9ef4 => x9=0x4390453c
[07:17:15 881][libtiny.so 0x184340] [00011fd6] 0x40184340: "br x8" x8=0x401840cc
[07:17:15 882][libtiny.so 0x1840cc] [e8538092] 0x401840cc: "movn x8, #0x29f" x8=0x401840cc => x8=0xfffffffffffffd60
[07:17:15 882][libtiny.so 0x1840d0] [e890bff2] 0x401840d0: "movk x8, #0xfc87, lsl #16" x8=0xfffffffffffffd60 => x8=0xfffffffffc87fd60
[07:17:15 882][libtiny.so 0x1840d4] [2801088b] 0x401840d4: "add x8, x9, x8" x9=0x4390453c x8=0xfffffffffc87fd60 => x8=0x4018429c
[07:17:15 882][libtiny.so 0x1840d8] [00011fd6] 0x401840d8: "br x8" x8=0x4018429c
[07:17:15 883][libtiny.so 0x18429c] [896c9f52] 0x4018429c: "movz w9, #0xfb64" w9=0x4390453c => w9=0xfb64
[07:17:15 883][libtiny.so 0x1842a0] [2a0000f0] 0x401842a0: "adrp x10, #0x4018b000" => x10=0x4018b000
[07:17:15 884][libtiny.so 0x1842a4] [0d6a9a52] 0x401842a4: "movz w13, #0xd350" w13=0x0 => w13=0xd350
[07:17:15 884][libtiny.so 0x1842a8] [68d27c39] 0x401842a8: "ldrb w8, [x19, #0xf34]" ; mem[READ] abs=0xbfffd314 x19=0xbfffc3e0 => w8=0x0
[07:17:15 884][libtiny.so 0x1842ac] [a9f2a072] 0x401842ac: "movk w9, #0x795, lsl #16" w9=0xfb64 => w9=0x795fb64
[07:17:15 884][libtiny.so 0x1842b0] [4a611d91] 0x401842b0: "add x10, x10, #0x758" x10=0x4018b000 => x10=0x4018b758
[07:17:15 884][libtiny.so 0x1842b4] [4d87a072] 0x401842b4: "movk w13, #0x43a, lsl #16" w13=0xd350 => w13=0x43ad350
[07:17:15 886][libtiny.so 0x1842b8] [4901098b] 0x401842b8: "add x9, x10, x9" x10=0x4018b758 x9=0x795fb64 => x9=0x47aeb2bc
[07:17:15 886][libtiny.so 0x1842bc] [4a010d0b] 0x401842bc: "add w10, w10, w13" w10=0x4018b758 w13=0x43ad350 => w10=0x44538aa8
[07:17:15 886][libtiny.so 0x1842c0] [6dd27c39] 0x401842c0: "ldrb w13, [x19, #0xf34]" ; mem[READ] abs=0xbfffd314 x19=0xbfffc3e0 => w13=0x0
[07:17:15 887][libtiny.so 0x1842c4] [6ed27c39] 0x401842c4: "ldrb w14, [x19, #0xf34]" ; mem[READ] abs=0xbfffd314 x19=0xbfffc3e0 => w14=0x0
[07:17:15 887][libtiny.so 0x1842c8] [0b679b52] 0x401842c8: "movz w11, #0xdb38" w11=0xfc18fba4 => w11=0xdb38
[07:17:15 887][libtiny.so 0x1842cc] [2c0000b0] 0x401842cc: "adrp x12, #0x40189000" => x12=0x40189000
[07:17:15 887][libtiny.so 0x1842d0] [eb65a072] 0x401842d0: "movk w11, #0x32f, lsl #16" w11=0xdb38 => w11=0x32fdb38
[07:17:15 888][libtiny.so 0x1842d4] [8ce10691] 0x401842d4: "add x12, x12, #0x1b8" x12=0x40189000 => x12=0x401891b8
[07:17:15 888][libtiny.so 0x1842d8] [1f010071] 0x401842d8: "cmp w8, #0" => nzcv=0x7ffe60000000 w8=0x0
[07:17:15 888][libtiny.so 0x1842dc] [88010b8b] 0x401842dc: "add x8, x12, x11" x12=0x401891b8 x11=0x32fdb38 => x8=0x43486cf0
[07:17:15 888][libtiny.so 0x1842e0] [0811899a] 0x401842e0: "csel x8, x8, x9, ne" nzcv=0x7ffe60000000 x8=0x43486cf0 x9=0x47aeb2bc => x8=0x47aeb2bc
[07:17:15 889][libtiny.so 0x1842e4] [09018152] 0x401842e4: "movz w9, #0x808" w9=0x47aeb2bc => w9=0x808
[07:17:15 889][libtiny.so 0x1842e8] [df010071] 0x401842e8: "cmp w14, #0" => nzcv=0x7ffe60000000 w14=0x0
[07:17:15 889][libtiny.so 0x1842ec] [0bea8052] 0x401842ec: "movz w11, #0x750" w11=0x32fdb38 => w11=0x750
[07:17:15 889][libtiny.so 0x1842f0] [0e2d0090] 0x401842f0: "adrp x14, #0x40724000" => x14=0x40724000
[07:17:15 890][libtiny.so 0x1842f4] [6911899a] 0x401842f4: "csel x9, x11, x9, ne" nzcv=0x7ffe60000000 x11=0x750 x9=0x808 => x9=0x808
[07:17:15 890][libtiny.so 0x1842f8] [8bc18552] 0x401842f8: "movz w11, #0x2e0c" w11=0x750 => w11=0x2e0c
[07:17:15 890][libtiny.so 0x1842fc] [ce813591] 0x401842fc: "add x14, x14, #0xd60" x14=0x40724000 => x14=0x40724d60
[07:17:15 890][libtiny.so 0x184300] [ebe7bf72] 0x40184300: "movk w11, #0xff3f, lsl #16" w11=0x2e0c => w11=0xff3f2e0c
[07:17:15 891][libtiny.so 0x184304] [c96969f8] 0x40184304: "ldr x9, [x14, x9]" ; mem[READ] abs=0x40725568 x14=0x40724d60 x9=0x808 => x9=0x4373e0bc
[07:17:15 891][libtiny.so 0x184308] [8b010b0b] 0x40184308: "add w11, w12, w11" w12=0x401891b8 w11=0xff3f2e0c => w11=0x3f57bfc4
[07:17:15 891][libtiny.so 0x18430c] [bf010071] 0x4018430c: "cmp w13, #0" => nzcv=0x7ffe60000000 w13=0x0
[07:17:15 892][libtiny.so 0x184310] [6a118a1a] 0x40184310: "csel w10, w11, w10, ne" nzcv=0x7ffe60000000 w11=0x3f57bfc4 w10=0x44538aa8 => w10=0x44538aa8
[07:17:15 892][libtiny.so 0x184314] [4a01084b] 0x40184314: "sub w10, w10, w8" w10=0x44538aa8 w8=0x47aeb2bc => w10=0xfca4d7ec
[07:17:15 892][libtiny.so 0x184318] [29c12a8b] 0x40184318: "add x9, x9, w10, sxtw" x9=0x4373e0bc w10=0xfca4d7ec => x9=0x4018b8a8
[07:17:15 893][libtiny.so 0x18431c] [20011fd6] 0x4018431c: "br x9" x9=0x4018b8a8
[07:17:15 894][libtiny.so 0x18b8a8] [c92c00d0] 0x4018b8a8: "adrp x9, #0x40725000" => x9=0x40725000
[07:17:15 894][libtiny.so 0x18b8ac] [29b142f9] 0x4018b8ac: "ldr x9, [x9, #0x560]" ; mem[READ] abs=0x40725560 x9=0x40725000 => x9=0x43a0d520
[07:17:15 895][libtiny.so 0x18b8b0] [6bf98392] 0x4018b8b0: "movn x11, #0x1fcb" x11=0x3f57bfc4 => x11=0xffffffffffffe034
[07:17:15 895][libtiny.so 0x18b8b4] [eadd8492] 0x4018b8b4: "movn x10, #0x26ef" x10=0xfca4d7ec => x10=0xffffffffffffd910
[07:17:15 896][libtiny.so 0x18b8b8] [eb8ebff2] 0x4018b8b8: "movk x11, #0xfc77, lsl #16" x11=0xffffffffffffe034 => x11=0xfffffffffc77e034
[07:17:15 896][libtiny.so 0x18b8bc] [0a8bbff2] 0x4018b8bc: "movk x10, #0xfc58, lsl #16" x10=0xffffffffffffd910 => x10=0xfffffffffc58d910
[07:17:15 896][libtiny.so 0x18b8c0] [29010b8b] 0x4018b8c0: "add x9, x9, x11" x9=0x43a0d520 x11=0xfffffffffc77e034 => x9=0x4018b554
[07:17:15 896][libtiny.so 0x18b8c4] [08010a8b] 0x4018b8c4: "add x8, x8, x10" x8=0x47aeb2bc x10=0xfffffffffc58d910 => x8=0x44078bcc
[07:17:15 897][libtiny.so 0x18b8c8] [20011fd6] 0x4018b8c8: "br x9" x9=0x4018b554
[07:17:15 897][libtiny.so 0x18b554] [698e9a92] 0x4018b554: "movn x9, #0xd473" x9=0x4018b554 => x9=0xffffffffffff2b8c
[07:17:15 898][libtiny.so 0x18b558] [2982bff2] 0x4018b558: "movk x9, #0xfc11, lsl #16" x9=0xffffffffffff2b8c => x9=0xfffffffffc112b8c
[07:17:15 898][libtiny.so 0x18b55c] [0801098b] 0x4018b55c: "add x8, x8, x9" x8=0x44078bcc x9=0xfffffffffc112b8c => x8=0x4018b758
[07:17:15 899][libtiny.so 0x18b560] [00011fd6] 0x4018b560: "br x8" x8=0x4018b758
[07:17:15 899][libtiny.so 0x18b758] [682640b9] 0x4018b758: "ldr w8, [x19, #0x24]" ; mem[READ] abs=0xbfffc404 x19=0xbfffc3e0 => w8=0x97a1fdfc
[07:17:15 900][libtiny.so 0x18b75c] [89bf9f52] 0x4018b75c: "movz w9, #0xfdfc" w9=0xfc112b8c => w9=0xfdfc
[07:17:15 900][libtiny.so 0x18b760] [29f4b272] 0x4018b760: "movk w9, #0x97a1, lsl #16" w9=0xfdfc => w9=0x97a1fdfc
[07:17:15 901][libtiny.so 0x18b764] [8afffff0] 0x4018b764: "adrp x10, #0x4017e000" => x10=0x4017e000
[07:17:15 901][libtiny.so 0x18b768] [1f01096b] 0x4018b768: "cmp w8, w9" w9=0x97a1fdfc => nzcv=0x7ffe60000000 w8=0x97a1fdfc
[07:17:15 901][libtiny.so 0x18b76c] [c82c00d0] 0x4018b76c: "adrp x8, #0x40725000" => x8=0x40725000
[07:17:15 902][libtiny.so 0x18b770] [099b8952] 0x4018b770: "movz w9, #0x4cd8" w9=0x97a1fdfc => w9=0x4cd8
[07:17:15 902][libtiny.so 0x18b774] [087540f9] 0x4018b774: "ldr x8, [x8, #0xe8]" ; mem[READ] abs=0x407250e8 x8=0x40725000 => x8=0x437da9ec
[07:17:15 902][libtiny.so 0x18b778] [69e5a072] 0x4018b778: "movk w9, #0x72b, lsl #16" w9=0x4cd8 => w9=0x72b4cd8
[07:17:15 902][libtiny.so 0x18b77c] [4a411291] 0x4018b77c: "add x10, x10, #0x490" x10=0x4017e000 => x10=0x4017e490
[07:17:15 902][libtiny.so 0x18b780] [4901098b] 0x4018b780: "add x9, x10, x9" x10=0x4017e490 x9=0x72b4cd8 => x9=0x47433168
[07:17:15 904][libtiny.so 0x18b784] [8c329152] 0x4018b784: "movz w12, #0x8994" w12=0x401891b8 => w12=0x8994
[07:17:15 904][libtiny.so 0x18b788] [4a01094b] 0x4018b788: "sub w10, w10, w9" w10=0x4017e490 w9=0x47433168 => w10=0xf8d4b328
[07:17:15 904][libtiny.so 0x18b78c] [ac78a072] 0x4018b78c: "movk w12, #0x3c5, lsl #16" w12=0x8994 => w12=0x3c58994
[07:17:15 905][libtiny.so 0x18b790] [4a010c0b] 0x4018b790: "add w10, w10, w12" w10=0xf8d4b328 w12=0x3c58994 => w10=0xfc9a3cbc
[07:17:15 905][libtiny.so 0x18b794] [eb179f1a] 0x4018b794: "cset w11, eq" nzcv=0x7ffe60000000 => w11=0x1
[07:17:15 905][libtiny.so 0x18b798] [08c12a8b] 0x4018b798: "add x8, x8, w10, sxtw" x8=0x437da9ec w10=0xfc9a3cbc => x8=0x4017e6a8
[07:17:15 905][libtiny.so 0x18b79c] [6bd63c39] 0x4018b79c: "strb w11, [x19, #0xf35]" ; mem[WRITE] abs=0xbfffd315 w11=0x1 x19=0xbfffc3e0 => w11=0x1
[07:17:15 906][libtiny.so 0x18b7a0] [00011fd6] 0x4018b7a0: "br x8" x8=0x4017e6a8
[07:17:15 906][libtiny.so 0x17e6a8] [282d00f0] 0x4017e6a8: "adrp x8, #0x40725000" => x8=0x40725000
[07:17:15 906][libtiny.so 0x17e6ac] [087140f9] 0x4017e6ac: "ldr x8, [x8, #0xe0]" ; mem[READ] abs=0x407250e0 x8=0x40725000 => x8=0x43597a50
[07:17:15 906][libtiny.so 0x17e6b0] [ebdf9292] 0x4017e6b0: "movn x11, #0x96ff" x11=0x1 => x11=0xffffffffffff6900
[07:17:15 907][libtiny.so 0x17e6b4] [eab08f92] 0x4017e6b4: "movn x10, #0x7d87" x10=0xfc9a3cbc => x10=0xffffffffffff8278
[07:17:15 907][libtiny.so 0x17e6b8] [cb97bff2] 0x4017e6b8: "movk x11, #0xfcbe, lsl #16" x11=0xffffffffffff6900 => x11=0xfffffffffcbe6900
[07:17:15 907][libtiny.so 0x17e6bc] [aa8cbff2] 0x4017e6bc: "movk x10, #0xfc65, lsl #16" x10=0xffffffffffff8278 => x10=0xfffffffffc658278
[07:17:15 909][libtiny.so 0x17e6c0] [08010b8b] 0x4017e6c0: "add x8, x8, x11" x8=0x43597a50 x11=0xfffffffffcbe6900 => x8=0x4017e350
[07:17:15 909][libtiny.so 0x17e6c4] [29010a8b] 0x4017e6c4: "add x9, x9, x10" x9=0x47433168 x10=0xfffffffffc658278 => x9=0x43a8b3e0
[07:17:15 909][libtiny.so 0x17e6c8] [00011fd6] 0x4017e6c8: "br x8" x8=0x4017e350
[07:17:15 910][libtiny.so 0x17e350] [e8e99992] 0x4017e350: "movn x8, #0xcf4f" x8=0x4017e350 => x8=0xffffffffffff30b0
[07:17:15 910][libtiny.so 0x17e354] [e88dbff2] 0x4017e354: "movk x8, #0xfc6f, lsl #16" x8=0xffffffffffff30b0 => x8=0xfffffffffc6f30b0
[07:17:15 911][libtiny.so 0x17e358] [2801088b] 0x4017e358: "add x8, x9, x8" x9=0x43a8b3e0 x8=0xfffffffffc6f30b0 => x8=0x4017e490
[07:17:15 911][libtiny.so 0x17e35c] [00011fd6] 0x4017e35c: "br x8" x8=0x4017e490
[07:17:15 912][libtiny.so 0x17e490] [68d67c39] 0x4017e490: "ldrb w8, [x19, #0xf35]" ; mem[READ] abs=0xbfffd315 x19=0xbfffc3e0 => w8=0x1
[07:17:15 912][libtiny.so 0x17e494] [6cd67c39] 0x4017e494: "ldrb w12, [x19, #0xf35]" ; mem[READ] abs=0xbfffd315 x19=0xbfffc3e0 => w12=0x1
[07:17:15 912][libtiny.so 0x17e498] [6dd67c39] 0x4017e498: "ldrb w13, [x19, #0xf35]" ; mem[READ] abs=0xbfffd315 x19=0xbfffc3e0 => w13=0x1
[07:17:15 913][libtiny.so 0x17e49c] [89b49452] 0x4017e49c: "movz w9, #0xa5a4" w9=0x43a8b3e0 => w9=0xa5a4
[07:17:15 913][libtiny.so 0x17e4a0] [0a0a9652] 0x4017e4a0: "movz w10, #0xb050" w10=0xfc658278 => w10=0xb050
[07:17:15 913][libtiny.so 0x17e4a4] [cbffffd0] 0x4017e4a4: "adrp x11, #0x40178000" => x11=0x40178000
[07:17:15 914][libtiny.so 0x17e4a8] [aefffff0] 0x4017e4a8: "adrp x14, #0x40175000" => x14=0x40175000
[07:17:15 914][libtiny.so 0x17e4ac] [c9e8a072] 0x4017e4ac: "movk w9, #0x746, lsl #16" w9=0xa5a4 => w9=0x746a5a4
[07:17:15 914][libtiny.so 0x17e4b0] [0a76a072] 0x4017e4b0: "movk w10, #0x3b0, lsl #16" w10=0xb050 => w10=0x3b0b050
[07:17:15 914][libtiny.so 0x17e4b4] [6bf10291] 0x4017e4b4: "add x11, x11, #0xbc" x11=0x40178000 => x11=0x401780bc
[07:17:15 914][libtiny.so 0x17e4b8] [ce113491] 0x4017e4b8: "add x14, x14, #0xd04" x14=0x40175000 => x14=0x40175d04
[07:17:15 916][libtiny.so 0x17e4bc] [1f010071] 0x4017e4bc: "cmp w8, #0" => nzcv=0x7ffe20000000 w8=0x1
[07:17:15 916][libtiny.so 0x17e4c0] [c901098b] 0x4017e4c0: "add x9, x14, x9" x14=0x40175d04 x9=0x746a5a4 => x9=0x475e02a8
[07:17:15 916][libtiny.so 0x17e4c4] [6a010a8b] 0x4017e4c4: "add x10, x11, x10" x11=0x401780bc x10=0x3b0b050 => x10=0x43c8310c
[07:17:15 917][libtiny.so 0x17e4c8] [4911899a] 0x4017e4c8: "csel x9, x10, x9, ne" nzcv=0x7ffe20000000 x10=0x43c8310c x9=0x475e02a8 => x9=0x43c8310c
[07:17:15 917][libtiny.so 0x17e4cc] [bf010071] 0x4017e4cc: "cmp w13, #0" => nzcv=0x7ffe20000000 w13=0x1
[07:17:15 917][libtiny.so 0x17e4d0] [0dce9f52] 0x4017e4d0: "movz w13, #0xfe70" w13=0x1 => w13=0xfe70
[07:17:15 917][libtiny.so 0x17e4d4] [6d71a072] 0x4017e4d4: "movk w13, #0x38b, lsl #16" w13=0xfe70 => w13=0x38bfe70
[07:17:15 919][libtiny.so 0x17e4d8] [080d8052] 0x4017e4d8: "movz w8, #0x68" w8=0x1 => w8=0x68
[07:17:15 919][libtiny.so 0x17e4dc] [0a268052] 0x4017e4dc: "movz w10, #0x130" w10=0x43c8310c => w10=0x130
[07:17:15 919][libtiny.so 0x17e4e0] [cd010d0b] 0x4017e4e0: "add w13, w14, w13" w14=0x40175d04 w13=0x38bfe70 => w13=0x43a35b74
[07:17:15 919][libtiny.so 0x17e4e4] [2e2d00d0] 0x4017e4e4: "adrp x14, #0x40724000" => x14=0x40724000
[07:17:15 920][libtiny.so 0x17e4e8] [4811889a] 0x4017e4e8: "csel x8, x10, x8, ne" nzcv=0x7ffe20000000 x10=0x130 x8=0x68 => x8=0x130
[07:17:15 920][libtiny.so 0x17e4ec] [0a549052] 0x4017e4ec: "movz w10, #0x82a0" w10=0x130 => w10=0x82a0
[07:17:15 921][libtiny.so 0x17e4f0] [ce813591] 0x4017e4f0: "add x14, x14, #0xd60" x14=0x40724000 => x14=0x40724d60
[07:17:15 921][libtiny.so 0x17e4f4] [2afbbf72] 0x4017e4f4: "movk w10, #0xffd9, lsl #16" w10=0x82a0 => w10=0xffd982a0
[07:17:15 921][libtiny.so 0x17e4f8] [c86968f8] 0x4017e4f8: "ldr x8, [x14, x8]" ; mem[READ] abs=0x40724e90 x14=0x40724d60 x8=0x130 => x8=0x43eead74
[07:17:15 922][libtiny.so 0x17e4fc] [6a010a0b] 0x4017e4fc: "add w10, w11, w10" w11=0x401780bc w10=0xffd982a0 => w10=0x3ff1035c
[07:17:15 922][libtiny.so 0x17e500] [9f010071] 0x4017e500: "cmp w12, #0" => nzcv=0x7ffe20000000 w12=0x1
[07:17:15 924][libtiny.so 0x17e504] [4a118d1a] 0x4017e504: "csel w10, w10, w13, ne" nzcv=0x7ffe20000000 w10=0x3ff1035c w13=0x43a35b74 => w10=0x3ff1035c
[07:17:15 924][libtiny.so 0x17e508] [4a01094b] 0x4017e508: "sub w10, w10, w9" w10=0x3ff1035c w9=0x43c8310c => w10=0xfc28d250
[07:17:15 925][libtiny.so 0x17e50c] [08c12a8b] 0x4017e50c: "add x8, x8, w10, sxtw" x8=0x43eead74 w10=0xfc28d250 => x8=0x40177fc4
[07:17:15 926][libtiny.so 0x17e510] [00011fd6] 0x4017e510: "br x8" x8=0x40177fc4
[07:17:15 926][libtiny.so 0x177fc4] [e8099692] 0x40177fc4: "movn x8, #0xb04f" x8=0x40177fc4 => x8=0xffffffffffff4fb0
[07:17:15 927][libtiny.so 0x177fc8] [e889bff2] 0x40177fc8: "movk x8, #0xfc4f, lsl #16" x8=0xffffffffffff4fb0 => x8=0xfffffffffc4f4fb0
[07:17:15 927][libtiny.so 0x177fcc] [2801088b] 0x40177fcc: "add x8, x9, x8" x9=0x43c8310c x8=0xfffffffffc4f4fb0 => x8=0x401780bc
[07:17:15 928][libtiny.so 0x177fd0] [00011fd6] 0x40177fd0: "br x8" x8=0x401780bc
[07:17:15 929][libtiny.so 0x1780bc] [680241f9] 0x401780bc: "ldr x8, [x19, #0x200]" ; mem[READ] abs=0xbfffc5e0 x19=0xbfffc3e0 => x8=0xbfffbe80
[07:17:15 929][libtiny.so 0x1780c0] [e2031f2a] 0x401780c0: "mov w2, wzr" => w2=0x0
[07:17:15 930][libtiny.so 0x1780c4] [689a0df9] 0x401780c4: "str x8, [x19, #0x1b30]" ; mem[WRITE] abs=0xbfffdf10 x8=0xbfffbe80 x19=0xbfffc3e0 => x8=0xbfffbe80
[07:17:15 931][libtiny.so 0x1780c8] [689a4df9] 0x401780c8: "ldr x8, [x19, #0x1b30]" ; mem[READ] abs=0xbfffdf10 x19=0xbfffc3e0 => x8=0xbfffbe80
[07:17:15 931][libtiny.so 0x1780cc] [680a41f9] 0x401780cc: "ldr x8, [x19, #0x210]" ; mem[READ] abs=0xbfffc5f0 x19=0xbfffc3e0 => x8=0xbfffbe60
[07:17:15 933][libtiny.so 0x1780d0] [689e0df9] 0x401780d0: "str x8, [x19, #0x1b38]" ; mem[WRITE] abs=0xbfffdf18 x8=0xbfffbe60 x19=0xbfffc3e0 => x8=0xbfffbe60
[07:17:15 933][libtiny.so 0x1780d4] [689e4df9] 0x401780d4: "ldr x8, [x19, #0x1b38]" ; mem[READ] abs=0xbfffdf18 x19=0xbfffc3e0 => x8=0xbfffbe60
[07:17:15 934][libtiny.so 0x1780d8] [68d640f9] 0x401780d8: "ldr x8, [x19, #0x1a8]" ; mem[READ] abs=0xbfffc588 x19=0xbfffc3e0 => x8=0xbfffbfb0
[07:17:15 934][libtiny.so 0x1780dc] [68a20df9] 0x401780dc: "str x8, [x19, #0x1b40]" ; mem[WRITE] abs=0xbfffdf20 x8=0xbfffbfb0 x19=0xbfffc3e0 => x8=0xbfffbfb0
[07:17:15 935][libtiny.so 0x1780e0] [68a24df9] 0x401780e0: "ldr x8, [x19, #0x1b40]" ; mem[READ] abs=0xbfffdf20 x19=0xbfffc3e0 => x8=0xbfffbfb0
[07:17:15 935][libtiny.so 0x1780e4] [618242a9] 0x401780e4: "ldp x1, x0, [x19, #0x28]" ; mem[READ] abs=0xbfffc408 x1=0x43f743d4 x0=0x43f743d4 x19=0xbfffc3e0 => x1=0x3aefe5e5 x0=0xfffe1640
[07:17:15 936][libtiny.so 0x1780e8] [60a60df9] 0x401780e8: "str x0, [x19, #0x1b48]" ; mem[WRITE] abs=0xbfffdf28 x0=0xfffe1640 x19=0xbfffc3e0 => x0=0xfffe1640
[07:17:15 936][libtiny.so 0x1780ec] [68a64df9] 0x401780ec: "ldr x8, [x19, #0x1b48]" ; mem[READ] abs=0xbfffdf28 x19=0xbfffc3e0 => x8=0xfffe1640
[07:17:15 937][libtiny.so 0x1780f0] [080140f9] 0x401780f0: "ldr x8, [x8]" ; mem[READ] abs=0xfffe1640 x8=0xfffe1640 => x8=0xfffe0ef0
[07:17:15 937][libtiny.so 0x1780f4] [08b542f9] 0x401780f4: "ldr x8, [x8, #0x568]" ; mem[READ] abs=0xfffe1458 x8=0xfffe0ef0 => x8=0xfffe0ab0
[07:17:15 937][libtiny.so 0x1780f8] [00013fd6] 0x401780f8: "blr x8" x8=0xfffe0ab0 => x30=0x401780fc
[07:17:15 938][libtiny.so 0x1780fc] [68d640f9] 0x401780fc: "ldr x8, [x19, #0x1a8]" ; mem[READ] abs=0xbfffc588 x19=0xbfffc3e0 => x8=0xbfffbfb0
[07:17:15 938][libtiny.so 0x178100] [89269752] 0x40178100: "movz w9, #0xb934" w9=0x43c8310c => w9=0xb934
[07:17:15 939][libtiny.so 0x178104] [0a010090] 0x40178104: "adrp x10, #0x40198000" => x10=0x40198000
[07:17:15 939][libtiny.so 0x178108] [09eaa072] 0x40178108: "movk w9, #0x750, lsl #16" w9=0xb934 => w9=0x750b934
[07:17:15 940][libtiny.so 0x17810c] [68aa0df9] 0x4017810c: "str x8, [x19, #0x1b50]" ; mem[WRITE] abs=0xbfffdf30 x8=0xbfffbfb0 x19=0xbfffc3e0 => x8=0xbfffbfb0
[07:17:15 940][libtiny.so 0x178110] [68aa4df9] 0x40178110: "ldr x8, [x19, #0x1b50]" ; mem[READ] abs=0xbfffdf30 x19=0xbfffc3e0 => x8=0xbfffbfb0
[07:17:15 940][libtiny.so 0x178114] [4a613a91] 0x40178114: "add x10, x10, #0xe98" x10=0x40198000 => x10=0x40198e98
[07:17:15 941][libtiny.so 0x178118] [4f01098b] 0x40178118: "add x15, x10, x9" x10=0x40198e98 x9=0x750b934 => x15=0x476a47cc
[07:17:15 941][libtiny.so 0x17811c] [49010f4b] 0x4017811c: "sub w9, w10, w15" w10=0x40198e98 w15=0x476a47cc => w9=0xf8af46cc
[07:17:15 941][libtiny.so 0x178120] [000100f9] 0x40178120: "str x0, [x8]" ; mem[WRITE] abs=0xbfffbfb0 x0=0x7f552bd3 x8=0xbfffbfb0 => x0=0x7f552bd3
[07:17:15 942][libtiny.so 0x178124] [68da40f9] 0x40178124: "ldr x8, [x19, #0x1b0]" ; mem[READ] abs=0xbfffc590 x19=0xbfffc3e0 => x8=0xbfffbfa0
[07:17:15 942][libtiny.so 0x178128] [0ae09752] 0x40178128: "movz w10, #0xbf00" w10=0x40198e98 => w10=0xbf00
[07:17:15 942][libtiny.so 0x17812c] [8a82a072] 0x4017812c: "movk w10, #0x414, lsl #16" w10=0xbf00 => w10=0x414bf00
[07:17:15 942][libtiny.so 0x178130] [29010a0b] 0x40178130: "add w9, w9, w10" w9=0xf8af46cc w10=0x414bf00 => w9=0xfcc405cc
[07:17:15 943][libtiny.so 0x178134] [68ae0df9] 0x40178134: "str x8, [x19, #0x1b58]" ; mem[WRITE] abs=0xbfffdf38 x8=0xbfffbfa0 x19=0xbfffc3e0 => x8=0xbfffbfa0
[07:17:15 943][libtiny.so 0x178138] [68ae4df9] 0x40178138: "ldr x8, [x19, #0x1b58]" ; mem[READ] abs=0xbfffdf38 x19=0xbfffc3e0 => x8=0xbfffbfa0
[07:17:15 943][libtiny.so 0x17813c] [682d00b0] 0x4017813c: "adrp x8, #0x40725000" => x8=0x40725000
[07:17:15 943][libtiny.so 0x178140] [084545f9] 0x40178140: "ldr x8, [x8, #0xa88]" ; mem[READ] abs=0x40725a88 x8=0x40725000 => x8=0x435587e4
[07:17:15 944][libtiny.so 0x178144] [08c1298b] 0x40178144: "add x8, x8, w9, sxtw" x8=0x435587e4 w9=0xfcc405cc => x8=0x40198db0
[07:17:15 944][libtiny.so 0x178148] [00011fd6] 0x40178148: "br x8" x8=0x40198db0
[07:17:15 944][libtiny.so 0x198db0] [682c00b0] 0x40198db0: "adrp x8, #0x40725000" => x8=0x40725000
[07:17:15 945][libtiny.so 0x198db4] [084145f9] 0x40198db4: "ldr x8, [x8, #0xa80]" ; mem[READ] abs=0x40725a80 x8=0x40725000 => x8=0x4349226c
[07:17:15 945][libtiny.so 0x198db8] [eaaa9292] 0x40198db8: "movn x10, #0x9557" x10=0x414bf00 => x10=0xffffffffffff6aa8
[07:17:15 945][libtiny.so 0x198dbc] [e99d9d92] 0x40198dbc: "movn x9, #0xecef" x9=0xfcc405cc => x9=0xffffffffffff1310
[07:17:15 945][libtiny.so 0x198dc0] [0a9abff2] 0x40198dc0: "movk x10, #0xfcd0, lsl #16" x10=0xffffffffffff6aa8 => x10=0xfffffffffcd06aa8
[07:17:15 946][libtiny.so 0x198dc4] [0987bff2] 0x40198dc4: "movk x9, #0xfc38, lsl #16" x9=0xffffffffffff1310 => x9=0xfffffffffc381310
[07:17:15 946][libtiny.so 0x198dc8] [08010a8b] 0x40198dc8: "add x8, x8, x10" x8=0x4349226c x10=0xfffffffffcd06aa8 => x8=0x40198d14
[07:17:15 946][libtiny.so 0x198dcc] [ef01098b] 0x40198dcc: "add x15, x15, x9" x15=0x476a47cc x9=0xfffffffffc381310 => x15=0x43a25adc
[07:17:15 947][libtiny.so 0x198dd0] [00011fd6] 0x40198dd0: "br x8" x8=0x40198d14
[07:17:15 947][libtiny.so 0x198d14] [68889992] 0x40198d14: "movn x8, #0xcc43" x8=0x40198d14 => x8=0xffffffffffff33bc
[07:17:15 947][libtiny.so 0x198d18] [e88ebff2] 0x40198d18: "movk x8, #0xfc77, lsl #16" x8=0xffffffffffff33bc => x8=0xfffffffffc7733bc
[07:17:15 947][libtiny.so 0x198d1c] [e801088b] 0x40198d1c: "add x8, x15, x8" x15=0x43a25adc x8=0xfffffffffc7733bc => x8=0x40198e98
[07:17:15 948][libtiny.so 0x198d20] [00011fd6] 0x40198d20: "br x8" x8=0x40198e98
[07:17:15 948][libtiny.so 0x198e98] [68a64df9] 0x40198e98: "ldr x8, [x19, #0x1b48]" ; mem[READ] abs=0xbfffdf28 x19=0xbfffc3e0 => x8=0xfffe1640
[07:17:15 948][libtiny.so 0x198e9c] [618242a9] 0x40198e9c: "ldp x1, x0, [x19, #0x28]" ; mem[READ] abs=0xbfffc408 x1=0x3aefe5e5 x0=0x7f552bd3 x19=0xbfffc3e0 => x1=0x3aefe5e5 x0=0xfffe1640
[07:17:15 949][libtiny.so 0x198ea0] [22008052] 0x40198ea0: "movz w2, #0x1" w2=0x0 => w2=0x1
[07:17:15 949][libtiny.so 0x198ea4] [080140f9] 0x40198ea4: "ldr x8, [x8]" ; mem[READ] abs=0xfffe1640 x8=0xfffe1640 => x8=0xfffe0ef0
[07:17:15 949][libtiny.so 0x198ea8] [08b542f9] 0x40198ea8: "ldr x8, [x8, #0x568]" ; mem[READ] abs=0xfffe1458 x8=0xfffe0ef0 => x8=0xfffe0ab0
[07:17:15 949][libtiny.so 0x198eac] [00013fd6] 0x40198eac: "blr x8" x8=0xfffe0ab0 => x30=0x40198eb0
[07:17:15 950][libtiny.so 0x198eb0] [682c00b0] 0x40198eb0: "adrp x8, #0x40725000" => x8=0x40725000
[07:17:15 950][libtiny.so 0x198eb4] [091944f9] 0x40198eb4: "ldr x9, [x8, #0x830]" ; mem[READ] abs=0x40725830 x8=0x40725000 => x9=0x4377f6fc
[07:17:15 950][libtiny.so 0x198eb8] [08fd9a52] 0x40198eb8: "movz w8, #0xd7e8" w8=0x40725000 => w8=0xd7e8
[07:17:15 950][libtiny.so 0x198ebc] [eaffff90] 0x40198ebc: "adrp x10, #0x40194000" => x10=0x40194000
[07:17:15 951][libtiny.so 0x198ec0] [487da072] 0x40198ec0: "movk w8, #0x3ea, lsl #16" w8=0xd7e8 => w8=0x3ead7e8
[07:17:15 951][libtiny.so 0x198ec4] [4a110a91] 0x40198ec4: "add x10, x10, #0x284" x10=0x40194000 => x10=0x40194284
[07:17:15 951][libtiny.so 0x198ec8] [4801088b] 0x40198ec8: "add x8, x10, x8" x10=0x40194284 x8=0x3ead7e8 => x8=0x44041a6c
[07:17:15 952][libtiny.so 0x198ecc] [0b6c8452] 0x40198ecc: "movz w11, #0x2360" w11=0x401780bc => w11=0x2360
[07:17:15 952][libtiny.so 0x198ed0] [4a01084b] 0x40198ed0: "sub w10, w10, w8" w10=0x40194284 w8=0x44041a6c => w10=0xfc152818
[07:17:15 952][libtiny.so 0x198ed4] [8b11a072] 0x40198ed4: "movk w11, #0x8c, lsl #16" w11=0x2360 => w11=0x8c2360
[07:17:15 952][libtiny.so 0x198ed8] [4a010b0b] 0x40198ed8: "add w10, w10, w11" w10=0xfc152818 w11=0x8c2360 => w10=0xfca14b78
[07:17:15 953][libtiny.so 0x198edc] [29c12a8b] 0x40198edc: "add x9, x9, w10, sxtw" x9=0x4377f6fc w10=0xfca14b78 => x9=0x40194274
[07:17:15 953][libtiny.so 0x198ee0] [60b20df9] 0x40198ee0: "str x0, [x19, #0x1b60]" ; mem[WRITE] abs=0xbfffdf40 x0=0x3c22fc4c x19=0xbfffc3e0 => x0=0x3c22fc4c
[07:17:15 953][libtiny.so 0x198ee4] [20011fd6] 0x40198ee4: "br x9" x9=0x40194274
[07:17:15 954][libtiny.so 0x194274] [e9fc9a92] 0x40194274: "movn x9, #0xd7e7" x9=0x40194274 => x9=0xffffffffffff2818
[07:17:15 954][libtiny.so 0x194278] [a982bff2] 0x40194278: "movk x9, #0xfc15, lsl #16" x9=0xffffffffffff2818 => x9=0xfffffffffc152818
[07:17:15 954][libtiny.so 0x19427c] [0801098b] 0x4019427c: "add x8, x8, x9" x8=0x44041a6c x9=0xfffffffffc152818 => x8=0x40194284
[07:17:15 955][libtiny.so 0x194280] [00011fd6] 0x40194280: "br x8" x8=0x40194284
[07:17:15 955][libtiny.so 0x194284] [68da40f9] 0x40194284: "ldr x8, [x19, #0x1b0]" ; mem[READ] abs=0xbfffc590 x19=0xbfffc3e0 => x8=0xbfffbfa0
[07:17:15 955][libtiny.so 0x194288] [aaffffd0] 0x40194288: "adrp x10, #0x4018a000" => x10=0x4018a000
[07:17:15 956][libtiny.so 0x19428c] [4ad13391] 0x4019428c: "add x10, x10, #0xcf4" x10=0x4018a000 => x10=0x4018acf4
[07:17:15 956][libtiny.so 0x194290] [68b60df9] 0x40194290: "str x8, [x19, #0x1b68]" ; mem[WRITE] abs=0xbfffdf48 x8=0xbfffbfa0 x19=0xbfffc3e0 => x8=0xbfffbfa0
[07:17:15 956][libtiny.so 0x194294] [68b24df9] 0x40194294: "ldr x8, [x19, #0x1b60]" ; mem[READ] abs=0xbfffdf40 x19=0xbfffc3e0 => x8=0x3c22fc4c
[07:17:15 956][libtiny.so 0x194298] [69b64df9] 0x40194298: "ldr x9, [x19, #0x1b68]" ; mem[READ] abs=0xbfffdf48 x19=0xbfffc3e0 => x9=0xbfffbfa0
[07:17:15 957][libtiny.so 0x19429c] [280100f9] 0x4019429c: "str x8, [x9]" ; mem[WRITE] abs=0xbfffbfa0 x8=0x3c22fc4c x9=0xbfffbfa0 => x8=0x3c22fc4c
[07:17:15 957][libtiny.so 0x1942a0] [68de40f9] 0x401942a0: "ldr x8, [x19, #0x1b8]" ; mem[READ] abs=0xbfffc598 x19=0xbfffc3e0 => x8=0xbfffbf90
[07:17:15 957][libtiny.so 0x1942a4] [89829952] 0x401942a4: "movz w9, #0xcc14" w9=0xbfffbfa0 => w9=0xcc14
[07:17:15 958][libtiny.so 0x1942a8] [49e5a072] 0x401942a8: "movk w9, #0x72a, lsl #16" w9=0xcc14 => w9=0x72acc14
[07:17:15 958][libtiny.so 0x1942ac] [68ba0df9] 0x401942ac: "str x8, [x19, #0x1b70]" ; mem[WRITE] abs=0xbfffdf50 x8=0xbfffbf90 x19=0xbfffc3e0 => x8=0xbfffbf90
[07:17:15 958][libtiny.so 0x1942b0] [68ba4df9] 0x401942b0: "ldr x8, [x19, #0x1b70]" ; mem[READ] abs=0xbfffdf50 x19=0xbfffc3e0 => x8=0xbfffbf90
[07:17:15 959][libtiny.so 0x1942b4] [882c00b0] 0x401942b4: "adrp x8, #0x40725000" => x8=0x40725000
[07:17:15 959][libtiny.so 0x1942b8] [0b9d42f9] 0x401942b8: "ldr x11, [x8, #0x538]" ; mem[READ] abs=0x40725538 x8=0x40725000 => x11=0x43c082b8
[07:17:15 959][libtiny.so 0x1942bc] [4801098b] 0x401942bc: "add x8, x10, x9" x10=0x4018acf4 x9=0x72acc14 => x8=0x47437908
[07:17:15 959][libtiny.so 0x1942c0] [4901084b] 0x401942c0: "sub w9, w10, w8" w10=0x4018acf4 w8=0x47437908 => w9=0xf8d533ec
[07:17:15 960][libtiny.so 0x1942c4] [8ad29e52] 0x401942c4: "movz w10, #0xf694" w10=0x4018acf4 => w10=0xf694
[07:17:15 960][libtiny.so 0x1942c8] [4a70a072] 0x401942c8: "movk w10, #0x382, lsl #16" w10=0xf694 => w10=0x382f694
[07:17:15 960][libtiny.so 0x1942cc] [29010a0b] 0x401942cc: "add w9, w9, w10" w9=0xf8d533ec w10=0x382f694 => w9=0xfc582a80
[07:17:15 960][libtiny.so 0x1942d0] [69c1298b] 0x401942d0: "add x9, x11, w9, sxtw" x11=0x43c082b8 w9=0xfc582a80 => x9=0x4018ad38
[07:17:15 960][libtiny.so 0x1942d4] [20011fd6] 0x401942d4: "br x9" x9=0x4018ad38
[07:17:15 961][libtiny.so 0x18ad38] [c92c00f0] 0x4018ad38: "adrp x9, #0x40725000" => x9=0x40725000
[07:17:15 961][libtiny.so 0x18ad3c] [299942f9] 0x4018ad3c: "ldr x9, [x9, #0x530]" ; mem[READ] abs=0x40725530 x9=0x40725000 => x9=0x43abfa74
[07:17:15 962][libtiny.so 0x18ad40] [6bf38992] 0x4018ad40: "movn x11, #0x4f9b" x11=0x43c082b8 => x11=0xffffffffffffb064
[07:17:15 962][libtiny.so 0x18ad44] [6a828092] 0x4018ad44: "movn x10, #0x413" x10=0x382f694 => x10=0xfffffffffffffbec
[07:17:15 962][libtiny.so 0x18ad48] [8b8dbff2] 0x4018ad48: "movk x11, #0xfc6c, lsl #16" x11=0xffffffffffffb064 => x11=0xfffffffffc6cb064
[07:17:15 962][libtiny.so 0x18ad4c] [8a93bff2] 0x4018ad4c: "movk x10, #0xfc9c, lsl #16" x10=0xfffffffffffffbec => x10=0xfffffffffc9cfbec
[07:17:15 962][libtiny.so 0x18ad50] [29010b8b] 0x4018ad50: "add x9, x9, x11" x9=0x43abfa74 x11=0xfffffffffc6cb064 => x9=0x4018aad8
[07:17:15 962][libtiny.so 0x18ad54] [08010a8b] 0x4018ad54: "add x8, x8, x10" x8=0x47437908 x10=0xfffffffffc9cfbec => x8=0x43e074f4
[07:17:15 964][libtiny.so 0x18ad58] [20011fd6] 0x4018ad58: "br x9" x9=0x4018aad8
[07:17:15 964][libtiny.so 0x18aad8] [e9ff9892] 0x4018aad8: "movn x9, #0xc7ff" x9=0x4018aad8 => x9=0xffffffffffff3800
[07:17:15 964][libtiny.so 0x18aadc] [0987bff2] 0x4018aadc: "movk x9, #0xfc38, lsl #16" x9=0xffffffffffff3800 => x9=0xfffffffffc383800
[07:17:15 964][libtiny.so 0x18aae0] [0801098b] 0x4018aae0: "add x8, x8, x9" x8=0x43e074f4 x9=0xfffffffffc383800 => x8=0x4018acf4
[07:17:15 964][libtiny.so 0x18aae4] [00011fd6] 0x4018aae4: "br x8" x8=0x4018acf4
[07:17:15 965][libtiny.so 0x18acf4] [68a64df9] 0x4018acf4: "ldr x8, [x19, #0x1b48]" ; mem[READ] abs=0xbfffdf28 x19=0xbfffc3e0 => x8=0xfffe1640
[07:17:15 965][libtiny.so 0x18acf8] [c92c00f0] 0x4018acf8: "adrp x9, #0x40725000" => x9=0x40725000
[07:17:15 965][libtiny.so 0x18acfc] [8ad89a52] 0x4018acfc: "movz w10, #0xd6c4" w10=0xfc9cfbec => w10=0xd6c4
[07:17:15 965][libtiny.so 0x18ad00] [4b0000b0] 0x4018ad00: "adrp x11, #0x40193000" => x11=0x40193000
[07:17:15 966][libtiny.so 0x18ad04] [29b944f9] 0x4018ad04: "ldr x9, [x9, #0x970]" ; mem[READ] abs=0x40725970 x9=0x40725000 => x9=0x43e4b50c
[07:17:15 966][libtiny.so 0x18ad08] [8a6fa072] 0x4018ad08: "movk w10, #0x37c, lsl #16" w10=0xd6c4 => w10=0x37cd6c4
[07:17:15 966][libtiny.so 0x18ad0c] [6bd12291] 0x4018ad0c: "add x11, x11, #0x8b4" x11=0x40193000 => x11=0x401938b4
[07:17:15 967][libtiny.so 0x18ad10] [0d0140f9] 0x4018ad10: "ldr x13, [x8]" ; mem[READ] abs=0xfffe1640 x8=0xfffe1640 => x13=0xfffe0ef0
[07:17:15 967][libtiny.so 0x18ad14] [8c4b8b52] 0x4018ad14: "movz w12, #0x5a5c" w12=0x1 => w12=0x5a5c
[07:17:15 967][libtiny.so 0x18ad18] [68010a8b] 0x4018ad18: "add x8, x11, x10" x11=0x401938b4 x10=0x37cd6c4 => x8=0x43960f78
[07:17:15 967][libtiny.so 0x18ad1c] [2cf6bf72] 0x4018ad1c: "movk w12, #0xffb1, lsl #16" w12=0x5a5c => w12=0xffb15a5c
[07:17:15 967][libtiny.so 0x18ad20] [6a01084b] 0x4018ad20: "sub w10, w11, w8" w11=0x401938b4 w8=0x43960f78 => w10=0xfc83293c
[07:17:15 968][libtiny.so 0x18ad24] [4a010c0b] 0x4018ad24: "add w10, w10, w12" w10=0xfc83293c w12=0xffb15a5c => w10=0xfc348398
[07:17:15 968][libtiny.so 0x18ad28] [aba11591] 0x4018ad28: "add x11, x13, #0x568" x13=0xfffe0ef0 => x11=0xfffe1458
[07:17:15 968][libtiny.so 0x18ad2c] [29c12a8b] 0x4018ad2c: "add x9, x9, w10, sxtw" x9=0x43e4b50c w10=0xfc348398 => x9=0x401938a4
[07:17:15 968][libtiny.so 0x18ad30] [6bbe0df9] 0x4018ad30: "str x11, [x19, #0x1b78]" ; mem[WRITE] abs=0xbfffdf58 x11=0xfffe1458 x19=0xbfffc3e0 => x11=0xfffe1458
[07:17:15 969][libtiny.so 0x18ad34] [20011fd6] 0x4018ad34: "br x9" x9=0x401938a4
[07:17:15 969][libtiny.so 0x1938a4] [69d89a92] 0x401938a4: "movn x9, #0xd6c3" x9=0x401938a4 => x9=0xffffffffffff293c
[07:17:15 969][libtiny.so 0x1938a8] [6990bff2] 0x401938a8: "movk x9, #0xfc83, lsl #16" x9=0xffffffffffff293c => x9=0xfffffffffc83293c
[07:17:15 969][libtiny.so 0x1938ac] [0801098b] 0x401938ac: "add x8, x8, x9" x8=0x43960f78 x9=0xfffffffffc83293c => x8=0x401938b4
[07:17:15 970][libtiny.so 0x1938b0] [00011fd6] 0x401938b0: "br x8" x8=0x401938b4
[07:17:15 970][libtiny.so 0x1938b4] [68be4df9] 0x401938b4: "ldr x8, [x19, #0x1b78]" ; mem[READ] abs=0xbfffdf58 x19=0xbfffc3e0 => x8=0xfffe1458
[07:17:15 970][libtiny.so 0x1938b8] [618242a9] 0x401938b8: "ldp x1, x0, [x19, #0x28]" ; mem[READ] abs=0xbfffc408 x1=0x3aefe5e5 x0=0x3c22fc4c x19=0xbfffc3e0 => x1=0x3aefe5e5 x0=0xfffe1640
[07:17:15 970][libtiny.so 0x1938bc] [42008052] 0x401938bc: "movz w2, #0x2" w2=0x1 => w2=0x2
[07:17:15 970][libtiny.so 0x1938c0] [080140f9] 0x401938c0: "ldr x8, [x8]" ; mem[READ] abs=0xfffe1458 x8=0xfffe1458 => x8=0xfffe0ab0
[07:17:15 971][libtiny.so 0x1938c4] [00013fd6] 0x401938c4: "blr x8" x8=0xfffe0ab0 => x30=0x401938c8
[07:17:15 971][libtiny.so 0x1938c8] [68de40f9] 0x401938c8: "ldr x8, [x19, #0x1b8]" ; mem[READ] abs=0xbfffc598 x19=0xbfffc3e0 => x8=0xbfffbf90
[07:17:15 971][libtiny.so 0x1938cc] [89be8452] 0x401938cc: "movz w9, #0x25f4" w9=0xfc83293c => w9=0x25f4
[07:17:15 972][libtiny.so 0x1938d0] [0a000090] 0x401938d0: "adrp x10, #0x40193000" => x10=0x40193000
[07:17:15 972][libtiny.so 0x1938d4] [69d8a072] 0x401938d4: "movk w9, #0x6c3, lsl #16" w9=0x25f4 => w9=0x6c325f4
[07:17:15 972][libtiny.so 0x1938d8] [68c20df9] 0x401938d8: "str x8, [x19, #0x1b80]" ; mem[WRITE] abs=0xbfffdf60 x8=0xbfffbf90 x19=0xbfffc3e0 => x8=0xbfffbf90
[07:17:15 972][libtiny.so 0x1938dc] [68c24df9] 0x401938dc: "ldr x8, [x19, #0x1b80]" ; mem[READ] abs=0xbfffdf60 x19=0xbfffc3e0 => x8=0xbfffbf90
[07:17:15 972][libtiny.so 0x1938e0] [4a011091] 0x401938e0: "add x10, x10, #0x400" x10=0x40193000 => x10=0x40193400
[07:17:15 973][libtiny.so 0x1938e4] [5b01098b] 0x401938e4: "add x27, x10, x9" x10=0x40193400 x9=0x6c325f4 => x27=0x46dc59f4
[07:17:15 973][libtiny.so 0x1938e8] [49011b4b] 0x401938e8: "sub w9, w10, w27" w10=0x40193400 w27=0x46dc59f4 => w9=0xf93cda0c
[07:17:15 973][libtiny.so 0x1938ec] [000100f9] 0x401938ec: "str x0, [x8]" ; mem[WRITE] abs=0xbfffbf90 x0=0x38425407 x8=0xbfffbf90 => x0=0x38425407
[07:17:15 973][libtiny.so 0x1938f0] [68e240f9] 0x401938f0: "ldr x8, [x19, #0x1c0]" ; mem[READ] abs=0xbfffc5a0 x19=0xbfffc3e0 => x8=0xbfffbf80
[07:17:15 973][libtiny.so 0x1938f4] [8ab18652] 0x401938f4: "movz w10, #0x358c" w10=0x40193400 => w10=0x358c
[07:17:15 974][libtiny.so 0x1938f8] [6a5ea072] 0x401938f8: "movk w10, #0x2f3, lsl #16" w10=0x358c => w10=0x2f3358c
[07:17:15 974][libtiny.so 0x1938fc] [29010a0b] 0x401938fc: "add w9, w9, w10" w9=0xf93cda0c w10=0x2f3358c => w9=0xfc300f98
[07:17:15 974][libtiny.so 0x193900] [68c60df9] 0x40193900: "str x8, [x19, #0x1b88]" ; mem[WRITE] abs=0xbfffdf68 x8=0xbfffbf80 x19=0xbfffc3e0 => x8=0xbfffbf80
[07:17:15 974][libtiny.so 0x193904] [68c64df9] 0x40193904: "ldr x8, [x19, #0x1b88]" ; mem[READ] abs=0xbfffdf68 x19=0xbfffc3e0 => x8=0xbfffbf80
[07:17:15 974][libtiny.so 0x193908] [882c00d0] 0x40193908: "adrp x8, #0x40725000" => x8=0x40725000
[07:17:15 975][libtiny.so 0x19390c] [080544f9] 0x4019390c: "ldr x8, [x8, #0x808]" ; mem[READ] abs=0x40725808 x8=0x40725000 => x8=0x43e92714
[07:17:15 975][libtiny.so 0x193910] [08c1298b] 0x40193910: "add x8, x8, w9, sxtw" x8=0x43e92714 w9=0xfc300f98 => x8=0x401936ac
[07:17:15 975][libtiny.so 0x193914] [00011fd6] 0x40193914: "br x8" x8=0x401936ac
[07:17:15 975][libtiny.so 0x1936ac] [882c00d0] 0x401936ac: "adrp x8, #0x40725000" => x8=0x40725000
[07:17:15 975][libtiny.so 0x1936b0] [080144f9] 0x401936b0: "ldr x8, [x8, #0x800]" ; mem[READ] abs=0x40725800 x8=0x40725000 => x8=0x44167f54
[07:17:15 976][libtiny.so 0x1936b4] [ea9c8992] 0x401936b4: "movn x10, #0x4ce7" x10=0x2f3358c => x10=0xffffffffffffb318
[07:17:15 976][libtiny.so 0x1936b8] [e9198392] 0x401936b8: "movn x9, #0x18cf" x9=0xfc300f98 => x9=0xffffffffffffe730
[07:17:15 976][libtiny.so 0x1936bc] [4a80bff2] 0x401936bc: "movk x10, #0xfc02, lsl #16" x10=0xffffffffffffb318 => x10=0xfffffffffc02b318
[07:17:15 976][libtiny.so 0x1936c0] [2997bff2] 0x401936c0: "movk x9, #0xfcb9, lsl #16" x9=0xffffffffffffe730 => x9=0xfffffffffcb9e730
[07:17:15 976][libtiny.so 0x1936c4] [08010a8b] 0x401936c4: "add x8, x8, x10" x8=0x44167f54 x10=0xfffffffffc02b318 => x8=0x4019326c
[07:17:15 976][libtiny.so 0x1936c8] [7b03098b] 0x401936c8: "add x27, x27, x9" x27=0x46dc59f4 x9=0xfffffffffcb9e730 => x27=0x43964124
[07:17:15 977][libtiny.so 0x1936cc] [00011fd6] 0x401936cc: "br x8" x8=0x4019326c
[07:17:15 977][libtiny.so 0x19326c] [68a48192] 0x4019326c: "movn x8, #0xd23" x8=0x4019326c => x8=0xfffffffffffff2dc
[07:17:15 977][libtiny.so 0x193270] [4890bff2] 0x40193270: "movk x8, #0xfc82, lsl #16" x8=0xfffffffffffff2dc => x8=0xfffffffffc82f2dc
[07:17:15 977][libtiny.so 0x193274] [6803088b] 0x40193274: "add x8, x27, x8" x27=0x43964124 x8=0xfffffffffc82f2dc => x8=0x40193400
[07:17:15 978][libtiny.so 0x193278] [00011fd6] 0x40193278: "br x8" x8=0x40193400
[07:17:15 978][libtiny.so 0x193400] [68a64df9] 0x40193400: "ldr x8, [x19, #0x1b48]" ; mem[READ] abs=0xbfffdf28 x19=0xbfffc3e0 => x8=0xfffe1640
[07:17:15 978][libtiny.so 0x193404] [618242a9] 0x40193404: "ldp x1, x0, [x19, #0x28]" ; mem[READ] abs=0xbfffc408 x1=0x3aefe5e5 x0=0x38425407 x19=0xbfffc3e0 => x1=0x3aefe5e5 x0=0xfffe1640
[07:17:15 978][libtiny.so 0x193408] [62008052] 0x40193408: "movz w2, #0x3" w2=0x2 => w2=0x3
[07:17:15 979][libtiny.so 0x19340c] [080140f9] 0x4019340c: "ldr x8, [x8]" ; mem[READ] abs=0xfffe1640 x8=0xfffe1640 => x8=0xfffe0ef0
[07:17:15 979][libtiny.so 0x193410] [08b542f9] 0x40193410: "ldr x8, [x8, #0x568]" ; mem[READ] abs=0xfffe1458 x8=0xfffe0ef0 => x8=0xfffe0ab0
[07:17:15 979][libtiny.so 0x193414] [00013fd6] 0x40193414: "blr x8" x8=0xfffe0ab0 => x30=0x40193418
[07:17:15 979][libtiny.so 0x193418] [882c00d0] 0x40193418: "adrp x8, #0x40725000" => x8=0x40725000
[07:17:15 980][libtiny.so 0x19341c] [099d45f9] 0x4019341c: "ldr x9, [x8, #0xb38]" ; mem[READ] abs=0x40725b38 x8=0x40725000 => x9=0x43651bcc
[07:17:15 980][libtiny.so 0x193420] [085c8e52] 0x40193420: "movz w8, #0x72e0" w8=0x40725000 => w8=0x72e0
[07:17:15 980][libtiny.so 0x193424] [0a000090] 0x40193424: "adrp x10, #0x40193000" => x10=0x40193000
[07:17:15 980][libtiny.so 0x193428] [28e3a072] 0x40193428: "movk w8, #0x719, lsl #16" w8=0x72e0 => w8=0x71972e0
[07:17:15 980][libtiny.so 0x19342c] [4ae11691] 0x4019342c: "add x10, x10, #0x5b8" x10=0x40193000 => x10=0x401935b8
[07:17:15 980][libtiny.so 0x193430] [4801088b] 0x40193430: "add x8, x10, x8" x10=0x401935b8 x8=0x71972e0 => x8=0x4732a898
[07:17:15 981][libtiny.so 0x193434] [0b709e52] 0x40193434: "movz w11, #0xf380" w11=0xfffe1458 => w11=0xf380
[07:17:15 981][libtiny.so 0x193438] [4a01084b] 0x40193438: "sub w10, w10, w8" w10=0x401935b8 w8=0x4732a898 => w10=0xf8e68d20
[07:17:15 981][libtiny.so 0x19343c] [8b79a072] 0x4019343c: "movk w11, #0x3cc, lsl #16" w11=0xf380 => w11=0x3ccf380
[07:17:15 981][libtiny.so 0x193440] [4a010b0b] 0x40193440: "add w10, w10, w11" w10=0xf8e68d20 w11=0x3ccf380 => w10=0xfcb380a0
[07:17:15 981][libtiny.so 0x193444] [29c12a8b] 0x40193444: "add x9, x9, w10, sxtw" x9=0x43651bcc w10=0xfcb380a0 => x9=0x40189c6c
[07:17:15 982][libtiny.so 0x193448] [60ca0df9] 0x40193448: "str x0, [x19, #0x1b90]" ; mem[WRITE] abs=0xbfffdf70 x0=0x0 x19=0xbfffc3e0 => x0=0x0
[07:17:15 982][libtiny.so 0x19344c] [20011fd6] 0x4019344c: "br x9" x9=0x40189c6c
[07:17:15 982][libtiny.so 0x189c6c] [e92c0090] 0x40189c6c: "adrp x9, #0x40725000" => x9=0x40725000
[07:17:15 982][libtiny.so 0x189c70] [299945f9] 0x40189c70: "ldr x9, [x9, #0xb30]" ; mem[READ] abs=0x40725b30 x9=0x40725000 => x9=0x4342b59c
[07:17:15 983][libtiny.so 0x189c74] [6b299092] 0x40189c74: "movn x11, #0x814b" x11=0x3ccf380 => x11=0xffffffffffff7eb4
[07:17:15 983][libtiny.so 0x189c78] [6a438792] 0x40189c78: "movn x10, #0x3a1b" x10=0xfcb380a0 => x10=0xffffffffffffc5e4
[07:17:15 983][libtiny.so 0x189c7c] [cb9abff2] 0x40189c7c: "movk x11, #0xfcd6, lsl #16" x11=0xffffffffffff7eb4 => x11=0xfffffffffcd67eb4
[07:17:15 983][libtiny.so 0x189c80] [ca83bff2] 0x40189c80: "movk x10, #0xfc1e, lsl #16" x10=0xffffffffffffc5e4 => x10=0xfffffffffc1ec5e4
[07:17:15 983][libtiny.so 0x189c84] [29010b8b] 0x40189c84: "add x9, x9, x11" x9=0x4342b59c x11=0xfffffffffcd67eb4 => x9=0x40193450
[07:17:15 983][libtiny.so 0x189c88] [08010a8b] 0x40189c88: "add x8, x8, x10" x8=0x4732a898 x10=0xfffffffffc1ec5e4 => x8=0x43516e7c
[07:17:15 984][libtiny.so 0x189c8c] [20011fd6] 0x40189c8c: "br x9" x9=0x40193450
[07:17:15 984][libtiny.so 0x193450] [69188792] 0x40193450: "movn x9, #0x38c3" x9=0x40193450 => x9=0xffffffffffffc73c
[07:17:15 984][libtiny.so 0x193454] [e998bff2] 0x40193454: "movk x9, #0xfcc7, lsl #16" x9=0xffffffffffffc73c => x9=0xfffffffffcc7c73c
[07:17:15 984][libtiny.so 0x193458] [0801098b] 0x40193458: "add x8, x8, x9" x8=0x43516e7c x9=0xfffffffffcc7c73c => x8=0x401935b8
[07:17:15 984][libtiny.so 0x19345c] [00011fd6] 0x4019345c: "br x8" x8=0x401935b8
[07:17:15 985][libtiny.so 0x1935b8] [890d8a52] 0x401935b8: "movz w9, #0x506c" w9=0xfcc7c73c => w9=0x506c
[07:17:15 985][libtiny.so 0x1935bc] [cafffff0] 0x401935bc: "adrp x10, #0x4018e000" => x10=0x4018e000
[07:17:15 985][libtiny.so 0x1935c0] [882c00d0] 0x401935c0: "adrp x8, #0x40725000" => x8=0x40725000
[07:17:15 985][libtiny.so 0x1935c4] [69f1a072] 0x401935c4: "movk w9, #0x78b, lsl #16" w9=0x506c => w9=0x78b506c
[07:17:15 985][libtiny.so 0x1935c8] [4a012191] 0x401935c8: "add x10, x10, #0x840" x10=0x4018e000 => x10=0x4018e840
[07:17:15 986][libtiny.so 0x1935cc] [084543f9] 0x401935cc: "ldr x8, [x8, #0x688]" ; mem[READ] abs=0x40725688 x8=0x40725000 => x8=0x43ee60a4
[07:17:15 986][libtiny.so 0x1935d0] [4201098b] 0x401935d0: "add x2, x10, x9" x10=0x4018e840 x9=0x78b506c => x2=0x47a438ac
[07:17:15 986][libtiny.so 0x1935d4] [4901024b] 0x401935d4: "sub w9, w10, w2" w10=0x4018e840 w2=0x47a438ac => w9=0xf874af94
[07:17:15 986][libtiny.so 0x1935d8] [0ad68652] 0x401935d8: "movz w10, #0x36b0" w10=0x4018e840 => w10=0x36b0
[07:17:15 986][libtiny.so 0x1935dc] [aa76a072] 0x401935dc: "movk w10, #0x3b5, lsl #16" w10=0x36b0 => w10=0x3b536b0
[07:17:15 987][libtiny.so 0x1935e0] [29010a0b] 0x401935e0: "add w9, w9, w10" w9=0xf874af94 w10=0x3b536b0 => w9=0xfc29e644
[07:17:15 987][libtiny.so 0x1935e4] [08c1298b] 0x401935e4: "add x8, x8, w9, sxtw" x8=0x43ee60a4 w9=0xfc29e644 => x8=0x401846e8
[07:17:15 987][libtiny.so 0x1935e8] [00011fd6] 0x401935e8: "br x8" x8=0x401846e8
[07:17:15 987][libtiny.so 0x1846e8] [082d00b0] 0x401846e8: "adrp x8, #0x40725000" => x8=0x40725000
[07:17:15 988][libtiny.so 0x1846ec] [084143f9] 0x401846ec: "ldr x8, [x8, #0x680]" ; mem[READ] abs=0x40725680 x8=0x40725000 => x8=0x43208c80
[07:17:15 988][libtiny.so 0x1846f0] [ea899492] 0x401846f0: "movn x10, #0xa44f" x10=0x3b536b0 => x10=0xffffffffffff5bb0
[07:17:15 988][libtiny.so 0x1846f4] [69b58092] 0x401846f4: "movn x9, #0x5ab" x9=0xfc29e644 => x9=0xfffffffffffffa54
[07:17:15 988][libtiny.so 0x1846f8] [0a9fbff2] 0x401846f8: "movk x10, #0xfcf8, lsl #16" x10=0xffffffffffff5bb0 => x10=0xfffffffffcf85bb0
[07:17:15 988][libtiny.so 0x1846fc] [c981bff2] 0x401846fc: "movk x9, #0xfc0e, lsl #16" x9=0xfffffffffffffa54 => x9=0xfffffffffc0efa54
[07:17:15 988][libtiny.so 0x184700] [08010a8b] 0x40184700: "add x8, x8, x10" x8=0x43208c80 x10=0xfffffffffcf85bb0 => x8=0x4018e830
[07:17:15 989][libtiny.so 0x184704] [4200098b] 0x40184704: "add x2, x2, x9" x2=0x47a438ac x9=0xfffffffffc0efa54 => x2=0x43b33300
[07:17:15 989][libtiny.so 0x184708] [00011fd6] 0x40184708: "br x8" x8=0x4018e830
[07:17:15 989][libtiny.so 0x18e830] [e8578992] 0x4018e830: "movn x8, #0x4abf" x8=0x4018e830 => x8=0xffffffffffffb540
[07:17:15 989][libtiny.so 0x18e834] [a88cbff2] 0x4018e834: "movk x8, #0xfc65, lsl #16" x8=0xffffffffffffb540 => x8=0xfffffffffc65b540
[07:17:15 989][libtiny.so 0x18e838] [4800088b] 0x4018e838: "add x8, x2, x8" x2=0x43b33300 x8=0xfffffffffc65b540 => x8=0x4018e840
[07:17:15 989][libtiny.so 0x18e83c] [00011fd6] 0x4018e83c: "br x8" x8=0x4018e840
[07:17:15 990][libtiny.so 0x18e840] [68e240f9] 0x4018e840: "ldr x8, [x19, #0x1c0]" ; mem[READ] abs=0xbfffc5a0 x19=0xbfffc3e0 => x8=0xbfffbf80
[07:17:15 990][libtiny.so 0x18e844] [6afffff0] 0x4018e844: "adrp x10, #0x4017d000" => x10=0x4017d000
[07:17:15 990][libtiny.so 0x18e848] [ab2c00f0] 0x4018e848: "adrp x11, #0x40725000" => x11=0x40725000
[07:17:15 990][libtiny.so 0x18e84c] [4a210891] 0x4018e84c: "add x10, x10, #0x208" x10=0x4017d000 => x10=0x4017d208
[07:17:15 990][libtiny.so 0x18e850] [68ce0df9] 0x4018e850: "str x8, [x19, #0x1b98]" ; mem[WRITE] abs=0xbfffdf78 x8=0xbfffbf80 x19=0xbfffc3e0 => x8=0xbfffbf80
[07:17:15 991][libtiny.so 0x18e854] [68ca4df9] 0x4018e854: "ldr x8, [x19, #0x1b90]" ; mem[READ] abs=0xbfffdf70 x19=0xbfffc3e0 => x8=0x0
[07:17:15 991][libtiny.so 0x18e858] [69ce4df9] 0x4018e858: "ldr x9, [x19, #0x1b98]" ; mem[READ] abs=0xbfffdf78 x19=0xbfffc3e0 => x9=0xbfffbf80
[07:17:15 991][libtiny.so 0x18e85c] [0c0e8852] 0x4018e85c: "movz w12, #0x4070" w12=0xffb15a5c => w12=0x4070
[07:17:15 991][libtiny.so 0x18e860] [ac77a072] 0x4018e860: "movk w12, #0x3bd, lsl #16" w12=0x4070 => w12=0x3bd4070
[07:17:15 991][libtiny.so 0x18e864] [280100f9] 0x4018e864: "str x8, [x9]" ; mem[WRITE] abs=0xbfffbf80 x8=0x0 x9=0xbfffbf80 => x8=0x0
[07:17:15 991][libtiny.so 0x18e868] [68a64df9] 0x4018e868: "ldr x8, [x19, #0x1b48]" ; mem[READ] abs=0xbfffdf28 x19=0xbfffc3e0 => x8=0xfffe1640
[07:17:15 992][libtiny.so 0x18e86c] [89a49252] 0x4018e86c: "movz w9, #0x9524" w9=0xbfffbf80 => w9=0x9524
[07:17:15 992][libtiny.so 0x18e870] [69dfa072] 0x4018e870: "movk w9, #0x6fb, lsl #16" w9=0x9524 => w9=0x6fb9524
[07:17:15 992][libtiny.so 0x18e874] [6b4540f9] 0x4018e874: "ldr x11, [x11, #0x88]" ; mem[READ] abs=0x40725088 x11=0x40725000 => x11=0x435628cc
[07:17:15 992][libtiny.so 0x18e878] [080140f9] 0x4018e878: "ldr x8, [x8]" ; mem[READ] abs=0xfffe1640 x8=0xfffe1640 => x8=0xfffe0ef0
[07:17:15 992][libtiny.so 0x18e87c] [4901098b] 0x4018e87c: "add x9, x10, x9" x10=0x4017d208 x9=0x6fb9524 => x9=0x4713672c
[07:17:15 993][libtiny.so 0x18e880] [4a01094b] 0x4018e880: "sub w10, w10, w9" w10=0x4017d208 w9=0x4713672c => w10=0xf9046adc
[07:17:15 993][libtiny.so 0x18e884] [4a010c0b] 0x4018e884: "add w10, w10, w12" w10=0xf9046adc w12=0x3bd4070 => w10=0xfcc1ab4c
[07:17:15 993][libtiny.so 0x18e888] [08b542f9] 0x4018e888: "ldr x8, [x8, #0x568]" ; mem[READ] abs=0xfffe1458 x8=0xfffe0ef0 => x8=0xfffe0ab0
[07:17:15 993][libtiny.so 0x18e88c] [6ac12a8b] 0x4018e88c: "add x10, x11, w10, sxtw" x11=0x435628cc w10=0xfcc1ab4c => x10=0x4017d418
[07:17:15 993][libtiny.so 0x18e890] [68d20df9] 0x4018e890: "str x8, [x19, #0x1ba0]" ; mem[WRITE] abs=0xbfffdf80 x8=0xfffe0ab0 x19=0xbfffc3e0 => x8=0xfffe0ab0
[07:17:15 993][libtiny.so 0x18e894] [40011fd6] 0x4018e894: "br x10" x10=0x4017d418
[07:17:15 994][libtiny.so 0x17d418] [482d0090] 0x4017d418: "adrp x8, #0x40725000" => x8=0x40725000
[07:17:15 994][libtiny.so 0x17d41c] [084140f9] 0x4017d41c: "ldr x8, [x8, #0x80]" ; mem[READ] abs=0x40725080 x8=0x40725000 => x8=0x4383fdf0
[07:17:15 994][libtiny.so 0x17d420] [eb928592] 0x4017d420: "movn x11, #0x2c97" x11=0x435628cc => x11=0xffffffffffffd368
[07:17:15 994][libtiny.so 0x17d424] [6aba9a92] 0x4017d424: "movn x10, #0xd5d3" x10=0x4017d418 => x10=0xffffffffffff2a2c
[07:17:15 994][libtiny.so 0x17d428] [6b92bff2] 0x4017d428: "movk x11, #0xfc93, lsl #16" x11=0xffffffffffffd368 => x11=0xfffffffffc93d368
[07:17:15 995][libtiny.so 0x17d42c] [4a9abff2] 0x4017d42c: "movk x10, #0xfcd2, lsl #16" x10=0xffffffffffff2a2c => x10=0xfffffffffcd22a2c
[07:17:15 995][libtiny.so 0x17d430] [08010b8b] 0x4017d430: "add x8, x8, x11" x8=0x4383fdf0 x11=0xfffffffffc93d368 => x8=0x4017d158
[07:17:15 995][libtiny.so 0x17d434] [29010a8b] 0x4017d434: "add x9, x9, x10" x9=0x4713672c x10=0xfffffffffcd22a2c => x9=0x43e59158
[07:17:15 995][libtiny.so 0x17d438] [00011fd6] 0x4017d438: "br x8" x8=0x4017d158
[07:17:15 995][libtiny.so 0x17d158] [e8e99792] 0x4017d158: "movn x8, #0xbf4f" x8=0x4017d158 => x8=0xffffffffffff40b0
[07:17:15 995][libtiny.so 0x17d15c] [4886bff2] 0x4017d15c: "movk x8, #0xfc32, lsl #16" x8=0xffffffffffff40b0 => x8=0xfffffffffc3240b0
[07:17:15 996][libtiny.so 0x17d160] [2801088b] 0x4017d160: "add x8, x9, x8" x9=0x43e59158 x8=0xfffffffffc3240b0 => x8=0x4017d208
[07:17:15 996][libtiny.so 0x17d164] [00011fd6] 0x4017d164: "br x8" x8=0x4017d208
[07:17:15 996][libtiny.so 0x17d208] [68d24df9] 0x4017d208: "ldr x8, [x19, #0x1ba0]" ; mem[READ] abs=0xbfffdf80 x19=0xbfffc3e0 => x8=0xfffe0ab0
[07:17:15 996][libtiny.so 0x17d20c] [61d242a9] 0x4017d20c: "ldp x1, x20, [x19, #0x28]" ; mem[READ] abs=0xbfffc408 x1=0x3aefe5e5 x20=0x43f743d4 x19=0xbfffc3e0 => x1=0x3aefe5e5 x20=0xfffe1640
[07:17:15 996][libtiny.so 0x17d210] [82008052] 0x4017d210: "movz w2, #0x4" w2=0x43b33300 => w2=0x4
[07:17:15 996][libtiny.so 0x17d214] [e00314aa] 0x4017d214: "mov x0, x20" x20=0xfffe1640 => x0=0xfffe1640
[07:17:15 997][libtiny.so 0x17d218] [00013fd6] 0x4017d218: "blr x8" x8=0xfffe0ab0 => x30=0x4017d21c
[07:17:15 997][libtiny.so 0x17d21c] [60d60df9] 0x4017d21c: "str x0, [x19, #0x1ba8]" ; mem[WRITE] abs=0xbfffdf88 x0=0x1184ab05 x19=0xbfffc3e0 => x0=0x1184ab05
[07:17:15 997][libtiny.so 0x17d220] [68e640f9] 0x4017d220: "ldr x8, [x19, #0x1c8]" ; mem[READ] abs=0xbfffc5a8 x19=0xbfffc3e0 => x8=0xbfffbf60
[07:17:15 997][libtiny.so 0x17d224] [e10314aa] 0x4017d224: "mov x1, x20" x20=0xfffe1640 => x1=0xfffe1640
[07:17:15 997][libtiny.so 0x17d228] [68da0df9] 0x4017d228: "str x8, [x19, #0x1bb0]" ; mem[WRITE] abs=0xbfffdf90 x8=0xbfffbf60 x19=0xbfffc3e0 => x8=0xbfffbf60
[07:17:15 998][libtiny.so 0x17d22c] [68da4df9] 0x4017d22c: "ldr x8, [x19, #0x1bb0]" ; mem[READ] abs=0xbfffdf90 x19=0xbfffc3e0 => x8=0xbfffbf60
[07:17:15 998][libtiny.so 0x17d230] [60d640f9] 0x4017d230: "ldr x0, [x19, #0x1a8]" ; mem[READ] abs=0xbfffc588 x19=0xbfffc3e0 => x0=0xbfffbfb0
[07:17:15 998][libtiny.so 0x17d234] [68e640f9] 0x4017d234: "ldr x8, [x19, #0x1c8]" ; mem[READ] abs=0xbfffc5a8 x19=0xbfffc3e0 => x8=0xbfffbf60
[07:17:15 998][libtiny.so 0x17d238] [17040e94] 0x4017d238: "bl #0x404fe294"
[07:17:15 998][libtiny.so 0x4fe294] [ffc301d1] 0x404fe294: "sub sp, sp, #0x70" sp=0xbfffa400 => sp=0xbfffa390
[07:17:15 999][libtiny.so 0x4fe298] [fe6f02a9] 0x404fe298: "stp x30, x27, [sp, #0x20]" ; mem[WRITE] abs=0xbfffa3b0 x30=0x4017d23c x27=0x43964124 sp=0xbfffa390 => x30=0x4017d23c x27=0x43964124
[07:17:15 999][libtiny.so 0x4fe29c] [fa6703a9] 0x404fe29c: "stp x26, x25, [sp, #0x30]" ; mem[WRITE] abs=0xbfffa3c0 x26=0x43f743d4 x25=0x43f743d4 sp=0xbfffa390 => x26=0x43f743d4 x25=0x43f743d4
[07:17:15 999][libtiny.so 0x4fe2a0] [f85f04a9] 0x404fe2a0: "stp x24, x23, [sp, #0x40]" ; mem[WRITE] abs=0xbfffa3d0 x24=0x43f743d4 x23=0x43f743d4 sp=0xbfffa390 => x24=0x43f743d4 x23=0x43f743d4
[07:17:15 999][libtiny.so 0x4fe2a4] [f65705a9] 0x404fe2a4: "stp x22, x21, [sp, #0x50]" ; mem[WRITE] abs=0xbfffa3e0 x22=0x43f743d4 x21=0x43f743d4 sp=0xbfffa390 => x22=0x43f743d4 x21=0x43f743d4
[07:17:15 999][libtiny.so 0x4fe2a8] [f44f06a9] 0x404fe2a8: "stp x20, x19, [sp, #0x60]" ; mem[WRITE] abs=0xbfffa3f0 x20=0xfffe1640 x19=0xbfffc3e0 sp=0xbfffa390 => x20=0xfffe1640 x19=0xbfffc3e0
[07:17:16 000][libtiny.so 0x4fe2ac] [5ad03bd5] 0x404fe2ac: "mrs x26, tpidr_el0" x26=0x43f743d4 => x26=0xbffff718
[07:17:16 000][libtiny.so 0x4fe2b0] [491740f9] 0x404fe2b0: "ldr x9, [x26, #0x28]" ; mem[READ] abs=0xbffff740 x26=0xbffff718 => x9=0x0
[07:17:16 000][libtiny.so 0x4fe2b4] [f30308aa] 0x404fe2b4: "mov x19, x8" x8=0xbfffbf60 => x19=0xbfffbf60
[07:17:16 000][libtiny.so 0x4fe2b8] [e90f00f9] 0x404fe2b8: "str x9, [sp, #0x18]" ; mem[WRITE] abs=0xbfffa3a8 x9=0x0 sp=0xbfffa390 => x9=0x0
[07:17:16 000][libtiny.so 0x4fe2bc] [150040f9] 0x404fe2bc: "ldr x21, [x0]" ; mem[READ] abs=0xbfffbfb0 x0=0xbfffbfb0 => x21=0x7f552bd3
[07:17:16 000][libtiny.so 0x4fe2c0] [550300b4] 0x404fe2c0: "cbz x21, #0x404fe328" x21=0x7f552bd3
[07:17:16 001][libtiny.so 0x4fe2c4] [280040f9] 0x404fe2c4: "ldr x8, [x1]" ; mem[READ] abs=0xfffe1640 x1=0xfffe1640 => x8=0xfffe0ef0
[07:17:16 001][libtiny.so 0x4fe2c8] [f40301aa] 0x404fe2c8: "mov x20, x1" x1=0xfffe1640 => x20=0xfffe1640
[07:17:16 001][libtiny.so 0x4fe2cc] [e00301aa] 0x404fe2cc: "mov x0, x1" x1=0xfffe1640 => x0=0xfffe1640
[07:17:16 001][libtiny.so 0x4fe2d0] [e10315aa] 0x404fe2d0: "mov x1, x21" x21=0x7f552bd3 => x1=0x7f552bd3
[07:17:16 002][libtiny.so 0x4fe2d4] [08a542f9] 0x404fe2d4: "ldr x8, [x8, #0x548]" ; mem[READ] abs=0xfffe1438 x8=0xfffe0ef0 => x8=0xfffe0a70
[07:17:16 002][libtiny.so 0x4fe2d8] [e2031faa] 0x404fe2d8: "mov x2, xzr" => x2=0x0
[07:17:16 002][libtiny.so 0x4fe2dc] [00013fd6] 0x404fe2dc: "blr x8" x8=0xfffe0a70 => x30=0x404fe2e0
[07:17:16 003][libtiny.so 0x4fe2e0] [400200b4] 0x404fe2e0: "cbz x0, #0x404fe328" x0=0x407b5000
[07:17:16 003][libtiny.so 0x4fe2e4] [f60300aa] 0x404fe2e4: "mov x22, x0" x0=0x407b5000 => x22=0x407b5000
[07:17:16 003][libtiny.so 0x4fe2e8] [fb031faa] 0x404fe2e8: "mov x27, xzr" => x27=0x0
[07:17:16 003][libtiny.so 0x4fe2ec] [c86a7b38] 0x404fe2ec: "ldrb w8, [x22, x27]" ; mem[READ] abs=0x407b5000 x22=0x407b5000 x27=0x0 => w8=0x50
[07:17:16 003][libtiny.so 0x4fe2f0] [7b070091] 0x404fe2f0: "add x27, x27, #1" x27=0x0 => x27=0x1
[07:17:16 004][libtiny.so 0x4fe2f4] [c8ffff35] 0x404fe2f4: "cbnz w8, #0x404fe2ec" w8=0x50
[07:17:16 004][libtiny.so 0x4fe2ec] [c86a7b38] 0x404fe2ec: "ldrb w8, [x22, x27]" ; mem[READ] abs=0x407b5001 x22=0x407b5000 x27=0x1 => w8=0x4f
[07:17:16 004][libtiny.so 0x4fe2f0] [7b070091] 0x404fe2f0: "add x27, x27, #1" x27=0x1 => x27=0x2
[07:17:16 004][libtiny.so 0x4fe2f4] [c8ffff35] 0x404fe2f4: "cbnz w8, #0x404fe2ec" w8=0x4f
[07:17:16 004][libtiny.so 0x4fe2ec] [c86a7b38] 0x404fe2ec: "ldrb w8, [x22, x27]" ; mem[READ] abs=0x407b5002 x22=0x407b5000 x27=0x2 => w8=0x53
[07:17:16 004][libtiny.so 0x4fe2f0] [7b070091] 0x404fe2f0: "add x27, x27, #1" x27=0x2 => x27=0x3
[07:17:16 004][libtiny.so 0x4fe2f4] [c8ffff35] 0x404fe2f4: "cbnz w8, #0x404fe2ec" w8=0x53
[07:17:16 004][libtiny.so 0x4fe2ec] [c86a7b38] 0x404fe2ec: "ldrb w8, [x22, x27]" ; mem[READ] abs=0x407b5003 x22=0x407b5000 x27=0x3 => w8=0x54
[07:17:16 004][libtiny.so 0x4fe2f0] [7b070091] 0x404fe2f0: "add x27, x27, #1" x27=0x3 => x27=0x4
[07:17:16 004][libtiny.so 0x4fe2f4] [c8ffff35] 0x404fe2f4: "cbnz w8, #0x404fe2ec" w8=0x54
[07:17:16 004][libtiny.so 0x4fe2ec] [c86a7b38] 0x404fe2ec: "ldrb w8, [x22, x27]" ; mem[READ] abs=0x407b5004 x22=0x407b5000 x27=0x4 => w8=0x0
[07:17:16 004][libtiny.so 0x4fe2f0] [7b070091] 0x404fe2f0: "add x27, x27, #1" x27=0x4 => x27=0x5
[07:17:16 004][libtiny.so 0x4fe2f4] [c8ffff35] 0x404fe2f4: "cbnz w8, #0x404fe2ec" w8=0x0
[07:17:16 004][libtiny.so 0x4fe2f8] [770700d1] 0x404fe2f8: "sub x23, x27, #1" x27=0x5 => x23=0x4
[07:17:16 004][libtiny.so 0x4fe2fc] [ff4200b1] 0x404fe2fc: "cmn x23, #0x10" => nzcv=0x7ffe00000000 x23=0x4
[07:17:16 004][libtiny.so 0x4fe300] [e2050054] 0x404fe300: "b.hs #0x404fe3bc" nzcv=0x7ffe00000000
[07:17:16 005][libtiny.so 0x4fe304] [ff5e00f1] 0x404fe304: "cmp x23, #0x17" => nzcv=0x7ffe80000000 x23=0x4
[07:17:16 005][libtiny.so 0x4fe308] [42010054] 0x404fe308: "b.hs #0x404fe330" nzcv=0x7ffe80000000
[07:17:16 005][libtiny.so 0x4fe30c] [e9030091] 0x404fe30c: "mov x9, sp" sp=0xbfffa390 => x9=0xbfffa390
[07:17:16 005][libtiny.so 0x4fe310] [e87a1f53] 0x404fe310: "lsl w8, w23, #1" w8=0x0 w23=0x4 => w8=0x8
[07:17:16 005][libtiny.so 0x4fe314] [7f0700f1] 0x404fe314: "cmp x27, #1" => nzcv=0x7ffe20000000 x27=0x5
[07:17:16 005][libtiny.so 0x4fe318] [380140b2] 0x404fe318: "orr x24, x9, #1" x24=0x43f743d4 x9=0xbfffa390 => x24=0xbfffa391
[07:17:16 006][libtiny.so 0x4fe31c] [e8030039] 0x404fe31c: "strb w8, [sp]" ; mem[WRITE] abs=0xbfffa390 w8=0x8 sp=0xbfffa390 => w8=0x8
[07:17:16 006][libtiny.so 0x4fe320] [81010054] 0x404fe320: "b.ne #0x404fe350" nzcv=0x7ffe20000000
[07:17:16 006][libtiny.so 0x4fe350] [e00318aa] 0x404fe350: "mov x0, x24" x24=0xbfffa391 => x0=0xbfffa391
[07:17:16 006][libtiny.so 0x4fe354] [e10316aa] 0x404fe354: "mov x1, x22" x22=0x407b5000 => x1=0x407b5000
[07:17:16 006][libtiny.so 0x4fe358] [e20317aa] 0x404fe358: "mov x2, x23" x23=0x4 => x2=0x4
[07:17:16 006][libtiny.so 0x4fe35c] [8f100194] 0x404fe35c: "bl #0x40542598"
[07:17:16 007][libtiny.so 0x542598] [ff8300d1] 0x40542598: "sub sp, sp, #0x20" sp=0xbfffa390 => sp=0xbfffa370
[07:17:16 007][libtiny.so 0x54259c] [fe4f01a9] 0x4054259c: "stp x30, x19, [sp, #0x10]" ; mem[WRITE] abs=0xbfffa380 x30=0x404fe360 x19=0xbfffbf60 sp=0xbfffa370 => x30=0x404fe360 x19=0xbfffbf60
[07:17:16 007][libtiny.so 0x5425a0] [53d03bd5] 0x405425a0: "mrs x19, tpidr_el0" x19=0xbfffbf60 => x19=0xbffff718
[07:17:16 007][libtiny.so 0x5425a4] [681640f9] 0x405425a4: "ldr x8, [x19, #0x28]" ; mem[READ] abs=0xbffff740 x19=0xbffff718 => x8=0x0
[07:17:16 007][libtiny.so 0x5425a8] [e80700f9] 0x405425a8: "str x8, [sp, #8]" ; mem[WRITE] abs=0xbfffa378 x8=0x0 sp=0xbfffa370 => x8=0x0
[07:17:16 007][libtiny.so 0x5425ac] [e3feff97] 0x405425ac: "bl #0x40542138"
[07:17:16 008][libtiny.so 0x542138] [ff8300d1] 0x40542138: "sub sp, sp, #0x20" sp=0xbfffa370 => sp=0xbfffa350
[07:17:16 008][libtiny.so 0x54213c] [fe0b00f9] 0x4054213c: "str x30, [sp, #0x10]" ; mem[WRITE] abs=0xbfffa360 x30=0x405425b0 sp=0xbfffa350 => x30=0x405425b0
[07:17:16 008][libtiny.so 0x542140] [48d03bd5] 0x40542140: "mrs x8, tpidr_el0" x8=0x0 => x8=0xbffff718
[07:17:16 008][libtiny.so 0x542144] [091540f9] 0x40542144: "ldr x9, [x8, #0x28]" ; mem[READ] abs=0xbffff740 x8=0xbffff718 => x9=0x0
[07:17:16 008][libtiny.so 0x542148] [e90700f9] 0x40542148: "str x9, [sp, #8]" ; mem[WRITE] abs=0xbfffa358 x9=0x0 sp=0xbfffa350 => x9=0x0
[07:17:16 008][libtiny.so 0x54214c] [c20600b4] 0x4054214c: "cbz x2, #0x40542224" x2=0x4
[07:17:16 009][libtiny.so 0x542150] [29044092] 0x40542150: "and x9, x1, #3" x1=0x407b5000 => x9=0x0
[07:17:16 009][libtiny.so 0x542154] [690100b4] 0x40542154: "cbz x9, #0x40542180" x9=0x0
[07:17:16 009][libtiny.so 0x542180] [e90300aa] 0x40542180: "mov x9, x0" x0=0xbfffa391 => x9=0xbfffa391
[07:17:16 009][libtiny.so 0x542184] [2a0540f2] 0x40542184: "ands x10, x9, #3" x9=0xbfffa391 => nzcv=0x7ffe00000000 x10=0x1
[07:17:16 009][libtiny.so 0x542188] [40050054] 0x40542188: "b.eq #0x40542230" nzcv=0x7ffe00000000
[07:17:16 010][libtiny.so 0x54218c] [5f8000f1] 0x4054218c: "cmp x2, #0x20" => nzcv=0x7ffe80000000 x2=0x4
[07:17:16 010][libtiny.so 0x542190] [c3090054] 0x40542190: "b.lo #0x405422c8" nzcv=0x7ffe80000000
[07:17:16 010][libtiny.so 0x5422c8] [22042037] 0x405422c8: "tbnz w2, #4, #0x4054234c" w2=0x4
[07:17:16 012][libtiny.so 0x5422cc] [82081837] 0x405422cc: "tbnz w2, #3, #0x405423dc" w2=0x4
[07:17:16 013][libtiny.so 0x5422d0] [e20a1037] 0x405422d0: "tbnz w2, #2, #0x4054242c" w2=0x4
[07:17:16 013][libtiny.so 0x54242c] [2a004039] 0x4054242c: "ldrb w10, [x1]" ; mem[READ] abs=0x407b5000 x1=0x407b5000 => w10=0x50
[07:17:16 014][libtiny.so 0x542430] [2b110091] 0x40542430: "add x11, x9, #4" x9=0xbfffa391 => x11=0xbfffa395
[07:17:16 014][libtiny.so 0x542434] [2a010039] 0x40542434: "strb w10, [x9]" ; mem[WRITE] abs=0xbfffa391 w10=0x50 x9=0xbfffa391 => w10=0x50
[07:17:16 014][libtiny.so 0x542438] [2a044039] 0x40542438: "ldrb w10, [x1, #1]" ; mem[READ] abs=0x407b5001 x1=0x407b5000 => w10=0x4f
[07:17:16 014][libtiny.so 0x54243c] [2a050039] 0x4054243c: "strb w10, [x9, #1]" ; mem[WRITE] abs=0xbfffa392 w10=0x4f x9=0xbfffa391 => w10=0x4f
[07:17:16 014][libtiny.so 0x542440] [2a084039] 0x40542440: "ldrb w10, [x1, #2]" ; mem[READ] abs=0x407b5002 x1=0x407b5000 => w10=0x53
[07:17:16 014][libtiny.so 0x542444] [2a090039] 0x40542444: "strb w10, [x9, #2]" ; mem[WRITE] abs=0xbfffa393 w10=0x53 x9=0xbfffa391 => w10=0x53
[07:17:16 014][libtiny.so 0x542448] [2a0c4039] 0x40542448: "ldrb w10, [x1, #3]" ; mem[READ] abs=0x407b5003 x1=0x407b5000 => w10=0x54
[07:17:16 015][libtiny.so 0x54244c] [21100091] 0x4054244c: "add x1, x1, #4" x1=0x407b5000 => x1=0x407b5004
[07:17:16 015][libtiny.so 0x542450] [2a0d0039] 0x40542450: "strb w10, [x9, #3]" ; mem[WRITE] abs=0xbfffa394 w10=0x54 x9=0xbfffa391 => w10=0x54
[07:17:16 015][libtiny.so 0x542454] [e9030baa] 0x40542454: "mov x9, x11" x11=0xbfffa395 => x9=0xbfffa395
[07:17:16 015][libtiny.so 0x542458] [02f40f36] 0x40542458: "tbz w2, #1, #0x405422d8" w2=0x4
[07:17:16 015][libtiny.so 0x5422d8] [220d0037] 0x405422d8: "tbnz w2, #0, #0x4054247c" w2=0x4
[07:17:16 015][libtiny.so 0x5422dc] [a7000014] 0x405422dc: "b #0x40542578"
[07:17:16 017][libtiny.so 0x542578] [081540f9] 0x40542578: "ldr x8, [x8, #0x28]" ; mem[READ] abs=0xbffff740 x8=0xbffff718 => x8=0x0
[07:17:16 017][libtiny.so 0x54257c] [e90740f9] 0x4054257c: "ldr x9, [sp, #8]" ; mem[READ] abs=0xbfffa358 sp=0xbfffa350 => x9=0x0
[07:17:16 017][libtiny.so 0x542580] [1f0109eb] 0x40542580: "cmp x8, x9" x9=0x0 => nzcv=0x7ffe60000000 x8=0x0
[07:17:16 017][libtiny.so 0x542584] [81000054] 0x40542584: "b.ne #0x40542594" nzcv=0x7ffe60000000
[07:17:16 017][libtiny.so 0x542588] [fe0b40f9] 0x40542588: "ldr x30, [sp, #0x10]" ; mem[READ] abs=0xbfffa360 sp=0xbfffa350 => x30=0x405425b0
[07:17:16 017][libtiny.so 0x54258c] [ff830091] 0x4054258c: "add sp, sp, #0x20" sp=0xbfffa350 => sp=0xbfffa370
[07:17:16 018][libtiny.so 0x542590] [c0035fd6] 0x40542590: "ret"
[07:17:16 018][libtiny.so 0x5425b0] [681640f9] 0x405425b0: "ldr x8, [x19, #0x28]" ; mem[READ] abs=0xbffff740 x19=0xbffff718 => x8=0x0
[07:17:16 019][libtiny.so 0x5425b4] [e90740f9] 0x405425b4: "ldr x9, [sp, #8]" ; mem[READ] abs=0xbfffa378 sp=0xbfffa370 => x9=0x0
[07:17:16 019][libtiny.so 0x5425b8] [1f0109eb] 0x405425b8: "cmp x8, x9" x9=0x0 => nzcv=0x7ffe60000000 x8=0x0
[07:17:16 019][libtiny.so 0x5425bc] [81000054] 0x405425bc: "b.ne #0x405425cc" nzcv=0x7ffe60000000
[07:17:16 019][libtiny.so 0x5425c0] [fe4f41a9] 0x405425c0: "ldp x30, x19, [sp, #0x10]" ; mem[READ] abs=0xbfffa380 x30=0x405425b0 x19=0xbffff718 sp=0xbfffa370 => x30=0x404fe360 x19=0xbfffbf60
[07:17:16 019][libtiny.so 0x5425c4] [ff830091] 0x405425c4: "add sp, sp, #0x20" sp=0xbfffa370 => sp=0xbfffa390
[07:17:16 019][libtiny.so 0x5425c8] [c0035fd6] 0x405425c8: "ret"
[07:17:16 021][libtiny.so 0x4fe360] [08031b8b] 0x404fe360: "add x8, x24, x27" x24=0xbfffa391 x27=0x5 => x8=0xbfffa396
[07:17:16 021][libtiny.so 0x4fe364] [1ff11f38] 0x404fe364: "sturb wzr, [x8, #-1]" ; mem[WRITE] abs=0xbfffa395 x8=0xbfffa396
[07:17:16 021][libtiny.so 0x4fe368] [880240f9] 0x404fe368: "ldr x8, [x20]" ; mem[READ] abs=0xfffe1640 x20=0xfffe1640 => x8=0xfffe0ef0
[07:17:16 022][libtiny.so 0x4fe36c] [e00314aa] 0x404fe36c: "mov x0, x20" x20=0xfffe1640 => x0=0xfffe1640
[07:17:16 022][libtiny.so 0x4fe370] [e10315aa] 0x404fe370: "mov x1, x21" x21=0x7f552bd3 => x1=0x7f552bd3
[07:17:16 022][libtiny.so 0x4fe374] [e20316aa] 0x404fe374: "mov x2, x22" x22=0x407b5000 => x2=0x407b5000
[07:17:16 022][libtiny.so 0x4fe378] [08a942f9] 0x404fe378: "ldr x8, [x8, #0x550]" ; mem[READ] abs=0xfffe1440 x8=0xfffe0ef0 => x8=0xfffe0a80
[07:17:16 023][libtiny.so 0x4fe37c] [00013fd6] 0x404fe37c: "blr x8" x8=0xfffe0a80 => x30=0x404fe380
[07:17:16 023][libtiny.so 0x4fe380] [e80b40f9] 0x404fe380: "ldr x8, [sp, #0x10]" ; mem[READ] abs=0xbfffa3a0 sp=0xbfffa390 => x8=0xbffff6b0
[07:17:16 023][libtiny.so 0x4fe384] [e003c03d] 0x404fe384: "ldr q0, [sp]" ; mem[READ] abs=0xbfffa390 sp=0xbfffa390 => q0=0xbfffa39000000054534f5008
[07:17:16 034][libtiny.so 0x4fe388] [680a00f9] 0x404fe388: "str x8, [x19, #0x10]" ; mem[WRITE] abs=0xbfffbf70 x8=0xbffff6b0 x19=0xbfffbf60 => x8=0xbffff6b0
[07:17:16 035][libtiny.so 0x4fe38c] [6002803d] 0x404fe38c: "str q0, [x19]" ; mem[WRITE] abs=0xbfffbf60 q0=0xbfffa39000000054534f5008 x19=0xbfffbf60 => q0=0xbfffa39000000054534f5008
[07:17:16 036][libtiny.so 0x4fe390] [481740f9] 0x404fe390: "ldr x8, [x26, #0x28]" ; mem[READ] abs=0xbffff740 x26=0xbffff718 => x8=0x0
[07:17:16 036][libtiny.so 0x4fe394] [e90f40f9] 0x404fe394: "ldr x9, [sp, #0x18]" ; mem[READ] abs=0xbfffa3a8 sp=0xbfffa390 => x9=0x0
[07:17:16 036][libtiny.so 0x4fe398] [1f0109eb] 0x404fe398: "cmp x8, x9" x9=0x0 => nzcv=0x7ffe60000000 x8=0x0
[07:17:16 036][libtiny.so 0x4fe39c] [41010054] 0x404fe39c: "b.ne #0x404fe3c4" nzcv=0x60000000
[07:17:16 037][libtiny.so 0x4fe3a0] [f44f46a9] 0x404fe3a0: "ldp x20, x19, [sp, #0x60]" ; mem[READ] abs=0xbfffa3f0 x20=0xfffe1640 x19=0xbfffbf60 sp=0xbfffa390 => x20=0xfffe1640 x19=0xbfffc3e0
[07:17:16 037][libtiny.so 0x4fe3a4] [f65745a9] 0x404fe3a4: "ldp x22, x21, [sp, #0x50]" ; mem[READ] abs=0xbfffa3e0 x22=0x407b5000 x21=0x7f552bd3 sp=0xbfffa390 => x22=0x43f743d4 x21=0x43f743d4
[07:17:16 037][libtiny.so 0x4fe3a8] [f85f44a9] 0x404fe3a8: "ldp x24, x23, [sp, #0x40]" ; mem[READ] abs=0xbfffa3d0 x24=0xbfffa391 x23=0x4 sp=0xbfffa390 => x24=0x43f743d4 x23=0x43f743d4
[07:17:16 037][libtiny.so 0x4fe3ac] [fa6743a9] 0x404fe3ac: "ldp x26, x25, [sp, #0x30]" ; mem[READ] abs=0xbfffa3c0 x26=0xbffff718 x25=0x43f743d4 sp=0xbfffa390 => x26=0x43f743d4 x25=0x43f743d4
[07:17:16 037][libtiny.so 0x4fe3b0] [fe6f42a9] 0x404fe3b0: "ldp x30, x27, [sp, #0x20]" ; mem[READ] abs=0xbfffa3b0 x30=0x404fe380 x27=0x5 sp=0xbfffa390 => x30=0x4017d23c x27=0x43964124
[07:17:16 038][libtiny.so 0x4fe3b4] [ffc30191] 0x404fe3b4: "add sp, sp, #0x70" sp=0xbfffa390 => sp=0xbfffa400
[07:17:16 038][libtiny.so 0x4fe3b8] [c0035fd6] 0x404fe3b8: "ret"
[07:17:16 038][libtiny.so 0x17d23c] [68ea40f9] 0x4017d23c: "ldr x8, [x19, #0x1d0]" ; mem[READ] abs=0xbfffc5b0 x19=0xbfffc3e0 => x8=0xbfffbf40
[07:17:16 038][libtiny.so 0x17d240] [89099952] 0x4017d240: "movz w9, #0xc84c" w9=0x0 => w9=0xc84c
[07:17:16 039][libtiny.so 0x17d244] [ca0000d0] 0x4017d244: "adrp x10, #0x40197000" => x10=0x40197000
[07:17:16 039][libtiny.so 0x17d248] [6970a072] 0x4017d248: "movk w9, #0x383, lsl #16" w9=0xc84c => w9=0x383c84c
[07:17:16 039][libtiny.so 0x17d24c] [68de0df9] 0x4017d24c: "str x8, [x19, #0x1bb8]" ; mem[WRITE] abs=0xbfffdf98 x8=0xbfffbf40 x19=0xbfffc3e0 => x8=0xbfffbf40
[07:17:16 039][libtiny.so 0x17d250] [4a513691] 0x4017d250: "add x10, x10, #0xd94" x10=0x40197000 => x10=0x40197d94
[07:17:16 039][libtiny.so 0x17d254] [68de4df9] 0x4017d254: "ldr x8, [x19, #0x1bb8]" ; mem[READ] abs=0xbfffdf98 x19=0xbfffc3e0 => x8=0xbfffbf40
[07:17:16 039][libtiny.so 0x17d258] [4b2d0090] 0x4017d258: "adrp x11, #0x40725000" => x11=0x40725000
[07:17:16 040][libtiny.so 0x17d25c] [68da40f9] 0x4017d25c: "ldr x8, [x19, #0x1b0]" ; mem[READ] abs=0xbfffc590 x19=0xbfffc3e0 => x8=0xbfffbfa0
[07:17:16 040][libtiny.so 0x17d260] [6c2145f9] 0x4017d260: "ldr x12, [x11, #0xa40]" ; mem[READ] abs=0x40725a40 x11=0x40725000 => x12=0x4328d55c
[07:17:16 040][libtiny.so 0x17d264] [4b01098b] 0x4017d264: "add x11, x10, x9" x10=0x40197d94 x9=0x383c84c => x11=0x439d45e0
[07:17:16 040][libtiny.so 0x17d268] [49010b4b] 0x4017d268: "sub w9, w10, w11" w10=0x40197d94 w11=0x439d45e0 => w9=0xfc7c37b4
[07:17:16 041][libtiny.so 0x17d26c] [8a0e8e52] 0x4017d26c: "movz w10, #0x7074" w10=0x40197d94 => w10=0x7074
[07:17:16 041][libtiny.so 0x17d270] [8a0ea072] 0x4017d270: "movk w10, #0x74, lsl #16" w10=0x7074 => w10=0x747074
[07:17:16 041][libtiny.so 0x17d274] [29010a0b] 0x4017d274: "add w9, w9, w10" w9=0xfc7c37b4 w10=0x747074 => w9=0xfcf0a828
[07:17:16 042][libtiny.so 0x17d278] [89c1298b] 0x4017d278: "add x9, x12, w9, sxtw" x12=0x4328d55c w9=0xfcf0a828 => x9=0x40197d84
[07:17:16 042][libtiny.so 0x17d27c] [68e20df9] 0x4017d27c: "str x8, [x19, #0x1bc0]" ; mem[WRITE] abs=0xbfffdfa0 x8=0xbfffbfa0 x19=0xbfffc3e0 => x8=0xbfffbfa0
[07:17:16 042][libtiny.so 0x17d280] [20011fd6] 0x4017d280: "br x9" x9=0x40197d84
[07:17:16 042][libtiny.so 0x197d84] [68099992] 0x40197d84: "movn x8, #0xc84b" x8=0xbfffbfa0 => x8=0xffffffffffff37b4
[07:17:16 043][libtiny.so 0x197d88] [888fbff2] 0x40197d88: "movk x8, #0xfc7c, lsl #16" x8=0xffffffffffff37b4 => x8=0xfffffffffc7c37b4
[07:17:16 043][libtiny.so 0x197d8c] [6801088b] 0x40197d8c: "add x8, x11, x8" x11=0x439d45e0 x8=0xfffffffffc7c37b4 => x8=0x40197d94
[07:17:16 043][libtiny.so 0x197d90] [00011fd6] 0x40197d90: "br x8" x8=0x40197d94
[07:17:16 043][libtiny.so 0x197d94] [68ea40f9] 0x40197d94: "ldr x8, [x19, #0x1d0]" ; mem[READ] abs=0xbfffc5b0 x19=0xbfffc3e0 => x8=0xbfffbf40
[07:17:16 044][libtiny.so 0x197d98] [60e24df9] 0x40197d98: "ldr x0, [x19, #0x1bc0]" ; mem[READ] abs=0xbfffdfa0 x19=0xbfffc3e0 => x0=0xbfffbfa0
[07:17:16 044][libtiny.so 0x197d9c] [741a40f9] 0x40197d9c: "ldr x20, [x19, #0x30]" ; mem[READ] abs=0xbfffc410 x19=0xbfffc3e0 => x20=0xfffe1640
[07:17:16 044][libtiny.so 0x197da0] [e10314aa] 0x40197da0: "mov x1, x20" x20=0xfffe1640 => x1=0xfffe1640
[07:17:16 045][libtiny.so 0x197da4] [3c990d94] 0x40197da4: "bl #0x404fe294"
[07:17:16 045][libtiny.so 0x4fe294] [ffc301d1] 0x404fe294: "sub sp, sp, #0x70" sp=0xbfffa400 => sp=0xbfffa390
[07:17:16 045][libtiny.so 0x4fe298] [fe6f02a9] 0x404fe298: "stp x30, x27, [sp, #0x20]" ; mem[WRITE] abs=0xbfffa3b0 x30=0x40197da8 x27=0x43964124 sp=0xbfffa390 => x30=0x40197da8 x27=0x43964124
[07:17:16 045][libtiny.so 0x4fe29c] [fa6703a9] 0x404fe29c: "stp x26, x25, [sp, #0x30]" ; mem[WRITE] abs=0xbfffa3c0 x26=0x43f743d4 x25=0x43f743d4 sp=0xbfffa390 => x26=0x43f743d4 x25=0x43f743d4
[07:17:16 045][libtiny.so 0x4fe2a0] [f85f04a9] 0x404fe2a0: "stp x24, x23, [sp, #0x40]" ; mem[WRITE] abs=0xbfffa3d0 x24=0x43f743d4 x23=0x43f743d4 sp=0xbfffa390 => x24=0x43f743d4 x23=0x43f743d4
[07:17:16 045][libtiny.so 0x4fe2a4] [f65705a9] 0x404fe2a4: "stp x22, x21, [sp, #0x50]" ; mem[WRITE] abs=0xbfffa3e0 x22=0x43f743d4 x21=0x43f743d4 sp=0xbfffa390 => x22=0x43f743d4 x21=0x43f743d4
[07:17:16 045][libtiny.so 0x4fe2a8] [f44f06a9] 0x404fe2a8: "stp x20, x19, [sp, #0x60]" ; mem[WRITE] abs=0xbfffa3f0 x20=0xfffe1640 x19=0xbfffc3e0 sp=0xbfffa390 => x20=0xfffe1640 x19=0xbfffc3e0
[07:17:16 045][libtiny.so 0x4fe2ac] [5ad03bd5] 0x404fe2ac: "mrs x26, tpidr_el0" x26=0x43f743d4 => x26=0xbffff718
[07:17:16 045][libtiny.so 0x4fe2b0] [491740f9] 0x404fe2b0: "ldr x9, [x26, #0x28]" ; mem[READ] abs=0xbffff740 x26=0xbffff718 => x9=0x0
[07:17:16 045][libtiny.so 0x4fe2b4] [f30308aa] 0x404fe2b4: "mov x19, x8" x8=0xbfffbf40 => x19=0xbfffbf40
[07:17:16 045][libtiny.so 0x4fe2b8] [e90f00f9] 0x404fe2b8: "str x9, [sp, #0x18]" ; mem[WRITE] abs=0xbfffa3a8 x9=0x0 sp=0xbfffa390 => x9=0x0
[07:17:16 045][libtiny.so 0x4fe2bc] [150040f9] 0x404fe2bc: "ldr x21, [x0]" ; mem[READ] abs=0xbfffbfa0 x0=0xbfffbfa0 => x21=0x3c22fc4c
[07:17:16 045][libtiny.so 0x4fe2c0] [550300b4] 0x404fe2c0: "cbz x21, #0x404fe328" x21=0x3c22fc4c
[07:17:16 045][libtiny.so 0x4fe2c4] [280040f9] 0x404fe2c4: "ldr x8, [x1]" ; mem[READ] abs=0xfffe1640 x1=0xfffe1640 => x8=0xfffe0ef0
[07:17:16 045][libtiny.so 0x4fe2c8] [f40301aa] 0x404fe2c8: "mov x20, x1" x1=0xfffe1640 => x20=0xfffe1640
[07:17:16 045][libtiny.so 0x4fe2cc] [e00301aa] 0x404fe2cc: "mov x0, x1" x1=0xfffe1640 => x0=0xfffe1640
[07:17:16 045][libtiny.so 0x4fe2d0] [e10315aa] 0x404fe2d0: "mov x1, x21" x21=0x3c22fc4c => x1=0x3c22fc4c
[07:17:16 045][libtiny.so 0x4fe2d4] [08a542f9] 0x404fe2d4: "ldr x8, [x8, #0x548]" ; mem[READ] abs=0xfffe1438 x8=0xfffe0ef0 => x8=0xfffe0a70
[07:17:16 045][libtiny.so 0x4fe2d8] [e2031faa] 0x404fe2d8: "mov x2, xzr" => x2=0x0
[07:17:16 045][libtiny.so 0x4fe2dc] [00013fd6] 0x404fe2dc: "blr x8" x8=0xfffe0a70 => x30=0x404fe2e0
[07:17:16 046][libtiny.so 0x4fe2e0] [400200b4] 0x404fe2e0: "cbz x0, #0x404fe328" x0=0x407b5000
[07:17:16 046][libtiny.so 0x4fe2e4] [f60300aa] 0x404fe2e4: "mov x22, x0" x0=0x407b5000 => x22=0x407b5000
[07:17:16 046][libtiny.so 0x4fe2e8] [fb031faa] 0x404fe2e8: "mov x27, xzr" => x27=0x0
[07:17:16 046][libtiny.so 0x4fe2ec] [c86a7b38] 0x404fe2ec: "ldrb w8, [x22, x27]" ; mem[READ] abs=0x407b5000 x22=0x407b5000 x27=0x0 => w8=0x61
[07:17:16 046][libtiny.so 0x4fe2f0] [7b070091] 0x404fe2f0: "add x27, x27, #1" x27=0x0 => x27=0x1
[07:17:16 046][libtiny.so 0x4fe2f4] [c8ffff35] 0x404fe2f4: "cbnz w8, #0x404fe2ec" w8=0x61
[07:17:16 046][libtiny.so 0x4fe2ec] [c86a7b38] 0x404fe2ec: "ldrb w8, [x22, x27]" ; mem[READ] abs=0x407b5001 x22=0x407b5000 x27=0x1 => w8=0x73
[07:17:16 046][libtiny.so 0x4fe2f0] [7b070091] 0x404fe2f0: "add x27, x27, #1" x27=0x1 => x27=0x2
[07:17:16 046][libtiny.so 0x4fe2f4] [c8ffff35] 0x404fe2f4: "cbnz w8, #0x404fe2ec" w8=0x73
[07:17:16 046][libtiny.so 0x4fe2ec] [c86a7b38] 0x404fe2ec: "ldrb w8, [x22, x27]" ; mem[READ] abs=0x407b5002 x22=0x407b5000 x27=0x2 => w8=0x2e
[07:17:16 046][libtiny.so 0x4fe2f0] [7b070091] 0x404fe2f0: "add x27, x27, #1" x27=0x2 => x27=0x3
[07:17:16 046][libtiny.so 0x4fe2f4] [c8ffff35] 0x404fe2f4: "cbnz w8, #0x404fe2ec" w8=0x2e
[07:17:16 046][libtiny.so 0x4fe2ec] [c86a7b38] 0x404fe2ec: "ldrb w8, [x22, x27]" ; mem[READ] abs=0x407b5003 x22=0x407b5000 x27=0x3 => w8=0x78
[07:17:16 046][libtiny.so 0x4fe2f0] [7b070091] 0x404fe2f0: "add x27, x27, #1" x27=0x3 => x27=0x4
[07:17:16 046][libtiny.so 0x4fe2f4] [c8ffff35] 0x404fe2f4: "cbnz w8, #0x404fe2ec" w8=0x78
[07:17:16 046][libtiny.so 0x4fe2ec] [c86a7b38] 0x404fe2ec: "ldrb w8, [x22, x27]" ; mem[READ] abs=0x407b5004 x22=0x407b5000 x27=0x4 => w8=0x69
[07:17:16 046][libtiny.so 0x4fe2f0] [7b070091] 0x404fe2f0: "add x27, x27, #1" x27=0x4 => x27=0x5
[07:17:16 046][libtiny.so 0x4fe2f4] [c8ffff35] 0x404fe2f4: "cbnz w8, #0x404fe2ec" w8=0x69
[07:17:16 046][libtiny.so 0x4fe2ec] [c86a7b38] 0x404fe2ec: "ldrb w8, [x22, x27]" ; mem[READ] abs=0x407b5005 x22=0x407b5000 x27=0x5 => w8=0x61
[07:17:16 046][libtiny.so 0x4fe2f0] [7b070091] 0x404fe2f0: "add x27, x27, #1" x27=0x5 => x27=0x6
[07:17:16 046][libtiny.so 0x4fe2f4] [c8ffff35] 0x404fe2f4: "cbnz w8, #0x404fe2ec" w8=0x61
[07:17:16 046][libtiny.so 0x4fe2ec] [c86a7b38] 0x404fe2ec: "ldrb w8, [x22, x27]" ; mem[READ] abs=0x407b5006 x22=0x407b5000 x27=0x6 => w8=0x6f
[07:17:16 046][libtiny.so 0x4fe2f0] [7b070091] 0x404fe2f0: "add x27, x27, #1" x27=0x6 => x27=0x7
[07:17:16 046][libtiny.so 0x4fe2f4] [c8ffff35] 0x404fe2f4: "cbnz w8, #0x404fe2ec" w8=0x6f
[07:17:16 046][libtiny.so 0x4fe2ec] [c86a7b38] 0x404fe2ec: "ldrb w8, [x22, x27]" ; mem[READ] abs=0x407b5007 x22=0x407b5000 x27=0x7 => w8=0x68
[07:17:16 046][libtiny.so 0x4fe2f0] [7b070091] 0x404fe2f0: "add x27, x27, #1" x27=0x7 => x27=0x8
[07:17:16 046][libtiny.so 0x4fe2f4] [c8ffff35] 0x404fe2f4: "cbnz w8, #0x404fe2ec" w8=0x68
[07:17:16 046][libtiny.so 0x4fe2ec] [c86a7b38] 0x404fe2ec: "ldrb w8, [x22, x27]" ; mem[READ] abs=0x407b5008 x22=0x407b5000 x27=0x8 => w8=0x6f
[07:17:16 046][libtiny.so 0x4fe2f0] [7b070091] 0x404fe2f0: "add x27, x27, #1" x27=0x8 => x27=0x9
[07:17:16 046][libtiny.so 0x4fe2f4] [c8ffff35] 0x404fe2f4: "cbnz w8, #0x404fe2ec" w8=0x6f
[07:17:16 046][libtiny.so 0x4fe2ec] [c86a7b38] 0x404fe2ec: "ldrb w8, [x22, x27]" ; mem[READ] abs=0x407b5009 x22=0x407b5000 x27=0x9 => w8=0x6e
[07:17:16 046][libtiny.so 0x4fe2f0] [7b070091] 0x404fe2f0: "add x27, x27, #1" x27=0x9 => x27=0xa
[07:17:16 046][libtiny.so 0x4fe2f4] [c8ffff35] 0x404fe2f4: "cbnz w8, #0x404fe2ec" w8=0x6e
[07:17:16 046][libtiny.so 0x4fe2ec] [c86a7b38] 0x404fe2ec: "ldrb w8, [x22, x27]" ; mem[READ] abs=0x407b500a x22=0x407b5000 x27=0xa => w8=0x67
[07:17:16 046][libtiny.so 0x4fe2f0] [7b070091] 0x404fe2f0: "add x27, x27, #1" x27=0xa => x27=0xb
[07:17:16 046][libtiny.so 0x4fe2f4] [c8ffff35] 0x404fe2f4: "cbnz w8, #0x404fe2ec" w8=0x67
[07:17:16 046][libtiny.so 0x4fe2ec] [c86a7b38] 0x404fe2ec: "ldrb w8, [x22, x27]" ; mem[READ] abs=0x407b500b x22=0x407b5000 x27=0xb => w8=0x73
[07:17:16 046][libtiny.so 0x4fe2f0] [7b070091] 0x404fe2f0: "add x27, x27, #1" x27=0xb => x27=0xc
[07:17:16 046][libtiny.so 0x4fe2f4] [c8ffff35] 0x404fe2f4: "cbnz w8, #0x404fe2ec" w8=0x73
[07:17:16 046][libtiny.so 0x4fe2ec] [c86a7b38] 0x404fe2ec: "ldrb w8, [x22, x27]" ; mem[READ] abs=0x407b500c x22=0x407b5000 x27=0xc => w8=0x68
[07:17:16 046][libtiny.so 0x4fe2f0] [7b070091] 0x404fe2f0: "add x27, x27, #1" x27=0xc => x27=0xd
[07:17:16 046][libtiny.so 0x4fe2f4] [c8ffff35] 0x404fe2f4: "cbnz w8, #0x404fe2ec" w8=0x68
[07:17:16 046][libtiny.so 0x4fe2ec] [c86a7b38] 0x404fe2ec: "ldrb w8, [x22, x27]" ; mem[READ] abs=0x407b500d x22=0x407b5000 x27=0xd => w8=0x75
[07:17:16 046][libtiny.so 0x4fe2f0] [7b070091] 0x404fe2f0: "add x27, x27, #1" x27=0xd => x27=0xe
[07:17:16 046][libtiny.so 0x4fe2f4] [c8ffff35] 0x404fe2f4: "cbnz w8, #0x404fe2ec" w8=0x75
[07:17:16 046][libtiny.so 0x4fe2ec] [c86a7b38] 0x404fe2ec: "ldrb w8, [x22, x27]" ; mem[READ] abs=0x407b500e x22=0x407b5000 x27=0xe => w8=0x2e
[07:17:16 046][libtiny.so 0x4fe2f0] [7b070091] 0x404fe2f0: "add x27, x27, #1" x27=0xe => x27=0xf
[07:17:16 046][libtiny.so 0x4fe2f4] [c8ffff35] 0x404fe2f4: "cbnz w8, #0x404fe2ec" w8=0x2e
[07:17:16 046][libtiny.so 0x4fe2ec] [c86a7b38] 0x404fe2ec: "ldrb w8, [x22, x27]" ; mem[READ] abs=0x407b500f x22=0x407b5000 x27=0xf => w8=0x63
[07:17:16 046][libtiny.so 0x4fe2f0] [7b070091] 0x404fe2f0: "add x27, x27, #1" x27=0xf => x27=0x10
[07:17:16 046][libtiny.so 0x4fe2f4] [c8ffff35] 0x404fe2f4: "cbnz w8, #0x404fe2ec" w8=0x63
[07:17:16 046][libtiny.so 0x4fe2ec] [c86a7b38] 0x404fe2ec: "ldrb w8, [x22, x27]" ; mem[READ] abs=0x407b5010 x22=0x407b5000 x27=0x10 => w8=0x6f
[07:17:16 047][libtiny.so 0x4fe2f0] [7b070091] 0x404fe2f0: "add x27, x27, #1" x27=0x10 => x27=0x11
[07:17:16 047][libtiny.so 0x4fe2f4] [c8ffff35] 0x404fe2f4: "cbnz w8, #0x404fe2ec" w8=0x6f
[07:17:16 047][libtiny.so 0x4fe2ec] [c86a7b38] 0x404fe2ec: "ldrb w8, [x22, x27]" ; mem[READ] abs=0x407b5011 x22=0x407b5000 x27=0x11 => w8=0x6d
[07:17:16 047][libtiny.so 0x4fe2f0] [7b070091] 0x404fe2f0: "add x27, x27, #1" x27=0x11 => x27=0x12
[07:17:16 047][libtiny.so 0x4fe2f4] [c8ffff35] 0x404fe2f4: "cbnz w8, #0x404fe2ec" w8=0x6d
[07:17:16 047][libtiny.so 0x4fe2ec] [c86a7b38] 0x404fe2ec: "ldrb w8, [x22, x27]" ; mem[READ] abs=0x407b5012 x22=0x407b5000 x27=0x12 => w8=0x0
[07:17:16 047][libtiny.so 0x4fe2f0] [7b070091] 0x404fe2f0: "add x27, x27, #1" x27=0x12 => x27=0x13
[07:17:16 047][libtiny.so 0x4fe2f4] [c8ffff35] 0x404fe2f4: "cbnz w8, #0x404fe2ec" w8=0x0
[07:17:16 047][libtiny.so 0x4fe2f8] [770700d1] 0x404fe2f8: "sub x23, x27, #1" x27=0x13 => x23=0x12
[07:17:16 047][libtiny.so 0x4fe2fc] [ff4200b1] 0x404fe2fc: "cmn x23, #0x10" => nzcv=0x0 x23=0x12
[07:17:16 047][libtiny.so 0x4fe300] [e2050054] 0x404fe300: "b.hs #0x404fe3bc" nzcv=0x0
[07:17:16 047][libtiny.so 0x4fe304] [ff5e00f1] 0x404fe304: "cmp x23, #0x17" => nzcv=0x80000000 x23=0x12
[07:17:16 047][libtiny.so 0x4fe308] [42010054] 0x404fe308: "b.hs #0x404fe330" nzcv=0x80000000
[07:17:16 047][libtiny.so 0x4fe30c] [e9030091] 0x404fe30c: "mov x9, sp" sp=0xbfffa390 => x9=0xbfffa390
[07:17:16 047][libtiny.so 0x4fe310] [e87a1f53] 0x404fe310: "lsl w8, w23, #1" w8=0x0 w23=0x12 => w8=0x24
[07:17:16 047][libtiny.so 0x4fe314] [7f0700f1] 0x404fe314: "cmp x27, #1" => nzcv=0x20000000 x27=0x13
[07:17:16 047][libtiny.so 0x4fe318] [380140b2] 0x404fe318: "orr x24, x9, #1" x24=0x43f743d4 x9=0xbfffa390 => x24=0xbfffa391
[07:17:16 047][libtiny.so 0x4fe31c] [e8030039] 0x404fe31c: "strb w8, [sp]" ; mem[WRITE] abs=0xbfffa390 w8=0x24 sp=0xbfffa390 => w8=0x24
[07:17:16 047][libtiny.so 0x4fe320] [81010054] 0x404fe320: "b.ne #0x404fe350" nzcv=0x20000000
[07:17:16 047][libtiny.so 0x4fe350] [e00318aa] 0x404fe350: "mov x0, x24" x24=0xbfffa391 => x0=0xbfffa391
[07:17:16 047][libtiny.so 0x4fe354] [e10316aa] 0x404fe354: "mov x1, x22" x22=0x407b5000 => x1=0x407b5000
[07:17:16 047][libtiny.so 0x4fe358] [e20317aa] 0x404fe358: "mov x2, x23" x23=0x12 => x2=0x12
[07:17:16 047][libtiny.so 0x4fe35c] [8f100194] 0x404fe35c: "bl #0x40542598"
[07:17:16 047][libtiny.so 0x542598] [ff8300d1] 0x40542598: "sub sp, sp, #0x20" sp=0xbfffa390 => sp=0xbfffa370
[07:17:16 047][libtiny.so 0x54259c] [fe4f01a9] 0x4054259c: "stp x30, x19, [sp, #0x10]" ; mem[WRITE] abs=0xbfffa380 x30=0x404fe360 x19=0xbfffbf40 sp=0xbfffa370 => x30=0x404fe360 x19=0xbfffbf40
[07:17:16 047][libtiny.so 0x5425a0] [53d03bd5] 0x405425a0: "mrs x19, tpidr_el0" x19=0xbfffbf40 => x19=0xbffff718
[07:17:16 047][libtiny.so 0x5425a4] [681640f9] 0x405425a4: "ldr x8, [x19, #0x28]" ; mem[READ] abs=0xbffff740 x19=0xbffff718 => x8=0x0
[07:17:16 047][libtiny.so 0x5425a8] [e80700f9] 0x405425a8: "str x8, [sp, #8]" ; mem[WRITE] abs=0xbfffa378 x8=0x0 sp=0xbfffa370 => x8=0x0
[07:17:16 047][libtiny.so 0x5425ac] [e3feff97] 0x405425ac: "bl #0x40542138"
[07:17:16 047][libtiny.so 0x542138] [ff8300d1] 0x40542138: "sub sp, sp, #0x20" sp=0xbfffa370 => sp=0xbfffa350
[07:17:16 047][libtiny.so 0x54213c] [fe0b00f9] 0x4054213c: "str x30, [sp, #0x10]" ; mem[WRITE] abs=0xbfffa360 x30=0x405425b0 sp=0xbfffa350 => x30=0x405425b0
[07:17:16 047][libtiny.so 0x542140] [48d03bd5] 0x40542140: "mrs x8, tpidr_el0" x8=0x0 => x8=0xbffff718
[07:17:16 047][libtiny.so 0x542144] [091540f9] 0x40542144: "ldr x9, [x8, #0x28]" ; mem[READ] abs=0xbffff740 x8=0xbffff718 => x9=0x0
[07:17:16 047][libtiny.so 0x542148] [e90700f9] 0x40542148: "str x9, [sp, #8]" ; mem[WRITE] abs=0xbfffa358 x9=0x0 sp=0xbfffa350 => x9=0x0
[07:17:16 047][libtiny.so 0x54214c] [c20600b4] 0x4054214c: "cbz x2, #0x40542224" x2=0x12
[07:17:16 047][libtiny.so 0x542150] [29044092] 0x40542150: "and x9, x1, #3" x1=0x407b5000 => x9=0x0
[07:17:16 047][libtiny.so 0x542154] [690100b4] 0x40542154: "cbz x9, #0x40542180" x9=0x0
[07:17:16 047][libtiny.so 0x542180] [e90300aa] 0x40542180: "mov x9, x0" x0=0xbfffa391 => x9=0xbfffa391
[07:17:16 047][libtiny.so 0x542184] [2a0540f2] 0x40542184: "ands x10, x9, #3" x9=0xbfffa391 => nzcv=0x0 x10=0x1
[07:17:16 047][libtiny.so 0x542188] [40050054] 0x40542188: "b.eq #0x40542230" nzcv=0x0
[07:17:16 047][libtiny.so 0x54218c] [5f8000f1] 0x4054218c: "cmp x2, #0x20" => nzcv=0x80000000 x2=0x12
[07:17:16 047][libtiny.so 0x542190] [c3090054] 0x40542190: "b.lo #0x405422c8" nzcv=0x80000000
[07:17:16 048][libtiny.so 0x5422c8] [22042037] 0x405422c8: "tbnz w2, #4, #0x4054234c" w2=0x12
[07:17:16 048][libtiny.so 0x54234c] [2a004039] 0x4054234c: "ldrb w10, [x1]" ; mem[READ] abs=0x407b5000 x1=0x407b5000 => w10=0x61
[07:17:16 048][libtiny.so 0x542350] [2b410091] 0x40542350: "add x11, x9, #0x10" x9=0xbfffa391 => x11=0xbfffa3a1
[07:17:16 049][libtiny.so 0x542354] [2a010039] 0x40542354: "strb w10, [x9]" ; mem[WRITE] abs=0xbfffa391 w10=0x61 x9=0xbfffa391 => w10=0x61
[07:17:16 049][libtiny.so 0x542358] [2a044039] 0x40542358: "ldrb w10, [x1, #1]" ; mem[READ] abs=0x407b5001 x1=0x407b5000 => w10=0x73
[07:17:16 049][libtiny.so 0x54235c] [2a050039] 0x4054235c: "strb w10, [x9, #1]" ; mem[WRITE] abs=0xbfffa392 w10=0x73 x9=0xbfffa391 => w10=0x73
[07:17:16 050][libtiny.so 0x542360] [2a084039] 0x40542360: "ldrb w10, [x1, #2]" ; mem[READ] abs=0x407b5002 x1=0x407b5000 => w10=0x2e
[07:17:16 050][libtiny.so 0x542364] [2a090039] 0x40542364: "strb w10, [x9, #2]" ; mem[WRITE] abs=0xbfffa393 w10=0x2e x9=0xbfffa391 => w10=0x2e
[07:17:16 050][libtiny.so 0x542368] [2a0c4039] 0x40542368: "ldrb w10, [x1, #3]" ; mem[READ] abs=0x407b5003 x1=0x407b5000 => w10=0x78
[07:17:16 050][libtiny.so 0x54236c] [2a0d0039] 0x4054236c: "strb w10, [x9, #3]" ; mem[WRITE] abs=0xbfffa394 w10=0x78 x9=0xbfffa391 => w10=0x78
[07:17:16 051][libtiny.so 0x542370] [2a104039] 0x40542370: "ldrb w10, [x1, #4]" ; mem[READ] abs=0x407b5004 x1=0x407b5000 => w10=0x69
[07:17:16 051][libtiny.so 0x542374] [2a110039] 0x40542374: "strb w10, [x9, #4]" ; mem[WRITE] abs=0xbfffa395 w10=0x69 x9=0xbfffa391 => w10=0x69
[07:17:16 051][libtiny.so 0x542378] [2a144039] 0x40542378: "ldrb w10, [x1, #5]" ; mem[READ] abs=0x407b5005 x1=0x407b5000 => w10=0x61
[07:17:16 051][libtiny.so 0x54237c] [2a150039] 0x4054237c: "strb w10, [x9, #5]" ; mem[WRITE] abs=0xbfffa396 w10=0x61 x9=0xbfffa391 => w10=0x61
[07:17:16 052][libtiny.so 0x542380] [2a184039] 0x40542380: "ldrb w10, [x1, #6]" ; mem[READ] abs=0x407b5006 x1=0x407b5000 => w10=0x6f
[07:17:16 052][libtiny.so 0x542384] [2a190039] 0x40542384: "strb w10, [x9, #6]" ; mem[WRITE] abs=0xbfffa397 w10=0x6f x9=0xbfffa391 => w10=0x6f
[07:17:16 052][libtiny.so 0x542388] [2a1c4039] 0x40542388: "ldrb w10, [x1, #7]" ; mem[READ] abs=0x407b5007 x1=0x407b5000 => w10=0x68
[07:17:16 053][libtiny.so 0x54238c] [2a1d0039] 0x4054238c: "strb w10, [x9, #7]" ; mem[WRITE] abs=0xbfffa398 w10=0x68 x9=0xbfffa391 => w10=0x68
[07:17:16 053][libtiny.so 0x542390] [2a204039] 0x40542390: "ldrb w10, [x1, #8]" ; mem[READ] abs=0x407b5008 x1=0x407b5000 => w10=0x6f
[07:17:16 053][libtiny.so 0x542394] [2a210039] 0x40542394: "strb w10, [x9, #8]" ; mem[WRITE] abs=0xbfffa399 w10=0x6f x9=0xbfffa391 => w10=0x6f
[07:17:16 054][libtiny.so 0x542398] [2a244039] 0x40542398: "ldrb w10, [x1, #9]" ; mem[READ] abs=0x407b5009 x1=0x407b5000 => w10=0x6e
[07:17:16 054][libtiny.so 0x54239c] [2a250039] 0x4054239c: "strb w10, [x9, #9]" ; mem[WRITE] abs=0xbfffa39a w10=0x6e x9=0xbfffa391 => w10=0x6e
[07:17:16 054][libtiny.so 0x5423a0] [2a284039] 0x405423a0: "ldrb w10, [x1, #0xa]" ; mem[READ] abs=0x407b500a x1=0x407b5000 => w10=0x67
[07:17:16 054][libtiny.so 0x5423a4] [2a290039] 0x405423a4: "strb w10, [x9, #0xa]" ; mem[WRITE] abs=0xbfffa39b w10=0x67 x9=0xbfffa391 => w10=0x67
[07:17:16 055][libtiny.so 0x5423a8] [2a2c4039] 0x405423a8: "ldrb w10, [x1, #0xb]" ; mem[READ] abs=0x407b500b x1=0x407b5000 => w10=0x73
[07:17:16 055][libtiny.so 0x5423ac] [2a2d0039] 0x405423ac: "strb w10, [x9, #0xb]" ; mem[WRITE] abs=0xbfffa39c w10=0x73 x9=0xbfffa391 => w10=0x73
[07:17:16 055][libtiny.so 0x5423b0] [2a304039] 0x405423b0: "ldrb w10, [x1, #0xc]" ; mem[READ] abs=0x407b500c x1=0x407b5000 => w10=0x68
[07:17:16 056][libtiny.so 0x5423b4] [2a310039] 0x405423b4: "strb w10, [x9, #0xc]" ; mem[WRITE] abs=0xbfffa39d w10=0x68 x9=0xbfffa391 => w10=0x68
[07:17:16 056][libtiny.so 0x5423b8] [2a344039] 0x405423b8: "ldrb w10, [x1, #0xd]" ; mem[READ] abs=0x407b500d x1=0x407b5000 => w10=0x75
[07:17:16 056][libtiny.so 0x5423bc] [2a350039] 0x405423bc: "strb w10, [x9, #0xd]" ; mem[WRITE] abs=0xbfffa39e w10=0x75 x9=0xbfffa391 => w10=0x75
[07:17:16 057][libtiny.so 0x5423c0] [2a384039] 0x405423c0: "ldrb w10, [x1, #0xe]" ; mem[READ] abs=0x407b500e x1=0x407b5000 => w10=0x2e
[07:17:16 057][libtiny.so 0x5423c4] [2a390039] 0x405423c4: "strb w10, [x9, #0xe]" ; mem[WRITE] abs=0xbfffa39f w10=0x2e x9=0xbfffa391 => w10=0x2e
[07:17:16 057][libtiny.so 0x5423c8] [2a3c4039] 0x405423c8: "ldrb w10, [x1, #0xf]" ; mem[READ] abs=0x407b500f x1=0x407b5000 => w10=0x63
[07:17:16 057][libtiny.so 0x5423cc] [21400091] 0x405423cc: "add x1, x1, #0x10" x1=0x407b5000 => x1=0x407b5010
[07:17:16 058][libtiny.so 0x5423d0] [2a3d0039] 0x405423d0: "strb w10, [x9, #0xf]" ; mem[WRITE] abs=0xbfffa3a0 w10=0x63 x9=0xbfffa391 => w10=0x63
[07:17:16 058][libtiny.so 0x5423d4] [e9030baa] 0x405423d4: "mov x9, x11" x11=0xbfffa3a1 => x9=0xbfffa3a1
[07:17:16 058][libtiny.so 0x5423d8] [c2f71f36] 0x405423d8: "tbz w2, #3, #0x405422d0" w2=0x12
[07:17:16 058][libtiny.so 0x5422d0] [e20a1037] 0x405422d0: "tbnz w2, #2, #0x4054242c" w2=0x12
[07:17:16 058][libtiny.so 0x5422d4] [420c0837] 0x405422d4: "tbnz w2, #1, #0x4054245c" w2=0x12
[07:17:16 059][libtiny.so 0x54245c] [2a004039] 0x4054245c: "ldrb w10, [x1]" ; mem[READ] abs=0x407b5010 x1=0x407b5010 => w10=0x6f
[07:17:16 059][libtiny.so 0x542460] [2b090091] 0x40542460: "add x11, x9, #2" x9=0xbfffa3a1 => x11=0xbfffa3a3
[07:17:16 059][libtiny.so 0x542464] [2a010039] 0x40542464: "strb w10, [x9]" ; mem[WRITE] abs=0xbfffa3a1 w10=0x6f x9=0xbfffa3a1 => w10=0x6f
[07:17:16 059][libtiny.so 0x542468] [2a044039] 0x40542468: "ldrb w10, [x1, #1]" ; mem[READ] abs=0x407b5011 x1=0x407b5010 => w10=0x6d
[07:17:16 060][libtiny.so 0x54246c] [21080091] 0x4054246c: "add x1, x1, #2" x1=0x407b5010 => x1=0x407b5012
[07:17:16 060][libtiny.so 0x542470] [2a050039] 0x40542470: "strb w10, [x9, #1]" ; mem[WRITE] abs=0xbfffa3a2 w10=0x6d x9=0xbfffa3a1 => w10=0x6d
[07:17:16 060][libtiny.so 0x542474] [e9030baa] 0x40542474: "mov x9, x11" x11=0xbfffa3a3 => x9=0xbfffa3a3
[07:17:16 060][libtiny.so 0x542478] [02080036] 0x40542478: "tbz w2, #0, #0x40542578" w2=0x12
[07:17:16 060][libtiny.so 0x542578] [081540f9] 0x40542578: "ldr x8, [x8, #0x28]" ; mem[READ] abs=0xbffff740 x8=0xbffff718 => x8=0x0
[07:17:16 060][libtiny.so 0x54257c] [e90740f9] 0x4054257c: "ldr x9, [sp, #8]" ; mem[READ] abs=0xbfffa358 sp=0xbfffa350 => x9=0x0
[07:17:16 060][libtiny.so 0x542580] [1f0109eb] 0x40542580: "cmp x8, x9" x9=0x0 => nzcv=0x60000000 x8=0x0
[07:17:16 060][libtiny.so 0x542584] [81000054] 0x40542584: "b.ne #0x40542594" nzcv=0x60000000
[07:17:16 060][libtiny.so 0x542588] [fe0b40f9] 0x40542588: "ldr x30, [sp, #0x10]" ; mem[READ] abs=0xbfffa360 sp=0xbfffa350 => x30=0x405425b0
[07:17:16 061][libtiny.so 0x54258c] [ff830091] 0x4054258c: "add sp, sp, #0x20" sp=0xbfffa350 => sp=0xbfffa370
[07:17:16 061][libtiny.so 0x542590] [c0035fd6] 0x40542590: "ret"
[07:17:16 061][libtiny.so 0x5425b0] [681640f9] 0x405425b0: "ldr x8, [x19, #0x28]" ; mem[READ] abs=0xbffff740 x19=0xbffff718 => x8=0x0
[07:17:16 061][libtiny.so 0x5425b4] [e90740f9] 0x405425b4: "ldr x9, [sp, #8]" ; mem[READ] abs=0xbfffa378 sp=0xbfffa370 => x9=0x0
[07:17:16 061][libtiny.so 0x5425b8] [1f0109eb] 0x405425b8: "cmp x8, x9" x9=0x0 => nzcv=0x60000000 x8=0x0
[07:17:16 061][libtiny.so 0x5425bc] [81000054] 0x405425bc: "b.ne #0x405425cc" nzcv=0x60000000
[07:17:16 061][libtiny.so 0x5425c0] [fe4f41a9] 0x405425c0: "ldp x30, x19, [sp, #0x10]" ; mem[READ] abs=0xbfffa380 x30=0x405425b0 x19=0xbffff718 sp=0xbfffa370 => x30=0x404fe360 x19=0xbfffbf40
[07:17:16 061][libtiny.so 0x5425c4] [ff830091] 0x405425c4: "add sp, sp, #0x20" sp=0xbfffa370 => sp=0xbfffa390
[07:17:16 061][libtiny.so 0x5425c8] [c0035fd6] 0x405425c8: "ret"
[07:17:16 061][libtiny.so 0x4fe360] [08031b8b] 0x404fe360: "add x8, x24, x27" x24=0xbfffa391 x27=0x13 => x8=0xbfffa3a4
[07:17:16 061][libtiny.so 0x4fe364] [1ff11f38] 0x404fe364: "sturb wzr, [x8, #-1]" ; mem[WRITE] abs=0xbfffa3a3 x8=0xbfffa3a4
[07:17:16 061][libtiny.so 0x4fe368] [880240f9] 0x404fe368: "ldr x8, [x20]" ; mem[READ] abs=0xfffe1640 x20=0xfffe1640 => x8=0xfffe0ef0
[07:17:16 061][libtiny.so 0x4fe36c] [e00314aa] 0x404fe36c: "mov x0, x20" x20=0xfffe1640 => x0=0xfffe1640
[07:17:16 061][libtiny.so 0x4fe370] [e10315aa] 0x404fe370: "mov x1, x21" x21=0x3c22fc4c => x1=0x3c22fc4c
[07:17:16 061][libtiny.so 0x4fe374] [e20316aa] 0x404fe374: "mov x2, x22" x22=0x407b5000 => x2=0x407b5000
[07:17:16 061][libtiny.so 0x4fe378] [08a942f9] 0x404fe378: "ldr x8, [x8, #0x550]" ; mem[READ] abs=0xfffe1440 x8=0xfffe0ef0 => x8=0xfffe0a80
[07:17:16 061][libtiny.so 0x4fe37c] [00013fd6] 0x404fe37c: "blr x8" x8=0xfffe0a80 => x30=0x404fe380
[07:17:16 061][libtiny.so 0x4fe380] [e80b40f9] 0x404fe380: "ldr x8, [sp, #0x10]" ; mem[READ] abs=0xbfffa3a0 sp=0xbfffa390 => x8=0x6d6f63
[07:17:16 061][libtiny.so 0x4fe384] [e003c03d] 0x404fe384: "ldr q0, [sp]" ; mem[READ] abs=0xbfffa390 sp=0xbfffa390 => q0=0x2e756873676e6f686f6169782e736124
[07:17:16 061][libtiny.so 0x4fe388] [680a00f9] 0x404fe388: "str x8, [x19, #0x10]" ; mem[WRITE] abs=0xbfffbf50 x8=0x6d6f63 x19=0xbfffbf40 => x8=0x6d6f63
[07:17:16 061][libtiny.so 0x4fe38c] [6002803d] 0x404fe38c: "str q0, [x19]" ; mem[WRITE] abs=0xbfffbf40 q0=0x2e756873676e6f686f6169782e736124 x19=0xbfffbf40 => q0=0x2e756873676e6f686f6169782e736124
[07:17:16 062][libtiny.so 0x4fe390] [481740f9] 0x404fe390: "ldr x8, [x26, #0x28]" ; mem[READ] abs=0xbffff740 x26=0xbffff718 => x8=0x0
[07:17:16 062][libtiny.so 0x4fe394] [e90f40f9] 0x404fe394: "ldr x9, [sp, #0x18]" ; mem[READ] abs=0xbfffa3a8 sp=0xbfffa390 => x9=0x0
[07:17:16 062][libtiny.so 0x4fe398] [1f0109eb] 0x404fe398: "cmp x8, x9" x9=0x0 => nzcv=0x60000000 x8=0x0
[07:17:16 062][libtiny.so 0x4fe39c] [41010054] 0x404fe39c: "b.ne #0x404fe3c4" nzcv=0x60000000
[07:17:16 062][libtiny.so 0x4fe3a0] [f44f46a9] 0x404fe3a0: "ldp x20, x19, [sp, #0x60]" ; mem[READ] abs=0xbfffa3f0 x20=0xfffe1640 x19=0xbfffbf40 sp=0xbfffa390 => x20=0xfffe1640 x19=0xbfffc3e0
[07:17:16 062][libtiny.so 0x4fe3a4] [f65745a9] 0x404fe3a4: "ldp x22, x21, [sp, #0x50]" ; mem[READ] abs=0xbfffa3e0 x22=0x407b5000 x21=0x3c22fc4c sp=0xbfffa390 => x22=0x43f743d4 x21=0x43f743d4
[07:17:16 062][libtiny.so 0x4fe3a8] [f85f44a9] 0x404fe3a8: "ldp x24, x23, [sp, #0x40]" ; mem[READ] abs=0xbfffa3d0 x24=0xbfffa391 x23=0x12 sp=0xbfffa390 => x24=0x43f743d4 x23=0x43f743d4
[07:17:16 062][libtiny.so 0x4fe3ac] [fa6743a9] 0x404fe3ac: "ldp x26, x25, [sp, #0x30]" ; mem[READ] abs=0xbfffa3c0 x26=0xbffff718 x25=0x43f743d4 sp=0xbfffa390 => x26=0x43f743d4 x25=0x43f743d4
[07:17:16 062][libtiny.so 0x4fe3b0] [fe6f42a9] 0x404fe3b0: "ldp x30, x27, [sp, #0x20]" ; mem[READ] abs=0xbfffa3b0 x30=0x404fe380 x27=0x13 sp=0xbfffa390 => x30=0x40197da8 x27=0x43964124
[07:17:16 062][libtiny.so 0x4fe3b4] [ffc30191] 0x404fe3b4: "add sp, sp, #0x70" sp=0xbfffa390 => sp=0xbfffa400
[07:17:16 062][libtiny.so 0x4fe3b8] [c0035fd6] 0x404fe3b8: "ret"
[07:17:16 062][libtiny.so 0x197da8] [68ee40f9] 0x40197da8: "ldr x8, [x19, #0x1d8]" ; mem[READ] abs=0xbfffc5b8 x19=0xbfffc3e0 => x8=0xbfffbf20
[07:17:16 062][libtiny.so 0x197dac] [e10314aa] 0x40197dac: "mov x1, x20" x20=0xfffe1640 => x1=0xfffe1640
[07:17:16 063][libtiny.so 0x197db0] [68e60df9] 0x40197db0: "str x8, [x19, #0x1bc8]" ; mem[WRITE] abs=0xbfffdfa8 x8=0xbfffbf20 x19=0xbfffc3e0 => x8=0xbfffbf20
[07:17:16 063][libtiny.so 0x197db4] [68e64df9] 0x40197db4: "ldr x8, [x19, #0x1bc8]" ; mem[READ] abs=0xbfffdfa8 x19=0xbfffc3e0 => x8=0xbfffbf20
[07:17:16 063][libtiny.so 0x197db8] [60de40f9] 0x40197db8: "ldr x0, [x19, #0x1b8]" ; mem[READ] abs=0xbfffc598 x19=0xbfffc3e0 => x0=0xbfffbf90
[07:17:16 063][libtiny.so 0x197dbc] [68ee40f9] 0x40197dbc: "ldr x8, [x19, #0x1d8]" ; mem[READ] abs=0xbfffc5b8 x19=0xbfffc3e0 => x8=0xbfffbf20
[07:17:16 064][libtiny.so 0x197dc0] [35990d94] 0x40197dc0: "bl #0x404fe294"
[07:17:16 064][libtiny.so 0x4fe294] [ffc301d1] 0x404fe294: "sub sp, sp, #0x70" sp=0xbfffa400 => sp=0xbfffa390
[07:17:16 064][libtiny.so 0x4fe298] [fe6f02a9] 0x404fe298: "stp x30, x27, [sp, #0x20]" ; mem[WRITE] abs=0xbfffa3b0 x30=0x40197dc4 x27=0x43964124 sp=0xbfffa390 => x30=0x40197dc4 x27=0x43964124
[07:17:16 064][libtiny.so 0x4fe29c] [fa6703a9] 0x404fe29c: "stp x26, x25, [sp, #0x30]" ; mem[WRITE] abs=0xbfffa3c0 x26=0x43f743d4 x25=0x43f743d4 sp=0xbfffa390 => x26=0x43f743d4 x25=0x43f743d4
[07:17:16 064][libtiny.so 0x4fe2a0] [f85f04a9] 0x404fe2a0: "stp x24, x23, [sp, #0x40]" ; mem[WRITE] abs=0xbfffa3d0 x24=0x43f743d4 x23=0x43f743d4 sp=0xbfffa390 => x24=0x43f743d4 x23=0x43f743d4
[07:17:16 064][libtiny.so 0x4fe2a4] [f65705a9] 0x404fe2a4: "stp x22, x21, [sp, #0x50]" ; mem[WRITE] abs=0xbfffa3e0 x22=0x43f743d4 x21=0x43f743d4 sp=0xbfffa390 => x22=0x43f743d4 x21=0x43f743d4
[07:17:16 064][libtiny.so 0x4fe2a8] [f44f06a9] 0x404fe2a8: "stp x20, x19, [sp, #0x60]" ; mem[WRITE] abs=0xbfffa3f0 x20=0xfffe1640 x19=0xbfffc3e0 sp=0xbfffa390 => x20=0xfffe1640 x19=0xbfffc3e0
[07:17:16 064][libtiny.so 0x4fe2ac] [5ad03bd5] 0x404fe2ac: "mrs x26, tpidr_el0" x26=0x43f743d4 => x26=0xbffff718
[07:17:16 064][libtiny.so 0x4fe2b0] [491740f9] 0x404fe2b0: "ldr x9, [x26, #0x28]" ; mem[READ] abs=0xbffff740 x26=0xbffff718 => x9=0x0
[07:17:16 064][libtiny.so 0x4fe2b4] [f30308aa] 0x404fe2b4: "mov x19, x8" x8=0xbfffbf20 => x19=0xbfffbf20
[07:17:16 064][libtiny.so 0x4fe2b8] [e90f00f9] 0x404fe2b8: "str x9, [sp, #0x18]" ; mem[WRITE] abs=0xbfffa3a8 x9=0x0 sp=0xbfffa390 => x9=0x0
[07:17:16 064][libtiny.so 0x4fe2bc] [150040f9] 0x404fe2bc: "ldr x21, [x0]" ; mem[READ] abs=0xbfffbf90 x0=0xbfffbf90 => x21=0x38425407
[07:17:16 064][libtiny.so 0x4fe2c0] [550300b4] 0x404fe2c0: "cbz x21, #0x404fe328" x21=0x38425407
[07:17:16 064][libtiny.so 0x4fe2c4] [280040f9] 0x404fe2c4: "ldr x8, [x1]" ; mem[READ] abs=0xfffe1640 x1=0xfffe1640 => x8=0xfffe0ef0
[07:17:16 064][libtiny.so 0x4fe2c8] [f40301aa] 0x404fe2c8: "mov x20, x1" x1=0xfffe1640 => x20=0xfffe1640
[07:17:16 064][libtiny.so 0x4fe2cc] [e00301aa] 0x404fe2cc: "mov x0, x1" x1=0xfffe1640 => x0=0xfffe1640
[07:17:16 064][libtiny.so 0x4fe2d0] [e10315aa] 0x404fe2d0: "mov x1, x21" x21=0x38425407 => x1=0x38425407
[07:17:16 064][libtiny.so 0x4fe2d4] [08a542f9] 0x404fe2d4: "ldr x8, [x8, #0x548]" ; mem[READ] abs=0xfffe1438 x8=0xfffe0ef0 => x8=0xfffe0a70
[07:17:16 064][libtiny.so 0x4fe2d8] [e2031faa] 0x404fe2d8: "mov x2, xzr" => x2=0x0
[07:17:16 064][libtiny.so 0x4fe2dc] [00013fd6] 0x404fe2dc: "blr x8" x8=0xfffe0a70 => x30=0x404fe2e0
[07:17:16 065][libtiny.so 0x4fe2e0] [400200b4] 0x404fe2e0: "cbz x0, #0x404fe328" x0=0x407b5000
[07:17:16 065][libtiny.so 0x4fe2e4] [f60300aa] 0x404fe2e4: "mov x22, x0" x0=0x407b5000 => x22=0x407b5000
[07:17:16 065][libtiny.so 0x4fe2e8] [fb031faa] 0x404fe2e8: "mov x27, xzr" => x27=0x0
[07:17:16 065][libtiny.so 0x4fe2ec] [c86a7b38] 0x404fe2ec: "ldrb w8, [x22, x27]" ; mem[READ] abs=0x407b5000 x22=0x407b5000 x27=0x0 => w8=0x2f
[07:17:16 065][libtiny.so 0x4fe2f0] [7b070091] 0x404fe2f0: "add x27, x27, #1" x27=0x0 => x27=0x1
[07:17:16 065][libtiny.so 0x4fe2f4] [c8ffff35] 0x404fe2f4: "cbnz w8, #0x404fe2ec" w8=0x2f
[07:17:16 065][libtiny.so 0x4fe2ec] [c86a7b38] 0x404fe2ec: "ldrb w8, [x22, x27]" ; mem[READ] abs=0x407b5001 x22=0x407b5000 x27=0x1 => w8=0x61
[07:17:16 065][libtiny.so 0x4fe2f0] [7b070091] 0x404fe2f0: "add x27, x27, #1" x27=0x1 => x27=0x2
[07:17:16 065][libtiny.so 0x4fe2f4] [c8ffff35] 0x404fe2f4: "cbnz w8, #0x404fe2ec" w8=0x61
[07:17:16 065][libtiny.so 0x4fe2ec] [c86a7b38] 0x404fe2ec: "ldrb w8, [x22, x27]" ; mem[READ] abs=0x407b5002 x22=0x407b5000 x27=0x2 => w8=0x70
[07:17:16 065][libtiny.so 0x4fe2f0] [7b070091] 0x404fe2f0: "add x27, x27, #1" x27=0x2 => x27=0x3
[07:17:16 065][libtiny.so 0x4fe2f4] [c8ffff35] 0x404fe2f4: "cbnz w8, #0x404fe2ec" w8=0x70
[07:17:16 065][libtiny.so 0x4fe2ec] [c86a7b38] 0x404fe2ec: "ldrb w8, [x22, x27]" ; mem[READ] abs=0x407b5003 x22=0x407b5000 x27=0x3 => w8=0x69
[07:17:16 065][libtiny.so 0x4fe2f0] [7b070091] 0x404fe2f0: "add x27, x27, #1" x27=0x3 => x27=0x4
[07:17:16 065][libtiny.so 0x4fe2f4] [c8ffff35] 0x404fe2f4: "cbnz w8, #0x404fe2ec" w8=0x69
[07:17:16 065][libtiny.so 0x4fe2ec] [c86a7b38] 0x404fe2ec: "ldrb w8, [x22, x27]" ; mem[READ] abs=0x407b5004 x22=0x407b5000 x27=0x4 => w8=0x2f
[07:17:16 065][libtiny.so 0x4fe2f0] [7b070091] 0x404fe2f0: "add x27, x27, #1" x27=0x4 => x27=0x5
[07:17:16 065][libtiny.so 0x4fe2f4] [c8ffff35] 0x404fe2f4: "cbnz w8, #0x404fe2ec" w8=0x2f
[07:17:16 065][libtiny.so 0x4fe2ec] [c86a7b38] 0x404fe2ec: "ldrb w8, [x22, x27]" ; mem[READ] abs=0x407b5005 x22=0x407b5000 x27=0x5 => w8=0x76
[07:17:16 065][libtiny.so 0x4fe2f0] [7b070091] 0x404fe2f0: "add x27, x27, #1" x27=0x5 => x27=0x6
[07:17:16 065][libtiny.so 0x4fe2f4] [c8ffff35] 0x404fe2f4: "cbnz w8, #0x404fe2ec" w8=0x76
[07:17:16 065][libtiny.so 0x4fe2ec] [c86a7b38] 0x404fe2ec: "ldrb w8, [x22, x27]" ; mem[READ] abs=0x407b5006 x22=0x407b5000 x27=0x6 => w8=0x31
[07:17:16 065][libtiny.so 0x4fe2f0] [7b070091] 0x404fe2f0: "add x27, x27, #1" x27=0x6 => x27=0x7
[07:17:16 065][libtiny.so 0x4fe2f4] [c8ffff35] 0x404fe2f4: "cbnz w8, #0x404fe2ec" w8=0x31
[07:17:16 065][libtiny.so 0x4fe2ec] [c86a7b38] 0x404fe2ec: "ldrb w8, [x22, x27]" ; mem[READ] abs=0x407b5007 x22=0x407b5000 x27=0x7 => w8=0x2f
[07:17:16 065][libtiny.so 0x4fe2f0] [7b070091] 0x404fe2f0: "add x27, x27, #1" x27=0x7 => x27=0x8
[07:17:16 065][libtiny.so 0x4fe2f4] [c8ffff35] 0x404fe2f4: "cbnz w8, #0x404fe2ec" w8=0x2f
[07:17:16 065][libtiny.so 0x4fe2ec] [c86a7b38] 0x404fe2ec: "ldrb w8, [x22, x27]" ; mem[READ] abs=0x407b5008 x22=0x407b5000 x27=0x8 => w8=0x63
[07:17:16 065][libtiny.so 0x4fe2f0] [7b070091] 0x404fe2f0: "add x27, x27, #1" x27=0x8 => x27=0x9
[07:17:16 065][libtiny.so 0x4fe2f4] [c8ffff35] 0x404fe2f4: "cbnz w8, #0x404fe2ec" w8=0x63
[07:17:16 065][libtiny.so 0x4fe2ec] [c86a7b38] 0x404fe2ec: "ldrb w8, [x22, x27]" ; mem[READ] abs=0x407b5009 x22=0x407b5000 x27=0x9 => w8=0x66
[07:17:16 065][libtiny.so 0x4fe2f0] [7b070091] 0x404fe2f0: "add x27, x27, #1" x27=0x9 => x27=0xa
[07:17:16 065][libtiny.so 0x4fe2f4] [c8ffff35] 0x404fe2f4: "cbnz w8, #0x404fe2ec" w8=0x66
[07:17:16 065][libtiny.so 0x4fe2ec] [c86a7b38] 0x404fe2ec: "ldrb w8, [x22, x27]" ; mem[READ] abs=0x407b500a x22=0x407b5000 x27=0xa => w8=0x67
[07:17:16 065][libtiny.so 0x4fe2f0] [7b070091] 0x404fe2f0: "add x27, x27, #1" x27=0xa => x27=0xb
[07:17:16 065][libtiny.so 0x4fe2f4] [c8ffff35] 0x404fe2f4: "cbnz w8, #0x404fe2ec" w8=0x67
[07:17:16 065][libtiny.so 0x4fe2ec] [c86a7b38] 0x404fe2ec: "ldrb w8, [x22, x27]" ; mem[READ] abs=0x407b500b x22=0x407b5000 x27=0xb => w8=0x2f
[07:17:16 065][libtiny.so 0x4fe2f0] [7b070091] 0x404fe2f0: "add x27, x27, #1" x27=0xb => x27=0xc
[07:17:16 065][libtiny.so 0x4fe2f4] [c8ffff35] 0x404fe2f4: "cbnz w8, #0x404fe2ec" w8=0x2f
[07:17:16 065][libtiny.so 0x4fe2ec] [c86a7b38] 0x404fe2ec: "ldrb w8, [x22, x27]" ; mem[READ] abs=0x407b500c x22=0x407b5000 x27=0xc => w8=0x61
[07:17:16 065][libtiny.so 0x4fe2f0] [7b070091] 0x404fe2f0: "add x27, x27, #1" x27=0xc => x27=0xd
[07:17:16 065][libtiny.so 0x4fe2f4] [c8ffff35] 0x404fe2f4: "cbnz w8, #0x404fe2ec" w8=0x61
[07:17:16 065][libtiny.so 0x4fe2ec] [c86a7b38] 0x404fe2ec: "ldrb w8, [x22, x27]" ; mem[READ] abs=0x407b500d x22=0x407b5000 x27=0xd => w8=0x6e
[07:17:16 065][libtiny.so 0x4fe2f0] [7b070091] 0x404fe2f0: "add x27, x27, #1" x27=0xd => x27=0xe
[07:17:16 065][libtiny.so 0x4fe2f4] [c8ffff35] 0x404fe2f4: "cbnz w8, #0x404fe2ec" w8=0x6e
[07:17:16 065][libtiny.so 0x4fe2ec] [c86a7b38] 0x404fe2ec: "ldrb w8, [x22, x27]" ; mem[READ] abs=0x407b500e x22=0x407b5000 x27=0xe => w8=0x64
[07:17:16 065][libtiny.so 0x4fe2f0] [7b070091] 0x404fe2f0: "add x27, x27, #1" x27=0xe => x27=0xf
[07:17:16 065][libtiny.so 0x4fe2f4] [c8ffff35] 0x404fe2f4: "cbnz w8, #0x404fe2ec" w8=0x64
[07:17:16 065][libtiny.so 0x4fe2ec] [c86a7b38] 0x404fe2ec: "ldrb w8, [x22, x27]" ; mem[READ] abs=0x407b500f x22=0x407b5000 x27=0xf => w8=0x72
[07:17:16 065][libtiny.so 0x4fe2f0] [7b070091] 0x404fe2f0: "add x27, x27, #1" x27=0xf => x27=0x10
[07:17:16 065][libtiny.so 0x4fe2f4] [c8ffff35] 0x404fe2f4: "cbnz w8, #0x404fe2ec" w8=0x72
[07:17:16 065][libtiny.so 0x4fe2ec] [c86a7b38] 0x404fe2ec: "ldrb w8, [x22, x27]" ; mem[READ] abs=0x407b5010 x22=0x407b5000 x27=0x10 => w8=0x6f
[07:17:16 065][libtiny.so 0x4fe2f0] [7b070091] 0x404fe2f0: "add x27, x27, #1" x27=0x10 => x27=0x11
[07:17:16 066][libtiny.so 0x4fe2f4] [c8ffff35] 0x404fe2f4: "cbnz w8, #0x404fe2ec" w8=0x6f
[07:17:16 066][libtiny.so 0x4fe2ec] [c86a7b38] 0x404fe2ec: "ldrb w8, [x22, x27]" ; mem[READ] abs=0x407b5011 x22=0x407b5000 x27=0x11 => w8=0x69
[07:17:16 066][libtiny.so 0x4fe2f0] [7b070091] 0x404fe2f0: "add x27, x27, #1" x27=0x11 => x27=0x12
[07:17:16 066][libtiny.so 0x4fe2f4] [c8ffff35] 0x404fe2f4: "cbnz w8, #0x404fe2ec" w8=0x69
[07:17:16 066][libtiny.so 0x4fe2ec] [c86a7b38] 0x404fe2ec: "ldrb w8, [x22, x27]" ; mem[READ] abs=0x407b5012 x22=0x407b5000 x27=0x12 => w8=0x64
[07:17:16 066][libtiny.so 0x4fe2f0] [7b070091] 0x404fe2f0: "add x27, x27, #1" x27=0x12 => x27=0x13
[07:17:16 066][libtiny.so 0x4fe2f4] [c8ffff35] 0x404fe2f4: "cbnz w8, #0x404fe2ec" w8=0x64
[07:17:16 066][libtiny.so 0x4fe2ec] [c86a7b38] 0x404fe2ec: "ldrb w8, [x22, x27]" ; mem[READ] abs=0x407b5013 x22=0x407b5000 x27=0x13 => w8=0x0
[07:17:16 066][libtiny.so 0x4fe2f0] [7b070091] 0x404fe2f0: "add x27, x27, #1" x27=0x13 => x27=0x14
[07:17:16 066][libtiny.so 0x4fe2f4] [c8ffff35] 0x404fe2f4: "cbnz w8, #0x404fe2ec" w8=0x0
[07:17:16 066][libtiny.so 0x4fe2f8] [770700d1] 0x404fe2f8: "sub x23, x27, #1" x27=0x14 => x23=0x13
[07:17:16 066][libtiny.so 0x4fe2fc] [ff4200b1] 0x404fe2fc: "cmn x23, #0x10" => nzcv=0x0 x23=0x13
[07:17:16 066][libtiny.so 0x4fe300] [e2050054] 0x404fe300: "b.hs #0x404fe3bc" nzcv=0x0
[07:17:16 066][libtiny.so 0x4fe304] [ff5e00f1] 0x404fe304: "cmp x23, #0x17" => nzcv=0x80000000 x23=0x13
[07:17:16 066][libtiny.so 0x4fe308] [42010054] 0x404fe308: "b.hs #0x404fe330" nzcv=0x80000000
[07:17:16 066][libtiny.so 0x4fe30c] [e9030091] 0x404fe30c: "mov x9, sp" sp=0xbfffa390 => x9=0xbfffa390
[07:17:16 066][libtiny.so 0x4fe310] [e87a1f53] 0x404fe310: "lsl w8, w23, #1" w8=0x0 w23=0x13 => w8=0x26
[07:17:16 066][libtiny.so 0x4fe314] [7f0700f1] 0x404fe314: "cmp x27, #1" => nzcv=0x20000000 x27=0x14
[07:17:16 066][libtiny.so 0x4fe318] [380140b2] 0x404fe318: "orr x24, x9, #1" x24=0x43f743d4 x9=0xbfffa390 => x24=0xbfffa391
[07:17:16 066][libtiny.so 0x4fe31c] [e8030039] 0x404fe31c: "strb w8, [sp]" ; mem[WRITE] abs=0xbfffa390 w8=0x26 sp=0xbfffa390 => w8=0x26
[07:17:16 066][libtiny.so 0x4fe320] [81010054] 0x404fe320: "b.ne #0x404fe350" nzcv=0x20000000
[07:17:16 066][libtiny.so 0x4fe350] [e00318aa] 0x404fe350: "mov x0, x24" x24=0xbfffa391 => x0=0xbfffa391
[07:17:16 066][libtiny.so 0x4fe354] [e10316aa] 0x404fe354: "mov x1, x22" x22=0x407b5000 => x1=0x407b5000
[07:17:16 066][libtiny.so 0x4fe358] [e20317aa] 0x404fe358: "mov x2, x23" x23=0x13 => x2=0x13
[07:17:16 066][libtiny.so 0x4fe35c] [8f100194] 0x404fe35c: "bl #0x40542598"
[07:17:16 066][libtiny.so 0x542598] [ff8300d1] 0x40542598: "sub sp, sp, #0x20" sp=0xbfffa390 => sp=0xbfffa370
[07:17:16 066][libtiny.so 0x54259c] [fe4f01a9] 0x4054259c: "stp x30, x19, [sp, #0x10]" ; mem[WRITE] abs=0xbfffa380 x30=0x404fe360 x19=0xbfffbf20 sp=0xbfffa370 => x30=0x404fe360 x19=0xbfffbf20
[07:17:16 066][libtiny.so 0x5425a0] [53d03bd5] 0x405425a0: "mrs x19, tpidr_el0" x19=0xbfffbf20 => x19=0xbffff718
[07:17:16 066][libtiny.so 0x5425a4] [681640f9] 0x405425a4: "ldr x8, [x19, #0x28]" ; mem[READ] abs=0xbffff740 x19=0xbffff718 => x8=0x0
[07:17:16 066][libtiny.so 0x5425a8] [e80700f9] 0x405425a8: "str x8, [sp, #8]" ; mem[WRITE] abs=0xbfffa378 x8=0x0 sp=0xbfffa370 => x8=0x0
[07:17:16 066][libtiny.so 0x5425ac] [e3feff97] 0x405425ac: "bl #0x40542138"
[07:17:16 066][libtiny.so 0x542138] [ff8300d1] 0x40542138: "sub sp, sp, #0x20" sp=0xbfffa370 => sp=0xbfffa350
[07:17:16 066][libtiny.so 0x54213c] [fe0b00f9] 0x4054213c: "str x30, [sp, #0x10]" ; mem[WRITE] abs=0xbfffa360 x30=0x405425b0 sp=0xbfffa350 => x30=0x405425b0
[07:17:16 066][libtiny.so 0x542140] [48d03bd5] 0x40542140: "mrs x8, tpidr_el0" x8=0x0 => x8=0xbffff718
[07:17:16 067][libtiny.so 0x542144] [091540f9] 0x40542144: "ldr x9, [x8, #0x28]" ; mem[READ] abs=0xbffff740 x8=0xbffff718 => x9=0x0
[07:17:16 067][libtiny.so 0x542148] [e90700f9] 0x40542148: "str x9, [sp, #8]" ; mem[WRITE] abs=0xbfffa358 x9=0x0 sp=0xbfffa350 => x9=0x0
[07:17:16 067][libtiny.so 0x54214c] [c20600b4] 0x4054214c: "cbz x2, #0x40542224" x2=0x13
[07:17:16 067][libtiny.so 0x542150] [29044092] 0x40542150: "and x9, x1, #3" x1=0x407b5000 => x9=0x0
[07:17:16 067][libtiny.so 0x542154] [690100b4] 0x40542154: "cbz x9, #0x40542180" x9=0x0
[07:17:16 067][libtiny.so 0x542180] [e90300aa] 0x40542180: "mov x9, x0" x0=0xbfffa391 => x9=0xbfffa391
[07:17:16 067][libtiny.so 0x542184] [2a0540f2] 0x40542184: "ands x10, x9, #3" x9=0xbfffa391 => nzcv=0x0 x10=0x1
[07:17:16 067][libtiny.so 0x542188] [40050054] 0x40542188: "b.eq #0x40542230" nzcv=0x0
[07:17:16 067][libtiny.so 0x54218c] [5f8000f1] 0x4054218c: "cmp x2, #0x20" => nzcv=0x80000000 x2=0x13
[07:17:16 067][libtiny.so 0x542190] [c3090054] 0x40542190: "b.lo #0x405422c8" nzcv=0x80000000
[07:17:16 067][libtiny.so 0x5422c8] [22042037] 0x405422c8: "tbnz w2, #4, #0x4054234c" w2=0x13
[07:17:16 067][libtiny.so 0x54234c] [2a004039] 0x4054234c: "ldrb w10, [x1]" ; mem[READ] abs=0x407b5000 x1=0x407b5000 => w10=0x2f
[07:17:16 067][libtiny.so 0x542350] [2b410091] 0x40542350: "add x11, x9, #0x10" x9=0xbfffa391 => x11=0xbfffa3a1
[07:17:16 067][libtiny.so 0x542354] [2a010039] 0x40542354: "strb w10, [x9]" ; mem[WRITE] abs=0xbfffa391 w10=0x2f x9=0xbfffa391 => w10=0x2f
[07:17:16 067][libtiny.so 0x542358] [2a044039] 0x40542358: "ldrb w10, [x1, #1]" ; mem[READ] abs=0x407b5001 x1=0x407b5000 => w10=0x61
[07:17:16 067][libtiny.so 0x54235c] [2a050039] 0x4054235c: "strb w10, [x9, #1]" ; mem[WRITE] abs=0xbfffa392 w10=0x61 x9=0xbfffa391 => w10=0x61
[07:17:16 067][libtiny.so 0x542360] [2a084039] 0x40542360: "ldrb w10, [x1, #2]" ; mem[READ] abs=0x407b5002 x1=0x407b5000 => w10=0x70
[07:17:16 067][libtiny.so 0x542364] [2a090039] 0x40542364: "strb w10, [x9, #2]" ; mem[WRITE] abs=0xbfffa393 w10=0x70 x9=0xbfffa391 => w10=0x70
[07:17:16 067][libtiny.so 0x542368] [2a0c4039] 0x40542368: "ldrb w10, [x1, #3]" ; mem[READ] abs=0x407b5003 x1=0x407b5000 => w10=0x69
[07:17:16 067][libtiny.so 0x54236c] [2a0d0039] 0x4054236c: "strb w10, [x9, #3]" ; mem[WRITE] abs=0xbfffa394 w10=0x69 x9=0xbfffa391 => w10=0x69
[07:17:16 067][libtiny.so 0x542370] [2a104039] 0x40542370: "ldrb w10, [x1, #4]" ; mem[READ] abs=0x407b5004 x1=0x407b5000 => w10=0x2f
[07:17:16 067][libtiny.so 0x542374] [2a110039] 0x40542374: "strb w10, [x9, #4]" ; mem[WRITE] abs=0xbfffa395 w10=0x2f x9=0xbfffa391 => w10=0x2f
[07:17:16 067][libtiny.so 0x542378] [2a144039] 0x40542378: "ldrb w10, [x1, #5]" ; mem[READ] abs=0x407b5005 x1=0x407b5000 => w10=0x76
[07:17:16 067][libtiny.so 0x54237c] [2a150039] 0x4054237c: "strb w10, [x9, #5]" ; mem[WRITE] abs=0xbfffa396 w10=0x76 x9=0xbfffa391 => w10=0x76
[07:17:16 067][libtiny.so 0x542380] [2a184039] 0x40542380: "ldrb w10, [x1, #6]" ; mem[READ] abs=0x407b5006 x1=0x407b5000 => w10=0x31
[07:17:16 067][libtiny.so 0x542384] [2a190039] 0x40542384: "strb w10, [x9, #6]" ; mem[WRITE] abs=0xbfffa397 w10=0x31 x9=0xbfffa391 => w10=0x31
[07:17:16 067][libtiny.so 0x542388] [2a1c4039] 0x40542388: "ldrb w10, [x1, #7]" ; mem[READ] abs=0x407b5007 x1=0x407b5000 => w10=0x2f
[07:17:16 067][libtiny.so 0x54238c] [2a1d0039] 0x4054238c: "strb w10, [x9, #7]" ; mem[WRITE] abs=0xbfffa398 w10=0x2f x9=0xbfffa391 => w10=0x2f
[07:17:16 067][libtiny.so 0x542390] [2a204039] 0x40542390: "ldrb w10, [x1, #8]" ; mem[READ] abs=0x407b5008 x1=0x407b5000 => w10=0x63
[07:17:16 067][libtiny.so 0x542394] [2a210039] 0x40542394: "strb w10, [x9, #8]" ; mem[WRITE] abs=0xbfffa399 w10=0x63 x9=0xbfffa391 => w10=0x63
[07:17:16 067][libtiny.so 0x542398] [2a244039] 0x40542398: "ldrb w10, [x1, #9]" ; mem[READ] abs=0x407b5009 x1=0x407b5000 => w10=0x66
[07:17:16 067][libtiny.so 0x54239c] [2a250039] 0x4054239c: "strb w10, [x9, #9]" ; mem[WRITE] abs=0xbfffa39a w10=0x66 x9=0xbfffa391 => w10=0x66
[07:17:16 067][libtiny.so 0x5423a0] [2a284039] 0x405423a0: "ldrb w10, [x1, #0xa]" ; mem[READ] abs=0x407b500a x1=0x407b5000 => w10=0x67
[07:17:16 067][libtiny.so 0x5423a4] [2a290039] 0x405423a4: "strb w10, [x9, #0xa]" ; mem[WRITE] abs=0xbfffa39b w10=0x67 x9=0xbfffa391 => w10=0x67
[07:17:16 067][libtiny.so 0x5423a8] [2a2c4039] 0x405423a8: "ldrb w10, [x1, #0xb]" ; mem[READ] abs=0x407b500b x1=0x407b5000 => w10=0x2f
[07:17:16 067][libtiny.so 0x5423ac] [2a2d0039] 0x405423ac: "strb w10, [x9, #0xb]" ; mem[WRITE] abs=0xbfffa39c w10=0x2f x9=0xbfffa391 => w10=0x2f
[07:17:16 067][libtiny.so 0x5423b0] [2a304039] 0x405423b0: "ldrb w10, [x1, #0xc]" ; mem[READ] abs=0x407b500c x1=0x407b5000 => w10=0x61
[07:17:16 067][libtiny.so 0x5423b4] [2a310039] 0x405423b4: "strb w10, [x9, #0xc]" ; mem[WRITE] abs=0xbfffa39d w10=0x61 x9=0xbfffa391 => w10=0x61
[07:17:16 067][libtiny.so 0x5423b8] [2a344039] 0x405423b8: "ldrb w10, [x1, #0xd]" ; mem[READ] abs=0x407b500d x1=0x407b5000 => w10=0x6e
[07:17:16 067][libtiny.so 0x5423bc] [2a350039] 0x405423bc: "strb w10, [x9, #0xd]" ; mem[WRITE] abs=0xbfffa39e w10=0x6e x9=0xbfffa391 => w10=0x6e
[07:17:16 067][libtiny.so 0x5423c0] [2a384039] 0x405423c0: "ldrb w10, [x1, #0xe]" ; mem[READ] abs=0x407b500e x1=0x407b5000 => w10=0x64
[07:17:16 067][libtiny.so 0x5423c4] [2a390039] 0x405423c4: "strb w10, [x9, #0xe]" ; mem[WRITE] abs=0xbfffa39f w10=0x64 x9=0xbfffa391 => w10=0x64
[07:17:16 067][libtiny.so 0x5423c8] [2a3c4039] 0x405423c8: "ldrb w10, [x1, #0xf]" ; mem[READ] abs=0x407b500f x1=0x407b5000 => w10=0x72
[07:17:16 067][libtiny.so 0x5423cc] [21400091] 0x405423cc: "add x1, x1, #0x10" x1=0x407b5000 => x1=0x407b5010
[07:17:16 067][libtiny.so 0x5423d0] [2a3d0039] 0x405423d0: "strb w10, [x9, #0xf]" ; mem[WRITE] abs=0xbfffa3a0 w10=0x72 x9=0xbfffa391 => w10=0x72
[07:17:16 067][libtiny.so 0x5423d4] [e9030baa] 0x405423d4: "mov x9, x11" x11=0xbfffa3a1 => x9=0xbfffa3a1
[07:17:16 067][libtiny.so 0x5423d8] [c2f71f36] 0x405423d8: "tbz w2, #3, #0x405422d0" w2=0x13
[07:17:16 067][libtiny.so 0x5422d0] [e20a1037] 0x405422d0: "tbnz w2, #2, #0x4054242c" w2=0x13
[07:17:16 067][libtiny.so 0x5422d4] [420c0837] 0x405422d4: "tbnz w2, #1, #0x4054245c" w2=0x13
[07:17:16 067][libtiny.so 0x54245c] [2a004039] 0x4054245c: "ldrb w10, [x1]" ; mem[READ] abs=0x407b5010 x1=0x407b5010 => w10=0x6f
[07:17:16 067][libtiny.so 0x542460] [2b090091] 0x40542460: "add x11, x9, #2" x9=0xbfffa3a1 => x11=0xbfffa3a3
[07:17:16 067][libtiny.so 0x542464] [2a010039] 0x40542464: "strb w10, [x9]" ; mem[WRITE] abs=0xbfffa3a1 w10=0x6f x9=0xbfffa3a1 => w10=0x6f
[07:17:16 068][libtiny.so 0x542468] [2a044039] 0x40542468: "ldrb w10, [x1, #1]" ; mem[READ] abs=0x407b5011 x1=0x407b5010 => w10=0x69
[07:17:16 068][libtiny.so 0x54246c] [21080091] 0x4054246c: "add x1, x1, #2" x1=0x407b5010 => x1=0x407b5012
[07:17:16 068][libtiny.so 0x542470] [2a050039] 0x40542470: "strb w10, [x9, #1]" ; mem[WRITE] abs=0xbfffa3a2 w10=0x69 x9=0xbfffa3a1 => w10=0x69
[07:17:16 068][libtiny.so 0x542474] [e9030baa] 0x40542474: "mov x9, x11" x11=0xbfffa3a3 => x9=0xbfffa3a3
[07:17:16 068][libtiny.so 0x542478] [02080036] 0x40542478: "tbz w2, #0, #0x40542578" w2=0x13
[07:17:16 068][libtiny.so 0x54247c] [2a004039] 0x4054247c: "ldrb w10, [x1]" ; mem[READ] abs=0x407b5012 x1=0x407b5012 => w10=0x64
[07:17:16 068][libtiny.so 0x542480] [3d000014] 0x40542480: "b #0x40542574"
[07:17:16 068][libtiny.so 0x542574] [2a010039] 0x40542574: "strb w10, [x9]" ; mem[WRITE] abs=0xbfffa3a3 w10=0x64 x9=0xbfffa3a3 => w10=0x64
[07:17:16 068][libtiny.so 0x542578] [081540f9] 0x40542578: "ldr x8, [x8, #0x28]" ; mem[READ] abs=0xbffff740 x8=0xbffff718 => x8=0x0
[07:17:16 069][libtiny.so 0x54257c] [e90740f9] 0x4054257c: "ldr x9, [sp, #8]" ; mem[READ] abs=0xbfffa358 sp=0xbfffa350 => x9=0x0
[07:17:16 069][libtiny.so 0x542580] [1f0109eb] 0x40542580: "cmp x8, x9" x9=0x0 => nzcv=0x60000000 x8=0x0
[07:17:16 069][libtiny.so 0x542584] [81000054] 0x40542584: "b.ne #0x40542594" nzcv=0x60000000
[07:17:16 069][libtiny.so 0x542588] [fe0b40f9] 0x40542588: "ldr x30, [sp, #0x10]" ; mem[READ] abs=0xbfffa360 sp=0xbfffa350 => x30=0x405425b0
[07:17:16 069][libtiny.so 0x54258c] [ff830091] 0x4054258c: "add sp, sp, #0x20" sp=0xbfffa350 => sp=0xbfffa370
[07:17:16 069][libtiny.so 0x542590] [c0035fd6] 0x40542590: "ret"
[07:17:16 069][libtiny.so 0x5425b0] [681640f9] 0x405425b0: "ldr x8, [x19, #0x28]" ; mem[READ] abs=0xbffff740 x19=0xbffff718 => x8=0x0
[07:17:16 069][libtiny.so 0x5425b4] [e90740f9] 0x405425b4: "ldr x9, [sp, #8]" ; mem[READ] abs=0xbfffa378 sp=0xbfffa370 => x9=0x0
[07:17:16 069][libtiny.so 0x5425b8] [1f0109eb] 0x405425b8: "cmp x8, x9" x9=0x0 => nzcv=0x60000000 x8=0x0
[07:17:16 069][libtiny.so 0x5425bc] [81000054] 0x405425bc: "b.ne #0x405425cc" nzcv=0x60000000
[07:17:16 069][libtiny.so 0x5425c0] [fe4f41a9] 0x405425c0: "ldp x30, x19, [sp, #0x10]" ; mem[READ] abs=0xbfffa380 x30=0x405425b0 x19=0xbffff718 sp=0xbfffa370 => x30=0x404fe360 x19=0xbfffbf20
[07:17:16 069][libtiny.so 0x5425c4] [ff830091] 0x405425c4: "add sp, sp, #0x20" sp=0xbfffa370 => sp=0xbfffa390
[07:17:16 069][libtiny.so 0x5425c8] [c0035fd6] 0x405425c8: "ret"
[07:17:16 069][libtiny.so 0x4fe360] [08031b8b] 0x404fe360: "add x8, x24, x27" x24=0xbfffa391 x27=0x14 => x8=0xbfffa3a5
[07:17:16 069][libtiny.so 0x4fe364] [1ff11f38] 0x404fe364: "sturb wzr, [x8, #-1]" ; mem[WRITE] abs=0xbfffa3a4 x8=0xbfffa3a5
[07:17:16 069][libtiny.so 0x4fe368] [880240f9] 0x404fe368: "ldr x8, [x20]" ; mem[READ] abs=0xfffe1640 x20=0xfffe1640 => x8=0xfffe0ef0
[07:17:16 069][libtiny.so 0x4fe36c] [e00314aa] 0x404fe36c: "mov x0, x20" x20=0xfffe1640 => x0=0xfffe1640
[07:17:16 069][libtiny.so 0x4fe370] [e10315aa] 0x404fe370: "mov x1, x21" x21=0x38425407 => x1=0x38425407
[07:17:16 069][libtiny.so 0x4fe374] [e20316aa] 0x404fe374: "mov x2, x22" x22=0x407b5000 => x2=0x407b5000
[07:17:16 069][libtiny.so 0x4fe378] [08a942f9] 0x404fe378: "ldr x8, [x8, #0x550]" ; mem[READ] abs=0xfffe1440 x8=0xfffe0ef0 => x8=0xfffe0a80
[07:17:16 069][libtiny.so 0x4fe37c] [00013fd6] 0x404fe37c: "blr x8" x8=0xfffe0a80 => x30=0x404fe380
[07:17:16 069][libtiny.so 0x4fe380] [e80b40f9] 0x404fe380: "ldr x8, [sp, #0x10]" ; mem[READ] abs=0xbfffa3a0 sp=0xbfffa390 => x8=0x64696f72
[07:17:16 069][libtiny.so 0x4fe384] [e003c03d] 0x404fe384: "ldr q0, [sp]" ; mem[READ] abs=0xbfffa390 sp=0xbfffa390 => q0=0x646e612f6766632f31762f6970612f26
[07:17:16 069][libtiny.so 0x4fe388] [680a00f9] 0x404fe388: "str x8, [x19, #0x10]" ; mem[WRITE] abs=0xbfffbf30 x8=0x64696f72 x19=0xbfffbf20 => x8=0x64696f72
[07:17:16 069][libtiny.so 0x4fe38c] [6002803d] 0x404fe38c: "str q0, [x19]" ; mem[WRITE] abs=0xbfffbf20 q0=0x646e612f6766632f31762f6970612f26 x19=0xbfffbf20 => q0=0x646e612f6766632f31762f6970612f26
[07:17:16 069][libtiny.so 0x4fe390] [481740f9] 0x404fe390: "ldr x8, [x26, #0x28]" ; mem[READ] abs=0xbffff740 x26=0xbffff718 => x8=0x0
[07:17:16 069][libtiny.so 0x4fe394] [e90f40f9] 0x404fe394: "ldr x9, [sp, #0x18]" ; mem[READ] abs=0xbfffa3a8 sp=0xbfffa390 => x9=0x0
[07:17:16 069][libtiny.so 0x4fe398] [1f0109eb] 0x404fe398: "cmp x8, x9" x9=0x0 => nzcv=0x60000000 x8=0x0
[07:17:16 070][libtiny.so 0x4fe39c] [41010054] 0x404fe39c: "b.ne #0x404fe3c4" nzcv=0x60000000
[07:17:16 070][libtiny.so 0x4fe3a0] [f44f46a9] 0x404fe3a0: "ldp x20, x19, [sp, #0x60]" ; mem[READ] abs=0xbfffa3f0 x20=0xfffe1640 x19=0xbfffbf20 sp=0xbfffa390 => x20=0xfffe1640 x19=0xbfffc3e0
[07:17:16 070][libtiny.so 0x4fe3a4] [f65745a9] 0x404fe3a4: "ldp x22, x21, [sp, #0x50]" ; mem[READ] abs=0xbfffa3e0 x22=0x407b5000 x21=0x38425407 sp=0xbfffa390 => x22=0x43f743d4 x21=0x43f743d4
[07:17:16 070][libtiny.so 0x4fe3a8] [f85f44a9] 0x404fe3a8: "ldp x24, x23, [sp, #0x40]" ; mem[READ] abs=0xbfffa3d0 x24=0xbfffa391 x23=0x13 sp=0xbfffa390 => x24=0x43f743d4 x23=0x43f743d4
[07:17:16 070][libtiny.so 0x4fe3ac] [fa6743a9] 0x404fe3ac: "ldp x26, x25, [sp, #0x30]" ; mem[READ] abs=0xbfffa3c0 x26=0xbffff718 x25=0x43f743d4 sp=0xbfffa390 => x26=0x43f743d4 x25=0x43f743d4
[07:17:16 070][libtiny.so 0x4fe3b0] [fe6f42a9] 0x404fe3b0: "ldp x30, x27, [sp, #0x20]" ; mem[READ] abs=0xbfffa3b0 x30=0x404fe380 x27=0x14 sp=0xbfffa390 => x30=0x40197dc4 x27=0x43964124
[07:17:16 070][libtiny.so 0x4fe3b4] [ffc30191] 0x404fe3b4: "add sp, sp, #0x70" sp=0xbfffa390 => sp=0xbfffa400
[07:17:16 070][libtiny.so 0x4fe3b8] [c0035fd6] 0x404fe3b8: "ret"
[07:17:16 070][libtiny.so 0x197dc4] [682c00d0] 0x40197dc4: "adrp x8, #0x40725000" => x8=0x40725000
[07:17:16 070][libtiny.so 0x197dc8] [099943f9] 0x40197dc8: "ldr x9, [x8, #0x730]" ; mem[READ] abs=0x40725730 x8=0x40725000 => x9=0x4337d948
[07:17:16 070][libtiny.so 0x197dcc] [08058d52] 0x40197dcc: "movz w8, #0x6828" w8=0x40725000 => w8=0x6828
[07:17:16 071][libtiny.so 0x197dd0] [caffffb0] 0x40197dd0: "adrp x10, #0x40190000" => x10=0x40190000
[07:17:16 071][libtiny.so 0x197dd4] [a86aa072] 0x40197dd4: "movk w8, #0x355, lsl #16" w8=0x6828 => w8=0x3556828
[07:17:16 071][libtiny.so 0x197dd8] [4a412e91] 0x40197dd8: "add x10, x10, #0xb90" x10=0x40190000 => x10=0x40190b90
[07:17:16 072][libtiny.so 0x197ddc] [4801088b] 0x40197ddc: "add x8, x10, x8" x10=0x40190b90 x8=0x3556828 => x8=0x436e73b8
[07:17:16 072][libtiny.so 0x197de0] [0b439352] 0x40197de0: "movz w11, #0x9a18" w11=0xbfffa3a3 => w11=0x9a18
[07:17:16 072][libtiny.so 0x197de4] [4a01084b] 0x40197de4: "sub w10, w10, w8" w10=0x40190b90 w8=0x436e73b8 => w10=0xfcaa97d8
[07:17:16 072][libtiny.so 0x197de8] [cb06a072] 0x40197de8: "movk w11, #0x36, lsl #16" w11=0x9a18 => w11=0x369a18
[07:17:16 073][libtiny.so 0x197dec] [4a010b0b] 0x40197dec: "add w10, w10, w11" w10=0xfcaa97d8 w11=0x369a18 => w10=0xfce131f0
[07:17:16 073][libtiny.so 0x197df0] [29c12a8b] 0x40197df0: "add x9, x9, w10, sxtw" x9=0x4337d948 w10=0xfce131f0 => x9=0x40190b38
[07:17:16 073][libtiny.so 0x197df4] [20011fd6] 0x40197df4: "br x9" x9=0x40190b38
[07:17:16 073][libtiny.so 0x190b38] [e9048d92] 0x40190b38: "movn x9, #0x6827" x9=0x40190b38 => x9=0xffffffffffff97d8
[07:17:16 074][libtiny.so 0x190b3c] [4995bff2] 0x40190b3c: "movk x9, #0xfcaa, lsl #16" x9=0xffffffffffff97d8 => x9=0xfffffffffcaa97d8
[07:17:16 074][libtiny.so 0x190b40] [0801098b] 0x40190b40: "add x8, x8, x9" x8=0x436e73b8 x9=0xfffffffffcaa97d8 => x8=0x40190b90
[07:17:16 074][libtiny.so 0x190b44] [00011fd6] 0x40190b44: "br x8" x8=0x40190b90
[07:17:16 075][libtiny.so 0x190b90] [a82c00b0] 0x40190b90: "adrp x8, #0x40725000" => x8=0x40725000
[07:17:16 075][libtiny.so 0x190b94] [69f240f9] 0x40190b94: "ldr x9, [x19, #0x1e0]" ; mem[READ] abs=0xbfffc5c0 x19=0xbfffc3e0 => x9=0xbfffbf00
[07:17:16 075][libtiny.so 0x190b98] [0a7d42f9] 0x40190b98: "ldr x10, [x8, #0x4f8]" ; mem[READ] abs=0x407254f8 x8=0x40725000 => x10=0x4328db38
[07:17:16 075][libtiny.so 0x190b9c] [88e78052] 0x40190b9c: "movz w8, #0x73c" w8=0x40725000 => w8=0x73c
[07:17:16 075][libtiny.so 0x190ba0] [cbffffb0] 0x40190ba0: "adrp x11, #0x40189000" => x11=0x40189000
[07:17:16 076][libtiny.so 0x190ba4] [28d5a072] 0x40190ba4: "movk w8, #0x6a9, lsl #16" w8=0x73c => w8=0x6a9073c
[07:17:16 076][libtiny.so 0x190ba8] [6b512e91] 0x40190ba8: "add x11, x11, #0xb94" x11=0x40189000 => x11=0x40189b94
[07:17:16 076][libtiny.so 0x190bac] [6801088b] 0x40190bac: "add x8, x11, x8" x11=0x40189b94 x8=0x6a9073c => x8=0x46c1a2d0
[07:17:16 076][libtiny.so 0x190bb0] [0c369152] 0x40190bb0: "movz w12, #0x89b0" w12=0x4328d55c => w12=0x89b0
[07:17:16 077][libtiny.so 0x190bb4] [6b01084b] 0x40190bb4: "sub w11, w11, w8" w11=0x40189b94 w8=0x46c1a2d0 => w11=0xf956f8c4
[07:17:16 077][libtiny.so 0x190bb8] [0c73a072] 0x40190bb8: "movk w12, #0x398, lsl #16" w12=0x89b0 => w12=0x39889b0
[07:17:16 077][libtiny.so 0x190bbc] [6b010c0b] 0x40190bbc: "add w11, w11, w12" w11=0xf956f8c4 w12=0x39889b0 => w11=0xfcef8274
[07:17:16 077][libtiny.so 0x190bc0] [4ac12b8b] 0x40190bc0: "add x10, x10, w11, sxtw" x10=0x4328db38 w11=0xfcef8274 => x10=0x40185dac
[07:17:16 078][libtiny.so 0x190bc4] [69ea0df9] 0x40190bc4: "str x9, [x19, #0x1bd0]" ; mem[WRITE] abs=0xbfffdfb0 x9=0xbfffbf00 x19=0xbfffc3e0 => x9=0xbfffbf00
[07:17:16 078][libtiny.so 0x190bc8] [40011fd6] 0x40190bc8: "br x10" x10=0x40185dac
[07:17:16 078][libtiny.so 0x185dac] [092d0090] 0x40185dac: "adrp x9, #0x40725000" => x9=0x40725000
[07:17:16 078][libtiny.so 0x185db0] [297942f9] 0x40185db0: "ldr x9, [x9, #0x4f0]" ; mem[READ] abs=0x407254f0 x9=0x40725000 => x9=0x43865564
[07:17:16 079][libtiny.so 0x185db4] [eb3b9792] 0x40185db4: "movn x11, #0xb9df" x11=0xfcef8274 => x11=0xffffffffffff4620
[07:17:16 079][libtiny.so 0x185db8] [ead78892] 0x40185db8: "movn x10, #0x46bf" x10=0x40185dac => x10=0xffffffffffffb940
[07:17:16 079][libtiny.so 0x185dbc] [4b92bff2] 0x40185dbc: "movk x11, #0xfc92, lsl #16" x11=0xffffffffffff4620 => x11=0xfffffffffc924620
[07:17:16 080][libtiny.so 0x185dc0] [0a92bff2] 0x40185dc0: "movk x10, #0xfc90, lsl #16" x10=0xffffffffffffb940 => x10=0xfffffffffc90b940
[07:17:16 080][libtiny.so 0x185dc4] [29010b8b] 0x40185dc4: "add x9, x9, x11" x9=0x43865564 x11=0xfffffffffc924620 => x9=0x40189b84
[07:17:16 080][libtiny.so 0x185dc8] [08010a8b] 0x40185dc8: "add x8, x8, x10" x8=0x46c1a2d0 x10=0xfffffffffc90b940 => x8=0x43525c10
[07:17:16 080][libtiny.so 0x185dcc] [20011fd6] 0x40185dcc: "br x9" x9=0x40189b84
[07:17:16 080][libtiny.so 0x189b84] [690f9892] 0x40189b84: "movn x9, #0xc07b" x9=0x40189b84 => x9=0xffffffffffff3f84
[07:17:16 080][libtiny.so 0x189b88] [c998bff2] 0x40189b88: "movk x9, #0xfcc6, lsl #16" x9=0xffffffffffff3f84 => x9=0xfffffffffcc63f84
[07:17:16 080][libtiny.so 0x189b8c] [0801098b] 0x40189b8c: "add x8, x8, x9" x8=0x43525c10 x9=0xfffffffffcc63f84 => x8=0x40189b94
[07:17:16 080][libtiny.so 0x189b90] [00011fd6] 0x40189b90: "br x8" x8=0x40189b94
[07:17:16 081][libtiny.so 0x189b94] [68ea4df9] 0x40189b94: "ldr x8, [x19, #0x1bd0]" ; mem[READ] abs=0xbfffdfb0 x19=0xbfffc3e0 => x8=0xbfffbf00
[07:17:16 081][libtiny.so 0x189b98] [60e240f9] 0x40189b98: "ldr x0, [x19, #0x1c0]" ; mem[READ] abs=0xbfffc5a0 x19=0xbfffc3e0 => x0=0xbfffbf80
[07:17:16 081][libtiny.so 0x189b9c] [68f240f9] 0x40189b9c: "ldr x8, [x19, #0x1e0]" ; mem[READ] abs=0xbfffc5c0 x19=0xbfffc3e0 => x8=0xbfffbf00
[07:17:16 082][libtiny.so 0x189ba0] [611a40f9] 0x40189ba0: "ldr x1, [x19, #0x30]" ; mem[READ] abs=0xbfffc410 x19=0xbfffc3e0 => x1=0xfffe1640
[07:17:16 082][libtiny.so 0x189ba4] [bcd10d94] 0x40189ba4: "bl #0x404fe294"
[07:17:16 082][libtiny.so 0x4fe294] [ffc301d1] 0x404fe294: "sub sp, sp, #0x70" sp=0xbfffa400 => sp=0xbfffa390
[07:17:16 082][libtiny.so 0x4fe298] [fe6f02a9] 0x404fe298: "stp x30, x27, [sp, #0x20]" ; mem[WRITE] abs=0xbfffa3b0 x30=0x40189ba8 x27=0x43964124 sp=0xbfffa390 => x30=0x40189ba8 x27=0x43964124
[07:17:16 082][libtiny.so 0x4fe29c] [fa6703a9] 0x404fe29c: "stp x26, x25, [sp, #0x30]" ; mem[WRITE] abs=0xbfffa3c0 x26=0x43f743d4 x25=0x43f743d4 sp=0xbfffa390 => x26=0x43f743d4 x25=0x43f743d4
[07:17:16 082][libtiny.so 0x4fe2a0] [f85f04a9] 0x404fe2a0: "stp x24, x23, [sp, #0x40]" ; mem[WRITE] abs=0xbfffa3d0 x24=0x43f743d4 x23=0x43f743d4 sp=0xbfffa390 => x24=0x43f743d4 x23=0x43f743d4
[07:17:16 082][libtiny.so 0x4fe2a4] [f65705a9] 0x404fe2a4: "stp x22, x21, [sp, #0x50]" ; mem[WRITE] abs=0xbfffa3e0 x22=0x43f743d4 x21=0x43f743d4 sp=0xbfffa390 => x22=0x43f743d4 x21=0x43f743d4
[07:17:16 082][libtiny.so 0x4fe2a8] [f44f06a9] 0x404fe2a8: "stp x20, x19, [sp, #0x60]" ; mem[WRITE] abs=0xbfffa3f0 x20=0xfffe1640 x19=0xbfffc3e0 sp=0xbfffa390 => x20=0xfffe1640 x19=0xbfffc3e0
[07:17:16 082][libtiny.so 0x4fe2ac] [5ad03bd5] 0x404fe2ac: "mrs x26, tpidr_el0" x26=0x43f743d4 => x26=0xbffff718
[07:17:16 082][libtiny.so 0x4fe2b0] [491740f9] 0x404fe2b0: "ldr x9, [x26, #0x28]" ; mem[READ] abs=0xbffff740 x26=0xbffff718 => x9=0x0
[07:17:16 082][libtiny.so 0x4fe2b4] [f30308aa] 0x404fe2b4: "mov x19, x8" x8=0xbfffbf00 => x19=0xbfffbf00
[07:17:16 082][libtiny.so 0x4fe2b8] [e90f00f9] 0x404fe2b8: "str x9, [sp, #0x18]" ; mem[WRITE] abs=0xbfffa3a8 x9=0x0 sp=0xbfffa390 => x9=0x0
[07:17:16 082][libtiny.so 0x4fe2bc] [150040f9] 0x404fe2bc: "ldr x21, [x0]" ; mem[READ] abs=0xbfffbf80 x0=0xbfffbf80 => x21=0x0
[07:17:16 082][libtiny.so 0x4fe2c0] [550300b4] 0x404fe2c0: "cbz x21, #0x404fe328" x21=0x0
[07:17:16 082][libtiny.so 0x4fe328] [7f020079] 0x404fe328: "strh wzr, [x19]" ; mem[WRITE] abs=0xbfffbf00 x19=0xbfffbf00
[07:17:16 083][libtiny.so 0x4fe32c] [19000014] 0x404fe32c: "b #0x404fe390"
[07:17:16 083][libtiny.so 0x4fe390] [481740f9] 0x404fe390: "ldr x8, [x26, #0x28]" ; mem[READ] abs=0xbffff740 x26=0xbffff718 => x8=0x0
[07:17:16 083][libtiny.so 0x4fe394] [e90f40f9] 0x404fe394: "ldr x9, [sp, #0x18]" ; mem[READ] abs=0xbfffa3a8 sp=0xbfffa390 => x9=0x0
[07:17:16 083][libtiny.so 0x4fe398] [1f0109eb] 0x404fe398: "cmp x8, x9" x9=0x0 => nzcv=0x60000000 x8=0x0
[07:17:16 083][libtiny.so 0x4fe39c] [41010054] 0x404fe39c: "b.ne #0x404fe3c4" nzcv=0x60000000
[07:17:16 083][libtiny.so 0x4fe3a0] [f44f46a9] 0x404fe3a0: "ldp x20, x19, [sp, #0x60]" ; mem[READ] abs=0xbfffa3f0 x20=0xfffe1640 x19=0xbfffbf00 sp=0xbfffa390 => x20=0xfffe1640 x19=0xbfffc3e0
[07:17:16 083][libtiny.so 0x4fe3a4] [f65745a9] 0x404fe3a4: "ldp x22, x21, [sp, #0x50]" ; mem[READ] abs=0xbfffa3e0 x22=0x43f743d4 x21=0x0 sp=0xbfffa390 => x22=0x43f743d4 x21=0x43f743d4
[07:17:16 083][libtiny.so 0x4fe3a8] [f85f44a9] 0x404fe3a8: "ldp x24, x23, [sp, #0x40]" ; mem[READ] abs=0xbfffa3d0 x24=0x43f743d4 x23=0x43f743d4 sp=0xbfffa390 => x24=0x43f743d4 x23=0x43f743d4
[07:17:16 083][libtiny.so 0x4fe3ac] [fa6743a9] 0x404fe3ac: "ldp x26, x25, [sp, #0x30]" ; mem[READ] abs=0xbfffa3c0 x26=0xbffff718 x25=0x43f743d4 sp=0xbfffa390 => x26=0x43f743d4 x25=0x43f743d4
[07:17:16 083][libtiny.so 0x4fe3b0] [fe6f42a9] 0x404fe3b0: "ldp x30, x27, [sp, #0x20]" ; mem[READ] abs=0xbfffa3b0 x30=0x40189ba8 x27=0x43964124 sp=0xbfffa390 => x30=0x40189ba8 x27=0x43964124
[07:17:16 083][libtiny.so 0x4fe3b4] [ffc30191] 0x404fe3b4: "add sp, sp, #0x70" sp=0xbfffa390 => sp=0xbfffa400
[07:17:16 083][libtiny.so 0x4fe3b8] [c0035fd6] 0x404fe3b8: "ret"
[07:17:16 083][libtiny.so 0x189ba8] [68f640f9] 0x40189ba8: "ldr x8, [x19, #0x1e8]" ; mem[READ] abs=0xbfffc5c8 x19=0xbfffc3e0 => x8=0xbfffbee0
[07:17:16 083][libtiny.so 0x189bac] [6e064091] 0x40189bac: "add x14, x19, #1, lsl #12" x19=0xbfffc3e0 => x14=0xbfffd3e0
[07:17:16 083][libtiny.so 0x189bb0] [cedd0091] 0x40189bb0: "add x14, x14, #0x37" x14=0xbfffd3e0 => x14=0xbfffd417
[07:17:16 085][libtiny.so 0x189bb4] [896c9f52] 0x40189bb4: "movz w9, #0xfb64" w9=0x0 => w9=0xfb64
[07:17:16 085][libtiny.so 0x189bb8] [68ee0df9] 0x40189bb8: "str x8, [x19, #0x1bd8]" ; mem[WRITE] abs=0xbfffdfb8 x8=0xbfffbee0 x19=0xbfffc3e0 => x8=0xbfffbee0
[07:17:16 085][libtiny.so 0x189bbc] [68ee4df9] 0x40189bbc: "ldr x8, [x19, #0x1bd8]" ; mem[READ] abs=0xbfffdfb8 x19=0xbfffc3e0 => x8=0xbfffbee0
[07:17:16 085][libtiny.so 0x189bc0] [68ee4df9] 0x40189bc0: "ldr x8, [x19, #0x1bd8]" ; mem[READ] abs=0xbfffdfb8 x19=0xbfffc3e0 => x8=0xbfffbee0
[07:17:16 086][libtiny.so 0x189bc4] [0a0000d0] 0x40189bc4: "adrp x10, #0x4018b000" => x10=0x4018b000
[07:17:16 086][libtiny.so 0x189bc8] [0d6a9a52] 0x40189bc8: "movz w13, #0xd350" w13=0xfffe0ef0 => w13=0xd350
[07:17:16 086][libtiny.so 0x189bcc] [a9f2a072] 0x40189bcc: "movk w9, #0x795, lsl #16" w9=0xfb64 => w9=0x795fb64
[07:17:16 087][libtiny.so 0x189bd0] [1f010039] 0x40189bd0: "strb wzr, [x8]" ; mem[WRITE] abs=0xbfffbee0 x8=0xbfffbee0
[07:17:16 087][libtiny.so 0x189bd4] [68f640f9] 0x40189bd4: "ldr x8, [x19, #0x1e8]" ; mem[READ] abs=0xbfffc5c8 x19=0xbfffc3e0 => x8=0xbfffbee0
[07:17:16 087][libtiny.so 0x189bd8] [4a911e91] 0x40189bd8: "add x10, x10, #0x7a4" x10=0x4018b000 => x10=0x4018b7a4
[07:17:16 087][libtiny.so 0x189bdc] [4d87a072] 0x40189bdc: "movk w13, #0x43a, lsl #16" w13=0xd350 => w13=0x43ad350
[07:17:16 088][libtiny.so 0x189be0] [4901098b] 0x40189be0: "add x9, x10, x9" x10=0x4018b7a4 x9=0x795fb64 => x9=0x47aeb308
[07:17:16 088][libtiny.so 0x189be4] [08610091] 0x40189be4: "add x8, x8, #0x18" x8=0xbfffbee0 => x8=0xbfffbef8
[07:17:16 088][libtiny.so 0x189be8] [68f20df9] 0x40189be8: "str x8, [x19, #0x1be0]" ; mem[WRITE] abs=0xbfffdfc0 x8=0xbfffbef8 x19=0xbfffc3e0 => x8=0xbfffbef8
[07:17:16 088][libtiny.so 0x189bec] [68f24df9] 0x40189bec: "ldr x8, [x19, #0x1be0]" ; mem[READ] abs=0xbfffdfc0 x19=0xbfffc3e0 => x8=0xbfffbef8
[07:17:16 089][libtiny.so 0x189bf0] [4a010d0b] 0x40189bf0: "add w10, w10, w13" w10=0x4018b7a4 w13=0x43ad350 => w10=0x44538af4
[07:17:16 089][libtiny.so 0x189bf4] [0b5c8e52] 0x40189bf4: "movz w11, #0x72e0" w11=0xfc924620 => w11=0x72e0
[07:17:16 089][libtiny.so 0x189bf8] [4c0000d0] 0x40189bf8: "adrp x12, #0x40193000" => x12=0x40193000
[07:17:16 089][libtiny.so 0x189bfc] [1f010039] 0x40189bfc: "strb wzr, [x8]" ; mem[WRITE] abs=0xbfffbef8 x8=0xbfffbef8
[07:17:16 090][libtiny.so 0x189c00] [68d64df9] 0x40189c00: "ldr x8, [x19, #0x1ba8]" ; mem[READ] abs=0xbfffdf88 x19=0xbfffc3e0 => x8=0x1184ab05
[07:17:16 090][libtiny.so 0x189c04] [2be3a072] 0x40189c04: "movk w11, #0x719, lsl #16" w11=0x72e0 => w11=0x71972e0
[07:17:16 090][libtiny.so 0x189c08] [8c811191] 0x40189c08: "add x12, x12, #0x460" x12=0x40193000 => x12=0x40193460
[07:17:16 091][libtiny.so 0x189c0c] [1f0100f1] 0x40189c0c: "cmp x8, #0" => nzcv=0x7ffe20000000 x8=0x1184ab05
[07:17:16 091][libtiny.so 0x189c10] [e8179f1a] 0x40189c10: "cset w8, eq" nzcv=0x20000000 => w8=0x0
[07:17:16 091][libtiny.so 0x189c14] [c8e12e39] 0x40189c14: "strb w8, [x14, #0xbb8]" ; mem[WRITE] abs=0xbfffdfcf w8=0x0 x14=0xbfffd417 => w8=0x0
[07:17:16 091][libtiny.so 0x189c18] [c8e16e39] 0x40189c18: "ldrb w8, [x14, #0xbb8]" ; mem[READ] abs=0xbfffdfcf x14=0xbfffd417 => w8=0x0
[07:17:16 092][libtiny.so 0x189c1c] [cde16e39] 0x40189c1c: "ldrb w13, [x14, #0xbb8]" ; mem[READ] abs=0xbfffdfcf x14=0xbfffd417 => w13=0x0
[07:17:16 092][libtiny.so 0x189c20] [cee16e39] 0x40189c20: "ldrb w14, [x14, #0xbb8]" ; mem[READ] abs=0xbfffdfcf x14=0xbfffd417 => w14=0x0
[07:17:16 092][libtiny.so 0x189c24] [1f010071] 0x40189c24: "cmp w8, #0" => nzcv=0x7ffe60000000 w8=0x0
[07:17:16 092][libtiny.so 0x189c28] [88010b8b] 0x40189c28: "add x8, x12, x11" x12=0x40193460 x11=0x71972e0 => x8=0x4732a740
[07:17:16 093][libtiny.so 0x189c2c] [0811899a] 0x40189c2c: "csel x8, x8, x9, ne" nzcv=0x60000000 x8=0x4732a740 x9=0x47aeb308 => x8=0x47aeb308
[07:17:16 093][libtiny.so 0x189c30] [09018152] 0x40189c30: "movz w9, #0x808" w9=0x47aeb308 => w9=0x808
[07:17:16 093][libtiny.so 0x189c34] [df010071] 0x40189c34: "cmp w14, #0" => nzcv=0x7ffe60000000 w14=0x0
[07:17:16 093][libtiny.so 0x189c38] [0bbb8152] 0x40189c38: "movz w11, #0xdd8" w11=0x71972e0 => w11=0xdd8
[07:17:16 094][libtiny.so 0x189c3c] [ce2c00f0] 0x40189c3c: "adrp x14, #0x40724000" => x14=0x40724000
[07:17:16 094][libtiny.so 0x189c40] [6911899a] 0x40189c40: "csel x9, x11, x9, ne" nzcv=0x60000000 x11=0xdd8 x9=0x808 => x9=0x808
[07:17:16 094][libtiny.so 0x189c44] [0b709e52] 0x40189c44: "movz w11, #0xf380" w11=0xdd8 => w11=0xf380
[07:17:16 094][libtiny.so 0x189c48] [ce813591] 0x40189c48: "add x14, x14, #0xd60" x14=0x40724000 => x14=0x40724d60
[07:17:16 095][libtiny.so 0x189c4c] [8b79a072] 0x40189c4c: "movk w11, #0x3cc, lsl #16" w11=0xf380 => w11=0x3ccf380
[07:17:16 095][libtiny.so 0x189c50] [c96969f8] 0x40189c50: "ldr x9, [x14, x9]" ; mem[READ] abs=0x40725568 x14=0x40724d60 x9=0x808 => x9=0x4373e0bc
[07:17:16 095][libtiny.so 0x189c54] [8b010b0b] 0x40189c54: "add w11, w12, w11" w12=0x40193460 w11=0x3ccf380 => w11=0x43e627e0
[07:17:16 095][libtiny.so 0x189c58] [bf010071] 0x40189c58: "cmp w13, #0" => nzcv=0x7ffe60000000 w13=0x0
[07:17:16 096][libtiny.so 0x189c5c] [6a118a1a] 0x40189c5c: "csel w10, w11, w10, ne" nzcv=0x60000000 w11=0x43e627e0 w10=0x44538af4 => w10=0x44538af4
[07:17:16 096][libtiny.so 0x189c60] [4a01084b] 0x40189c60: "sub w10, w10, w8" w10=0x44538af4 w8=0x47aeb308 => w10=0xfca4d7ec
[07:17:16 096][libtiny.so 0x189c64] [29c12a8b] 0x40189c64: "add x9, x9, w10, sxtw" x9=0x4373e0bc w10=0xfca4d7ec => x9=0x4018b8a8
[07:17:16 096][libtiny.so 0x189c68] [20011fd6] 0x40189c68: "br x9" x9=0x4018b8a8
[07:17:16 096][libtiny.so 0x18b8a8] [c92c00d0] 0x4018b8a8: "adrp x9, #0x40725000" => x9=0x40725000
[07:17:16 096][libtiny.so 0x18b8ac] [29b142f9] 0x4018b8ac: "ldr x9, [x9, #0x560]" ; mem[READ] abs=0x40725560 x9=0x40725000 => x9=0x43a0d520
[07:17:16 096][libtiny.so 0x18b8b0] [6bf98392] 0x4018b8b0: "movn x11, #0x1fcb" x11=0x43e627e0 => x11=0xffffffffffffe034
[07:17:16 096][libtiny.so 0x18b8b4] [eadd8492] 0x4018b8b4: "movn x10, #0x26ef" x10=0xfca4d7ec => x10=0xffffffffffffd910
[07:17:16 096][libtiny.so 0x18b8b8] [eb8ebff2] 0x4018b8b8: "movk x11, #0xfc77, lsl #16" x11=0xffffffffffffe034 => x11=0xfffffffffc77e034
[07:17:16 096][libtiny.so 0x18b8bc] [0a8bbff2] 0x4018b8bc: "movk x10, #0xfc58, lsl #16" x10=0xffffffffffffd910 => x10=0xfffffffffc58d910
[07:17:16 096][libtiny.so 0x18b8c0] [29010b8b] 0x4018b8c0: "add x9, x9, x11" x9=0x43a0d520 x11=0xfffffffffc77e034 => x9=0x4018b554
[07:17:16 096][libtiny.so 0x18b8c4] [08010a8b] 0x4018b8c4: "add x8, x8, x10" x8=0x47aeb308 x10=0xfffffffffc58d910 => x8=0x44078c18
[07:17:16 096][libtiny.so 0x18b8c8] [20011fd6] 0x4018b8c8: "br x9" x9=0x4018b554
[07:17:16 096][libtiny.so 0x18b554] [698e9a92] 0x4018b554: "movn x9, #0xd473" x9=0x4018b554 => x9=0xffffffffffff2b8c
[07:17:16 096][libtiny.so 0x18b558] [2982bff2] 0x4018b558: "movk x9, #0xfc11, lsl #16" x9=0xffffffffffff2b8c => x9=0xfffffffffc112b8c
[07:17:16 096][libtiny.so 0x18b55c] [0801098b] 0x4018b55c: "add x8, x8, x9" x8=0x44078c18 x9=0xfffffffffc112b8c => x8=0x4018b7a4
[07:17:16 096][libtiny.so 0x18b560] [00011fd6] 0x4018b560: "br x8" x8=0x4018b7a4
[07:17:16 097][libtiny.so 0x18b7a4] [68d64df9] 0x4018b7a4: "ldr x8, [x19, #0x1ba8]" ; mem[READ] abs=0xbfffdf88 x19=0xbfffc3e0 => x8=0x1184ab05
[07:17:16 097][libtiny.so 0x18b7a8] [68fe0df9] 0x4018b7a8: "str x8, [x19, #0x1bf8]" ; mem[WRITE] abs=0xbfffdfd8 x8=0x1184ab05 x19=0xbfffc3e0 => x8=0x1184ab05
[07:17:16 098][libtiny.so 0x18b7ac] [68fa40f9] 0x4018b7ac: "ldr x8, [x19, #0x1f0]" ; mem[READ] abs=0xbfffc5d0 x19=0xbfffc3e0 => x8=0xbfffbec0
[07:17:16 098][libtiny.so 0x18b7b0] [68020ef9] 0x4018b7b0: "str x8, [x19, #0x1c00]" ; mem[WRITE] abs=0xbfffdfe0 x8=0xbfffbec0 x19=0xbfffc3e0 => x8=0xbfffbec0
[07:17:16 098][libtiny.so 0x18b7b4] [68024ef9] 0x4018b7b4: "ldr x8, [x19, #0x1c00]" ; mem[READ] abs=0xbfffdfe0 x19=0xbfffc3e0 => x8=0xbfffbec0
[07:17:16 099][libtiny.so 0x18b7b8] [68024ef9] 0x4018b7b8: "ldr x8, [x19, #0x1c00]" ; mem[READ] abs=0xbfffdfe0 x19=0xbfffc3e0 => x8=0xbfffbec0
[07:17:16 099][libtiny.so 0x18b7bc] [1ffd00a9] 0x4018b7bc: "stp xzr, xzr, [x8, #8]" ; mem[WRITE] abs=0xbfffbec8 x8=0xbfffbec0
[07:17:16 099][libtiny.so 0x18b7c0] [1f0100f9] 0x4018b7c0: "str xzr, [x8]" ; mem[WRITE] abs=0xbfffbec0 x8=0xbfffbec0
[07:17:16 099][libtiny.so 0x18b7c4] [61d64df9] 0x4018b7c4: "ldr x1, [x19, #0x1ba8]" ; mem[READ] abs=0xbfffdf88 x19=0xbfffc3e0 => x1=0x1184ab05
[07:17:16 100][libtiny.so 0x18b7c8] [68a64df9] 0x4018b7c8: "ldr x8, [x19, #0x1b48]" ; mem[READ] abs=0xbfffdf28 x19=0xbfffc3e0 => x8=0xfffe1640
[07:17:16 100][libtiny.so 0x18b7cc] [601a40f9] 0x4018b7cc: "ldr x0, [x19, #0x30]" ; mem[READ] abs=0xbfffc410 x19=0xbfffc3e0 => x0=0xfffe1640
[07:17:16 100][libtiny.so 0x18b7d0] [080140f9] 0x4018b7d0: "ldr x8, [x8]" ; mem[READ] abs=0xfffe1640 x8=0xfffe1640 => x8=0xfffe0ef0
[07:17:16 100][libtiny.so 0x18b7d4] [08ad42f9] 0x4018b7d4: "ldr x8, [x8, #0x558]" ; mem[READ] abs=0xfffe1448 x8=0xfffe0ef0 => x8=0xfffe0a90
[07:17:16 101][libtiny.so 0x18b7d8] [00013fd6] 0x4018b7d8: "blr x8" x8=0xfffe0a90 => x30=0x4018b7dc
[07:17:16 101][libtiny.so 0x18b7dc] [600e1cb9] 0x4018b7dc: "str w0, [x19, #0x1c0c]" ; mem[WRITE] abs=0xbfffdfec w0=0xad x19=0xbfffc3e0 => w0=0xad
[07:17:16 101][libtiny.so 0x18b7e0] [08679b52] 0x4018b7e0: "movz w8, #0xdb38" w8=0xfffe0a90 => w8=0xdb38
[07:17:16 102][libtiny.so 0x18b7e4] [e9ffffd0] 0x4018b7e4: "adrp x9, #0x40189000" => x9=0x40189000
[07:17:16 102][libtiny.so 0x18b7e8] [cb2c00d0] 0x4018b7e8: "adrp x11, #0x40725000" => x11=0x40725000
[07:17:16 102][libtiny.so 0x18b7ec] [e865a072] 0x4018b7ec: "movk w8, #0x32f, lsl #16" w8=0xdb38 => w8=0x32fdb38
[07:17:16 102][libtiny.so 0x18b7f0] [29110891] 0x4018b7f0: "add x9, x9, #0x204" x9=0x40189000 => x9=0x40189204
[07:17:16 102][libtiny.so 0x18b7f4] [6a0e9cb9] 0x4018b7f4: "ldrsw x10, [x19, #0x1c0c]" ; mem[READ] abs=0xbfffdfec x10=0xfffffffffc58d910 x19=0xbfffc3e0 => x10=0xad
[07:17:16 102][libtiny.so 0x18b7f8] [6b5942f9] 0x4018b7f8: "ldr x11, [x11, #0x4b0]" ; mem[READ] abs=0x407254b0 x11=0x40725000 => x11=0x44093ca4
[07:17:16 103][libtiny.so 0x18b7fc] [2801088b] 0x4018b7fc: "add x8, x9, x8" x9=0x40189204 x8=0x32fdb38 => x8=0x43486d3c
[07:17:16 103][libtiny.so 0x18b800] [8cc18552] 0x4018b800: "movz w12, #0x2e0c" w12=0x40193460 => w12=0x2e0c
[07:17:16 103][libtiny.so 0x18b804] [2901084b] 0x4018b804: "sub w9, w9, w8" w9=0x40189204 w8=0x43486d3c => w9=0xfcd024c8
[07:17:16 104][libtiny.so 0x18b808] [ece7bf72] 0x4018b808: "movk w12, #0xff3f, lsl #16" w12=0x2e0c => w12=0xff3f2e0c
[07:17:16 104][libtiny.so 0x18b80c] [29010c0b] 0x4018b80c: "add w9, w9, w12" w9=0xfcd024c8 w12=0xff3f2e0c => w9=0xfc0f52d4
[07:17:16 104][libtiny.so 0x18b810] [69c1298b] 0x4018b810: "add x9, x11, w9, sxtw" x11=0x44093ca4 w9=0xfc0f52d4 => x9=0x40188f78
[07:17:16 105][libtiny.so 0x18b814] [6a0a0ef9] 0x4018b814: "str x10, [x19, #0x1c10]" ; mem[WRITE] abs=0xbfffdff0 x10=0xad x19=0xbfffc3e0 => x10=0xad
[07:17:16 105][libtiny.so 0x18b818] [20011fd6] 0x4018b818: "br x9" x9=0x40188f78
[07:17:16 105][libtiny.so 0x188f78] [e9669b92] 0x40188f78: "movn x9, #0xdb37" x9=0x40188f78 => x9=0xffffffffffff24c8
[07:17:16 105][libtiny.so 0x188f7c] [099abff2] 0x40188f7c: "movk x9, #0xfcd0, lsl #16" x9=0xffffffffffff24c8 => x9=0xfffffffffcd024c8
[07:17:16 105][libtiny.so 0x188f80] [0801098b] 0x40188f80: "add x8, x8, x9" x8=0x43486d3c x9=0xfffffffffcd024c8 => x8=0x40189204
[07:17:16 106][libtiny.so 0x188f84] [00011fd6] 0x40188f84: "br x8" x8=0x40189204
[07:17:16 106][libtiny.so 0x189204] [60fa40f9] 0x40189204: "ldr x0, [x19, #0x1f0]" ; mem[READ] abs=0xbfffc5d0 x19=0xbfffc3e0 => x0=0xbfffbec0
[07:17:16 106][libtiny.so 0x189208] [610a4ef9] 0x40189208: "ldr x1, [x19, #0x1c10]" ; mem[READ] abs=0xbfffdff0 x19=0xbfffc3e0 => x1=0xad
[07:17:16 107][libtiny.so 0x18920c] [e2031f2a] 0x4018920c: "mov w2, wzr" => w2=0x0
[07:17:16 107][libtiny.so 0x189210] [9cdffe97] 0x40189210: "bl #0x40141080"
[07:17:16 107][libtiny.so 0x141080] [fd7bbfa9] 0x40141080: "stp x29, x30, [sp, #-0x10]!" ; mem[WRITE] abs=0xbfffa3f0 x29=0xbffff6b0 x30=0x40189214 sp=0xbfffa400 => x29=0xbffff6b0 x30=0x40189214 sp=0xbfffa3f0
[07:17:16 107][libtiny.so 0x141084] [fd030091] 0x40141084: "mov x29, sp" sp=0xbfffa3f0 => x29=0xbfffa3f0
[07:17:16 108][libtiny.so 0x141088] [08004039] 0x40141088: "ldrb w8, [x0]" ; mem[READ] abs=0xbfffbec0 x0=0xbfffbec0 => w8=0x0
[07:17:16 108][libtiny.so 0x14108c] [48010037] 0x4014108c: "tbnz w8, #0, #0x401410b4" w8=0x0
[07:17:16 108][libtiny.so 0x141090] [08fd41d3] 0x40141090: "lsr x8, x8, #1" x8=0x0 => x8=0x0
[07:17:16 108][libtiny.so 0x141094] [1f0101eb] 0x40141094: "cmp x8, x1" x1=0xad => nzcv=0x7ffe80000000 x8=0x0
[07:17:16 109][libtiny.so 0x141098] [43010054] 0x40141098: "b.lo #0x401410c0" nzcv=0x80000000
[07:17:16 109][libtiny.so 0x1410c0] [210008cb] 0x401410c0: "sub x1, x1, x8" x1=0xad x8=0x0 => x1=0xad
[07:17:16 109][libtiny.so 0x1410c4] [a8feff97] 0x401410c4: "bl #0x40140b64"
[07:17:16 109][libtiny.so 0x140b64] [fd7bbca9] 0x40140b64: "stp x29, x30, [sp, #-0x40]!" ; mem[WRITE] abs=0xbfffa3b0 x29=0xbfffa3f0 x30=0x401410c8 sp=0xbfffa3f0 => x29=0xbfffa3f0 x30=0x401410c8 sp=0xbfffa3b0
[07:17:16 111][libtiny.so 0x140b68] [f70b00f9] 0x40140b68: "str x23, [sp, #0x10]" ; mem[WRITE] abs=0xbfffa3c0 x23=0x43f743d4 sp=0xbfffa3b0 => x23=0x43f743d4
[07:17:16 111][libtiny.so 0x140b6c] [f65702a9] 0x40140b6c: "stp x22, x21, [sp, #0x20]" ; mem[WRITE] abs=0xbfffa3d0 x22=0x43f743d4 x21=0x43f743d4 sp=0xbfffa3b0 => x22=0x43f743d4 x21=0x43f743d4
[07:17:16 111][libtiny.so 0x140b70] [f44f03a9] 0x40140b70: "stp x20, x19, [sp, #0x30]" ; mem[WRITE] abs=0xbfffa3e0 x20=0xfffe1640 x19=0xbfffc3e0 sp=0xbfffa3b0 => x20=0xfffe1640 x19=0xbfffc3e0
[07:17:16 112][libtiny.so 0x140b74] [fd030091] 0x40140b74: "mov x29, sp" sp=0xbfffa3b0 => x29=0xbfffa3b0
[07:17:16 112][libtiny.so 0x140b78] [f30300aa] 0x40140b78: "mov x19, x0" x0=0xbfffbec0 => x19=0xbfffbec0
[07:17:16 112][libtiny.so 0x140b7c] [e10400b4] 0x40140b7c: "cbz x1, #0x40140c18" x1=0xad
[07:17:16 112][libtiny.so 0x140b80] [68024039] 0x40140b80: "ldrb w8, [x19]" ; mem[READ] abs=0xbfffbec0 x19=0xbfffbec0 => w8=0x0
[07:17:16 113][libtiny.so 0x140b84] [f503022a] 0x40140b84: "mov w21, w2" w2=0x0 => w21=0x0
[07:17:16 113][libtiny.so 0x140b88] [f40301aa] 0x40140b88: "mov x20, x1" x1=0xad => x20=0xad
[07:17:16 113][libtiny.so 0x140b8c] [88000037] 0x40140b8c: "tbnz w8, #0, #0x40140b9c" w8=0x0
[07:17:16 149][libtiny.so 0x140b90] [16fd41d3] 0x40140b90: "lsr x22, x8, #1" x22=0x43f743d4 x8=0x0 => x22=0x0
[07:17:16 150][libtiny.so 0x140b94] [c1028052] 0x40140b94: "movz w1, #0x16" w1=0xad => w1=0x16
[07:17:16 150][libtiny.so 0x140b98] [04000014] 0x40140b98: "b #0x40140ba8"
[07:17:16 150][libtiny.so 0x140ba8] [290016cb] 0x40140ba8: "sub x9, x1, x22" x1=0x16 x22=0x0 => x9=0x16
[07:17:16 150][libtiny.so 0x140bac] [3f0114eb] 0x40140bac: "cmp x9, x20" x20=0xad => nzcv=0x7ffe80000000 x9=0x16
[07:17:16 151][libtiny.so 0x140bb0] [42010054] 0x40140bb0: "b.hs #0x40140bd8" nzcv=0x80000000
[07:17:16 151][libtiny.so 0x140bb4] [c802148b] 0x40140bb4: "add x8, x22, x20" x22=0x0 x20=0xad => x8=0xad
[07:17:16 151][libtiny.so 0x140bb8] [020101cb] 0x40140bb8: "sub x2, x8, x1" x8=0xad x1=0x16 => x2=0x97
[07:17:16 151][libtiny.so 0x140bbc] [e00313aa] 0x40140bbc: "mov x0, x19" x19=0xbfffbec0 => x0=0xbfffbec0
[07:17:16 151][libtiny.so 0x140bc0] [e30316aa] 0x40140bc0: "mov x3, x22" x22=0x0 => x3=0x0
[07:17:16 152][libtiny.so 0x140bc4] [e40316aa] 0x40140bc4: "mov x4, x22" x22=0x0 => x4=0x0
[07:17:16 152][libtiny.so 0x140bc8] [e5031faa] 0x40140bc8: "mov x5, xzr" => x5=0x0
[07:17:16 152][libtiny.so 0x140bcc] [e6031faa] 0x40140bcc: "mov x6, xzr" => x6=0x0
[07:17:16 152][libtiny.so 0x140bd0] [69feff97] 0x40140bd0: "bl #0x40140574"
[07:17:16 153][libtiny.so 0x140574] [fd7bbaa9] 0x40140574: "stp x29, x30, [sp, #-0x60]!" ; mem[WRITE] abs=0xbfffa350 x29=0xbfffa3b0 x30=0x40140bd4 sp=0xbfffa3b0 => x29=0xbfffa3b0 x30=0x40140bd4 sp=0xbfffa350
[07:17:16 153][libtiny.so 0x140578] [fb0b00f9] 0x40140578: "str x27, [sp, #0x10]" ; mem[WRITE] abs=0xbfffa360 x27=0x43964124 sp=0xbfffa350 => x27=0x43964124
[07:17:16 153][libtiny.so 0x14057c] [fa6702a9] 0x4014057c: "stp x26, x25, [sp, #0x20]" ; mem[WRITE] abs=0xbfffa370 x26=0x43f743d4 x25=0x43f743d4 sp=0xbfffa350 => x26=0x43f743d4 x25=0x43f743d4
[07:17:16 153][libtiny.so 0x140580] [f85f03a9] 0x40140580: "stp x24, x23, [sp, #0x30]" ; mem[WRITE] abs=0xbfffa380 x24=0x43f743d4 x23=0x43f743d4 sp=0xbfffa350 => x24=0x43f743d4 x23=0x43f743d4
[07:17:16 154][libtiny.so 0x140584] [f65704a9] 0x40140584: "stp x22, x21, [sp, #0x40]" ; mem[WRITE] abs=0xbfffa390 x22=0x0 x21=0x0 sp=0xbfffa350 => x22=0x0 x21=0x0
[07:17:16 154][libtiny.so 0x140588] [f44f05a9] 0x40140588: "stp x20, x19, [sp, #0x50]" ; mem[WRITE] abs=0xbfffa3a0 x20=0xad x19=0xbfffbec0 sp=0xbfffa350 => x20=0xad x19=0xbfffbec0
[07:17:16 154][libtiny.so 0x14058c] [fd030091] 0x4014058c: "mov x29, sp" sp=0xbfffa350 => x29=0xbfffa350
[07:17:16 154][libtiny.so 0x140590] [08028092] 0x40140590: "movn x8, #0x10" x8=0xad => x8=0xffffffffffffffef
[07:17:16 154][libtiny.so 0x140594] [080101cb] 0x40140594: "sub x8, x8, x1" x8=0xffffffffffffffef x1=0x16 => x8=0xffffffffffffffd9
[07:17:16 155][libtiny.so 0x140598] [1f0102eb] 0x40140598: "cmp x8, x2" x2=0x97 => nzcv=0x7ffea0000000 x8=0xffffffffffffffd9
[07:17:16 155][libtiny.so 0x14059c] [23070054] 0x4014059c: "b.lo #0x40140680" nzcv=0xa0000000
[07:17:16 155][libtiny.so 0x1405a0] [08004039] 0x401405a0: "ldrb w8, [x0]" ; mem[READ] abs=0xbfffbec0 x0=0xbfffbec0 => w8=0x0
[07:17:16 155][libtiny.so 0x1405a4] [f50306aa] 0x401405a4: "mov x21, x6" x6=0x0 => x21=0x0
[07:17:16 156][libtiny.so 0x1405a8] [f60305aa] 0x401405a8: "mov x22, x5" x5=0x0 => x22=0x0
[07:17:16 156][libtiny.so 0x1405ac] [f70304aa] 0x401405ac: "mov x23, x4" x4=0x0 => x23=0x0
[07:17:16 156][libtiny.so 0x1405b0] [f90303aa] 0x401405b0: "mov x25, x3" x3=0x0 => x25=0x0
[07:17:16 157][libtiny.so 0x1405b4] [f40301aa] 0x401405b4: "mov x20, x1" x1=0x16 => x20=0x16
[07:17:16 157][libtiny.so 0x1405b8] [f30300aa] 0x401405b8: "mov x19, x0" x0=0xbfffbec0 => x19=0xbfffbec0
[07:17:16 157][libtiny.so 0x1405bc] [68000037] 0x401405bc: "tbnz w8, #0, #0x401405c8" w8=0x0
[07:17:16 157][libtiny.so 0x1405c0] [78060091] 0x401405c0: "add x24, x19, #1" x19=0xbfffbec0 => x24=0xbfffbec1
[07:17:16 158][libtiny.so 0x1405c4] [02000014] 0x401405c4: "b #0x401405cc"
[07:17:16 158][libtiny.so 0x1405cc] [28038092] 0x401405cc: "movn x8, #0x19" x8=0x0 => x8=0xffffffffffffffe6
[07:17:16 158][libtiny.so 0x1405d0] [e8ffeff2] 0x401405d0: "movk x8, #0x7fff, lsl #48" x8=0xffffffffffffffe6 => x8=0x7fffffffffffffe6
[07:17:16 158][libtiny.so 0x1405d4] [9f0208eb] 0x401405d4: "cmp x20, x8" x8=0x7fffffffffffffe6 => nzcv=0x7ffe80000000 x20=0x16
[07:17:16 159][libtiny.so 0x1405d8] [68010054] 0x401405d8: "b.hi #0x40140604" nzcv=0x80000000
[07:17:16 159][libtiny.so 0x1405dc] [4800148b] 0x401405dc: "add x8, x2, x20" x2=0x97 x20=0x16 => x8=0xad
[07:17:16 159][libtiny.so 0x1405e0] [89fa7fd3] 0x401405e0: "lsl x9, x20, #1" x9=0x16 x20=0x16 => x9=0x2c
[07:17:16 159][libtiny.so 0x1405e4] [1f0109eb] 0x401405e4: "cmp x8, x9" x9=0x2c => nzcv=0x7ffe20000000 x8=0xad
[07:17:16 160][libtiny.so 0x1405e8] [2831889a] 0x401405e8: "csel x8, x9, x8, lo" nzcv=0x20000000 x9=0x2c x8=0xad => x8=0xad
[07:17:16 160][libtiny.so 0x1405ec] [09410091] 0x401405ec: "add x9, x8, #0x10" x8=0xad => x9=0xbd
[07:17:16 160][libtiny.so 0x1405f0] [1f5d00f1] 0x401405f0: "cmp x8, #0x17" => nzcv=0x7ffe20000000 x8=0xad
[07:17:16 160][libtiny.so 0x1405f4] [28ed7c92] 0x401405f4: "and x8, x9, #0xfffffffffffffff0" x9=0xbd => x8=0xb0
[07:17:16 160][libtiny.so 0x1405f8] [e9028052] 0x401405f8: "movz w9, #0x17" w9=0xbd => w9=0x17
[07:17:16 161][libtiny.so 0x1405fc] [3a31889a] 0x401405fc: "csel x26, x9, x8, lo" nzcv=0x20000000 x9=0x17 x8=0xb0 => x26=0xb0
[07:17:16 161][libtiny.so 0x140600] [02000014] 0x40140600: "b #0x40140608"
[07:17:16 161][libtiny.so 0x140608] [e0031aaa] 0x40140608: "mov x0, x26" x26=0xb0 => x0=0xb0
[07:17:16 161][libtiny.so 0x14060c] [a5feff97] 0x4014060c: "bl #0x401400a0"
[07:17:16 162][libtiny.so 0x1400a0] [fd7bbea9] 0x401400a0: "stp x29, x30, [sp, #-0x20]!" ; mem[WRITE] abs=0xbfffa330 x29=0xbfffa350 x30=0x40140610 sp=0xbfffa350 => x29=0xbfffa350 x30=0x40140610 sp=0xbfffa330
[07:17:16 162][libtiny.so 0x1400a4] [f30b00f9] 0x401400a4: "str x19, [sp, #0x10]" ; mem[WRITE] abs=0xbfffa340 x19=0xbfffbec0 sp=0xbfffa330 => x19=0xbfffbec0
[07:17:16 162][libtiny.so 0x1400a8] [fd030091] 0x401400a8: "mov x29, sp" sp=0xbfffa330 => x29=0xbfffa330
[07:17:16 162][libtiny.so 0x1400ac] [1f0000f1] 0x401400ac: "cmp x0, #0" => nzcv=0x7ffe20000000 x0=0xb0
[07:17:16 163][libtiny.so 0x1400b0] [13149f9a] 0x401400b0: "csinc x19, x0, xzr, ne" nzcv=0x20000000 x0=0xb0 => x19=0xb0
[07:17:16 163][libtiny.so 0x1400b4] [e00313aa] 0x401400b4: "mov x0, x19" x19=0xb0 => x0=0xb0
[07:17:16 163][libtiny.so 0x1400b8] [c2731794] 0x401400b8: "bl #0x4071cfc0"
[07:17:16 163][libtiny.so 0x71cfc0] [f0030090] 0x4071cfc0: "adrp x16, #0x40798000" => x16=0x40798000
[07:17:16 163][libtiny.so 0x71cfc4] [119245f9] 0x4071cfc4: "ldr x17, [x16, #0xb20]" ; mem[READ] abs=0x40798b20 x16=0x40798000 => x17=0x4092bb08
[07:17:16 164][libtiny.so 0x71cfc8] [10822c91] 0x4071cfc8: "add x16, x16, #0xb20" x16=0x40798000 => x16=0x40798b20
[07:17:16 165][libtiny.so 0x71cfcc] [20021fd6] 0x4071cfcc: "br x17" x17=0x4092bb08
[07:17:16 166][libtiny.so 0x1400bc] [a00000b5] 0x401400bc: "cbnz x0, #0x401400d0" x0=0x40b30180
[07:17:16 166][libtiny.so 0x1400d0] [f30b40f9] 0x401400d0: "ldr x19, [sp, #0x10]" ; mem[READ] abs=0xbfffa340 sp=0xbfffa330 => x19=0xbfffbec0
[07:17:16 166][libtiny.so 0x1400d4] [fd7bc2a8] 0x401400d4: "ldp x29, x30, [sp], #0x20" ; mem[READ] abs=0xbfffa330 x29=0xbfffa330 x30=0x401400bc sp=0xbfffa330 => x29=0xbfffa350 x30=0x40140610 sp=0xbfffa350
[07:17:16 167][libtiny.so 0x1400d8] [c0035fd6] 0x401400d8: "ret"
[07:17:16 167][libtiny.so 0x140610] [fb0300aa] 0x40140610: "mov x27, x0" x0=0x40b30180 => x27=0x40b30180
[07:17:16 167][libtiny.so 0x140614] [b70000b4] 0x40140614: "cbz x23, #0x40140628" x23=0x0
[07:17:16 167][libtiny.so 0x140628] [280316cb] 0x40140628: "sub x8, x25, x22" x25=0x0 x22=0x0 => x8=0x0
[07:17:16 168][libtiny.so 0x14062c] [020117eb] 0x4014062c: "subs x2, x8, x23" x8=0x0 x23=0x0 => nzcv=0x7ffe60000000 x2=0x0
[07:17:16 168][libtiny.so 0x140630] [c0000054] 0x40140630: "b.eq #0x40140648" nzcv=0x60000000
[07:17:16 168][libtiny.so 0x140648] [9f5a00f1] 0x40140648: "cmp x20, #0x16" => nzcv=0x7ffe60000000 x20=0x16
[07:17:16 169][libtiny.so 0x14064c] [60000054] 0x4014064c: "b.eq #0x40140658" nzcv=0x60000000
[07:17:16 169][libtiny.so 0x140658] [480340b2] 0x40140658: "orr x8, x26, #1" x8=0x0 x26=0xb0 => x8=0xb1
[07:17:16 169][libtiny.so 0x14065c] [7b0a00f9] 0x4014065c: "str x27, [x19, #0x10]" ; mem[WRITE] abs=0xbfffbed0 x27=0x40b30180 x19=0xbfffbec0 => x27=0x40b30180
[07:17:16 169][libtiny.so 0x140660] [680200f9] 0x40140660: "str x8, [x19]" ; mem[WRITE] abs=0xbfffbec0 x8=0xb1 x19=0xbfffbec0 => x8=0xb1
[07:17:16 198][libtiny.so 0x140664] [f44f45a9] 0x40140664: "ldp x20, x19, [sp, #0x50]" ; mem[READ] abs=0xbfffa3a0 x20=0x16 x19=0xbfffbec0 sp=0xbfffa350 => x20=0xad x19=0xbfffbec0
[07:17:16 198][libtiny.so 0x140668] [f65744a9] 0x40140668: "ldp x22, x21, [sp, #0x40]" ; mem[READ] abs=0xbfffa390 x22=0x0 x21=0x0 sp=0xbfffa350 => x22=0x0 x21=0x0
[07:17:16 199][libtiny.so 0x14066c] [f85f43a9] 0x4014066c: "ldp x24, x23, [sp, #0x30]" ; mem[READ] abs=0xbfffa380 x24=0xbfffbec1 x23=0x0 sp=0xbfffa350 => x24=0x43f743d4 x23=0x43f743d4
[07:17:16 199][libtiny.so 0x140670] [fa6742a9] 0x40140670: "ldp x26, x25, [sp, #0x20]" ; mem[READ] abs=0xbfffa370 x26=0xb0 x25=0x0 sp=0xbfffa350 => x26=0x43f743d4 x25=0x43f743d4
[07:17:16 199][libtiny.so 0x140674] [fb0b40f9] 0x40140674: "ldr x27, [sp, #0x10]" ; mem[READ] abs=0xbfffa360 sp=0xbfffa350 => x27=0x43964124
[07:17:16 200][libtiny.so 0x140678] [fd7bc6a8] 0x40140678: "ldp x29, x30, [sp], #0x60" ; mem[READ] abs=0xbfffa350 x29=0xbfffa350 x30=0x40140610 sp=0xbfffa350 => x29=0xbfffa3b0 x30=0x40140bd4 sp=0xbfffa3b0
[07:17:16 200][libtiny.so 0x14067c] [c0035fd6] 0x4014067c: "ret"
[07:17:16 200][libtiny.so 0x140bd4] [68024039] 0x40140bd4: "ldrb w8, [x19]" ; mem[READ] abs=0xbfffbec0 x19=0xbfffbec0 => w8=0xb1
[07:17:16 200][libtiny.so 0x140bd8] [68000037] 0x40140bd8: "tbnz w8, #0, #0x40140be4" w8=0xb1
[07:17:16 201][libtiny.so 0x140be4] [770a40f9] 0x40140be4: "ldr x23, [x19, #0x10]" ; mem[READ] abs=0xbfffbed0 x19=0xbfffbec0 => x23=0x40b30180
[07:17:16 201][libtiny.so 0x140be8] [e002168b] 0x40140be8: "add x0, x23, x22" x23=0x40b30180 x22=0x0 => x0=0x40b30180
[07:17:16 201][libtiny.so 0x140bec] [e103152a] 0x40140bec: "mov w1, w21" w21=0x0 => w1=0x0
[07:17:16 202][libtiny.so 0x140bf0] [e20314aa] 0x40140bf0: "mov x2, x20" x20=0xad => x2=0xad
[07:17:16 202][libtiny.so 0x140bf4] [cd061094] 0x40140bf4: "bl #0x40542728"
[07:17:16 202][libtiny.so 0x542728] [ff8300d1] 0x40542728: "sub sp, sp, #0x20" sp=0xbfffa3b0 => sp=0xbfffa390
[07:17:16 202][libtiny.so 0x54272c] [fe4f01a9] 0x4054272c: "stp x30, x19, [sp, #0x10]" ; mem[WRITE] abs=0xbfffa3a0 x30=0x40140bf8 x19=0xbfffbec0 sp=0xbfffa390 => x30=0x40140bf8 x19=0xbfffbec0
[07:17:16 202][libtiny.so 0x542730] [53d03bd5] 0x40542730: "mrs x19, tpidr_el0" x19=0xbfffbec0 => x19=0xbffff718
[07:17:16 203][libtiny.so 0x542734] [681640f9] 0x40542734: "ldr x8, [x19, #0x28]" ; mem[READ] abs=0xbffff740 x19=0xbffff718 => x8=0x0
[07:17:16 203][libtiny.so 0x542738] [e80700f9] 0x40542738: "str x8, [sp, #8]" ; mem[WRITE] abs=0xbfffa398 x8=0x0 sp=0xbfffa390 => x8=0x0
[07:17:16 204][libtiny.so 0x54273c] [a5ffff97] 0x4054273c: "bl #0x405425d0"
[07:17:16 204][libtiny.so 0x5425d0] [ff8300d1] 0x405425d0: "sub sp, sp, #0x20" sp=0xbfffa390 => sp=0xbfffa370
[07:17:16 204][libtiny.so 0x5425d4] [fe0b00f9] 0x405425d4: "str x30, [sp, #0x10]" ; mem[WRITE] abs=0xbfffa380 x30=0x40542740 sp=0xbfffa370 => x30=0x40542740
[07:17:16 205][libtiny.so 0x5425d8] [48d03bd5] 0x405425d8: "mrs x8, tpidr_el0" x8=0x0 => x8=0xbffff718
[07:17:16 205][libtiny.so 0x5425dc] [091540f9] 0x405425dc: "ldr x9, [x8, #0x28]" ; mem[READ] abs=0xbffff740 x8=0xbffff718 => x9=0x0
[07:17:16 206][libtiny.so 0x5425e0] [e90700f9] 0x405425e0: "str x9, [sp, #8]" ; mem[WRITE] abs=0xbfffa378 x9=0x0 sp=0xbfffa370 => x9=0x0
[07:17:16 206][libtiny.so 0x5425e4] [220900b4] 0x405425e4: "cbz x2, #0x40542708" x2=0xad
[07:17:16 206][libtiny.so 0x5425e8] [4900008b] 0x405425e8: "add x9, x2, x0" x2=0xad x0=0x40b30180 => x9=0x40b3022d
[07:17:16 207][libtiny.so 0x5425ec] [5f0c00f1] 0x405425ec: "cmp x2, #3" => nzcv=0x7ffe20000000 x2=0xad
[07:17:16 207][libtiny.so 0x5425f0] [01000039] 0x405425f0: "strb w1, [x0]" ; mem[WRITE] abs=0x40b30180 w1=0x0 x0=0x40b30180 => w1=0x0
[07:17:16 208][libtiny.so 0x5425f4] [21f11f38] 0x405425f4: "sturb w1, [x9, #-1]" ; mem[WRITE] abs=0x40b3022c w1=0x0 x9=0x40b3022d => w1=0x0
[07:17:16 208][libtiny.so 0x5425f8] [83080054] 0x405425f8: "b.lo #0x40542708" nzcv=0x20000000
[07:17:16 208][libtiny.so 0x5425fc] [5f1c00f1] 0x405425fc: "cmp x2, #7" => nzcv=0x7ffe20000000 x2=0xad
[07:17:16 209][libtiny.so 0x542600] [01040039] 0x40542600: "strb w1, [x0, #1]" ; mem[WRITE] abs=0x40b30181 w1=0x0 x0=0x40b30180 => w1=0x0
[07:17:16 209][libtiny.so 0x542604] [01080039] 0x40542604: "strb w1, [x0, #2]" ; mem[WRITE] abs=0x40b30182 w1=0x0 x0=0x40b30180 => w1=0x0
[07:17:16 209][libtiny.so 0x542608] [21e11f38] 0x40542608: "sturb w1, [x9, #-2]" ; mem[WRITE] abs=0x40b3022b w1=0x0 x9=0x40b3022d => w1=0x0
[07:17:16 210][libtiny.so 0x54260c] [21d11f38] 0x4054260c: "sturb w1, [x9, #-3]" ; mem[WRITE] abs=0x40b3022a w1=0x0 x9=0x40b3022d => w1=0x0
[07:17:16 210][libtiny.so 0x542610] [c3070054] 0x40542610: "b.lo #0x40542708" nzcv=0x20000000
[07:17:16 211][libtiny.so 0x542614] [4900008b] 0x40542614: "add x9, x2, x0" x2=0xad x0=0x40b30180 => x9=0x40b3022d
[07:17:16 211][libtiny.so 0x542618] [5f2400f1] 0x40542618: "cmp x2, #9" => nzcv=0x7ffe20000000 x2=0xad
[07:17:16 211][libtiny.so 0x54261c] [010c0039] 0x4054261c: "strb w1, [x0, #3]" ; mem[WRITE] abs=0x40b30183 w1=0x0 x0=0x40b30180 => w1=0x0
[07:17:16 212][libtiny.so 0x542620] [21c11f38] 0x40542620: "sturb w1, [x9, #-4]" ; mem[WRITE] abs=0x40b30229 w1=0x0 x9=0x40b3022d => w1=0x0
[07:17:16 212][libtiny.so 0x542624] [23070054] 0x40542624: "b.lo #0x40542708" nzcv=0x20000000
[07:17:16 213][libtiny.so 0x542628] [e903004b] 0x40542628: "neg w9, w0" w0=0x40b30180 => w9=0xbf4cfe80
[07:17:16 213][libtiny.so 0x54262c] [2c054092] 0x4054262c: "and x12, x9, #3" x9=0xbf4cfe80 => x12=0x0
[07:17:16 213][libtiny.so 0x542630] [2a1c0012] 0x40542630: "and w10, w1, #0xff" w1=0x0 => w10=0x0
[07:17:16 214][libtiny.so 0x542634] [ebc30032] 0x40542634: "orr w11, wzr, #0x1010101" w11=0x40b02140 => w11=0x1010101
[07:17:16 214][libtiny.so 0x542638] [49000ccb] 0x40542638: "sub x9, x2, x12" x2=0xad x12=0x0 => x9=0xad
[07:17:16 214][libtiny.so 0x54263c] [4a7d0b1b] 0x4054263c: "mul w10, w10, w11" w10=0x0 w11=0x1010101 => w10=0x0
[07:17:16 215][libtiny.so 0x542640] [0b000c8b] 0x40542640: "add x11, x0, x12" x0=0x40b30180 x12=0x0 => x11=0x40b30180
[07:17:16 215][libtiny.so 0x542644] [29f57e92] 0x40542644: "and x9, x9, #0xfffffffffffffffc" x9=0xad => x9=0xac
[07:17:16 215][libtiny.so 0x542648] [6e01098b] 0x40542648: "add x14, x11, x9" x11=0x40b30180 x9=0xac => x14=0x40b3022c
[07:17:16 216][libtiny.so 0x54264c] [3f2500f1] 0x4054264c: "cmp x9, #9" => nzcv=0x7ffe20000000 x9=0xac
[07:17:16 216][libtiny.so 0x542650] [6a0100b9] 0x40542650: "str w10, [x11]" ; mem[WRITE] abs=0x40b30180 w10=0x0 x11=0x40b30180 => w10=0x0
[07:17:16 216][libtiny.so 0x542654] [cac11fb8] 0x40542654: "stur w10, [x14, #-4]" ; mem[WRITE] abs=0x40b30228 w10=0x0 x14=0x40b3022c => w10=0x0
[07:17:16 217][libtiny.so 0x542658] [83050054] 0x40542658: "b.lo #0x40542708" nzcv=0x20000000
[07:17:16 217][libtiny.so 0x54265c] [3f6500f1] 0x4054265c: "cmp x9, #0x19" => nzcv=0x7ffe20000000 x9=0xac
[07:17:16 217][libtiny.so 0x542660] [6aa90029] 0x40542660: "stp w10, w10, [x11, #4]" ; mem[WRITE] abs=0x40b30184 w10=0x0 x11=0x40b30180 => w10=0x0
[07:17:16 218][libtiny.so 0x542664] [caa93e29] 0x40542664: "stp w10, w10, [x14, #-0xc]" ; mem[WRITE] abs=0x40b30220 w10=0x0 x14=0x40b3022c => w10=0x0
[07:17:16 218][libtiny.so 0x542668] [03050054] 0x40542668: "b.lo #0x40542708" nzcv=0x20000000
[07:17:16 218][libtiny.so 0x54266c] [6d017e92] 0x4054266c: "and x13, x11, #4" x11=0x40b30180 => x13=0x0
[07:17:16 219][libtiny.so 0x542670] [ad057db2] 0x40542670: "orr x13, x13, #0x18" x13=0x0 => x13=0x18
[07:17:16 219][libtiny.so 0x542674] [29010dcb] 0x40542674: "sub x9, x9, x13" x9=0xac x13=0x18 => x9=0x94
[07:17:16 219][libtiny.so 0x542678] [400d044e] 0x40542678: "dup v0.4s, w10" w10=0x0 => v0=0x0
[07:17:16 220][libtiny.so 0x54267c] [2f8100f1] 0x4054267c: "subs x15, x9, #0x20" x9=0x94 => nzcv=0x7ffe20000000 x15=0x74
[07:17:16 220][libtiny.so 0x542680] [60c1803c] 0x40542680: "stur q0, [x11, #0xc]" ; mem[WRITE] abs=0x40b3018c q0=0x0 x11=0x40b30180 => q0=0x0
[07:17:16 220][libtiny.so 0x542684] [c0419e3c] 0x40542684: "stur q0, [x14, #-0x1c]" ; mem[WRITE] abs=0x40b30210 q0=0x0 x14=0x40b3022c => q0=0x0
[07:17:16 221][libtiny.so 0x542688] [03040054] 0x40542688: "b.lo #0x40542708" nzcv=0x20000000
[07:17:16 221][libtiny.so 0x54268c] [ea030a2a] 0x4054268c: "mov w10, w10" w10=0x0 => w10=0x0
[07:17:16 221][libtiny.so 0x542690] [ff8101f1] 0x40542690: "cmp x15, #0x60" => nzcv=0x7ffe20000000 x15=0x74
[07:17:16 222][libtiny.so 0x542694] [4a7d60b3] 0x40542694: "bfi x10, x10, #0x20, #0x20" x10=0x0 => x10=0x0
[07:17:16 222][libtiny.so 0x542698] [6b010d8b] 0x40542698: "add x11, x11, x13" x11=0x40b30180 x13=0x18 => x11=0x40b30198
[07:17:16 222][libtiny.so 0x54269c] [a3020054] 0x4054269c: "b.lo #0x405426f0" nzcv=0x20000000
[07:17:16 223][libtiny.so 0x5426a0] [eefd45d3] 0x405426a0: "lsr x14, x15, #5" x14=0x40b3022c x15=0x74 => x14=0x3
[07:17:16 223][libtiny.so 0x5426a4] [ad010c8b] 0x405426a4: "add x13, x13, x12" x13=0x18 x12=0x0 => x13=0x18
[07:17:16 224][libtiny.so 0x5426a8] [cc050091] 0x405426a8: "add x12, x14, #1" x14=0x3 => x12=0x4
[07:17:16 224][libtiny.so 0x5426ac] [ae01008b] 0x405426ac: "add x14, x13, x0" x13=0x18 x0=0x40b30180 => x14=0x40b30198
[07:17:16 224][libtiny.so 0x5426b0] [8de57e92] 0x405426b0: "and x13, x12, #0xffffffffffffffc" x12=0x4 => x13=0x4
[07:17:16 225][libtiny.so 0x5426b4] [afe97bd3] 0x405426b4: "lsl x15, x13, #5" x15=0x74 x13=0x4 => x15=0x80
[07:17:16 225][libtiny.so 0x5426b8] [400d084e] 0x405426b8: "dup v0.2d, x10" x10=0x0 => v0=0x0
[07:17:16 225][libtiny.so 0x5426bc] [29010fcb] 0x405426bc: "sub x9, x9, x15" x9=0x94 x15=0x80 => x9=0x14
[07:17:16 226][libtiny.so 0x5426c0] [6b010f8b] 0x405426c0: "add x11, x11, x15" x11=0x40b30198 x15=0x80 => x11=0x40b30218
[07:17:16 226][libtiny.so 0x5426c4] [ce010191] 0x405426c4: "add x14, x14, #0x40" x14=0x40b30198 => x14=0x40b301d8
[07:17:16 226][libtiny.so 0x5426c8] [ef030daa] 0x405426c8: "mov x15, x13" x13=0x4 => x15=0x4
[07:17:16 227][libtiny.so 0x5426cc] [c0013ead] 0x405426cc: "stp q0, q0, [x14, #-0x40]" ; mem[WRITE] abs=0x40b30198 q0=0x0 x14=0x40b301d8 => q0=0x0
[07:17:16 227][libtiny.so 0x5426d0] [c0013fad] 0x405426d0: "stp q0, q0, [x14, #-0x20]" ; mem[WRITE] abs=0x40b301b8 q0=0x0 x14=0x40b301d8 => q0=0x0
[07:17:16 228][libtiny.so 0x5426d4] [c00100ad] 0x405426d4: "stp q0, q0, [x14]" ; mem[WRITE] abs=0x40b301d8 q0=0x0 x14=0x40b301d8 => q0=0x0
[07:17:16 228][libtiny.so 0x5426d8] [c00101ad] 0x405426d8: "stp q0, q0, [x14, #0x20]" ; mem[WRITE] abs=0x40b301f8 q0=0x0 x14=0x40b301d8 => q0=0x0
[07:17:16 229][libtiny.so 0x5426dc] [ef1100f1] 0x405426dc: "subs x15, x15, #4" x15=0x4 => nzcv=0x7ffe60000000 x15=0x0
[07:17:16 229][libtiny.so 0x5426e0] [ce010291] 0x405426e0: "add x14, x14, #0x80" x14=0x40b301d8 => x14=0x40b30258
[07:17:16 229][libtiny.so 0x5426e4] [41ffff54] 0x405426e4: "b.ne #0x405426cc" nzcv=0x60000000
[07:17:16 230][libtiny.so 0x5426e8] [9f010deb] 0x405426e8: "cmp x12, x13" x13=0x4 => nzcv=0x7ffe60000000 x12=0x4
[07:17:16 230][libtiny.so 0x5426ec] [e0000054] 0x405426ec: "b.eq #0x40542708" nzcv=0x60000000
[07:17:16 230][libtiny.so 0x542708] [081540f9] 0x40542708: "ldr x8, [x8, #0x28]" ; mem[READ] abs=0xbffff740 x8=0xbffff718 => x8=0x0
[07:17:16 231][libtiny.so 0x54270c] [e90740f9] 0x4054270c: "ldr x9, [sp, #8]" ; mem[READ] abs=0xbfffa378 sp=0xbfffa370 => x9=0x0
[07:17:16 231][libtiny.so 0x542710] [1f0109eb] 0x40542710: "cmp x8, x9" x9=0x0 => nzcv=0x7ffe60000000 x8=0x0
[07:17:16 232][libtiny.so 0x542714] [81000054] 0x40542714: "b.ne #0x40542724" nzcv=0x60000000
[07:17:16 232][libtiny.so 0x542718] [fe0b40f9] 0x40542718: "ldr x30, [sp, #0x10]" ; mem[READ] abs=0xbfffa380 sp=0xbfffa370 => x30=0x40542740
[07:17:16 232][libtiny.so 0x54271c] [ff830091] 0x4054271c: "add sp, sp, #0x20" sp=0xbfffa370 => sp=0xbfffa390
[07:17:16 232][libtiny.so 0x542720] [c0035fd6] 0x40542720: "ret"
[07:17:16 232][libtiny.so 0x542740] [681640f9] 0x40542740: "ldr x8, [x19, #0x28]" ; mem[READ] abs=0xbffff740 x19=0xbffff718 => x8=0x0
[07:17:16 234][libtiny.so 0x542744] [e90740f9] 0x40542744: "ldr x9, [sp, #8]" ; mem[READ] abs=0xbfffa398 sp=0xbfffa390 => x9=0x0
[07:17:16 234][libtiny.so 0x542748] [1f0109eb] 0x40542748: "cmp x8, x9" x9=0x0 => nzcv=0x7ffe60000000 x8=0x0
[07:17:16 234][libtiny.so 0x54274c] [81000054] 0x4054274c: "b.ne #0x4054275c" nzcv=0x60000000
[07:17:16 235][libtiny.so 0x542750] [fe4f41a9] 0x40542750: "ldp x30, x19, [sp, #0x10]" ; mem[READ] abs=0xbfffa3a0 x30=0x40542740 x19=0xbffff718 sp=0xbfffa390 => x30=0x40140bf8 x19=0xbfffbec0
[07:17:16 235][libtiny.so 0x542754] [ff830091] 0x40542754: "add sp, sp, #0x20" sp=0xbfffa390 => sp=0xbfffa3b0
[07:17:16 235][libtiny.so 0x542758] [c0035fd6] 0x40542758: "ret"
[07:17:16 236][libtiny.so 0x140bf8] [69024039] 0x40140bf8: "ldrb w9, [x19]" ; mem[READ] abs=0xbfffbec0 x19=0xbfffbec0 => w9=0xb1
[07:17:16 236][libtiny.so 0x140bfc] [c802148b] 0x40140bfc: "add x8, x22, x20" x22=0x0 x20=0xad => x8=0xad
[07:17:16 236][libtiny.so 0x140c00] [89000037] 0x40140c00: "tbnz w9, #0, #0x40140c10" w9=0xb1
[07:17:16 236][libtiny.so 0x140c10] [680600f9] 0x40140c10: "str x8, [x19, #8]" ; mem[WRITE] abs=0xbfffbec8 x8=0xad x19=0xbfffbec0 => x8=0xad
[07:17:16 237][libtiny.so 0x140c14] [ff6a2838] 0x40140c14: "strb wzr, [x23, x8]" ; mem[WRITE] abs=0x40b3022d x23=0x40b30180 x8=0xad
[07:17:16 237][libtiny.so 0x140c18] [e00313aa] 0x40140c18: "mov x0, x19" x19=0xbfffbec0 => x0=0xbfffbec0
[07:17:16 237][libtiny.so 0x140c1c] [f44f43a9] 0x40140c1c: "ldp x20, x19, [sp, #0x30]" ; mem[READ] abs=0xbfffa3e0 x20=0xad x19=0xbfffbec0 sp=0xbfffa3b0 => x20=0xfffe1640 x19=0xbfffc3e0
[07:17:16 237][libtiny.so 0x140c20] [f65742a9] 0x40140c20: "ldp x22, x21, [sp, #0x20]" ; mem[READ] abs=0xbfffa3d0 x22=0x0 x21=0x0 sp=0xbfffa3b0 => x22=0x43f743d4 x21=0x43f743d4
[07:17:16 238][libtiny.so 0x140c24] [f70b40f9] 0x40140c24: "ldr x23, [sp, #0x10]" ; mem[READ] abs=0xbfffa3c0 sp=0xbfffa3b0 => x23=0x43f743d4
[07:17:16 238][libtiny.so 0x140c28] [fd7bc4a8] 0x40140c28: "ldp x29, x30, [sp], #0x40" ; mem[READ] abs=0xbfffa3b0 x29=0xbfffa3b0 x30=0x40140bf8 sp=0xbfffa3b0 => x29=0xbfffa3f0 x30=0x401410c8 sp=0xbfffa3f0
[07:17:16 239][libtiny.so 0x140c2c] [c0035fd6] 0x40140c2c: "ret"
[07:17:16 239][libtiny.so 0x1410c8] [fd7bc1a8] 0x401410c8: "ldp x29, x30, [sp], #0x10" ; mem[READ] abs=0xbfffa3f0 x29=0xbfffa3f0 x30=0x401410c8 sp=0xbfffa3f0 => x29=0xbffff6b0 x30=0x40189214 sp=0xbfffa400
[07:17:16 239][libtiny.so 0x1410cc] [c0035fd6] 0x401410cc: "ret"
[07:17:16 240][libtiny.so 0x189214] [68024ef9] 0x40189214: "ldr x8, [x19, #0x1c00]" ; mem[READ] abs=0xbfffdfe0 x19=0xbfffc3e0 => x8=0xbfffbec0
[07:17:16 240][libtiny.so 0x189218] [8aa08c52] 0x40189218: "movz w10, #0x6504" w10=0x0 => w10=0x6504
[07:17:16 240][libtiny.so 0x18921c] [0b0000f0] 0x4018921c: "adrp x11, #0x4018c000" => x11=0x4018c000
[07:17:16 241][libtiny.so 0x189220] [8a72a072] 0x40189220: "movk w10, #0x394, lsl #16" w10=0x6504 => w10=0x3946504
[07:17:16 241][libtiny.so 0x189224] [08014039] 0x40189224: "ldrb w8, [x8]" ; mem[READ] abs=0xbfffbec0 x8=0xbfffbec0 => w8=0xb1
[07:17:16 241][libtiny.so 0x189228] [69fa40f9] 0x40189228: "ldr x9, [x19, #0x1f0]" ; mem[READ] abs=0xbfffc5d0 x19=0xbfffc3e0 => x9=0xbfffbec0
[07:17:16 242][libtiny.so 0x18922c] [6b413191] 0x4018922c: "add x11, x11, #0xc50" x11=0x4018c000 => x11=0x4018cc50
[07:17:16 242][libtiny.so 0x189230] [76010a8b] 0x40189230: "add x22, x11, x10" x11=0x4018cc50 x10=0x3946504 => x22=0x43ad3154
[07:17:16 242][libtiny.so 0x189234] [ed2c0090] 0x40189234: "adrp x13, #0x40725000" => x13=0x40725000
[07:17:16 243][libtiny.so 0x189238] [29410091] 0x40189238: "add x9, x9, #0x10" x9=0xbfffbec0 => x9=0xbfffbed0
[07:17:16 243][libtiny.so 0x18923c] [690e0ef9] 0x4018923c: "str x9, [x19, #0x1c18]" ; mem[WRITE] abs=0xbfffdff8 x9=0xbfffbed0 x19=0xbfffc3e0 => x9=0xbfffbed0
[07:17:16 243][libtiny.so 0x189240] [690e4ef9] 0x40189240: "ldr x9, [x19, #0x1c18]" ; mem[READ] abs=0xbfffdff8 x19=0xbfffc3e0 => x9=0xbfffbed0
[07:17:16 244][libtiny.so 0x189244] [6a01164b] 0x40189244: "sub w10, w11, w22" w11=0x4018cc50 w22=0x43ad3154 => w10=0xfc6b9afc
[07:17:16 244][libtiny.so 0x189248] [0cc19a52] 0x40189248: "movz w12, #0xd608" w12=0x4 => w12=0xd608
[07:17:16 244][libtiny.so 0x18924c] [ccf8bf72] 0x4018924c: "movk w12, #0xffc6, lsl #16" w12=0xd608 => w12=0xffc6d608
[07:17:16 245][libtiny.so 0x189250] [290140f9] 0x40189250: "ldr x9, [x9]" ; mem[READ] abs=0xbfffbed0 x9=0xbfffbed0 => x9=0x40b30180
[07:17:16 245][libtiny.so 0x189254] [6bfa40f9] 0x40189254: "ldr x11, [x19, #0x1f0]" ; mem[READ] abs=0xbfffc5d0 x19=0xbfffc3e0 => x11=0xbfffbec0
[07:17:16 245][libtiny.so 0x189258] [ad6945f9] 0x40189258: "ldr x13, [x13, #0xad0]" ; mem[READ] abs=0x40725ad0 x13=0x40725000 => x13=0x43e65718
[07:17:16 245][libtiny.so 0x18925c] [4a010c0b] 0x4018925c: "add w10, w10, w12" w10=0xfc6b9afc w12=0xffc6d608 => w10=0xfc327104
[07:17:16 245][libtiny.so 0x189260] [1f010072] 0x40189260: "tst w8, #1" => nzcv=0x200000000 w8=0xb1
[07:17:16 246][libtiny.so 0x189264] [28158b9a] 0x40189264: "csinc x8, x9, x11, ne" nzcv=0x18000000000 x9=0x40b30180 x11=0xbfffbec0 => x8=0x40b30180
[07:17:16 246][libtiny.so 0x189268] [a9c12a8b] 0x40189268: "add x9, x13, w10, sxtw" x13=0x43e65718 w10=0xfc327104 => x9=0x4018c81c
[07:17:16 246][libtiny.so 0x18926c] [68120ef9] 0x4018926c: "str x8, [x19, #0x1c20]" ; mem[WRITE] abs=0xbfffe000 x8=0x40b30180 x19=0xbfffc3e0 => x8=0x40b30180
[07:17:16 246][libtiny.so 0x189270] [20011fd6] 0x40189270: "br x9" x9=0x4018c81c
[07:17:16 246][libtiny.so 0x18c81c] [68a08c92] 0x4018c81c: "movn x8, #0x6503" x8=0x40b30180 => x8=0xffffffffffff9afc
[07:17:16 246][libtiny.so 0x18c820] [688dbff2] 0x4018c820: "movk x8, #0xfc6b, lsl #16" x8=0xffffffffffff9afc => x8=0xfffffffffc6b9afc
[07:17:16 247][libtiny.so 0x18c824] [c802088b] 0x4018c824: "add x8, x22, x8" x22=0x43ad3154 x8=0xfffffffffc6b9afc => x8=0x4018cc50
[07:17:16 247][libtiny.so 0x18c828] [00011fd6] 0x4018c828: "br x8" x8=0x4018cc50
[07:17:16 247][libtiny.so 0x18cc50] [c82c0090] 0x4018cc50: "adrp x8, #0x40724000" => x8=0x40724000
[07:17:16 247][libtiny.so 0x18cc54] [09e49452] 0x4018cc54: "movz w9, #0xa720" w9=0x4018c81c => w9=0xa720
[07:17:16 248][libtiny.so 0x18cc58] [6affffd0] 0x4018cc58: "adrp x10, #0x4017a000" => x10=0x4017a000
[07:17:16 248][libtiny.so 0x18cc5c] [08cd47f9] 0x4018cc5c: "ldr x8, [x8, #0xf98]" ; mem[READ] abs=0x40724f98 x8=0x40724000 => x8=0x4381534c
[07:17:16 248][libtiny.so 0x18cc60] [a9dba072] 0x4018cc60: "movk w9, #0x6dd, lsl #16" w9=0xa720 => w9=0x6dda720
[07:17:16 248][libtiny.so 0x18cc64] [4a512591] 0x4018cc64: "add x10, x10, #0x954" x10=0x4017a000 => x10=0x4017a954
[07:17:16 248][libtiny.so 0x18cc68] [4901098b] 0x4018cc68: "add x9, x10, x9" x10=0x4017a954 x9=0x6dda720 => x9=0x46f55074
[07:17:16 248][libtiny.so 0x18cc6c] [0bf39f52] 0x4018cc6c: "movz w11, #0xff98" w11=0xbfffbec0 => w11=0xff98
[07:17:16 249][libtiny.so 0x18cc70] [4a01094b] 0x4018cc70: "sub w10, w10, w9" w10=0x4017a954 w9=0x46f55074 => w10=0xf92258e0
[07:17:16 249][libtiny.so 0x18cc74] [6b6ea072] 0x4018cc74: "movk w11, #0x373, lsl #16" w11=0xff98 => w11=0x373ff98
[07:17:16 249][libtiny.so 0x18cc78] [4a010b0b] 0x4018cc78: "add w10, w10, w11" w10=0xf92258e0 w11=0x373ff98 => w10=0xfc965878
[07:17:16 249][libtiny.so 0x18cc7c] [08c12a8b] 0x4018cc7c: "add x8, x8, w10, sxtw" x8=0x4381534c w10=0xfc965878 => x8=0x4017abc4
[07:17:16 249][libtiny.so 0x18cc80] [00011fd6] 0x4018cc80: "br x8" x8=0x4017abc4
[07:17:16 249][libtiny.so 0x17abc4] [482d00d0] 0x4017abc4: "adrp x8, #0x40724000" => x8=0x40724000
[07:17:16 250][libtiny.so 0x17abc8] [08c947f9] 0x4017abc8: "ldr x8, [x8, #0xf90]" ; mem[READ] abs=0x40724f90 x8=0x40724000 => x8=0x43abb2d4
[07:17:16 250][libtiny.so 0x17abcc] [eb318192] 0x4017abcc: "movn x11, #0x98f" x11=0x373ff98 => x11=0xfffffffffffff670
[07:17:16 250][libtiny.so 0x17abd0] [eaf58e92] 0x4017abd0: "movn x10, #0x77af" x10=0xfc965878 => x10=0xffffffffffff8850
[07:17:16 251][libtiny.so 0x17abd4] [6b8dbff2] 0x4017abd4: "movk x11, #0xfc6b, lsl #16" x11=0xfffffffffffff670 => x11=0xfffffffffc6bf670
[07:17:16 251][libtiny.so 0x17abd8] [4a9cbff2] 0x4017abd8: "movk x10, #0xfce2, lsl #16" x10=0xffffffffffff8850 => x10=0xfffffffffce28850
[07:17:16 251][libtiny.so 0x17abdc] [08010b8b] 0x4017abdc: "add x8, x8, x11" x8=0x43abb2d4 x11=0xfffffffffc6bf670 => x8=0x4017a944
[07:17:16 252][libtiny.so 0x17abe0] [29010a8b] 0x4017abe0: "add x9, x9, x10" x9=0x46f55074 x10=0xfffffffffce28850 => x9=0x43d7d8c4
[07:17:16 252][libtiny.so 0x17abe4] [00011fd6] 0x4017abe4: "br x8" x8=0x4017a944
[07:17:16 253][libtiny.so 0x17a944] [e8ed8592] 0x4017a944: "movn x8, #0x2f6f" x8=0x4017a944 => x8=0xffffffffffffd090
[07:17:16 253][libtiny.so 0x17a948] [e887bff2] 0x4017a948: "movk x8, #0xfc3f, lsl #16" x8=0xffffffffffffd090 => x8=0xfffffffffc3fd090
[07:17:16 253][libtiny.so 0x17a94c] [2801088b] 0x4017a94c: "add x8, x9, x8" x9=0x43d7d8c4 x8=0xfffffffffc3fd090 => x8=0x4017a954
[07:17:16 254][libtiny.so 0x17a950] [00011fd6] 0x4017a950: "br x8" x8=0x4017a954
[07:17:16 254][libtiny.so 0x17a954] [68a64df9] 0x4017a954: "ldr x8, [x19, #0x1b48]" ; mem[READ] abs=0xbfffdf28 x19=0xbfffc3e0 => x8=0xfffe1640
[07:17:16 254][libtiny.so 0x17a958] [e2031f2a] 0x4017a958: "mov w2, wzr" => w2=0x0
[07:17:16 255][libtiny.so 0x17a95c] [080140f9] 0x4017a95c: "ldr x8, [x8]" ; mem[READ] abs=0xfffe1640 x8=0xfffe1640 => x8=0xfffe0ef0
[07:17:16 255][libtiny.so 0x17a960] [082143f9] 0x4017a960: "ldr x8, [x8, #0x640]" ; mem[READ] abs=0xfffe1530 x8=0xfffe0ef0 => x8=0xfffe0cd0
[07:17:16 255][libtiny.so 0x17a964] [61fe4df9] 0x4017a964: "ldr x1, [x19, #0x1bf8]" ; mem[READ] abs=0xbfffdfd8 x19=0xbfffc3e0 => x1=0x1184ab05
[07:17:16 256][libtiny.so 0x17a968] [630e5cb9] 0x4017a968: "ldr w3, [x19, #0x1c0c]" ; mem[READ] abs=0xbfffdfec x19=0xbfffc3e0 => w3=0xad
[07:17:16 256][libtiny.so 0x17a96c] [64124ef9] 0x4017a96c: "ldr x4, [x19, #0x1c20]" ; mem[READ] abs=0xbfffe000 x19=0xbfffc3e0 => x4=0x40b30180
[07:17:16 256][libtiny.so 0x17a970] [601a40f9] 0x4017a970: "ldr x0, [x19, #0x30]" ; mem[READ] abs=0xbfffc410 x19=0xbfffc3e0 => x0=0xfffe1640
[07:17:16 256][libtiny.so 0x17a974] [00013fd6] 0x4017a974: "blr x8" x8=0xfffe0cd0 => x30=0x4017a978
[07:17:16 257][libtiny.so 0x17a978] [68f24df9] 0x4017a978: "ldr x8, [x19, #0x1be0]" ; mem[READ] abs=0xbfffdfc0 x19=0xbfffc3e0 => x8=0xbfffbef8
[07:17:16 257][libtiny.so 0x17a97c] [099f8a52] 0x4017a97c: "movz w9, #0x54f8" w9=0x43d7d8c4 => w9=0x54f8
[07:17:16 258][libtiny.so 0x17a980] [6a0000d0] 0x4017a980: "adrp x10, #0x40188000" => x10=0x40188000
[07:17:16 258][libtiny.so 0x17a984] [8d1d8952] 0x4017a984: "movz w13, #0x48ec" w13=0x43e65718 => w13=0x48ec
[07:17:16 258][libtiny.so 0x17a988] [08014039] 0x4017a988: "ldrb w8, [x8]" ; mem[READ] abs=0xbfffbef8 x8=0xbfffbef8 => w8=0x0
[07:17:16 258][libtiny.so 0x17a98c] [897ba072] 0x4017a98c: "movk w9, #0x3dc, lsl #16" w9=0x54f8 => w9=0x3dc54f8
[07:17:16 258][libtiny.so 0x17a990] [4ae10991] 0x4017a990: "add x10, x10, #0x278" x10=0x40188000 => x10=0x40188278
[07:17:16 258][libtiny.so 0x17a994] [0b809f52] 0x4017a994: "movz w11, #0xfc00" w11=0xfc6bf670 => w11=0xfc00
[07:17:16 259][libtiny.so 0x17a998] [4c0000b0] 0x4017a998: "adrp x12, #0x40183000" => x12=0x40183000
[07:17:16 259][libtiny.so 0x17a99c] [2d03a072] 0x4017a99c: "movk w13, #0x19, lsl #16" w13=0x48ec => w13=0x1948ec
[07:17:16 259][libtiny.so 0x17a9a0] [0b73a072] 0x4017a9a0: "movk w11, #0x398, lsl #16" w11=0xfc00 => w11=0x398fc00
[07:17:16 259][libtiny.so 0x17a9a4] [8ca13e91] 0x4017a9a4: "add x12, x12, #0xfa8" x12=0x40183000 => x12=0x40183fa8
[07:17:16 259][libtiny.so 0x17a9a8] [4901098b] 0x4017a9a8: "add x9, x10, x9" x10=0x40188278 x9=0x3dc54f8 => x9=0x43f4d770
[07:17:16 260][libtiny.so 0x17a9ac] [4a010d0b] 0x4017a9ac: "add w10, w10, w13" w10=0x40188278 w13=0x1948ec => w10=0x4031cb64
[07:17:16 260][libtiny.so 0x17a9b0] [0dde8052] 0x4017a9b0: "movz w13, #0x6f0" w13=0x1948ec => w13=0x6f0
[07:17:16 260][libtiny.so 0x17a9b4] [1f010071] 0x4017a9b4: "cmp w8, #0" => nzcv=0x260000000 w8=0x0
[07:17:16 260][libtiny.so 0x17a9b8] [0eb48052] 0x4017a9b8: "movz w14, #0x5a0" w14=0x40b30258 => w14=0x5a0
[07:17:16 260][libtiny.so 0x17a9bc] [88010b8b] 0x4017a9bc: "add x8, x12, x11" x12=0x40183fa8 x11=0x398fc00 => x8=0x43b13ba8
[07:17:16 261][libtiny.so 0x17a9c0] [cb018d9a] 0x4017a9c0: "csel x11, x14, x13, eq" nzcv=0x18060000000 x14=0x5a0 x13=0x6f0 => x11=0x5a0
[07:17:16 261][libtiny.so 0x17a9c4] [4d2d00d0] 0x4017a9c4: "adrp x13, #0x40724000" => x13=0x40724000
[07:17:16 261][libtiny.so 0x17a9c8] [ad813591] 0x4017a9c8: "add x13, x13, #0xd60" x13=0x40724000 => x13=0x40724d60
[07:17:16 261][libtiny.so 0x17a9cc] [0801899a] 0x4017a9cc: "csel x8, x8, x9, eq" nzcv=0x18060000000 x8=0x43b13ba8 x9=0x43f4d770 => x8=0x43b13ba8
[07:17:16 261][libtiny.so 0x17a9d0] [69f640f9] 0x4017a9d0: "ldr x9, [x19, #0x1e8]" ; mem[READ] abs=0xbfffc5c8 x19=0xbfffc3e0 => x9=0xbfffbee0
[07:17:16 261][libtiny.so 0x17a9d4] [ab696bf8] 0x4017a9d4: "ldr x11, [x13, x11]" ; mem[READ] abs=0x40725300 x13=0x40724d60 x11=0x5a0 => x11=0x43c6eef0
[07:17:16 262][libtiny.so 0x17a9d8] [0d6e8952] 0x4017a9d8: "movz w13, #0x4b70" w13=0x40724d60 => w13=0x4b70
[07:17:16 262][libtiny.so 0x17a9dc] [4dfdbf72] 0x4017a9dc: "movk w13, #0xffea, lsl #16" w13=0x4b70 => w13=0xffea4b70
[07:17:16 262][libtiny.so 0x17a9e0] [8c010d0b] 0x4017a9e0: "add w12, w12, w13" w12=0x40183fa8 w13=0xffea4b70 => w12=0x40028b18
[07:17:16 262][libtiny.so 0x17a9e4] [8a018a1a] 0x4017a9e4: "csel w10, w12, w10, eq" nzcv=0x18060000000 w12=0x40028b18 w10=0x4031cb64 => w10=0x40028b18
[07:17:16 262][libtiny.so 0x17a9e8] [4a01084b] 0x4017a9e8: "sub w10, w10, w8" w10=0x40028b18 w8=0x43b13ba8 => w10=0xfc514f70
[07:17:16 263][libtiny.so 0x17a9ec] [6ac12a8b] 0x4017a9ec: "add x10, x11, w10, sxtw" x11=0x43c6eef0 w10=0xfc514f70 => x10=0x40183e60
[07:17:16 263][libtiny.so 0x17a9f0] [69160ef9] 0x4017a9f0: "str x9, [x19, #0x1c28]" ; mem[WRITE] abs=0xbfffe008 x9=0xbfffbee0 x19=0xbfffc3e0 => x9=0xbfffbee0
[07:17:16 263][libtiny.so 0x17a9f4] [e90308aa] 0x4017a9f4: "mov x9, x8" x8=0x43b13ba8 => x9=0x43b13ba8
[07:17:16 263][libtiny.so 0x17a9f8] [40011fd6] 0x4017a9f8: "br x10" x10=0x40183e60
[07:17:16 263][libtiny.so 0x183e60] [e87f9f92] 0x40183e60: "movn x8, #0xfbff" x8=0x43b13ba8 => x8=0xffffffffffff0400
[07:17:16 263][libtiny.so 0x183e64] [e88cbff2] 0x40183e64: "movk x8, #0xfc67, lsl #16" x8=0xffffffffffff0400 => x8=0xfffffffffc670400
[07:17:16 264][libtiny.so 0x183e68] [2801088b] 0x40183e68: "add x8, x9, x8" x9=0x43b13ba8 x8=0xfffffffffc670400 => x8=0x40183fa8
[07:17:16 264][libtiny.so 0x183e6c] [00011fd6] 0x40183e6c: "br x8" x8=0x40183fa8
[07:17:16 264][libtiny.so 0x183fa8] [890d8752] 0x40183fa8: "movz w9, #0x386c" w9=0x43b13ba8 => w9=0x386c
[07:17:16 264][libtiny.so 0x183fac] [4a0000b0] 0x40183fac: "adrp x10, #0x4018c000" => x10=0x4018c000
[07:17:16 264][libtiny.so 0x183fb0] [082d00d0] 0x40183fb0: "adrp x8, #0x40725000" => x8=0x40725000
[07:17:16 265][libtiny.so 0x183fb4] [89dba072] 0x40183fb4: "movk w9, #0x6dc, lsl #16" w9=0x386c => w9=0x6dc386c
[07:17:16 265][libtiny.so 0x183fb8] [4a611691] 0x40183fb8: "add x10, x10, #0x598" x10=0x4018c000 => x10=0x4018c598
[07:17:16 265][libtiny.so 0x183fbc] [08f542f9] 0x40183fbc: "ldr x8, [x8, #0x5e8]" ; mem[READ] abs=0x407255e8 x8=0x40725000 => x8=0x433179a0
[07:17:16 265][libtiny.so 0x183fc0] [4b01098b] 0x40183fc0: "add x11, x10, x9" x10=0x4018c598 x9=0x6dc386c => x11=0x46f4fe04
[07:17:16 265][libtiny.so 0x183fc4] [49010b4b] 0x40183fc4: "sub w9, w10, w11" w10=0x4018c598 w11=0x46f4fe04 => w9=0xf923c794
[07:17:16 265][libtiny.so 0x183fc8] [8ab89052] 0x40183fc8: "movz w10, #0x85c4" w10=0x4018c598 => w10=0x85c4
[07:17:16 266][libtiny.so 0x183fcc] [6a78a072] 0x40183fcc: "movk w10, #0x3c3, lsl #16" w10=0x85c4 => w10=0x3c385c4
[07:17:16 266][libtiny.so 0x183fd0] [29010a0b] 0x40183fd0: "add w9, w9, w10" w9=0xf923c794 w10=0x3c385c4 => w9=0xfce74d58
[07:17:16 266][libtiny.so 0x183fd4] [08c1298b] 0x40183fd4: "add x8, x8, w9, sxtw" x8=0x433179a0 w9=0xfce74d58 => x8=0x4018c6f8
[07:17:16 266][libtiny.so 0x183fd8] [00011fd6] 0x40183fd8: "br x8" x8=0x4018c6f8
[07:17:16 266][libtiny.so 0x18c6f8] [c82c00b0] 0x4018c6f8: "adrp x8, #0x40725000" => x8=0x40725000
[07:17:16 267][libtiny.so 0x18c6fc] [08f142f9] 0x4018c6fc: "ldr x8, [x8, #0x5e0]" ; mem[READ] abs=0x407255e0 x8=0x40725000 => x8=0x4412e954
[07:17:16 267][libtiny.so 0x18c700] [ea8e8492] 0x4018c700: "movn x10, #0x2477" x10=0x3c385c4 => x10=0xffffffffffffdb88
[07:17:16 267][libtiny.so 0x18c704] [e9839a92] 0x4018c704: "movn x9, #0xd41f" x9=0xfce74d58 => x9=0xffffffffffff2be0
[07:17:16 267][libtiny.so 0x18c708] [aa80bff2] 0x4018c708: "movk x10, #0xfc05, lsl #16" x10=0xffffffffffffdb88 => x10=0xfffffffffc05db88
[07:17:16 267][libtiny.so 0x18c70c] [098bbff2] 0x4018c70c: "movk x9, #0xfc58, lsl #16" x9=0xffffffffffff2be0 => x9=0xfffffffffc582be0
[07:17:16 267][libtiny.so 0x18c710] [08010a8b] 0x4018c710: "add x8, x8, x10" x8=0x4412e954 x10=0xfffffffffc05db88 => x8=0x4018c4dc
[07:17:16 267][libtiny.so 0x18c714] [6b01098b] 0x4018c714: "add x11, x11, x9" x11=0x46f4fe04 x9=0xfffffffffc582be0 => x11=0x434d29e4
[07:17:16 267][libtiny.so 0x18c718] [00011fd6] 0x4018c718: "br x8" x8=0x4018c4dc
[07:17:16 269][libtiny.so 0x18c4dc] [68898c92] 0x4018c4dc: "movn x8, #0x644b" x8=0x4018c4dc => x8=0xffffffffffff9bb4
[07:17:16 269][libtiny.so 0x18c4e0] [6899bff2] 0x4018c4e0: "movk x8, #0xfccb, lsl #16" x8=0xffffffffffff9bb4 => x8=0xfffffffffccb9bb4
[07:17:16 269][libtiny.so 0x18c4e4] [6801088b] 0x4018c4e4: "add x8, x11, x8" x11=0x434d29e4 x8=0xfffffffffccb9bb4 => x8=0x4018c598
[07:17:16 269][libtiny.so 0x18c4e8] [00011fd6] 0x4018c4e8: "br x8" x8=0x4018c598
[07:17:16 269][libtiny.so 0x18c598] [61fa40f9] 0x4018c598: "ldr x1, [x19, #0x1f0]" ; mem[READ] abs=0xbfffc5d0 x19=0xbfffc3e0 => x1=0xbfffbec0
[07:17:16 270][libtiny.so 0x18c59c] [60164ef9] 0x4018c59c: "ldr x0, [x19, #0x1c28]" ; mem[READ] abs=0xbfffe008 x19=0xbfffc3e0 => x0=0xbfffbee0
[07:17:16 270][libtiny.so 0x18c5a0] [d0cffe97] 0x4018c5a0: "bl #0x401404e0"
[07:17:16 270][libtiny.so 0x1404e0] [fd7bbda9] 0x401404e0: "stp x29, x30, [sp, #-0x30]!" ; mem[WRITE] abs=0xbfffa3d0 x29=0xbffff6b0 x30=0x4018c5a4 sp=0xbfffa400 => x29=0xbffff6b0 x30=0x4018c5a4 sp=0xbfffa3d0
[07:17:16 270][libtiny.so 0x1404e4] [f65701a9] 0x401404e4: "stp x22, x21, [sp, #0x10]" ; mem[WRITE] abs=0xbfffa3e0 x22=0x43ad3154 x21=0x43f743d4 sp=0xbfffa3d0 => x22=0x43ad3154 x21=0x43f743d4
[07:17:16 270][libtiny.so 0x1404e8] [f44f02a9] 0x401404e8: "stp x20, x19, [sp, #0x20]" ; mem[WRITE] abs=0xbfffa3f0 x20=0xfffe1640 x19=0xbfffc3e0 sp=0xbfffa3d0 => x20=0xfffe1640 x19=0xbfffc3e0
[07:17:16 270][libtiny.so 0x1404ec] [fd030091] 0x401404ec: "mov x29, sp" sp=0xbfffa3d0 => x29=0xbfffa3d0
[07:17:16 271][libtiny.so 0x1404f0] [28004039] 0x401404f0: "ldrb w8, [x1]" ; mem[READ] abs=0xbfffbec0 x1=0xbfffbec0 => w8=0xb1
[07:17:16 271][libtiny.so 0x1404f4] [f30300aa] 0x401404f4: "mov x19, x0" x0=0xbfffbee0 => x19=0xbfffbee0
[07:17:16 271][libtiny.so 0x1404f8] [c8000037] 0x401404f8: "tbnz w8, #0, #0x40140510" w8=0xb1
[07:17:16 271][libtiny.so 0x140510] [36d040a9] 0x40140510: "ldp x22, x20, [x1, #8]" ; mem[READ] abs=0xbfffbec8 x22=0x43ad3154 x20=0xfffe1640 x1=0xbfffbec0 => x22=0xad x20=0x40b30180
[07:17:16 271][libtiny.so 0x140514] [df5a00f1] 0x40140514: "cmp x22, #0x16" => nzcv=0x220000000 x22=0xad
[07:17:16 272][libtiny.so 0x140518] [88000054] 0x40140518: "b.hi #0x40140528" nzcv=0x18020000000
[07:17:16 272][libtiny.so 0x140528] [df4200b1] 0x40140528: "cmn x22, #0x10" => nzcv=0x200000000 x22=0xad
[07:17:16 272][libtiny.so 0x14052c] [22020054] 0x4014052c: "b.hs #0x40140570" nzcv=0x18000000000
[07:17:16 272][libtiny.so 0x140530] [c8420091] 0x40140530: "add x8, x22, #0x10" x22=0xad => x8=0xbd
[07:17:16 272][libtiny.so 0x140534] [15ed7c92] 0x40140534: "and x21, x8, #0xfffffffffffffff0" x8=0xbd => x21=0xb0
[07:17:16 272][libtiny.so 0x140538] [e00315aa] 0x40140538: "mov x0, x21" x21=0xb0 => x0=0xb0
[07:17:16 273][libtiny.so 0x14053c] [d9feff97] 0x4014053c: "bl #0x401400a0"
[07:17:16 273][libtiny.so 0x1400a0] [fd7bbea9] 0x401400a0: "stp x29, x30, [sp, #-0x20]!" ; mem[WRITE] abs=0xbfffa3b0 x29=0xbfffa3d0 x30=0x40140540 sp=0xbfffa3d0 => x29=0xbfffa3d0 x30=0x40140540 sp=0xbfffa3b0
[07:17:16 273][libtiny.so 0x1400a4] [f30b00f9] 0x401400a4: "str x19, [sp, #0x10]" ; mem[WRITE] abs=0xbfffa3c0 x19=0xbfffbee0 sp=0xbfffa3b0 => x19=0xbfffbee0
[07:17:16 273][libtiny.so 0x1400a8] [fd030091] 0x401400a8: "mov x29, sp" sp=0xbfffa3b0 => x29=0xbfffa3b0
[07:17:16 273][libtiny.so 0x1400ac] [1f0000f1] 0x401400ac: "cmp x0, #0" => nzcv=0x20000000 x0=0xb0
[07:17:16 273][libtiny.so 0x1400b0] [13149f9a] 0x401400b0: "csinc x19, x0, xzr, ne" nzcv=0x18020000000 x0=0xb0 => x19=0xb0
[07:17:16 273][libtiny.so 0x1400b4] [e00313aa] 0x401400b4: "mov x0, x19" x19=0xb0 => x0=0xb0
[07:17:16 273][libtiny.so 0x1400b8] [c2731794] 0x401400b8: "bl #0x4071cfc0"
[07:17:16 273][libtiny.so 0x71cfc0] [f0030090] 0x4071cfc0: "adrp x16, #0x40798000" => x16=0x40798000
[07:17:16 273][libtiny.so 0x71cfc4] [119245f9] 0x4071cfc4: "ldr x17, [x16, #0xb20]" ; mem[READ] abs=0x40798b20 x16=0x40798000 => x17=0x4092bb08
[07:17:16 273][libtiny.so 0x71cfc8] [10822c91] 0x4071cfc8: "add x16, x16, #0xb20" x16=0x40798000 => x16=0x40798b20
[07:17:16 273][libtiny.so 0x71cfcc] [20021fd6] 0x4071cfcc: "br x17" x17=0x4092bb08
[07:17:16 273][libtiny.so 0x1400bc] [a00000b5] 0x401400bc: "cbnz x0, #0x401400d0" x0=0x40b30240
[07:17:16 273][libtiny.so 0x1400d0] [f30b40f9] 0x401400d0: "ldr x19, [sp, #0x10]" ; mem[READ] abs=0xbfffa3c0 sp=0xbfffa3b0 => x19=0xbfffbee0
[07:17:16 273][libtiny.so 0x1400d4] [fd7bc2a8] 0x401400d4: "ldp x29, x30, [sp], #0x20" ; mem[READ] abs=0xbfffa3b0 x29=0xbfffa3b0 x30=0x401400bc sp=0xbfffa3b0 => x29=0xbfffa3d0 x30=0x40140540 sp=0xbfffa3d0
[07:17:16 273][libtiny.so 0x1400d8] [c0035fd6] 0x401400d8: "ret"
[07:17:16 273][libtiny.so 0x140540] [a80240b2] 0x40140540: "orr x8, x21, #1" x8=0x0 x21=0xb0 => x8=0xb1
[07:17:16 273][libtiny.so 0x140544] [768200a9] 0x40140544: "stp x22, x0, [x19, #8]" ; mem[WRITE] abs=0xbfffbee8 x22=0xad x0=0x40b30240 x19=0xbfffbee0 => x22=0xad x0=0x40b30240
[07:17:16 274][libtiny.so 0x140548] [680200f9] 0x40140548: "str x8, [x19]" ; mem[WRITE] abs=0xbfffbee0 x8=0xb1 x19=0xbfffbee0 => x8=0xb1
[07:17:16 274][libtiny.so 0x14054c] [f30300aa] 0x4014054c: "mov x19, x0" x0=0x40b30240 => x19=0x40b30240
[07:17:16 274][libtiny.so 0x140550] [c2060091] 0x40140550: "add x2, x22, #1" x22=0xad => x2=0xae
[07:17:16 274][libtiny.so 0x140554] [e00313aa] 0x40140554: "mov x0, x19" x19=0x40b30240 => x0=0x40b30240
[07:17:16 274][libtiny.so 0x140558] [e10314aa] 0x40140558: "mov x1, x20" x20=0x40b30180 => x1=0x40b30180
[07:17:16 274][libtiny.so 0x14055c] [0f081094] 0x4014055c: "bl #0x40542598"
[07:17:16 274][libtiny.so 0x542598] [ff8300d1] 0x40542598: "sub sp, sp, #0x20" sp=0xbfffa3d0 => sp=0xbfffa3b0
[07:17:16 274][libtiny.so 0x54259c] [fe4f01a9] 0x4054259c: "stp x30, x19, [sp, #0x10]" ; mem[WRITE] abs=0xbfffa3c0 x30=0x40140560 x19=0x40b30240 sp=0xbfffa3b0 => x30=0x40140560 x19=0x40b30240
[07:17:16 274][libtiny.so 0x5425a0] [53d03bd5] 0x405425a0: "mrs x19, tpidr_el0" x19=0x40b30240 => x19=0xbffff718
[07:17:16 274][libtiny.so 0x5425a4] [681640f9] 0x405425a4: "ldr x8, [x19, #0x28]" ; mem[READ] abs=0xbffff740 x19=0xbffff718 => x8=0x0
[07:17:16 274][libtiny.so 0x5425a8] [e80700f9] 0x405425a8: "str x8, [sp, #8]" ; mem[WRITE] abs=0xbfffa3b8 x8=0x0 sp=0xbfffa3b0 => x8=0x0
[07:17:16 274][libtiny.so 0x5425ac] [e3feff97] 0x405425ac: "bl #0x40542138"
[07:17:16 274][libtiny.so 0x542138] [ff8300d1] 0x40542138: "sub sp, sp, #0x20" sp=0xbfffa3b0 => sp=0xbfffa390
[07:17:16 274][libtiny.so 0x54213c] [fe0b00f9] 0x4054213c: "str x30, [sp, #0x10]" ; mem[WRITE] abs=0xbfffa3a0 x30=0x405425b0 sp=0xbfffa390 => x30=0x405425b0
[07:17:16 274][libtiny.so 0x542140] [48d03bd5] 0x40542140: "mrs x8, tpidr_el0" x8=0x0 => x8=0xbffff718
[07:17:16 274][libtiny.so 0x542144] [091540f9] 0x40542144: "ldr x9, [x8, #0x28]" ; mem[READ] abs=0xbffff740 x8=0xbffff718 => x9=0x0
[07:17:16 274][libtiny.so 0x542148] [e90700f9] 0x40542148: "str x9, [sp, #8]" ; mem[WRITE] abs=0xbfffa398 x9=0x0 sp=0xbfffa390 => x9=0x0
[07:17:16 275][libtiny.so 0x54214c] [c20600b4] 0x4054214c: "cbz x2, #0x40542224" x2=0xae
[07:17:16 275][libtiny.so 0x542150] [29044092] 0x40542150: "and x9, x1, #3" x1=0x40b30180 => x9=0x0
[07:17:16 275][libtiny.so 0x542154] [690100b4] 0x40542154: "cbz x9, #0x40542180" x9=0x0
[07:17:16 275][libtiny.so 0x542180] [e90300aa] 0x40542180: "mov x9, x0" x0=0x40b30240 => x9=0x40b30240
[07:17:16 275][libtiny.so 0x542184] [2a0540f2] 0x40542184: "ands x10, x9, #3" x9=0x40b30240 => nzcv=0x40000000 x10=0x0
[07:17:16 275][libtiny.so 0x542188] [40050054] 0x40542188: "b.eq #0x40542230" nzcv=0x18040000000
[07:17:16 275][libtiny.so 0x542230] [4a4000f1] 0x40542230: "subs x10, x2, #0x10" x2=0xae => nzcv=0x220000000 x10=0x9e
[07:17:16 275][libtiny.so 0x542234] [a3000054] 0x40542234: "b.lo #0x40542248" nzcv=0x18020000000
[07:17:16 275][libtiny.so 0x542238] [5fc101f1] 0x40542238: "cmp x10, #0x70" => nzcv=0x220000000 x10=0x9e
[07:17:16 275][libtiny.so 0x54223c] [a2000054] 0x4054223c: "b.hs #0x40542250" nzcv=0x18020000000
[07:17:16 275][libtiny.so 0x542250] [4bec7c92] 0x40542250: "and x11, x2, #0xfffffffffffffff0" x2=0xae => x11=0xa0
[07:17:16 276][libtiny.so 0x542254] [2c000b8b] 0x40542254: "add x12, x1, x11" x1=0x40b30180 x11=0xa0 => x12=0x40b30220
[07:17:16 276][libtiny.so 0x542258] [3f010ceb] 0x40542258: "cmp x9, x12" x12=0x40b30220 => nzcv=0x220000000 x9=0x40b30240
[07:17:16 276][libtiny.so 0x54225c] [42110054] 0x4054225c: "b.hs #0x40542484" nzcv=0x18020000000
[07:17:16 276][libtiny.so 0x542484] [4afd44d3] 0x40542484: "lsr x10, x10, #4" x10=0x9e => x10=0x9
[07:17:16 276][libtiny.so 0x542488] [4b050091] 0x40542488: "add x11, x10, #1" x10=0x9 => x11=0xa
[07:17:16 277][libtiny.so 0x54248c] [6ce57d92] 0x4054248c: "and x12, x11, #0x1ffffffffffffff8" x11=0xa => x12=0x8
[07:17:16 277][libtiny.so 0x542490] [8eed7cd3] 0x40542490: "lsl x14, x12, #4" x14=0x6 x12=0x8 => x14=0x80
[07:17:16 277][libtiny.so 0x542494] [2d010191] 0x40542494: "add x13, x9, #0x40" x9=0x40b30240 => x13=0x40b30280
[07:17:16 277][libtiny.so 0x542498] [2a000e8b] 0x40542498: "add x10, x1, x14" x1=0x40b30180 x14=0x80 => x10=0x40b30200
[07:17:16 277][libtiny.so 0x54249c] [29010e8b] 0x4054249c: "add x9, x9, x14" x9=0x40b30240 x14=0x80 => x9=0x40b302c0
[07:17:16 277][libtiny.so 0x5424a0] [42000ecb] 0x405424a0: "sub x2, x2, x14" x2=0xae x14=0x80 => x2=0x2e
[07:17:16 278][libtiny.so 0x5424a4] [2e000191] 0x405424a4: "add x14, x1, #0x40" x1=0x40b30180 => x14=0x40b301c0
[07:17:16 278][libtiny.so 0x5424a8] [ef030caa] 0x405424a8: "mov x15, x12" x12=0x8 => x15=0x8
[07:17:16 278][libtiny.so 0x5424ac] [c1017ead] 0x405424ac: "ldp q1, q0, [x14, #-0x40]" ; mem[READ] abs=0x40b30180 q1=0x180 q0=0x0 x14=0x40b301c0 => q1=0x464141464345223a226469707061227b q0=0x58223a226c656e6e616863222c223130
[07:17:16 278][libtiny.so 0x5424b0] [c3097fad] 0x405424b0: "ldp q3, q2, [x14, #-0x20]" ; mem[READ] abs=0x40b301a0 q3=0x20746120726f72726520657372617020 q2=0x31206e6d756c6f63202c3120656e696c x14=0x40b301c0 => q3=0x2c22223a22646964222c22696d6f6169 q2=0x636967616d222c2231223a2274786522
[07:17:16 278][libtiny.so 0x5424b4] [c51140ad] 0x405424b4: "ldp q5, q4, [x14]" ; mem[READ] abs=0x40b301c0 q5=0x7720726f727265207861746e7973203a q4=0x6c617620676e697372617020656c6968 x14=0x40b301c0 => q5=0x6f6d222c3936313133383037392d3a22 q4=0x222c2236206c65786950223a226c6564
[07:17:16 279][libtiny.so 0x5424b8] [c71941ad] 0x405424b8: "ldp q7, q6, [x14, #0x20]" ; mem[READ] abs=0x40b301e0 q7=0x2064657463657078656e75202d206575 q6=0x7865203b7475706e6920666f20646e65 x14=0x40b301c0 => q7=0x6f222c2264696f72646e61223a22736f q6=0x6f69737265765f776569766572705f73
[07:17:16 279][libtiny.so 0x5424bc] [ef2100f1] 0x405424bc: "subs x15, x15, #8" x15=0x8 => nzcv=0x260000000 x15=0x0
[07:17:16 279][libtiny.so 0x5424c0] [a3093fad] 0x405424c0: "stp q3, q2, [x13, #-0x20]" ; mem[WRITE] abs=0x40b30260 q3=0x2c22223a22646964222c22696d6f6169 q2=0x636967616d222c2231223a2274786522 x13=0x40b30280 => q3=0x2c22223a22646964222c22696d6f6169 q2=0x636967616d222c2231223a2274786522
[07:17:16 279][libtiny.so 0x5424c4] [a1013ead] 0x405424c4: "stp q1, q0, [x13, #-0x40]" ; mem[WRITE] abs=0x40b30240 q1=0x464141464345223a226469707061227b q0=0x58223a226c656e6e616863222c223130 x13=0x40b30280 => q1=0x464141464345223a226469707061227b q0=0x58223a226c656e6e616863222c223130
[07:17:16 280][libtiny.so 0x5424c8] [a71901ad] 0x405424c8: "stp q7, q6, [x13, #0x20]" ; mem[WRITE] abs=0x40b302a0 q7=0x6f222c2264696f72646e61223a22736f q6=0x6f69737265765f776569766572705f73 x13=0x40b30280 => q7=0x6f222c2264696f72646e61223a22736f q6=0x6f69737265765f776569766572705f73
[07:17:16 280][libtiny.so 0x5424cc] [a51184ac] 0x405424cc: "stp q5, q4, [x13], #0x80" ; mem[WRITE] abs=0x40b30280 q5=0x6f6d222c3936313133383037392d3a22 q4=0x222c2236206c65786950223a226c6564 x13=0x40b30280 => q5=0x6f6d222c3936313133383037392d3a22 q4=0x222c2236206c65786950223a226c6564 x13=0x40b30300
[07:17:16 281][libtiny.so 0x5424d0] [ce010291] 0x405424d0: "add x14, x14, #0x80" x14=0x40b301c0 => x14=0x40b30240
[07:17:16 281][libtiny.so 0x5424d4] [c1feff54] 0x405424d4: "b.ne #0x405424ac" nzcv=0x18060000000
[07:17:16 281][libtiny.so 0x5424d8] [7f010ceb] 0x405424d8: "cmp x11, x12" x12=0x8 => nzcv=0x220000000 x11=0xa
[07:17:16 281][libtiny.so 0x5424dc] [c0010054] 0x405424dc: "b.eq #0x40542514" nzcv=0x18020000000
[07:17:16 281][libtiny.so 0x5424e0] [4b0140b9] 0x405424e0: "ldr w11, [x10]" ; mem[READ] abs=0x40b30200 x10=0x40b30200 => w11=0x303a226e
[07:17:16 281][libtiny.so 0x5424e4] [424000d1] 0x405424e4: "sub x2, x2, #0x10" x2=0x2e => x2=0x1e
[07:17:16 282][libtiny.so 0x5424e8] [5f3c00f1] 0x405424e8: "cmp x2, #0xf" => nzcv=0x220000000 x2=0x1e
[07:17:16 282][libtiny.so 0x5424ec] [2b0100b9] 0x405424ec: "str w11, [x9]" ; mem[WRITE] abs=0x40b302c0 w11=0x303a226e x9=0x40b302c0 => w11=0x303a226e
[07:17:16 282][libtiny.so 0x5424f0] [4b0540b9] 0x405424f0: "ldr w11, [x10, #4]" ; mem[READ] abs=0x40b30204 x10=0x40b30200 => w11=0x736f222c
[07:17:16 282][libtiny.so 0x5424f4] [2b0500b9] 0x405424f4: "str w11, [x9, #4]" ; mem[WRITE] abs=0x40b302c4 w11=0x736f222c x9=0x40b302c0 => w11=0x736f222c
[07:17:16 282][libtiny.so 0x5424f8] [4b0940b9] 0x405424f8: "ldr w11, [x10, #8]" ; mem[READ] abs=0x40b30208 x10=0x40b30200 => w11=0x7265765f
[07:17:16 282][libtiny.so 0x5424fc] [2b0900b9] 0x405424fc: "str w11, [x9, #8]" ; mem[WRITE] abs=0x40b302c8 w11=0x7265765f x9=0x40b302c0 => w11=0x7265765f
[07:17:16 283][libtiny.so 0x542500] [4b0d40b9] 0x40542500: "ldr w11, [x10, #0xc]" ; mem[READ] abs=0x40b3020c x10=0x40b30200 => w11=0x6e6f6973
[07:17:16 283][libtiny.so 0x542504] [4a410091] 0x40542504: "add x10, x10, #0x10" x10=0x40b30200 => x10=0x40b30210
[07:17:16 283][libtiny.so 0x542508] [2b0d00b9] 0x40542508: "str w11, [x9, #0xc]" ; mem[WRITE] abs=0x40b302cc w11=0x6e6f6973 x9=0x40b302c0 => w11=0x6e6f6973
[07:17:16 284][libtiny.so 0x54250c] [29410091] 0x4054250c: "add x9, x9, #0x10" x9=0x40b302c0 => x9=0x40b302d0
[07:17:16 284][libtiny.so 0x542510] [88feff54] 0x40542510: "b.hi #0x405424e0" nzcv=0x18020000000
[07:17:16 284][libtiny.so 0x5424e0] [4b0140b9] 0x405424e0: "ldr w11, [x10]" ; mem[READ] abs=0x40b30210 x10=0x40b30210 => w11=0x34333a22
[07:17:16 284][libtiny.so 0x5424e4] [424000d1] 0x405424e4: "sub x2, x2, #0x10" x2=0x1e => x2=0xe
[07:17:16 284][libtiny.so 0x5424e8] [5f3c00f1] 0x405424e8: "cmp x2, #0xf" => nzcv=0x80000000 x2=0xe
[07:17:16 284][libtiny.so 0x5424ec] [2b0100b9] 0x405424ec: "str w11, [x9]" ; mem[WRITE] abs=0x40b302d0 w11=0x34333a22 x9=0x40b302d0 => w11=0x34333a22
[07:17:16 284][libtiny.so 0x5424f0] [4b0540b9] 0x405424f0: "ldr w11, [x10, #4]" ; mem[READ] abs=0x40b30214 x10=0x40b30210 => w11=0x6473222c
[07:17:16 284][libtiny.so 0x5424f4] [2b0500b9] 0x405424f4: "str w11, [x9, #4]" ; mem[WRITE] abs=0x40b302d4 w11=0x6473222c x9=0x40b302d0 => w11=0x6473222c
[07:17:16 284][libtiny.so 0x5424f8] [4b0940b9] 0x405424f8: "ldr w11, [x10, #8]" ; mem[READ] abs=0x40b30218 x10=0x40b30210 => w11=0x65765f6b
[07:17:16 284][libtiny.so 0x5424fc] [2b0900b9] 0x405424fc: "str w11, [x9, #8]" ; mem[WRITE] abs=0x40b302d8 w11=0x65765f6b x9=0x40b302d0 => w11=0x65765f6b
[07:17:16 284][libtiny.so 0x542500] [4b0d40b9] 0x40542500: "ldr w11, [x10, #0xc]" ; mem[READ] abs=0x40b3021c x10=0x40b30210 => w11=0x6f697372
[07:17:16 284][libtiny.so 0x542504] [4a410091] 0x40542504: "add x10, x10, #0x10" x10=0x40b30210 => x10=0x40b30220
[07:17:16 284][libtiny.so 0x542508] [2b0d00b9] 0x40542508: "str w11, [x9, #0xc]" ; mem[WRITE] abs=0x40b302dc w11=0x6f697372 x9=0x40b302d0 => w11=0x6f697372
[07:17:16 284][libtiny.so 0x54250c] [29410091] 0x4054250c: "add x9, x9, #0x10" x9=0x40b302d0 => x9=0x40b302e0
[07:17:16 284][libtiny.so 0x542510] [88feff54] 0x40542510: "b.hi #0x405424e0" nzcv=0x18080000000
[07:17:16 284][libtiny.so 0x542514] [a2001837] 0x40542514: "tbnz w2, #3, #0x40542528" w2=0xe
[07:17:16 284][libtiny.so 0x542528] [4b0140b9] 0x40542528: "ldr w11, [x10]" ; mem[READ] abs=0x40b30220 x10=0x40b30220 => w11=0x223a226e
[07:17:16 285][libtiny.so 0x54252c] [2b0100b9] 0x4054252c: "str w11, [x9]" ; mem[WRITE] abs=0x40b302e0 w11=0x223a226e x9=0x40b302e0 => w11=0x223a226e
[07:17:16 285][libtiny.so 0x542530] [4b0540b9] 0x40542530: "ldr w11, [x10, #4]" ; mem[READ] abs=0x40b30224 x10=0x40b30220 => w11=0x2e392e32
[07:17:16 285][libtiny.so 0x542534] [4a210091] 0x40542534: "add x10, x10, #8" x10=0x40b30220 => x10=0x40b30228
[07:17:16 285][libtiny.so 0x542538] [2b0500b9] 0x40542538: "str w11, [x9, #4]" ; mem[WRITE] abs=0x40b302e4 w11=0x2e392e32 x9=0x40b302e0 => w11=0x2e392e32
[07:17:16 285][libtiny.so 0x54253c] [29210091] 0x4054253c: "add x9, x9, #8" x9=0x40b302e0 => x9=0x40b302e8
[07:17:16 285][libtiny.so 0x542540] [e2fe1736] 0x40542540: "tbz w2, #2, #0x4054251c" w2=0xe
[07:17:16 285][libtiny.so 0x542544] [4b4540b8] 0x40542544: "ldr w11, [x10], #4" ; mem[READ] abs=0x40b30228 x10=0x40b30228 => w11=0x22353732 x10=0x40b3022c
[07:17:16 285][libtiny.so 0x542548] [2b4500b8] 0x40542548: "str w11, [x9], #4" ; mem[WRITE] abs=0x40b302e8 w11=0x22353732 x9=0x40b302e8 => w11=0x22353732 x9=0x40b302ec
[07:17:16 285][libtiny.so 0x54254c] [a2fe0f36] 0x4054254c: "tbz w2, #1, #0x40542520" w2=0xe
[07:17:16 286][libtiny.so 0x542550] [4b014039] 0x40542550: "ldrb w11, [x10]" ; mem[READ] abs=0x40b3022c x10=0x40b3022c => w11=0x7d
[07:17:16 286][libtiny.so 0x542554] [2c090091] 0x40542554: "add x12, x9, #2" x9=0x40b302ec => x12=0x40b302ee
[07:17:16 286][libtiny.so 0x542558] [2b010039] 0x40542558: "strb w11, [x9]" ; mem[WRITE] abs=0x40b302ec w11=0x7d x9=0x40b302ec => w11=0x7d
[07:17:16 286][libtiny.so 0x54255c] [4b054039] 0x4054255c: "ldrb w11, [x10, #1]" ; mem[READ] abs=0x40b3022d x10=0x40b3022c => w11=0x0
[07:17:16 286][libtiny.so 0x542560] [4a090091] 0x40542560: "add x10, x10, #2" x10=0x40b3022c => x10=0x40b3022e
[07:17:16 287][libtiny.so 0x542564] [2b050039] 0x40542564: "strb w11, [x9, #1]" ; mem[WRITE] abs=0x40b302ed w11=0x0 x9=0x40b302ec => w11=0x0
[07:17:16 287][libtiny.so 0x542568] [e9030caa] 0x40542568: "mov x9, x12" x12=0x40b302ee => x9=0x40b302ee
[07:17:16 287][libtiny.so 0x54256c] [62000036] 0x4054256c: "tbz w2, #0, #0x40542578" w2=0xe
[07:17:16 287][libtiny.so 0x542578] [081540f9] 0x40542578: "ldr x8, [x8, #0x28]" ; mem[READ] abs=0xbffff740 x8=0xbffff718 => x8=0x0
[07:17:16 287][libtiny.so 0x54257c] [e90740f9] 0x4054257c: "ldr x9, [sp, #8]" ; mem[READ] abs=0xbfffa398 sp=0xbfffa390 => x9=0x0
[07:17:16 287][libtiny.so 0x542580] [1f0109eb] 0x40542580: "cmp x8, x9" x9=0x0 => nzcv=0x60000000 x8=0x0
[07:17:16 287][libtiny.so 0x542584] [81000054] 0x40542584: "b.ne #0x40542594" nzcv=0x18060000000
[07:17:16 287][libtiny.so 0x542588] [fe0b40f9] 0x40542588: "ldr x30, [sp, #0x10]" ; mem[READ] abs=0xbfffa3a0 sp=0xbfffa390 => x30=0x405425b0
[07:17:16 287][libtiny.so 0x54258c] [ff830091] 0x4054258c: "add sp, sp, #0x20" sp=0xbfffa390 => sp=0xbfffa3b0
[07:17:16 287][libtiny.so 0x542590] [c0035fd6] 0x40542590: "ret"
[07:17:16 287][libtiny.so 0x5425b0] [681640f9] 0x405425b0: "ldr x8, [x19, #0x28]" ; mem[READ] abs=0xbffff740 x19=0xbffff718 => x8=0x0
[07:17:16 287][libtiny.so 0x5425b4] [e90740f9] 0x405425b4: "ldr x9, [sp, #8]" ; mem[READ] abs=0xbfffa3b8 sp=0xbfffa3b0 => x9=0x0
[07:17:16 287][libtiny.so 0x5425b8] [1f0109eb] 0x405425b8: "cmp x8, x9" x9=0x0 => nzcv=0x60000000 x8=0x0
[07:17:16 287][libtiny.so 0x5425bc] [81000054] 0x405425bc: "b.ne #0x405425cc" nzcv=0x18060000000
[07:17:16 287][libtiny.so 0x5425c0] [fe4f41a9] 0x405425c0: "ldp x30, x19, [sp, #0x10]" ; mem[READ] abs=0xbfffa3c0 x30=0x405425b0 x19=0xbffff718 sp=0xbfffa3b0 => x30=0x40140560 x19=0x40b30240
[07:17:16 287][libtiny.so 0x5425c4] [ff830091] 0x405425c4: "add sp, sp, #0x20" sp=0xbfffa3b0 => sp=0xbfffa3d0
[07:17:16 287][libtiny.so 0x5425c8] [c0035fd6] 0x405425c8: "ret"
[07:17:16 287][libtiny.so 0x140560] [f44f42a9] 0x40140560: "ldp x20, x19, [sp, #0x20]" ; mem[READ] abs=0xbfffa3f0 x20=0x40b30180 x19=0x40b30240 sp=0xbfffa3d0 => x20=0xfffe1640 x19=0xbfffc3e0
[07:17:16 287][libtiny.so 0x140564] [f65741a9] 0x40140564: "ldp x22, x21, [sp, #0x10]" ; mem[READ] abs=0xbfffa3e0 x22=0xad x21=0xb0 sp=0xbfffa3d0 => x22=0x43ad3154 x21=0x43f743d4
[07:17:16 288][libtiny.so 0x140568] [fd7bc3a8] 0x40140568: "ldp x29, x30, [sp], #0x30" ; mem[READ] abs=0xbfffa3d0 x29=0xbfffa3d0 x30=0x40140560 sp=0xbfffa3d0 => x29=0xbffff6b0 x30=0x4018c5a4 sp=0xbfffa400
[07:17:16 288][libtiny.so 0x14056c] [c0035fd6] 0x4014056c: "ret"
[07:17:16 288][libtiny.so 0x18c5a4] [68f24df9] 0x4018c5a4: "ldr x8, [x19, #0x1be0]" ; mem[READ] abs=0xbfffdfc0 x19=0xbfffc3e0 => x8=0xbfffbef8
[07:17:16 288][libtiny.so 0x18c5a8] [29008052] 0x4018c5a8: "movz w9, #0x1" w9=0x0 => w9=0x1
[07:17:16 288][libtiny.so 0x18c5ac] [8a0d8a52] 0x4018c5ac: "movz w10, #0x506c" w10=0x40b3022e => w10=0x506c
[07:17:16 289][libtiny.so 0x18c5b0] [6af1a072] 0x4018c5b0: "movk w10, #0x78b, lsl #16" w10=0x506c => w10=0x78b506c
[07:17:16 289][libtiny.so 0x18c5b4] [09010039] 0x4018c5b4: "strb w9, [x8]" ; mem[WRITE] abs=0xbfffbef8 w9=0x1 x8=0xbfffbef8 => w9=0x1
[07:17:16 289][libtiny.so 0x18c5b8] [c82c00b0] 0x4018c5b8: "adrp x8, #0x40725000" => x8=0x40725000
[07:17:16 289][libtiny.so 0x18c5bc] [090000d0] 0x4018c5bc: "adrp x9, #0x4018e000" => x9=0x4018e000
[07:17:16 289][libtiny.so 0x18c5c0] [084543f9] 0x4018c5c0: "ldr x8, [x8, #0x688]" ; mem[READ] abs=0x40725688 x8=0x40725000 => x8=0x43ee60a4
[07:17:16 289][libtiny.so 0x18c5c4] [29512991] 0x4018c5c4: "add x9, x9, #0xa54" x9=0x4018e000 => x9=0x4018ea54
[07:17:16 289][libtiny.so 0x18c5c8] [22010a8b] 0x4018c5c8: "add x2, x9, x10" x9=0x4018ea54 x10=0x78b506c => x2=0x47a43ac0
[07:17:16 290][libtiny.so 0x18c5cc] [0ad68652] 0x4018c5cc: "movz w10, #0x36b0" w10=0x78b506c => w10=0x36b0
[07:17:16 290][libtiny.so 0x18c5d0] [2901024b] 0x4018c5d0: "sub w9, w9, w2" w9=0x4018ea54 w2=0x47a43ac0 => w9=0xf874af94
[07:17:16 290][libtiny.so 0x18c5d4] [aa76a072] 0x4018c5d4: "movk w10, #0x3b5, lsl #16" w10=0x36b0 => w10=0x3b536b0
[07:17:16 290][libtiny.so 0x18c5d8] [29010a0b] 0x4018c5d8: "add w9, w9, w10" w9=0xf874af94 w10=0x3b536b0 => w9=0xfc29e644
[07:17:16 290][libtiny.so 0x18c5dc] [08c1298b] 0x4018c5dc: "add x8, x8, w9, sxtw" x8=0x43ee60a4 w9=0xfc29e644 => x8=0x401846e8
[07:17:16 290][libtiny.so 0x18c5e0] [00011fd6] 0x4018c5e0: "br x8" x8=0x401846e8
[07:17:16 290][libtiny.so 0x1846e8] [082d00b0] 0x401846e8: "adrp x8, #0x40725000" => x8=0x40725000
[07:17:16 290][libtiny.so 0x1846ec] [084143f9] 0x401846ec: "ldr x8, [x8, #0x680]" ; mem[READ] abs=0x40725680 x8=0x40725000 => x8=0x43208c80
[07:17:16 290][libtiny.so 0x1846f0] [ea899492] 0x401846f0: "movn x10, #0xa44f" x10=0x3b536b0 => x10=0xffffffffffff5bb0
[07:17:16 290][libtiny.so 0x1846f4] [69b58092] 0x401846f4: "movn x9, #0x5ab" x9=0xfc29e644 => x9=0xfffffffffffffa54
[07:17:16 290][libtiny.so 0x1846f8] [0a9fbff2] 0x401846f8: "movk x10, #0xfcf8, lsl #16" x10=0xffffffffffff5bb0 => x10=0xfffffffffcf85bb0
[07:17:16 290][libtiny.so 0x1846fc] [c981bff2] 0x401846fc: "movk x9, #0xfc0e, lsl #16" x9=0xfffffffffffffa54 => x9=0xfffffffffc0efa54
[07:17:16 290][libtiny.so 0x184700] [08010a8b] 0x40184700: "add x8, x8, x10" x8=0x43208c80 x10=0xfffffffffcf85bb0 => x8=0x4018e830
[07:17:16 290][libtiny.so 0x184704] [4200098b] 0x40184704: "add x2, x2, x9" x2=0x47a43ac0 x9=0xfffffffffc0efa54 => x2=0x43b33514
[07:17:16 290][libtiny.so 0x184708] [00011fd6] 0x40184708: "br x8" x8=0x4018e830
[07:17:16 290][libtiny.so 0x18e830] [e8578992] 0x4018e830: "movn x8, #0x4abf" x8=0x4018e830 => x8=0xffffffffffffb540
[07:17:16 291][libtiny.so 0x18e834] [a88cbff2] 0x4018e834: "movk x8, #0xfc65, lsl #16" x8=0xffffffffffffb540 => x8=0xfffffffffc65b540
[07:17:16 291][libtiny.so 0x18e838] [4800088b] 0x4018e838: "add x8, x2, x8" x2=0x43b33514 x8=0xfffffffffc65b540 => x8=0x4018ea54
[07:17:16 291][libtiny.so 0x18e83c] [00011fd6] 0x4018e83c: "br x8" x8=0x4018ea54
[07:17:16 291][libtiny.so 0x18ea54] [68024ef9] 0x4018ea54: "ldr x8, [x19, #0x1c00]" ; mem[READ] abs=0xbfffdfe0 x19=0xbfffc3e0 => x8=0xbfffbec0
[07:17:16 291][libtiny.so 0x18ea58] [a92c00f0] 0x4018ea58: "adrp x9, #0x40725000" => x9=0x40725000
[07:17:16 291][libtiny.so 0x18ea5c] [0ad19452] 0x4018ea5c: "movz w10, #0xa688" w10=0xfcf85bb0 => w10=0xa688
[07:17:16 291][libtiny.so 0x18ea60] [abffff90] 0x4018ea60: "adrp x11, #0x40182000" => x11=0x40182000
[07:17:16 291][libtiny.so 0x18ea64] [295141f9] 0x4018ea64: "ldr x9, [x9, #0x2a0]" ; mem[READ] abs=0x407252a0 x9=0x40725000 => x9=0x432cccdc
[07:17:16 292][libtiny.so 0x18ea68] [0a7ba072] 0x4018ea68: "movk w10, #0x3d8, lsl #16" w10=0xa688 => w10=0x3d8a688
[07:17:16 292][libtiny.so 0x18ea6c] [6bd13a91] 0x4018ea6c: "add x11, x11, #0xeb4" x11=0x40182000 => x11=0x40182eb4
[07:17:16 292][libtiny.so 0x18ea70] [08014039] 0x4018ea70: "ldrb w8, [x8]" ; mem[READ] abs=0xbfffbec0 x8=0xbfffbec0 => w8=0xb1
[07:17:16 292][libtiny.so 0x18ea74] [0cd98052] 0x4018ea74: "movz w12, #0x6c8" w12=0x40b302ee => w12=0x6c8
[07:17:16 292][libtiny.so 0x18ea78] [6a010a8b] 0x4018ea78: "add x10, x11, x10" x11=0x40182eb4 x10=0x3d8a688 => x10=0x43f0d53c
[07:17:16 292][libtiny.so 0x18ea7c] [8c18a072] 0x4018ea7c: "movk w12, #0xc4, lsl #16" w12=0x6c8 => w12=0xc406c8
[07:17:16 292][libtiny.so 0x18ea80] [6b010a4b] 0x4018ea80: "sub w11, w11, w10" w11=0x40182eb4 w10=0x43f0d53c => w11=0xfc275978
[07:17:16 293][libtiny.so 0x18ea84] [6b010c0b] 0x4018ea84: "add w11, w11, w12" w11=0xfc275978 w12=0xc406c8 => w11=0xfceb6040
[07:17:16 293][libtiny.so 0x18ea88] [1f010072] 0x4018ea88: "tst w8, #1" => nzcv=0x200000000 w8=0xb1
[07:17:16 293][libtiny.so 0x18ea8c] [2bc12b8b] 0x4018ea8c: "add x11, x9, w11, sxtw" x9=0x432cccdc w11=0xfceb6040 => x11=0x40182d1c
[07:17:16 293][libtiny.so 0x18ea90] [69064091] 0x4018ea90: "add x9, x19, #1, lsl #12" x19=0xbfffc3e0 => x9=0xbfffd3e0
[07:17:16 293][libtiny.so 0x18ea94] [e8179f1a] 0x4018ea94: "cset w8, eq" nzcv=0x18000000000 => w8=0x0
[07:17:16 293][libtiny.so 0x18ea98] [29dd0091] 0x4018ea98: "add x9, x9, #0x37" x9=0xbfffd3e0 => x9=0xbfffd417
[07:17:16 293][libtiny.so 0x18ea9c] [28013039] 0x4018ea9c: "strb w8, [x9, #0xc00]" ; mem[WRITE] abs=0xbfffe017 w8=0x0 x9=0xbfffd417 => w8=0x0
[07:17:16 294][libtiny.so 0x18eaa0] [e9030aaa] 0x4018eaa0: "mov x9, x10" x10=0x43f0d53c => x9=0x43f0d53c
[07:17:16 294][libtiny.so 0x18eaa4] [60011fd6] 0x4018eaa4: "br x11" x11=0x40182d1c
[07:17:16 294][libtiny.so 0x182d1c] [e8d09492] 0x40182d1c: "movn x8, #0xa687" x8=0x0 => x8=0xffffffffffff5978
[07:17:16 294][libtiny.so 0x182d20] [e884bff2] 0x40182d20: "movk x8, #0xfc27, lsl #16" x8=0xffffffffffff5978 => x8=0xfffffffffc275978
[07:17:16 294][libtiny.so 0x182d24] [2801088b] 0x40182d24: "add x8, x9, x8" x9=0x43f0d53c x8=0xfffffffffc275978 => x8=0x40182eb4
[07:17:16 294][libtiny.so 0x182d28] [00011fd6] 0x40182d28: "br x8" x8=0x40182eb4
[07:17:16 295][libtiny.so 0x182eb4] [6d064091] 0x40182eb4: "add x13, x19, #1, lsl #12" x19=0xbfffc3e0 => x13=0xbfffd3e0
[07:17:16 295][libtiny.so 0x182eb8] [addd0091] 0x40182eb8: "add x13, x13, #0x37" x13=0xbfffd3e0 => x13=0xbfffd417
[07:17:16 295][libtiny.so 0x182ebc] [a8017039] 0x40182ebc: "ldrb w8, [x13, #0xc00]" ; mem[READ] abs=0xbfffe017 x13=0xbfffd417 => w8=0x0
[07:17:16 295][libtiny.so 0x182ec0] [09168652] 0x40182ec0: "movz w9, #0x30b0" w9=0x43f0d53c => w9=0x30b0
[07:17:16 295][libtiny.so 0x182ec4] [aaffffb0] 0x40182ec4: "adrp x10, #0x40177000" => x10=0x40177000
[07:17:16 295][libtiny.so 0x182ec8] [8c439352] 0x40182ec8: "movz w12, #0x9a1c" w12=0xc406c8 => w12=0x9a1c
[07:17:16 296][libtiny.so 0x182ecc] [09d5a072] 0x40182ecc: "movk w9, #0x6a8, lsl #16" w9=0x30b0 => w9=0x6a830b0
[07:17:16 296][libtiny.so 0x182ed0] [4af10191] 0x40182ed0: "add x10, x10, #0x7c" x10=0x40177000 => x10=0x4017707c
[07:17:16 296][libtiny.so 0x182ed4] [cc71a072] 0x40182ed4: "movk w12, #0x38e, lsl #16" w12=0x9a1c => w12=0x38e9a1c
[07:17:16 296][libtiny.so 0x182ed8] [4901098b] 0x40182ed8: "add x9, x10, x9" x10=0x4017707c x9=0x6a830b0 => x9=0x46bfa12c
[07:17:16 296][libtiny.so 0x182edc] [4a010c0b] 0x40182edc: "add w10, w10, w12" w10=0x4017707c w12=0x38e9a1c => w10=0x43a60a98
[07:17:16 297][libtiny.so 0x182ee0] [ac017039] 0x40182ee0: "ldrb w12, [x13, #0xc00]" ; mem[READ] abs=0xbfffe017 x13=0xbfffd417 => w12=0x0
[07:17:16 297][libtiny.so 0x182ee4] [1f010071] 0x40182ee4: "cmp w8, #0" => nzcv=0x260000000 w8=0x0
[07:17:16 297][libtiny.so 0x182ee8] [a8017039] 0x40182ee8: "ldrb w8, [x13, #0xc00]" ; mem[READ] abs=0xbfffe017 x13=0xbfffd417 => w8=0x0
[07:17:16 297][libtiny.so 0x182eec] [0b619852] 0x40182eec: "movz w11, #0xc308" w11=0x40182d1c => w11=0xc308
[07:17:16 298][libtiny.so 0x182ef0] [8d000090] 0x40182ef0: "adrp x13, #0x40192000" => x13=0x40192000
[07:17:16 298][libtiny.so 0x182ef4] [ebd5a072] 0x40182ef4: "movk w11, #0x6af, lsl #16" w11=0xc308 => w11=0x6afc308
[07:17:16 298][libtiny.so 0x182ef8] [ade11a91] 0x40182ef8: "add x13, x13, #0x6b8" x13=0x40192000 => x13=0x401926b8
[07:17:16 298][libtiny.so 0x182efc] [ab010b8b] 0x40182efc: "add x11, x13, x11" x13=0x401926b8 x11=0x6afc308 => x11=0x46c8e9c0
[07:17:16 298][libtiny.so 0x182f00] [6711899a] 0x40182f00: "csel x7, x11, x9, ne" nzcv=0x18060000000 x11=0x46c8e9c0 x9=0x46bfa12c => x7=0x46bfa12c
[07:17:16 298][libtiny.so 0x182f04] [09198052] 0x40182f04: "movz w9, #0xc8" w9=0x46bfa12c => w9=0xc8
[07:17:16 299][libtiny.so 0x182f08] [1f010071] 0x40182f08: "cmp w8, #0" => nzcv=0x260000000 w8=0x0
[07:17:16 299][libtiny.so 0x182f0c] [08ab8152] 0x40182f0c: "movz w8, #0xd58" w8=0x0 => w8=0xd58
[07:17:16 299][libtiny.so 0x182f10] [0b2d00d0] 0x40182f10: "adrp x11, #0x40724000" => x11=0x40724000
[07:17:16 299][libtiny.so 0x182f14] [0811899a] 0x40182f14: "csel x8, x8, x9, ne" nzcv=0x18060000000 x8=0xd58 x9=0xc8 => x8=0xc8
[07:17:16 299][libtiny.so 0x182f18] [89d58d52] 0x40182f18: "movz w9, #0x6eac" w9=0xc8 => w9=0x6eac
[07:17:16 299][libtiny.so 0x182f1c] [6b813591] 0x40182f1c: "add x11, x11, #0xd60" x11=0x40724000 => x11=0x40724d60
[07:17:16 300][libtiny.so 0x182f20] [a96fa072] 0x40182f20: "movk w9, #0x37d, lsl #16" w9=0x6eac => w9=0x37d6eac
[07:17:16 300][libtiny.so 0x182f24] [686968f8] 0x40182f24: "ldr x8, [x11, x8]" ; mem[READ] abs=0x40724e28 x11=0x40724d60 x8=0xc8 => x8=0x433107f0
[07:17:16 300][libtiny.so 0x182f28] [a901090b] 0x40182f28: "add w9, w13, w9" w13=0x401926b8 w9=0x37d6eac => w9=0x43969564
[07:17:16 300][libtiny.so 0x182f2c] [9f010071] 0x40182f2c: "cmp w12, #0" => nzcv=0x260000000 w12=0x0
[07:17:16 300][libtiny.so 0x182f30] [29118a1a] 0x40182f30: "csel w9, w9, w10, ne" nzcv=0x18060000000 w9=0x43969564 w10=0x43a60a98 => w9=0x43a60a98
[07:17:16 300][libtiny.so 0x182f34] [2901074b] 0x40182f34: "sub w9, w9, w7" w9=0x43a60a98 w7=0x46bfa12c => w9=0xfce6696c
[07:17:16 302][libtiny.so 0x182f38] [08c1298b] 0x40182f38: "add x8, x8, w9, sxtw" x8=0x433107f0 w9=0xfce6696c => x8=0x4017715c
[07:17:16 302][libtiny.so 0x182f3c] [e90307aa] 0x40182f3c: "mov x9, x7" x7=0x46bfa12c => x9=0x46bfa12c
[07:17:16 302][libtiny.so 0x182f40] [00011fd6] 0x40182f40: "br x8" x8=0x4017715c
[07:17:16 302][libtiny.so 0x17715c] [682d00b0] 0x4017715c: "adrp x8, #0x40724000" => x8=0x40724000
[07:17:16 302][libtiny.so 0x177160] [081147f9] 0x40177160: "ldr x8, [x8, #0xe20]" ; mem[READ] abs=0x40724e20 x8=0x40724000 => x8=0x43b4c154
[07:17:16 302][libtiny.so 0x177164] [6b428a92] 0x40177164: "movn x11, #0x5213" x11=0x40724d60 => x11=0xffffffffffffadec
[07:17:16 302][libtiny.so 0x177168] [eaaa8b92] 0x40177168: "movn x10, #0x5d57" x10=0x43a60a98 => x10=0xffffffffffffa2a8
[07:17:16 302][libtiny.so 0x17716c] [4b8cbff2] 0x4017716c: "movk x11, #0xfc62, lsl #16" x11=0xffffffffffffadec => x11=0xfffffffffc62adec
[07:17:16 302][libtiny.so 0x177170] [aa9abff2] 0x40177170: "movk x10, #0xfcd5, lsl #16" x10=0xffffffffffffa2a8 => x10=0xfffffffffcd5a2a8
[07:17:16 303][libtiny.so 0x177174] [08010b8b] 0x40177174: "add x8, x8, x11" x8=0x43b4c154 x11=0xfffffffffc62adec => x8=0x40176f40
[07:17:16 303][libtiny.so 0x177178] [29010a8b] 0x40177178: "add x9, x9, x10" x9=0x46bfa12c x10=0xfffffffffcd5a2a8 => x9=0x439543d4
[07:17:16 303][libtiny.so 0x17717c] [00011fd6] 0x4017717c: "br x8" x8=0x40176f40
[07:17:16 303][libtiny.so 0x176f40] [e86a9a92] 0x40176f40: "movn x8, #0xd357" x8=0x40176f40 => x8=0xffffffffffff2ca8
[07:17:16 303][libtiny.so 0x176f44] [4890bff2] 0x40176f44: "movk x8, #0xfc82, lsl #16" x8=0xffffffffffff2ca8 => x8=0xfffffffffc822ca8
[07:17:16 303][libtiny.so 0x176f48] [2801088b] 0x40176f48: "add x8, x9, x8" x9=0x439543d4 x8=0xfffffffffc822ca8 => x8=0x4017707c
[07:17:16 304][libtiny.so 0x176f4c] [00011fd6] 0x40176f4c: "br x8" x8=0x4017707c
[07:17:16 304][libtiny.so 0x17707c] [680e4ef9] 0x4017707c: "ldr x8, [x19, #0x1c18]" ; mem[READ] abs=0xbfffdff8 x19=0xbfffc3e0 => x8=0xbfffbed0
[07:17:16 304][libtiny.so 0x177080] [692d00b0] 0x40177080: "adrp x9, #0x40724000" => x9=0x40724000
[07:17:16 304][libtiny.so 0x177084] [0a539c52] 0x40177084: "movz w10, #0xe298" w10=0xfcd5a2a8 => w10=0xe298
[07:17:16 304][libtiny.so 0x177088] [ebffffb0] 0x40177088: "adrp x11, #0x40174000" => x11=0x40174000
[07:17:16 304][libtiny.so 0x17708c] [29b946f9] 0x4017708c: "ldr x9, [x9, #0xd70]" ; mem[READ] abs=0x40724d70 x9=0x40724000 => x9=0x441280ec
[07:17:16 304][libtiny.so 0x177090] [8a71a072] 0x40177090: "movk w10, #0x38c, lsl #16" w10=0xe298 => w10=0x38ce298
[07:17:16 305][libtiny.so 0x177094] [6b611791] 0x40177094: "add x11, x11, #0x5d8" x11=0x40174000 => x11=0x401745d8
[07:17:16 305][libtiny.so 0x177098] [6a010a8b] 0x40177098: "add x10, x11, x10" x11=0x401745d8 x10=0x38ce298 => x10=0x43a42870
[07:17:16 305][libtiny.so 0x17709c] [080140f9] 0x4017709c: "ldr x8, [x8]" ; mem[READ] abs=0xbfffbed0 x8=0xbfffbed0 => x8=0x40b30180
[07:17:16 305][libtiny.so 0x1770a0] [8cee9452] 0x401770a0: "movz w12, #0xa774" w12=0x0 => w12=0xa774
[07:17:16 305][libtiny.so 0x1770a4] [6b010a4b] 0x401770a4: "sub w11, w11, w10" w11=0x401745d8 w10=0x43a42870 => w11=0xfc731d68
[07:17:16 305][libtiny.so 0x1770a8] [2cf2bf72] 0x401770a8: "movk w12, #0xff91, lsl #16" w12=0xa774 => w12=0xff91a774
[07:17:16 305][libtiny.so 0x1770ac] [6b010c0b] 0x401770ac: "add w11, w11, w12" w11=0xfc731d68 w12=0xff91a774 => w11=0xfc04c4dc
[07:17:16 306][libtiny.so 0x1770b0] [2bc12b8b] 0x401770b0: "add x11, x9, w11, sxtw" x9=0x441280ec w11=0xfc04c4dc => x11=0x401745c8
[07:17:16 306][libtiny.so 0x1770b4] [681e0ef9] 0x401770b4: "str x8, [x19, #0x1c38]" ; mem[WRITE] abs=0xbfffe018 x8=0x40b30180 x19=0xbfffc3e0 => x8=0x40b30180
[07:17:16 306][libtiny.so 0x1770b8] [e9030aaa] 0x401770b8: "mov x9, x10" x10=0x43a42870 => x9=0x43a42870
[07:17:16 306][libtiny.so 0x1770bc] [60011fd6] 0x401770bc: "br x11" x11=0x401745c8
[07:17:16 306][libtiny.so 0x1745c8] [e8529c92] 0x401745c8: "movn x8, #0xe297" x8=0x40b30180 => x8=0xffffffffffff1d68
[07:17:16 306][libtiny.so 0x1745cc] [688ebff2] 0x401745cc: "movk x8, #0xfc73, lsl #16" x8=0xffffffffffff1d68 => x8=0xfffffffffc731d68
[07:17:16 306][libtiny.so 0x1745d0] [2801088b] 0x401745d0: "add x8, x9, x8" x9=0x43a42870 x8=0xfffffffffc731d68 => x8=0x401745d8
[07:17:16 306][libtiny.so 0x1745d4] [00011fd6] 0x401745d4: "br x8" x8=0x401745d8
[07:17:16 306][libtiny.so 0x1745d8] [601e4ef9] 0x401745d8: "ldr x0, [x19, #0x1c38]" ; mem[READ] abs=0xbfffe018 x19=0xbfffc3e0 => x0=0x40b30180
[07:17:16 306][libtiny.so 0x1745dc] [c12eff97] 0x401745dc: "bl #0x401400e0"
[07:17:16 308][libtiny.so 0x1400e0] [bc731714] 0x401400e0: "b #0x4071cfd0"
[07:17:16 308][libtiny.so 0x71cfd0] [f0030090] 0x4071cfd0: "adrp x16, #0x40798000" => x16=0x40798000
[07:17:16 308][libtiny.so 0x71cfd4] [119645f9] 0x4071cfd4: "ldr x17, [x16, #0xb28]" ; mem[READ] abs=0x40798b28 x16=0x40798000 => x17=0x4092bac0
[07:17:16 308][libtiny.so 0x71cfd8] [10a22c91] 0x4071cfd8: "add x16, x16, #0xb28" x16=0x40798000 => x16=0x40798b28
[07:17:16 308][libtiny.so 0x71cfdc] [20021fd6] 0x4071cfdc: "br x17" x17=0x4092bac0
[07:17:16 308][libtiny.so 0x1745e0] [09619852] 0x401745e0: "movz w9, #0xc308" w9=0x30180 => w9=0xc308
[07:17:16 309][libtiny.so 0x1745e4] [ea0000d0] 0x401745e4: "adrp x10, #0x40192000" => x10=0x40192000
[07:17:16 309][libtiny.so 0x1745e8] [882d00b0] 0x401745e8: "adrp x8, #0x40725000" => x8=0x40725000
[07:17:16 309][libtiny.so 0x1745ec] [e9d5a072] 0x401745ec: "movk w9, #0x6af, lsl #16" w9=0xc308 => w9=0x6afc308
[07:17:16 309][libtiny.so 0x1745f0] [4ae11a91] 0x401745f0: "add x10, x10, #0x6b8" x10=0x40192000 => x10=0x401926b8
[07:17:16 309][libtiny.so 0x1745f4] [085d45f9] 0x401745f4: "ldr x8, [x8, #0xab8]" ; mem[READ] abs=0x40725ab8 x8=0x40725000 => x8=0x434b2eb0
[07:17:16 309][libtiny.so 0x1745f8] [4701098b] 0x401745f8: "add x7, x10, x9" x10=0x401926b8 x9=0x6afc308 => x7=0x46c8e9c0
[07:17:16 309][libtiny.so 0x1745fc] [4901074b] 0x401745fc: "sub w9, w10, w7" w10=0x401926b8 w7=0x46c8e9c0 => w9=0xf9503cf8
[07:17:16 310][libtiny.so 0x174600] [8ad58d52] 0x40174600: "movz w10, #0x6eac" w10=0x401926b8 => w10=0x6eac
[07:17:16 310][libtiny.so 0x174604] [aa6fa072] 0x40174604: "movk w10, #0x37d, lsl #16" w10=0x6eac => w10=0x37d6eac
[07:17:16 310][libtiny.so 0x174608] [29010a0b] 0x40174608: "add w9, w9, w10" w9=0xf9503cf8 w10=0x37d6eac => w9=0xfccdaba4
[07:17:16 310][libtiny.so 0x17460c] [08c1298b] 0x4017460c: "add x8, x8, w9, sxtw" x8=0x434b2eb0 w9=0xfccdaba4 => x8=0x4018da54
[07:17:16 310][libtiny.so 0x174610] [00011fd6] 0x40174610: "br x8" x8=0x4018da54
[07:17:16 311][libtiny.so 0x18da54] [c82c0090] 0x4018da54: "adrp x8, #0x40725000" => x8=0x40725000
[07:17:16 311][libtiny.so 0x18da58] [085945f9] 0x4018da58: "ldr x8, [x8, #0xab0]" ; mem[READ] abs=0x40725ab0 x8=0x40725000 => x8=0x4394c540
[07:17:16 311][libtiny.so 0x18da5c] [6ae79392] 0x4018da5c: "movn x10, #0x9f3b" x10=0x37d6eac => x10=0xffffffffffff60c4
[07:17:16 311][libtiny.so 0x18da60] [696a8292] 0x4018da60: "movn x9, #0x1353" x9=0xfccdaba4 => x9=0xffffffffffffecac
[07:17:16 311][libtiny.so 0x18da64] [8a90bff2] 0x4018da64: "movk x10, #0xfc84, lsl #16" x10=0xffffffffffff60c4 => x10=0xfffffffffc8460c4
[07:17:16 311][libtiny.so 0x18da68] [8999bff2] 0x4018da68: "movk x9, #0xfccc, lsl #16" x9=0xffffffffffffecac => x9=0xfffffffffcccecac
[07:17:16 312][libtiny.so 0x18da6c] [08010a8b] 0x4018da6c: "add x8, x8, x10" x8=0x4394c540 x10=0xfffffffffc8460c4 => x8=0x40192604
[07:17:16 312][libtiny.so 0x18da70] [e700098b] 0x4018da70: "add x7, x7, x9" x7=0x46c8e9c0 x9=0xfffffffffcccecac => x7=0x4395d66c
[07:17:16 312][libtiny.so 0x18da74] [00011fd6] 0x4018da74: "br x8" x8=0x40192604
[07:17:16 312][libtiny.so 0x192604] [68f69592] 0x40192604: "movn x8, #0xafb3" x8=0x40192604 => x8=0xffffffffffff504c
[07:17:16 312][libtiny.so 0x192608] [6890bff2] 0x40192608: "movk x8, #0xfc83, lsl #16" x8=0xffffffffffff504c => x8=0xfffffffffc83504c
[07:17:16 312][libtiny.so 0x19260c] [e800088b] 0x4019260c: "add x8, x7, x8" x7=0x4395d66c x8=0xfffffffffc83504c => x8=0x401926b8
[07:17:16 313][libtiny.so 0x192610] [00011fd6] 0x40192610: "br x8" x8=0x401926b8
[07:17:16 313][libtiny.so 0x1926b8] [68024ef9] 0x401926b8: "ldr x8, [x19, #0x1c00]" ; mem[READ] abs=0xbfffdfe0 x19=0xbfffc3e0 => x8=0xbfffbec0
[07:17:16 314][libtiny.so 0x1926bc] [68f24df9] 0x401926bc: "ldr x8, [x19, #0x1be0]" ; mem[READ] abs=0xbfffdfc0 x19=0xbfffc3e0 => x8=0xbfffbef8
[07:17:16 314][libtiny.so 0x1926c0] [69064091] 0x401926c0: "add x9, x19, #1, lsl #12" x19=0xbfffc3e0 => x9=0xbfffd3e0
[07:17:16 314][libtiny.so 0x1926c4] [29dd0091] 0x401926c4: "add x9, x9, #0x37" x9=0xbfffd3e0 => x9=0xbfffd417
[07:17:16 314][libtiny.so 0x1926c8] [4affffd0] 0x401926c8: "adrp x10, #0x4017c000" => x10=0x4017c000
[07:17:16 314][libtiny.so 0x1926cc] [08014039] 0x401926cc: "ldrb w8, [x8]" ; mem[READ] abs=0xbfffbef8 x8=0xbfffbef8 => w8=0x1
[07:17:16 314][libtiny.so 0x1926d0] [4a713991] 0x401926d0: "add x10, x10, #0xe5c" x10=0x4017c000 => x10=0x4017ce5c
[07:17:16 315][libtiny.so 0x1926d4] [0b3c8a52] 0x401926d4: "movz w11, #0x51e0" w11=0x16b8 => w11=0x51e0
[07:17:16 315][libtiny.so 0x1926d8] [2b0da072] 0x401926d8: "movk w11, #0x69, lsl #16" w11=0x51e0 => w11=0x6951e0
[07:17:16 315][libtiny.so 0x1926dc] [28353039] 0x401926dc: "strb w8, [x9, #0xc0d]" ; mem[WRITE] abs=0xbfffe024 w8=0x1 x9=0xbfffd417 => w8=0x1
[07:17:16 315][libtiny.so 0x1926e0] [68fe40f9] 0x401926e0: "ldr x8, [x19, #0x1f8]" ; mem[READ] abs=0xbfffc5d8 x19=0xbfffc3e0 => x8=0xbfffbea0
[07:17:16 315][libtiny.so 0x1926e4] [89b48f52] 0x401926e4: "movz w9, #0x7da4" w9=0xbfffd417 => w9=0x7da4
[07:17:16 315][libtiny.so 0x1926e8] [2975a072] 0x401926e8: "movk w9, #0x3a9, lsl #16" w9=0x7da4 => w9=0x3a97da4
[07:17:16 315][libtiny.so 0x1926ec] [4901098b] 0x401926ec: "add x9, x10, x9" x10=0x4017ce5c x9=0x3a97da4 => x9=0x43c14c00
[07:17:16 316][libtiny.so 0x1926f0] [68260ef9] 0x401926f0: "str x8, [x19, #0x1c48]" ; mem[WRITE] abs=0xbfffe028 x8=0xbfffbea0 x19=0xbfffc3e0 => x8=0xbfffbea0
[07:17:16 316][libtiny.so 0x1926f4] [68264ef9] 0x401926f4: "ldr x8, [x19, #0x1c48]" ; mem[READ] abs=0xbfffe028 x19=0xbfffc3e0 => x8=0xbfffbea0
[07:17:16 316][libtiny.so 0x1926f8] [882c00f0] 0x401926f8: "adrp x8, #0x40725000" => x8=0x40725000
[07:17:16 316][libtiny.so 0x1926fc] [083140f9] 0x401926fc: "ldr x8, [x8, #0x60]" ; mem[READ] abs=0x40725060 x8=0x40725000 => x8=0x4357f884
[07:17:16 316][libtiny.so 0x192700] [4a01094b] 0x40192700: "sub w10, w10, w9" w10=0x4017ce5c w9=0x43c14c00 => w10=0xfc56825c
[07:17:16 316][libtiny.so 0x192704] [4a010b0b] 0x40192704: "add w10, w10, w11" w10=0xfc56825c w11=0x6951e0 => w10=0xfcbfd43c
[07:17:16 317][libtiny.so 0x192708] [08c12a8b] 0x40192708: "add x8, x8, w10, sxtw" x8=0x4357f884 w10=0xfcbfd43c => x8=0x4017ccc0
[07:17:16 317][libtiny.so 0x19270c] [00011fd6] 0x4019270c: "br x8" x8=0x4017ccc0
[07:17:16 317][libtiny.so 0x17ccc0] [68b48f92] 0x4017ccc0: "movn x8, #0x7da3" x8=0x4017ccc0 => x8=0xffffffffffff825c
[07:17:16 317][libtiny.so 0x17ccc4] [c88abff2] 0x4017ccc4: "movk x8, #0xfc56, lsl #16" x8=0xffffffffffff825c => x8=0xfffffffffc56825c
[07:17:16 317][libtiny.so 0x17ccc8] [2801088b] 0x4017ccc8: "add x8, x9, x8" x9=0x43c14c00 x8=0xfffffffffc56825c => x8=0x4017ce5c
[07:17:16 317][libtiny.so 0x17cccc] [00011fd6] 0x4017cccc: "br x8" x8=0x4017ce5c
[07:17:16 318][libtiny.so 0x17ce5c] [689a4df9] 0x4017ce5c: "ldr x8, [x19, #0x1b30]" ; mem[READ] abs=0xbfffdf10 x19=0xbfffc3e0 => x8=0xbfffbe80
[07:17:16 318][libtiny.so 0x17ce60] [0b299f52] 0x4017ce60: "movz w11, #0xf948" w11=0x6951e0 => w11=0xf948
[07:17:16 318][libtiny.so 0x17ce64] [2b6ca072] 0x4017ce64: "movk w11, #0x361, lsl #16" w11=0xf948 => w11=0x361f948
[07:17:16 318][libtiny.so 0x17ce68] [ad0000f0] 0x4017ce68: "adrp x13, #0x40193000" => x13=0x40193000
[07:17:16 318][libtiny.so 0x17ce6c] [1f010039] 0x4017ce6c: "strb wzr, [x8]" ; mem[WRITE] abs=0xbfffbe80 x8=0xbfffbe80
[07:17:16 318][libtiny.so 0x17ce70] [680241f9] 0x4017ce70: "ldr x8, [x19, #0x200]" ; mem[READ] abs=0xbfffc5e0 x19=0xbfffc3e0 => x8=0xbfffbe80
[07:17:16 319][libtiny.so 0x17ce74] [ad112891] 0x4017ce74: "add x13, x13, #0xa04" x13=0x40193000 => x13=0x40193a04
[07:17:16 319][libtiny.so 0x17ce78] [0c088152] 0x4017ce78: "movz w12, #0x840" w12=0x0 => w12=0x840
[07:17:16 319][libtiny.so 0x17ce7c] [08410091] 0x4017ce7c: "add x8, x8, #0x10" x8=0xbfffbe80 => x8=0xbfffbe90
[07:17:16 319][libtiny.so 0x17ce80] [682a0ef9] 0x4017ce80: "str x8, [x19, #0x1c50]" ; mem[WRITE] abs=0xbfffe030 x8=0xbfffbe90 x19=0xbfffc3e0 => x8=0xbfffbe90
[07:17:16 319][libtiny.so 0x17ce84] [682a4ef9] 0x4017ce84: "ldr x8, [x19, #0x1c50]" ; mem[READ] abs=0xbfffe030 x19=0xbfffc3e0 => x8=0xbfffbe90
[07:17:16 319][libtiny.so 0x17ce88] [1f010039] 0x4017ce88: "strb wzr, [x8]" ; mem[WRITE] abs=0xbfffbe90 x8=0xbfffbe90
[07:17:16 319][libtiny.so 0x17ce8c] [68064091] 0x4017ce8c: "add x8, x19, #1, lsl #12" x19=0xbfffc3e0 => x8=0xbfffd3e0
[07:17:16 320][libtiny.so 0x17ce90] [08dd0091] 0x4017ce90: "add x8, x8, #0x37" x8=0xbfffd3e0 => x8=0xbfffd417
[07:17:16 320][libtiny.so 0x17ce94] [08357039] 0x4017ce94: "ldrb w8, [x8, #0xc0d]" ; mem[READ] abs=0xbfffe024 x8=0xbfffd417 => w8=0x1
[07:17:16 320][libtiny.so 0x17ce98] [697e45f9] 0x4017ce98: "ldr x9, [x19, #0xaf8]" ; mem[READ] abs=0xbfffced8 x19=0xbfffc3e0 => x9=0xbfffabf0
[07:17:16 320][libtiny.so 0x17ce9c] [6a264ef9] 0x4017ce9c: "ldr x10, [x19, #0x1c48]" ; mem[READ] abs=0xbfffe028 x19=0xbfffc3e0 => x10=0xbfffbea0
[07:17:16 320][libtiny.so 0x17cea0] [1f010071] 0x4017cea0: "cmp w8, #0" => nzcv=0x220000000 w8=0x1
[07:17:16 320][libtiny.so 0x17cea4] [2a0100f9] 0x4017cea4: "str x10, [x9]" ; mem[WRITE] abs=0xbfffabf0 x10=0xbfffbea0 x9=0xbfffabf0 => x10=0xbfffbea0
[07:17:16 321][libtiny.so 0x17cea8] [690000f0] 0x4017cea8: "adrp x9, #0x4018b000" => x9=0x4018b000
[07:17:16 321][libtiny.so 0x17ceac] [8a558d52] 0x4017ceac: "movz w10, #0x6aac" w10=0xbfffbea0 => w10=0x6aac
[07:17:16 321][libtiny.so 0x17ceb0] [29a12e91] 0x4017ceb0: "add x9, x9, #0xba8" x9=0x4018b000 => x9=0x4018bba8
[07:17:16 321][libtiny.so 0x17ceb4] [4af9bf72] 0x4017ceb4: "movk w10, #0xffca, lsl #16" w10=0x6aac => w10=0xffca6aac
[07:17:16 321][libtiny.so 0x17ceb8] [2b010b8b] 0x4017ceb8: "add x11, x9, x11" x9=0x4018bba8 x11=0x361f948 => x11=0x437ab4f0
[07:17:16 321][libtiny.so 0x17cebc] [29010a0b] 0x4017cebc: "add w9, w9, w10" w9=0x4018bba8 w10=0xffca6aac => w9=0x3fe32654
[07:17:16 321][libtiny.so 0x17cec0] [8a619752] 0x4017cec0: "movz w10, #0xbb0c" w10=0xffca6aac => w10=0xbb0c
[07:17:16 322][libtiny.so 0x17cec4] [0adfa072] 0x4017cec4: "movk w10, #0x6f8, lsl #16" w10=0xbb0c => w10=0x6f8bb0c
[07:17:16 322][libtiny.so 0x17cec8] [a8010a8b] 0x4017cec8: "add x8, x13, x10" x13=0x40193a04 x10=0x6f8bb0c => x8=0x4711f510
[07:17:16 322][libtiny.so 0x17cecc] [08018b9a] 0x4017cecc: "csel x8, x8, x11, eq" nzcv=0x18020000000 x8=0x4711f510 x11=0x437ab4f0 => x8=0x437ab4f0
[07:17:16 322][libtiny.so 0x17ced0] [0a918152] 0x4017ced0: "movz w10, #0xc88" w10=0x6f8bb0c => w10=0xc88
[07:17:16 322][libtiny.so 0x17ced4] [4b2d0090] 0x4017ced4: "adrp x11, #0x40724000" => x11=0x40724000
[07:17:16 323][libtiny.so 0x17ced8] [4a018c9a] 0x4017ced8: "csel x10, x10, x12, eq" nzcv=0x18020000000 x10=0xc88 x12=0x840 => x10=0x840
[07:17:16 323][libtiny.so 0x17cedc] [6b813591] 0x4017cedc: "add x11, x11, #0xd60" x11=0x40724000 => x11=0x40724d60
[07:17:16 323][libtiny.so 0x17cee0] [6a696af8] 0x4017cee0: "ldr x10, [x11, x10]" ; mem[READ] abs=0x407255a0 x11=0x40724d60 x10=0x840 => x10=0x43b049a8
[07:17:16 323][libtiny.so 0x17cee4] [8bee9552] 0x4017cee4: "movz w11, #0xaf74" w11=0x40724d60 => w11=0xaf74
[07:17:16 323][libtiny.so 0x17cee8] [cb6da072] 0x4017cee8: "movk w11, #0x36e, lsl #16" w11=0xaf74 => w11=0x36eaf74
[07:17:16 323][libtiny.so 0x17ceec] [ab010b0b] 0x4017ceec: "add w11, w13, w11" w13=0x40193a04 w11=0x36eaf74 => w11=0x4387e978
[07:17:16 324][libtiny.so 0x17cef0] [6901891a] 0x4017cef0: "csel w9, w11, w9, eq" nzcv=0x18020000000 w11=0x4387e978 w9=0x3fe32654 => w9=0x3fe32654
[07:17:16 324][libtiny.so 0x17cef4] [2901084b] 0x4017cef4: "sub w9, w9, w8" w9=0x3fe32654 w8=0x437ab4f0 => w9=0xfc687164
[07:17:16 324][libtiny.so 0x17cef8] [49c1298b] 0x4017cef8: "add x9, x10, w9, sxtw" x10=0x43b049a8 w9=0xfc687164 => x9=0x4018bb0c
[07:17:16 324][libtiny.so 0x17cefc] [20011fd6] 0x4017cefc: "br x9" x9=0x4018bb0c
[07:17:16 324][libtiny.so 0x18bb0c] [e9289f92] 0x4018bb0c: "movn x9, #0xf947" x9=0x4018bb0c => x9=0xffffffffffff06b8
[07:17:16 324][libtiny.so 0x18bb10] [c993bff2] 0x4018bb10: "movk x9, #0xfc9e, lsl #16" x9=0xffffffffffff06b8 => x9=0xfffffffffc9e06b8
[07:17:16 324][libtiny.so 0x18bb14] [0801098b] 0x4018bb14: "add x8, x8, x9" x8=0x437ab4f0 x9=0xfffffffffc9e06b8 => x8=0x4018bba8
[07:17:16 325][libtiny.so 0x18bb18] [00011fd6] 0x4018bb18: "br x8" x8=0x4018bba8
[07:17:16 325][libtiny.so 0x18bba8] [68ee4df9] 0x4018bba8: "ldr x8, [x19, #0x1bd8]" ; mem[READ] abs=0xbfffdfb8 x19=0xbfffc3e0 => x8=0xbfffbee0
[07:17:16 325][libtiny.so 0x18bbac] [8cffff90] 0x4018bbac: "adrp x12, #0x4017b000" => x12=0x4017b000
[07:17:16 325][libtiny.so 0x18bbb0] [8c513691] 0x4018bbb0: "add x12, x12, #0xd94" x12=0x4017b000 => x12=0x4017bd94
[07:17:16 325][libtiny.so 0x18bbb4] [08014039] 0x4018bbb4: "ldrb w8, [x8]" ; mem[READ] abs=0xbfffbee0 x8=0xbfffbee0 => w8=0xb1
[07:17:16 325][libtiny.so 0x18bbb8] [69f640f9] 0x4018bbb8: "ldr x9, [x19, #0x1e8]" ; mem[READ] abs=0xbfffc5c8 x19=0xbfffc3e0 => x9=0xbfffbee0
[07:17:16 326][libtiny.so 0x18bbbc] [0bfd41d3] 0x4018bbbc: "lsr x11, x8, #1" x11=0x4387e978 x8=0xb1 => x11=0x58
[07:17:16 326][libtiny.so 0x18bbc0] [290940f9] 0x4018bbc0: "ldr x9, [x9, #0x10]" ; mem[READ] abs=0xbfffbef0 x9=0xbfffbee0 => x9=0x40b30240
[07:17:16 326][libtiny.so 0x18bbc4] [6af640f9] 0x4018bbc4: "ldr x10, [x19, #0x1e8]" ; mem[READ] abs=0xbfffc5c8 x19=0xbfffc3e0 => x10=0xbfffbee0
[07:17:16 326][libtiny.so 0x18bbc8] [1f010072] 0x4018bbc8: "tst w8, #1" => nzcv=0x200000000 w8=0xb1
[07:17:16 326][libtiny.so 0x18bbcc] [4a0540f9] 0x4018bbcc: "ldr x10, [x10, #8]" ; mem[READ] abs=0xbfffbee8 x10=0xbfffbee0 => x10=0xad
[07:17:16 326][libtiny.so 0x18bbd0] [68f640f9] 0x4018bbd0: "ldr x8, [x19, #0x1e8]" ; mem[READ] abs=0xbfffc5c8 x19=0xbfffc3e0 => x8=0xbfffbee0
[07:17:16 326][libtiny.so 0x18bbd4] [6a018a9a] 0x4018bbd4: "csel x10, x11, x10, eq" nzcv=0x18000000000 x11=0x58 x10=0xad => x10=0xad
[07:17:16 326][libtiny.so 0x18bbd8] [6a2e0ef9] 0x4018bbd8: "str x10, [x19, #0x1c58]" ; mem[WRITE] abs=0xbfffe038 x10=0xad x19=0xbfffc3e0 => x10=0xad
[07:17:16 327][libtiny.so 0x18bbdc] [6a0241f9] 0x4018bbdc: "ldr x10, [x19, #0x200]" ; mem[READ] abs=0xbfffc5e0 x19=0xbfffc3e0 => x10=0xbfffbe80
[07:17:16 327][libtiny.so 0x18bbe0] [2815889a] 0x4018bbe0: "csinc x8, x9, x8, ne" nzcv=0x18000000000 x9=0x40b30240 x8=0xbfffbee0 => x8=0x40b30240
[07:17:16 327][libtiny.so 0x18bbe4] [8b8d8c52] 0x4018bbe4: "movz w11, #0x646c" w11=0x58 => w11=0x646c
[07:17:16 328][libtiny.so 0x18bbe8] [8bdba072] 0x4018bbe8: "movk w11, #0x6dc, lsl #16" w11=0x646c => w11=0x6dc646c
[07:17:16 328][libtiny.so 0x18bbec] [480100f9] 0x4018bbec: "str x8, [x10]" ; mem[WRITE] abs=0xbfffbe80 x8=0x40b30240 x10=0xbfffbe80 => x8=0x40b30240
[07:17:16 328][libtiny.so 0x18bbf0] [c82c00b0] 0x4018bbf0: "adrp x8, #0x40724000" => x8=0x40724000
[07:17:16 328][libtiny.so 0x18bbf4] [08fd47f9] 0x4018bbf4: "ldr x8, [x8, #0xff8]" ; mem[READ] abs=0x40724ff8 x8=0x40724000 => x8=0x43637ae0
[07:17:16 328][libtiny.so 0x18bbf8] [89010b8b] 0x4018bbf8: "add x9, x12, x11" x12=0x4017bd94 x11=0x6dc646c => x9=0x46f42200
[07:17:16 328][libtiny.so 0x18bbfc] [0bf69452] 0x4018bbfc: "movz w11, #0xa7b0" w11=0x6dc646c => w11=0xa7b0
[07:17:16 328][libtiny.so 0x18bc00] [8a01094b] 0x4018bc00: "sub w10, w12, w9" w12=0x4017bd94 w9=0x46f42200 => w10=0xf9239b94
[07:17:16 329][libtiny.so 0x18bc04] [0b72a072] 0x4018bc04: "movk w11, #0x390, lsl #16" w11=0xa7b0 => w11=0x390a7b0
[07:17:16 329][libtiny.so 0x18bc08] [4a010b0b] 0x4018bc08: "add w10, w10, w11" w10=0xf9239b94 w11=0x390a7b0 => w10=0xfcb44344
[07:17:16 329][libtiny.so 0x18bc0c] [08c12a8b] 0x4018bc0c: "add x8, x8, w10, sxtw" x8=0x43637ae0 w10=0xfcb44344 => x8=0x4017be24
[07:17:16 329][libtiny.so 0x18bc10] [00011fd6] 0x4018bc10: "br x8" x8=0x4017be24
[07:17:16 329][libtiny.so 0x17be24] [482d00b0] 0x4017be24: "adrp x8, #0x40724000" => x8=0x40724000
[07:17:16 329][libtiny.so 0x17be28] [08f947f9] 0x4017be28: "ldr x8, [x8, #0xff0]" ; mem[READ] abs=0x40724ff0 x8=0x40724000 => x8=0x439318fc
[07:17:16 329][libtiny.so 0x17be2c] [eb9e8b92] 0x4017be2c: "movn x11, #0x5cf7" x11=0x390a7b0 => x11=0xffffffffffffa308
[07:17:16 329][libtiny.so 0x17be30] [6a7b9a92] 0x4017be30: "movn x10, #0xd3db" x10=0xfcb44344 => x10=0xffffffffffff2c24
[07:17:16 329][libtiny.so 0x17be34] [8b90bff2] 0x4017be34: "movk x11, #0xfc84, lsl #16" x11=0xffffffffffffa308 => x11=0xfffffffffc84a308
[07:17:16 329][libtiny.so 0x17be38] [ca92bff2] 0x4017be38: "movk x10, #0xfc96, lsl #16" x10=0xffffffffffff2c24 => x10=0xfffffffffc962c24
[07:17:16 329][libtiny.so 0x17be3c] [08010b8b] 0x4017be3c: "add x8, x8, x11" x8=0x439318fc x11=0xfffffffffc84a308 => x8=0x4017bc04
[07:17:16 331][libtiny.so 0x17be40] [29010a8b] 0x4017be40: "add x9, x9, x10" x9=0x46f42200 x10=0xfffffffffc962c24 => x9=0x438a4e24
[07:17:16 331][libtiny.so 0x17be44] [00011fd6] 0x4017be44: "br x8" x8=0x4017bc04
[07:17:16 331][libtiny.so 0x17bc04] [e8119292] 0x4017bc04: "movn x8, #0x908f" x8=0x4017bc04 => x8=0xffffffffffff6f70
[07:17:16 331][libtiny.so 0x17bc08] [a891bff2] 0x4017bc08: "movk x8, #0xfc8d, lsl #16" x8=0xffffffffffff6f70 => x8=0xfffffffffc8d6f70
[07:17:16 331][libtiny.so 0x17bc0c] [2801088b] 0x4017bc0c: "add x8, x9, x8" x9=0x438a4e24 x8=0xfffffffffc8d6f70 => x8=0x4017bd94
[07:17:16 331][libtiny.so 0x17bc10] [00011fd6] 0x4017bc10: "br x8" x8=0x4017bd94
[07:17:16 331][libtiny.so 0x17bd94] [492d00d0] 0x4017bd94: "adrp x9, #0x40725000" => x9=0x40725000
[07:17:16 331][libtiny.so 0x17bd98] [8adc8052] 0x4017bd98: "movz w10, #0x6e4" w10=0xfc962c24 => w10=0x6e4
[07:17:16 332][libtiny.so 0x17bd9c] [cb000090] 0x4017bd9c: "adrp x11, #0x40193000" => x11=0x40193000
[07:17:16 332][libtiny.so 0x17bda0] [680241f9] 0x4017bda0: "ldr x8, [x19, #0x200]" ; mem[READ] abs=0xbfffc5e0 x19=0xbfffc3e0 => x8=0xbfffbe80
[07:17:16 332][libtiny.so 0x17bda4] [290944f9] 0x4017bda4: "ldr x9, [x9, #0x810]" ; mem[READ] abs=0x40725810 x9=0x40725000 => x9=0x43ea1ce4
[07:17:16 332][libtiny.so 0x17bda8] [aa6fa072] 0x4017bda8: "movk w10, #0x37d, lsl #16" w10=0x6e4 => w10=0x37d06e4
[07:17:16 332][libtiny.so 0x17bdac] [6b612491] 0x4017bdac: "add x11, x11, #0x918" x11=0x40193000 => x11=0x40193918
[07:17:16 332][libtiny.so 0x17bdb0] [0c1a8452] 0x4017bdb0: "movz w12, #0x20d0" w12=0x4017bd94 => w12=0x20d0
[07:17:16 332][libtiny.so 0x17bdb4] [79010a8b] 0x4017bdb4: "add x25, x11, x10" x11=0x40193918 x10=0x37d06e4 => x25=0x43963ffc
[07:17:16 332][libtiny.so 0x17bdb8] [8cf5bf72] 0x4017bdb8: "movk w12, #0xffac, lsl #16" w12=0x20d0 => w12=0xffac20d0
[07:17:16 332][libtiny.so 0x17bdbc] [6a01194b] 0x4017bdbc: "sub w10, w11, w25" w11=0x40193918 w25=0x43963ffc => w10=0xfc82f91c
[07:17:16 333][libtiny.so 0x17bdc0] [4a010c0b] 0x4017bdc0: "add w10, w10, w12" w10=0xfc82f91c w12=0xffac20d0 => w10=0xfc2f19ec
[07:17:16 333][libtiny.so 0x17bdc4] [08210091] 0x4017bdc4: "add x8, x8, #8" x8=0xbfffbe80 => x8=0xbfffbe88
[07:17:16 333][libtiny.so 0x17bdc8] [29c12a8b] 0x4017bdc8: "add x9, x9, w10, sxtw" x9=0x43ea1ce4 w10=0xfc2f19ec => x9=0x401936d0
[07:17:16 333][libtiny.so 0x17bdcc] [68320ef9] 0x4017bdcc: "str x8, [x19, #0x1c60]" ; mem[WRITE] abs=0xbfffe040 x8=0xbfffbe88 x19=0xbfffc3e0 => x8=0xbfffbe88
[07:17:16 333][libtiny.so 0x17bdd0] [20011fd6] 0x4017bdd0: "br x9" x9=0x401936d0
[07:17:16 333][libtiny.so 0x1936d0] [68dc8092] 0x401936d0: "movn x8, #0x6e3" x8=0xbfffbe88 => x8=0xfffffffffffff91c
[07:17:16 334][libtiny.so 0x1936d4] [4890bff2] 0x401936d4: "movk x8, #0xfc82, lsl #16" x8=0xfffffffffffff91c => x8=0xfffffffffc82f91c
[07:17:16 334][libtiny.so 0x1936d8] [2803088b] 0x401936d8: "add x8, x25, x8" x25=0x43963ffc x8=0xfffffffffc82f91c => x8=0x40193918
[07:17:16 334][libtiny.so 0x1936dc] [00011fd6] 0x401936dc: "br x8" x8=0x40193918
[07:17:16 334][libtiny.so 0x193918] [682e4ef9] 0x40193918: "ldr x8, [x19, #0x1c58]" ; mem[READ] abs=0xbfffe038 x19=0xbfffc3e0 => x8=0xad
[07:17:16 334][libtiny.so 0x19391c] [69324ef9] 0x4019391c: "ldr x9, [x19, #0x1c60]" ; mem[READ] abs=0xbfffe040 x19=0xbfffc3e0 => x9=0xbfffbe88
[07:17:16 335][libtiny.so 0x193920] [0a528052] 0x40193920: "movz w10, #0x290" w10=0xfc2f19ec => w10=0x290
[07:17:16 335][libtiny.so 0x193924] [0b000090] 0x40193924: "adrp x11, #0x40193000" => x11=0x40193000
[07:17:16 335][libtiny.so 0x193928] [6a7da072] 0x40193928: "movk w10, #0x3eb, lsl #16" w10=0x290 => w10=0x3eb0290
[07:17:16 335][libtiny.so 0x19392c] [280100f9] 0x4019392c: "str x8, [x9]" ; mem[WRITE] abs=0xbfffbe88 x8=0xad x9=0xbfffbe88 => x8=0xad
[07:17:16 335][libtiny.so 0x193930] [682a4ef9] 0x40193930: "ldr x8, [x19, #0x1c50]" ; mem[READ] abs=0xbfffe030 x19=0xbfffc3e0 => x8=0xbfffbe90
[07:17:16 335][libtiny.so 0x193934] [29008052] 0x40193934: "movz w9, #0x1" w9=0xbfffbe88 => w9=0x1
[07:17:16 336][libtiny.so 0x193938] [6b112891] 0x40193938: "add x11, x11, #0xa04" x11=0x40193000 => x11=0x40193a04
[07:17:16 336][libtiny.so 0x19393c] [09010039] 0x4019393c: "strb w9, [x8]" ; mem[WRITE] abs=0xbfffbe90 w9=0x1 x8=0xbfffbe90 => w9=0x1
[07:17:16 336][libtiny.so 0x193940] [687e45f9] 0x40193940: "ldr x8, [x19, #0xaf8]" ; mem[READ] abs=0xbfffced8 x19=0xbfffc3e0 => x8=0xbfffabf0
[07:17:16 336][libtiny.so 0x193944] [69264ef9] 0x40193944: "ldr x9, [x19, #0x1c48]" ; mem[READ] abs=0xbfffe028 x19=0xbfffc3e0 => x9=0xbfffbea0
[07:17:16 336][libtiny.so 0x193948] [090100f9] 0x40193948: "str x9, [x8]" ; mem[WRITE] abs=0xbfffabf0 x9=0xbfffbea0 x8=0xbfffabf0 => x9=0xbfffbea0
[07:17:16 336][libtiny.so 0x19394c] [882c00d0] 0x4019394c: "adrp x8, #0x40725000" => x8=0x40725000
[07:17:16 336][libtiny.so 0x193950] [09f144f9] 0x40193950: "ldr x9, [x8, #0x9e0]" ; mem[READ] abs=0x407259e0 x8=0x40725000 => x9=0x43561c1c
[07:17:16 337][libtiny.so 0x193954] [68010a8b] 0x40193954: "add x8, x11, x10" x11=0x40193a04 x10=0x3eb0290 => x8=0x44043c94
[07:17:16 337][libtiny.so 0x193958] [6a01084b] 0x40193958: "sub w10, w11, w8" w11=0x40193a04 w8=0x44043c94 => w10=0xfc14fd70
[07:17:16 337][libtiny.so 0x19395c] [8bfc8352] 0x4019395c: "movz w11, #0x1fe4" w11=0x40193a04 => w11=0x1fe4
[07:17:16 337][libtiny.so 0x193960] [cb15a072] 0x40193960: "movk w11, #0xae, lsl #16" w11=0x1fe4 => w11=0xae1fe4
[07:17:16 337][libtiny.so 0x193964] [4a010b0b] 0x40193964: "add w10, w10, w11" w10=0xfc14fd70 w11=0xae1fe4 => w10=0xfcc31d54
[07:17:16 337][libtiny.so 0x193968] [29c12a8b] 0x40193968: "add x9, x9, w10, sxtw" x9=0x43561c1c w10=0xfcc31d54 => x9=0x40193970
[07:17:16 337][libtiny.so 0x19396c] [20011fd6] 0x4019396c: "br x9" x9=0x40193970
[07:17:16 338][libtiny.so 0x193970] [e9518092] 0x40193970: "movn x9, #0x28f" x9=0x40193970 => x9=0xfffffffffffffd70
[07:17:16 338][libtiny.so 0x193974] [8982bff2] 0x40193974: "movk x9, #0xfc14, lsl #16" x9=0xfffffffffffffd70 => x9=0xfffffffffc14fd70
[07:17:16 338][libtiny.so 0x193978] [0801098b] 0x40193978: "add x8, x8, x9" x8=0x44043c94 x9=0xfffffffffc14fd70 => x8=0x40193a04
[07:17:16 338][libtiny.so 0x19397c] [00011fd6] 0x4019397c: "br x8" x8=0x40193a04
[07:17:16 338][libtiny.so 0x193a04] [687e45f9] 0x40193a04: "ldr x8, [x19, #0xaf8]" ; mem[READ] abs=0xbfffced8 x19=0xbfffc3e0 => x8=0xbfffabf0
[07:17:16 338][libtiny.so 0x193a08] [080140f9] 0x40193a08: "ldr x8, [x8]" ; mem[READ] abs=0xbfffabf0 x8=0xbfffabf0 => x8=0xbfffbea0
[07:17:16 339][libtiny.so 0x193a0c] [68360ef9] 0x40193a0c: "str x8, [x19, #0x1c68]" ; mem[WRITE] abs=0xbfffe048 x8=0xbfffbea0 x19=0xbfffc3e0 => x8=0xbfffbea0
[07:17:16 339][libtiny.so 0x193a10] [60e640f9] 0x40193a10: "ldr x0, [x19, #0x1c8]" ; mem[READ] abs=0xbfffc5a8 x19=0xbfffc3e0 => x0=0xbfffbf60
[07:17:16 339][libtiny.so 0x193a14] [61ea40f9] 0x40193a14: "ldr x1, [x19, #0x1d0]" ; mem[READ] abs=0xbfffc5b0 x19=0xbfffc3e0 => x1=0xbfffbf40
[07:17:16 339][libtiny.so 0x193a18] [62ee40f9] 0x40193a18: "ldr x2, [x19, #0x1d8]" ; mem[READ] abs=0xbfffc5b8 x19=0xbfffc3e0 => x2=0xbfffbf20
[07:17:16 339][libtiny.so 0x193a1c] [63f240f9] 0x40193a1c: "ldr x3, [x19, #0x1e0]" ; mem[READ] abs=0xbfffc5c0 x19=0xbfffc3e0 => x3=0xbfffbf00
[07:17:16 339][libtiny.so 0x193a20] [68fe40f9] 0x40193a20: "ldr x8, [x19, #0x1f8]" ; mem[READ] abs=0xbfffc5d8 x19=0xbfffc3e0 => x8=0xbfffbea0
[07:17:16 340][libtiny.so 0x193a24] [640241f9] 0x40193a24: "ldr x4, [x19, #0x200]" ; mem[READ] abs=0xbfffc5e0 x19=0xbfffc3e0 => x4=0xbfffbe80
[07:17:16 340][libtiny.so 0x193a28] [ce630394] 0x40193a28: "bl #0x4026c960"
[07:17:16 340][libtiny.so 0x26c960] [fd7bbaa9] 0x4026c960: "stp x29, x30, [sp, #-0x60]!" ; mem[WRITE] abs=0xbfffa3a0 x29=0xbffff6b0 x30=0x40193a2c sp=0xbfffa400 => x29=0xbffff6b0 x30=0x40193a2c sp=0xbfffa3a0
[07:17:16 340][libtiny.so 0x26c964] [fc6f01a9] 0x4026c964: "stp x28, x27, [sp, #0x10]" ; mem[WRITE] abs=0xbfffa3b0 x28=0x43f743d4 x27=0x43964124 sp=0xbfffa3a0 => x28=0x43f743d4 x27=0x43964124
[07:17:16 340][libtiny.so 0x26c968] [fa6702a9] 0x4026c968: "stp x26, x25, [sp, #0x20]" ; mem[WRITE] abs=0xbfffa3c0 x26=0x43f743d4 x25=0x43963ffc sp=0xbfffa3a0 => x26=0x43f743d4 x25=0x43963ffc
[07:17:16 341][libtiny.so 0x26c96c] [f85f03a9] 0x4026c96c: "stp x24, x23, [sp, #0x30]" ; mem[WRITE] abs=0xbfffa3d0 x24=0x43f743d4 x23=0x43f743d4 sp=0xbfffa3a0 => x24=0x43f743d4 x23=0x43f743d4
[07:17:16 341][libtiny.so 0x26c970] [f65704a9] 0x4026c970: "stp x22, x21, [sp, #0x40]" ; mem[WRITE] abs=0xbfffa3e0 x22=0x43ad3154 x21=0x43f743d4 sp=0xbfffa3a0 => x22=0x43ad3154 x21=0x43f743d4
[07:17:16 341][libtiny.so 0x26c974] [f44f05a9] 0x4026c974: "stp x20, x19, [sp, #0x50]" ; mem[WRITE] abs=0xbfffa3f0 x20=0xfffe1640 x19=0xbfffc3e0 sp=0xbfffa3a0 => x20=0xfffe1640 x19=0xbfffc3e0
[07:17:16 341][libtiny.so 0x26c978] [fd030091] 0x4026c978: "mov x29, sp" sp=0xbfffa3a0 => x29=0xbfffa3a0
[07:17:16 341][libtiny.so 0x26c97c] [ff032ad1] 0x4026c97c: "sub sp, sp, #0xa80" sp=0xbfffa3a0 => sp=0xbfff9920
[07:17:16 341][libtiny.so 0x26c980] [f3030091] 0x4026c980: "mov x19, sp" sp=0xbfff9920 => x19=0xbfff9920
[07:17:16 342][libtiny.so 0x26c984] [610e00f9] 0x4026c984: "str x1, [x19, #0x18]" ; mem[WRITE] abs=0xbfff9938 x1=0xbfffbf40 x19=0xbfff9920 => x1=0xbfffbf40
[07:17:16 342][libtiny.so 0x26c988] [4ad03bd5] 0x4026c988: "mrs x10, tpidr_el0" x10=0xfcc31d54 => x10=0xbffff718
[07:17:16 342][libtiny.so 0x26c98c] [6a0200f9] 0x4026c98c: "str x10, [x19]" ; mem[WRITE] abs=0xbfff9920 x10=0xbffff718 x19=0xbfff9920 => x10=0xbffff718
[07:17:16 342][libtiny.so 0x26c990] [4a1540f9] 0x4026c990: "ldr x10, [x10, #0x28]" ; mem[READ] abs=0xbffff740 x10=0xbffff718 => x10=0x0
[07:17:16 342][libtiny.so 0x26c994] [fb250090] 0x4026c994: "adrp x27, #0x40728000" => x27=0x40728000
[07:17:16 343][libtiny.so 0x26c998] [f90308aa] 0x4026c998: "mov x25, x8" x8=0xbfffbea0 => x25=0xbfffbea0
[07:17:16 343][libtiny.so 0x26c99c] [7cef8492] 0x4026c99c: "movn x28, #0x277b" x28=0x43f743d4 => x28=0xffffffffffffd884
[07:17:16 343][libtiny.so 0x26c9a0] [aa031ff8] 0x4026c9a0: "stur x10, [x29, #-0x10]" ; mem[WRITE] abs=0xbfffa390 x10=0x0 x29=0xbfffa3a0 => x10=0x0
[07:17:16 343][libtiny.so 0x26c9a4] [6abb46f9] 0x4026c9a4: "ldr x10, [x27, #0xd70]" ; mem[READ] abs=0x40728d70 x27=0x40728000 => x10=0x437c67d0
[07:17:16 344][libtiny.so 0x26c9a8] [88029d52] 0x4026c9a8: "movz w8, #0xe814" w8=0xbfffbea0 => w8=0xe814
[07:17:16 344][libtiny.so 0x26c9ac] [49000090] 0x4026c9ac: "adrp x9, #0x40274000" => x9=0x40274000
[07:17:16 344][libtiny.so 0x26c9b0] [5c95bff2] 0x4026c9b0: "movk x28, #0xfcaa, lsl #16" x28=0xffffffffffffd884 => x28=0xfffffffffcaad884
[07:17:16 344][libtiny.so 0x26c9b4] [2863a072] 0x4026c9b4: "movk w8, #0x319, lsl #16" w8=0xe814 => w8=0x319e814
[07:17:16 344][libtiny.so 0x26c9b8] [29710f91] 0x4026c9b8: "add x9, x9, #0x3dc" x9=0x40274000 => x9=0x402743dc
[07:17:16 344][libtiny.so 0x26c9bc] [f40304aa] 0x4026c9bc: "mov x20, x4" x4=0xbfffbe80 => x20=0xbfffbe80
[07:17:16 345][libtiny.so 0x26c9c0] [f50303aa] 0x4026c9c0: "mov x21, x3" x3=0xbfffbf00 => x21=0xbfffbf00
[07:17:16 345][libtiny.so 0x26c9c4] [f70302aa] 0x4026c9c4: "mov x23, x2" x2=0xbfffbf20 => x23=0xbfffbf20
[07:17:16 345][libtiny.so 0x26c9c8] [f6250090] 0x4026c9c8: "adrp x22, #0x40728000" => x22=0x40728000
[07:17:16 345][libtiny.so 0x26c9cc] [2801088b] 0x4026c9cc: "add x8, x9, x8" x9=0x402743dc x8=0x319e814 => x8=0x43412bf0
[07:17:16 345][libtiny.so 0x26c9d0] [49011c8b] 0x4026c9d0: "add x9, x10, x28" x10=0x437c67d0 x28=0xfffffffffcaad884 => x9=0x40274054
[07:17:16 346][libtiny.so 0x26c9d4] [f80300aa] 0x4026c9d4: "mov x24, x0" x0=0xbfffbf60 => x24=0xbfffbf60
[07:17:16 346][libtiny.so 0x26c9d8] [d6022c91] 0x4026c9d8: "add x22, x22, #0xb00" x22=0x40728000 => x22=0x40728b00
[07:17:16 346][libtiny.so 0x26c9dc] [fa250090] 0x4026c9dc: "adrp x26, #0x40728000" => x26=0x40728000
[07:17:16 346][libtiny.so 0x26c9e0] [f0250090] 0x4026c9e0: "adrp x16, #0x40728000" => x16=0x40728000
[07:17:16 346][libtiny.so 0x26c9e4] [f1250090] 0x4026c9e4: "adrp x17, #0x40728000" => x17=0x40728000
[07:17:16 346][libtiny.so 0x26c9e8] [e2250090] 0x4026c9e8: "adrp x2, #0x40728000" => x2=0x40728000
[07:17:16 347][libtiny.so 0x26c9ec] [e3250090] 0x4026c9ec: "adrp x3, #0x40728000" => x3=0x40728000
[07:17:16 347][libtiny.so 0x26c9f0] [e4250090] 0x4026c9f0: "adrp x4, #0x40728000" => x4=0x40728000
[07:17:16 347][libtiny.so 0x26c9f4] [e5250090] 0x4026c9f4: "adrp x5, #0x40728000" => x5=0x40728000
[07:17:16 347][libtiny.so 0x26c9f8] [75d202a9] 0x4026c9f8: "stp x21, x20, [x19, #0x28]" ; mem[WRITE] abs=0xbfff9948 x21=0xbfffbf00 x20=0xbfffbe80 x19=0xbfff9920 => x21=0xbfffbf00 x20=0xbfffbe80
[07:17:16 347][libtiny.so 0x26c9fc] [771200f9] 0x4026c9fc: "str x23, [x19, #0x20]" ; mem[WRITE] abs=0xbfff9940 x23=0xbfffbf20 x19=0xbfff9920 => x23=0xbfffbf20
[07:17:16 348][libtiny.so 0x26ca00] [798200a9] 0x4026ca00: "stp x25, x0, [x19, #8]" ; mem[WRITE] abs=0xbfff9928 x25=0xbfffbea0 x0=0xbfffbf60 x19=0xbfff9920 => x25=0xbfffbea0 x0=0xbfffbf60
[07:17:16 348][libtiny.so 0x26ca04] [20011fd6] 0x4026ca04: "br x9" x9=0x40274054
[07:17:16 348][libtiny.so 0x274054] [69029d92] 0x40274054: "movn x9, #0xe813" x9=0x40274054 => x9=0xffffffffffff17ec
[07:17:16 348][libtiny.so 0x274058] [c99cbff2] 0x40274058: "movk x9, #0xfce6, lsl #16" x9=0xffffffffffff17ec => x9=0xfffffffffce617ec
[07:17:16 348][libtiny.so 0x27405c] [0801098b] 0x4027405c: "add x8, x8, x9" x8=0x43412bf0 x9=0xfffffffffce617ec => x8=0x402743dc
[07:17:16 348][libtiny.so 0x274060] [00011fd6] 0x40274060: "br x8" x8=0x402743dc
[07:17:16 349][libtiny.so 0x2743dc] [e88300d1] 0x402743dc: "sub x8, sp, #0x20" sp=0xbfff9920 => x8=0xbfff9900
[07:17:16 349][libtiny.so 0x2743e0] [1f010091] 0x402743e0: "mov sp, x8" x8=0xbfff9900 => sp=0xbfff9900
[07:17:16 349][libtiny.so 0x2743e4] [682600f9] 0x402743e4: "str x8, [x19, #0x48]" ; mem[WRITE] abs=0xbfff9968 x8=0xbfff9900 x19=0xbfff9920 => x8=0xbfff9900
[07:17:16 349][libtiny.so 0x2743e8] [e88300d1] 0x402743e8: "sub x8, sp, #0x20" sp=0xbfff9900 => x8=0xbfff98e0
[07:17:16 349][libtiny.so 0x2743ec] [1f010091] 0x402743ec: "mov sp, x8" x8=0xbfff98e0 => sp=0xbfff98e0
[07:17:16 349][libtiny.so 0x2743f0] [682a00f9] 0x402743f0: "str x8, [x19, #0x50]" ; mem[WRITE] abs=0xbfff9970 x8=0xbfff98e0 x19=0xbfff9920 => x8=0xbfff98e0
[07:17:16 349][libtiny.so 0x2743f4] [e88300d1] 0x402743f4: "sub x8, sp, #0x20" sp=0xbfff98e0 => x8=0xbfff98c0
[07:17:16 350][libtiny.so 0x2743f8] [1f010091] 0x402743f8: "mov sp, x8" x8=0xbfff98c0 => sp=0xbfff98c0
[07:17:16 350][libtiny.so 0x2743fc] [682e00f9] 0x402743fc: "str x8, [x19, #0x58]" ; mem[WRITE] abs=0xbfff9978 x8=0xbfff98c0 x19=0xbfff9920 => x8=0xbfff98c0
[07:17:16 350][libtiny.so 0x274400] [e88300d1] 0x40274400: "sub x8, sp, #0x20" sp=0xbfff98c0 => x8=0xbfff98a0
[07:17:16 350][libtiny.so 0x274404] [1f010091] 0x40274404: "mov sp, x8" x8=0xbfff98a0 => sp=0xbfff98a0
[07:17:16 350][libtiny.so 0x274408] [683200f9] 0x40274408: "str x8, [x19, #0x60]" ; mem[WRITE] abs=0xbfff9980 x8=0xbfff98a0 x19=0xbfff9920 => x8=0xbfff98a0
[07:17:16 350][libtiny.so 0x27440c] [e88300d1] 0x4027440c: "sub x8, sp, #0x20" sp=0xbfff98a0 => x8=0xbfff9880
[07:17:16 351][libtiny.so 0x274410] [1f010091] 0x40274410: "mov sp, x8" x8=0xbfff9880 => sp=0xbfff9880
[07:17:16 351][libtiny.so 0x274414] [683600f9] 0x40274414: "str x8, [x19, #0x68]" ; mem[WRITE] abs=0xbfff9988 x8=0xbfff9880 x19=0xbfff9920 => x8=0xbfff9880
[07:17:16 351][libtiny.so 0x274418] [e88300d1] 0x40274418: "sub x8, sp, #0x20" sp=0xbfff9880 => x8=0xbfff9860
[07:17:16 351][libtiny.so 0x27441c] [1f010091] 0x4027441c: "mov sp, x8" x8=0xbfff9860 => sp=0xbfff9860
[07:17:16 351][libtiny.so 0x274420] [683a00f9] 0x40274420: "str x8, [x19, #0x70]" ; mem[WRITE] abs=0xbfff9990 x8=0xbfff9860 x19=0xbfff9920 => x8=0xbfff9860
[07:17:16 351][libtiny.so 0x274424] [e88300d1] 0x40274424: "sub x8, sp, #0x20" sp=0xbfff9860 => x8=0xbfff9840
[07:17:16 351][libtiny.so 0x274428] [1f010091] 0x40274428: "mov sp, x8" x8=0xbfff9840 => sp=0xbfff9840
[07:17:16 351][libtiny.so 0x27442c] [e98300d1] 0x4027442c: "sub x9, sp, #0x20" sp=0xbfff9840 => x9=0xbfff9820
[07:17:16 352][libtiny.so 0x274430] [683e00f9] 0x40274430: "str x8, [x19, #0x78]" ; mem[WRITE] abs=0xbfff9998 x8=0xbfff9840 x19=0xbfff9920 => x8=0xbfff9840
[07:17:16 352][libtiny.so 0x274434] [3f010091] 0x40274434: "mov sp, x9" x9=0xbfff9820 => sp=0xbfff9820
[07:17:16 352][libtiny.so 0x274438] [a8250090] 0x40274438: "adrp x8, #0x40728000" => x8=0x40728000
[07:17:16 352][libtiny.so 0x27443c] [0a2546f9] 0x4027443c: "ldr x10, [x8, #0xc48]" ; mem[READ] abs=0x40728c48 x8=0x40728000 => x10=0x43adecfc
[07:17:16 352][libtiny.so 0x274440] [088b9852] 0x40274440: "movz w8, #0xc458" w8=0x40728000 => w8=0xc458
[07:17:16 352][libtiny.so 0x274444] [ebffffb0] 0x40274444: "adrp x11, #0x40271000" => x11=0x40271000
[07:17:16 352][libtiny.so 0x274448] [48c9a072] 0x40274448: "movk w8, #0x64a, lsl #16" w8=0xc458 => w8=0x64ac458
[07:17:16 353][libtiny.so 0x27444c] [6b612591] 0x4027444c: "add x11, x11, #0x958" x11=0x40271000 => x11=0x40271958
[07:17:16 353][libtiny.so 0x274450] [6801088b] 0x40274450: "add x8, x11, x8" x11=0x40271958 x8=0x64ac458 => x8=0x4671ddb0
[07:17:16 353][libtiny.so 0x274454] [8c109f52] 0x40274454: "movz w12, #0xf884" w12=0xffac20d0 => w12=0xf884
[07:17:16 353][libtiny.so 0x274458] [6b01084b] 0x40274458: "sub w11, w11, w8" w11=0x40271958 w8=0x4671ddb0 => w11=0xf9b53ba8
[07:17:16 353][libtiny.so 0x27445c] [6c58a072] 0x4027445c: "movk w12, #0x2c3, lsl #16" w12=0xf884 => w12=0x2c3f884
[07:17:16 354][libtiny.so 0x274460] [6b010c0b] 0x40274460: "add w11, w11, w12" w11=0xf9b53ba8 w12=0x2c3f884 => w11=0xfc79342c
[07:17:16 354][libtiny.so 0x274464] [4ac12b8b] 0x40274464: "add x10, x10, w11, sxtw" x10=0x43adecfc w11=0xfc79342c => x10=0x40272128
[07:17:16 354][libtiny.so 0x274468] [694200f9] 0x40274468: "str x9, [x19, #0x80]" ; mem[WRITE] abs=0xbfff99a0 x9=0xbfff9820 x19=0xbfff9920 => x9=0xbfff9820
[07:17:16 354][libtiny.so 0x27446c] [40011fd6] 0x4027446c: "br x10" x10=0x40272128
[07:17:16 354][libtiny.so 0x272128] [a92500d0] 0x40272128: "adrp x9, #0x40728000" => x9=0x40728000
[07:17:16 354][libtiny.so 0x27212c] [292146f9] 0x4027212c: "ldr x9, [x9, #0xc40]" ; mem[READ] abs=0x40728c40 x9=0x40728000 => x9=0x4360ece0
[07:17:16 355][libtiny.so 0x272130] [6b869a92] 0x40272130: "movn x11, #0xd433" x11=0xfc79342c => x11=0xffffffffffff2bcc
[07:17:16 355][libtiny.so 0x272134] [6a798b92] 0x40272134: "movn x10, #0x5bcb" x10=0x40272128 => x10=0xffffffffffffa434
[07:17:16 355][libtiny.so 0x272138] [cb98bff2] 0x40272138: "movk x11, #0xfcc6, lsl #16" x11=0xffffffffffff2bcc => x11=0xfffffffffcc62bcc
[07:17:16 355][libtiny.so 0x27213c] [ca96bff2] 0x4027213c: "movk x10, #0xfcb6, lsl #16" x10=0xffffffffffffa434 => x10=0xfffffffffcb6a434
[07:17:16 355][libtiny.so 0x272140] [29010b8b] 0x40272140: "add x9, x9, x11" x9=0x4360ece0 x11=0xfffffffffcc62bcc => x9=0x402718ac
[07:17:16 355][libtiny.so 0x272144] [08010a8b] 0x40272144: "add x8, x8, x10" x8=0x4671ddb0 x10=0xfffffffffcb6a434 => x8=0x432881e4
[07:17:16 356][libtiny.so 0x272148] [20011fd6] 0x40272148: "br x9" x9=0x402718ac
[07:17:16 356][libtiny.so 0x2718ac] [69118d92] 0x402718ac: "movn x9, #0x688b" x9=0x402718ac => x9=0xffffffffffff9774
[07:17:16 356][libtiny.so 0x2718b0] [c99fbff2] 0x402718b0: "movk x9, #0xfcfe, lsl #16" x9=0xffffffffffff9774 => x9=0xfffffffffcfe9774
[07:17:16 356][libtiny.so 0x2718b4] [0801098b] 0x402718b4: "add x8, x8, x9" x8=0x432881e4 x9=0xfffffffffcfe9774 => x8=0x40271958
[07:17:16 356][libtiny.so 0x2718b8] [00011fd6] 0x402718b8: "br x8" x8=0x40271958
[07:17:16 356][libtiny.so 0x271958] [a82500f0] 0x40271958: "adrp x8, #0x40728000" => x8=0x40728000
[07:17:16 357][libtiny.so 0x27195c] [08d146f9] 0x4027195c: "ldr x8, [x8, #0xda0]" ; mem[READ] abs=0x40728da0 x8=0x40728000 => x8=0x5bf5dee4
[07:17:16 357][libtiny.so 0x271960] [692e8692] 0x40271960: "movn x9, #0x3173" x9=0xfffffffffcfe9774 => x9=0xffffffffffffce8c
[07:17:16 357][libtiny.so 0x271964] [6990bcf2] 0x40271964: "movk x9, #0xe483, lsl #16" x9=0xffffffffffffce8c => x9=0xffffffffe483ce8c
[07:17:16 357][libtiny.so 0x271968] [08696938] 0x40271968: "ldrb w8, [x8, x9]" ; mem[READ] abs=0x4079ad70 x8=0x5bf5dee4 x9=0xffffffffe483ce8c => w8=0x1
[07:17:16 358][libtiny.so 0x27196c] [1f010071] 0x4027196c: "cmp w8, #0" => nzcv=0x220000000 w8=0x1
[07:17:16 358][libtiny.so 0x271970] [e8179f1a] 0x40271970: "cset w8, eq" nzcv=0x18020000000 => w8=0x0
[07:17:16 358][libtiny.so 0x271974] [683e0239] 0x40271974: "strb w8, [x19, #0x8f]" ; mem[WRITE] abs=0xbfff99af w8=0x0 x19=0xbfff9920 => w8=0x0
[07:17:16 358][libtiny.so 0x271978] [e84300d1] 0x40271978: "sub x8, sp, #0x10" sp=0xbfff9820 => x8=0xbfff9810
[07:17:16 359][libtiny.so 0x27197c] [1f010091] 0x4027197c: "mov sp, x8" x8=0xbfff9810 => sp=0xbfff9810
[07:17:16 359][libtiny.so 0x271980] [684a00f9] 0x40271980: "str x8, [x19, #0x90]" ; mem[WRITE] abs=0xbfff99b0 x8=0xbfff9810 x19=0xbfff9920 => x8=0xbfff9810
[07:17:16 359][libtiny.so 0x271984] [e84300d1] 0x40271984: "sub x8, sp, #0x10" sp=0xbfff9810 => x8=0xbfff9800
[07:17:16 360][libtiny.so 0x271988] [1f010091] 0x40271988: "mov sp, x8" x8=0xbfff9800 => sp=0xbfff9800
[07:17:16 360][libtiny.so 0x27198c] [684e00f9] 0x4027198c: "str x8, [x19, #0x98]" ; mem[WRITE] abs=0xbfff99b8 x8=0xbfff9800 x19=0xbfff9920 => x8=0xbfff9800
[07:17:16 360][libtiny.so 0x271990] [e84300d1] 0x40271990: "sub x8, sp, #0x10" sp=0xbfff9800 => x8=0xbfff97f0
[07:17:16 361][libtiny.so 0x271994] [1f010091] 0x40271994: "mov sp, x8" x8=0xbfff97f0 => sp=0xbfff97f0
[07:17:16 361][libtiny.so 0x271998] [e94300d1] 0x40271998: "sub x9, sp, #0x10" sp=0xbfff97f0 => x9=0xbfff97e0
[07:17:16 361][libtiny.so 0x27199c] [685200f9] 0x4027199c: "str x8, [x19, #0xa0]" ; mem[WRITE] abs=0xbfff99c0 x8=0xbfff97f0 x19=0xbfff9920 => x8=0xbfff97f0
[07:17:16 361][libtiny.so 0x2719a0] [3f010091] 0x402719a0: "mov sp, x9" x9=0xbfff97e0 => sp=0xbfff97e0
[07:17:16 361][libtiny.so 0x2719a4] [a82500f0] 0x402719a4: "adrp x8, #0x40728000" => x8=0x40728000
[07:17:16 362][libtiny.so 0x2719a8] [0a3d46f9] 0x402719a8: "ldr x10, [x8, #0xc78]" ; mem[READ] abs=0x40728c78 x8=0x40728000 => x10=0x43d83df4
[07:17:16 362][libtiny.so 0x2719ac] [08719e52] 0x402719ac: "movz w8, #0xf388" w8=0x40728000 => w8=0xf388
[07:17:16 362][libtiny.so 0x2719b0] [0b000090] 0x402719b0: "adrp x11, #0x40271000" => x11=0x40271000
[07:17:16 362][libtiny.so 0x2719b4] [88e2a072] 0x402719b4: "movk w8, #0x714, lsl #16" w8=0xf388 => w8=0x714f388
[07:17:16 362][libtiny.so 0x2719b8] [6bb12791] 0x402719b8: "add x11, x11, #0x9ec" x11=0x40271000 => x11=0x402719ec
[07:17:16 363][libtiny.so 0x2719bc] [6801088b] 0x402719bc: "add x8, x11, x8" x11=0x402719ec x8=0x714f388 => x8=0x473c0d74
[07:17:16 363][libtiny.so 0x2719c0] [0c8d9b52] 0x402719c0: "movz w12, #0xdc68" w12=0x2c3f884 => w12=0xdc68
[07:17:16 363][libtiny.so 0x2719c4] [6b01084b] 0x402719c4: "sub w11, w11, w8" w11=0x402719ec w8=0x473c0d74 => w11=0xf8eb0c78
[07:17:16 363][libtiny.so 0x2719c8] [6c6ca072] 0x402719c8: "movk w12, #0x363, lsl #16" w12=0xdc68 => w12=0x363dc68
[07:17:16 363][libtiny.so 0x2719cc] [6b010c0b] 0x402719cc: "add w11, w11, w12" w11=0xf8eb0c78 w12=0x363dc68 => w11=0xfc4ee8e0
[07:17:16 363][libtiny.so 0x2719d0] [4ac12b8b] 0x402719d0: "add x10, x10, w11, sxtw" x10=0x43d83df4 w11=0xfc4ee8e0 => x10=0x402726d4
[07:17:16 364][libtiny.so 0x2719d4] [695600f9] 0x402719d4: "str x9, [x19, #0xa8]" ; mem[WRITE] abs=0xbfff99c8 x9=0xbfff97e0 x19=0xbfff9920 => x9=0xbfff97e0
[07:17:16 364][libtiny.so 0x2719d8] [40011fd6] 0x402719d8: "br x10" x10=0x402726d4
[07:17:16 364][libtiny.so 0x2726d4] [a92500d0] 0x402726d4: "adrp x9, #0x40728000" => x9=0x40728000
[07:17:16 364][libtiny.so 0x2726d8] [293946f9] 0x402726d8: "ldr x9, [x9, #0xc70]" ; mem[READ] abs=0x40728c70 x9=0x40728000 => x9=0x441bcfc8
[07:17:16 364][libtiny.so 0x2726dc] [6bbd9692] 0x402726dc: "movn x11, #0xb5eb" x11=0xfc4ee8e0 => x11=0xffffffffffff4a14
[07:17:16 365][libtiny.so 0x2726e0] [ea368392] 0x402726e0: "movn x10, #0x19b7" x10=0x402726d4 => x10=0xffffffffffffe648
[07:17:16 365][libtiny.so 0x2726e4] [6b81bff2] 0x402726e4: "movk x11, #0xfc0b, lsl #16" x11=0xffffffffffff4a14 => x11=0xfffffffffc0b4a14
[07:17:16 365][libtiny.so 0x2726e8] [aa86bff2] 0x402726e8: "movk x10, #0xfc35, lsl #16" x10=0xffffffffffffe648 => x10=0xfffffffffc35e648
[07:17:16 365][libtiny.so 0x2726ec] [29010b8b] 0x402726ec: "add x9, x9, x11" x9=0x441bcfc8 x11=0xfffffffffc0b4a14 => x9=0x402719dc
[07:17:16 365][libtiny.so 0x2726f0] [08010a8b] 0x402726f0: "add x8, x8, x10" x8=0x473c0d74 x10=0xfffffffffc35e648 => x8=0x4371f3bc
[07:17:16 366][libtiny.so 0x2726f4] [20011fd6] 0x402726f4: "br x9" x9=0x402719dc
[07:17:16 366][libtiny.so 0x2719dc] [e9399b92] 0x402719dc: "movn x9, #0xd9cf" x9=0x402719dc => x9=0xffffffffffff2630
[07:17:16 366][libtiny.so 0x2719e0] [a996bff2] 0x402719e0: "movk x9, #0xfcb5, lsl #16" x9=0xffffffffffff2630 => x9=0xfffffffffcb52630
[07:17:16 366][libtiny.so 0x2719e4] [0801098b] 0x402719e4: "add x8, x8, x9" x8=0x4371f3bc x9=0xfffffffffcb52630 => x8=0x402719ec
[07:17:16 366][libtiny.so 0x2719e8] [00011fd6] 0x402719e8: "br x8" x8=0x402719ec
[07:17:16 367][libtiny.so 0x2719ec] [e84300d1] 0x402719ec: "sub x8, sp, #0x10" sp=0xbfff97e0 => x8=0xbfff97d0
[07:17:16 367][libtiny.so 0x2719f0] [1f010091] 0x402719f0: "mov sp, x8" x8=0xbfff97d0 => sp=0xbfff97d0
[07:17:16 367][libtiny.so 0x2719f4] [685a00f9] 0x402719f4: "str x8, [x19, #0xb0]" ; mem[WRITE] abs=0xbfff99d0 x8=0xbfff97d0 x19=0xbfff9920 => x8=0xbfff97d0
[07:17:16 367][libtiny.so 0x2719f8] [e84300d1] 0x402719f8: "sub x8, sp, #0x10" sp=0xbfff97d0 => x8=0xbfff97c0
[07:17:16 367][libtiny.so 0x2719fc] [1f010091] 0x402719fc: "mov sp, x8" x8=0xbfff97c0 => sp=0xbfff97c0
[07:17:16 367][libtiny.so 0x271a00] [685e00f9] 0x40271a00: "str x8, [x19, #0xb8]" ; mem[WRITE] abs=0xbfff99d8 x8=0xbfff97c0 x19=0xbfff9920 => x8=0xbfff97c0
[07:17:16 368][libtiny.so 0x271a04] [e84300d1] 0x40271a04: "sub x8, sp, #0x10" sp=0xbfff97c0 => x8=0xbfff97b0
[07:17:16 368][libtiny.so 0x271a08] [1f010091] 0x40271a08: "mov sp, x8" x8=0xbfff97b0 => sp=0xbfff97b0
[07:17:16 368][libtiny.so 0x271a0c] [686200f9] 0x40271a0c: "str x8, [x19, #0xc0]" ; mem[WRITE] abs=0xbfff99e0 x8=0xbfff97b0 x19=0xbfff9920 => x8=0xbfff97b0
[07:17:16 368][libtiny.so 0x271a10] [e84300d1] 0x40271a10: "sub x8, sp, #0x10" sp=0xbfff97b0 => x8=0xbfff97a0
[07:17:16 368][libtiny.so 0x271a14] [1f010091] 0x40271a14: "mov sp, x8" x8=0xbfff97a0 => sp=0xbfff97a0
[07:17:16 368][libtiny.so 0x271a18] [686600f9] 0x40271a18: "str x8, [x19, #0xc8]" ; mem[WRITE] abs=0xbfff99e8 x8=0xbfff97a0 x19=0xbfff9920 => x8=0xbfff97a0
[07:17:16 368][libtiny.so 0x271a1c] [e84300d1] 0x40271a1c: "sub x8, sp, #0x10" sp=0xbfff97a0 => x8=0xbfff9790
[07:17:16 369][libtiny.so 0x271a20] [1f010091] 0x40271a20: "mov sp, x8" x8=0xbfff9790 => sp=0xbfff9790
[07:17:16 369][libtiny.so 0x271a24] [686a00f9] 0x40271a24: "str x8, [x19, #0xd0]" ; mem[WRITE] abs=0xbfff99f0 x8=0xbfff9790 x19=0xbfff9920 => x8=0xbfff9790
[07:17:16 369][libtiny.so 0x271a28] [e84300d1] 0x40271a28: "sub x8, sp, #0x10" sp=0xbfff9790 => x8=0xbfff9780
[07:17:16 369][libtiny.so 0x271a2c] [1f010091] 0x40271a2c: "mov sp, x8" x8=0xbfff9780 => sp=0xbfff9780
[07:17:16 369][libtiny.so 0x271a30] [686e00f9] 0x40271a30: "str x8, [x19, #0xd8]" ; mem[WRITE] abs=0xbfff99f8 x8=0xbfff9780 x19=0xbfff9920 => x8=0xbfff9780
[07:17:16 369][libtiny.so 0x271a34] [e84300d1] 0x40271a34: "sub x8, sp, #0x10" sp=0xbfff9780 => x8=0xbfff9770
[07:17:16 370][libtiny.so 0x271a38] [1f010091] 0x40271a38: "mov sp, x8" x8=0xbfff9770 => sp=0xbfff9770
[07:17:16 370][libtiny.so 0x271a3c] [687200f9] 0x40271a3c: "str x8, [x19, #0xe0]" ; mem[WRITE] abs=0xbfff9a00 x8=0xbfff9770 x19=0xbfff9920 => x8=0xbfff9770
[07:17:16 370][libtiny.so 0x271a40] [e84300d1] 0x40271a40: "sub x8, sp, #0x10" sp=0xbfff9770 => x8=0xbfff9760
[07:17:16 370][libtiny.so 0x271a44] [1f010091] 0x40271a44: "mov sp, x8" x8=0xbfff9760 => sp=0xbfff9760
[07:17:16 370][libtiny.so 0x271a48] [687600f9] 0x40271a48: "str x8, [x19, #0xe8]" ; mem[WRITE] abs=0xbfff9a08 x8=0xbfff9760 x19=0xbfff9920 => x8=0xbfff9760
[07:17:16 370][libtiny.so 0x271a4c] [6d3e4239] 0x40271a4c: "ldrb w13, [x19, #0x8f]" ; mem[READ] abs=0xbfff99af x19=0xbfff9920 => w13=0x0
[07:17:16 371][libtiny.so 0x271a50] [08488b52] 0x40271a50: "movz w8, #0x5a40" w8=0xbfff9760 => w8=0x5a40
[07:17:16 371][libtiny.so 0x271a54] [090000b0] 0x40271a54: "adrp x9, #0x40272000" => x9=0x40272000
[07:17:16 371][libtiny.so 0x271a58] [8c048052] 0x40271a58: "movz w12, #0x24" w12=0x363dc68 => w12=0x24
[07:17:16 371][libtiny.so 0x271a5c] [e87ca072] 0x40271a5c: "movk w8, #0x3e7, lsl #16" w8=0x5a40 => w8=0x3e75a40
[07:17:16 371][libtiny.so 0x271a60] [29511391] 0x40271a60: "add x9, x9, #0x4d4" x9=0x40272000 => x9=0x402724d4
[07:17:16 371][libtiny.so 0x271a64] [ac1ca072] 0x40271a64: "movk w12, #0xe5, lsl #16" w12=0x24 => w12=0xe50024
[07:17:16 372][libtiny.so 0x271a68] [2801088b] 0x40271a68: "add x8, x9, x8" x9=0x402724d4 x8=0x3e75a40 => x8=0x440e7f14
[07:17:16 372][libtiny.so 0x271a6c] [29010c0b] 0x40271a6c: "add w9, w9, w12" w9=0x402724d4 w12=0xe50024 => w9=0x410c24f8
[07:17:16 372][libtiny.so 0x271a70] [6c3e4239] 0x40271a70: "ldrb w12, [x19, #0x8f]" ; mem[READ] abs=0xbfff99af x19=0xbfff9920 => w12=0x0
[07:17:16 372][libtiny.so 0x271a74] [bf010071] 0x40271a74: "cmp w13, #0" => nzcv=0x260000000 w13=0x0
[07:17:16 372][libtiny.so 0x271a78] [6d3e4239] 0x40271a78: "ldrb w13, [x19, #0x8f]" ; mem[READ] abs=0xbfff99af x19=0xbfff9920 => w13=0x0
[07:17:16 374][libtiny.so 0x271a7c] [8a738752] 0x40271a7c: "movz w10, #0x3b9c" w10=0xfc35e648 => w10=0x3b9c
[07:17:16 374][libtiny.so 0x271a80] [0b000090] 0x40271a80: "adrp x11, #0x40271000" => x11=0x40271000
[07:17:16 374][libtiny.so 0x271a84] [aad9a072] 0x40271a84: "movk w10, #0x6cd, lsl #16" w10=0x3b9c => w10=0x6cd3b9c
[07:17:16 375][libtiny.so 0x271a88] [6bf12b91] 0x40271a88: "add x11, x11, #0xafc" x11=0x40271000 => x11=0x40271afc
[07:17:16 375][libtiny.so 0x271a8c] [6a010a8b] 0x40271a8c: "add x10, x11, x10" x11=0x40271afc x10=0x6cd3b9c => x10=0x46f45698
[07:17:16 375][libtiny.so 0x271a90] [4811889a] 0x40271a90: "csel x8, x10, x8, ne" nzcv=0x18060000000 x10=0x46f45698 x8=0x440e7f14 => x8=0x440e7f14
[07:17:16 375][libtiny.so 0x271a94] [0a468052] 0x40271a94: "movz w10, #0x230" w10=0x46f45698 => w10=0x230
[07:17:16 375][libtiny.so 0x271a98] [bf010071] 0x40271a98: "cmp w13, #0" => nzcv=0x260000000 w13=0x0
[07:17:16 375][libtiny.so 0x271a9c] [0d418052] 0x40271a9c: "movz w13, #0x208" w13=0x0 => w13=0x208
[07:17:16 375][libtiny.so 0x271aa0] [aa118a9a] 0x40271aa0: "csel x10, x13, x10, ne" nzcv=0x18060000000 x13=0x208 x10=0x230 => x10=0x230
[07:17:16 376][libtiny.so 0x271aa4] [0dea8652] 0x40271aa4: "movz w13, #0x3750" w13=0x208 => w13=0x3750
[07:17:16 376][libtiny.so 0x271aa8] [ad61a072] 0x40271aa8: "movk w13, #0x30d, lsl #16" w13=0x3750 => w13=0x30d3750
[07:17:16 376][libtiny.so 0x271aac] [ca6a6af8] 0x40271aac: "ldr x10, [x22, x10]" ; mem[READ] abs=0x40728d30 x22=0x40728b00 x10=0x230 => x10=0x43297d58
[07:17:16 376][libtiny.so 0x271ab0] [6b010d0b] 0x40271ab0: "add w11, w11, w13" w11=0x40271afc w13=0x30d3750 => w11=0x4334524c
[07:17:16 376][libtiny.so 0x271ab4] [9f010071] 0x40271ab4: "cmp w12, #0" => nzcv=0x260000000 w12=0x0
[07:17:16 376][libtiny.so 0x271ab8] [6911891a] 0x40271ab8: "csel w9, w11, w9, ne" nzcv=0x18060000000 w11=0x4334524c w9=0x410c24f8 => w9=0x410c24f8
[07:17:16 377][libtiny.so 0x271abc] [2901084b] 0x40271abc: "sub w9, w9, w8" w9=0x410c24f8 w8=0x440e7f14 => w9=0xfcfda5e4
[07:17:16 377][libtiny.so 0x271ac0] [49c1298b] 0x40271ac0: "add x9, x10, w9, sxtw" x10=0x43297d58 w9=0xfcfda5e4 => x9=0x4027233c
[07:17:16 377][libtiny.so 0x271ac4] [20011fd6] 0x40271ac4: "br x9" x9=0x4027233c
[07:17:16 377][libtiny.so 0x27233c] [e9478b92] 0x4027233c: "movn x9, #0x5a3f" x9=0x4027233c => x9=0xffffffffffffa5c0
[07:17:16 377][libtiny.so 0x272340] [0983bff2] 0x40272340: "movk x9, #0xfc18, lsl #16" x9=0xffffffffffffa5c0 => x9=0xfffffffffc18a5c0
[07:17:16 377][libtiny.so 0x272344] [0801098b] 0x40272344: "add x8, x8, x9" x8=0x440e7f14 x9=0xfffffffffc18a5c0 => x8=0x402724d4
[07:17:16 378][libtiny.so 0x272348] [00011fd6] 0x40272348: "br x8" x8=0x402724d4
[07:17:16 378][libtiny.so 0x2724d4] [a82500d0] 0x402724d4: "adrp x8, #0x40728000" => x8=0x40728000
[07:17:16 378][libtiny.so 0x2724d8] [0ab546f9] 0x402724d8: "ldr x10, [x8, #0xd68]" ; mem[READ] abs=0x40728d68 x8=0x40728000 => x10=0x437a45b4
[07:17:16 378][libtiny.so 0x2724dc] [088d8e52] 0x402724dc: "movz w8, #0x7468" w8=0x40728000 => w8=0x7468
[07:17:16 378][libtiny.so 0x2724e0] [0b0000d0] 0x402724e0: "adrp x11, #0x40274000" => x11=0x40274000
[07:17:16 379][libtiny.so 0x2724e4] [88d4a072] 0x402724e4: "movk w8, #0x6a4, lsl #16" w8=0x7468 => w8=0x6a47468
[07:17:16 379][libtiny.so 0x2724e8] [6bf13691] 0x402724e8: "add x11, x11, #0xdbc" x11=0x40274000 => x11=0x40274dbc
[07:17:16 379][libtiny.so 0x2724ec] [6801088b] 0x402724ec: "add x8, x11, x8" x11=0x40274dbc x8=0x6a47468 => x8=0x46cbc224
[07:17:16 379][libtiny.so 0x2724f0] [8c658d52] 0x402724f0: "movz w12, #0x6b2c" w12=0x0 => w12=0x6b2c
[07:17:16 379][libtiny.so 0x2724f4] [6b01084b] 0x402724f4: "sub w11, w11, w8" w11=0x40274dbc w8=0x46cbc224 => w11=0xf95b8b98
[07:17:16 380][libtiny.so 0x2724f8] [2c6aa072] 0x402724f8: "movk w12, #0x351, lsl #16" w12=0x6b2c => w12=0x3516b2c
[07:17:16 380][libtiny.so 0x2724fc] [6b010c0b] 0x402724fc: "add w11, w11, w12" w11=0xf95b8b98 w12=0x3516b2c => w11=0xfcacf6c4
[07:17:16 380][libtiny.so 0x272500] [a96302d1] 0x40272500: "sub x9, x29, #0x98" x29=0xbfffa3a0 => x9=0xbfffa308
[07:17:16 380][libtiny.so 0x272504] [4ac12b8b] 0x40272504: "add x10, x10, w11, sxtw" x10=0x437a45b4 w11=0xfcacf6c4 => x10=0x40273c78
[07:17:16 380][libtiny.so 0x272508] [697e00f9] 0x40272508: "str x9, [x19, #0xf8]" ; mem[WRITE] abs=0xbfff9a18 x9=0xbfffa308 x19=0xbfff9920 => x9=0xbfffa308
[07:17:16 381][libtiny.so 0x27250c] [40011fd6] 0x4027250c: "br x10" x10=0x40273c78
[07:17:16 381][libtiny.so 0x273c78] [a92500b0] 0x40273c78: "adrp x9, #0x40728000" => x9=0x40728000
[07:17:16 381][libtiny.so 0x273c7c] [29b146f9] 0x40273c7c: "ldr x9, [x9, #0xd60]" ; mem[READ] abs=0x40728d60 x9=0x40728000 => x9=0x4349b1d4
[07:17:16 381][libtiny.so 0x273c80] [eb848c92] 0x40273c80: "movn x11, #0x6427" x11=0xfcacf6c4 => x11=0xffffffffffff9bd8
[07:17:16 381][libtiny.so 0x273c84] [ea238592] 0x40273c84: "movn x10, #0x291f" x10=0x40273c78 => x10=0xffffffffffffd6e0
[07:17:16 382][libtiny.so 0x273c88] [ab9bbff2] 0x40273c88: "movk x11, #0xfcdd, lsl #16" x11=0xffffffffffff9bd8 => x11=0xfffffffffcdd9bd8
[07:17:16 382][libtiny.so 0x273c8c] [ca9abff2] 0x40273c8c: "movk x10, #0xfcd6, lsl #16" x10=0xffffffffffffd6e0 => x10=0xfffffffffcd6d6e0
[07:17:16 382][libtiny.so 0x273c90] [29010b8b] 0x40273c90: "add x9, x9, x11" x9=0x4349b1d4 x11=0xfffffffffcdd9bd8 => x9=0x40274dac
[07:17:16 382][libtiny.so 0x273c94] [08010a8b] 0x40273c94: "add x8, x8, x10" x8=0x46cbc224 x10=0xfffffffffcd6d6e0 => x8=0x43a29904
[07:17:16 382][libtiny.so 0x273c98] [20011fd6] 0x40273c98: "br x9" x9=0x40274dac
[07:17:16 382][libtiny.so 0x274dac] [e9688992] 0x40274dac: "movn x9, #0x4b47" x9=0x40274dac => x9=0xffffffffffffb4b8
[07:17:16 383][libtiny.so 0x274db0] [8990bff2] 0x40274db0: "movk x9, #0xfc84, lsl #16" x9=0xffffffffffffb4b8 => x9=0xfffffffffc84b4b8
[07:17:16 383][libtiny.so 0x274db4] [0801098b] 0x40274db4: "add x8, x8, x9" x8=0x43a29904 x9=0xfffffffffc84b4b8 => x8=0x40274dbc
[07:17:16 383][libtiny.so 0x274db8] [00011fd6] 0x40274db8: "br x8" x8=0x40274dbc
[07:17:16 383][libtiny.so 0x274dbc] [687e40f9] 0x40274dbc: "ldr x8, [x19, #0xf8]" ; mem[READ] abs=0xbfff9a18 x19=0xbfff9920 => x8=0xbfffa308
[07:17:16 383][libtiny.so 0x274dc0] [a8250090] 0x40274dc0: "adrp x8, #0x40728000" => x8=0x40728000
[07:17:16 383][libtiny.so 0x274dc4] [0a8945f9] 0x40274dc4: "ldr x10, [x8, #0xb10]" ; mem[READ] abs=0x40728b10 x8=0x40728000 => x10=0x43401fa0
[07:17:16 384][libtiny.so 0x274dc8] [08739052] 0x40274dc8: "movz w8, #0x8398" w8=0x40728000 => w8=0x8398
[07:17:16 384][libtiny.so 0x274dcc] [cbffff90] 0x40274dcc: "adrp x11, #0x4026c000" => x11=0x4026c000
[07:17:16 384][libtiny.so 0x274dd0] [a875a072] 0x40274dd0: "movk w8, #0x3ad, lsl #16" w8=0x8398 => w8=0x3ad8398
[07:17:16 384][libtiny.so 0x274dd4] [6b913a91] 0x40274dd4: "add x11, x11, #0xea4" x11=0x4026c000 => x11=0x4026cea4
[07:17:16 384][libtiny.so 0x274dd8] [6801088b] 0x40274dd8: "add x8, x11, x8" x11=0x4026cea4 x8=0x3ad8398 => x8=0x43d4523c
[07:17:16 384][libtiny.so 0x274ddc] [8c1d8652] 0x40274ddc: "movz w12, #0x30ec" w12=0x3516b2c => w12=0x30ec
[07:17:16 385][libtiny.so 0x274de0] [6b01084b] 0x40274de0: "sub w11, w11, w8" w11=0x4026cea4 w8=0x43d4523c => w11=0xfc527c68
[07:17:16 385][libtiny.so 0x274de4] [8c12a072] 0x40274de4: "movk w12, #0x94, lsl #16" w12=0x30ec => w12=0x9430ec
[07:17:16 385][libtiny.so 0x274de8] [6b010c0b] 0x40274de8: "add w11, w11, w12" w11=0xfc527c68 w12=0x9430ec => w11=0xfce6ad54
[07:17:16 385][libtiny.so 0x274dec] [a9e302d1] 0x40274dec: "sub x9, x29, #0xb8" x29=0xbfffa3a0 => x9=0xbfffa2e8
[07:17:16 385][libtiny.so 0x274df0] [4ac12b8b] 0x40274df0: "add x10, x10, w11, sxtw" x10=0x43401fa0 w11=0xfce6ad54 => x10=0x4026ccf4
[07:17:16 385][libtiny.so 0x274df4] [698200f9] 0x40274df4: "str x9, [x19, #0x100]" ; mem[WRITE] abs=0xbfff9a20 x9=0xbfffa2e8 x19=0xbfff9920 => x9=0xbfffa2e8
[07:17:16 386][libtiny.so 0x274df8] [40011fd6] 0x40274df8: "br x10" x10=0x4026ccf4
[07:17:16 386][libtiny.so 0x26ccf4] [e9729092] 0x4026ccf4: "movn x9, #0x8397" x9=0xbfffa2e8 => x9=0xffffffffffff7c68
[07:17:16 386][libtiny.so 0x26ccf8] [498abff2] 0x4026ccf8: "movk x9, #0xfc52, lsl #16" x9=0xffffffffffff7c68 => x9=0xfffffffffc527c68
[07:17:16 386][libtiny.so 0x26ccfc] [0801098b] 0x4026ccfc: "add x8, x8, x9" x8=0x43d4523c x9=0xfffffffffc527c68 => x8=0x4026cea4
[07:17:16 386][libtiny.so 0x26cd00] [00011fd6] 0x4026cd00: "br x8" x8=0x4026cea4
[07:17:16 387][libtiny.so 0x26cea4] [688240f9] 0x4026cea4: "ldr x8, [x19, #0x100]" ; mem[READ] abs=0xbfff9a20 x19=0xbfff9920 => x8=0xbfffa2e8
[07:17:16 387][libtiny.so 0x26cea8] [a06302d1] 0x4026cea8: "sub x0, x29, #0x98" x29=0xbfffa3a0 => x0=0xbfffa308
[07:17:16 387][libtiny.so 0x26ceac] [1c0f0b94] 0x4026ceac: "bl #0x40530b1c"
[07:17:16 387][libtiny.so 0x530b1c] [ffc300d1] 0x40530b1c: "sub sp, sp, #0x30" sp=0xbfff9760 => sp=0xbfff9730
[07:17:16 387][libtiny.so 0x530b20] [fe1300f9] 0x40530b20: "str x30, [sp, #0x20]" ; mem[WRITE] abs=0xbfff9750 x30=0x4026ceb0 sp=0xbfff9730 => x30=0x4026ceb0
[07:17:16 387][libtiny.so 0x530b24] [48d03bd5] 0x40530b24: "mrs x8, tpidr_el0" x8=0xbfffa2e8 => x8=0xbffff718
[07:17:16 388][libtiny.so 0x530b28] [0a1540f9] 0x40530b28: "ldr x10, [x8, #0x28]" ; mem[READ] abs=0xbffff740 x8=0xbffff718 => x10=0x0
[07:17:16 388][libtiny.so 0x530b2c] [291100d0] 0x40530b2c: "adrp x9, #0x40756000" => x9=0x40756000
[07:17:16 388][libtiny.so 0x530b30] [8c818552] 0x40530b30: "movz w12, #0x2c0c" w12=0x9430ec => w12=0x2c0c
[07:17:16 388][libtiny.so 0x530b34] [4c70a072] 0x40530b34: "movk w12, #0x382, lsl #16" w12=0x2c0c => w12=0x3822c0c
[07:17:16 389][libtiny.so 0x530b38] [ea0f00f9] 0x40530b38: "str x10, [sp, #0x18]" ; mem[WRITE] abs=0xbfff9748 x10=0x0 sp=0xbfff9730 => x10=0x0
[07:17:16 389][libtiny.so 0x530b3c] [2b5d40f9] 0x40530b3c: "ldr x11, [x9, #0xb8]" ; mem[READ] abs=0x407560b8 x9=0x40756000 => x11=0x43d0a854
[07:17:16 389][libtiny.so 0x530b40] [ea939392] 0x40530b40: "movn x10, #0x9c9f" x10=0x0 => x10=0xffffffffffff6360
[07:17:16 390][libtiny.so 0x530b44] [4a90bff2] 0x40530b44: "movk x10, #0xfc82, lsl #16" x10=0xffffffffffff6360 => x10=0xfffffffffc826360
[07:17:16 390][libtiny.so 0x530b48] [6d010a8b] 0x40530b48: "add x13, x11, x10" x11=0x43d0a854 x10=0xfffffffffc826360 => x13=0x40530bb4
[07:17:16 390][libtiny.so 0x530b4c] [0b000090] 0x40530b4c: "adrp x11, #0x40530000" => x11=0x40530000
[07:17:16 390][libtiny.so 0x530b50] [6b112f91] 0x40530b50: "add x11, x11, #0xbc4" x11=0x40530000 => x11=0x40530bc4
[07:17:16 391][libtiny.so 0x530b54] [6b010c8b] 0x40530b54: "add x11, x11, x12" x11=0x40530bc4 x12=0x3822c0c => x11=0x43d537d0
[07:17:16 391][libtiny.so 0x530b58] [a0011fd6] 0x40530b58: "br x13" x13=0x40530bb4
[07:17:16 391][libtiny.so 0x530bb4] [6c818592] 0x40530bb4: "movn x12, #0x2c0b" x12=0x3822c0c => x12=0xffffffffffffd3f4
[07:17:16 392][libtiny.so 0x530bb8] [ac8fbff2] 0x40530bb8: "movk x12, #0xfc7d, lsl #16" x12=0xffffffffffffd3f4 => x12=0xfffffffffc7dd3f4
[07:17:16 392][libtiny.so 0x530bbc] [6b010c8b] 0x40530bbc: "add x11, x11, x12" x11=0x43d537d0 x12=0xfffffffffc7dd3f4 => x11=0x40530bc4
[07:17:16 392][libtiny.so 0x530bc0] [60011fd6] 0x40530bc0: "br x11" x11=0x40530bc4
[07:17:16 393][libtiny.so 0x530bc4] [8ccc9b52] 0x40530bc4: "movz w12, #0xde64" w12=0xfc7dd3f4 => w12=0xde64
[07:17:16 393][libtiny.so 0x530bc8] [0d000090] 0x40530bc8: "adrp x13, #0x40530000" => x13=0x40530000
[07:17:16 393][libtiny.so 0x530bcc] [2b1100d0] 0x40530bcc: "adrp x11, #0x40756000" => x11=0x40756000
[07:17:16 393][libtiny.so 0x530bd0] [2ce0a072] 0x40530bd0: "movk w12, #0x701, lsl #16" w12=0xde64 => w12=0x701de64
[07:17:16 394][libtiny.so 0x530bd4] [ad712d91] 0x40530bd4: "add x13, x13, #0xb5c" x13=0x40530000 => x13=0x40530b5c
[07:17:16 394][libtiny.so 0x530bd8] [6e6140f9] 0x40530bd8: "ldr x14, [x11, #0xc0]" ; mem[READ] abs=0x407560c0 x11=0x40756000 => x14=0x4392fb28
[07:17:16 394][libtiny.so 0x530bdc] [ab010c8b] 0x40530bdc: "add x11, x13, x12" x13=0x40530b5c x12=0x701de64 => x11=0x4754e9c0
[07:17:16 395][libtiny.so 0x530be0] [ac010b4b] 0x40530be0: "sub w12, w13, w11" w13=0x40530b5c w11=0x4754e9c0 => w12=0xf8fe219c
[07:17:16 395][libtiny.so 0x530be4] [0de79d52] 0x40530be4: "movz w13, #0xef38" w13=0x40530b5c => w13=0xef38
[07:17:16 395][libtiny.so 0x530be8] [2d78a072] 0x40530be8: "movk w13, #0x3c1, lsl #16" w13=0xef38 => w13=0x3c1ef38
[07:17:16 396][libtiny.so 0x530bec] [8c010d0b] 0x40530bec: "add w12, w12, w13" w12=0xf8fe219c w13=0x3c1ef38 => w12=0xfcc010d4
[07:17:16 396][libtiny.so 0x530bf0] [ccc12c8b] 0x40530bf0: "add x12, x14, w12, sxtw" x14=0x4392fb28 w12=0xfcc010d4 => x12=0x40530bfc
[07:17:16 396][libtiny.so 0x530bf4] [e00700f9] 0x40530bf4: "str x0, [sp, #8]" ; mem[WRITE] abs=0xbfff9738 x0=0xbfffa308 sp=0xbfff9730 => x0=0xbfffa308
[07:17:16 396][libtiny.so 0x530bf8] [80011fd6] 0x40530bf8: "br x12" x12=0x40530bfc
[07:17:16 397][libtiny.so 0x530bfc] [2c5d40f9] 0x40530bfc: "ldr x12, [x9, #0xb8]" ; mem[READ] abs=0x407560b8 x9=0x40756000 => x12=0x43d0a854
[07:17:16 397][libtiny.so 0x530c00] [ed4a9692] 0x40530c00: "movn x13, #0xb257" x13=0x3c1ef38 => x13=0xffffffffffff4da8
[07:17:16 397][libtiny.so 0x530c04] [0d90bff2] 0x40530c04: "movk x13, #0xfc80, lsl #16" x13=0xffffffffffff4da8 => x13=0xfffffffffc804da8
[07:17:16 398][libtiny.so 0x530c08] [6b010d8b] 0x40530c08: "add x11, x11, x13" x11=0x4754e9c0 x13=0xfffffffffc804da8 => x11=0x43d53768
[07:17:16 398][libtiny.so 0x530c0c] [8c010a8b] 0x40530c0c: "add x12, x12, x10" x12=0x43d0a854 x10=0xfffffffffc826360 => x12=0x40530bb4
[07:17:16 398][libtiny.so 0x530c10] [80011fd6] 0x40530c10: "br x12" x12=0x40530bb4
[07:17:16 398][libtiny.so 0x530bb4] [6c818592] 0x40530bb4: "movn x12, #0x2c0b" x12=0x40530bb4 => x12=0xffffffffffffd3f4
[07:17:16 398][libtiny.so 0x530bb8] [ac8fbff2] 0x40530bb8: "movk x12, #0xfc7d, lsl #16" x12=0xffffffffffffd3f4 => x12=0xfffffffffc7dd3f4
[07:17:16 398][libtiny.so 0x530bbc] [6b010c8b] 0x40530bbc: "add x11, x11, x12" x11=0x43d53768 x12=0xfffffffffc7dd3f4 => x11=0x40530b5c
[07:17:16 398][libtiny.so 0x530bc0] [60011fd6] 0x40530bc0: "br x11" x11=0x40530b5c
[07:17:16 399][libtiny.so 0x530b5c] [8cdeffd0] 0x40530b5c: "adrp x12, #0x40102000" => x12=0x40102000
[07:17:16 399][libtiny.so 0x530b60] [eb0740f9] 0x40530b60: "ldr x11, [sp, #8]" ; mem[READ] abs=0xbfff9738 sp=0xbfff9730 => x11=0xbfffa308
[07:17:16 399][libtiny.so 0x530b64] [80e5c03d] 0x40530b64: "ldr q0, [x12, #0x390]" ; mem[READ] abs=0x40102390 x12=0x40102000 => q0=0xbb67ae856a09e6670000000000000000
[07:17:16 400][libtiny.so 0x530b68] [8cdeffd0] 0x40530b68: "adrp x12, #0x40102000" => x12=0x40102000
[07:17:16 400][libtiny.so 0x530b6c] [2d1100d0] 0x40530b6c: "adrp x13, #0x40756000" => x13=0x40756000
[07:17:16 400][libtiny.so 0x530b70] [0ee79d52] 0x40530b70: "movz w14, #0xef38" w14=0x4392fb28 => w14=0xef38
[07:17:16 401][libtiny.so 0x530b74] [6001803d] 0x40530b74: "str q0, [x11]" ; mem[WRITE] abs=0xbfffa308 q0=0xbb67ae856a09e6670000000000000000 x11=0xbfffa308 => q0=0xbb67ae856a09e6670000000000000000
[07:17:16 401][libtiny.so 0x530b78] [8049c33d] 0x40530b78: "ldr q0, [x12, #0xd20]" ; mem[READ] abs=0x40102d20 x12=0x40102000 => q0=0x9b05688c510e527fa54ff53a3c6ef372
[07:17:16 401][libtiny.so 0x530b7c] [8bcc9b52] 0x40530b7c: "movz w11, #0xde64" w11=0xbfffa308 => w11=0xde64
[07:17:16 402][libtiny.so 0x530b80] [0c000090] 0x40530b80: "adrp x12, #0x40530000" => x12=0x40530000
[07:17:16 402][libtiny.so 0x530b84] [2be0a072] 0x40530b84: "movk w11, #0x701, lsl #16" w11=0xde64 => w11=0x701de64
[07:17:16 402][libtiny.so 0x530b88] [0004803d] 0x40530b88: "str q0, [x0, #0x10]" ; mem[WRITE] abs=0xbfffa318 q0=0x9b05688c510e527fa54ff53a3c6ef372 x0=0xbfffa308 => q0=0x9b05688c510e527fa54ff53a3c6ef372
[07:17:16 402][libtiny.so 0x530b8c] [8c513091] 0x40530b8c: "add x12, x12, #0xc14" x12=0x40530000 => x12=0x40530c14
[07:17:16 402][libtiny.so 0x530b90] [ad6140f9] 0x40530b90: "ldr x13, [x13, #0xc0]" ; mem[READ] abs=0x407560c0 x13=0x40756000 => x13=0x4392fb28
[07:17:16 404][libtiny.so 0x530b94] [8b010b8b] 0x40530b94: "add x11, x12, x11" x12=0x40530c14 x11=0x701de64 => x11=0x4754ea78
[07:17:16 404][libtiny.so 0x530b98] [8c010b4b] 0x40530b98: "sub w12, w12, w11" w12=0x40530c14 w11=0x4754ea78 => w12=0xf8fe219c
[07:17:16 404][libtiny.so 0x530b9c] [2e78a072] 0x40530b9c: "movk w14, #0x3c1, lsl #16" w14=0xef38 => w14=0x3c1ef38
[07:17:16 404][libtiny.so 0x530ba0] [8c010e0b] 0x40530ba0: "add w12, w12, w14" w12=0xf8fe219c w14=0x3c1ef38 => w12=0xfcc010d4
[07:17:16 404][libtiny.so 0x530ba4] [0e800091] 0x40530ba4: "add x14, x0, #0x20" x0=0xbfffa308 => x14=0xbfffa328
[07:17:16 405][libtiny.so 0x530ba8] [acc12c8b] 0x40530ba8: "add x12, x13, w12, sxtw" x13=0x4392fb28 w12=0xfcc010d4 => x12=0x40530bfc
[07:17:16 405][libtiny.so 0x530bac] [ee0b00f9] 0x40530bac: "str x14, [sp, #0x10]" ; mem[WRITE] abs=0xbfff9740 x14=0xbfffa328 sp=0xbfff9730 => x14=0xbfffa328
[07:17:16 405][libtiny.so 0x530bb0] [80011fd6] 0x40530bb0: "br x12" x12=0x40530bfc
[07:17:16 405][libtiny.so 0x530bfc] [2c5d40f9] 0x40530bfc: "ldr x12, [x9, #0xb8]" ; mem[READ] abs=0x407560b8 x9=0x40756000 => x12=0x43d0a854
[07:17:16 405][libtiny.so 0x530c00] [ed4a9692] 0x40530c00: "movn x13, #0xb257" x13=0x4392fb28 => x13=0xffffffffffff4da8
[07:17:16 405][libtiny.so 0x530c04] [0d90bff2] 0x40530c04: "movk x13, #0xfc80, lsl #16" x13=0xffffffffffff4da8 => x13=0xfffffffffc804da8
[07:17:16 405][libtiny.so 0x530c08] [6b010d8b] 0x40530c08: "add x11, x11, x13" x11=0x4754ea78 x13=0xfffffffffc804da8 => x11=0x43d53820
[07:17:16 405][libtiny.so 0x530c0c] [8c010a8b] 0x40530c0c: "add x12, x12, x10" x12=0x43d0a854 x10=0xfffffffffc826360 => x12=0x40530bb4
[07:17:16 405][libtiny.so 0x530c10] [80011fd6] 0x40530c10: "br x12" x12=0x40530bb4
[07:17:16 405][libtiny.so 0x530bb4] [6c818592] 0x40530bb4: "movn x12, #0x2c0b" x12=0x40530bb4 => x12=0xffffffffffffd3f4
[07:17:16 405][libtiny.so 0x530bb8] [ac8fbff2] 0x40530bb8: "movk x12, #0xfc7d, lsl #16" x12=0xffffffffffffd3f4 => x12=0xfffffffffc7dd3f4
[07:17:16 405][libtiny.so 0x530bbc] [6b010c8b] 0x40530bbc: "add x11, x11, x12" x11=0x43d53820 x12=0xfffffffffc7dd3f4 => x11=0x40530c14
[07:17:16 405][libtiny.so 0x530bc0] [60011fd6] 0x40530bc0: "br x11" x11=0x40530c14
[07:17:16 406][libtiny.so 0x530c14] [8adefff0] 0x40530c14: "adrp x10, #0x40103000" => x10=0x40103000
[07:17:16 406][libtiny.so 0x530c18] [e90b40f9] 0x40530c18: "ldr x9, [sp, #0x10]" ; mem[READ] abs=0xbfff9740 sp=0xbfff9730 => x9=0xbfffa328
[07:17:16 406][libtiny.so 0x530c1c] [40cd45fd] 0x40530c1c: "ldr d0, [x10, #0xb98]" ; mem[READ] abs=0x40103b98 x10=0x40103000 => d0=0x5be0cd191f83d9ab
[07:17:16 407][libtiny.so 0x530c20] [200100fd] 0x40530c20: "str d0, [x9]" ; mem[WRITE] abs=0xbfffa328 d0=0x5be0cd191f83d9ab x9=0xbfffa328 => d0=0x5be0cd191f83d9ab
[07:17:16 407][libtiny.so 0x530c24] [081540f9] 0x40530c24: "ldr x8, [x8, #0x28]" ; mem[READ] abs=0xbffff740 x8=0xbffff718 => x8=0x0
[07:17:16 407][libtiny.so 0x530c28] [e90f40f9] 0x40530c28: "ldr x9, [sp, #0x18]" ; mem[READ] abs=0xbfff9748 sp=0xbfff9730 => x9=0x0
[07:17:16 407][libtiny.so 0x530c2c] [1f0109eb] 0x40530c2c: "cmp x8, x9" x9=0x0 => nzcv=0x260000000 x8=0x0
[07:17:16 407][libtiny.so 0x530c30] [a1000054] 0x40530c30: "b.ne #0x40530c44" nzcv=0x18060000000
[07:17:16 408][libtiny.so 0x530c34] [fe1340f9] 0x40530c34: "ldr x30, [sp, #0x20]" ; mem[READ] abs=0xbfff9750 sp=0xbfff9730 => x30=0x4026ceb0
[07:17:16 408][libtiny.so 0x530c38] [e0031f2a] 0x40530c38: "mov w0, wzr" => w0=0x0
[07:17:16 408][libtiny.so 0x530c3c] [ffc30091] 0x40530c3c: "add sp, sp, #0x30" sp=0xbfff9730 => sp=0xbfff9760
[07:17:16 409][libtiny.so 0x530c40] [c0035fd6] 0x40530c40: "ret"
[07:17:16 409][libtiny.so 0x26ceb0] [e8250090] 0x4026ceb0: "adrp x8, #0x40728000" => x8=0x40728000
[07:17:16 409][libtiny.so 0x26ceb4] [0add45f9] 0x4026ceb4: "ldr x10, [x8, #0xbb8]" ; mem[READ] abs=0x40728bb8 x8=0x40728000 => x10=0x44198cb0
[07:17:16 409][libtiny.so 0x26ceb8] [88bb9852] 0x4026ceb8: "movz w8, #0xc5dc" w8=0x40728000 => w8=0xc5dc
[07:17:16 409][libtiny.so 0x26cebc] [0b000090] 0x4026cebc: "adrp x11, #0x4026c000" => x11=0x4026c000
[07:17:16 409][libtiny.so 0x26cec0] [68e5a072] 0x4026cec0: "movk w8, #0x72b, lsl #16" w8=0xc5dc => w8=0x72bc5dc
[07:17:16 409][libtiny.so 0x26cec4] [6b513c91] 0x4026cec4: "add x11, x11, #0xf14" x11=0x4026c000 => x11=0x4026cf14
[07:17:16 410][libtiny.so 0x26cec8] [89424039] 0x4026cec8: "ldrb w9, [x20, #0x10]" ; mem[READ] abs=0xbfffbe90 x20=0xbfffbe80 => w9=0x1
[07:17:16 410][libtiny.so 0x26cecc] [6801088b] 0x4026cecc: "add x8, x11, x8" x11=0x4026cf14 x8=0x72bc5dc => x8=0x475294f0
[07:17:16 410][libtiny.so 0x26ced0] [0ce78652] 0x4026ced0: "movz w12, #0x3738" w12=0xfc7dd3f4 => w12=0x3738
[07:17:16 410][libtiny.so 0x26ced4] [6b01084b] 0x4026ced4: "sub w11, w11, w8" w11=0x4026cf14 w8=0x475294f0 => w11=0xf8d43a24
[07:17:16 410][libtiny.so 0x26ced8] [2c67a072] 0x4026ced8: "movk w12, #0x339, lsl #16" w12=0x3738 => w12=0x3393738
[07:17:16 410][libtiny.so 0x26cedc] [6b010c0b] 0x4026cedc: "add w11, w11, w12" w11=0xf8d43a24 w12=0x3393738 => w11=0xfc0d715c
[07:17:16 411][libtiny.so 0x26cee0] [4ac12b8b] 0x4026cee0: "add x10, x10, w11, sxtw" x10=0x44198cb0 w11=0xfc0d715c => x10=0x4026fe0c
[07:17:16 411][libtiny.so 0x26cee4] [e5250090] 0x4026cee4: "adrp x5, #0x40728000" => x5=0x40728000
[07:17:16 411][libtiny.so 0x26cee8] [e4250090] 0x4026cee8: "adrp x4, #0x40728000" => x4=0x40728000
[07:17:16 411][libtiny.so 0x26ceec] [e3250090] 0x4026ceec: "adrp x3, #0x40728000" => x3=0x40728000
[07:17:16 411][libtiny.so 0x26cef0] [e2250090] 0x4026cef0: "adrp x2, #0x40728000" => x2=0x40728000
[07:17:16 411][libtiny.so 0x26cef4] [f1250090] 0x4026cef4: "adrp x17, #0x40728000" => x17=0x40728000
[07:17:16 411][libtiny.so 0x26cef8] [f0250090] 0x4026cef8: "adrp x16, #0x40728000" => x16=0x40728000
[07:17:16 413][libtiny.so 0x26cefc] [69320439] 0x4026cefc: "strb w9, [x19, #0x10c]" ; mem[WRITE] abs=0xbfff9a2c w9=0x1 x19=0xbfff9920 => w9=0x1
[07:17:16 413][libtiny.so 0x26cf00] [40011fd6] 0x4026cf00: "br x10" x10=0x4026fe0c
[07:17:16 413][libtiny.so 0x26fe0c] [c92500b0] 0x4026fe0c: "adrp x9, #0x40728000" => x9=0x40728000
[07:17:16 413][libtiny.so 0x26fe10] [29d945f9] 0x4026fe10: "ldr x9, [x9, #0xbb0]" ; mem[READ] abs=0x40728bb0 x9=0x40728000 => x9=0x43d3d914
[07:17:16 413][libtiny.so 0x26fe14] [eb418192] 0x4026fe14: "movn x11, #0xa0f" x11=0xfc0d715c => x11=0xfffffffffffff5f0
[07:17:16 413][libtiny.so 0x26fe18] [ea2f8692] 0x4026fe18: "movn x10, #0x317f" x10=0x4026fe0c => x10=0xffffffffffffce80
[07:17:16 414][libtiny.so 0x26fe1c] [4b8abff2] 0x4026fe1c: "movk x11, #0xfc52, lsl #16" x11=0xfffffffffffff5f0 => x11=0xfffffffffc52f5f0
[07:17:16 414][libtiny.so 0x26fe20] [8a97bff2] 0x4026fe20: "movk x10, #0xfcbc, lsl #16" x10=0xffffffffffffce80 => x10=0xfffffffffcbcce80
[07:17:16 414][libtiny.so 0x26fe24] [29010b8b] 0x4026fe24: "add x9, x9, x11" x9=0x43d3d914 x11=0xfffffffffc52f5f0 => x9=0x4026cf04
[07:17:16 414][libtiny.so 0x26fe28] [08010a8b] 0x4026fe28: "add x8, x8, x10" x8=0x475294f0 x10=0xfffffffffcbcce80 => x8=0x440f6370
[07:17:16 414][libtiny.so 0x26fe2c] [20011fd6] 0x4026fe2c: "br x9" x9=0x4026cf04
[07:17:16 415][libtiny.so 0x26cf04] [698b9292] 0x4026cf04: "movn x9, #0x945b" x9=0x4026cf04 => x9=0xffffffffffff6ba4
[07:17:16 415][libtiny.so 0x26cf08] [e982bff2] 0x4026cf08: "movk x9, #0xfc17, lsl #16" x9=0xffffffffffff6ba4 => x9=0xfffffffffc176ba4
[07:17:16 415][libtiny.so 0x26cf0c] [0801098b] 0x4026cf0c: "add x8, x8, x9" x8=0x440f6370 x9=0xfffffffffc176ba4 => x8=0x4026cf14
[07:17:16 415][libtiny.so 0x26cf10] [00011fd6] 0x4026cf10: "br x8" x8=0x4026cf14
[07:17:16 415][libtiny.so 0x26cf14] [68324439] 0x4026cf14: "ldrb w8, [x19, #0x10c]" ; mem[READ] abs=0xbfff9a2c x19=0xbfff9920 => w8=0x1
[07:17:16 416][libtiny.so 0x26cf18] [094b8a52] 0x4026cf18: "movz w9, #0x5258" w9=0xfc176ba4 => w9=0x5258
[07:17:16 416][libtiny.so 0x26cf1c] [2a000090] 0x4026cf1c: "adrp x10, #0x40270000" => x10=0x40270000
[07:17:16 416][libtiny.so 0x26cf20] [8b9f8352] 0x4026cf20: "movz w11, #0x1cfc" w11=0xfc52f5f0 => w11=0x1cfc
[07:17:16 416][libtiny.so 0x26cf24] [49f7a072] 0x4026cf24: "movk w9, #0x7ba, lsl #16" w9=0x5258 => w9=0x7ba5258
[07:17:16 416][libtiny.so 0x26cf28] [4ab13891] 0x4026cf28: "add x10, x10, #0xe2c" x10=0x40270000 => x10=0x40270e2c
[07:17:16 417][libtiny.so 0x26cf2c] [6b8fa072] 0x4026cf2c: "movk w11, #0x47b, lsl #16" w11=0x1cfc => w11=0x47b1cfc
[07:17:16 417][libtiny.so 0x26cf30] [4901098b] 0x4026cf30: "add x9, x10, x9" x10=0x40270e2c x9=0x7ba5258 => x9=0x47e16084
[07:17:16 417][libtiny.so 0x26cf34] [4a010b0b] 0x4026cf34: "add w10, w10, w11" w10=0x40270e2c w11=0x47b1cfc => w10=0x44a22b28
[07:17:16 417][libtiny.so 0x26cf38] [8b119552] 0x4026cf38: "movz w11, #0xa88c" w11=0x47b1cfc => w11=0xa88c
[07:17:16 417][libtiny.so 0x26cf3c] [2d0000b0] 0x4026cf3c: "adrp x13, #0x40271000" => x13=0x40271000
[07:17:16 418][libtiny.so 0x26cf40] [2b6ea072] 0x4026cf40: "movk w11, #0x371, lsl #16" w11=0xa88c => w11=0x371a88c
[07:17:16 418][libtiny.so 0x26cf44] [ada10391] 0x4026cf44: "add x13, x13, #0xe8" x13=0x40271000 => x13=0x402710e8
[07:17:16 418][libtiny.so 0x26cf48] [1f010071] 0x4026cf48: "cmp w8, #0" => nzcv=0x220000000 w8=0x1
[07:17:16 418][libtiny.so 0x26cf4c] [a8010b8b] 0x4026cf4c: "add x8, x13, x11" x13=0x402710e8 x11=0x371a88c => x8=0x4398b974
[07:17:16 418][libtiny.so 0x26cf50] [0c218052] 0x4026cf50: "movz w12, #0x108" w12=0x3393738 => w12=0x108
[07:17:16 418][libtiny.so 0x26cf54] [0801899a] 0x4026cf54: "csel x8, x8, x9, eq" nzcv=0x18020000000 x8=0x4398b974 x9=0x47e16084 => x8=0x47e16084
[07:17:16 418][libtiny.so 0x26cf58] [09228052] 0x4026cf58: "movz w9, #0x110" w9=0x47e16084 => w9=0x110
[07:17:16 418][libtiny.so 0x26cf5c] [29018c9a] 0x4026cf5c: "csel x9, x9, x12, eq" nzcv=0x18020000000 x9=0x110 x12=0x108 => x9=0x108
[07:17:16 419][libtiny.so 0x26cf60] [8bb98f52] 0x4026cf60: "movz w11, #0x7dcc" w11=0x371a88c => w11=0x7dcc
[07:17:16 419][libtiny.so 0x26cf64] [c96a69f8] 0x4026cf64: "ldr x9, [x22, x9]" ; mem[READ] abs=0x40728c08 x22=0x40728b00 x9=0x108 => x9=0x43664528
[07:17:16 419][libtiny.so 0x26cf68] [cb01a072] 0x4026cf68: "movk w11, #0xe, lsl #16" w11=0x7dcc => w11=0xe7dcc
[07:17:16 419][libtiny.so 0x26cf6c] [ab010b0b] 0x4026cf6c: "add w11, w13, w11" w13=0x402710e8 w11=0xe7dcc => w11=0x40358eb4
[07:17:16 419][libtiny.so 0x26cf70] [6a018a1a] 0x4026cf70: "csel w10, w11, w10, eq" nzcv=0x18020000000 w11=0x40358eb4 w10=0x44a22b28 => w10=0x44a22b28
[07:17:16 420][libtiny.so 0x26cf74] [4a01084b] 0x4026cf74: "sub w10, w10, w8" w10=0x44a22b28 w8=0x47e16084 => w10=0xfcc0caa4
[07:17:16 420][libtiny.so 0x26cf78] [29c12a8b] 0x4026cf78: "add x9, x9, w10, sxtw" x9=0x43664528 w10=0xfcc0caa4 => x9=0x40270fcc
[07:17:16 420][libtiny.so 0x26cf7c] [20011fd6] 0x4026cf7c: "br x9" x9=0x40270fcc
[07:17:16 420][libtiny.so 0x270fcc] [c9250090] 0x40270fcc: "adrp x9, #0x40728000" => x9=0x40728000
[07:17:16 420][libtiny.so 0x270fd0] [290146f9] 0x40270fd0: "ldr x9, [x9, #0xc00]" ; mem[READ] abs=0x40728c00 x9=0x40728000 => x9=0x43ca9f24
[07:17:16 421][libtiny.so 0x270fd4] [6b9d9292] 0x40270fd4: "movn x11, #0x94eb" x11=0x40358eb4 => x11=0xffffffffffff6b14
[07:17:16 421][libtiny.so 0x270fd8] [6a808a92] 0x40270fd8: "movn x10, #0x5403" x10=0xfcc0caa4 => x10=0xffffffffffffabfc
[07:17:16 421][libtiny.so 0x270fdc] [8b8bbff2] 0x40270fdc: "movk x11, #0xfc5c, lsl #16" x11=0xffffffffffff6b14 => x11=0xfffffffffc5c6b14
[07:17:16 421][libtiny.so 0x270fe0] [ca86bff2] 0x40270fe0: "movk x10, #0xfc36, lsl #16" x10=0xffffffffffffabfc => x10=0xfffffffffc36abfc
[07:17:16 421][libtiny.so 0x270fe4] [29010b8b] 0x40270fe4: "add x9, x9, x11" x9=0x43ca9f24 x11=0xfffffffffc5c6b14 => x9=0x40270a38
[07:17:16 421][libtiny.so 0x270fe8] [08010a8b] 0x40270fe8: "add x8, x8, x10" x8=0x47e16084 x10=0xfffffffffc36abfc => x8=0x44180c80
[07:17:16 422][libtiny.so 0x270fec] [20011fd6] 0x40270fec: "br x9" x9=0x40270a38
[07:17:16 422][libtiny.so 0x270a38] [69ca9f92] 0x40270a38: "movn x9, #0xfe53" x9=0x40270a38 => x9=0xffffffffffff01ac
[07:17:16 422][libtiny.so 0x270a3c] [e981bff2] 0x40270a3c: "movk x9, #0xfc0f, lsl #16" x9=0xffffffffffff01ac => x9=0xfffffffffc0f01ac
[07:17:16 422][libtiny.so 0x270a40] [0801098b] 0x40270a40: "add x8, x8, x9" x8=0x44180c80 x9=0xfffffffffc0f01ac => x8=0x40270e2c
[07:17:16 423][libtiny.so 0x270a44] [00011fd6] 0x40270a44: "br x8" x8=0x40270e2c
[07:17:16 423][libtiny.so 0x270e2c] [c8250090] 0x40270e2c: "adrp x8, #0x40728000" => x8=0x40728000
[07:17:16 423][libtiny.so 0x270e30] [09e545f9] 0x40270e30: "ldr x9, [x8, #0xbc8]" ; mem[READ] abs=0x40728bc8 x8=0x40728000 => x9=0x43a64728
[07:17:16 423][libtiny.so 0x270e34] [88929452] 0x40270e34: "movz w8, #0xa494" w8=0x40728000 => w8=0xa494
[07:17:16 423][libtiny.so 0x270e38] [eafffff0] 0x40270e38: "adrp x10, #0x4026f000" => x10=0x4026f000
[07:17:16 424][libtiny.so 0x270e3c] [68d5a072] 0x40270e3c: "movk w8, #0x6ab, lsl #16" w8=0xa494 => w8=0x6aba494
[07:17:16 424][libtiny.so 0x270e40] [4a913c91] 0x40270e40: "add x10, x10, #0xf24" x10=0x4026f000 => x10=0x4026ff24
[07:17:16 424][libtiny.so 0x270e44] [4801088b] 0x40270e44: "add x8, x10, x8" x10=0x4026ff24 x8=0x6aba494 => x8=0x46d2a3b8
[07:17:16 424][libtiny.so 0x270e48] [0bc68b52] 0x40270e48: "movz w11, #0x5e30" w11=0xfc5c6b14 => w11=0x5e30
[07:17:16 424][libtiny.so 0x270e4c] [4a01084b] 0x40270e4c: "sub w10, w10, w8" w10=0x4026ff24 w8=0x46d2a3b8 => w10=0xf9545b6c
[07:17:16 425][libtiny.so 0x270e50] [8b65a072] 0x40270e50: "movk w11, #0x32c, lsl #16" w11=0x5e30 => w11=0x32c5e30
[07:17:16 425][libtiny.so 0x270e54] [4a010b0b] 0x40270e54: "add w10, w10, w11" w10=0xf9545b6c w11=0x32c5e30 => w10=0xfc80b99c
[07:17:16 425][libtiny.so 0x270e58] [29c12a8b] 0x40270e58: "add x9, x9, w10, sxtw" x9=0x43a64728 w10=0xfc80b99c => x9=0x402700c4
[07:17:16 425][libtiny.so 0x270e5c] [748a00f9] 0x40270e5c: "str x20, [x19, #0x110]" ; mem[WRITE] abs=0xbfff9a30 x20=0xbfffbe80 x19=0xbfff9920 => x20=0xbfffbe80
[07:17:16 425][libtiny.so 0x270e60] [20011fd6] 0x40270e60: "br x9" x9=0x402700c4
[07:17:16 425][libtiny.so 0x2700c4] [09e245f9] 0x402700c4: "ldr x9, [x16, #0xbc0]" ; mem[READ] abs=0x40728bc0 x16=0x40728000 => x9=0x4355705c
[07:17:16 426][libtiny.so 0x2700c8] [6b458e92] 0x402700c8: "movn x11, #0x722b" x11=0x32c5e30 => x11=0xffffffffffff8dd4
[07:17:16 426][libtiny.so 0x2700cc] [6a2d9492] 0x402700cc: "movn x10, #0xa16b" x10=0xfc80b99c => x10=0xffffffffffff5e94
[07:17:16 426][libtiny.so 0x2700d0] [2b9abff2] 0x402700d0: "movk x11, #0xfcd1, lsl #16" x11=0xffffffffffff8dd4 => x11=0xfffffffffcd18dd4
[07:17:16 426][libtiny.so 0x2700d4] [ca9cbff2] 0x402700d4: "movk x10, #0xfce6, lsl #16" x10=0xffffffffffff5e94 => x10=0xfffffffffce65e94
[07:17:16 426][libtiny.so 0x2700d8] [29010b8b] 0x402700d8: "add x9, x9, x11" x9=0x4355705c x11=0xfffffffffcd18dd4 => x9=0x4026fe30
[07:17:16 427][libtiny.so 0x2700dc] [08010a8b] 0x402700dc: "add x8, x8, x10" x8=0x46d2a3b8 x10=0xfffffffffce65e94 => x8=0x43b9024c
[07:17:16 427][libtiny.so 0x2700e0] [20011fd6] 0x402700e0: "br x9" x9=0x4026fe30
[07:17:16 427][libtiny.so 0x26fe30] [e9648092] 0x4026fe30: "movn x9, #0x327" x9=0x4026fe30 => x9=0xfffffffffffffcd8
[07:17:16 427][libtiny.so 0x26fe34] [a98dbff2] 0x4026fe34: "movk x9, #0xfc6d, lsl #16" x9=0xfffffffffffffcd8 => x9=0xfffffffffc6dfcd8
[07:17:16 427][libtiny.so 0x26fe38] [0801098b] 0x4026fe38: "add x8, x8, x9" x8=0x43b9024c x9=0xfffffffffc6dfcd8 => x8=0x4026ff24
[07:17:16 427][libtiny.so 0x26fe3c] [00011fd6] 0x4026fe3c: "br x8" x8=0x4026ff24
[07:17:16 428][libtiny.so 0x26ff24] [698a40f9] 0x4026ff24: "ldr x9, [x19, #0x110]" ; mem[READ] abs=0xbfff9a30 x19=0xbfff9920 => x9=0xbfffbe80
[07:17:16 428][libtiny.so 0x26ff28] [c82500b0] 0x4026ff28: "adrp x8, #0x40728000" => x8=0x40728000
[07:17:16 428][libtiny.so 0x26ff2c] [0a9545f9] 0x4026ff2c: "ldr x10, [x8, #0xb28]" ; mem[READ] abs=0x40728b28 x8=0x40728000 => x10=0x438f5ae0
[07:17:16 428][libtiny.so 0x26ff30] [887e8152] 0x4026ff30: "movz w8, #0xbf4" w8=0x40728000 => w8=0xbf4
[07:17:16 428][libtiny.so 0x26ff34] [ebffffd0] 0x4026ff34: "adrp x11, #0x4026d000" => x11=0x4026d000
[07:17:16 429][libtiny.so 0x26ff38] [88d6a072] 0x4026ff38: "movk w8, #0x6b4, lsl #16" w8=0xbf4 => w8=0x6b40bf4
[07:17:16 429][libtiny.so 0x26ff3c] [6bb11991] 0x4026ff3c: "add x11, x11, #0x66c" x11=0x4026d000 => x11=0x4026d66c
[07:17:16 429][libtiny.so 0x26ff40] [6801088b] 0x4026ff40: "add x8, x11, x8" x11=0x4026d66c x8=0x6b40bf4 => x8=0x46dae260
[07:17:16 429][libtiny.so 0x26ff44] [290140f9] 0x4026ff44: "ldr x9, [x9]" ; mem[READ] abs=0xbfffbe80 x9=0xbfffbe80 => x9=0x40b30240
[07:17:16 429][libtiny.so 0x26ff48] [8c129152] 0x4026ff48: "movz w12, #0x8894" w12=0x108 => w12=0x8894
[07:17:16 430][libtiny.so 0x26ff4c] [6b01084b] 0x4026ff4c: "sub w11, w11, w8" w11=0x4026d66c w8=0x46dae260 => w11=0xf94bf40c
[07:17:16 430][libtiny.so 0x26ff50] [6c69a072] 0x4026ff50: "movk w12, #0x34b, lsl #16" w12=0x8894 => w12=0x34b8894
[07:17:16 430][libtiny.so 0x26ff54] [6b010c0b] 0x4026ff54: "add w11, w11, w12" w11=0xf94bf40c w12=0x34b8894 => w11=0xfc977ca0
[07:17:16 430][libtiny.so 0x26ff58] [4ac12b8b] 0x4026ff58: "add x10, x10, w11, sxtw" x10=0x438f5ae0 w11=0xfc977ca0 => x10=0x4026d780
[07:17:16 430][libtiny.so 0x26ff5c] [698e00f9] 0x4026ff5c: "str x9, [x19, #0x118]" ; mem[WRITE] abs=0xbfff9a38 x9=0x40b30240 x19=0xbfff9920 => x9=0x40b30240
[07:17:16 430][libtiny.so 0x26ff60] [40011fd6] 0x4026ff60: "br x10" x10=0x4026d780
[07:17:16 431][libtiny.so 0x26d780] [c92500f0] 0x4026d780: "adrp x9, #0x40728000" => x9=0x40728000
[07:17:16 431][libtiny.so 0x26d784] [299145f9] 0x4026d784: "ldr x9, [x9, #0xb20]" ; mem[READ] abs=0x40728b20 x9=0x40728000 => x9=0x4340a100
[07:17:16 431][libtiny.so 0x26d788] [eb829992] 0x4026d788: "movn x11, #0xcc17" x11=0xfc977ca0 => x11=0xffffffffffff33e8
[07:17:16 431][libtiny.so 0x26d78c] [6a6a9692] 0x4026d78c: "movn x10, #0xb353" x10=0x4026d780 => x10=0xffffffffffff4cac
[07:17:16 431][libtiny.so 0x26d790] [cb9cbff2] 0x4026d790: "movk x11, #0xfce6, lsl #16" x11=0xffffffffffff33e8 => x11=0xfffffffffce633e8
[07:17:16 432][libtiny.so 0x26d794] [2a98bff2] 0x4026d794: "movk x10, #0xfcc1, lsl #16" x10=0xffffffffffff4cac => x10=0xfffffffffcc14cac
[07:17:16 432][libtiny.so 0x26d798] [29010b8b] 0x4026d798: "add x9, x9, x11" x9=0x4340a100 x11=0xfffffffffce633e8 => x9=0x4026d4e8
[07:17:16 432][libtiny.so 0x26d79c] [08010a8b] 0x4026d79c: "add x8, x8, x10" x8=0x46dae260 x10=0xfffffffffcc14cac => x8=0x439c2f0c
[07:17:16 432][libtiny.so 0x26d7a0] [20011fd6] 0x4026d7a0: "br x9" x9=0x4026d4e8
[07:17:16 433][libtiny.so 0x26d4e8] [e9138b92] 0x4026d4e8: "movn x9, #0x589f" x9=0x4026d4e8 => x9=0xffffffffffffa760
[07:17:16 433][libtiny.so 0x26d4ec] [4991bff2] 0x4026d4ec: "movk x9, #0xfc8a, lsl #16" x9=0xffffffffffffa760 => x9=0xfffffffffc8aa760
[07:17:16 433][libtiny.so 0x26d4f0] [0801098b] 0x4026d4f0: "add x8, x8, x9" x8=0x439c2f0c x9=0xfffffffffc8aa760 => x8=0x4026d66c
[07:17:16 433][libtiny.so 0x26d4f4] [00011fd6] 0x4026d4f4: "br x8" x8=0x4026d66c
[07:17:16 433][libtiny.so 0x26d66c] [820640f9] 0x4026d66c: "ldr x2, [x20, #8]" ; mem[READ] abs=0xbfffbe88 x20=0xbfffbe80 => x2=0xad
[07:17:16 434][libtiny.so 0x26d670] [618e40f9] 0x4026d670: "ldr x1, [x19, #0x118]" ; mem[READ] abs=0xbfff9a38 x19=0xbfff9920 => x1=0x40b30240
[07:17:16 434][libtiny.so 0x26d674] [a06302d1] 0x4026d674: "sub x0, x29, #0x98" x29=0xbfffa3a0 => x0=0xbfffa308
[07:17:16 434][libtiny.so 0x26d678] [740d0b94] 0x4026d678: "bl #0x40530c48"
[07:17:16 435][libtiny.so 0x530c48] [fd7bbaa9] 0x40530c48: "stp x29, x30, [sp, #-0x60]!" ; mem[WRITE] abs=0xbfff9700 x29=0xbfffa3a0 x30=0x4026d67c sp=0xbfff9760 => x29=0xbfffa3a0 x30=0x4026d67c sp=0xbfff9700
[07:17:16 435][libtiny.so 0x530c4c] [fc6f01a9] 0x40530c4c: "stp x28, x27, [sp, #0x10]" ; mem[WRITE] abs=0xbfff9710 x28=0xfffffffffcaad884 x27=0x40728000 sp=0xbfff9700 => x28=0xfffffffffcaad884 x27=0x40728000
[07:17:16 435][libtiny.so 0x530c50] [fa6702a9] 0x40530c50: "stp x26, x25, [sp, #0x20]" ; mem[WRITE] abs=0xbfff9720 x26=0x40728000 x25=0xbfffbea0 sp=0xbfff9700 => x26=0x40728000 x25=0xbfffbea0
[07:17:16 435][libtiny.so 0x530c54] [f85f03a9] 0x40530c54: "stp x24, x23, [sp, #0x30]" ; mem[WRITE] abs=0xbfff9730 x24=0xbfffbf60 x23=0xbfffbf20 sp=0xbfff9700 => x24=0xbfffbf60 x23=0xbfffbf20
[07:17:16 435][libtiny.so 0x530c58] [f65704a9] 0x40530c58: "stp x22, x21, [sp, #0x40]" ; mem[WRITE] abs=0xbfff9740 x22=0x40728b00 x21=0xbfffbf00 sp=0xbfff9700 => x22=0x40728b00 x21=0xbfffbf00
[07:17:16 436][libtiny.so 0x530c5c] [f44f05a9] 0x40530c5c: "stp x20, x19, [sp, #0x50]" ; mem[WRITE] abs=0xbfff9750 x20=0xbfffbe80 x19=0xbfff9920 sp=0xbfff9700 => x20=0xbfffbe80 x19=0xbfff9920
[07:17:16 436][libtiny.so 0x530c60] [fd030091] 0x40530c60: "mov x29, sp" sp=0xbfff9700 => x29=0xbfff9700
[07:17:16 436][libtiny.so 0x530c64] [ff8304d1] 0x40530c64: "sub sp, sp, #0x120" sp=0xbfff9700 => sp=0xbfff95e0
[07:17:16 436][libtiny.so 0x530c68] [a84300d1] 0x40530c68: "sub x8, x29, #0x10" x29=0xbfff9700 => x8=0xbfff96f0
[07:17:16 437][libtiny.so 0x530c6c] [010110f8] 0x40530c6c: "stur x1, [x8, #-0x100]" ; mem[WRITE] abs=0xbfff95f0 x1=0x40b30240 x8=0xbfff96f0 => x1=0x40b30240
[07:17:16 437][libtiny.so 0x530c70] [4ad03bd5] 0x40530c70: "mrs x10, tpidr_el0" x10=0xfffffffffcc14cac => x10=0xbffff718
[07:17:16 437][libtiny.so 0x530c74] [ab6300d1] 0x40530c74: "sub x11, x29, #0x18" x29=0xbfff9700 => x11=0xbfff96e8
[07:17:16 437][libtiny.so 0x530c78] [6a0110f8] 0x40530c78: "stur x10, [x11, #-0x100]" ; mem[WRITE] abs=0xbfff95e8 x10=0xbffff718 x11=0xbfff96e8 => x10=0xbffff718
[07:17:16 437][libtiny.so 0x530c7c] [4a1540f9] 0x40530c7c: "ldr x10, [x10, #0x28]" ; mem[READ] abs=0xbffff740 x10=0xbffff718 => x10=0x0
[07:17:16 437][libtiny.so 0x530c80] [381100d0] 0x40530c80: "adrp x24, #0x40756000" => x24=0x40756000
[07:17:16 437][libtiny.so 0x530c84] [f9ca8792] 0x40530c84: "movn x25, #0x3e57" x25=0xbfffbea0 => x25=0xffffffffffffc1a8
[07:17:16 439][libtiny.so 0x530c88] [88549152] 0x40530c88: "movz w8, #0x8aa4" w8=0xbfff96f0 => w8=0x8aa4
[07:17:16 439][libtiny.so 0x530c8c] [aa031ff8] 0x40530c8c: "stur x10, [x29, #-0x10]" ; mem[WRITE] abs=0xbfff96f0 x10=0x0 x29=0xbfff9700 => x10=0x0
[07:17:16 439][libtiny.so 0x530c90] [0a3b40f9] 0x40530c90: "ldr x10, [x24, #0x70]" ; mem[READ] abs=0x40756070 x24=0x40756000 => x10=0x436f5148
[07:17:16 439][libtiny.so 0x530c94] [090000b0] 0x40530c94: "adrp x9, #0x40531000" => x9=0x40531000
[07:17:16 439][libtiny.so 0x530c98] [799cbff2] 0x40530c98: "movk x25, #0xfce3, lsl #16" x25=0xffffffffffffc1a8 => x25=0xfffffffffce3c1a8
[07:17:16 439][libtiny.so 0x530c9c] [287fa072] 0x40530c9c: "movk w8, #0x3f9, lsl #16" w8=0x8aa4 => w8=0x3f98aa4
[07:17:16 439][libtiny.so 0x530ca0] [29110e91] 0x40530ca0: "add x9, x9, #0x384" x9=0x40531000 => x9=0x40531384
[07:17:16 440][libtiny.so 0x530ca4] [2801088b] 0x40530ca4: "add x8, x9, x8" x9=0x40531384 x8=0x3f98aa4 => x8=0x444c9e28
[07:17:16 440][libtiny.so 0x530ca8] [4901198b] 0x40530ca8: "add x9, x10, x25" x10=0x436f5148 x25=0xfffffffffce3c1a8 => x9=0x405312f0
[07:17:16 440][libtiny.so 0x530cac] [f30302aa] 0x40530cac: "mov x19, x2" x2=0xad => x19=0xad
[07:17:16 440][libtiny.so 0x530cb0] [f50300aa] 0x40530cb0: "mov x21, x0" x0=0xbfffa308 => x21=0xbfffa308
[07:17:16 440][libtiny.so 0x530cb4] [b6f301d1] 0x40530cb4: "sub x22, x29, #0x7c" x29=0xbfff9700 => x22=0xbfff9684
[07:17:16 440][libtiny.so 0x530cb8] [3a1100d0] 0x40530cb8: "adrp x26, #0x40756000" => x26=0x40756000
[07:17:16 441][libtiny.so 0x530cbc] [3b1100d0] 0x40530cbc: "adrp x27, #0x40756000" => x27=0x40756000
[07:17:16 441][libtiny.so 0x530cc0] [3c1100d0] 0x40530cc0: "adrp x28, #0x40756000" => x28=0x40756000
[07:17:16 441][libtiny.so 0x530cc4] [371100d0] 0x40530cc4: "adrp x23, #0x40756000" => x23=0x40756000
[07:17:16 442][libtiny.so 0x530cc8] [341100d0] 0x40530cc8: "adrp x20, #0x40756000" => x20=0x40756000
[07:17:16 442][libtiny.so 0x530ccc] [20011fd6] 0x40530ccc: "br x9" x9=0x405312f0
[07:17:16 442][libtiny.so 0x5312f0] [69549192] 0x405312f0: "movn x9, #0x8aa3" x9=0x405312f0 => x9=0xffffffffffff755c
[07:17:16 443][libtiny.so 0x5312f4] [c980bff2] 0x405312f4: "movk x9, #0xfc06, lsl #16" x9=0xffffffffffff755c => x9=0xfffffffffc06755c
[07:17:16 443][libtiny.so 0x5312f8] [0801098b] 0x405312f8: "add x8, x8, x9" x8=0x444c9e28 x9=0xfffffffffc06755c => x8=0x40531384
[07:17:16 443][libtiny.so 0x5312fc] [00011fd6] 0x405312fc: "br x8" x8=0x40531384
[07:17:16 444][libtiny.so 0x531384] [7f0200f1] 0x40531384: "cmp x19, #0" => nzcv=0x220000000 x19=0xad
[07:17:16 444][libtiny.so 0x531388] [e8179f1a] 0x40531388: "cset w8, eq" nzcv=0x18020000000 => w8=0x0
[07:17:16 445][libtiny.so 0x53138c] [a90700d1] 0x4053138c: "sub x9, x29, #1" x29=0xbfff9700 => x9=0xbfff96ff
[07:17:16 445][libtiny.so 0x531390] [28011038] 0x40531390: "sturb w8, [x9, #-0x100]" ; mem[WRITE] abs=0xbfff95ff w8=0x0 x9=0xbfff96ff => w8=0x0
[07:17:16 445][libtiny.so 0x531394] [e84300d1] 0x40531394: "sub x8, sp, #0x10" sp=0xbfff95e0 => x8=0xbfff95d0
[07:17:16 446][libtiny.so 0x531398] [1f010091] 0x40531398: "mov sp, x8" x8=0xbfff95d0 => sp=0xbfff95d0
[07:17:16 446][libtiny.so 0x53139c] [a80310f8] 0x4053139c: "stur x8, [x29, #-0x100]" ; mem[WRITE] abs=0xbfff9600 x8=0xbfff95d0 x29=0xbfff9700 => x8=0xbfff95d0
[07:17:16 446][libtiny.so 0x5313a0] [e84300d1] 0x405313a0: "sub x8, sp, #0x10" sp=0xbfff95d0 => x8=0xbfff95c0
[07:17:16 446][libtiny.so 0x5313a4] [1f010091] 0x405313a4: "mov sp, x8" x8=0xbfff95c0 => sp=0xbfff95c0
[07:17:16 446][libtiny.so 0x5313a8] [e94300d1] 0x405313a8: "sub x9, sp, #0x10" sp=0xbfff95c0 => x9=0xbfff95b0
[07:17:16 447][libtiny.so 0x5313ac] [a88310f8] 0x405313ac: "stur x8, [x29, #-0xf8]" ; mem[WRITE] abs=0xbfff9608 x8=0xbfff95c0 x29=0xbfff9700 => x8=0xbfff95c0
[07:17:16 447][libtiny.so 0x5313b0] [3f010091] 0x405313b0: "mov sp, x9" x9=0xbfff95b0 => sp=0xbfff95b0
[07:17:16 447][libtiny.so 0x5313b4] [281100b0] 0x405313b4: "adrp x8, #0x40756000" => x8=0x40756000
[07:17:16 447][libtiny.so 0x5313b8] [0a4d40f9] 0x405313b8: "ldr x10, [x8, #0x98]" ; mem[READ] abs=0x40756098 x8=0x40756000 => x10=0x4359d0d0
[07:17:16 447][libtiny.so 0x5313bc] [089a9852] 0x405313bc: "movz w8, #0xc4d0" w8=0x40756000 => w8=0xc4d0
[07:17:16 448][libtiny.so 0x5313c0] [0b000090] 0x405313c0: "adrp x11, #0x40531000" => x11=0x40531000
[07:17:16 448][libtiny.so 0x5313c4] [48e9a072] 0x405313c4: "movk w8, #0x74a, lsl #16" w8=0xc4d0 => w8=0x74ac4d0
[07:17:16 448][libtiny.so 0x5313c8] [6bf12891] 0x405313c8: "add x11, x11, #0xa3c" x11=0x40531000 => x11=0x40531a3c
[07:17:16 448][libtiny.so 0x5313cc] [6801088b] 0x405313cc: "add x8, x11, x8" x11=0x40531a3c x8=0x74ac4d0 => x8=0x479ddf0c
[07:17:16 449][libtiny.so 0x5313d0] [8c708152] 0x405313d0: "movz w12, #0xb84" w12=0x34b8894 => w12=0xb84
[07:17:16 449][libtiny.so 0x5313d4] [6b01084b] 0x405313d4: "sub w11, w11, w8" w11=0x40531a3c w8=0x479ddf0c => w11=0xf8b53b30
[07:17:16 449][libtiny.so 0x5313d8] [8c88a072] 0x405313d8: "movk w12, #0x444, lsl #16" w12=0xb84 => w12=0x4440b84
[07:17:16 449][libtiny.so 0x5313dc] [6b010c0b] 0x405313dc: "add w11, w11, w12" w11=0xf8b53b30 w12=0x4440b84 => w11=0xfcf946b4
[07:17:16 450][libtiny.so 0x5313e0] [4ac12b8b] 0x405313e0: "add x10, x10, w11, sxtw" x10=0x4359d0d0 w11=0xfcf946b4 => x10=0x40531784
[07:17:16 450][libtiny.so 0x5313e4] [a90311f8] 0x405313e4: "stur x9, [x29, #-0xf0]" ; mem[WRITE] abs=0xbfff9610 x9=0xbfff95b0 x29=0xbfff9700 => x9=0xbfff95b0
[07:17:16 450][libtiny.so 0x5313e8] [40011fd6] 0x405313e8: "br x10" x10=0x40531784
[07:17:16 450][libtiny.so 0x531784] [e94a40f9] 0x40531784: "ldr x9, [x23, #0x90]" ; mem[READ] abs=0x40756090 x23=0x40756000 => x9=0x441af00c
[07:17:16 451][libtiny.so 0x531788] [6b1f9b92] 0x40531788: "movn x11, #0xd8fb" x11=0xfcf946b4 => x11=0xffffffffffff2704
[07:17:16 451][libtiny.so 0x53178c] [6a238792] 0x4053178c: "movn x10, #0x391b" x10=0x40531784 => x10=0xffffffffffffc6e4
[07:17:16 451][libtiny.so 0x531790] [0b87bff2] 0x40531790: "movk x11, #0xfc38, lsl #16" x11=0xffffffffffff2704 => x11=0xfffffffffc382704
[07:17:16 451][libtiny.so 0x531794] [4a92bff2] 0x40531794: "movk x10, #0xfc92, lsl #16" x10=0xffffffffffffc6e4 => x10=0xfffffffffc92c6e4
[07:17:16 452][libtiny.so 0x531798] [29010b8b] 0x40531798: "add x9, x9, x11" x9=0x441af00c x11=0xfffffffffc382704 => x9=0x40531710
[07:17:16 452][libtiny.so 0x53179c] [08010a8b] 0x4053179c: "add x8, x8, x10" x8=0x479ddf0c x10=0xfffffffffc92c6e4 => x8=0x4430a5f0
[07:17:16 452][libtiny.so 0x5317a0] [20011fd6] 0x405317a0: "br x9" x9=0x40531710
[07:17:16 453][libtiny.so 0x531710] [69769192] 0x40531710: "movn x9, #0x8bb3" x9=0x40531710 => x9=0xffffffffffff744c
[07:17:16 453][libtiny.so 0x531714] [4984bff2] 0x40531714: "movk x9, #0xfc22, lsl #16" x9=0xffffffffffff744c => x9=0xfffffffffc22744c
[07:17:16 453][libtiny.so 0x531718] [0801098b] 0x40531718: "add x8, x8, x9" x8=0x4430a5f0 x9=0xfffffffffc22744c => x8=0x40531a3c
[07:17:16 454][libtiny.so 0x53171c] [00011fd6] 0x4053171c: "br x8" x8=0x40531a3c
[07:17:16 454][libtiny.so 0x531a3c] [e84300d1] 0x40531a3c: "sub x8, sp, #0x10" sp=0xbfff95b0 => x8=0xbfff95a0
[07:17:16 454][libtiny.so 0x531a40] [1f010091] 0x40531a40: "mov sp, x8" x8=0xbfff95a0 => sp=0xbfff95a0
[07:17:16 455][libtiny.so 0x531a44] [e94300d1] 0x40531a44: "sub x9, sp, #0x10" sp=0xbfff95a0 => x9=0xbfff9590
[07:17:16 455][libtiny.so 0x531a48] [a88311f8] 0x40531a48: "stur x8, [x29, #-0xe8]" ; mem[WRITE] abs=0xbfff9618 x8=0xbfff95a0 x29=0xbfff9700 => x8=0xbfff95a0
[07:17:16 455][libtiny.so 0x531a4c] [3f010091] 0x40531a4c: "mov sp, x9" x9=0xbfff9590 => sp=0xbfff9590
[07:17:16 456][libtiny.so 0x531a50] [281100b0] 0x40531a50: "adrp x8, #0x40756000" => x8=0x40756000
[07:17:16 456][libtiny.so 0x531a54] [0a3d40f9] 0x40531a54: "ldr x10, [x8, #0x78]" ; mem[READ] abs=0x40756078 x8=0x40756000 => x10=0x440eb414
[07:17:16 456][libtiny.so 0x531a58] [88a28352] 0x40531a58: "movz w8, #0x1d14" w8=0x40756000 => w8=0x1d14
[07:17:16 457][libtiny.so 0x531a5c] [0b000090] 0x40531a5c: "adrp x11, #0x40531000" => x11=0x40531000
[07:17:16 457][libtiny.so 0x531a60] [48fba072] 0x40531a60: "movk w8, #0x7da, lsl #16" w8=0x1d14 => w8=0x7da1d14
[07:17:16 457][libtiny.so 0x531a64] [6bc11291] 0x40531a64: "add x11, x11, #0x4b0" x11=0x40531000 => x11=0x405314b0
[07:17:16 457][libtiny.so 0x531a68] [6801088b] 0x40531a68: "add x8, x11, x8" x11=0x405314b0 x8=0x7da1d14 => x8=0x482d31c4
[07:17:16 458][libtiny.so 0x531a6c] [0cd88f52] 0x40531a6c: "movz w12, #0x7ec0" w12=0x4440b84 => w12=0x7ec0
[07:17:16 458][libtiny.so 0x531a70] [6b01084b] 0x40531a70: "sub w11, w11, w8" w11=0x405314b0 w8=0x482d31c4 => w11=0xf825e2ec
[07:17:16 458][libtiny.so 0x531a74] [cc83a072] 0x40531a74: "movk w12, #0x41e, lsl #16" w12=0x7ec0 => w12=0x41e7ec0
[07:17:16 458][libtiny.so 0x531a78] [6b010c0b] 0x40531a78: "add w11, w11, w12" w11=0xf825e2ec w12=0x41e7ec0 => w11=0xfc4461ac
[07:17:16 459][libtiny.so 0x531a7c] [4ac12b8b] 0x40531a7c: "add x10, x10, w11, sxtw" x10=0x440eb414 w11=0xfc4461ac => x10=0x405315c0
[07:17:16 459][libtiny.so 0x531a80] [a90312f8] 0x40531a80: "stur x9, [x29, #-0xe0]" ; mem[WRITE] abs=0xbfff9620 x9=0xbfff9590 x29=0xbfff9700 => x9=0xbfff9590
[07:17:16 459][libtiny.so 0x531a84] [40011fd6] 0x40531a84: "br x10" x10=0x405315c0
[07:17:16 460][libtiny.so 0x5315c0] [093b40f9] 0x405315c0: "ldr x9, [x24, #0x70]" ; mem[READ] abs=0x40756070 x24=0x40756000 => x9=0x436f5148
[07:17:16 460][libtiny.so 0x5315c4] [ea4d9292] 0x405315c4: "movn x10, #0x926f" x10=0x405315c0 => x10=0xffffffffffff6d90
[07:17:16 460][libtiny.so 0x5315c8] [ea83bff2] 0x405315c8: "movk x10, #0xfc1f, lsl #16" x10=0xffffffffffff6d90 => x10=0xfffffffffc1f6d90
[07:17:16 460][libtiny.so 0x5315cc] [08010a8b] 0x405315cc: "add x8, x8, x10" x8=0x482d31c4 x10=0xfffffffffc1f6d90 => x8=0x444c9f54
[07:17:16 460][libtiny.so 0x5315d0] [2901198b] 0x405315d0: "add x9, x9, x25" x9=0x436f5148 x25=0xfffffffffce3c1a8 => x9=0x405312f0
[07:17:16 461][libtiny.so 0x5315d4] [20011fd6] 0x405315d4: "br x9" x9=0x405312f0
[07:17:16 461][libtiny.so 0x5312f0] [69549192] 0x405312f0: "movn x9, #0x8aa3" x9=0x405312f0 => x9=0xffffffffffff755c
[07:17:16 461][libtiny.so 0x5312f4] [c980bff2] 0x405312f4: "movk x9, #0xfc06, lsl #16" x9=0xffffffffffff755c => x9=0xfffffffffc06755c
[07:17:16 461][libtiny.so 0x5312f8] [0801098b] 0x405312f8: "add x8, x8, x9" x8=0x444c9f54 x9=0xfffffffffc06755c => x8=0x405314b0
[07:17:16 461][libtiny.so 0x5312fc] [00011fd6] 0x405312fc: "br x8" x8=0x405314b0
[07:17:16 461][libtiny.so 0x5314b0] [e84300d1] 0x405314b0: "sub x8, sp, #0x10" sp=0xbfff9590 => x8=0xbfff9580
[07:17:16 461][libtiny.so 0x5314b4] [1f010091] 0x405314b4: "mov sp, x8" x8=0xbfff9580 => sp=0xbfff9580
[07:17:16 461][libtiny.so 0x5314b8] [a88312f8] 0x405314b8: "stur x8, [x29, #-0xd8]" ; mem[WRITE] abs=0xbfff9628 x8=0xbfff9580 x29=0xbfff9700 => x8=0xbfff9580
[07:17:16 462][libtiny.so 0x5314bc] [e84300d1] 0x405314bc: "sub x8, sp, #0x10" sp=0xbfff9580 => x8=0xbfff9570
[07:17:16 462][libtiny.so 0x5314c0] [1f010091] 0x405314c0: "mov sp, x8" x8=0xbfff9570 => sp=0xbfff9570
[07:17:16 462][libtiny.so 0x5314c4] [a80313f8] 0x405314c4: "stur x8, [x29, #-0xd0]" ; mem[WRITE] abs=0xbfff9630 x8=0xbfff9570 x29=0xbfff9700 => x8=0xbfff9570
[07:17:16 462][libtiny.so 0x5314c8] [ac0700d1] 0x405314c8: "sub x12, x29, #1" x29=0xbfff9700 => x12=0xbfff96ff
[07:17:16 462][libtiny.so 0x5314cc] [8c015038] 0x405314cc: "ldurb w12, [x12, #-0x100]" ; mem[READ] abs=0xbfff95ff w12=0xbfff96ff x12=0xbfff96ff => w12=0x0
[07:17:16 462][libtiny.so 0x5314d0] [88619252] 0x405314d0: "movz w8, #0x930c" w8=0xbfff9570 => w8=0x930c
[07:17:16 463][libtiny.so 0x5314d4] [09000090] 0x405314d4: "adrp x9, #0x40531000" => x9=0x40531000
[07:17:16 463][libtiny.so 0x5314d8] [8b3c8552] 0x405314d8: "movz w11, #0x29e4" w11=0xfc4461ac => w11=0x29e4
[07:17:16 463][libtiny.so 0x5314dc] [2865a072] 0x405314dc: "movk w8, #0x329, lsl #16" w8=0x930c => w8=0x329930c
[07:17:16 463][libtiny.so 0x5314e0] [29810591] 0x405314e0: "add x9, x9, #0x160" x9=0x40531000 => x9=0x40531160
[07:17:16 463][libtiny.so 0x5314e4] [2b05a072] 0x405314e4: "movk w11, #0x29, lsl #16" w11=0x29e4 => w11=0x2929e4
[07:17:16 463][libtiny.so 0x5314e8] [2801088b] 0x405314e8: "add x8, x9, x8" x9=0x40531160 x8=0x329930c => x8=0x437ca46c
[07:17:16 464][libtiny.so 0x5314ec] [29010b0b] 0x405314ec: "add w9, w9, w11" w9=0x40531160 w11=0x2929e4 => w9=0x407c3b44
[07:17:16 464][libtiny.so 0x5314f0] [ab0700d1] 0x405314f0: "sub x11, x29, #1" x29=0xbfff9700 => x11=0xbfff96ff
[07:17:16 464][libtiny.so 0x5314f4] [9f010071] 0x405314f4: "cmp w12, #0" => nzcv=0x260000000 w12=0x0
[07:17:16 464][libtiny.so 0x5314f8] [ac0700d1] 0x405314f8: "sub x12, x29, #1" x29=0xbfff9700 => x12=0xbfff96ff
[07:17:16 465][libtiny.so 0x5314fc] [6b015038] 0x405314fc: "ldurb w11, [x11, #-0x100]" ; mem[READ] abs=0xbfff95ff w11=0xbfff96ff x11=0xbfff96ff => w11=0x0
[07:17:16 465][libtiny.so 0x531500] [8c015038] 0x40531500: "ldurb w12, [x12, #-0x100]" ; mem[READ] abs=0xbfff95ff w12=0xbfff96ff x12=0xbfff96ff => w12=0x0
[07:17:16 466][libtiny.so 0x531504] [8ac28d52] 0x40531504: "movz w10, #0x6e14" w10=0xfc1f6d90 => w10=0x6e14
[07:17:16 466][libtiny.so 0x531508] [eefffff0] 0x40531508: "adrp x14, #0x40530000" => x14=0x40530000
[07:17:16 466][libtiny.so 0x53150c] [8adfa072] 0x4053150c: "movk w10, #0x6fc, lsl #16" w10=0x6e14 => w10=0x6fc6e14
[07:17:16 467][libtiny.so 0x531510] [cee13a91] 0x40531510: "add x14, x14, #0xeb8" x14=0x40530000 => x14=0x40530eb8
[07:17:16 467][libtiny.so 0x531514] [ca010a8b] 0x40531514: "add x10, x14, x10" x14=0x40530eb8 x10=0x6fc6e14 => x10=0x474f7ccc
[07:17:16 467][libtiny.so 0x531518] [4811889a] 0x40531518: "csel x8, x10, x8, ne" nzcv=0x18060000000 x10=0x474f7ccc x8=0x437ca46c => x8=0x437ca46c
[07:17:16 467][libtiny.so 0x53151c] [0a048052] 0x4053151c: "movz w10, #0x20" w10=0x474f7ccc => w10=0x20
[07:17:16 467][libtiny.so 0x531520] [9f010071] 0x40531520: "cmp w12, #0" => nzcv=0x260000000 w12=0x0
[07:17:16 468][libtiny.so 0x531524] [0c018052] 0x40531524: "movz w12, #0x8" w12=0x0 => w12=0x8
[07:17:16 468][libtiny.so 0x531528] [2d1100b0] 0x40531528: "adrp x13, #0x40756000" => x13=0x40756000
[07:17:16 468][libtiny.so 0x53152c] [8a118a9a] 0x4053152c: "csel x10, x12, x10, ne" nzcv=0x18060000000 x12=0x8 x10=0x20 => x10=0x20
[07:17:16 468][libtiny.so 0x531530] [0c918652] 0x40531530: "movz w12, #0x3488" w12=0x8 => w12=0x3488
[07:17:16 468][libtiny.so 0x531534] [ad010191] 0x40531534: "add x13, x13, #0x40" x13=0x40756000 => x13=0x40756040
[07:17:16 469][libtiny.so 0x531538] [4c7ba072] 0x40531538: "movk w12, #0x3da, lsl #16" w12=0x3488 => w12=0x3da3488
[07:17:16 469][libtiny.so 0x53153c] [aa696af8] 0x4053153c: "ldr x10, [x13, x10]" ; mem[READ] abs=0x40756060 x13=0x40756040 x10=0x20 => x10=0x43537a38
[07:17:16 469][libtiny.so 0x531540] [cc010c0b] 0x40531540: "add w12, w14, w12" w14=0x40530eb8 w12=0x3da3488 => w12=0x442d4340
[07:17:16 469][libtiny.so 0x531544] [7f010071] 0x40531544: "cmp w11, #0" => nzcv=0x260000000 w11=0x0
[07:17:16 469][libtiny.so 0x531548] [8911891a] 0x40531548: "csel w9, w12, w9, ne" nzcv=0x18060000000 w12=0x442d4340 w9=0x407c3b44 => w9=0x407c3b44
[07:17:16 470][libtiny.so 0x53154c] [2901084b] 0x4053154c: "sub w9, w9, w8" w9=0x407c3b44 w8=0x437ca46c => w9=0xfcff96d8
[07:17:16 470][libtiny.so 0x531550] [49c1298b] 0x40531550: "add x9, x10, w9, sxtw" x10=0x43537a38 w9=0xfcff96d8 => x9=0x40531110
[07:17:16 470][libtiny.so 0x531554] [20011fd6] 0x40531554: "br x9" x9=0x40531110
[07:17:16 470][libtiny.so 0x531110] [69619292] 0x40531110: "movn x9, #0x930b" x9=0x40531110 => x9=0xffffffffffff6cf4
[07:17:16 470][libtiny.so 0x531114] [c99abff2] 0x40531114: "movk x9, #0xfcd6, lsl #16" x9=0xffffffffffff6cf4 => x9=0xfffffffffcd66cf4
[07:17:16 471][libtiny.so 0x531118] [0801098b] 0x40531118: "add x8, x8, x9" x8=0x437ca46c x9=0xfffffffffcd66cf4 => x8=0x40531160
[07:17:16 471][libtiny.so 0x53111c] [00011fd6] 0x4053111c: "br x8" x8=0x40531160
[07:17:16 471][libtiny.so 0x531160] [b58313f8] 0x40531160: "stur x21, [x29, #-0xc8]" ; mem[WRITE] abs=0xbfff9638 x21=0xbfffa308 x29=0xbfff9700 => x21=0xbfffa308
[07:17:16 471][libtiny.so 0x531164] [a98353f8] 0x40531164: "ldur x9, [x29, #-0xc8]" ; mem[READ] abs=0xbfff9638 x9=0xfffffffffcd66cf4 x29=0xbfff9700 => x9=0xbfffa308
[07:17:16 472][libtiny.so 0x531168] [88769152] 0x40531168: "movz w8, #0x8bb4" w8=0x40531160 => w8=0x8bb4
[07:17:16 472][libtiny.so 0x53116c] [0a000090] 0x4053116c: "adrp x10, #0x40531000" => x10=0x40531000
[07:17:16 472][libtiny.so 0x531170] [a87ba072] 0x40531170: "movk w8, #0x3dd, lsl #16" w8=0x8bb4 => w8=0x3dd8bb4
[07:17:16 472][libtiny.so 0x531174] [4a811c91] 0x40531174: "add x10, x10, #0x720" x10=0x40531000 => x10=0x40531720
[07:17:16 472][libtiny.so 0x531178] [eb4a40f9] 0x40531178: "ldr x11, [x23, #0x90]" ; mem[READ] abs=0x40756090 x23=0x40756000 => x11=0x441af00c
[07:17:16 472][libtiny.so 0x53117c] [4801088b] 0x4053117c: "add x8, x10, x8" x10=0x40531720 x8=0x3dd8bb4 => x8=0x4430a2d4
[07:17:16 473][libtiny.so 0x531180] [290140b9] 0x40531180: "ldr w9, [x9]" ; mem[READ] abs=0xbfffa308 x9=0xbfffa308 => w9=0x0
[07:17:16 473][libtiny.so 0x531184] [0c579652] 0x40531184: "movz w12, #0xb2b8" w12=0x442d4340 => w12=0xb2b8
[07:17:16 473][libtiny.so 0x531188] [4a01084b] 0x40531188: "sub w10, w10, w8" w10=0x40531720 w8=0x4430a2d4 => w10=0xfc22744c
[07:17:16 473][libtiny.so 0x53118c] [ac02a072] 0x4053118c: "movk w12, #0x15, lsl #16" w12=0xb2b8 => w12=0x15b2b8
[07:17:16 474][libtiny.so 0x531190] [4a010c0b] 0x40531190: "add w10, w10, w12" w10=0xfc22744c w12=0x15b2b8 => w10=0xfc382704
[07:17:16 474][libtiny.so 0x531194] [6ac12a8b] 0x40531194: "add x10, x11, w10, sxtw" x11=0x441af00c w10=0xfc382704 => x10=0x40531710
[07:17:16 474][libtiny.so 0x531198] [a90314b8] 0x40531198: "stur w9, [x29, #-0xc0]" ; mem[WRITE] abs=0xbfff9640 w9=0x0 x29=0xbfff9700 => w9=0x0
[07:17:16 474][libtiny.so 0x53119c] [40011fd6] 0x4053119c: "br x10" x10=0x40531710
[07:17:16 474][libtiny.so 0x531710] [69769192] 0x40531710: "movn x9, #0x8bb3" x9=0x0 => x9=0xffffffffffff744c
[07:17:16 474][libtiny.so 0x531714] [4984bff2] 0x40531714: "movk x9, #0xfc22, lsl #16" x9=0xffffffffffff744c => x9=0xfffffffffc22744c
[07:17:16 474][libtiny.so 0x531718] [0801098b] 0x40531718: "add x8, x8, x9" x8=0x4430a2d4 x9=0xfffffffffc22744c => x8=0x40531720
[07:17:16 474][libtiny.so 0x53171c] [00011fd6] 0x4053171c: "br x8" x8=0x40531720
[07:17:16 475][libtiny.so 0x531720] [a80354b8] 0x40531720: "ldur w8, [x29, #-0xc0]" ; mem[READ] abs=0xbfff9640 w8=0x40531720 x29=0xbfff9700 => w8=0x0
[07:17:16 475][libtiny.so 0x531724] [09088052] 0x40531724: "movz w9, #0x40" w9=0xfc22744c => w9=0x40
[07:17:16 475][libtiny.so 0x531728] [8ac28d52] 0x40531728: "movz w10, #0x6e14" w10=0x40531710 => w10=0x6e14
[07:17:16 475][libtiny.so 0x53172c] [ebfffff0] 0x4053172c: "adrp x11, #0x40530000" => x11=0x40530000
[07:17:16 475][libtiny.so 0x531730] [08150012] 0x40531730: "and w8, w8, #0x3f" w8=0x0 => w8=0x0
[07:17:16 476][libtiny.so 0x531734] [a84314b8] 0x40531734: "stur w8, [x29, #-0xbc]" ; mem[WRITE] abs=0xbfff9644 w8=0x0 x29=0xbfff9700 => w8=0x0
[07:17:16 476][libtiny.so 0x531738] [ac4354b8] 0x40531738: "ldur w12, [x29, #-0xbc]" ; mem[READ] abs=0xbfff9644 w12=0x15b2b8 x29=0xbfff9700 => w12=0x0
[07:17:16 476][libtiny.so 0x53173c] [8adfa072] 0x4053173c: "movk w10, #0x6fc, lsl #16" w10=0x6e14 => w10=0x6fc6e14
[07:17:16 476][libtiny.so 0x531740] [6b113691] 0x40531740: "add x11, x11, #0xd84" x11=0x40530000 => x11=0x40530d84
[07:17:16 476][libtiny.so 0x531744] [b30315b8] 0x40531744: "stur w19, [x29, #-0xb0]" ; mem[WRITE] abs=0xbfff9650 w19=0xad x29=0xbfff9700 => w19=0xad
[07:17:16 477][libtiny.so 0x531748] [29010ccb] 0x40531748: "sub x9, x9, x12" x9=0x40 x12=0x0 => x9=0x40
[07:17:16 477][libtiny.so 0x53174c] [a98314f8] 0x4053174c: "stur x9, [x29, #-0xb8]" ; mem[WRITE] abs=0xbfff9648 x9=0x40 x29=0xbfff9700 => x9=0x40
[07:17:16 477][libtiny.so 0x531750] [2c1100b0] 0x40531750: "adrp x12, #0x40756000" => x12=0x40756000
[07:17:16 477][libtiny.so 0x531754] [68010a8b] 0x40531754: "add x8, x11, x10" x11=0x40530d84 x10=0x6fc6e14 => x8=0x474f7b98
[07:17:16 477][libtiny.so 0x531758] [a90354b8] 0x40531758: "ldur w9, [x29, #-0xc0]" ; mem[READ] abs=0xbfff9640 w9=0x40 x29=0xbfff9700 => w9=0x0
[07:17:16 478][libtiny.so 0x53175c] [aa0355b8] 0x4053175c: "ldur w10, [x29, #-0xb0]" ; mem[READ] abs=0xbfff9650 w10=0x6fc6e14 x29=0xbfff9700 => w10=0xad
[07:17:16 478][libtiny.so 0x531760] [8c2540f9] 0x40531760: "ldr x12, [x12, #0x48]" ; mem[READ] abs=0x40756048 x12=0x40756000 => x12=0x43754884
[07:17:16 478][libtiny.so 0x531764] [0d918652] 0x40531764: "movz w13, #0x3488" w13=0x40756040 => w13=0x3488
[07:17:16 479][libtiny.so 0x531768] [4d7ba072] 0x40531768: "movk w13, #0x3da, lsl #16" w13=0x3488 => w13=0x3da3488
[07:17:16 479][libtiny.so 0x53176c] [6b01084b] 0x4053176c: "sub w11, w11, w8" w11=0x40530d84 w8=0x474f7b98 => w11=0xf90391ec
[07:17:16 479][libtiny.so 0x531770] [6b010d0b] 0x40531770: "add w11, w11, w13" w11=0xf90391ec w13=0x3da3488 => w11=0xfcddc674
[07:17:16 479][libtiny.so 0x531774] [29010a0b] 0x40531774: "add w9, w9, w10" w9=0x0 w10=0xad => w9=0xad
[07:17:16 479][libtiny.so 0x531778] [8ac12b8b] 0x40531778: "add x10, x12, w11, sxtw" x12=0x43754884 w11=0xfcddc674 => x10=0x40530ef8
[07:17:16 480][libtiny.so 0x53177c] [a94315b8] 0x4053177c: "stur w9, [x29, #-0xac]" ; mem[WRITE] abs=0xbfff9654 w9=0xad x29=0xbfff9700 => w9=0xad
[07:17:16 480][libtiny.so 0x531780] [40011fd6] 0x40531780: "br x10" x10=0x40530ef8
[07:17:16 480][libtiny.so 0x530ef8] [892240f9] 0x40530ef8: "ldr x9, [x20, #0x40]" ; mem[READ] abs=0x40756040 x20=0x40756000 => x9=0x4422f7a8
[07:17:16 480][libtiny.so 0x530efc] [eb5a9d92] 0x40530efc: "movn x11, #0xead7" x11=0xfcddc674 => x11=0xffffffffffff1528
[07:17:16 481][libtiny.so 0x530f00] [ea919392] 0x40530f00: "movn x10, #0x9c8f" x10=0x40530ef8 => x10=0xffffffffffff6370
[07:17:16 482][libtiny.so 0x530f04] [0b86bff2] 0x40530f04: "movk x11, #0xfc30, lsl #16" x11=0xffffffffffff1528 => x11=0xfffffffffc301528
[07:17:16 482][libtiny.so 0x530f08] [aa88bff2] 0x40530f08: "movk x10, #0xfc45, lsl #16" x10=0xffffffffffff6370 => x10=0xfffffffffc456370
[07:17:16 482][libtiny.so 0x530f0c] [29010b8b] 0x40530f0c: "add x9, x9, x11" x9=0x4422f7a8 x11=0xfffffffffc301528 => x9=0x40530cd0
[07:17:16 482][libtiny.so 0x530f10] [08010a8b] 0x40530f10: "add x8, x8, x10" x8=0x474f7b98 x10=0xfffffffffc456370 => x8=0x4394df08
[07:17:16 482][libtiny.so 0x530f14] [20011fd6] 0x40530f14: "br x9" x9=0x40530cd0
[07:17:16 483][libtiny.so 0x530cd0] [69309a92] 0x40530cd0: "movn x9, #0xd183" x9=0x40530cd0 => x9=0xffffffffffff2e7c
[07:17:16 483][libtiny.so 0x530cd4] [c997bff2] 0x40530cd4: "movk x9, #0xfcbe, lsl #16" x9=0xffffffffffff2e7c => x9=0xfffffffffcbe2e7c
[07:17:16 483][libtiny.so 0x530cd8] [0801098b] 0x40530cd8: "add x8, x8, x9" x8=0x4394df08 x9=0xfffffffffcbe2e7c => x8=0x40530d84
[07:17:16 483][libtiny.so 0x530cdc] [00011fd6] 0x40530cdc: "br x8" x8=0x40530d84
[07:17:16 483][libtiny.so 0x530d84] [a88353f8] 0x40530d84: "ldur x8, [x29, #-0xc8]" ; mem[READ] abs=0xbfff9638 x8=0x40530d84 x29=0xbfff9700 => x8=0xbfffa308
[07:17:16 484][libtiny.so 0x530d88] [a94355b8] 0x40530d88: "ldur w9, [x29, #-0xac]" ; mem[READ] abs=0xbfff9654 w9=0xfcbe2e7c x29=0xbfff9700 => w9=0xad
[07:17:16 484][libtiny.so 0x530d8c] [0a9a9852] 0x40530d8c: "movz w10, #0xc4d0" w10=0xfc456370 => w10=0xc4d0
[07:17:16 484][libtiny.so 0x530d90] [0b0000b0] 0x40530d90: "adrp x11, #0x40531000" => x11=0x40531000
[07:17:16 484][libtiny.so 0x530d94] [4ae9a072] 0x40530d94: "movk w10, #0x74a, lsl #16" w10=0xc4d0 => w10=0x74ac4d0
[07:17:16 484][libtiny.so 0x530d98] [6ba12091] 0x40530d98: "add x11, x11, #0x828" x11=0x40531000 => x11=0x40531828
[07:17:16 485][libtiny.so 0x530d9c] [090100b9] 0x40530d9c: "str w9, [x8]" ; mem[WRITE] abs=0xbfffa308 w9=0xad x8=0xbfffa308 => w9=0xad
[07:17:16 485][libtiny.so 0x530da0] [281100d0] 0x40530da0: "adrp x8, #0x40756000" => x8=0x40756000
[07:17:16 485][libtiny.so 0x530da4] [094d40f9] 0x40530da4: "ldr x9, [x8, #0x98]" ; mem[READ] abs=0x40756098 x8=0x40756000 => x9=0x4359d0d0
[07:17:16 485][libtiny.so 0x530da8] [68010a8b] 0x40530da8: "add x8, x11, x10" x11=0x40531828 x10=0x74ac4d0 => x8=0x479ddcf8
[07:17:16 485][libtiny.so 0x530dac] [6a01084b] 0x40530dac: "sub w10, w11, w8" w11=0x40531828 w8=0x479ddcf8 => w10=0xf8b53b30
[07:17:16 485][libtiny.so 0x530db0] [8b708152] 0x40530db0: "movz w11, #0xb84" w11=0x40531828 => w11=0xb84
[07:17:16 486][libtiny.so 0x530db4] [8b88a072] 0x40530db4: "movk w11, #0x444, lsl #16" w11=0xb84 => w11=0x4440b84
[07:17:16 486][libtiny.so 0x530db8] [4a010b0b] 0x40530db8: "add w10, w10, w11" w10=0xf8b53b30 w11=0x4440b84 => w10=0xfcf946b4
[07:17:16 486][libtiny.so 0x530dbc] [29c12a8b] 0x40530dbc: "add x9, x9, w10, sxtw" x9=0x4359d0d0 w10=0xfcf946b4 => x9=0x40531784
[07:17:16 486][libtiny.so 0x530dc0] [20011fd6] 0x40530dc0: "br x9" x9=0x40531784
[07:17:16 486][libtiny.so 0x531784] [e94a40f9] 0x40531784: "ldr x9, [x23, #0x90]" ; mem[READ] abs=0x40756090 x23=0x40756000 => x9=0x441af00c
[07:17:16 486][libtiny.so 0x531788] [6b1f9b92] 0x40531788: "movn x11, #0xd8fb" x11=0x4440b84 => x11=0xffffffffffff2704
[07:17:16 486][libtiny.so 0x53178c] [6a238792] 0x4053178c: "movn x10, #0x391b" x10=0xfcf946b4 => x10=0xffffffffffffc6e4
[07:17:16 486][libtiny.so 0x531790] [0b87bff2] 0x40531790: "movk x11, #0xfc38, lsl #16" x11=0xffffffffffff2704 => x11=0xfffffffffc382704
[07:17:16 486][libtiny.so 0x531794] [4a92bff2] 0x40531794: "movk x10, #0xfc92, lsl #16" x10=0xffffffffffffc6e4 => x10=0xfffffffffc92c6e4
[07:17:16 486][libtiny.so 0x531798] [29010b8b] 0x40531798: "add x9, x9, x11" x9=0x441af00c x11=0xfffffffffc382704 => x9=0x40531710
[07:17:16 486][libtiny.so 0x53179c] [08010a8b] 0x4053179c: "add x8, x8, x10" x8=0x479ddcf8 x10=0xfffffffffc92c6e4 => x8=0x4430a3dc
[07:17:16 486][libtiny.so 0x5317a0] [20011fd6] 0x405317a0: "br x9" x9=0x40531710
[07:17:16 486][libtiny.so 0x531710] [69769192] 0x40531710: "movn x9, #0x8bb3" x9=0x40531710 => x9=0xffffffffffff744c
[07:17:16 486][libtiny.so 0x531714] [4984bff2] 0x40531714: "movk x9, #0xfc22, lsl #16" x9=0xffffffffffff744c => x9=0xfffffffffc22744c
[07:17:16 486][libtiny.so 0x531718] [0801098b] 0x40531718: "add x8, x8, x9" x8=0x4430a3dc x9=0xfffffffffc22744c => x8=0x40531828
[07:17:16 486][libtiny.so 0x53171c] [00011fd6] 0x4053171c: "br x8" x8=0x40531828
[07:17:16 487][libtiny.so 0x531828] [a80355b8] 0x40531828: "ldur w8, [x29, #-0xb0]" ; mem[READ] abs=0xbfff9650 w8=0x40531828 x29=0xbfff9700 => w8=0xad
[07:17:16 487][libtiny.so 0x53182c] [a94355b8] 0x4053182c: "ldur w9, [x29, #-0xac]" ; mem[READ] abs=0xbfff9654 w9=0xfc22744c x29=0xbfff9700 => w9=0xad
[07:17:16 487][libtiny.so 0x531830] [8aa28352] 0x40531830: "movz w10, #0x1d14" w10=0xfc92c6e4 => w10=0x1d14
[07:17:16 487][libtiny.so 0x531834] [0b6e9552] 0x40531834: "movz w11, #0xab70" w11=0xfc382704 => w11=0xab70
[07:17:16 487][libtiny.so 0x531838] [ecfffff0] 0x40531838: "adrp x12, #0x40530000" => x12=0x40530000
[07:17:16 488][libtiny.so 0x53183c] [0e000090] 0x4053183c: "adrp x14, #0x40531000" => x14=0x40531000
[07:17:16 488][libtiny.so 0x531840] [4afba072] 0x40531840: "movk w10, #0x7da, lsl #16" w10=0x1d14 => w10=0x7da1d14
[07:17:16 488][libtiny.so 0x531844] [eb75a072] 0x40531844: "movk w11, #0x3af, lsl #16" w11=0xab70 => w11=0x3afab70
[07:17:16 488][libtiny.so 0x531848] [8c613c91] 0x40531848: "add x12, x12, #0xf18" x12=0x40530000 => x12=0x40530f18
[07:17:16 488][libtiny.so 0x53184c] [ce611591] 0x4053184c: "add x14, x14, #0x558" x14=0x40531000 => x14=0x40531558
[07:17:16 488][libtiny.so 0x531850] [3f01086b] 0x40531850: "cmp w9, w8" w8=0xad => nzcv=0x260000000 w9=0xad
[07:17:16 489][libtiny.so 0x531854] [09078052] 0x40531854: "movz w9, #0x38" w9=0xad => w9=0x38
[07:17:16 489][libtiny.so 0x531858] [0d028052] 0x40531858: "movz w13, #0x10" w13=0x3da3488 => w13=0x10
[07:17:16 489][libtiny.so 0x53185c] [c8010a8b] 0x4053185c: "add x8, x14, x10" x14=0x40531558 x10=0x7da1d14 => x8=0x482d326c
[07:17:16 489][libtiny.so 0x531860] [8a010b8b] 0x40531860: "add x10, x12, x11" x12=0x40530f18 x11=0x3afab70 => x10=0x4402ba88
[07:17:16 490][libtiny.so 0x531864] [2b1100b0] 0x40531864: "adrp x11, #0x40756000" => x11=0x40756000
[07:17:16 490][libtiny.so 0x531868] [a931899a] 0x40531868: "csel x9, x13, x9, lo" nzcv=0x18060000000 x13=0x10 x9=0x38 => x9=0x38
[07:17:16 490][libtiny.so 0x53186c] [6b010191] 0x4053186c: "add x11, x11, #0x40" x11=0x40756000 => x11=0x40756040
[07:17:16 490][libtiny.so 0x531870] [4831889a] 0x40531870: "csel x8, x10, x8, lo" nzcv=0x18060000000 x10=0x4402ba88 x8=0x482d326c => x8=0x482d326c
[07:17:16 490][libtiny.so 0x531874] [0ad88f52] 0x40531874: "movz w10, #0x7ec0" w10=0x4402ba88 => w10=0x7ec0
[07:17:16 491][libtiny.so 0x531878] [696969f8] 0x40531878: "ldr x9, [x11, x9]" ; mem[READ] abs=0x40756078 x11=0x40756040 x9=0x38 => x9=0x440eb414
[07:17:16 491][libtiny.so 0x53187c] [8b479352] 0x4053187c: "movz w11, #0x9a3c" w11=0x40756040 => w11=0x9a3c
[07:17:16 491][libtiny.so 0x531880] [ca83a072] 0x40531880: "movk w10, #0x41e, lsl #16" w10=0x7ec0 => w10=0x41e7ec0
[07:17:16 491][libtiny.so 0x531884] [cbfbbf72] 0x40531884: "movk w11, #0xffde, lsl #16" w11=0x9a3c => w11=0xffde9a3c
[07:17:16 491][libtiny.so 0x531888] [ca010a0b] 0x40531888: "add w10, w14, w10" w14=0x40531558 w10=0x41e7ec0 => w10=0x44719418
[07:17:16 492][libtiny.so 0x53188c] [8b010b0b] 0x4053188c: "add w11, w12, w11" w12=0x40530f18 w11=0xffde9a3c => w11=0x4031a954
[07:17:16 492][libtiny.so 0x531890] [6a318a1a] 0x40531890: "csel w10, w11, w10, lo" nzcv=0x18060000000 w11=0x4031a954 w10=0x44719418 => w10=0x44719418
[07:17:16 492][libtiny.so 0x531894] [4a01084b] 0x40531894: "sub w10, w10, w8" w10=0x44719418 w8=0x482d326c => w10=0xfc4461ac
[07:17:16 492][libtiny.so 0x531898] [29c12a8b] 0x40531898: "add x9, x9, w10, sxtw" x9=0x440eb414 w10=0xfc4461ac => x9=0x405315c0
[07:17:16 492][libtiny.so 0x53189c] [20011fd6] 0x4053189c: "br x9" x9=0x405315c0
[07:17:16 492][libtiny.so 0x5315c0] [093b40f9] 0x405315c0: "ldr x9, [x24, #0x70]" ; mem[READ] abs=0x40756070 x24=0x40756000 => x9=0x436f5148
[07:17:16 492][libtiny.so 0x5315c4] [ea4d9292] 0x405315c4: "movn x10, #0x926f" x10=0xfc4461ac => x10=0xffffffffffff6d90
[07:17:16 492][libtiny.so 0x5315c8] [ea83bff2] 0x405315c8: "movk x10, #0xfc1f, lsl #16" x10=0xffffffffffff6d90 => x10=0xfffffffffc1f6d90
[07:17:16 492][libtiny.so 0x5315cc] [08010a8b] 0x405315cc: "add x8, x8, x10" x8=0x482d326c x10=0xfffffffffc1f6d90 => x8=0x444c9ffc
[07:17:16 492][libtiny.so 0x5315d0] [2901198b] 0x405315d0: "add x9, x9, x25" x9=0x436f5148 x25=0xfffffffffce3c1a8 => x9=0x405312f0
[07:17:16 492][libtiny.so 0x5315d4] [20011fd6] 0x405315d4: "br x9" x9=0x405312f0
[07:17:16 492][libtiny.so 0x5312f0] [69549192] 0x405312f0: "movn x9, #0x8aa3" x9=0x405312f0 => x9=0xffffffffffff755c
[07:17:16 492][libtiny.so 0x5312f4] [c980bff2] 0x405312f4: "movk x9, #0xfc06, lsl #16" x9=0xffffffffffff755c => x9=0xfffffffffc06755c
[07:17:16 492][libtiny.so 0x5312f8] [0801098b] 0x405312f8: "add x8, x8, x9" x8=0x444c9ffc x9=0xfffffffffc06755c => x8=0x40531558
[07:17:16 492][libtiny.so 0x5312fc] [00011fd6] 0x405312fc: "br x8" x8=0x40531558
[07:17:16 493][libtiny.so 0x531558] [a94354b8] 0x40531558: "ldur w9, [x29, #-0xbc]" ; mem[READ] abs=0xbfff9644 w9=0xfc06755c x29=0xbfff9700 => w9=0x0
[07:17:16 493][libtiny.so 0x53155c] [281100b0] 0x4053155c: "adrp x8, #0x40756000" => x8=0x40756000
[07:17:16 493][libtiny.so 0x531560] [8a308a52] 0x40531560: "movz w10, #0x5184" w10=0xfc1f6d90 => w10=0x5184
[07:17:16 493][libtiny.so 0x531564] [0b000090] 0x40531564: "adrp x11, #0x40531000" => x11=0x40531000
[07:17:16 494][libtiny.so 0x531568] [4acba072] 0x40531568: "movk w10, #0x65a, lsl #16" w10=0x5184 => w10=0x65a5184
[07:17:16 494][libtiny.so 0x53156c] [6bd12591] 0x4053156c: "add x11, x11, #0x974" x11=0x40531000 => x11=0x40531974
[07:17:16 494][libtiny.so 0x531570] [0d5540f9] 0x40531570: "ldr x13, [x8, #0xa8]" ; mem[READ] abs=0x407560a8 x8=0x40756000 => x13=0x435569c4
[07:17:16 494][libtiny.so 0x531574] [8cab9f52] 0x40531574: "movz w12, #0xfd5c" w12=0x40530f18 => w12=0xfd5c
[07:17:16 494][libtiny.so 0x531578] [68010a8b] 0x40531578: "add x8, x11, x10" x11=0x40531974 x10=0x65a5184 => x8=0x46ad6af8
[07:17:16 495][libtiny.so 0x53157c] [ec6aa072] 0x4053157c: "movk w12, #0x357, lsl #16" w12=0xfd5c => w12=0x357fd5c
[07:17:16 495][libtiny.so 0x531580] [6a01084b] 0x40531580: "sub w10, w11, w8" w11=0x40531974 w8=0x46ad6af8 => w10=0xf9a5ae7c
[07:17:16 495][libtiny.so 0x531584] [4a010c0b] 0x40531584: "add w10, w10, w12" w10=0xf9a5ae7c w12=0x357fd5c => w10=0xfcfdabd8
[07:17:16 495][libtiny.so 0x531588] [3f010071] 0x40531588: "cmp w9, #0" => nzcv=0x260000000 w9=0x0
[07:17:16 495][libtiny.so 0x53158c] [e9179f1a] 0x4053158c: "cset w9, eq" nzcv=0x18060000000 => w9=0x1
[07:17:16 496][libtiny.so 0x531590] [aac12a8b] 0x40531590: "add x10, x13, w10, sxtw" x13=0x435569c4 w10=0xfcfdabd8 => x10=0x4053159c
[07:17:16 496][libtiny.so 0x531594] [a9e31638] 0x40531594: "sturb w9, [x29, #-0x92]" ; mem[WRITE] abs=0xbfff966e w9=0x1 x29=0xbfff9700 => w9=0x1
[07:17:16 496][libtiny.so 0x531598] [40011fd6] 0x40531598: "br x10" x10=0x4053159c
[07:17:16 496][libtiny.so 0x53159c] [291100b0] 0x4053159c: "adrp x9, #0x40756000" => x9=0x40756000
[07:17:16 496][libtiny.so 0x5315a0] [295140f9] 0x405315a0: "ldr x9, [x9, #0xa0]" ; mem[READ] abs=0x407560a0 x9=0x40756000 => x9=0x440f9fe4
[07:17:16 497][libtiny.so 0x5315a4] [6bd79092] 0x405315a4: "movn x11, #0x86bb" x11=0x40531974 => x11=0xffffffffffff7944
[07:17:16 497][libtiny.so 0x5315a8] [6a7d8a92] 0x405315a8: "movn x10, #0x53eb" x10=0x4053159c => x10=0xffffffffffffac14
[07:17:16 497][libtiny.so 0x5315ac] [6b88bff2] 0x405315ac: "movk x11, #0xfc43, lsl #16" x11=0xffffffffffff7944 => x11=0xfffffffffc437944
[07:17:16 497][libtiny.so 0x5315b0] [6a9ebff2] 0x405315b0: "movk x10, #0xfcf3, lsl #16" x10=0xffffffffffffac14 => x10=0xfffffffffcf3ac14
[07:17:16 497][libtiny.so 0x5315b4] [29010b8b] 0x405315b4: "add x9, x9, x11" x9=0x440f9fe4 x11=0xfffffffffc437944 => x9=0x40531928
[07:17:16 497][libtiny.so 0x5315b8] [08010a8b] 0x405315b8: "add x8, x8, x10" x8=0x46ad6af8 x10=0xfffffffffcf3ac14 => x8=0x43a1170c
[07:17:16 498][libtiny.so 0x5315bc] [20011fd6] 0x405315bc: "br x9" x9=0x40531928
[07:17:16 498][libtiny.so 0x531928] [e9b29f92] 0x40531928: "movn x9, #0xfd97" x9=0x40531928 => x9=0xffffffffffff0268
[07:17:16 498][libtiny.so 0x53192c] [4996bff2] 0x4053192c: "movk x9, #0xfcb2, lsl #16" x9=0xffffffffffff0268 => x9=0xfffffffffcb20268
[07:17:16 498][libtiny.so 0x531930] [0801098b] 0x40531930: "add x8, x8, x9" x8=0x43a1170c x9=0xfffffffffcb20268 => x8=0x40531974
[07:17:16 498][libtiny.so 0x531934] [00011fd6] 0x40531934: "br x8" x8=0x40531974
[07:17:16 498][libtiny.so 0x531974] [ab4300d1] 0x40531974: "sub x11, x29, #0x10" x29=0xbfff9700 => x11=0xbfff96f0
[07:17:16 499][libtiny.so 0x531978] [a80350f8] 0x40531978: "ldur x8, [x29, #-0x100]" ; mem[READ] abs=0xbfff9600 x8=0x40531974 x29=0xbfff9700 => x8=0xbfff95d0
[07:17:16 499][libtiny.so 0x53197c] [6b0150f8] 0x4053197c: "ldur x11, [x11, #-0x100]" ; mem[READ] abs=0xbfff95f0 x11=0xbfff96f0 => x11=0x40b30240
[07:17:16 499][libtiny.so 0x531980] [096e9552] 0x40531980: "movz w9, #0xab70" w9=0xfcb20268 => w9=0xab70
[07:17:16 499][libtiny.so 0x531984] [eafffff0] 0x40531984: "adrp x10, #0x40530000" => x10=0x40530000
[07:17:16 499][libtiny.so 0x531988] [e975a072] 0x40531988: "movk w9, #0x3af, lsl #16" w9=0xab70 => w9=0x3afab70
[07:17:16 499][libtiny.so 0x53198c] [4ac13e91] 0x4053198c: "add x10, x10, #0xfb0" x10=0x40530000 => x10=0x40530fb0
[07:17:16 500][libtiny.so 0x531990] [0b0100f9] 0x40531990: "str x11, [x8]" ; mem[WRITE] abs=0xbfff95d0 x11=0x40b30240 x8=0xbfff95d0 => x11=0x40b30240
[07:17:16 500][libtiny.so 0x531994] [4b2b40f9] 0x40531994: "ldr x11, [x26, #0x50]" ; mem[READ] abs=0x40756050 x26=0x40756000 => x11=0x44242094
[07:17:16 500][libtiny.so 0x531998] [4801098b] 0x40531998: "add x8, x10, x9" x10=0x40530fb0 x9=0x3afab70 => x8=0x4402bb20
[07:17:16 500][libtiny.so 0x53199c] [4901084b] 0x4053199c: "sub w9, w10, w8" w10=0x40530fb0 w8=0x4402bb20 => w9=0xfc505490
[07:17:16 500][libtiny.so 0x5319a0] [8a479352] 0x405319a0: "movz w10, #0x9a3c" w10=0x40530fb0 => w10=0x9a3c
[07:17:16 501][libtiny.so 0x5319a4] [cafbbf72] 0x405319a4: "movk w10, #0xffde, lsl #16" w10=0x9a3c => w10=0xffde9a3c
[07:17:16 501][libtiny.so 0x5319a8] [29010a0b] 0x405319a8: "add w9, w9, w10" w9=0xfc505490 w10=0xffde9a3c => w9=0xfc2eeecc
[07:17:16 501][libtiny.so 0x5319ac] [69c1298b] 0x405319ac: "add x9, x11, w9, sxtw" x11=0x44242094 w9=0xfc2eeecc => x9=0x40530f60
[07:17:16 501][libtiny.so 0x5319b0] [20011fd6] 0x405319b0: "br x9" x9=0x40530f60
[07:17:16 501][libtiny.so 0x530f60] [e96d9592] 0x40530f60: "movn x9, #0xab6f" x9=0x40530f60 => x9=0xffffffffffff5490
[07:17:16 501][libtiny.so 0x530f64] [098abff2] 0x40530f64: "movk x9, #0xfc50, lsl #16" x9=0xffffffffffff5490 => x9=0xfffffffffc505490
[07:17:16 502][libtiny.so 0x530f68] [0801098b] 0x40530f68: "add x8, x8, x9" x8=0x4402bb20 x9=0xfffffffffc505490 => x8=0x40530fb0
[07:17:16 502][libtiny.so 0x530f6c] [00011fd6] 0x40530f6c: "br x8" x8=0x40530fb0
[07:17:16 502][libtiny.so 0x530fb0] [a88350f8] 0x40530fb0: "ldur x8, [x29, #-0xf8]" ; mem[READ] abs=0xbfff9608 x8=0x40530fb0 x29=0xbfff9700 => x8=0xbfff95c0
[07:17:16 502][libtiny.so 0x530fb4] [89549152] 0x40530fb4: "movz w9, #0x8aa4" w9=0xfc505490 => w9=0x8aa4
[07:17:16 502][libtiny.so 0x530fb8] [0a0000b0] 0x40530fb8: "adrp x10, #0x40531000" => x10=0x40531000
[07:17:16 502][libtiny.so 0x530fbc] [297fa072] 0x40530fbc: "movk w9, #0x3f9, lsl #16" w9=0x8aa4 => w9=0x3f98aa4
[07:17:16 503][libtiny.so 0x530fc0] [130100f9] 0x40530fc0: "str x19, [x8]" ; mem[WRITE] abs=0xbfff95c0 x19=0xad x8=0xbfff95c0 => x19=0xad
[07:17:16 503][libtiny.so 0x530fc4] [a80351f8] 0x40530fc4: "ldur x8, [x29, #-0xf0]" ; mem[READ] abs=0xbfff9610 x8=0xbfff95c0 x29=0xbfff9700 => x8=0xbfff95b0
[07:17:16 503][libtiny.so 0x530fc8] [4a010c91] 0x40530fc8: "add x10, x10, #0x300" x10=0x40531000 => x10=0x40531300
[07:17:16 503][libtiny.so 0x530fcc] [1f0100b9] 0x40530fcc: "str wzr, [x8]" ; mem[WRITE] abs=0xbfff95b0 x8=0xbfff95b0
[07:17:16 503][libtiny.so 0x530fd0] [0b3b40f9] 0x40530fd0: "ldr x11, [x24, #0x70]" ; mem[READ] abs=0x40756070 x24=0x40756000 => x11=0x436f5148
[07:17:16 503][libtiny.so 0x530fd4] [4801098b] 0x40530fd4: "add x8, x10, x9" x10=0x40531300 x9=0x3f98aa4 => x8=0x444c9da4
[07:17:16 504][libtiny.so 0x530fd8] [4901084b] 0x40530fd8: "sub w9, w10, w8" w10=0x40531300 w8=0x444c9da4 => w9=0xfc06755c
[07:17:16 504][libtiny.so 0x530fdc] [8a898952] 0x40530fdc: "movz w10, #0x4c4c" w10=0x40531300 => w10=0x4c4c
[07:17:16 504][libtiny.so 0x530fe0] [aa1ba072] 0x40530fe0: "movk w10, #0xdd, lsl #16" w10=0x4c4c => w10=0xdd4c4c
[07:17:16 504][libtiny.so 0x530fe4] [29010a0b] 0x40530fe4: "add w9, w9, w10" w9=0xfc06755c w10=0xdd4c4c => w9=0xfce3c1a8
[07:17:16 504][libtiny.so 0x530fe8] [69c1298b] 0x40530fe8: "add x9, x11, w9, sxtw" x11=0x436f5148 w9=0xfce3c1a8 => x9=0x405312f0
[07:17:16 504][libtiny.so 0x530fec] [20011fd6] 0x40530fec: "br x9" x9=0x405312f0
[07:17:16 504][libtiny.so 0x5312f0] [69549192] 0x405312f0: "movn x9, #0x8aa3" x9=0x405312f0 => x9=0xffffffffffff755c
[07:17:16 504][libtiny.so 0x5312f4] [c980bff2] 0x405312f4: "movk x9, #0xfc06, lsl #16" x9=0xffffffffffff755c => x9=0xfffffffffc06755c
[07:17:16 504][libtiny.so 0x5312f8] [0801098b] 0x405312f8: "add x8, x8, x9" x8=0x444c9da4 x9=0xfffffffffc06755c => x8=0x40531300
[07:17:16 504][libtiny.so 0x5312fc] [00011fd6] 0x405312fc: "br x8" x8=0x40531300
[07:17:16 505][libtiny.so 0x531300] [89619252] 0x40531300: "movz w9, #0x930c" w9=0xfc06755c => w9=0x930c
[07:17:16 505][libtiny.so 0x531304] [0a000090] 0x40531304: "adrp x10, #0x40531000" => x10=0x40531000
[07:17:16 505][libtiny.so 0x531308] [8c3c8552] 0x40531308: "movz w12, #0x29e4" w12=0x357fd5c => w12=0x29e4
[07:17:16 505][libtiny.so 0x53130c] [a8e35638] 0x4053130c: "ldurb w8, [x29, #-0x92]" ; mem[READ] abs=0xbfff966e w8=0x40531300 x29=0xbfff9700 => w8=0x1
[07:17:16 505][libtiny.so 0x531310] [2965a072] 0x40531310: "movk w9, #0x329, lsl #16" w9=0x930c => w9=0x329930c
[07:17:16 506][libtiny.so 0x531314] [4a810491] 0x40531314: "add x10, x10, #0x120" x10=0x40531000 => x10=0x40531120
[07:17:16 506][libtiny.so 0x531318] [2c05a072] 0x40531318: "movk w12, #0x29, lsl #16" w12=0x29e4 => w12=0x2929e4
[07:17:16 506][libtiny.so 0x53131c] [4901098b] 0x4053131c: "add x9, x10, x9" x10=0x40531120 x9=0x329930c => x9=0x437ca42c
[07:17:16 506][libtiny.so 0x531320] [4a010c0b] 0x40531320: "add w10, w10, w12" w10=0x40531120 w12=0x2929e4 => w10=0x407c3b04
[07:17:16 506][libtiny.so 0x531324] [ace35638] 0x40531324: "ldurb w12, [x29, #-0x92]" ; mem[READ] abs=0xbfff966e w12=0x2929e4 x29=0xbfff9700 => w12=0x1
[07:17:16 506][libtiny.so 0x531328] [ade35638] 0x40531328: "ldurb w13, [x29, #-0x92]" ; mem[READ] abs=0xbfff966e w13=0x435569c4 x29=0xbfff9700 => w13=0x1
[07:17:16 506][libtiny.so 0x53132c] [8b769152] 0x4053132c: "movz w11, #0x8bb4" w11=0x436f5148 => w11=0x8bb4
[07:17:16 507][libtiny.so 0x531330] [0e000090] 0x40531330: "adrp x14, #0x40531000" => x14=0x40531000
[07:17:16 507][libtiny.so 0x531334] [ab7ba072] 0x40531334: "movk w11, #0x3dd, lsl #16" w11=0x8bb4 => w11=0x3dd8bb4
[07:17:16 507][libtiny.so 0x531338] [ce412391] 0x40531338: "add x14, x14, #0x8d0" x14=0x40531000 => x14=0x405318d0
[07:17:16 507][libtiny.so 0x53133c] [1f010071] 0x4053133c: "cmp w8, #0" => nzcv=0x220000000 w8=0x1
[07:17:16 507][libtiny.so 0x531340] [c8010b8b] 0x40531340: "add x8, x14, x11" x14=0x405318d0 x11=0x3dd8bb4 => x8=0x4430a484
[07:17:16 507][libtiny.so 0x531344] [0811899a] 0x40531344: "csel x8, x8, x9, ne" nzcv=0x18020000000 x8=0x4430a484 x9=0x437ca42c => x8=0x4430a484
[07:17:16 508][libtiny.so 0x531348] [09048052] 0x40531348: "movz w9, #0x20" w9=0x437ca42c => w9=0x20
[07:17:16 508][libtiny.so 0x53134c] [bf010071] 0x4053134c: "cmp w13, #0" => nzcv=0x220000000 w13=0x1
[07:17:16 508][libtiny.so 0x531350] [0b0a8052] 0x40531350: "movz w11, #0x50" w11=0x3dd8bb4 => w11=0x50
[07:17:16 508][libtiny.so 0x531354] [2d1100b0] 0x40531354: "adrp x13, #0x40756000" => x13=0x40756000
[07:17:16 508][libtiny.so 0x531358] [6911899a] 0x40531358: "csel x9, x11, x9, ne" nzcv=0x18020000000 x11=0x50 x9=0x20 => x9=0x50
[07:17:16 539][libtiny.so 0x53135c] [0b579652] 0x4053135c: "movz w11, #0xb2b8" w11=0x50 => w11=0xb2b8
[07:17:16 540][libtiny.so 0x531360] [ad010191] 0x40531360: "add x13, x13, #0x40" x13=0x40756000 => x13=0x40756040
[07:17:16 540][libtiny.so 0x531364] [ab02a072] 0x40531364: "movk w11, #0x15, lsl #16" w11=0xb2b8 => w11=0x15b2b8
[07:17:16 541][libtiny.so 0x531368] [a96969f8] 0x40531368: "ldr x9, [x13, x9]" ; mem[READ] abs=0x40756090 x13=0x40756040 x9=0x50 => x9=0x441af00c
[07:17:16 541][libtiny.so 0x53136c] [cb010b0b] 0x4053136c: "add w11, w14, w11" w14=0x405318d0 w11=0x15b2b8 => w11=0x4068cb88
[07:17:16 542][libtiny.so 0x531370] [9f010071] 0x40531370: "cmp w12, #0" => nzcv=0x220000000 w12=0x1
[07:17:16 542][libtiny.so 0x531374] [6a118a1a] 0x40531374: "csel w10, w11, w10, ne" nzcv=0x18020000000 w11=0x4068cb88 w10=0x407c3b04 => w10=0x4068cb88
[07:17:16 542][libtiny.so 0x531378] [4a01084b] 0x40531378: "sub w10, w10, w8" w10=0x4068cb88 w8=0x4430a484 => w10=0xfc382704
[07:17:16 543][libtiny.so 0x53137c] [29c12a8b] 0x4053137c: "add x9, x9, w10, sxtw" x9=0x441af00c w10=0xfc382704 => x9=0x40531710
[07:17:16 543][libtiny.so 0x531380] [20011fd6] 0x40531380: "br x9" x9=0x40531710
[07:17:16 543][libtiny.so 0x531710] [69769192] 0x40531710: "movn x9, #0x8bb3" x9=0x40531710 => x9=0xffffffffffff744c
[07:17:16 543][libtiny.so 0x531714] [4984bff2] 0x40531714: "movk x9, #0xfc22, lsl #16" x9=0xffffffffffff744c => x9=0xfffffffffc22744c
[07:17:16 543][libtiny.so 0x531718] [0801098b] 0x40531718: "add x8, x8, x9" x8=0x4430a484 x9=0xfffffffffc22744c => x8=0x405318d0
[07:17:16 543][libtiny.so 0x53171c] [00011fd6] 0x4053171c: "br x8" x8=0x405318d0
[07:17:16 544][libtiny.so 0x5318d0] [a80351f8] 0x405318d0: "ldur x8, [x29, #-0xf0]" ; mem[READ] abs=0xbfff9610 x8=0x405318d0 x29=0xbfff9700 => x8=0xbfff95b0
[07:17:16 544][libtiny.so 0x5318d4] [09b39f52] 0x405318d4: "movz w9, #0xfd98" w9=0xfc22744c => w9=0xfd98
[07:17:16 544][libtiny.so 0x5318d8] [0b000090] 0x405318d8: "adrp x11, #0x40531000" => x11=0x40531000
[07:17:16 544][libtiny.so 0x5318dc] [a969a072] 0x405318dc: "movk w9, #0x34d, lsl #16" w9=0xfd98 => w9=0x34dfd98
[07:17:16 545][libtiny.so 0x5318e0] [080140b9] 0x405318e0: "ldr w8, [x8]" ; mem[READ] abs=0xbfff95b0 x8=0xbfff95b0 => w8=0x0
[07:17:16 545][libtiny.so 0x5318e4] [6b212891] 0x405318e4: "add x11, x11, #0xa08" x11=0x40531000 => x11=0x40531a08
[07:17:16 545][libtiny.so 0x5318e8] [8cdb8e52] 0x405318e8: "movz w12, #0x76dc" w12=0x1 => w12=0x76dc
[07:17:16 546][libtiny.so 0x5318ec] [2cf2bf72] 0x405318ec: "movk w12, #0xff91, lsl #16" w12=0x76dc => w12=0xff9176dc
[07:17:16 546][libtiny.so 0x5318f0] [c80200b9] 0x405318f0: "str w8, [x22]" ; mem[WRITE] abs=0xbfff9684 w8=0x0 x22=0xbfff9684 => w8=0x0
[07:17:16 546][libtiny.so 0x5318f4] [a88350f8] 0x405318f4: "ldur x8, [x29, #-0xf8]" ; mem[READ] abs=0xbfff9608 x8=0x0 x29=0xbfff9700 => x8=0xbfff95c0
[07:17:16 546][libtiny.so 0x5318f8] [080140f9] 0x405318f8: "ldr x8, [x8]" ; mem[READ] abs=0xbfff95c0 x8=0xbfff95c0 => x8=0xad
[07:17:16 547][libtiny.so 0x5318fc] [c84200f8] 0x405318fc: "stur x8, [x22, #4]" ; mem[WRITE] abs=0xbfff9688 x8=0xad x22=0xbfff9684 => x8=0xad
[07:17:16 547][libtiny.so 0x531900] [aa0350f8] 0x40531900: "ldur x10, [x29, #-0x100]" ; mem[READ] abs=0xbfff9600 x10=0xfc382704 x29=0xbfff9700 => x10=0xbfff95d0
[07:17:16 547][libtiny.so 0x531904] [6801098b] 0x40531904: "add x8, x11, x9" x11=0x40531a08 x9=0x34dfd98 => x8=0x43a117a0
[07:17:16 548][libtiny.so 0x531908] [291100b0] 0x40531908: "adrp x9, #0x40756000" => x9=0x40756000
[07:17:16 548][libtiny.so 0x53190c] [295140f9] 0x4053190c: "ldr x9, [x9, #0xa0]" ; mem[READ] abs=0x407560a0 x9=0x40756000 => x9=0x440f9fe4
[07:17:16 548][libtiny.so 0x531910] [4a0140f9] 0x40531910: "ldr x10, [x10]" ; mem[READ] abs=0xbfff95d0 x10=0xbfff95d0 => x10=0x40b30240
[07:17:16 549][libtiny.so 0x531914] [6b01084b] 0x40531914: "sub w11, w11, w8" w11=0x40531a08 w8=0x43a117a0 => w11=0xfcb20268
[07:17:16 549][libtiny.so 0x531918] [6b010c0b] 0x40531918: "add w11, w11, w12" w11=0xfcb20268 w12=0xff9176dc => w11=0xfc437944
[07:17:16 549][libtiny.so 0x53191c] [29c12b8b] 0x4053191c: "add x9, x9, w11, sxtw" x9=0x440f9fe4 w11=0xfc437944 => x9=0x40531928
[07:17:16 549][libtiny.so 0x531920] [cac200f8] 0x40531920: "stur x10, [x22, #0xc]" ; mem[WRITE] abs=0xbfff9690 x10=0x40b30240 x22=0xbfff9684 => x10=0x40b30240
[07:17:16 550][libtiny.so 0x531924] [20011fd6] 0x40531924: "br x9" x9=0x40531928
[07:17:16 550][libtiny.so 0x531928] [e9b29f92] 0x40531928: "movn x9, #0xfd97" x9=0x40531928 => x9=0xffffffffffff0268
[07:17:16 550][libtiny.so 0x53192c] [4996bff2] 0x4053192c: "movk x9, #0xfcb2, lsl #16" x9=0xffffffffffff0268 => x9=0xfffffffffcb20268
[07:17:16 550][libtiny.so 0x531930] [0801098b] 0x40531930: "add x8, x8, x9" x8=0x43a117a0 x9=0xfffffffffcb20268 => x8=0x40531a08
[07:17:16 550][libtiny.so 0x531934] [00011fd6] 0x40531934: "br x8" x8=0x40531a08
[07:17:16 550][libtiny.so 0x531a08] [09389252] 0x40531a08: "movz w9, #0x91c0" w9=0xfcb20268 => w9=0x91c0
[07:17:16 550][libtiny.so 0x531a0c] [0a000090] 0x40531a0c: "adrp x10, #0x40531000" => x10=0x40531000
[07:17:16 551][libtiny.so 0x531a10] [281100b0] 0x40531a10: "adrp x8, #0x40756000" => x8=0x40756000
[07:17:16 551][libtiny.so 0x531a14] [e9d0a072] 0x40531a14: "movk w9, #0x687, lsl #16" w9=0x91c0 => w9=0x68791c0
[07:17:16 551][libtiny.so 0x531a18] [4aa10891] 0x40531a18: "add x10, x10, #0x228" x10=0x40531000 => x10=0x40531228
[07:17:16 552][libtiny.so 0x531a1c] [0b3540f9] 0x40531a1c: "ldr x11, [x8, #0x68]" ; mem[READ] abs=0x40756068 x8=0x40756000 => x11=0x43b52980
[07:17:16 552][libtiny.so 0x531a20] [4801098b] 0x40531a20: "add x8, x10, x9" x10=0x40531228 x9=0x68791c0 => x8=0x46daa3e8
[07:17:16 552][libtiny.so 0x531a24] [4901084b] 0x40531a24: "sub w9, w10, w8" w10=0x40531228 w8=0x46daa3e8 => w9=0xf9786e40
[07:17:16 552][libtiny.so 0x531a28] [0a628f52] 0x40531a28: "movz w10, #0x7b10" w10=0x40531228 => w10=0x7b10
[07:17:16 553][libtiny.so 0x531a2c] [aa64a072] 0x40531a2c: "movk w10, #0x325, lsl #16" w10=0x7b10 => w10=0x3257b10
[07:17:16 553][libtiny.so 0x531a30] [29010a0b] 0x40531a30: "add w9, w9, w10" w9=0xf9786e40 w10=0x3257b10 => w9=0xfc9de950
[07:17:16 553][libtiny.so 0x531a34] [69c1298b] 0x40531a34: "add x9, x11, w9, sxtw" x11=0x43b52980 w9=0xfc9de950 => x9=0x405312d0
[07:17:16 554][libtiny.so 0x531a38] [20011fd6] 0x40531a38: "br x9" x9=0x405312d0
[07:17:16 554][libtiny.so 0x5312d0] [893340f9] 0x405312d0: "ldr x9, [x28, #0x60]" ; mem[READ] abs=0x40756060 x28=0x40756000 => x9=0x43537a38
[07:17:16 554][libtiny.so 0x5312d4] [eb248d92] 0x405312d4: "movn x11, #0x6927" x11=0x43b52980 => x11=0xffffffffffff96d8
[07:17:16 554][libtiny.so 0x5312d8] [6ad69f92] 0x405312d8: "movn x10, #0xfeb3" x10=0x3257b10 => x10=0xffffffffffff014c
[07:17:16 555][libtiny.so 0x5312dc] [eb9fbff2] 0x405312dc: "movk x11, #0xfcff, lsl #16" x11=0xffffffffffff96d8 => x11=0xfffffffffcff96d8
[07:17:16 555][libtiny.so 0x5312e0] [4a94bff2] 0x405312e0: "movk x10, #0xfca2, lsl #16" x10=0xffffffffffff014c => x10=0xfffffffffca2014c
[07:17:16 555][libtiny.so 0x5312e4] [29010b8b] 0x405312e4: "add x9, x9, x11" x9=0x43537a38 x11=0xfffffffffcff96d8 => x9=0x40531110
[07:17:16 556][libtiny.so 0x5312e8] [08010a8b] 0x405312e8: "add x8, x8, x10" x8=0x46daa3e8 x10=0xfffffffffca2014c => x8=0x437ca534
[07:17:16 556][libtiny.so 0x5312ec] [20011fd6] 0x405312ec: "br x9" x9=0x40531110
[07:17:16 556][libtiny.so 0x531110] [69619292] 0x40531110: "movn x9, #0x930b" x9=0x40531110 => x9=0xffffffffffff6cf4
[07:17:16 556][libtiny.so 0x531114] [c99abff2] 0x40531114: "movk x9, #0xfcd6, lsl #16" x9=0xffffffffffff6cf4 => x9=0xfffffffffcd66cf4
[07:17:16 556][libtiny.so 0x531118] [0801098b] 0x40531118: "add x8, x8, x9" x8=0x437ca534 x9=0xfffffffffcd66cf4 => x8=0x40531228
[07:17:16 556][libtiny.so 0x53111c] [00011fd6] 0x4053111c: "br x8" x8=0x40531228
[07:17:16 557][libtiny.so 0x531228] [c84240f8] 0x40531228: "ldur x8, [x22, #4]" ; mem[READ] abs=0xbfff9688 x8=0x40531228 x22=0xbfff9684 => x8=0xad
[07:17:16 557][libtiny.so 0x53122c] [8a918352] 0x4053122c: "movz w10, #0x1c8c" w10=0xfca2014c => w10=0x1c8c
[07:17:16 557][libtiny.so 0x531230] [0b000090] 0x40531230: "adrp x11, #0x40531000" => x11=0x40531000
[07:17:16 558][libtiny.so 0x531234] [0a7ca072] 0x40531234: "movk w10, #0x3e0, lsl #16" w10=0x1c8c => w10=0x3e01c8c
[07:17:16 558][libtiny.so 0x531238] [1ffd00f1] 0x40531238: "cmp x8, #0x3f" => nzcv=0x220000000 x8=0xad
[07:17:16 559][libtiny.so 0x53123c] [e8979f1a] 0x4053123c: "cset w8, hi" nzcv=0x18020000000 => w8=0x1
[07:17:16 559][libtiny.so 0x531240] [a8f31938] 0x40531240: "sturb w8, [x29, #-0x61]" ; mem[WRITE] abs=0xbfff969f w8=0x1 x29=0xbfff9700 => w8=0x1
[07:17:16 559][libtiny.so 0x531244] [a88351f8] 0x40531244: "ldur x8, [x29, #-0xe8]" ; mem[READ] abs=0xbfff9618 x8=0x1 x29=0xbfff9700 => x8=0xbfff95a0
[07:17:16 559][libtiny.so 0x531248] [c94240f8] 0x40531248: "ldur x9, [x22, #4]" ; mem[READ] abs=0xbfff9688 x9=0xfffffffffcd66cf4 x22=0xbfff9684 => x9=0xad
[07:17:16 560][libtiny.so 0x53124c] [6ba11791] 0x4053124c: "add x11, x11, #0x5e8" x11=0x40531000 => x11=0x405315e8
[07:17:16 560][libtiny.so 0x531250] [090100f9] 0x40531250: "str x9, [x8]" ; mem[WRITE] abs=0xbfff95a0 x9=0xad x8=0xbfff95a0 => x9=0xad
[07:17:16 560][libtiny.so 0x531254] [a80352f8] 0x40531254: "ldur x8, [x29, #-0xe0]" ; mem[READ] abs=0xbfff9620 x8=0xbfff95a0 x29=0xbfff9700 => x8=0xbfff9590
[07:17:16 560][libtiny.so 0x531258] [c9c240f8] 0x40531258: "ldur x9, [x22, #0xc]" ; mem[READ] abs=0xbfff9690 x9=0xad x22=0xbfff9684 => x9=0x40b30240
[07:17:16 560][libtiny.so 0x53125c] [090100f9] 0x4053125c: "str x9, [x8]" ; mem[WRITE] abs=0xbfff9590 x9=0x40b30240 x8=0xbfff9590 => x9=0x40b30240
[07:17:16 562][libtiny.so 0x531260] [a88352f8] 0x40531260: "ldur x8, [x29, #-0xd8]" ; mem[READ] abs=0xbfff9628 x8=0xbfff9590 x29=0xbfff9700 => x8=0xbfff9580
[07:17:16 562][libtiny.so 0x531264] [c9c240f8] 0x40531264: "ldur x9, [x22, #0xc]" ; mem[READ] abs=0xbfff9690 x9=0x40b30240 x22=0xbfff9684 => x9=0x40b30240
[07:17:16 562][libtiny.so 0x531268] [090100f9] 0x40531268: "str x9, [x8]" ; mem[WRITE] abs=0xbfff9580 x9=0x40b30240 x8=0xbfff9580 => x9=0x40b30240
[07:17:16 562][libtiny.so 0x53126c] [694340f9] 0x4053126c: "ldr x9, [x27, #0x80]" ; mem[READ] abs=0x40756080 x27=0x40756000 => x9=0x43c9dbf8
[07:17:16 563][libtiny.so 0x531270] [68010a8b] 0x40531270: "add x8, x11, x10" x11=0x405315e8 x10=0x3e01c8c => x8=0x44333274
[07:17:16 563][libtiny.so 0x531274] [6a01084b] 0x40531274: "sub w10, w11, w8" w11=0x405315e8 w8=0x44333274 => w10=0xfc1fe374
[07:17:16 563][libtiny.so 0x531278] [8bcd8a52] 0x40531278: "movz w11, #0x566c" w11=0x405315e8 => w11=0x566c
[07:17:16 563][libtiny.so 0x53127c] [2b0da072] 0x4053127c: "movk w11, #0x69, lsl #16" w11=0x566c => w11=0x69566c
[07:17:16 564][libtiny.so 0x531280] [4a010b0b] 0x40531280: "add w10, w10, w11" w10=0xfc1fe374 w11=0x69566c => w10=0xfc8939e0
[07:17:16 564][libtiny.so 0x531284] [29c12a8b] 0x40531284: "add x9, x9, w10, sxtw" x9=0x43c9dbf8 w10=0xfc8939e0 => x9=0x405315d8
[07:17:16 564][libtiny.so 0x531288] [20011fd6] 0x40531288: "br x9" x9=0x405315d8
[07:17:16 565][libtiny.so 0x5315d8] [69918392] 0x405315d8: "movn x9, #0x1c8b" x9=0x405315d8 => x9=0xffffffffffffe374
[07:17:16 565][libtiny.so 0x5315dc] [e983bff2] 0x405315dc: "movk x9, #0xfc1f, lsl #16" x9=0xffffffffffffe374 => x9=0xfffffffffc1fe374
[07:17:16 565][libtiny.so 0x5315e0] [0801098b] 0x405315e0: "add x8, x8, x9" x8=0x44333274 x9=0xfffffffffc1fe374 => x8=0x405315e8
[07:17:16 566][libtiny.so 0x5315e4] [00011fd6] 0x405315e4: "br x8" x8=0x405315e8
[07:17:16 566][libtiny.so 0x5315e8] [a80353f8] 0x405315e8: "ldur x8, [x29, #-0xd0]" ; mem[READ] abs=0xbfff9630 x8=0x405315e8 x29=0xbfff9700 => x8=0xbfff9570
[07:17:16 594][libtiny.so 0x5315ec] [c94240f8] 0x405315ec: "ldur x9, [x22, #4]" ; mem[READ] abs=0xbfff9688 x9=0xfffffffffc1fe374 x22=0xbfff9684 => x9=0xad
[07:17:16 594][libtiny.so 0x5315f0] [0a249152] 0x405315f0: "movz w10, #0x8920" w10=0xfc8939e0 => w10=0x8920
[07:17:16 594][libtiny.so 0x5315f4] [8bc28d52] 0x405315f4: "movz w11, #0x6e14" w11=0x69566c => w11=0x6e14
[07:17:16 595][libtiny.so 0x5315f8] [0e000090] 0x405315f8: "adrp x14, #0x40531000" => x14=0x40531000
[07:17:16 595][libtiny.so 0x5315fc] [090100f9] 0x405315fc: "str x9, [x8]" ; mem[WRITE] abs=0xbfff9570 x9=0xad x8=0xbfff9570 => x9=0xad
[07:17:16 595][libtiny.so 0x531600] [a8f35938] 0x40531600: "ldurb w8, [x29, #-0x61]" ; mem[READ] abs=0xbfff969f w8=0xbfff9570 x29=0xbfff9700 => w8=0x1
[07:17:16 596][libtiny.so 0x531604] [acf35938] 0x40531604: "ldurb w12, [x29, #-0x61]" ; mem[READ] abs=0xbfff969f w12=0xff9176dc x29=0xbfff9700 => w12=0x1
[07:17:16 596][libtiny.so 0x531608] [adf35938] 0x40531608: "ldurb w13, [x29, #-0x61]" ; mem[READ] abs=0xbfff969f w13=0x40756040 x29=0xbfff9700 => w13=0x1
[07:17:16 596][libtiny.so 0x53160c] [effffff0] 0x4053160c: "adrp x15, #0x40530000" => x15=0x40530000
[07:17:16 596][libtiny.so 0x531610] [0ae0a072] 0x40531610: "movk w10, #0x700, lsl #16" w10=0x8920 => w10=0x7008920
[07:17:16 597][libtiny.so 0x531614] [8bdfa072] 0x40531614: "movk w11, #0x6fc, lsl #16" w11=0x6e14 => w11=0x6fc6e14
[07:17:16 597][libtiny.so 0x531618] [ce012b91] 0x40531618: "add x14, x14, #0xac0" x14=0x40531000 => x14=0x40531ac0
[07:17:16 597][libtiny.so 0x53161c] [ef813391] 0x4053161c: "add x15, x15, #0xce0" x15=0x40530000 => x15=0x40530ce0
[07:17:16 598][libtiny.so 0x531620] [ca010a8b] 0x40531620: "add x10, x14, x10" x14=0x40531ac0 x10=0x7008920 => x10=0x4753a3e0
[07:17:16 598][libtiny.so 0x531624] [1f010071] 0x40531624: "cmp w8, #0" => nzcv=0x220000000 w8=0x1
[07:17:16 598][libtiny.so 0x531628] [e8010b8b] 0x40531628: "add x8, x15, x11" x15=0x40530ce0 x11=0x6fc6e14 => x8=0x474f7af4
[07:17:16 599][libtiny.so 0x53162c] [09098052] 0x4053162c: "movz w9, #0x48" w9=0xad => w9=0x48
[07:17:16 599][libtiny.so 0x531630] [08118a9a] 0x40531630: "csel x8, x8, x10, ne" nzcv=0x18020000000 x8=0x474f7af4 x10=0x4753a3e0 => x8=0x474f7af4
[07:17:16 599][libtiny.so 0x531634] [0a018052] 0x40531634: "movz w10, #0x8" w10=0x4753a3e0 => w10=0x8
[07:17:16 599][libtiny.so 0x531638] [bf010071] 0x40531638: "cmp w13, #0" => nzcv=0x220000000 w13=0x1
[07:17:16 600][libtiny.so 0x53163c] [2d1100b0] 0x4053163c: "adrp x13, #0x40756000" => x13=0x40756000
[07:17:16 600][libtiny.so 0x531640] [8bed8552] 0x40531640: "movz w11, #0x2f6c" w11=0x6fc6e14 => w11=0x2f6c
[07:17:16 600][libtiny.so 0x531644] [4911899a] 0x40531644: "csel x9, x10, x9, ne" nzcv=0x18020000000 x10=0x8 x9=0x48 => x9=0x8
[07:17:16 600][libtiny.so 0x531648] [0a918652] 0x40531648: "movz w10, #0x3488" w10=0x8 => w10=0x3488
[07:17:16 601][libtiny.so 0x53164c] [ad010191] 0x4053164c: "add x13, x13, #0x40" x13=0x40756000 => x13=0x40756040
[07:17:16 601][libtiny.so 0x531650] [ab78a072] 0x40531650: "movk w11, #0x3c5, lsl #16" w11=0x2f6c => w11=0x3c52f6c
[07:17:16 601][libtiny.so 0x531654] [4a7ba072] 0x40531654: "movk w10, #0x3da, lsl #16" w10=0x3488 => w10=0x3da3488
[07:17:16 601][libtiny.so 0x531658] [a96969f8] 0x40531658: "ldr x9, [x13, x9]" ; mem[READ] abs=0x40756048 x13=0x40756040 x9=0x8 => x9=0x43754884
[07:17:16 602][libtiny.so 0x53165c] [cb010b0b] 0x4053165c: "add w11, w14, w11" w14=0x40531ac0 w11=0x3c52f6c => w11=0x44184a2c
[07:17:16 602][libtiny.so 0x531660] [ea010a0b] 0x40531660: "add w10, w15, w10" w15=0x40530ce0 w10=0x3da3488 => w10=0x442d4168
[07:17:16 602][libtiny.so 0x531664] [9f010071] 0x40531664: "cmp w12, #0" => nzcv=0x220000000 w12=0x1
[07:17:16 603][libtiny.so 0x531668] [4a118b1a] 0x40531668: "csel w10, w10, w11, ne" nzcv=0x18020000000 w10=0x442d4168 w11=0x44184a2c => w10=0x442d4168
[07:17:16 603][libtiny.so 0x53166c] [4a01084b] 0x4053166c: "sub w10, w10, w8" w10=0x442d4168 w8=0x474f7af4 => w10=0xfcddc674
[07:17:16 603][libtiny.so 0x531670] [29c12a8b] 0x40531670: "add x9, x9, w10, sxtw" x9=0x43754884 w10=0xfcddc674 => x9=0x40530ef8
[07:17:16 603][libtiny.so 0x531674] [20011fd6] 0x40531674: "br x9" x9=0x40530ef8
[07:17:16 603][libtiny.so 0x530ef8] [892240f9] 0x40530ef8: "ldr x9, [x20, #0x40]" ; mem[READ] abs=0x40756040 x20=0x40756000 => x9=0x4422f7a8
[07:17:16 603][libtiny.so 0x530efc] [eb5a9d92] 0x40530efc: "movn x11, #0xead7" x11=0x44184a2c => x11=0xffffffffffff1528
[07:17:16 603][libtiny.so 0x530f00] [ea919392] 0x40530f00: "movn x10, #0x9c8f" x10=0xfcddc674 => x10=0xffffffffffff6370
[07:17:16 603][libtiny.so 0x530f04] [0b86bff2] 0x40530f04: "movk x11, #0xfc30, lsl #16" x11=0xffffffffffff1528 => x11=0xfffffffffc301528
[07:17:16 603][libtiny.so 0x530f08] [aa88bff2] 0x40530f08: "movk x10, #0xfc45, lsl #16" x10=0xffffffffffff6370 => x10=0xfffffffffc456370
[07:17:16 603][libtiny.so 0x530f0c] [29010b8b] 0x40530f0c: "add x9, x9, x11" x9=0x4422f7a8 x11=0xfffffffffc301528 => x9=0x40530cd0
[07:17:16 603][libtiny.so 0x530f10] [08010a8b] 0x40530f10: "add x8, x8, x10" x8=0x474f7af4 x10=0xfffffffffc456370 => x8=0x4394de64
[07:17:16 603][libtiny.so 0x530f14] [20011fd6] 0x40530f14: "br x9" x9=0x40530cd0
[07:17:16 603][libtiny.so 0x530cd0] [69309a92] 0x40530cd0: "movn x9, #0xd183" x9=0x40530cd0 => x9=0xffffffffffff2e7c
[07:17:16 603][libtiny.so 0x530cd4] [c997bff2] 0x40530cd4: "movk x9, #0xfcbe, lsl #16" x9=0xffffffffffff2e7c => x9=0xfffffffffcbe2e7c
[07:17:16 603][libtiny.so 0x530cd8] [0801098b] 0x40530cd8: "add x8, x8, x9" x8=0x4394de64 x9=0xfffffffffcbe2e7c => x8=0x40530ce0
[07:17:16 604][libtiny.so 0x530cdc] [00011fd6] 0x40530cdc: "br x8" x8=0x40530ce0
[07:17:16 604][libtiny.so 0x530ce0] [a80352f8] 0x40530ce0: "ldur x8, [x29, #-0xe0]" ; mem[READ] abs=0xbfff9620 x8=0x40530ce0 x29=0xbfff9700 => x8=0xbfff9590
[07:17:16 604][libtiny.so 0x530ce4] [09b39f52] 0x40530ce4: "movz w9, #0xfd98" w9=0xfcbe2e7c => w9=0xfd98
[07:17:16 604][libtiny.so 0x530ce8] [0b0000b0] 0x40530ce8: "adrp x11, #0x40531000" => x11=0x40531000
[07:17:16 605][libtiny.so 0x530cec] [a969a072] 0x40530cec: "movk w9, #0x34d, lsl #16" w9=0xfd98 => w9=0x34dfd98
[07:17:16 605][libtiny.so 0x530cf0] [080140f9] 0x40530cf0: "ldr x8, [x8]" ; mem[READ] abs=0xbfff9590 x8=0xbfff9590 => x8=0x40b30240
[07:17:16 605][libtiny.so 0x530cf4] [6bd12691] 0x40530cf4: "add x11, x11, #0x9b4" x11=0x40531000 => x11=0x405319b4
[07:17:16 606][libtiny.so 0x530cf8] [8cdb8e52] 0x40530cf8: "movz w12, #0x76dc" w12=0x1 => w12=0x76dc
[07:17:16 606][libtiny.so 0x530cfc] [2cf2bf72] 0x40530cfc: "movk w12, #0xff91, lsl #16" w12=0x76dc => w12=0xff9176dc
[07:17:16 606][libtiny.so 0x530d00] [c8c201f8] 0x40530d00: "stur x8, [x22, #0x1c]" ; mem[WRITE] abs=0xbfff96a0 x8=0x40b30240 x22=0xbfff9684 => x8=0x40b30240
[07:17:16 606][libtiny.so 0x530d04] [aa8351f8] 0x40530d04: "ldur x10, [x29, #-0xe8]" ; mem[READ] abs=0xbfff9618 x10=0xfffffffffc456370 x29=0xbfff9700 => x10=0xbfff95a0
[07:17:16 607][libtiny.so 0x530d08] [6801098b] 0x40530d08: "add x8, x11, x9" x11=0x405319b4 x9=0x34dfd98 => x8=0x43a1174c
[07:17:16 607][libtiny.so 0x530d0c] [291100d0] 0x40530d0c: "adrp x9, #0x40756000" => x9=0x40756000
[07:17:16 607][libtiny.so 0x530d10] [295140f9] 0x40530d10: "ldr x9, [x9, #0xa0]" ; mem[READ] abs=0x407560a0 x9=0x40756000 => x9=0x440f9fe4
[07:17:16 607][libtiny.so 0x530d14] [4a0140f9] 0x40530d14: "ldr x10, [x10]" ; mem[READ] abs=0xbfff95a0 x10=0xbfff95a0 => x10=0xad
[07:17:16 608][libtiny.so 0x530d18] [6b01084b] 0x40530d18: "sub w11, w11, w8" w11=0x405319b4 w8=0x43a1174c => w11=0xfcb20268
[07:17:16 608][libtiny.so 0x530d1c] [6b010c0b] 0x40530d1c: "add w11, w11, w12" w11=0xfcb20268 w12=0xff9176dc => w11=0xfc437944
[07:17:16 608][libtiny.so 0x530d20] [29c12b8b] 0x40530d20: "add x9, x9, w11, sxtw" x9=0x440f9fe4 w11=0xfc437944 => x9=0x40531928
[07:17:16 608][libtiny.so 0x530d24] [ca4202f8] 0x40530d24: "stur x10, [x22, #0x24]" ; mem[WRITE] abs=0xbfff96a8 x10=0xad x22=0xbfff9684 => x10=0xad
[07:17:16 609][libtiny.so 0x530d28] [20011fd6] 0x40530d28: "br x9" x9=0x40531928
[07:17:16 609][libtiny.so 0x531928] [e9b29f92] 0x40531928: "movn x9, #0xfd97" x9=0x40531928 => x9=0xffffffffffff0268
[07:17:16 609][libtiny.so 0x53192c] [4996bff2] 0x4053192c: "movk x9, #0xfcb2, lsl #16" x9=0xffffffffffff0268 => x9=0xfffffffffcb20268
[07:17:16 609][libtiny.so 0x531930] [0801098b] 0x40531930: "add x8, x8, x9" x8=0x43a1174c x9=0xfffffffffcb20268 => x8=0x405319b4
[07:17:16 609][libtiny.so 0x531934] [00011fd6] 0x40531934: "br x8" x8=0x405319b4
[07:17:16 609][libtiny.so 0x5319b4] [281100b0] 0x405319b4: "adrp x8, #0x40756000" => x8=0x40756000
[07:17:16 609][libtiny.so 0x5319b8] [085940f9] 0x405319b8: "ldr x8, [x8, #0xb0]" ; mem[READ] abs=0x407560b0 x8=0x40756000 => x8=0xfffffffffb1aa190
[07:17:16 610][libtiny.so 0x5319bc] [c1c241f8] 0x405319bc: "ldur x1, [x22, #0x1c]" ; mem[READ] abs=0xbfff96a0 x1=0x40b30240 x22=0xbfff9684 => x1=0x40b30240
[07:17:16 610][libtiny.so 0x5319c0] [89669052] 0x405319c0: "movz w9, #0x8334" w9=0xfcb20268 => w9=0x8334
[07:17:16 610][libtiny.so 0x5319c4] [09a7a872] 0x405319c4: "movk w9, #0x4538, lsl #16" w9=0x8334 => w9=0x45388334
[07:17:16 610][libtiny.so 0x5319c8] [0801098b] 0x405319c8: "add x8, x8, x9" x8=0xfffffffffb1aa190 x9=0x45388334 => x8=0x405324c4
[07:17:16 611][libtiny.so 0x5319cc] [e00315aa] 0x405319cc: "mov x0, x21" x21=0xbfffa308 => x0=0xbfffa308
[07:17:16 611][libtiny.so 0x5319d0] [00013fd6] 0x405319d0: "blr x8" x8=0x405324c4
[07:17:16 611][libtiny.so 0x5324c4] [fd7bbaa9] 0x405324c4: "stp x29, x30, [sp, #-0x60]!" ; mem[WRITE] abs=0xbfff9510 x29=0xbfff9700 x30=0x405319d4 sp=0xbfff9570 => x29=0xbfff9700 x30=0x405319d4 sp=0xbfff9510
[07:17:16 612][libtiny.so 0x5324c8] [fc6f01a9] 0x405324c8: "stp x28, x27, [sp, #0x10]" ; mem[WRITE] abs=0xbfff9520 x28=0x40756000 x27=0x40756000 sp=0xbfff9510 => x28=0x40756000 x27=0x40756000
[07:17:16 612][libtiny.so 0x5324cc] [fa6702a9] 0x405324cc: "stp x26, x25, [sp, #0x20]" ; mem[WRITE] abs=0xbfff9530 x26=0x40756000 x25=0xfffffffffce3c1a8 sp=0xbfff9510 => x26=0x40756000 x25=0xfffffffffce3c1a8
[07:17:16 612][libtiny.so 0x5324d0] [f85f03a9] 0x405324d0: "stp x24, x23, [sp, #0x30]" ; mem[WRITE] abs=0xbfff9540 x24=0x40756000 x23=0x40756000 sp=0xbfff9510 => x24=0x40756000 x23=0x40756000
[07:17:16 612][libtiny.so 0x5324d4] [f65704a9] 0x405324d4: "stp x22, x21, [sp, #0x40]" ; mem[WRITE] abs=0xbfff9550 x22=0xbfff9684 x21=0xbfffa308 sp=0xbfff9510 => x22=0xbfff9684 x21=0xbfffa308
[07:17:16 613][libtiny.so 0x5324d8] [f44f05a9] 0x405324d8: "stp x20, x19, [sp, #0x50]" ; mem[WRITE] abs=0xbfff9560 x20=0x40756000 x19=0xad sp=0xbfff9510 => x20=0x40756000 x19=0xad
[07:17:16 613][libtiny.so 0x5324dc] [fd030091] 0x405324dc: "mov x29, sp" sp=0xbfff9510 => x29=0xbfff9510
[07:17:16 613][libtiny.so 0x5324e0] [ffc315d1] 0x405324e0: "sub sp, sp, #0x570" sp=0xbfff9510 => sp=0xbfff8fa0
[07:17:16 613][libtiny.so 0x5324e4] [f3030091] 0x405324e4: "mov x19, sp" sp=0xbfff8fa0 => x19=0xbfff8fa0
[07:17:16 614][libtiny.so 0x5324e8] [48d03bd5] 0x405324e8: "mrs x8, tpidr_el0" x8=0x405324c4 => x8=0xbffff718
[07:17:16 614][libtiny.so 0x5324ec] [680200f9] 0x405324ec: "str x8, [x19]" ; mem[WRITE] abs=0xbfff8fa0 x8=0xbffff718 x19=0xbfff8fa0 => x8=0xbffff718
[07:17:16 614][libtiny.so 0x5324f0] [051540f9] 0x405324f0: "ldr x5, [x8, #0x28]" ; mem[READ] abs=0xbffff740 x8=0xbffff718 => x5=0x0
[07:17:16 614][libtiny.so 0x5324f4] [6e821191] 0x405324f4: "add x14, x19, #0x460" x19=0xbfff8fa0 => x14=0xbfff9400
[07:17:16 615][libtiny.so 0x5324f8] [1c1100f0] 0x405324f8: "adrp x28, #0x40755000" => x28=0x40755000
[07:17:16 615][libtiny.so 0x5324fc] [7ec28d92] 0x405324fc: "movn x30, #0x6e13" x30=0x405319d4 => x30=0xffffffffffff91ec
[07:17:16 615][libtiny.so 0x532500] [a5031ff8] 0x40532500: "stur x5, [x29, #-0x10]" ; mem[WRITE] abs=0xbfff9500 x5=0x0 x29=0xbfff9510 => x5=0x0
[07:17:16 615][libtiny.so 0x532504] [6e0600f9] 0x40532504: "str x14, [x19, #8]" ; mem[WRITE] abs=0xbfff8fa8 x14=0xbfff9400 x19=0xbfff8fa0 => x14=0xbfff9400
[07:17:16 616][libtiny.so 0x532508] [6e0640f9] 0x40532508: "ldr x14, [x19, #8]" ; mem[READ] abs=0xbfff8fa8 x19=0xbfff8fa0 => x14=0xbfff9400
[07:17:16 616][libtiny.so 0x53250c] [8ecb47f9] 0x4053250c: "ldr x14, [x28, #0xf90]" ; mem[READ] abs=0x40755f90 x28=0x40755000 => x14=0x43a3a1a4
[07:17:16 616][libtiny.so 0x532510] [8f448052] 0x40532510: "movz w15, #0x224" w15=0x40530ce0 => w15=0x224
[07:17:16 616][libtiny.so 0x532514] [040000b0] 0x40532514: "adrp x4, #0x40533000" => x4=0x40533000
[07:17:16 617][libtiny.so 0x532518] [fe95bff2] 0x40532518: "movk x30, #0xfcaf, lsl #16" x30=0xffffffffffff91ec => x30=0xfffffffffcaf91ec
[07:17:16 617][libtiny.so 0x53251c] [cf6ca072] 0x4053251c: "movk w15, #0x366, lsl #16" w15=0x224 => w15=0x3660224
[07:17:16 617][libtiny.so 0x532520] [84101a91] 0x40532520: "add x4, x4, #0x684" x4=0x40533000 => x4=0x40533684
[07:17:16 617][libtiny.so 0x532524] [97000f8b] 0x40532524: "add x23, x4, x15" x4=0x40533684 x15=0x3660224 => x23=0x43b938a8
[07:17:16 618][libtiny.so 0x532528] [cf011e8b] 0x40532528: "add x15, x14, x30" x14=0x43a3a1a4 x30=0xfffffffffcaf91ec => x15=0x40533390
[07:17:16 618][libtiny.so 0x53252c] [150000b0] 0x4053252c: "adrp x21, #0x40533000" => x21=0x40533000
[07:17:16 618][libtiny.so 0x532530] [0b1100f0] 0x40532530: "adrp x11, #0x40755000" => x11=0x40755000
[07:17:16 618][libtiny.so 0x532534] [0d1100f0] 0x40532534: "adrp x13, #0x40755000" => x13=0x40755000
[07:17:16 619][libtiny.so 0x532538] [101100f0] 0x40532538: "adrp x16, #0x40755000" => x16=0x40755000
[07:17:16 619][libtiny.so 0x53253c] [111100f0] 0x4053253c: "adrp x17, #0x40755000" => x17=0x40755000
[07:17:16 619][libtiny.so 0x532540] [021100f0] 0x40532540: "adrp x2, #0x40755000" => x2=0x40755000
[07:17:16 619][libtiny.so 0x532544] [061100f0] 0x40532544: "adrp x6, #0x40755000" => x6=0x40755000
[07:17:16 620][libtiny.so 0x532548] [071100f0] 0x40532548: "adrp x7, #0x40755000" => x7=0x40755000
[07:17:16 620][libtiny.so 0x53254c] [141100f0] 0x4053254c: "adrp x20, #0x40755000" => x20=0x40755000
[07:17:16 620][libtiny.so 0x532550] [b5520c91] 0x40532550: "add x21, x21, #0x314" x21=0x40533000 => x21=0x40533314
[07:17:16 620][libtiny.so 0x532554] [e0011fd6] 0x40532554: "br x15" x15=0x40533390
[07:17:16 621][libtiny.so 0x533390] [6e448092] 0x40533390: "movn x14, #0x223" x14=0x43a3a1a4 => x14=0xfffffffffffffddc
[07:17:16 621][libtiny.so 0x533394] [2e93bff2] 0x40533394: "movk x14, #0xfc99, lsl #16" x14=0xfffffffffffffddc => x14=0xfffffffffc99fddc
[07:17:16 621][libtiny.so 0x533398] [ee020e8b] 0x40533398: "add x14, x23, x14" x23=0x43b938a8 x14=0xfffffffffc99fddc => x14=0x40533684
[07:17:16 622][libtiny.so 0x53339c] [c0011fd6] 0x4053339c: "br x14" x14=0x40533684
[07:17:16 622][libtiny.so 0x533684] [0e200091] 0x40533684: "add x14, x0, #8" x0=0xbfffa308 => x14=0xbfffa310
[07:17:16 623][libtiny.so 0x533688] [6e0a00f9] 0x40533688: "str x14, [x19, #0x10]" ; mem[WRITE] abs=0xbfff8fb0 x14=0xbfffa310 x19=0xbfff8fa0 => x14=0xbfffa310
[07:17:16 623][libtiny.so 0x53368c] [6e0a40f9] 0x4053368c: "ldr x14, [x19, #0x10]" ; mem[READ] abs=0xbfff8fb0 x19=0xbfff8fa0 => x14=0xbfffa310
[07:17:16 623][libtiny.so 0x533690] [0f300091] 0x40533690: "add x15, x0, #0xc" x0=0xbfffa308 => x15=0xbfffa314
[07:17:16 623][libtiny.so 0x533694] [04aa8b52] 0x40533694: "movz w4, #0x5d50" w4=0x40533684 => w4=0x5d50
[07:17:16 624][libtiny.so 0x533698] [84e7a072] 0x40533698: "movk w4, #0x73c, lsl #16" w4=0x5d50 => w4=0x73c5d50
[07:17:16 624][libtiny.so 0x53369c] [ce0140b9] 0x4053369c: "ldr w14, [x14]" ; mem[READ] abs=0xbfffa310 x14=0xbfffa310 => w14=0x6a09e667
[07:17:16 624][libtiny.so 0x5336a0] [6f1200f9] 0x405336a0: "str x15, [x19, #0x20]" ; mem[WRITE] abs=0xbfff8fc0 x15=0xbfffa314 x19=0xbfff8fa0 => x15=0xbfffa314
[07:17:16 624][libtiny.so 0x5336a4] [0f400091] 0x405336a4: "add x15, x0, #0x10" x0=0xbfffa308 => x15=0xbfffa318
[07:17:16 625][libtiny.so 0x5336a8] [081100d0] 0x405336a8: "adrp x8, #0x40755000" => x8=0x40755000
[07:17:16 625][libtiny.so 0x5336ac] [6e1e00b9] 0x405336ac: "str w14, [x19, #0x1c]" ; mem[WRITE] abs=0xbfff8fbc w14=0x6a09e667 x19=0xbfff8fa0 => w14=0x6a09e667
[07:17:16 625][libtiny.so 0x5336b0] [6e1240f9] 0x405336b0: "ldr x14, [x19, #0x20]" ; mem[READ] abs=0xbfff8fc0 x19=0xbfff8fa0 => x14=0xbfffa314
[07:17:16 625][libtiny.so 0x5336b4] [85bd8652] 0x405336b4: "movz w5, #0x35ec" w5=0x0 => w5=0x35ec
[07:17:16 626][libtiny.so 0x5336b8] [c56ba072] 0x405336b8: "movk w5, #0x35e, lsl #16" w5=0x35ec => w5=0x35e35ec
[07:17:16 626][libtiny.so 0x5336bc] [ce0140b9] 0x405336bc: "ldr w14, [x14]" ; mem[READ] abs=0xbfffa314 x14=0xbfffa314 => w14=0xbb67ae85
[07:17:16 626][libtiny.so 0x5336c0] [6f1a00f9] 0x405336c0: "str x15, [x19, #0x30]" ; mem[WRITE] abs=0xbfff8fd0 x15=0xbfffa318 x19=0xbfff8fa0 => x15=0xbfffa318
[07:17:16 626][libtiny.so 0x5336c4] [0f500091] 0x405336c4: "add x15, x0, #0x14" x0=0xbfffa308 => x15=0xbfffa31c
[07:17:16 627][libtiny.so 0x5336c8] [6e2e00b9] 0x405336c8: "str w14, [x19, #0x2c]" ; mem[WRITE] abs=0xbfff8fcc w14=0xbb67ae85 x19=0xbfff8fa0 => w14=0xbb67ae85
[07:17:16 627][libtiny.so 0x5336cc] [6e1a40f9] 0x405336cc: "ldr x14, [x19, #0x30]" ; mem[READ] abs=0xbfff8fd0 x19=0xbfff8fa0 => x14=0xbfffa318
[07:17:16 627][libtiny.so 0x5336d0] [ce0140b9] 0x405336d0: "ldr w14, [x14]" ; mem[READ] abs=0xbfffa318 x14=0xbfffa318 => w14=0x3c6ef372
[07:17:16 627][libtiny.so 0x5336d4] [6f2200f9] 0x405336d4: "str x15, [x19, #0x40]" ; mem[WRITE] abs=0xbfff8fe0 x15=0xbfffa31c x19=0xbfff8fa0 => x15=0xbfffa31c
[07:17:16 627][libtiny.so 0x5336d8] [0f600091] 0x405336d8: "add x15, x0, #0x18" x0=0xbfffa308 => x15=0xbfffa320
[07:17:16 628][libtiny.so 0x5336dc] [6e3e00b9] 0x405336dc: "str w14, [x19, #0x3c]" ; mem[WRITE] abs=0xbfff8fdc w14=0x3c6ef372 x19=0xbfff8fa0 => w14=0x3c6ef372
[07:17:16 628][libtiny.so 0x5336e0] [6e2240f9] 0x405336e0: "ldr x14, [x19, #0x40]" ; mem[READ] abs=0xbfff8fe0 x19=0xbfff8fa0 => x14=0xbfffa31c
[07:17:16 628][libtiny.so 0x5336e4] [ce0140b9] 0x405336e4: "ldr w14, [x14]" ; mem[READ] abs=0xbfffa31c x14=0xbfffa31c => w14=0xa54ff53a
[07:17:16 628][libtiny.so 0x5336e8] [6f2a00f9] 0x405336e8: "str x15, [x19, #0x50]" ; mem[WRITE] abs=0xbfff8ff0 x15=0xbfffa320 x19=0xbfff8fa0 => x15=0xbfffa320
[07:17:16 629][libtiny.so 0x5336ec] [0f700091] 0x405336ec: "add x15, x0, #0x1c" x0=0xbfffa308 => x15=0xbfffa324
[07:17:16 629][libtiny.so 0x5336f0] [6e4e00b9] 0x405336f0: "str w14, [x19, #0x4c]" ; mem[WRITE] abs=0xbfff8fec w14=0xa54ff53a x19=0xbfff8fa0 => w14=0xa54ff53a
[07:17:16 629][libtiny.so 0x5336f4] [6e2a40f9] 0x405336f4: "ldr x14, [x19, #0x50]" ; mem[READ] abs=0xbfff8ff0 x19=0xbfff8fa0 => x14=0xbfffa320
[07:17:16 630][libtiny.so 0x5336f8] [ce0140b9] 0x405336f8: "ldr w14, [x14]" ; mem[READ] abs=0xbfffa320 x14=0xbfffa320 => w14=0x510e527f
[07:17:16 630][libtiny.so 0x5336fc] [6f3200f9] 0x405336fc: "str x15, [x19, #0x60]" ; mem[WRITE] abs=0xbfff9000 x15=0xbfffa324 x19=0xbfff8fa0 => x15=0xbfffa324
[07:17:16 630][libtiny.so 0x533700] [0f800091] 0x40533700: "add x15, x0, #0x20" x0=0xbfffa308 => x15=0xbfffa328
[07:17:16 630][libtiny.so 0x533704] [6e5e00b9] 0x40533704: "str w14, [x19, #0x5c]" ; mem[WRITE] abs=0xbfff8ffc w14=0x510e527f x19=0xbfff8fa0 => w14=0x510e527f
[07:17:16 631][libtiny.so 0x533708] [6e3240f9] 0x40533708: "ldr x14, [x19, #0x60]" ; mem[READ] abs=0xbfff9000 x19=0xbfff8fa0 => x14=0xbfffa324
[07:17:16 631][libtiny.so 0x53370c] [ce0140b9] 0x4053370c: "ldr w14, [x14]" ; mem[READ] abs=0xbfffa324 x14=0xbfffa324 => w14=0x9b05688c
[07:17:16 631][libtiny.so 0x533710] [6f3a00f9] 0x40533710: "str x15, [x19, #0x70]" ; mem[WRITE] abs=0xbfff9010 x15=0xbfffa328 x19=0xbfff8fa0 => x15=0xbfffa328
[07:17:16 631][libtiny.so 0x533714] [0f900091] 0x40533714: "add x15, x0, #0x24" x0=0xbfffa308 => x15=0xbfffa32c
[07:17:16 632][libtiny.so 0x533718] [6e6e00b9] 0x40533718: "str w14, [x19, #0x6c]" ; mem[WRITE] abs=0xbfff900c w14=0x9b05688c x19=0xbfff8fa0 => w14=0x9b05688c
[07:17:16 632][libtiny.so 0x53371c] [6e3a40f9] 0x4053371c: "ldr x14, [x19, #0x70]" ; mem[READ] abs=0xbfff9010 x19=0xbfff8fa0 => x14=0xbfffa328
[07:17:16 632][libtiny.so 0x533720] [ce0140b9] 0x40533720: "ldr w14, [x14]" ; mem[READ] abs=0xbfffa328 x14=0xbfffa328 => w14=0x1f83d9ab
[07:17:16 632][libtiny.so 0x533724] [6f4200f9] 0x40533724: "str x15, [x19, #0x80]" ; mem[WRITE] abs=0xbfff9020 x15=0xbfffa32c x19=0xbfff8fa0 => x15=0xbfffa32c
[07:17:16 633][libtiny.so 0x533728] [0f000090] 0x40533728: "adrp x15, #0x40533000" => x15=0x40533000
[07:17:16 633][libtiny.so 0x53372c] [efc13e91] 0x4053372c: "add x15, x15, #0xfb0" x15=0x40533000 => x15=0x40533fb0
[07:17:16 633][libtiny.so 0x533730] [6e7e00b9] 0x40533730: "str w14, [x19, #0x7c]" ; mem[WRITE] abs=0xbfff901c w14=0x1f83d9ab x19=0xbfff8fa0 => w14=0x1f83d9ab
[07:17:16 634][libtiny.so 0x533734] [6e4240f9] 0x40533734: "ldr x14, [x19, #0x80]" ; mem[READ] abs=0xbfff9020 x19=0xbfff8fa0 => x14=0xbfffa32c
[07:17:16 634][libtiny.so 0x533738] [f701048b] 0x40533738: "add x23, x15, x4" x15=0x40533fb0 x4=0x73c5d50 => x23=0x478f9d00
[07:17:16 634][libtiny.so 0x53373c] [04dd47f9] 0x4053373c: "ldr x4, [x8, #0xfb8]" ; mem[READ] abs=0x40755fb8 x8=0x40755000 => x4=0x443167a0
[07:17:16 634][libtiny.so 0x533740] [ef01174b] 0x40533740: "sub w15, w15, w23" w15=0x40533fb0 w23=0x478f9d00 => w15=0xf8c3a2b0
[07:17:16 634][libtiny.so 0x533744] [ce0140b9] 0x40533744: "ldr w14, [x14]" ; mem[READ] abs=0xbfffa32c x14=0xbfffa32c => w14=0x5be0cd19
[07:17:16 635][libtiny.so 0x533748] [ef01050b] 0x40533748: "add w15, w15, w5" w15=0xf8c3a2b0 w5=0x35e35ec => w15=0xfc21d89c
[07:17:16 635][libtiny.so 0x53374c] [8fc02f8b] 0x4053374c: "add x15, x4, w15, sxtw" x4=0x443167a0 w15=0xfc21d89c => x15=0x4053403c
[07:17:16 635][libtiny.so 0x533750] [6e8e00b9] 0x40533750: "str w14, [x19, #0x8c]" ; mem[WRITE] abs=0xbfff902c w14=0x5be0cd19 x19=0xbfff8fa0 => w14=0x5be0cd19
[07:17:16 635][libtiny.so 0x533754] [e0011fd6] 0x40533754: "br x15" x15=0x4053403c
[07:17:16 637][libtiny.so 0x53403c] [4ed847f9] 0x4053403c: "ldr x14, [x2, #0xfb0]" ; mem[READ] abs=0x40755fb0 x2=0x40755000 => x14=0x4446a070
[07:17:16 637][libtiny.so 0x534040] [647d8c92] 0x40534040: "movn x4, #0x63eb" x4=0x443167a0 => x4=0xffffffffffff9c14
[07:17:16 637][libtiny.so 0x534044] [6f669192] 0x40534044: "movn x15, #0x8b33" x15=0x4053403c => x15=0xffffffffffff74cc
[07:17:16 637][libtiny.so 0x534048] [8481bff2] 0x40534048: "movk x4, #0xfc0c, lsl #16" x4=0xffffffffffff9c14 => x4=0xfffffffffc0c9c14
[07:17:16 638][libtiny.so 0x53404c] [2f96bff2] 0x4053404c: "movk x15, #0xfcb1, lsl #16" x15=0xffffffffffff74cc => x15=0xfffffffffcb174cc
[07:17:16 638][libtiny.so 0x534050] [ce01048b] 0x40534050: "add x14, x14, x4" x14=0x4446a070 x4=0xfffffffffc0c9c14 => x14=0x40533c84
[07:17:16 638][libtiny.so 0x534054] [f7020f8b] 0x40534054: "add x23, x23, x15" x23=0x478f9d00 x15=0xfffffffffcb174cc => x23=0x444111cc
[07:17:16 638][libtiny.so 0x534058] [c0011fd6] 0x40534058: "br x14" x14=0x40533c84
[07:17:16 639][libtiny.so 0x533c84] [6e439a92] 0x40533c84: "movn x14, #0xd21b" x14=0x40533c84 => x14=0xffffffffffff2de4
[07:17:16 639][libtiny.so 0x533c88] [4e82bff2] 0x40533c88: "movk x14, #0xfc12, lsl #16" x14=0xffffffffffff2de4 => x14=0xfffffffffc122de4
[07:17:16 639][libtiny.so 0x533c8c] [ee020e8b] 0x40533c8c: "add x14, x23, x14" x23=0x444111cc x14=0xfffffffffc122de4 => x14=0x40533fb0
[07:17:16 639][libtiny.so 0x533c90] [c0011fd6] 0x40533c90: "br x14" x14=0x40533fb0
[07:17:16 640][libtiny.so 0x533fb0] [ee4300d1] 0x40533fb0: "sub x14, sp, #0x10" sp=0xbfff8fa0 => x14=0xbfff8f90
[07:17:16 640][libtiny.so 0x533fb4] [df010091] 0x40533fb4: "mov sp, x14" x14=0xbfff8f90 => sp=0xbfff8f90
[07:17:16 640][libtiny.so 0x533fb8] [6e4a00f9] 0x40533fb8: "str x14, [x19, #0x90]" ; mem[WRITE] abs=0xbfff9030 x14=0xbfff8f90 x19=0xbfff8fa0 => x14=0xbfff8f90
[07:17:16 640][libtiny.so 0x533fbc] [6e4a40f9] 0x40533fbc: "ldr x14, [x19, #0x90]" ; mem[READ] abs=0xbfff9030 x19=0xbfff8fa0 => x14=0xbfff8f90
[07:17:16 641][libtiny.so 0x533fc0] [df0100f9] 0x40533fc0: "str xzr, [x14]" ; mem[WRITE] abs=0xbfff8f90 x14=0xbfff8f90
[07:17:16 641][libtiny.so 0x533fc4] [ee4300d1] 0x40533fc4: "sub x14, sp, #0x10" sp=0xbfff8f90 => x14=0xbfff8f80
[07:17:16 641][libtiny.so 0x533fc8] [df010091] 0x40533fc8: "mov sp, x14" x14=0xbfff8f80 => sp=0xbfff8f80
[07:17:16 641][libtiny.so 0x533fcc] [6e4e00f9] 0x40533fcc: "str x14, [x19, #0x98]" ; mem[WRITE] abs=0xbfff9038 x14=0xbfff8f80 x19=0xbfff8fa0 => x14=0xbfff8f80
[07:17:16 642][libtiny.so 0x533fd0] [ee4300d1] 0x40533fd0: "sub x14, sp, #0x10" sp=0xbfff8f80 => x14=0xbfff8f70
[07:17:16 642][libtiny.so 0x533fd4] [df010091] 0x40533fd4: "mov sp, x14" x14=0xbfff8f70 => sp=0xbfff8f70
[07:17:16 642][libtiny.so 0x533fd8] [6e5200f9] 0x40533fd8: "str x14, [x19, #0xa0]" ; mem[WRITE] abs=0xbfff9040 x14=0xbfff8f70 x19=0xbfff8fa0 => x14=0xbfff8f70
[07:17:16 642][libtiny.so 0x533fdc] [ee4300d1] 0x40533fdc: "sub x14, sp, #0x10" sp=0xbfff8f70 => x14=0xbfff8f60
[07:17:16 643][libtiny.so 0x533fe0] [df010091] 0x40533fe0: "mov sp, x14" x14=0xbfff8f60 => sp=0xbfff8f60
[07:17:16 643][libtiny.so 0x533fe4] [6e5600f9] 0x40533fe4: "str x14, [x19, #0xa8]" ; mem[WRITE] abs=0xbfff9048 x14=0xbfff8f60 x19=0xbfff8fa0 => x14=0xbfff8f60
[07:17:16 643][libtiny.so 0x533fe8] [ee4300d1] 0x40533fe8: "sub x14, sp, #0x10" sp=0xbfff8f60 => x14=0xbfff8f50
[07:17:16 643][libtiny.so 0x533fec] [df010091] 0x40533fec: "mov sp, x14" x14=0xbfff8f50 => sp=0xbfff8f50
[07:17:16 644][libtiny.so 0x533ff0] [6e5a00f9] 0x40533ff0: "str x14, [x19, #0xb0]" ; mem[WRITE] abs=0xbfff9050 x14=0xbfff8f50 x19=0xbfff8fa0 => x14=0xbfff8f50
[07:17:16 644][libtiny.so 0x533ff4] [ee4300d1] 0x40533ff4: "sub x14, sp, #0x10" sp=0xbfff8f50 => x14=0xbfff8f40
[07:17:16 644][libtiny.so 0x533ff8] [df010091] 0x40533ff8: "mov sp, x14" x14=0xbfff8f40 => sp=0xbfff8f40
[07:17:16 644][libtiny.so 0x533ffc] [6e5e00f9] 0x40533ffc: "str x14, [x19, #0xb8]" ; mem[WRITE] abs=0xbfff9058 x14=0xbfff8f40 x19=0xbfff8fa0 => x14=0xbfff8f40
[07:17:16 645][libtiny.so 0x534000] [ee4300d1] 0x40534000: "sub x14, sp, #0x10" sp=0xbfff8f40 => x14=0xbfff8f30
[07:17:16 645][libtiny.so 0x534004] [df010091] 0x40534004: "mov sp, x14" x14=0xbfff8f30 => sp=0xbfff8f30
[07:17:16 645][libtiny.so 0x534008] [04f49352] 0x40534008: "movz w4, #0x9fa0" w4=0xfc0c9c14 => w4=0x9fa0
[07:17:16 645][libtiny.so 0x53400c] [e5fffff0] 0x4053400c: "adrp x5, #0x40533000" => x5=0x40533000
[07:17:16 645][libtiny.so 0x534010] [846da072] 0x40534010: "movk w4, #0x36c, lsl #16" w4=0x9fa0 => w4=0x36c9fa0
[07:17:16 646][libtiny.so 0x534014] [a5000391] 0x40534014: "add x5, x5, #0xc0" x5=0x40533000 => x5=0x405330c0
[07:17:16 646][libtiny.so 0x534018] [cfc047f9] 0x40534018: "ldr x15, [x6, #0xf80]" ; mem[READ] abs=0x40755f80 x6=0x40755000 => x15=0x439a8ba0
[07:17:16 646][libtiny.so 0x53401c] [b700048b] 0x4053401c: "add x23, x5, x4" x5=0x405330c0 x4=0x36c9fa0 => x23=0x43bfd060
[07:17:16 646][libtiny.so 0x534020] [a400174b] 0x40534020: "sub w4, w5, w23" w5=0x405330c0 w23=0x43bfd060 => w4=0xfc936060
[07:17:16 647][libtiny.so 0x534024] [05a48852] 0x40534024: "movz w5, #0x4520" w5=0x405330c0 => w5=0x4520
[07:17:16 647][libtiny.so 0x534028] [a504a072] 0x40534028: "movk w5, #0x25, lsl #16" w5=0x4520 => w5=0x254520
[07:17:16 647][libtiny.so 0x53402c] [8400050b] 0x4053402c: "add w4, w4, w5" w4=0xfc936060 w5=0x254520 => w4=0xfcb8a580
[07:17:16 647][libtiny.so 0x534030] [efc1248b] 0x40534030: "add x15, x15, w4, sxtw" x15=0x439a8ba0 w4=0xfcb8a580 => x15=0x40533120
[07:17:16 648][libtiny.so 0x534034] [6e6200f9] 0x40534034: "str x14, [x19, #0xc0]" ; mem[WRITE] abs=0xbfff9060 x14=0xbfff8f30 x19=0xbfff8fa0 => x14=0xbfff8f30
[07:17:16 648][libtiny.so 0x534038] [e0011fd6] 0x40534038: "br x15" x15=0x40533120
[07:17:16 648][libtiny.so 0x533120] [eef39392] 0x40533120: "movn x14, #0x9f9f" x14=0xbfff8f30 => x14=0xffffffffffff6060
[07:17:16 648][libtiny.so 0x533124] [6e92bff2] 0x40533124: "movk x14, #0xfc93, lsl #16" x14=0xffffffffffff6060 => x14=0xfffffffffc936060
[07:17:16 648][libtiny.so 0x533128] [ee020e8b] 0x40533128: "add x14, x23, x14" x23=0x43bfd060 x14=0xfffffffffc936060 => x14=0x405330c0
[07:17:16 649][libtiny.so 0x53312c] [c0011fd6] 0x4053312c: "br x14" x14=0x405330c0
[07:17:16 649][libtiny.so 0x5330c0] [ee4300d1] 0x405330c0: "sub x14, sp, #0x10" sp=0xbfff8f30 => x14=0xbfff8f20
[07:17:16 649][libtiny.so 0x5330c4] [df010091] 0x405330c4: "mov sp, x14" x14=0xbfff8f20 => sp=0xbfff8f20
[07:17:16 650][libtiny.so 0x5330c8] [6e6600f9] 0x405330c8: "str x14, [x19, #0xc8]" ; mem[WRITE] abs=0xbfff9068 x14=0xbfff8f20 x19=0xbfff8fa0 => x14=0xbfff8f20
[07:17:16 650][libtiny.so 0x5330cc] [ee4300d1] 0x405330cc: "sub x14, sp, #0x10" sp=0xbfff8f20 => x14=0xbfff8f10
[07:17:16 650][libtiny.so 0x5330d0] [df010091] 0x405330d0: "mov sp, x14" x14=0xbfff8f10 => sp=0xbfff8f10
[07:17:16 650][libtiny.so 0x5330d4] [6e6a00f9] 0x405330d4: "str x14, [x19, #0xd0]" ; mem[WRITE] abs=0xbfff9070 x14=0xbfff8f10 x19=0xbfff8fa0 => x14=0xbfff8f10
[07:17:16 650][libtiny.so 0x5330d8] [ee4300d1] 0x405330d8: "sub x14, sp, #0x10" sp=0xbfff8f10 => x14=0xbfff8f00
[07:17:16 651][libtiny.so 0x5330dc] [df010091] 0x405330dc: "mov sp, x14" x14=0xbfff8f00 => sp=0xbfff8f00
[07:17:16 651][libtiny.so 0x5330e0] [6e6e00f9] 0x405330e0: "str x14, [x19, #0xd8]" ; mem[WRITE] abs=0xbfff9078 x14=0xbfff8f00 x19=0xbfff8fa0 => x14=0xbfff8f00
[07:17:16 651][libtiny.so 0x5330e4] [ee4300d1] 0x405330e4: "sub x14, sp, #0x10" sp=0xbfff8f00 => x14=0xbfff8ef0
[07:17:16 651][libtiny.so 0x5330e8] [df010091] 0x405330e8: "mov sp, x14" x14=0xbfff8ef0 => sp=0xbfff8ef0
[07:17:16 652][libtiny.so 0x5330ec] [046e8552] 0x405330ec: "movz w4, #0x2b70" w4=0xfcb8a580 => w4=0x2b70
[07:17:16 652][libtiny.so 0x5330f0] [05000090] 0x405330f0: "adrp x5, #0x40533000" => x5=0x40533000
[07:17:16 656][libtiny.so 0x5330f4] [e4dca072] 0x405330f4: "movk w4, #0x6e7, lsl #16" w4=0x2b70 => w4=0x6e72b70
[07:17:16 656][libtiny.so 0x5330f8] [a5c00491] 0x405330f8: "add x5, x5, #0x130" x5=0x40533000 => x5=0x40533130
[07:17:16 656][libtiny.so 0x5330fc] [8fc647f9] 0x405330fc: "ldr x15, [x20, #0xf88]" ; mem[READ] abs=0x40755f88 x20=0x40755000 => x15=0x43b5b060
[07:17:16 657][libtiny.so 0x533100] [b700048b] 0x40533100: "add x23, x5, x4" x5=0x40533130 x4=0x6e72b70 => x23=0x473a5ca0
[07:17:16 657][libtiny.so 0x533104] [a400174b] 0x40533104: "sub w4, w5, w23" w5=0x40533130 w23=0x473a5ca0 => w4=0xf918d490
[07:17:16 657][libtiny.so 0x533108] [85819652] 0x40533108: "movz w5, #0xb40c" w5=0x40533130 => w5=0xb40c
[07:17:16 657][libtiny.so 0x53310c] [8570a072] 0x4053310c: "movk w5, #0x384, lsl #16" w5=0xb40c => w5=0x384b40c
[07:17:16 658][libtiny.so 0x533110] [8400050b] 0x40533110: "add w4, w4, w5" w4=0xf918d490 w5=0x384b40c => w4=0xfc9d889c
[07:17:16 658][libtiny.so 0x533114] [efc1248b] 0x40533114: "add x15, x15, w4, sxtw" x15=0x43b5b060 w4=0xfc9d889c => x15=0x405338fc
[07:17:16 658][libtiny.so 0x533118] [6e7200f9] 0x40533118: "str x14, [x19, #0xe0]" ; mem[WRITE] abs=0xbfff9080 x14=0xbfff8ef0 x19=0xbfff8fa0 => x14=0xbfff8ef0
[07:17:16 658][libtiny.so 0x53311c] [e0011fd6] 0x4053311c: "br x15" x15=0x405338fc
[07:17:16 659][libtiny.so 0x5338fc] [cec047f9] 0x405338fc: "ldr x14, [x6, #0xf80]" ; mem[READ] abs=0x40755f80 x6=0x40755000 => x14=0x439a8ba0
[07:17:16 659][libtiny.so 0x533900] [e44f8b92] 0x40533900: "movn x4, #0x5a7f" x4=0xfc9d889c => x4=0xffffffffffffa580
[07:17:16 659][libtiny.so 0x533904] [ef799192] 0x40533904: "movn x15, #0x8bcf" x15=0x405338fc => x15=0xffffffffffff7430
[07:17:16 659][libtiny.so 0x533908] [0497bff2] 0x40533908: "movk x4, #0xfcb8, lsl #16" x4=0xffffffffffffa580 => x4=0xfffffffffcb8a580
[07:17:16 659][libtiny.so 0x53390c] [af90bff2] 0x4053390c: "movk x15, #0xfc85, lsl #16" x15=0xffffffffffff7430 => x15=0xfffffffffc857430
[07:17:16 660][libtiny.so 0x533910] [ce01048b] 0x40533910: "add x14, x14, x4" x14=0x439a8ba0 x4=0xfffffffffcb8a580 => x14=0x40533120
[07:17:16 660][libtiny.so 0x533914] [f7020f8b] 0x40533914: "add x23, x23, x15" x23=0x473a5ca0 x15=0xfffffffffc857430 => x23=0x43bfd0d0
[07:17:16 660][libtiny.so 0x533918] [c0011fd6] 0x40533918: "br x14" x14=0x40533120
[07:17:16 660][libtiny.so 0x533120] [eef39392] 0x40533120: "movn x14, #0x9f9f" x14=0x40533120 => x14=0xffffffffffff6060
[07:17:16 660][libtiny.so 0x533124] [6e92bff2] 0x40533124: "movk x14, #0xfc93, lsl #16" x14=0xffffffffffff6060 => x14=0xfffffffffc936060
[07:17:16 660][libtiny.so 0x533128] [ee020e8b] 0x40533128: "add x14, x23, x14" x23=0x43bfd0d0 x14=0xfffffffffc936060 => x14=0x40533130
[07:17:16 660][libtiny.so 0x53312c] [c0011fd6] 0x4053312c: "br x14" x14=0x40533130
[07:17:16 661][libtiny.so 0x533130] [ee4300d1] 0x40533130: "sub x14, sp, #0x10" sp=0xbfff8ef0 => x14=0xbfff8ee0
[07:17:16 661][libtiny.so 0x533134] [df010091] 0x40533134: "mov sp, x14" x14=0xbfff8ee0 => sp=0xbfff8ee0
[07:17:16 662][libtiny.so 0x533138] [6e7600f9] 0x40533138: "str x14, [x19, #0xe8]" ; mem[WRITE] abs=0xbfff9088 x14=0xbfff8ee0 x19=0xbfff8fa0 => x14=0xbfff8ee0
[07:17:16 662][libtiny.so 0x53313c] [ee4300d1] 0x4053313c: "sub x14, sp, #0x10" sp=0xbfff8ee0 => x14=0xbfff8ed0
[07:17:16 662][libtiny.so 0x533140] [df010091] 0x40533140: "mov sp, x14" x14=0xbfff8ed0 => sp=0xbfff8ed0
[07:17:16 662][libtiny.so 0x533144] [6e7a00f9] 0x40533144: "str x14, [x19, #0xf0]" ; mem[WRITE] abs=0xbfff9090 x14=0xbfff8ed0 x19=0xbfff8fa0 => x14=0xbfff8ed0
[07:17:16 663][libtiny.so 0x533148] [ee4300d1] 0x40533148: "sub x14, sp, #0x10" sp=0xbfff8ed0 => x14=0xbfff8ec0
[07:17:16 663][libtiny.so 0x53314c] [df010091] 0x4053314c: "mov sp, x14" x14=0xbfff8ec0 => sp=0xbfff8ec0
[07:17:16 663][libtiny.so 0x533150] [6e7e00f9] 0x40533150: "str x14, [x19, #0xf8]" ; mem[WRITE] abs=0xbfff9098 x14=0xbfff8ec0 x19=0xbfff8fa0 => x14=0xbfff8ec0
[07:17:16 663][libtiny.so 0x533154] [ee4300d1] 0x40533154: "sub x14, sp, #0x10" sp=0xbfff8ec0 => x14=0xbfff8eb0
[07:17:16 664][libtiny.so 0x533158] [df010091] 0x40533158: "mov sp, x14" x14=0xbfff8eb0 => sp=0xbfff8eb0
[07:17:16 664][libtiny.so 0x53315c] [6e8200f9] 0x4053315c: "str x14, [x19, #0x100]" ; mem[WRITE] abs=0xbfff90a0 x14=0xbfff8eb0 x19=0xbfff8fa0 => x14=0xbfff8eb0
[07:17:16 664][libtiny.so 0x533160] [ee4300d1] 0x40533160: "sub x14, sp, #0x10" sp=0xbfff8eb0 => x14=0xbfff8ea0
[07:17:16 664][libtiny.so 0x533164] [df010091] 0x40533164: "mov sp, x14" x14=0xbfff8ea0 => sp=0xbfff8ea0
[07:17:16 665][libtiny.so 0x533168] [6e8600f9] 0x40533168: "str x14, [x19, #0x108]" ; mem[WRITE] abs=0xbfff90a8 x14=0xbfff8ea0 x19=0xbfff8fa0 => x14=0xbfff8ea0
[07:17:16 665][libtiny.so 0x53316c] [ee4300d1] 0x4053316c: "sub x14, sp, #0x10" sp=0xbfff8ea0 => x14=0xbfff8e90
[07:17:16 665][libtiny.so 0x533170] [df010091] 0x40533170: "mov sp, x14" x14=0xbfff8e90 => sp=0xbfff8e90
[07:17:16 665][libtiny.so 0x533174] [6e8a00f9] 0x40533174: "str x14, [x19, #0x110]" ; mem[WRITE] abs=0xbfff90b0 x14=0xbfff8e90 x19=0xbfff8fa0 => x14=0xbfff8e90
[07:17:16 665][libtiny.so 0x533178] [ee4300d1] 0x40533178: "sub x14, sp, #0x10" sp=0xbfff8e90 => x14=0xbfff8e80
[07:17:16 666][libtiny.so 0x53317c] [df010091] 0x4053317c: "mov sp, x14" x14=0xbfff8e80 => sp=0xbfff8e80
[07:17:16 666][libtiny.so 0x533180] [6e8e00f9] 0x40533180: "str x14, [x19, #0x118]" ; mem[WRITE] abs=0xbfff90b8 x14=0xbfff8e80 x19=0xbfff8fa0 => x14=0xbfff8e80
[07:17:16 666][libtiny.so 0x533184] [ee4300d1] 0x40533184: "sub x14, sp, #0x10" sp=0xbfff8e80 => x14=0xbfff8e70
[07:17:16 666][libtiny.so 0x533188] [df010091] 0x40533188: "mov sp, x14" x14=0xbfff8e70 => sp=0xbfff8e70
[07:17:16 667][libtiny.so 0x53318c] [6e9200f9] 0x4053318c: "str x14, [x19, #0x120]" ; mem[WRITE] abs=0xbfff90c0 x14=0xbfff8e70 x19=0xbfff8fa0 => x14=0xbfff8e70
[07:17:16 667][libtiny.so 0x533190] [ee4300d1] 0x40533190: "sub x14, sp, #0x10" sp=0xbfff8e70 => x14=0xbfff8e60
[07:17:16 667][libtiny.so 0x533194] [df010091] 0x40533194: "mov sp, x14" x14=0xbfff8e60 => sp=0xbfff8e60
[07:17:16 667][libtiny.so 0x533198] [046e8552] 0x40533198: "movz w4, #0x2b70" w4=0xfcb8a580 => w4=0x2b70
[07:17:16 667][libtiny.so 0x53319c] [8fc647f9] 0x4053319c: "ldr x15, [x20, #0xf88]" ; mem[READ] abs=0x40755f88 x20=0x40755000 => x15=0x43b5b060
[07:17:16 668][libtiny.so 0x5331a0] [e4dca072] 0x405331a0: "movk w4, #0x6e7, lsl #16" w4=0x2b70 => w4=0x6e72b70
[07:17:16 668][libtiny.so 0x5331a4] [b702048b] 0x405331a4: "add x23, x21, x4" x21=0x40533314 x4=0x6e72b70 => x23=0x473a5e84
[07:17:16 668][libtiny.so 0x5331a8] [85819652] 0x405331a8: "movz w5, #0xb40c" w5=0x384b40c => w5=0xb40c
[07:17:16 668][libtiny.so 0x5331ac] [a402174b] 0x405331ac: "sub w4, w21, w23" w21=0x40533314 w23=0x473a5e84 => w4=0xf918d490
[07:17:16 668][libtiny.so 0x5331b0] [8570a072] 0x405331b0: "movk w5, #0x384, lsl #16" w5=0xb40c => w5=0x384b40c
[07:17:16 669][libtiny.so 0x5331b4] [8400050b] 0x405331b4: "add w4, w4, w5" w4=0xf918d490 w5=0x384b40c => w4=0xfc9d889c
[07:17:16 669][libtiny.so 0x5331b8] [efc1248b] 0x405331b8: "add x15, x15, w4, sxtw" x15=0x43b5b060 w4=0xfc9d889c => x15=0x405338fc
[07:17:16 669][libtiny.so 0x5331bc] [6e9600f9] 0x405331bc: "str x14, [x19, #0x128]" ; mem[WRITE] abs=0xbfff90c8 x14=0xbfff8e60 x19=0xbfff8fa0 => x14=0xbfff8e60
[07:17:16 669][libtiny.so 0x5331c0] [e0011fd6] 0x405331c0: "br x15" x15=0x405338fc
[07:17:16 669][libtiny.so 0x5338fc] [cec047f9] 0x405338fc: "ldr x14, [x6, #0xf80]" ; mem[READ] abs=0x40755f80 x6=0x40755000 => x14=0x439a8ba0
[07:17:16 669][libtiny.so 0x533900] [e44f8b92] 0x40533900: "movn x4, #0x5a7f" x4=0xfc9d889c => x4=0xffffffffffffa580
[07:17:16 669][libtiny.so 0x533904] [ef799192] 0x40533904: "movn x15, #0x8bcf" x15=0x405338fc => x15=0xffffffffffff7430
[07:17:16 669][libtiny.so 0x533908] [0497bff2] 0x40533908: "movk x4, #0xfcb8, lsl #16" x4=0xffffffffffffa580 => x4=0xfffffffffcb8a580
[07:17:16 669][libtiny.so 0x53390c] [af90bff2] 0x4053390c: "movk x15, #0xfc85, lsl #16" x15=0xffffffffffff7430 => x15=0xfffffffffc857430
[07:17:16 669][libtiny.so 0x533910] [ce01048b] 0x40533910: "add x14, x14, x4" x14=0x439a8ba0 x4=0xfffffffffcb8a580 => x14=0x40533120
[07:17:16 669][libtiny.so 0x533914] [f7020f8b] 0x40533914: "add x23, x23, x15" x23=0x473a5e84 x15=0xfffffffffc857430 => x23=0x43bfd2b4
[07:17:16 669][libtiny.so 0x533918] [c0011fd6] 0x40533918: "br x14" x14=0x40533120
[07:17:16 669][libtiny.so 0x533120] [eef39392] 0x40533120: "movn x14, #0x9f9f" x14=0x40533120 => x14=0xffffffffffff6060
[07:17:16 670][libtiny.so 0x533124] [6e92bff2] 0x40533124: "movk x14, #0xfc93, lsl #16" x14=0xffffffffffff6060 => x14=0xfffffffffc936060
[07:17:16 670][libtiny.so 0x533128] [ee020e8b] 0x40533128: "add x14, x23, x14" x23=0x43bfd2b4 x14=0xfffffffffc936060 => x14=0x40533314
[07:17:16 670][libtiny.so 0x53312c] [c0011fd6] 0x4053312c: "br x14" x14=0x40533314
[07:17:16 670][libtiny.so 0x533314] [6e4a40f9] 0x40533314: "ldr x14, [x19, #0x90]" ; mem[READ] abs=0xbfff9030 x19=0xbfff8fa0 => x14=0xbfff8f90
[07:17:16 670][libtiny.so 0x533318] [84448052] 0x40533318: "movz w4, #0x224" w4=0xfcb8a580 => w4=0x224
[07:17:16 670][libtiny.so 0x53331c] [c46ca072] 0x4053331c: "movk w4, #0x366, lsl #16" w4=0x224 => w4=0x3660224
[07:17:16 671][libtiny.so 0x533320] [05829252] 0x40533320: "movz w5, #0x9410" w5=0x384b40c => w5=0x9410
[07:17:16 671][libtiny.so 0x533324] [ce0140f9] 0x40533324: "ldr x14, [x14]" ; mem[READ] abs=0xbfff8f90 x14=0xbfff8f90 => x14=0x0
[07:17:16 671][libtiny.so 0x533328] [a502a072] 0x40533328: "movk w5, #0x15, lsl #16" w5=0x9410 => w5=0x159410
[07:17:16 671][libtiny.so 0x53332c] [6e9a00f9] 0x4053332c: "str x14, [x19, #0x130]" ; mem[WRITE] abs=0xbfff90d0 x14=0x0 x19=0xbfff8fa0 => x14=0x0
[07:17:16 671][libtiny.so 0x533330] [6e9a40f9] 0x40533330: "ldr x14, [x19, #0x130]" ; mem[READ] abs=0xbfff90d0 x19=0xbfff8fa0 => x14=0x0
[07:17:16 672][libtiny.so 0x533334] [cef57ed3] 0x40533334: "lsl x14, x14, #2" x14=0x0 => x14=0x0
[07:17:16 672][libtiny.so 0x533338] [6e9e00f9] 0x40533338: "str x14, [x19, #0x138]" ; mem[WRITE] abs=0xbfff90d8 x14=0x0 x19=0xbfff8fa0 => x14=0x0
[07:17:16 672][libtiny.so 0x53333c] [6e9e40f9] 0x4053333c: "ldr x14, [x19, #0x138]" ; mem[READ] abs=0xbfff90d8 x19=0xbfff8fa0 => x14=0x0
[07:17:16 672][libtiny.so 0x533340] [2e686e38] 0x40533340: "ldrb w14, [x1, x14]" ; mem[READ] abs=0x40b30240 x1=0x40b30240 x14=0x0 => w14=0x7b
[07:17:16 673][libtiny.so 0x533344] [6f9e40f9] 0x40533344: "ldr x15, [x19, #0x138]" ; mem[READ] abs=0xbfff90d8 x19=0xbfff8fa0 => x15=0x0
[07:17:16 673][libtiny.so 0x533348] [ce1d0853] 0x40533348: "lsl w14, w14, #0x18" w14=0x7b => w14=0x7b000000
[07:17:16 673][libtiny.so 0x53334c] [ef0140b2] 0x4053334c: "orr x15, x15, #1" x15=0x0 => x15=0x1
[07:17:16 673][libtiny.so 0x533350] [2f686f38] 0x40533350: "ldrb w15, [x1, x15]" ; mem[READ] abs=0x40b30241 x1=0x40b30240 x15=0x1 => w15=0x22
[07:17:16 673][libtiny.so 0x533354] [ee1d1033] 0x40533354: "bfi w14, w15, #0x10, #8" w14=0x7b000000 w15=0x22 => w14=0x7b220000
[07:17:16 674][libtiny.so 0x533358] [6e4601b9] 0x40533358: "str w14, [x19, #0x144]" ; mem[WRITE] abs=0xbfff90e4 w14=0x7b220000 x19=0xbfff8fa0 => w14=0x7b220000
[07:17:16 674][libtiny.so 0x53335c] [6e9e40f9] 0x4053335c: "ldr x14, [x19, #0x138]" ; mem[READ] abs=0xbfff90d8 x19=0xbfff8fa0 => x14=0x0
[07:17:16 675][libtiny.so 0x533360] [0f000090] 0x40533360: "adrp x15, #0x40533000" => x15=0x40533000
[07:17:16 675][libtiny.so 0x533364] [ef810e91] 0x40533364: "add x15, x15, #0x3a0" x15=0x40533000 => x15=0x405333a0
[07:17:16 675][libtiny.so 0x533368] [f701048b] 0x40533368: "add x23, x15, x4" x15=0x405333a0 x4=0x3660224 => x23=0x43b935c4
[07:17:16 675][libtiny.so 0x53336c] [ce017fb2] 0x4053336c: "orr x14, x14, #2" x14=0x0 => x14=0x2
[07:17:16 676][libtiny.so 0x533370] [24686e38] 0x40533370: "ldrb w4, [x1, x14]" ; mem[READ] abs=0x40b30242 x1=0x40b30240 x14=0x2 => w4=0x61
[07:17:16 676][libtiny.so 0x533374] [8ecb47f9] 0x40533374: "ldr x14, [x28, #0xf90]" ; mem[READ] abs=0x40755f90 x28=0x40755000 => x14=0x43a3a1a4
[07:17:16 676][libtiny.so 0x533378] [ef01174b] 0x40533378: "sub w15, w15, w23" w15=0x405333a0 w23=0x43b935c4 => w15=0xfc99fddc
[07:17:16 676][libtiny.so 0x53337c] [ef01050b] 0x4053337c: "add w15, w15, w5" w15=0xfc99fddc w5=0x159410 => w15=0xfcaf91ec
[07:17:16 676][libtiny.so 0x533380] [845c1853] 0x40533380: "lsl w4, w4, #8" w4=0x61 => w4=0x6100
[07:17:16 677][libtiny.so 0x533384] [cfc12f8b] 0x40533384: "add x15, x14, w15, sxtw" x14=0x43a3a1a4 w15=0xfcaf91ec => x15=0x40533390
[07:17:16 677][libtiny.so 0x533388] [644a01b9] 0x40533388: "str w4, [x19, #0x148]" ; mem[WRITE] abs=0xbfff90e8 w4=0x6100 x19=0xbfff8fa0 => w4=0x6100
[07:17:16 677][libtiny.so 0x53338c] [e0011fd6] 0x4053338c: "br x15" x15=0x40533390
[07:17:16 677][libtiny.so 0x533390] [6e448092] 0x40533390: "movn x14, #0x223" x14=0x43a3a1a4 => x14=0xfffffffffffffddc
[07:17:16 677][libtiny.so 0x533394] [2e93bff2] 0x40533394: "movk x14, #0xfc99, lsl #16" x14=0xfffffffffffffddc => x14=0xfffffffffc99fddc
[07:17:16 677][libtiny.so 0x533398] [ee020e8b] 0x40533398: "add x14, x23, x14" x23=0x43b935c4 x14=0xfffffffffc99fddc => x14=0x405333a0
[07:17:16 677][libtiny.so 0x53339c] [c0011fd6] 0x4053339c: "br x14" x14=0x405333a0
[07:17:16 678][libtiny.so 0x5333a0] [6e4641b9] 0x405333a0: "ldr w14, [x19, #0x144]" ; mem[READ] abs=0xbfff90e4 x19=0xbfff8fa0 => w14=0x7b220000
[07:17:16 678][libtiny.so 0x5333a4] [6f4a41b9] 0x405333a4: "ldr w15, [x19, #0x148]" ; mem[READ] abs=0xbfff90e8 x19=0xbfff8fa0 => w15=0x6100
[07:17:16 678][libtiny.so 0x5333a8] [649e40f9] 0x405333a8: "ldr x4, [x19, #0x138]" ; mem[READ] abs=0xbfff90d8 x19=0xbfff8fa0 => x4=0x0
[07:17:16 678][libtiny.so 0x5333ac] [ce010f2a] 0x405333ac: "orr w14, w14, w15" w14=0x7b220000 w15=0x6100 => w14=0x7b226100
[07:17:16 679][libtiny.so 0x5333b0] [840440b2] 0x405333b0: "orr x4, x4, #3" x4=0x0 => x4=0x3
[07:17:16 679][libtiny.so 0x5333b4] [24686438] 0x405333b4: "ldrb w4, [x1, x4]" ; mem[READ] abs=0x40b30243 x1=0x40b30240 x4=0x3 => w4=0x70
[07:17:16 679][libtiny.so 0x5333b8] [659a40f9] 0x405333b8: "ldr x5, [x19, #0x130]" ; mem[READ] abs=0xbfff90d0 x19=0xbfff8fa0 => x5=0x0
[07:17:16 679][libtiny.so 0x5333bc] [6f821191] 0x405333bc: "add x15, x19, #0x460" x19=0xbfff8fa0 => x15=0xbfff9400
[07:17:16 679][libtiny.so 0x5333c0] [ce01042a] 0x405333c0: "orr w14, w14, w4" w14=0x7b226100 w4=0x70 => w14=0x7b226170
[07:17:16 680][libtiny.so 0x5333c4] [ee7925b8] 0x405333c4: "str w14, [x15, x5, lsl #2]" ; mem[WRITE] abs=0xbfff9400 w14=0x7b226170 x15=0xbfff9400 x5=0x0 => w14=0x7b226170
[07:17:16 680][libtiny.so 0x5333c8] [6e9a40f9] 0x405333c8: "ldr x14, [x19, #0x130]" ; mem[READ] abs=0xbfff90d0 x19=0xbfff8fa0 => x14=0x0
[07:17:16 680][libtiny.so 0x5333cc] [848a8e52] 0x405333cc: "movz w4, #0x7454" w4=0x70 => w4=0x7454
[07:17:16 680][libtiny.so 0x5333d0] [050000b0] 0x405333d0: "adrp x5, #0x40534000" => x5=0x40534000
[07:17:16 680][libtiny.so 0x5333d4] [647ca072] 0x405333d4: "movk w4, #0x3e3, lsl #16" w4=0x7454 => w4=0x3e37454
[07:17:16 681][libtiny.so 0x5333d8] [ce050091] 0x405333d8: "add x14, x14, #1" x14=0x0 => x14=0x1
[07:17:16 681][libtiny.so 0x5333dc] [df4100f1] 0x405333dc: "cmp x14, #0x10" => nzcv=0x280000000 x14=0x1
[07:17:16 681][libtiny.so 0x5333e0] [ef179f1a] 0x405333e0: "cset w15, eq" nzcv=0x18080000000 => w15=0x0
[07:17:16 681][libtiny.so 0x5333e4] [6f3e0539] 0x405333e4: "strb w15, [x19, #0x14f]" ; mem[WRITE] abs=0xbfff90ef w15=0x0 x19=0xbfff8fa0 => w15=0x0
[07:17:16 681][libtiny.so 0x5333e8] [6f4a40f9] 0x405333e8: "ldr x15, [x19, #0x90]" ; mem[READ] abs=0xbfff9030 x19=0xbfff8fa0 => x15=0xbfff8f90
[07:17:16 682][libtiny.so 0x5333ec] [a5101491] 0x405333ec: "add x5, x5, #0x504" x5=0x40534000 => x5=0x40534504
[07:17:16 682][libtiny.so 0x5333f0] [b700048b] 0x405333f0: "add x23, x5, x4" x5=0x40534504 x4=0x3e37454 => x23=0x4436b958
[07:17:16 682][libtiny.so 0x5333f4] [844e8a52] 0x405333f4: "movz w4, #0x5274" w4=0x3e37454 => w4=0x5274
[07:17:16 682][libtiny.so 0x5333f8] [ee0100f9] 0x405333f8: "str x14, [x15]" ; mem[WRITE] abs=0xbfff8f90 x14=0x1 x15=0xbfff8f90 => x14=0x1
[07:17:16 683][libtiny.so 0x5333fc] [6ee147f9] 0x405333fc: "ldr x14, [x11, #0xfc0]" ; mem[READ] abs=0x40755fc0 x11=0x40755000 => x14=0x4451623c
[07:17:16 683][libtiny.so 0x533400] [af00174b] 0x40533400: "sub w15, w5, w23" w5=0x40534504 w23=0x4436b958 => w15=0xfc1c8bac
[07:17:16 683][libtiny.so 0x533404] [a4fcbf72] 0x40533404: "movk w4, #0xffe5, lsl #16" w4=0x5274 => w4=0xffe55274
[07:17:16 684][libtiny.so 0x533408] [ef01040b] 0x40533408: "add w15, w15, w4" w15=0xfc1c8bac w4=0xffe55274 => w15=0xfc01de20
[07:17:16 685][libtiny.so 0x53340c] [cec12f8b] 0x4053340c: "add x14, x14, w15, sxtw" x14=0x4451623c w15=0xfc01de20 => x14=0x4053405c
[07:17:16 685][libtiny.so 0x533410] [c0011fd6] 0x40533410: "br x14" x14=0x4053405c
[07:17:16 685][libtiny.so 0x53405c] [6e8a8e92] 0x4053405c: "movn x14, #0x7453" x14=0x4053405c => x14=0xffffffffffff8bac
[07:17:16 685][libtiny.so 0x534060] [8e83bff2] 0x40534060: "movk x14, #0xfc1c, lsl #16" x14=0xffffffffffff8bac => x14=0xfffffffffc1c8bac
[07:17:16 686][libtiny.so 0x534064] [ee020e8b] 0x40534064: "add x14, x23, x14" x23=0x4436b958 x14=0xfffffffffc1c8bac => x14=0x40534504
[07:17:16 686][libtiny.so 0x534068] [c0011fd6] 0x40534068: "br x14" x14=0x40534504
[07:17:16 686][libtiny.so 0x534504] [6e4e40f9] 0x40534504: "ldr x14, [x19, #0x98]" ; mem[READ] abs=0xbfff9038 x19=0xbfff8fa0 => x14=0xbfff8f80
[07:17:16 686][libtiny.so 0x534508] [2f008052] 0x40534508: "movz w15, #0x1" w15=0xfc01de20 => w15=0x1
[07:17:16 687][libtiny.so 0x53450c] [04f69952] 0x4053450c: "movz w4, #0xcfb0" w4=0xffe55274 => w4=0xcfb0
[07:17:16 687][libtiny.so 0x534510] [05000090] 0x40534510: "adrp x5, #0x40534000" => x5=0x40534000
[07:17:16 687][libtiny.so 0x534514] [cf010039] 0x40534514: "strb w15, [x14]" ; mem[WRITE] abs=0xbfff8f80 w15=0x1 x14=0xbfff8f80 => w15=0x1
[07:17:16 687][libtiny.so 0x534518] [6e5240f9] 0x40534518: "ldr x14, [x19, #0xa0]" ; mem[READ] abs=0xbfff9040 x19=0xbfff8fa0 => x14=0xbfff8f70
[07:17:16 687][libtiny.so 0x53451c] [081100b0] 0x4053451c: "adrp x8, #0x40755000" => x8=0x40755000
[07:17:16 687][libtiny.so 0x534520] [84eaa072] 0x40534520: "movk w4, #0x754, lsl #16" w4=0xcfb0 => w4=0x754cfb0
[07:17:16 688][libtiny.so 0x534524] [a5400891] 0x40534524: "add x5, x5, #0x210" x5=0x40534000 => x5=0x40534210
[07:17:16 688][libtiny.so 0x534528] [df0100f9] 0x40534528: "str xzr, [x14]" ; mem[WRITE] abs=0xbfff8f70 x14=0xbfff8f70
[07:17:16 689][libtiny.so 0x53452c] [6e4e40b9] 0x4053452c: "ldr w14, [x19, #0x4c]" ; mem[READ] abs=0xbfff8fec x19=0xbfff8fa0 => w14=0xa54ff53a
[07:17:16 689][libtiny.so 0x534530] [6f5640f9] 0x40534530: "ldr x15, [x19, #0xa8]" ; mem[READ] abs=0xbfff9048 x19=0xbfff8fa0 => x15=0xbfff8f60
[07:17:16 689][libtiny.so 0x534534] [b700048b] 0x40534534: "add x23, x5, x4" x5=0x40534210 x4=0x754cfb0 => x23=0x47a811c0
[07:17:16 689][libtiny.so 0x534538] [84ed8a52] 0x40534538: "movz w4, #0x576c" w4=0x754cfb0 => w4=0x576c
[07:17:16 689][libtiny.so 0x53453c] [8475a072] 0x4053453c: "movk w4, #0x3ac, lsl #16" w4=0x576c => w4=0x3ac576c
[07:17:16 690][libtiny.so 0x534540] [ee0100b9] 0x40534540: "str w14, [x15]" ; mem[WRITE] abs=0xbfff8f60 w14=0xa54ff53a x15=0xbfff8f60 => w14=0xa54ff53a
[07:17:16 690][libtiny.so 0x534544] [6e3e40b9] 0x40534544: "ldr w14, [x19, #0x3c]" ; mem[READ] abs=0xbfff8fdc x19=0xbfff8fa0 => w14=0x3c6ef372
[07:17:16 690][libtiny.so 0x534548] [6f5a40f9] 0x40534548: "ldr x15, [x19, #0xb0]" ; mem[READ] abs=0xbfff9050 x19=0xbfff8fa0 => x15=0xbfff8f50
[07:17:16 690][libtiny.so 0x53454c] [ee0100b9] 0x4053454c: "str w14, [x15]" ; mem[WRITE] abs=0xbfff8f50 w14=0x3c6ef372 x15=0xbfff8f50 => w14=0x3c6ef372
[07:17:16 690][libtiny.so 0x534550] [6e2e40b9] 0x40534550: "ldr w14, [x19, #0x2c]" ; mem[READ] abs=0xbfff8fcc x19=0xbfff8fa0 => w14=0xbb67ae85
[07:17:16 691][libtiny.so 0x534554] [6f5e40f9] 0x40534554: "ldr x15, [x19, #0xb8]" ; mem[READ] abs=0xbfff9058 x19=0xbfff8fa0 => x15=0xbfff8f40
[07:17:16 691][libtiny.so 0x534558] [ee0100b9] 0x40534558: "str w14, [x15]" ; mem[WRITE] abs=0xbfff8f40 w14=0xbb67ae85 x15=0xbfff8f40 => w14=0xbb67ae85
[07:17:16 691][libtiny.so 0x53455c] [0eed47f9] 0x4053455c: "ldr x14, [x8, #0xfd8]" ; mem[READ] abs=0x40755fd8 x8=0x40755000 => x14=0x43fbbdb4
[07:17:16 691][libtiny.so 0x534560] [af00174b] 0x40534560: "sub w15, w5, w23" w5=0x40534210 w23=0x47a811c0 => w15=0xf8ab3050
[07:17:16 691][libtiny.so 0x534564] [ef01040b] 0x40534564: "add w15, w15, w4" w15=0xf8ab3050 w4=0x3ac576c => w15=0xfc5787bc
[07:17:16 692][libtiny.so 0x534568] [cec12f8b] 0x40534568: "add x14, x14, w15, sxtw" x14=0x43fbbdb4 w15=0xfc5787bc => x14=0x40534570
[07:17:16 692][libtiny.so 0x53456c] [c0011fd6] 0x4053456c: "br x14" x14=0x40534570
[07:17:16 692][libtiny.so 0x534570] [0e1100b0] 0x40534570: "adrp x14, #0x40755000" => x14=0x40755000
[07:17:16 692][libtiny.so 0x534574] [cee947f9] 0x40534574: "ldr x14, [x14, #0xfd0]" ; mem[READ] abs=0x40755fd0 x14=0x40755000 => x14=0x4389d014
[07:17:16 693][libtiny.so 0x534578] [64c29192] 0x40534578: "movn x4, #0x8e13" x4=0x3ac576c => x4=0xffffffffffff71ec
[07:17:16 693][libtiny.so 0x53457c] [ef7a9a92] 0x4053457c: "movn x15, #0xd3d7" x15=0xfc5787bc => x15=0xffffffffffff2c28
[07:17:16 693][libtiny.so 0x534580] [2499bff2] 0x40534580: "movk x4, #0xfcc9, lsl #16" x4=0xffffffffffff71ec => x4=0xfffffffffcc971ec
[07:17:16 693][libtiny.so 0x534584] [0f8fbff2] 0x40534584: "movk x15, #0xfc78, lsl #16" x15=0xffffffffffff2c28 => x15=0xfffffffffc782c28
[07:17:16 693][libtiny.so 0x534588] [ce01048b] 0x40534588: "add x14, x14, x4" x14=0x4389d014 x4=0xfffffffffcc971ec => x14=0x40534200
[07:17:16 694][libtiny.so 0x53458c] [f7020f8b] 0x4053458c: "add x23, x23, x15" x23=0x47a811c0 x15=0xfffffffffc782c28 => x23=0x44203de8
[07:17:16 694][libtiny.so 0x534590] [c0011fd6] 0x40534590: "br x14" x14=0x40534200
[07:17:16 694][libtiny.so 0x534200] [ee7a9f92] 0x40534200: "movn x14, #0xfbd7" x14=0x40534200 => x14=0xffffffffffff0428
[07:17:16 694][libtiny.so 0x534204] [6e86bff2] 0x40534204: "movk x14, #0xfc33, lsl #16" x14=0xffffffffffff0428 => x14=0xfffffffffc330428
[07:17:16 694][libtiny.so 0x534208] [ee020e8b] 0x40534208: "add x14, x23, x14" x23=0x44203de8 x14=0xfffffffffc330428 => x14=0x40534210
[07:17:16 695][libtiny.so 0x53420c] [c0011fd6] 0x4053420c: "br x14" x14=0x40534210
[07:17:16 695][libtiny.so 0x534210] [6e1e40b9] 0x40534210: "ldr w14, [x19, #0x1c]" ; mem[READ] abs=0xbfff8fbc x19=0xbfff8fa0 => w14=0x6a09e667
[07:17:16 695][libtiny.so 0x534214] [6f6240f9] 0x40534214: "ldr x15, [x19, #0xc0]" ; mem[READ] abs=0xbfff9060 x19=0xbfff8fa0 => x15=0xbfff8f30
[07:17:16 695][libtiny.so 0x534218] [046e8552] 0x40534218: "movz w4, #0x2b70" w4=0xfcc971ec => w4=0x2b70
[07:17:16 696][libtiny.so 0x53421c] [85439a52] 0x4053421c: "movz w5, #0xd21c" w5=0x40534210 => w5=0xd21c
[07:17:16 696][libtiny.so 0x534220] [f6fffff0] 0x40534220: "adrp x22, #0x40533000" => x22=0x40533000
[07:17:16 696][libtiny.so 0x534224] [ee0100b9] 0x40534224: "str w14, [x15]" ; mem[WRITE] abs=0xbfff8f30 w14=0x6a09e667 x15=0xbfff8f30 => w14=0x6a09e667
[07:17:16 696][libtiny.so 0x534228] [6e6e40b9] 0x40534228: "ldr w14, [x19, #0x6c]" ; mem[READ] abs=0xbfff900c x19=0xbfff8fa0 => w14=0x9b05688c
[07:17:16 696][libtiny.so 0x53422c] [6f6640f9] 0x4053422c: "ldr x15, [x19, #0xc8]" ; mem[READ] abs=0xbfff9068 x19=0xbfff8fa0 => x15=0xbfff8f20
[07:17:16 697][libtiny.so 0x534230] [e4dca072] 0x40534230: "movk w4, #0x6e7, lsl #16" w4=0x2b70 => w4=0x6e72b70
[07:17:16 697][libtiny.so 0x534234] [a57da072] 0x40534234: "movk w5, #0x3ed, lsl #16" w5=0xd21c => w5=0x3edd21c
[07:17:16 697][libtiny.so 0x534238] [d6d23c91] 0x40534238: "add x22, x22, #0xf34" x22=0x40533000 => x22=0x40533f34
[07:17:16 697][libtiny.so 0x53423c] [ee0100b9] 0x4053423c: "str w14, [x15]" ; mem[WRITE] abs=0xbfff8f20 w14=0x9b05688c x15=0xbfff8f20 => w14=0x9b05688c
[07:17:16 697][libtiny.so 0x534240] [6e7e40b9] 0x40534240: "ldr w14, [x19, #0x7c]" ; mem[READ] abs=0xbfff901c x19=0xbfff8fa0 => w14=0x1f83d9ab
[07:17:16 698][libtiny.so 0x534244] [6f6a40f9] 0x40534244: "ldr x15, [x19, #0xd0]" ; mem[READ] abs=0xbfff9070 x19=0xbfff8fa0 => x15=0xbfff8f10
[07:17:16 698][libtiny.so 0x534248] [a402048b] 0x40534248: "add x4, x21, x4" x21=0x40533314 x4=0x6e72b70 => x4=0x473a5e84
[07:17:16 698][libtiny.so 0x53424c] [c502058b] 0x4053424c: "add x5, x22, x5" x22=0x40533f34 x5=0x3edd21c => x5=0x44411150
[07:17:16 698][libtiny.so 0x534250] [081100b0] 0x40534250: "adrp x8, #0x40755000" => x8=0x40755000
[07:17:16 698][libtiny.so 0x534254] [ee0100b9] 0x40534254: "str w14, [x15]" ; mem[WRITE] abs=0xbfff8f10 w14=0x1f83d9ab x15=0xbfff8f10 => w14=0x1f83d9ab
[07:17:16 699][libtiny.so 0x534258] [6e5e40b9] 0x40534258: "ldr w14, [x19, #0x5c]" ; mem[READ] abs=0xbfff8ffc x19=0xbfff8fa0 => w14=0x510e527f
[07:17:16 699][libtiny.so 0x53425c] [6f6e40f9] 0x4053425c: "ldr x15, [x19, #0xd8]" ; mem[READ] abs=0xbfff9078 x19=0xbfff8fa0 => x15=0xbfff8f00
[07:17:16 699][libtiny.so 0x534260] [08813d91] 0x40534260: "add x8, x8, #0xf60" x8=0x40755000 => x8=0x40755f60
[07:17:16 699][libtiny.so 0x534264] [ee0100b9] 0x40534264: "str w14, [x15]" ; mem[WRITE] abs=0xbfff8f00 w14=0x510e527f x15=0xbfff8f00 => w14=0x510e527f
[07:17:16 700][libtiny.so 0x534268] [6e8e40b9] 0x40534268: "ldr w14, [x19, #0x8c]" ; mem[READ] abs=0xbfff902c x19=0xbfff8fa0 => w14=0x5be0cd19
[07:17:16 700][libtiny.so 0x53426c] [6f7240f9] 0x4053426c: "ldr x15, [x19, #0xe0]" ; mem[READ] abs=0xbfff9080 x19=0xbfff8fa0 => x15=0xbfff8ef0
[07:17:16 700][libtiny.so 0x534270] [ee0100b9] 0x40534270: "str w14, [x15]" ; mem[WRITE] abs=0xbfff8ef0 w14=0x5be0cd19 x15=0xbfff8ef0 => w14=0x5be0cd19
[07:17:16 700][libtiny.so 0x534274] [6e3e4539] 0x40534274: "ldrb w14, [x19, #0x14f]" ; mem[READ] abs=0xbfff90ef x19=0xbfff8fa0 => w14=0x0
[07:17:16 701][libtiny.so 0x534278] [783e4539] 0x40534278: "ldrb w24, [x19, #0x14f]" ; mem[READ] abs=0xbfff90ef x19=0xbfff8fa0 => w24=0x0
[07:17:16 701][libtiny.so 0x53427c] [0f058052] 0x4053427c: "movz w15, #0x28" w15=0xbfff8ef0 => w15=0x28
[07:17:16 701][libtiny.so 0x534280] [df010071] 0x40534280: "cmp w14, #0" => nzcv=0x260000000 w14=0x0
[07:17:16 701][libtiny.so 0x534284] [6e3e4539] 0x40534284: "ldrb w14, [x19, #0x14f]" ; mem[READ] abs=0xbfff90ef x19=0xbfff8fa0 => w14=0x0
[07:17:16 702][libtiny.so 0x534288] [b710849a] 0x40534288: "csel x23, x5, x4, ne" nzcv=0x18060000000 x5=0x44411150 x4=0x473a5e84 => x23=0x473a5e84
[07:17:16 702][libtiny.so 0x53428c] [040a8052] 0x4053428c: "movz w4, #0x50" w4=0x473a5e84 => w4=0x50
[07:17:16 702][libtiny.so 0x534290] [df010071] 0x40534290: "cmp w14, #0" => nzcv=0x260000000 w14=0x0
[07:17:16 702][libtiny.so 0x534294] [8e819652] 0x40534294: "movz w14, #0xb40c" w14=0x0 => w14=0xb40c
[07:17:16 702][libtiny.so 0x534298] [8f108f9a] 0x40534298: "csel x15, x4, x15, ne" nzcv=0x18060000000 x4=0x50 x15=0x28 => x15=0x28
[07:17:16 702][libtiny.so 0x53429c] [04c68d52] 0x4053429c: "movz w4, #0x6e30" w4=0x50 => w4=0x6e30
[07:17:16 703][libtiny.so 0x5342a0] [8e70a072] 0x405342a0: "movk w14, #0x384, lsl #16" w14=0xb40c => w14=0x384b40c
[07:17:16 703][libtiny.so 0x5342a4] [44ffbf72] 0x405342a4: "movk w4, #0xfffa, lsl #16" w4=0x6e30 => w4=0xfffa6e30
[07:17:16 703][libtiny.so 0x5342a8] [0f696ff8] 0x405342a8: "ldr x15, [x8, x15]" ; mem[READ] abs=0x40755f88 x8=0x40755f60 x15=0x28 => x15=0x43b5b060
[07:17:16 703][libtiny.so 0x5342ac] [ae020e0b] 0x405342ac: "add w14, w21, w14" w21=0x40533314 w14=0x384b40c => w14=0x43d7e720
[07:17:16 703][libtiny.so 0x5342b0] [c402040b] 0x405342b0: "add w4, w22, w4" w22=0x40533f34 w4=0xfffa6e30 => w4=0x404dad64
[07:17:16 703][libtiny.so 0x5342b4] [1f030071] 0x405342b4: "cmp w24, #0" => nzcv=0x260000000 w24=0x0
[07:17:16 704][libtiny.so 0x5342b8] [8e108e1a] 0x405342b8: "csel w14, w4, w14, ne" nzcv=0x18060000000 w4=0x404dad64 w14=0x43d7e720 => w14=0x43d7e720
[07:17:16 704][libtiny.so 0x5342bc] [ce01174b] 0x405342bc: "sub w14, w14, w23" w14=0x43d7e720 w23=0x473a5e84 => w14=0xfc9d889c
[07:17:16 704][libtiny.so 0x5342c0] [eec12e8b] 0x405342c0: "add x14, x15, w14, sxtw" x15=0x43b5b060 w14=0xfc9d889c => x14=0x405338fc
[07:17:16 704][libtiny.so 0x5342c4] [c0011fd6] 0x405342c4: "br x14" x14=0x405338fc
[07:17:16 704][libtiny.so 0x5338fc] [cec047f9] 0x405338fc: "ldr x14, [x6, #0xf80]" ; mem[READ] abs=0x40755f80 x6=0x40755000 => x14=0x439a8ba0
[07:17:16 704][libtiny.so 0x533900] [e44f8b92] 0x40533900: "movn x4, #0x5a7f" x4=0x404dad64 => x4=0xffffffffffffa580
[07:17:16 704][libtiny.so 0x533904] [ef799192] 0x40533904: "movn x15, #0x8bcf" x15=0x43b5b060 => x15=0xffffffffffff7430
[07:17:16 704][libtiny.so 0x533908] [0497bff2] 0x40533908: "movk x4, #0xfcb8, lsl #16" x4=0xffffffffffffa580 => x4=0xfffffffffcb8a580
[07:17:16 704][libtiny.so 0x53390c] [af90bff2] 0x4053390c: "movk x15, #0xfc85, lsl #16" x15=0xffffffffffff7430 => x15=0xfffffffffc857430
[07:17:16 704][libtiny.so 0x533910] [ce01048b] 0x40533910: "add x14, x14, x4" x14=0x439a8ba0 x4=0xfffffffffcb8a580 => x14=0x40533120
[07:17:16 704][libtiny.so 0x533914] [f7020f8b] 0x40533914: "add x23, x23, x15" x23=0x473a5e84 x15=0xfffffffffc857430 => x23=0x43bfd2b4
[07:17:16 704][libtiny.so 0x533918] [c0011fd6] 0x40533918: "br x14" x14=0x40533120
[07:17:16 704][libtiny.so 0x533120] [eef39392] 0x40533120: "movn x14, #0x9f9f" x14=0x40533120 => x14=0xffffffffffff6060
[07:17:16 704][libtiny.so 0x533124] [6e92bff2] 0x40533124: "movk x14, #0xfc93, lsl #16" x14=0xffffffffffff6060 => x14=0xfffffffffc936060
[07:17:16 704][libtiny.so 0x533128] [ee020e8b] 0x40533128: "add x14, x23, x14" x23=0x43bfd2b4 x14=0xfffffffffc936060 => x14=0x40533314
[07:17:16 704][libtiny.so 0x53312c] [c0011fd6] 0x4053312c: "br x14" x14=0x40533314
[07:17:16 704][libtiny.so 0x533314] [6e4a40f9] 0x40533314: "ldr x14, [x19, #0x90]" ; mem[READ] abs=0xbfff9030 x19=0xbfff8fa0 => x14=0xbfff8f90
[07:17:16 705][libtiny.so 0x533318] [84448052] 0x40533318: "movz w4, #0x224" w4=0xfcb8a580 => w4=0x224
[07:17:16 705][libtiny.so 0x53331c] [c46ca072] 0x4053331c: "movk w4, #0x366, lsl #16" w4=0x224 => w4=0x3660224
[07:17:16 705][libtiny.so 0x533320] [05829252] 0x40533320: "movz w5, #0x9410" w5=0x44411150 => w5=0x9410
[07:17:16 705][libtiny.so 0x533324] [ce0140f9] 0x40533324: "ldr x14, [x14]" ; mem[READ] abs=0xbfff8f90 x14=0xbfff8f90 => x14=0x1
[07:17:16 705][libtiny.so 0x533328] [a502a072] 0x40533328: "movk w5, #0x15, lsl #16" w5=0x9410 => w5=0x159410
[07:17:16 705][libtiny.so 0x53332c] [6e9a00f9] 0x4053332c: "str x14, [x19, #0x130]" ; mem[WRITE] abs=0xbfff90d0 x14=0x1 x19=0xbfff8fa0 => x14=0x1
[07:17:16 705][libtiny.so 0x533330] [6e9a40f9] 0x40533330: "ldr x14, [x19, #0x130]" ; mem[READ] abs=0xbfff90d0 x19=0xbfff8fa0 => x14=0x1
[07:17:16 705][libtiny.so 0x533334] [cef57ed3] 0x40533334: "lsl x14, x14, #2" x14=0x1 => x14=0x4
[07:17:16 705][libtiny.so 0x533338] [6e9e00f9] 0x40533338: "str x14, [x19, #0x138]" ; mem[WRITE] abs=0xbfff90d8 x14=0x4 x19=0xbfff8fa0 => x14=0x4
[07:17:16 705][libtiny.so 0x53333c] [6e9e40f9] 0x4053333c: "ldr x14, [x19, #0x138]" ; mem[READ] abs=0xbfff90d8 x19=0xbfff8fa0 => x14=0x4
[07:17:16 705][libtiny.so 0x533340] [2e686e38] 0x40533340: "ldrb w14, [x1, x14]" ; mem[READ] abs=0x40b30244 x1=0x40b30240 x14=0x4 => w14=0x70
[07:17:16 705][libtiny.so 0x533344] [6f9e40f9] 0x40533344: "ldr x15, [x19, #0x138]" ; mem[READ] abs=0xbfff90d8 x19=0xbfff8fa0 => x15=0x4
[07:17:16 705][libtiny.so 0x533348] [ce1d0853] 0x40533348: "lsl w14, w14, #0x18" w14=0x70 => w14=0x70000000
[07:17:16 705][libtiny.so 0x53334c] [ef0140b2] 0x4053334c: "orr x15, x15, #1" x15=0x4 => x15=0x5
[07:17:16 705][libtiny.so 0x533350] [2f686f38] 0x40533350: "ldrb w15, [x1, x15]" ; mem[READ] abs=0x40b30245 x1=0x40b30240 x15=0x5 => w15=0x69
[07:17:16 705][libtiny.so 0x533354] [ee1d1033] 0x40533354: "bfi w14, w15, #0x10, #8" w14=0x70000000 w15=0x69 => w14=0x70690000
[07:17:16 705][libtiny.so 0x533358] [6e4601b9] 0x40533358: "str w14, [x19, #0x144]" ; mem[WRITE] abs=0xbfff90e4 w14=0x70690000 x19=0xbfff8fa0 => w14=0x70690000
[07:17:16 705][libtiny.so 0x53335c] [6e9e40f9] 0x4053335c: "ldr x14, [x19, #0x138]" ; mem[READ] abs=0xbfff90d8 x19=0xbfff8fa0 => x14=0x4
[07:17:16 705][libtiny.so 0x533360] [0f000090] 0x40533360: "adrp x15, #0x40533000" => x15=0x40533000
[07:17:16 705][libtiny.so 0x533364] [ef810e91] 0x40533364: "add x15, x15, #0x3a0" x15=0x40533000 => x15=0x405333a0
[07:17:16 705][libtiny.so 0x533368] [f701048b] 0x40533368: "add x23, x15, x4" x15=0x405333a0 x4=0x3660224 => x23=0x43b935c4
[07:17:16 705][libtiny.so 0x53336c] [ce017fb2] 0x4053336c: "orr x14, x14, #2" x14=0x4 => x14=0x6
[07:17:16 705][libtiny.so 0x533370] [24686e38] 0x40533370: "ldrb w4, [x1, x14]" ; mem[READ] abs=0x40b30246 x1=0x40b30240 x14=0x6 => w4=0x64
[07:17:16 705][libtiny.so 0x533374] [8ecb47f9] 0x40533374: "ldr x14, [x28, #0xf90]" ; mem[READ] abs=0x40755f90 x28=0x40755000 => x14=0x43a3a1a4
[07:17:16 705][libtiny.so 0x533378] [ef01174b] 0x40533378: "sub w15, w15, w23" w15=0x405333a0 w23=0x43b935c4 => w15=0xfc99fddc
[07:17:16 705][libtiny.so 0x53337c] [ef01050b] 0x4053337c: "add w15, w15, w5" w15=0xfc99fddc w5=0x159410 => w15=0xfcaf91ec
[07:17:16 705][libtiny.so 0x533380] [845c1853] 0x40533380: "lsl w4, w4, #8" w4=0x64 => w4=0x6400
[07:17:16 705][libtiny.so 0x533384] [cfc12f8b] 0x40533384: "add x15, x14, w15, sxtw" x14=0x43a3a1a4 w15=0xfcaf91ec => x15=0x40533390
[07:17:16 705][libtiny.so 0x533388] [644a01b9] 0x40533388: "str w4, [x19, #0x148]" ; mem[WRITE] abs=0xbfff90e8 w4=0x6400 x19=0xbfff8fa0 => w4=0x6400
[07:17:16 705][libtiny.so 0x53338c] [e0011fd6] 0x4053338c: "br x15" x15=0x40533390
[07:17:16 705][libtiny.so 0x533390] [6e448092] 0x40533390: "movn x14, #0x223" x14=0x43a3a1a4 => x14=0xfffffffffffffddc
[07:17:16 705][libtiny.so 0x533394] [2e93bff2] 0x40533394: "movk x14, #0xfc99, lsl #16" x14=0xfffffffffffffddc => x14=0xfffffffffc99fddc
[07:17:16 705][libtiny.so 0x533398] [ee020e8b] 0x40533398: "add x14, x23, x14" x23=0x43b935c4 x14=0xfffffffffc99fddc => x14=0x405333a0
[07:17:16 705][libtiny.so 0x53339c] [c0011fd6] 0x4053339c: "br x14" x14=0x405333a0
[07:17:16 705][libtiny.so 0x5333a0] [6e4641b9] 0x405333a0: "ldr w14, [x19, #0x144]" ; mem[READ] abs=0xbfff90e4 x19=0xbfff8fa0 => w14=0x70690000
[07:17:16 705][libtiny.so 0x5333a4] [6f4a41b9] 0x405333a4: "ldr w15, [x19, #0x148]" ; mem[READ] abs=0xbfff90e8 x19=0xbfff8fa0 => w15=0x6400
[07:17:16 705][libtiny.so 0x5333a8] [649e40f9] 0x405333a8: "ldr x4, [x19, #0x138]" ; mem[READ] abs=0xbfff90d8 x19=0xbfff8fa0 => x4=0x4
[07:17:16 705][libtiny.so 0x5333ac] [ce010f2a] 0x405333ac: "orr w14, w14, w15" w14=0x70690000 w15=0x6400 => w14=0x70696400
[07:17:16 705][libtiny.so 0x5333b0] [840440b2] 0x405333b0: "orr x4, x4, #3" x4=0x4 => x4=0x7
[07:17:16 705][libtiny.so 0x5333b4] [24686438] 0x405333b4: "ldrb w4, [x1, x4]" ; mem[READ] abs=0x40b30247 x1=0x40b30240 x4=0x7 => w4=0x22
[07:17:16 705][libtiny.so 0x5333b8] [659a40f9] 0x405333b8: "ldr x5, [x19, #0x130]" ; mem[READ] abs=0xbfff90d0 x19=0xbfff8fa0 => x5=0x1
[07:17:16 705][libtiny.so 0x5333bc] [6f821191] 0x405333bc: "add x15, x19, #0x460" x19=0xbfff8fa0 => x15=0xbfff9400
[07:17:16 705][libtiny.so 0x5333c0] [ce01042a] 0x405333c0: "orr w14, w14, w4" w14=0x70696400 w4=0x22 => w14=0x70696422
[07:17:16 705][libtiny.so 0x5333c4] [ee7925b8] 0x405333c4: "str w14, [x15, x5, lsl #2]" ; mem[WRITE] abs=0xbfff9404 w14=0x70696422 x15=0xbfff9400 x5=0x1 => w14=0x70696422
[07:17:16 705][libtiny.so 0x5333c8] [6e9a40f9] 0x405333c8: "ldr x14, [x19, #0x130]" ; mem[READ] abs=0xbfff90d0 x19=0xbfff8fa0 => x14=0x1
[07:17:16 705][libtiny.so 0x5333cc] [848a8e52] 0x405333cc: "movz w4, #0x7454" w4=0x22 => w4=0x7454
[07:17:16 705][libtiny.so 0x5333d0] [050000b0] 0x405333d0: "adrp x5, #0x40534000" => x5=0x40534000
[07:17:16 705][libtiny.so 0x5333d4] [647ca072] 0x405333d4: "movk w4, #0x3e3, lsl #16" w4=0x7454 => w4=0x3e37454
[07:17:16 705][libtiny.so 0x5333d8] [ce050091] 0x405333d8: "add x14, x14, #1" x14=0x1 => x14=0x2
[07:17:16 705][libtiny.so 0x5333dc] [df4100f1] 0x405333dc: "cmp x14, #0x10" => nzcv=0x80000000 x14=0x2
[07:17:16 705][libtiny.so 0x5333e0] [ef179f1a] 0x405333e0: "cset w15, eq" nzcv=0x18080000000 => w15=0x0
[07:17:16 705][libtiny.so 0x5333e4] [6f3e0539] 0x405333e4: "strb w15, [x19, #0x14f]" ; mem[WRITE] abs=0xbfff90ef w15=0x0 x19=0xbfff8fa0 => w15=0x0
[07:17:16 705][libtiny.so 0x5333e8] [6f4a40f9] 0x405333e8: "ldr x15, [x19, #0x90]" ; mem[READ] abs=0xbfff9030 x19=0xbfff8fa0 => x15=0xbfff8f90
[07:17:16 705][libtiny.so 0x5333ec] [a5101491] 0x405333ec: "add x5, x5, #0x504" x5=0x40534000 => x5=0x40534504
[07:17:16 705][libtiny.so 0x5333f0] [b700048b] 0x405333f0: "add x23, x5, x4" x5=0x40534504 x4=0x3e37454 => x23=0x4436b958
[07:17:16 705][libtiny.so 0x5333f4] [844e8a52] 0x405333f4: "movz w4, #0x5274" w4=0x3e37454 => w4=0x5274
[07:17:16 705][libtiny.so 0x5333f8] [ee0100f9] 0x405333f8: "str x14, [x15]" ; mem[WRITE] abs=0xbfff8f90 x14=0x2 x15=0xbfff8f90 => x14=0x2
[07:17:16 705][libtiny.so 0x5333fc] [6ee147f9] 0x405333fc: "ldr x14, [x11, #0xfc0]" ; mem[READ] abs=0x40755fc0 x11=0x40755000 => x14=0x4451623c
[07:17:16 705][libtiny.so 0x533400] [af00174b] 0x40533400: "sub w15, w5, w23" w5=0x40534504 w23=0x4436b958 => w15=0xfc1c8bac
[07:17:16 705][libtiny.so 0x533404] [a4fcbf72] 0x40533404: "movk w4, #0xffe5, lsl #16" w4=0x5274 => w4=0xffe55274
[07:17:16 705][libtiny.so 0x533408] [ef01040b] 0x40533408: "add w15, w15, w4" w15=0xfc1c8bac w4=0xffe55274 => w15=0xfc01de20
[07:17:16 705][libtiny.so 0x53340c] [cec12f8b] 0x4053340c: "add x14, x14, w15, sxtw" x14=0x4451623c w15=0xfc01de20 => x14=0x4053405c
[07:17:16 705][libtiny.so 0x533410] [c0011fd6] 0x40533410: "br x14" x14=0x4053405c
[07:17:16 706][libtiny.so 0x53405c] [6e8a8e92] 0x4053405c: "movn x14, #0x7453" x14=0x4053405c => x14=0xffffffffffff8bac
[07:17:16 706][libtiny.so 0x534060] [8e83bff2] 0x40534060: "movk x14, #0xfc1c, lsl #16" x14=0xffffffffffff8bac => x14=0xfffffffffc1c8bac
[07:17:16 706][libtiny.so 0x534064] [ee020e8b] 0x40534064: "add x14, x23, x14" x23=0x4436b958 x14=0xfffffffffc1c8bac => x14=0x40534504
[07:17:16 706][libtiny.so 0x534068] [c0011fd6] 0x40534068: "br x14" x14=0x40534504
[07:17:16 706][libtiny.so 0x534504] [6e4e40f9] 0x40534504: "ldr x14, [x19, #0x98]" ; mem[READ] abs=0xbfff9038 x19=0xbfff8fa0 => x14=0xbfff8f80
[07:17:16 706][libtiny.so 0x534508] [2f008052] 0x40534508: "movz w15, #0x1" w15=0xfc01de20 => w15=0x1
[07:17:16 706][libtiny.so 0x53450c] [04f69952] 0x4053450c: "movz w4, #0xcfb0" w4=0xffe55274 => w4=0xcfb0
[07:17:16 706][libtiny.so 0x534510] [05000090] 0x40534510: "adrp x5, #0x40534000" => x5=0x40534000
[07:17:16 706][libtiny.so 0x534514] [cf010039] 0x40534514: "strb w15, [x14]" ; mem[WRITE] abs=0xbfff8f80 w15=0x1 x14=0xbfff8f80 => w15=0x1
[07:17:16 706][libtiny.so 0x534518] [6e5240f9] 0x40534518: "ldr x14, [x19, #0xa0]" ; mem[READ] abs=0xbfff9040 x19=0xbfff8fa0 => x14=0xbfff8f70
[07:17:16 706][libtiny.so 0x53451c] [081100b0] 0x4053451c: "adrp x8, #0x40755000" => x8=0x40755000
[07:17:16 706][libtiny.so 0x534520] [84eaa072] 0x40534520: "movk w4, #0x754, lsl #16" w4=0xcfb0 => w4=0x754cfb0
[07:17:16 706][libtiny.so 0x534524] [a5400891] 0x40534524: "add x5, x5, #0x210" x5=0x40534000 => x5=0x40534210
[07:17:16 706][libtiny.so 0x534528] [df0100f9] 0x40534528: "str xzr, [x14]" ; mem[WRITE] abs=0xbfff8f70 x14=0xbfff8f70
[07:17:16 706][libtiny.so 0x53452c] [6e4e40b9] 0x4053452c: "ldr w14, [x19, #0x4c]" ; mem[READ] abs=0xbfff8fec x19=0xbfff8fa0 => w14=0xa54ff53a
[07:17:16 706][libtiny.so 0x534530] [6f5640f9] 0x40534530: "ldr x15, [x19, #0xa8]" ; mem[READ] abs=0xbfff9048 x19=0xbfff8fa0 => x15=0xbfff8f60
[07:17:16 706][libtiny.so 0x534534] [b700048b] 0x40534534: "add x23, x5, x4" x5=0x40534210 x4=0x754cfb0 => x23=0x47a811c0
[07:17:16 706][libtiny.so 0x534538] [84ed8a52] 0x40534538: "movz w4, #0x576c" w4=0x754cfb0 => w4=0x576c
[07:17:16 706][libtiny.so 0x53453c] [8475a072] 0x4053453c: "movk w4, #0x3ac, lsl #16" w4=0x576c => w4=0x3ac576c
[07:17:16 706][libtiny.so 0x534540] [ee0100b9] 0x40534540: "str w14, [x15]" ; mem[WRITE] abs=0xbfff8f60 w14=0xa54ff53a x15=0xbfff8f60 => w14=0xa54ff53a
[07:17:16 706][libtiny.so 0x534544] [6e3e40b9] 0x40534544: "ldr w14, [x19, #0x3c]" ; mem[READ] abs=0xbfff8fdc x19=0xbfff8fa0 => w14=0x3c6ef372
[07:17:16 706][libtiny.so 0x534548] [6f5a40f9] 0x40534548: "ldr x15, [x19, #0xb0]" ; mem[READ] abs=0xbfff9050 x19=0xbfff8fa0 => x15=0xbfff8f50
[07:17:16 706][libtiny.so 0x53454c] [ee0100b9] 0x4053454c: "str w14, [x15]" ; mem[WRITE] abs=0xbfff8f50 w14=0x3c6ef372 x15=0xbfff8f50 => w14=0x3c6ef372
[07:17:16 706][libtiny.so 0x534550] [6e2e40b9] 0x40534550: "ldr w14, [x19, #0x2c]" ; mem[READ] abs=0xbfff8fcc x19=0xbfff8fa0 => w14=0xbb67ae85
[07:17:16 706][libtiny.so 0x534554] [6f5e40f9] 0x40534554: "ldr x15, [x19, #0xb8]" ; mem[READ] abs=0xbfff9058 x19=0xbfff8fa0 => x15=0xbfff8f40
[07:17:16 706][libtiny.so 0x534558] [ee0100b9] 0x40534558: "str w14, [x15]" ; mem[WRITE] abs=0xbfff8f40 w14=0xbb67ae85 x15=0xbfff8f40 => w14=0xbb67ae85
[07:17:16 706][libtiny.so 0x53455c] [0eed47f9] 0x4053455c: "ldr x14, [x8, #0xfd8]" ; mem[READ] abs=0x40755fd8 x8=0x40755000 => x14=0x43fbbdb4
[07:17:16 706][libtiny.so 0x534560] [af00174b] 0x40534560: "sub w15, w5, w23" w5=0x40534210 w23=0x47a811c0 => w15=0xf8ab3050
[07:17:16 706][libtiny.so 0x534564] [ef01040b] 0x40534564: "add w15, w15, w4" w15=0xf8ab3050 w4=0x3ac576c => w15=0xfc5787bc
[07:17:16 706][libtiny.so 0x534568] [cec12f8b] 0x40534568: "add x14, x14, w15, sxtw" x14=0x43fbbdb4 w15=0xfc5787bc => x14=0x40534570
[07:17:16 706][libtiny.so 0x53456c] [c0011fd6] 0x4053456c: "br x14" x14=0x40534570
[07:17:16 706][libtiny.so 0x534570] [0e1100b0] 0x40534570: "adrp x14, #0x40755000" => x14=0x40755000
[07:17:16 706][libtiny.so 0x534574] [cee947f9] 0x40534574: "ldr x14, [x14, #0xfd0]" ; mem[READ] abs=0x40755fd0 x14=0x40755000 => x14=0x4389d014
[07:17:16 706][libtiny.so 0x534578] [64c29192] 0x40534578: "movn x4, #0x8e13" x4=0x3ac576c => x4=0xffffffffffff71ec
[07:17:16 706][libtiny.so 0x53457c] [ef7a9a92] 0x4053457c: "movn x15, #0xd3d7" x15=0xfc5787bc => x15=0xffffffffffff2c28
[07:17:16 706][libtiny.so 0x534580] [2499bff2] 0x40534580: "movk x4, #0xfcc9, lsl #16" x4=0xffffffffffff71ec => x4=0xfffffffffcc971ec
[07:17:16 706][libtiny.so 0x534584] [0f8fbff2] 0x40534584: "movk x15, #0xfc78, lsl #16" x15=0xffffffffffff2c28 => x15=0xfffffffffc782c28
[07:17:16 706][libtiny.so 0x534588] [ce01048b] 0x40534588: "add x14, x14, x4" x14=0x4389d014 x4=0xfffffffffcc971ec => x14=0x40534200
[07:17:16 706][libtiny.so 0x53458c] [f7020f8b] 0x4053458c: "add x23, x23, x15" x23=0x47a811c0 x15=0xfffffffffc782c28 => x23=0x44203de8
[07:17:16 706][libtiny.so 0x534590] [c0011fd6] 0x40534590: "br x14" x14=0x40534200
[07:17:16 706][libtiny.so 0x534200] [ee7a9f92] 0x40534200: "movn x14, #0xfbd7" x14=0x40534200 => x14=0xffffffffffff0428
[07:17:16 706][libtiny.so 0x534204] [6e86bff2] 0x40534204: "movk x14, #0xfc33, lsl #16" x14=0xffffffffffff0428 => x14=0xfffffffffc330428
[07:17:16 706][libtiny.so 0x534208] [ee020e8b] 0x40534208: "add x14, x23, x14" x23=0x44203de8 x14=0xfffffffffc330428 => x14=0x40534210
[07:17:16 706][libtiny.so 0x53420c] [c0011fd6] 0x4053420c: "br x14" x14=0x40534210
[07:17:16 706][libtiny.so 0x534210] [6e1e40b9] 0x40534210: "ldr w14, [x19, #0x1c]" ; mem[READ] abs=0xbfff8fbc x19=0xbfff8fa0 => w14=0x6a09e667
[07:17:16 706][libtiny.so 0x534214] [6f6240f9] 0x40534214: "ldr x15, [x19, #0xc0]" ; mem[READ] abs=0xbfff9060 x19=0xbfff8fa0 => x15=0xbfff8f30
[07:17:16 706][libtiny.so 0x534218] [046e8552] 0x40534218: "movz w4, #0x2b70" w4=0xfcc971ec => w4=0x2b70
[07:17:16 706][libtiny.so 0x53421c] [85439a52] 0x4053421c: "movz w5, #0xd21c" w5=0x40534210 => w5=0xd21c
[07:17:16 706][libtiny.so 0x534220] [f6fffff0] 0x40534220: "adrp x22, #0x40533000" => x22=0x40533000
[07:17:16 706][libtiny.so 0x534224] [ee0100b9] 0x40534224: "str w14, [x15]" ; mem[WRITE] abs=0xbfff8f30 w14=0x6a09e667 x15=0xbfff8f30 => w14=0x6a09e667
[07:17:16 706][libtiny.so 0x534228] [6e6e40b9] 0x40534228: "ldr w14, [x19, #0x6c]" ; mem[READ] abs=0xbfff900c x19=0xbfff8fa0 => w14=0x9b05688c
[07:17:16 706][libtiny.so 0x53422c] [6f6640f9] 0x4053422c: "ldr x15, [x19, #0xc8]" ; mem[READ] abs=0xbfff9068 x19=0xbfff8fa0 => x15=0xbfff8f20
[07:17:16 706][libtiny.so 0x534230] [e4dca072] 0x40534230: "movk w4, #0x6e7, lsl #16" w4=0x2b70 => w4=0x6e72b70
[07:17:16 706][libtiny.so 0x534234] [a57da072] 0x40534234: "movk w5, #0x3ed, lsl #16" w5=0xd21c => w5=0x3edd21c
[07:17:16 706][libtiny.so 0x534238] [d6d23c91] 0x40534238: "add x22, x22, #0xf34" x22=0x40533000 => x22=0x40533f34
[07:17:16 706][libtiny.so 0x53423c] [ee0100b9] 0x4053423c: "str w14, [x15]" ; mem[WRITE] abs=0xbfff8f20 w14=0x9b05688c x15=0xbfff8f20 => w14=0x9b05688c
[07:17:16 706][libtiny.so 0x534240] [6e7e40b9] 0x40534240: "ldr w14, [x19, #0x7c]" ; mem[READ] abs=0xbfff901c x19=0xbfff8fa0 => w14=0x1f83d9ab
[07:17:16 706][libtiny.so 0x534244] [6f6a40f9] 0x40534244: "ldr x15, [x19, #0xd0]" ; mem[READ] abs=0xbfff9070 x19=0xbfff8fa0 => x15=0xbfff8f10
[07:17:16 706][libtiny.so 0x534248] [a402048b] 0x40534248: "add x4, x21, x4" x21=0x40533314 x4=0x6e72b70 => x4=0x473a5e84
[07:17:16 706][libtiny.so 0x53424c] [c502058b] 0x4053424c: "add x5, x22, x5" x22=0x40533f34 x5=0x3edd21c => x5=0x44411150
[07:17:16 706][libtiny.so 0x534250] [081100b0] 0x40534250: "adrp x8, #0x40755000" => x8=0x40755000
[07:17:16 707][libtiny.so 0x534254] [ee0100b9] 0x40534254: "str w14, [x15]" ; mem[WRITE] abs=0xbfff8f10 w14=0x1f83d9ab x15=0xbfff8f10 => w14=0x1f83d9ab
[07:17:16 707][libtiny.so 0x534258] [6e5e40b9] 0x40534258: "ldr w14, [x19, #0x5c]" ; mem[READ] abs=0xbfff8ffc x19=0xbfff8fa0 => w14=0x510e527f
[07:17:16 707][libtiny.so 0x53425c] [6f6e40f9] 0x4053425c: "ldr x15, [x19, #0xd8]" ; mem[READ] abs=0xbfff9078 x19=0xbfff8fa0 => x15=0xbfff8f00
[07:17:16 707][libtiny.so 0x534260] [08813d91] 0x40534260: "add x8, x8, #0xf60" x8=0x40755000 => x8=0x40755f60
[07:17:16 707][libtiny.so 0x534264] [ee0100b9] 0x40534264: "str w14, [x15]" ; mem[WRITE] abs=0xbfff8f00 w14=0x510e527f x15=0xbfff8f00 => w14=0x510e527f
[07:17:16 707][libtiny.so 0x534268] [6e8e40b9] 0x40534268: "ldr w14, [x19, #0x8c]" ; mem[READ] abs=0xbfff902c x19=0xbfff8fa0 => w14=0x5be0cd19
[07:17:16 707][libtiny.so 0x53426c] [6f7240f9] 0x4053426c: "ldr x15, [x19, #0xe0]" ; mem[READ] abs=0xbfff9080 x19=0xbfff8fa0 => x15=0xbfff8ef0
[07:17:16 707][libtiny.so 0x534270] [ee0100b9] 0x40534270: "str w14, [x15]" ; mem[WRITE] abs=0xbfff8ef0 w14=0x5be0cd19 x15=0xbfff8ef0 => w14=0x5be0cd19
[07:17:16 707][libtiny.so 0x534274] [6e3e4539] 0x40534274: "ldrb w14, [x19, #0x14f]" ; mem[READ] abs=0xbfff90ef x19=0xbfff8fa0 => w14=0x0
[07:17:16 707][libtiny.so 0x534278] [783e4539] 0x40534278: "ldrb w24, [x19, #0x14f]" ; mem[READ] abs=0xbfff90ef x19=0xbfff8fa0 => w24=0x0
[07:17:16 707][libtiny.so 0x53427c] [0f058052] 0x4053427c: "movz w15, #0x28" w15=0xbfff8ef0 => w15=0x28
[07:17:16 707][libtiny.so 0x534280] [df010071] 0x40534280: "cmp w14, #0" => nzcv=0x60000000 w14=0x0
[07:17:16 707][libtiny.so 0x534284] [6e3e4539] 0x40534284: "ldrb w14, [x19, #0x14f]" ; mem[READ] abs=0xbfff90ef x19=0xbfff8fa0 => w14=0x0
[07:17:16 707][libtiny.so 0x534288] [b710849a] 0x40534288: "csel x23, x5, x4, ne" nzcv=0x18060000000 x5=0x44411150 x4=0x473a5e84 => x23=0x473a5e84
[07:17:16 707][libtiny.so 0x53428c] [040a8052] 0x4053428c: "movz w4, #0x50" w4=0x473a5e84 => w4=0x50
[07:17:16 707][libtiny.so 0x534290] [df010071] 0x40534290: "cmp w14, #0" => nzcv=0x60000000 w14=0x0
[07:17:16 707][libtiny.so 0x534294] [8e819652] 0x40534294: "movz w14, #0xb40c" w14=0x0 => w14=0xb40c
[07:17:16 707][libtiny.so 0x534298] [8f108f9a] 0x40534298: "csel x15, x4, x15, ne" nzcv=0x18060000000 x4=0x50 x15=0x28 => x15=0x28
[07:17:16 707][libtiny.so 0x53429c] [04c68d52] 0x4053429c: "movz w4, #0x6e30" w4=0x50 => w4=0x6e30
[07:17:16 707][libtiny.so 0x5342a0] [8e70a072] 0x405342a0: "movk w14, #0x384, lsl #16" w14=0xb40c => w14=0x384b40c
[07:17:16 707][libtiny.so 0x5342a4] [44ffbf72] 0x405342a4: "movk w4, #0xfffa, lsl #16" w4=0x6e30 => w4=0xfffa6e30
[07:17:16 707][libtiny.so 0x5342a8] [0f696ff8] 0x405342a8: "ldr x15, [x8, x15]" ; mem[READ] abs=0x40755f88 x8=0x40755f60 x15=0x28 => x15=0x43b5b060
[07:17:16 707][libtiny.so 0x5342ac] [ae020e0b] 0x405342ac: "add w14, w21, w14" w21=0x40533314 w14=0x384b40c => w14=0x43d7e720
[07:17:16 707][libtiny.so 0x5342b0] [c402040b] 0x405342b0: "add w4, w22, w4" w22=0x40533f34 w4=0xfffa6e30 => w4=0x404dad64
[07:17:16 707][libtiny.so 0x5342b4] [1f030071] 0x405342b4: "cmp w24, #0" => nzcv=0x60000000 w24=0x0
[07:17:16 707][libtiny.so 0x5342b8] [8e108e1a] 0x405342b8: "csel w14, w4, w14, ne" nzcv=0x18060000000 w4=0x404dad64 w14=0x43d7e720 => w14=0x43d7e720
[07:17:16 707][libtiny.so 0x5342bc] [ce01174b] 0x405342bc: "sub w14, w14, w23" w14=0x43d7e720 w23=0x473a5e84 => w14=0xfc9d889c
[07:17:16 707][libtiny.so 0x5342c0] [eec12e8b] 0x405342c0: "add x14, x15, w14, sxtw" x15=0x43b5b060 w14=0xfc9d889c => x14=0x405338fc
[07:17:16 707][libtiny.so 0x5342c4] [c0011fd6] 0x405342c4: "br x14" x14=0x405338fc
[07:17:16 707][libtiny.so 0x5338fc] [cec047f9] 0x405338fc: "ldr x14, [x6, #0xf80]" ; mem[READ] abs=0x40755f80 x6=0x40755000 => x14=0x439a8ba0
[07:17:16 707][libtiny.so 0x533900] [e44f8b92] 0x40533900: "movn x4, #0x5a7f" x4=0x404dad64 => x4=0xffffffffffffa580
[07:17:16 707][libtiny.so 0x533904] [ef799192] 0x40533904: "movn x15, #0x8bcf" x15=0x43b5b060 => x15=0xffffffffffff7430
[07:17:16 707][libtiny.so 0x533908] [0497bff2] 0x40533908: "movk x4, #0xfcb8, lsl #16" x4=0xffffffffffffa580 => x4=0xfffffffffcb8a580
[07:17:16 707][libtiny.so 0x53390c] [af90bff2] 0x4053390c: "movk x15, #0xfc85, lsl #16" x15=0xffffffffffff7430 => x15=0xfffffffffc857430
[07:17:16 707][libtiny.so 0x533910] [ce01048b] 0x40533910: "add x14, x14, x4" x14=0x439a8ba0 x4=0xfffffffffcb8a580 => x14=0x40533120
[07:17:16 707][libtiny.so 0x533914] [f7020f8b] 0x40533914: "add x23, x23, x15" x23=0x473a5e84 x15=0xfffffffffc857430 => x23=0x43bfd2b4
[07:17:16 707][libtiny.so 0x533918] [c0011fd6] 0x40533918: "br x14" x14=0x40533120
[07:17:16 707][libtiny.so 0x533120] [eef39392] 0x40533120: "movn x14, #0x9f9f" x14=0x40533120 => x14=0xffffffffffff6060
[07:17:16 707][libtiny.so 0x533124] [6e92bff2] 0x40533124: "movk x14, #0xfc93, lsl #16" x14=0xffffffffffff6060 => x14=0xfffffffffc936060
[07:17:16 707][libtiny.so 0x533128] [ee020e8b] 0x40533128: "add x14, x23, x14" x23=0x43bfd2b4 x14=0xfffffffffc936060 => x14=0x40533314
[07:17:16 707][libtiny.so 0x53312c] [c0011fd6] 0x4053312c: "br x14" x14=0x40533314
[07:17:16 707][libtiny.so 0x533314] [6e4a40f9] 0x40533314: "ldr x14, [x19, #0x90]" ; mem[READ] abs=0xbfff9030 x19=0xbfff8fa0 => x14=0xbfff8f90
[07:17:16 707][libtiny.so 0x533318] [84448052] 0x40533318: "movz w4, #0x224" w4=0xfcb8a580 => w4=0x224
[07:17:16 707][libtiny.so 0x53331c] [c46ca072] 0x4053331c: "movk w4, #0x366, lsl #16" w4=0x224 => w4=0x3660224
[07:17:16 707][libtiny.so 0x533320] [05829252] 0x40533320: "movz w5, #0x9410" w5=0x44411150 => w5=0x9410
[07:17:16 707][libtiny.so 0x533324] [ce0140f9] 0x40533324: "ldr x14, [x14]" ; mem[READ] abs=0xbfff8f90 x14=0xbfff8f90 => x14=0x2
[07:17:16 707][libtiny.so 0x533328] [a502a072] 0x40533328: "movk w5, #0x15, lsl #16" w5=0x9410 => w5=0x159410
[07:17:16 707][libtiny.so 0x53332c] [6e9a00f9] 0x4053332c: "str x14, [x19, #0x130]" ; mem[WRITE] abs=0xbfff90d0 x14=0x2 x19=0xbfff8fa0 => x14=0x2
[07:17:16 707][libtiny.so 0x533330] [6e9a40f9] 0x40533330: "ldr x14, [x19, #0x130]" ; mem[READ] abs=0xbfff90d0 x19=0xbfff8fa0 => x14=0x2
[07:17:16 707][libtiny.so 0x533334] [cef57ed3] 0x40533334: "lsl x14, x14, #2" x14=0x2 => x14=0x8
[07:17:16 707][libtiny.so 0x533338] [6e9e00f9] 0x40533338: "str x14, [x19, #0x138]" ; mem[WRITE] abs=0xbfff90d8 x14=0x8 x19=0xbfff8fa0 => x14=0x8
[07:17:16 707][libtiny.so 0x53333c] [6e9e40f9] 0x4053333c: "ldr x14, [x19, #0x138]" ; mem[READ] abs=0xbfff90d8 x19=0xbfff8fa0 => x14=0x8
[07:17:16 707][libtiny.so 0x533340] [2e686e38] 0x40533340: "ldrb w14, [x1, x14]" ; mem[READ] abs=0x40b30248 x1=0x40b30240 x14=0x8 => w14=0x3a
[07:17:16 707][libtiny.so 0x533344] [6f9e40f9] 0x40533344: "ldr x15, [x19, #0x138]" ; mem[READ] abs=0xbfff90d8 x19=0xbfff8fa0 => x15=0x8
[07:17:16 707][libtiny.so 0x533348] [ce1d0853] 0x40533348: "lsl w14, w14, #0x18" w14=0x3a => w14=0x3a000000
[07:17:16 707][libtiny.so 0x53334c] [ef0140b2] 0x4053334c: "orr x15, x15, #1" x15=0x8 => x15=0x9
[07:17:16 707][libtiny.so 0x533350] [2f686f38] 0x40533350: "ldrb w15, [x1, x15]" ; mem[READ] abs=0x40b30249 x1=0x40b30240 x15=0x9 => w15=0x22
[07:17:16 707][libtiny.so 0x533354] [ee1d1033] 0x40533354: "bfi w14, w15, #0x10, #8" w14=0x3a000000 w15=0x22 => w14=0x3a220000
[07:17:16 707][libtiny.so 0x533358] [6e4601b9] 0x40533358: "str w14, [x19, #0x144]" ; mem[WRITE] abs=0xbfff90e4 w14=0x3a220000 x19=0xbfff8fa0 => w14=0x3a220000
[07:17:16 707][libtiny.so 0x53335c] [6e9e40f9] 0x4053335c: "ldr x14, [x19, #0x138]" ; mem[READ] abs=0xbfff90d8 x19=0xbfff8fa0 => x14=0x8
[07:17:16 707][libtiny.so 0x533360] [0f000090] 0x40533360: "adrp x15, #0x40533000" => x15=0x40533000
[07:17:16 707][libtiny.so 0x533364] [ef810e91] 0x40533364: "add x15, x15, #0x3a0" x15=0x40533000 => x15=0x405333a0
[07:17:16 707][libtiny.so 0x533368] [f701048b] 0x40533368: "add x23, x15, x4" x15=0x405333a0 x4=0x3660224 => x23=0x43b935c4
[07:17:16 707][libtiny.so 0x53336c] [ce017fb2] 0x4053336c: "orr x14, x14, #2" x14=0x8 => x14=0xa
[07:17:16 708][libtiny.so 0x533370] [24686e38] 0x40533370: "ldrb w4, [x1, x14]" ; mem[READ] abs=0x40b3024a x1=0x40b30240 x14=0xa => w4=0x45
[07:17:16 708][libtiny.so 0x533374] [8ecb47f9] 0x40533374: "ldr x14, [x28, #0xf90]" ; mem[READ] abs=0x40755f90 x28=0x40755000 => x14=0x43a3a1a4
[07:17:16 708][libtiny.so 0x533378] [ef01174b] 0x40533378: "sub w15, w15, w23" w15=0x405333a0 w23=0x43b935c4 => w15=0xfc99fddc
[07:17:16 708][libtiny.so 0x53337c] [ef01050b] 0x4053337c: "add w15, w15, w5" w15=0xfc99fddc w5=0x159410 => w15=0xfcaf91ec
[07:17:16 708][libtiny.so 0x533380] [845c1853] 0x40533380: "lsl w4, w4, #8" w4=0x45 => w4=0x4500
[07:17:16 708][libtiny.so 0x533384] [cfc12f8b] 0x40533384: "add x15, x14, w15, sxtw" x14=0x43a3a1a4 w15=0xfcaf91ec => x15=0x40533390
[07:17:16 708][libtiny.so 0x533388] [644a01b9] 0x40533388: "str w4, [x19, #0x148]" ; mem[WRITE] abs=0xbfff90e8 w4=0x4500 x19=0xbfff8fa0 => w4=0x4500
[07:17:16 708][libtiny.so 0x53338c] [e0011fd6] 0x4053338c: "br x15" x15=0x40533390
[07:17:16 708][libtiny.so 0x533390] [6e448092] 0x40533390: "movn x14, #0x223" x14=0x43a3a1a4 => x14=0xfffffffffffffddc
[07:17:16 708][libtiny.so 0x533394] [2e93bff2] 0x40533394: "movk x14, #0xfc99, lsl #16" x14=0xfffffffffffffddc => x14=0xfffffffffc99fddc
[07:17:16 708][libtiny.so 0x533398] [ee020e8b] 0x40533398: "add x14, x23, x14" x23=0x43b935c4 x14=0xfffffffffc99fddc => x14=0x405333a0
[07:17:16 708][libtiny.so 0x53339c] [c0011fd6] 0x4053339c: "br x14" x14=0x405333a0
[07:17:16 708][libtiny.so 0x5333a0] [6e4641b9] 0x405333a0: "ldr w14, [x19, #0x144]" ; mem[READ] abs=0xbfff90e4 x19=0xbfff8fa0 => w14=0x3a220000
[07:17:16 708][libtiny.so 0x5333a4] [6f4a41b9] 0x405333a4: "ldr w15, [x19, #0x148]" ; mem[READ] abs=0xbfff90e8 x19=0xbfff8fa0 => w15=0x4500
[07:17:16 708][libtiny.so 0x5333a8] [649e40f9] 0x405333a8: "ldr x4, [x19, #0x138]" ; mem[READ] abs=0xbfff90d8 x19=0xbfff8fa0 => x4=0x8
[07:17:16 708][libtiny.so 0x5333ac] [ce010f2a] 0x405333ac: "orr w14, w14, w15" w14=0x3a220000 w15=0x4500 => w14=0x3a224500
[07:17:16 708][libtiny.so 0x5333b0] [840440b2] 0x405333b0: "orr x4, x4, #3" x4=0x8 => x4=0xb
[07:17:16 708][libtiny.so 0x5333b4] [24686438] 0x405333b4: "ldrb w4, [x1, x4]" ; mem[READ] abs=0x40b3024b x1=0x40b30240 x4=0xb => w4=0x43
[07:17:16 708][libtiny.so 0x5333b8] [659a40f9] 0x405333b8: "ldr x5, [x19, #0x130]" ; mem[READ] abs=0xbfff90d0 x19=0xbfff8fa0 => x5=0x2
[07:17:16 708][libtiny.so 0x5333bc] [6f821191] 0x405333bc: "add x15, x19, #0x460" x19=0xbfff8fa0 => x15=0xbfff9400
[07:17:16 708][libtiny.so 0x5333c0] [ce01042a] 0x405333c0: "orr w14, w14, w4" w14=0x3a224500 w4=0x43 => w14=0x3a224543
[07:17:16 708][libtiny.so 0x5333c4] [ee7925b8] 0x405333c4: "str w14, [x15, x5, lsl #2]" ; mem[WRITE] abs=0xbfff9408 w14=0x3a224543 x15=0xbfff9400 x5=0x2 => w14=0x3a224543
[07:17:16 708][libtiny.so 0x5333c8] [6e9a40f9] 0x405333c8: "ldr x14, [x19, #0x130]" ; mem[READ] abs=0xbfff90d0 x19=0xbfff8fa0 => x14=0x2
[07:17:16 708][libtiny.so 0x5333cc] [848a8e52] 0x405333cc: "movz w4, #0x7454" w4=0x43 => w4=0x7454
[07:17:16 708][libtiny.so 0x5333d0] [050000b0] 0x405333d0: "adrp x5, #0x40534000" => x5=0x40534000
[07:17:16 708][libtiny.so 0x5333d4] [647ca072] 0x405333d4: "movk w4, #0x3e3, lsl #16" w4=0x7454 => w4=0x3e37454
[07:17:16 708][libtiny.so 0x5333d8] [ce050091] 0x405333d8: "add x14, x14, #1" x14=0x2 => x14=0x3
[07:17:16 708][libtiny.so 0x5333dc] [df4100f1] 0x405333dc: "cmp x14, #0x10" => nzcv=0x80000000 x14=0x3
[07:17:16 708][libtiny.so 0x5333e0] [ef179f1a] 0x405333e0: "cset w15, eq" nzcv=0x18080000000 => w15=0x0
[07:17:16 708][libtiny.so 0x5333e4] [6f3e0539] 0x405333e4: "strb w15, [x19, #0x14f]" ; mem[WRITE] abs=0xbfff90ef w15=0x0 x19=0xbfff8fa0 => w15=0x0
[07:17:16 708][libtiny.so 0x5333e8] [6f4a40f9] 0x405333e8: "ldr x15, [x19, #0x90]" ; mem[READ] abs=0xbfff9030 x19=0xbfff8fa0 => x15=0xbfff8f90
[07:17:16 708][libtiny.so 0x5333ec] [a5101491] 0x405333ec: "add x5, x5, #0x504" x5=0x40534000 => x5=0x40534504
[07:17:16 708][libtiny.so 0x5333f0] [b700048b] 0x405333f0: "add x23, x5, x4" x5=0x40534504 x4=0x3e37454 => x23=0x4436b958
[07:17:16 708][libtiny.so 0x5333f4] [844e8a52] 0x405333f4: "movz w4, #0x5274" w4=0x3e37454 => w4=0x5274
[07:17:16 708][libtiny.so 0x5333f8] [ee0100f9] 0x405333f8: "str x14, [x15]" ; mem[WRITE] abs=0xbfff8f90 x14=0x3 x15=0xbfff8f90 => x14=0x3
[07:17:16 708][libtiny.so 0x5333fc] [6ee147f9] 0x405333fc: "ldr x14, [x11, #0xfc0]" ; mem[READ] abs=0x40755fc0 x11=0x40755000 => x14=0x4451623c
[07:17:16 708][libtiny.so 0x533400] [af00174b] 0x40533400: "sub w15, w5, w23" w5=0x40534504 w23=0x4436b958 => w15=0xfc1c8bac
[07:17:16 708][libtiny.so 0x533404] [a4fcbf72] 0x40533404: "movk w4, #0xffe5, lsl #16" w4=0x5274 => w4=0xffe55274
[07:17:16 708][libtiny.so 0x533408] [ef01040b] 0x40533408: "add w15, w15, w4" w15=0xfc1c8bac w4=0xffe55274 => w15=0xfc01de20
[07:17:16 708][libtiny.so 0x53340c] [cec12f8b] 0x4053340c: "add x14, x14, w15, sxtw" x14=0x4451623c w15=0xfc01de20 => x14=0x4053405c
[07:17:16 708][libtiny.so 0x533410] [c0011fd6] 0x40533410: "br x14" x14=0x4053405c
[07:17:16 708][libtiny.so 0x53405c] [6e8a8e92] 0x4053405c: "movn x14, #0x7453" x14=0x4053405c => x14=0xffffffffffff8bac
[07:17:16 708][libtiny.so 0x534060] [8e83bff2] 0x40534060: "movk x14, #0xfc1c, lsl #16" x14=0xffffffffffff8bac => x14=0xfffffffffc1c8bac
[07:17:16 708][libtiny.so 0x534064] [ee020e8b] 0x40534064: "add x14, x23, x14" x23=0x4436b958 x14=0xfffffffffc1c8bac => x14=0x40534504
[07:17:16 708][libtiny.so 0x534068] [c0011fd6] 0x40534068: "br x14" x14=0x40534504
[07:17:16 708][libtiny.so 0x534504] [6e4e40f9] 0x40534504: "ldr x14, [x19, #0x98]" ; mem[READ] abs=0xbfff9038 x19=0xbfff8fa0 => x14=0xbfff8f80
[07:17:16 708][libtiny.so 0x534508] [2f008052] 0x40534508: "movz w15, #0x1" w15=0xfc01de20 => w15=0x1
[07:17:16 708][libtiny.so 0x53450c] [04f69952] 0x4053450c: "movz w4, #0xcfb0" w4=0xffe55274 => w4=0xcfb0
[07:17:16 708][libtiny.so 0x534510] [05000090] 0x40534510: "adrp x5, #0x40534000" => x5=0x40534000
[07:17:16 708][libtiny.so 0x534514] [cf010039] 0x40534514: "strb w15, [x14]" ; mem[WRITE] abs=0xbfff8f80 w15=0x1 x14=0xbfff8f80 => w15=0x1
[07:17:16 708][libtiny.so 0x534518] [6e5240f9] 0x40534518: "ldr x14, [x19, #0xa0]" ; mem[READ] abs=0xbfff9040 x19=0xbfff8fa0 => x14=0xbfff8f70
[07:17:16 708][libtiny.so 0x53451c] [081100b0] 0x4053451c: "adrp x8, #0x40755000" => x8=0x40755000
[07:17:16 708][libtiny.so 0x534520] [84eaa072] 0x40534520: "movk w4, #0x754, lsl #16" w4=0xcfb0 => w4=0x754cfb0
[07:17:16 708][libtiny.so 0x534524] [a5400891] 0x40534524: "add x5, x5, #0x210" x5=0x40534000 => x5=0x40534210
[07:17:16 708][libtiny.so 0x534528] [df0100f9] 0x40534528: "str xzr, [x14]" ; mem[WRITE] abs=0xbfff8f70 x14=0xbfff8f70
[07:17:16 708][libtiny.so 0x53452c] [6e4e40b9] 0x4053452c: "ldr w14, [x19, #0x4c]" ; mem[READ] abs=0xbfff8fec x19=0xbfff8fa0 => w14=0xa54ff53a
[07:17:16 708][libtiny.so 0x534530] [6f5640f9] 0x40534530: "ldr x15, [x19, #0xa8]" ; mem[READ] abs=0xbfff9048 x19=0xbfff8fa0 => x15=0xbfff8f60
[07:17:16 708][libtiny.so 0x534534] [b700048b] 0x40534534: "add x23, x5, x4" x5=0x40534210 x4=0x754cfb0 => x23=0x47a811c0
[07:17:16 708][libtiny.so 0x534538] [84ed8a52] 0x40534538: "movz w4, #0x576c" w4=0x754cfb0 => w4=0x576c
[07:17:16 708][libtiny.so 0x53453c] [8475a072] 0x4053453c: "movk w4, #0x3ac, lsl #16" w4=0x576c => w4=0x3ac576c
[07:17:16 708][libtiny.so 0x534540] [ee0100b9] 0x40534540: "str w14, [x15]" ; mem[WRITE] abs=0xbfff8f60 w14=0xa54ff53a x15=0xbfff8f60 => w14=0xa54ff53a
[07:17:16 708][libtiny.so 0x534544] [6e3e40b9] 0x40534544: "ldr w14, [x19, #0x3c]" ; mem[READ] abs=0xbfff8fdc x19=0xbfff8fa0 => w14=0x3c6ef372
[07:17:16 708][libtiny.so 0x534548] [6f5a40f9] 0x40534548: "ldr x15, [x19, #0xb0]" ; mem[READ] abs=0xbfff9050 x19=0xbfff8fa0 => x15=0xbfff8f50
[07:17:16 708][libtiny.so 0x53454c] [ee0100b9] 0x4053454c: "str w14, [x15]" ; mem[WRITE] abs=0xbfff8f50 w14=0x3c6ef372 x15=0xbfff8f50 => w14=0x3c6ef372
[07:17:16 708][libtiny.so 0x534550] [6e2e40b9] 0x40534550: "ldr w14, [x19, #0x2c]" ; mem[READ] abs=0xbfff8fcc x19=0xbfff8fa0 => w14=0xbb67ae85
[07:17:16 708][libtiny.so 0x534554] [6f5e40f9] 0x40534554: "ldr x15, [x19, #0xb8]" ; mem[READ] abs=0xbfff9058 x19=0xbfff8fa0 => x15=0xbfff8f40
[07:17:16 708][libtiny.so 0x534558] [ee0100b9] 0x40534558: "str w14, [x15]" ; mem[WRITE] abs=0xbfff8f40 w14=0xbb67ae85 x15=0xbfff8f40 => w14=0xbb67ae85
[07:17:16 708][libtiny.so 0x53455c] [0eed47f9] 0x4053455c: "ldr x14, [x8, #0xfd8]" ; mem[READ] abs=0x40755fd8 x8=0x40755000 => x14=0x43fbbdb4
[07:17:16 709][libtiny.so 0x534560] [af00174b] 0x40534560: "sub w15, w5, w23" w5=0x40534210 w23=0x47a811c0 => w15=0xf8ab3050
[07:17:16 709][libtiny.so 0x534564] [ef01040b] 0x40534564: "add w15, w15, w4" w15=0xf8ab3050 w4=0x3ac576c => w15=0xfc5787bc
[07:17:16 709][libtiny.so 0x534568] [cec12f8b] 0x40534568: "add x14, x14, w15, sxtw" x14=0x43fbbdb4 w15=0xfc5787bc => x14=0x40534570
[07:17:16 709][libtiny.so 0x53456c] [c0011fd6] 0x4053456c: "br x14" x14=0x40534570
[07:17:16 709][libtiny.so 0x534570] [0e1100b0] 0x40534570: "adrp x14, #0x40755000" => x14=0x40755000
[07:17:16 709][libtiny.so 0x534574] [cee947f9] 0x40534574: "ldr x14, [x14, #0xfd0]" ; mem[READ] abs=0x40755fd0 x14=0x40755000 => x14=0x4389d014
[07:17:16 709][libtiny.so 0x534578] [64c29192] 0x40534578: "movn x4, #0x8e13" x4=0x3ac576c => x4=0xffffffffffff71ec
[07:17:16 709][libtiny.so 0x53457c] [ef7a9a92] 0x4053457c: "movn x15, #0xd3d7" x15=0xfc5787bc => x15=0xffffffffffff2c28
[07:17:16 709][libtiny.so 0x534580] [2499bff2] 0x40534580: "movk x4, #0xfcc9, lsl #16" x4=0xffffffffffff71ec => x4=0xfffffffffcc971ec
[07:17:16 709][libtiny.so 0x534584] [0f8fbff2] 0x40534584: "movk x15, #0xfc78, lsl #16" x15=0xffffffffffff2c28 => x15=0xfffffffffc782c28
[07:17:16 709][libtiny.so 0x534588] [ce01048b] 0x40534588: "add x14, x14, x4" x14=0x4389d014 x4=0xfffffffffcc971ec => x14=0x40534200
[07:17:16 709][libtiny.so 0x53458c] [f7020f8b] 0x4053458c: "add x23, x23, x15" x23=0x47a811c0 x15=0xfffffffffc782c28 => x23=0x44203de8
[07:17:16 709][libtiny.so 0x534590] [c0011fd6] 0x40534590: "br x14" x14=0x40534200
[07:17:16 709][libtiny.so 0x534200] [ee7a9f92] 0x40534200: "movn x14, #0xfbd7" x14=0x40534200 => x14=0xffffffffffff0428
[07:17:16 709][libtiny.so 0x534204] [6e86bff2] 0x40534204: "movk x14, #0xfc33, lsl #16" x14=0xffffffffffff0428 => x14=0xfffffffffc330428
[07:17:16 709][libtiny.so 0x534208] [ee020e8b] 0x40534208: "add x14, x23, x14" x23=0x44203de8 x14=0xfffffffffc330428 => x14=0x40534210
[07:17:16 709][libtiny.so 0x53420c] [c0011fd6] 0x4053420c: "br x14" x14=0x40534210
[07:17:16 709][libtiny.so 0x534210] [6e1e40b9] 0x40534210: "ldr w14, [x19, #0x1c]" ; mem[READ] abs=0xbfff8fbc x19=0xbfff8fa0 => w14=0x6a09e667
[07:17:16 709][libtiny.so 0x534214] [6f6240f9] 0x40534214: "ldr x15, [x19, #0xc0]" ; mem[READ] abs=0xbfff9060 x19=0xbfff8fa0 => x15=0xbfff8f30
[07:17:16 709][libtiny.so 0x534218] [046e8552] 0x40534218: "movz w4, #0x2b70" w4=0xfcc971ec => w4=0x2b70
[07:17:16 709][libtiny.so 0x53421c] [85439a52] 0x4053421c: "movz w5, #0xd21c" w5=0x40534210 => w5=0xd21c
[07:17:16 709][libtiny.so 0x534220] [f6fffff0] 0x40534220: "adrp x22, #0x40533000" => x22=0x40533000
[07:17:16 709][libtiny.so 0x534224] [ee0100b9] 0x40534224: "str w14, [x15]" ; mem[WRITE] abs=0xbfff8f30 w14=0x6a09e667 x15=0xbfff8f30 => w14=0x6a09e667
[07:17:16 709][libtiny.so 0x534228] [6e6e40b9] 0x40534228: "ldr w14, [x19, #0x6c]" ; mem[READ] abs=0xbfff900c x19=0xbfff8fa0 => w14=0x9b05688c
[07:17:16 709][libtiny.so 0x53422c] [6f6640f9] 0x4053422c: "ldr x15, [x19, #0xc8]" ; mem[READ] abs=0xbfff9068 x19=0xbfff8fa0 => x15=0xbfff8f20
[07:17:16 709][libtiny.so 0x534230] [e4dca072] 0x40534230: "movk w4, #0x6e7, lsl #16" w4=0x2b70 => w4=0x6e72b70
[07:17:16 709][libtiny.so 0x534234] [a57da072] 0x40534234: "movk w5, #0x3ed, lsl #16" w5=0xd21c => w5=0x3edd21c
[07:17:16 709][libtiny.so 0x534238] [d6d23c91] 0x40534238: "add x22, x22, #0xf34" x22=0x40533000 => x22=0x40533f34
[07:17:16 709][libtiny.so 0x53423c] [ee0100b9] 0x4053423c: "str w14, [x15]" ; mem[WRITE] abs=0xbfff8f20 w14=0x9b05688c x15=0xbfff8f20 => w14=0x9b05688c
[07:17:16 709][libtiny.so 0x534240] [6e7e40b9] 0x40534240: "ldr w14, [x19, #0x7c]" ; mem[READ] abs=0xbfff901c x19=0xbfff8fa0 => w14=0x1f83d9ab
[07:17:16 709][libtiny.so 0x534244] [6f6a40f9] 0x40534244: "ldr x15, [x19, #0xd0]" ; mem[READ] abs=0xbfff9070 x19=0xbfff8fa0 => x15=0xbfff8f10
[07:17:16 709][libtiny.so 0x534248] [a402048b] 0x40534248: "add x4, x21, x4" x21=0x40533314 x4=0x6e72b70 => x4=0x473a5e84
[07:17:16 709][libtiny.so 0x53424c] [c502058b] 0x4053424c: "add x5, x22, x5" x22=0x40533f34 x5=0x3edd21c => x5=0x44411150
[07:17:16 709][libtiny.so 0x534250] [081100b0] 0x40534250: "adrp x8, #0x40755000" => x8=0x40755000
[07:17:16 709][libtiny.so 0x534254] [ee0100b9] 0x40534254: "str w14, [x15]" ; mem[WRITE] abs=0xbfff8f10 w14=0x1f83d9ab x15=0xbfff8f10 => w14=0x1f83d9ab
[07:17:16 709][libtiny.so 0x534258] [6e5e40b9] 0x40534258: "ldr w14, [x19, #0x5c]" ; mem[READ] abs=0xbfff8ffc x19=0xbfff8fa0 => w14=0x510e527f
[07:17:16 709][libtiny.so 0x53425c] [6f6e40f9] 0x4053425c: "ldr x15, [x19, #0xd8]" ; mem[READ] abs=0xbfff9078 x19=0xbfff8fa0 => x15=0xbfff8f00
[07:17:16 709][libtiny.so 0x534260] [08813d91] 0x40534260: "add x8, x8, #0xf60" x8=0x40755000 => x8=0x40755f60
[07:17:16 709][libtiny.so 0x534264] [ee0100b9] 0x40534264: "str w14, [x15]" ; mem[WRITE] abs=0xbfff8f00 w14=0x510e527f x15=0xbfff8f00 => w14=0x510e527f
[07:17:16 709][libtiny.so 0x534268] [6e8e40b9] 0x40534268: "ldr w14, [x19, #0x8c]" ; mem[READ] abs=0xbfff902c x19=0xbfff8fa0 => w14=0x5be0cd19
[07:17:16 709][libtiny.so 0x53426c] [6f7240f9] 0x4053426c: "ldr x15, [x19, #0xe0]" ; mem[READ] abs=0xbfff9080 x19=0xbfff8fa0 => x15=0xbfff8ef0
[07:17:16 709][libtiny.so 0x534270] [ee0100b9] 0x40534270: "str w14, [x15]" ; mem[WRITE] abs=0xbfff8ef0 w14=0x5be0cd19 x15=0xbfff8ef0 => w14=0x5be0cd19
[07:17:16 709][libtiny.so 0x534274] [6e3e4539] 0x40534274: "ldrb w14, [x19, #0x14f]" ; mem[READ] abs=0xbfff90ef x19=0xbfff8fa0 => w14=0x0
[07:17:16 709][libtiny.so 0x534278] [783e4539] 0x40534278: "ldrb w24, [x19, #0x14f]" ; mem[READ] abs=0xbfff90ef x19=0xbfff8fa0 => w24=0x0
[07:17:16 709][libtiny.so 0x53427c] [0f058052] 0x4053427c: "movz w15, #0x28" w15=0xbfff8ef0 => w15=0x28
[07:17:16 709][libtiny.so 0x534280] [df010071] 0x40534280: "cmp w14, #0" => nzcv=0x60000000 w14=0x0
[07:17:16 709][libtiny.so 0x534284] [6e3e4539] 0x40534284: "ldrb w14, [x19, #0x14f]" ; mem[READ] abs=0xbfff90ef x19=0xbfff8fa0 => w14=0x0
[07:17:16 709][libtiny.so 0x534288] [b710849a] 0x40534288: "csel x23, x5, x4, ne" nzcv=0x18060000000 x5=0x44411150 x4=0x473a5e84 => x23=0x473a5e84
[07:17:16 709][libtiny.so 0x53428c] [040a8052] 0x4053428c: "movz w4, #0x50" w4=0x473a5e84 => w4=0x50
[07:17:16 709][libtiny.so 0x534290] [df010071] 0x40534290: "cmp w14, #0" => nzcv=0x60000000 w14=0x0
[07:17:16 709][libtiny.so 0x534294] [8e819652] 0x40534294: "movz w14, #0xb40c" w14=0x0 => w14=0xb40c
[07:17:16 709][libtiny.so 0x534298] [8f108f9a] 0x40534298: "csel x15, x4, x15, ne" nzcv=0x18060000000 x4=0x50 x15=0x28 => x15=0x28
[07:17:16 709][libtiny.so 0x53429c] [04c68d52] 0x4053429c: "movz w4, #0x6e30" w4=0x50 => w4=0x6e30
[07:17:16 709][libtiny.so 0x5342a0] [8e70a072] 0x405342a0: "movk w14, #0x384, lsl #16" w14=0xb40c => w14=0x384b40c
[07:17:16 709][libtiny.so 0x5342a4] [44ffbf72] 0x405342a4: "movk w4, #0xfffa, lsl #16" w4=0x6e30 => w4=0xfffa6e30
[07:17:16 709][libtiny.so 0x5342a8] [0f696ff8] 0x405342a8: "ldr x15, [x8, x15]" ; mem[READ] abs=0x40755f88 x8=0x40755f60 x15=0x28 => x15=0x43b5b060
[07:17:16 709][libtiny.so 0x5342ac] [ae020e0b] 0x405342ac: "add w14, w21, w14" w21=0x40533314 w14=0x384b40c => w14=0x43d7e720
[07:17:16 709][libtiny.so 0x5342b0] [c402040b] 0x405342b0: "add w4, w22, w4" w22=0x40533f34 w4=0xfffa6e30 => w4=0x404dad64
[07:17:16 709][libtiny.so 0x5342b4] [1f030071] 0x405342b4: "cmp w24, #0" => nzcv=0x60000000 w24=0x0
[07:17:16 709][libtiny.so 0x5342b8] [8e108e1a] 0x405342b8: "csel w14, w4, w14, ne" nzcv=0x18060000000 w4=0x404dad64 w14=0x43d7e720 => w14=0x43d7e720
[07:17:16 709][libtiny.so 0x5342bc] [ce01174b] 0x405342bc: "sub w14, w14, w23" w14=0x43d7e720 w23=0x473a5e84 => w14=0xfc9d889c
[07:17:16 709][libtiny.so 0x5342c0] [eec12e8b] 0x405342c0: "add x14, x15, w14, sxtw" x15=0x43b5b060 w14=0xfc9d889c => x14=0x405338fc
[07:17:16 709][libtiny.so 0x5342c4] [c0011fd6] 0x405342c4: "br x14" x14=0x405338fc
[07:17:16 709][libtiny.so 0x5338fc] [cec047f9] 0x405338fc: "ldr x14, [x6, #0xf80]" ; mem[READ] abs=0x40755f80 x6=0x40755000 => x14=0x439a8ba0
[07:17:16 709][libtiny.so 0x533900] [e44f8b92] 0x40533900: "movn x4, #0x5a7f" x4=0x404dad64 => x4=0xffffffffffffa580
[07:17:16 710][libtiny.so 0x533904] [ef799192] 0x40533904: "movn x15, #0x8bcf" x15=0x43b5b060 => x15=0xffffffffffff7430
[07:17:16 710][libtiny.so 0x533908] [0497bff2] 0x40533908: "movk x4, #0xfcb8, lsl #16" x4=0xffffffffffffa580 => x4=0xfffffffffcb8a580
[07:17:16 710][libtiny.so 0x53390c] [af90bff2] 0x4053390c: "movk x15, #0xfc85, lsl #16" x15=0xffffffffffff7430 => x15=0xfffffffffc857430
[07:17:16 710][libtiny.so 0x533910] [ce01048b] 0x40533910: "add x14, x14, x4" x14=0x439a8ba0 x4=0xfffffffffcb8a580 => x14=0x40533120
[07:17:16 710][libtiny.so 0x533914] [f7020f8b] 0x40533914: "add x23, x23, x15" x23=0x473a5e84 x15=0xfffffffffc857430 => x23=0x43bfd2b4
[07:17:16 710][libtiny.so 0x533918] [c0011fd6] 0x40533918: "br x14" x14=0x40533120
[07:17:16 710][libtiny.so 0x533120] [eef39392] 0x40533120: "movn x14, #0x9f9f" x14=0x40533120 => x14=0xffffffffffff6060
[07:17:16 710][libtiny.so 0x533124] [6e92bff2] 0x40533124: "movk x14, #0xfc93, lsl #16" x14=0xffffffffffff6060 => x14=0xfffffffffc936060
[07:17:16 710][libtiny.so 0x533128] [ee020e8b] 0x40533128: "add x14, x23, x14" x23=0x43bfd2b4 x14=0xfffffffffc936060 => x14=0x40533314
[07:17:16 710][libtiny.so 0x53312c] [c0011fd6] 0x4053312c: "br x14" x14=0x40533314
[07:17:16 710][libtiny.so 0x533314] [6e4a40f9] 0x40533314: "ldr x14, [x19, #0x90]" ; mem[READ] abs=0xbfff9030 x19=0xbfff8fa0 => x14=0xbfff8f90
[07:17:16 710][libtiny.so 0x533318] [84448052] 0x40533318: "movz w4, #0x224" w4=0xfcb8a580 => w4=0x224
[07:17:16 710][libtiny.so 0x53331c] [c46ca072] 0x4053331c: "movk w4, #0x366, lsl #16" w4=0x224 => w4=0x3660224
[07:17:16 710][libtiny.so 0x533320] [05829252] 0x40533320: "movz w5, #0x9410" w5=0x44411150 => w5=0x9410
[07:17:16 710][libtiny.so 0x533324] [ce0140f9] 0x40533324: "ldr x14, [x14]" ; mem[READ] abs=0xbfff8f90 x14=0xbfff8f90 => x14=0x3
[07:17:16 710][libtiny.so 0x533328] [a502a072] 0x40533328: "movk w5, #0x15, lsl #16" w5=0x9410 => w5=0x159410
[07:17:16 710][libtiny.so 0x53332c] [6e9a00f9] 0x4053332c: "str x14, [x19, #0x130]" ; mem[WRITE] abs=0xbfff90d0 x14=0x3 x19=0xbfff8fa0 => x14=0x3
[07:17:16 710][libtiny.so 0x533330] [6e9a40f9] 0x40533330: "ldr x14, [x19, #0x130]" ; mem[READ] abs=0xbfff90d0 x19=0xbfff8fa0 => x14=0x3
[07:17:16 710][libtiny.so 0x533334] [cef57ed3] 0x40533334: "lsl x14, x14, #2" x14=0x3 => x14=0xc
[07:17:16 710][libtiny.so 0x533338] [6e9e00f9] 0x40533338: "str x14, [x19, #0x138]" ; mem[WRITE] abs=0xbfff90d8 x14=0xc x19=0xbfff8fa0 => x14=0xc
[07:17:16 710][libtiny.so 0x53333c] [6e9e40f9] 0x4053333c: "ldr x14, [x19, #0x138]" ; mem[READ] abs=0xbfff90d8 x19=0xbfff8fa0 => x14=0xc
[07:17:16 710][libtiny.so 0x533340] [2e686e38] 0x40533340: "ldrb w14, [x1, x14]" ; mem[READ] abs=0x40b3024c x1=0x40b30240 x14=0xc => w14=0x46
[07:17:16 710][libtiny.so 0x533344] [6f9e40f9] 0x40533344: "ldr x15, [x19, #0x138]" ; mem[READ] abs=0xbfff90d8 x19=0xbfff8fa0 => x15=0xc
[07:17:16 710][libtiny.so 0x533348] [ce1d0853] 0x40533348: "lsl w14, w14, #0x18" w14=0x46 => w14=0x46000000
[07:17:16 710][libtiny.so 0x53334c] [ef0140b2] 0x4053334c: "orr x15, x15, #1" x15=0xc => x15=0xd
[07:17:16 710][libtiny.so 0x533350] [2f686f38] 0x40533350: "ldrb w15, [x1, x15]" ; mem[READ] abs=0x40b3024d x1=0x40b30240 x15=0xd => w15=0x41
[07:17:16 710][libtiny.so 0x533354] [ee1d1033] 0x40533354: "bfi w14, w15, #0x10, #8" w14=0x46000000 w15=0x41 => w14=0x46410000
[07:17:16 710][libtiny.so 0x533358] [6e4601b9] 0x40533358: "str w14, [x19, #0x144]" ; mem[WRITE] abs=0xbfff90e4 w14=0x46410000 x19=0xbfff8fa0 => w14=0x46410000
[07:17:16 710][libtiny.so 0x53335c] [6e9e40f9] 0x4053335c: "ldr x14, [x19, #0x138]" ; mem[READ] abs=0xbfff90d8 x19=0xbfff8fa0 => x14=0xc
[07:17:16 710][libtiny.so 0x533360] [0f000090] 0x40533360: "adrp x15, #0x40533000" => x15=0x40533000
[07:17:16 710][libtiny.so 0x533364] [ef810e91] 0x40533364: "add x15, x15, #0x3a0" x15=0x40533000 => x15=0x405333a0
[07:17:16 710][libtiny.so 0x533368] [f701048b] 0x40533368: "add x23, x15, x4" x15=0x405333a0 x4=0x3660224 => x23=0x43b935c4
[07:17:16 710][libtiny.so 0x53336c] [ce017fb2] 0x4053336c: "orr x14, x14, #2" x14=0xc => x14=0xe
[07:17:16 710][libtiny.so 0x533370] [24686e38] 0x40533370: "ldrb w4, [x1, x14]" ; mem[READ] abs=0x40b3024e x1=0x40b30240 x14=0xe => w4=0x41
[07:17:16 710][libtiny.so 0x533374] [8ecb47f9] 0x40533374: "ldr x14, [x28, #0xf90]" ; mem[READ] abs=0x40755f90 x28=0x40755000 => x14=0x43a3a1a4
[07:17:16 710][libtiny.so 0x533378] [ef01174b] 0x40533378: "sub w15, w15, w23" w15=0x405333a0 w23=0x43b935c4 => w15=0xfc99fddc
[07:17:16 710][libtiny.so 0x53337c] [ef01050b] 0x4053337c: "add w15, w15, w5" w15=0xfc99fddc w5=0x159410 => w15=0xfcaf91ec
[07:17:16 710][libtiny.so 0x533380] [845c1853] 0x40533380: "lsl w4, w4, #8" w4=0x41 => w4=0x4100
[07:17:16 710][libtiny.so 0x533384] [cfc12f8b] 0x40533384: "add x15, x14, w15, sxtw" x14=0x43a3a1a4 w15=0xfcaf91ec => x15=0x40533390
[07:17:16 710][libtiny.so 0x533388] [644a01b9] 0x40533388: "str w4, [x19, #0x148]" ; mem[WRITE] abs=0xbfff90e8 w4=0x4100 x19=0xbfff8fa0 => w4=0x4100
[07:17:16 710][libtiny.so 0x53338c] [e0011fd6] 0x4053338c: "br x15" x15=0x40533390
[07:17:16 710][libtiny.so 0x533390] [6e448092] 0x40533390: "movn x14, #0x223" x14=0x43a3a1a4 => x14=0xfffffffffffffddc
[07:17:16 710][libtiny.so 0x533394] [2e93bff2] 0x40533394: "movk x14, #0xfc99, lsl #16" x14=0xfffffffffffffddc => x14=0xfffffffffc99fddc
[07:17:16 710][libtiny.so 0x533398] [ee020e8b] 0x40533398: "add x14, x23, x14" x23=0x43b935c4 x14=0xfffffffffc99fddc => x14=0x405333a0
[07:17:16 710][libtiny.so 0x53339c] [c0011fd6] 0x4053339c: "br x14" x14=0x405333a0
[07:17:16 710][libtiny.so 0x5333a0] [6e4641b9] 0x405333a0: "ldr w14, [x19, #0x144]" ; mem[READ] abs=0xbfff90e4 x19=0xbfff8fa0 => w14=0x46410000
[07:17:16 710][libtiny.so 0x5333a4] [6f4a41b9] 0x405333a4: "ldr w15, [x19, #0x148]" ; mem[READ] abs=0xbfff90e8 x19=0xbfff8fa0 => w15=0x4100
[07:17:16 710][libtiny.so 0x5333a8] [649e40f9] 0x405333a8: "ldr x4, [x19, #0x138]" ; mem[READ] abs=0xbfff90d8 x19=0xbfff8fa0 => x4=0xc
[07:17:16 710][libtiny.so 0x5333ac] [ce010f2a] 0x405333ac: "orr w14, w14, w15" w14=0x46410000 w15=0x4100 => w14=0x46414100
[07:17:16 710][libtiny.so 0x5333b0] [840440b2] 0x405333b0: "orr x4, x4, #3" x4=0xc => x4=0xf
[07:17:16 710][libtiny.so 0x5333b4] [24686438] 0x405333b4: "ldrb w4, [x1, x4]" ; mem[READ] abs=0x40b3024f x1=0x40b30240 x4=0xf => w4=0x46
[07:17:16 710][libtiny.so 0x5333b8] [659a40f9] 0x405333b8: "ldr x5, [x19, #0x130]" ; mem[READ] abs=0xbfff90d0 x19=0xbfff8fa0 => x5=0x3
[07:17:16 710][libtiny.so 0x5333bc] [6f821191] 0x405333bc: "add x15, x19, #0x460" x19=0xbfff8fa0 => x15=0xbfff9400
[07:17:16 710][libtiny.so 0x5333c0] [ce01042a] 0x405333c0: "orr w14, w14, w4" w14=0x46414100 w4=0x46 => w14=0x46414146
[07:17:16 710][libtiny.so 0x5333c4] [ee7925b8] 0x405333c4: "str w14, [x15, x5, lsl #2]" ; mem[WRITE] abs=0xbfff940c w14=0x46414146 x15=0xbfff9400 x5=0x3 => w14=0x46414146
[07:17:16 710][libtiny.so 0x5333c8] [6e9a40f9] 0x405333c8: "ldr x14, [x19, #0x130]" ; mem[READ] abs=0xbfff90d0 x19=0xbfff8fa0 => x14=0x3
[07:17:16 710][libtiny.so 0x5333cc] [848a8e52] 0x405333cc: "movz w4, #0x7454" w4=0x46 => w4=0x7454
[07:17:16 710][libtiny.so 0x5333d0] [050000b0] 0x405333d0: "adrp x5, #0x40534000" => x5=0x40534000
[07:17:16 710][libtiny.so 0x5333d4] [647ca072] 0x405333d4: "movk w4, #0x3e3, lsl #16" w4=0x7454 => w4=0x3e37454
[07:17:16 710][libtiny.so 0x5333d8] [ce050091] 0x405333d8: "add x14, x14, #1" x14=0x3 => x14=0x4
[07:17:16 710][libtiny.so 0x5333dc] [df4100f1] 0x405333dc: "cmp x14, #0x10" => nzcv=0x80000000 x14=0x4
[07:17:16 710][libtiny.so 0x5333e0] [ef179f1a] 0x405333e0: "cset w15, eq" nzcv=0x18080000000 => w15=0x0
[07:17:16 710][libtiny.so 0x5333e4] [6f3e0539] 0x405333e4: "strb w15, [x19, #0x14f]" ; mem[WRITE] abs=0xbfff90ef w15=0x0 x19=0xbfff8fa0 => w15=0x0
[07:17:16 710][libtiny.so 0x5333e8] [6f4a40f9] 0x405333e8: "ldr x15, [x19, #0x90]" ; mem[READ] abs=0xbfff9030 x19=0xbfff8fa0 => x15=0xbfff8f90
[07:17:16 710][libtiny.so 0x5333ec] [a5101491] 0x405333ec: "add x5, x5, #0x504" x5=0x40534000 => x5=0x40534504
[07:17:16 710][libtiny.so 0x5333f0] [b700048b] 0x405333f0: "add x23, x5, x4" x5=0x40534504 x4=0x3e37454 => x23=0x4436b958
[07:17:16 710][libtiny.so 0x5333f4] [844e8a52] 0x405333f4: "movz w4, #0x5274" w4=0x3e37454 => w4=0x5274
[07:17:16 711][libtiny.so 0x5333f8] [ee0100f9] 0x405333f8: "str x14, [x15]" ; mem[WRITE] abs=0xbfff8f90 x14=0x4 x15=0xbfff8f90 => x14=0x4
[07:17:16 711][libtiny.so 0x5333fc] [6ee147f9] 0x405333fc: "ldr x14, [x11, #0xfc0]" ; mem[READ] abs=0x40755fc0 x11=0x40755000 => x14=0x4451623c
[07:17:16 711][libtiny.so 0x533400] [af00174b] 0x40533400: "sub w15, w5, w23" w5=0x40534504 w23=0x4436b958 => w15=0xfc1c8bac
[07:17:16 711][libtiny.so 0x533404] [a4fcbf72] 0x40533404: "movk w4, #0xffe5, lsl #16" w4=0x5274 => w4=0xffe55274
[07:17:16 711][libtiny.so 0x533408] [ef01040b] 0x40533408: "add w15, w15, w4" w15=0xfc1c8bac w4=0xffe55274 => w15=0xfc01de20
[07:17:16 711][libtiny.so 0x53340c] [cec12f8b] 0x4053340c: "add x14, x14, w15, sxtw" x14=0x4451623c w15=0xfc01de20 => x14=0x4053405c
[07:17:16 711][libtiny.so 0x533410] [c0011fd6] 0x40533410: "br x14" x14=0x4053405c
[07:17:16 711][libtiny.so 0x53405c] [6e8a8e92] 0x4053405c: "movn x14, #0x7453" x14=0x4053405c => x14=0xffffffffffff8bac
[07:17:16 711][libtiny.so 0x534060] [8e83bff2] 0x40534060: "movk x14, #0xfc1c, lsl #16" x14=0xffffffffffff8bac => x14=0xfffffffffc1c8bac
[07:17:16 711][libtiny.so 0x534064] [ee020e8b] 0x40534064: "add x14, x23, x14" x23=0x4436b958 x14=0xfffffffffc1c8bac => x14=0x40534504
[07:17:16 711][libtiny.so 0x534068] [c0011fd6] 0x40534068: "br x14" x14=0x40534504
[07:17:16 711][libtiny.so 0x534504] [6e4e40f9] 0x40534504: "ldr x14, [x19, #0x98]" ; mem[READ] abs=0xbfff9038 x19=0xbfff8fa0 => x14=0xbfff8f80
[07:17:16 711][libtiny.so 0x534508] [2f008052] 0x40534508: "movz w15, #0x1" w15=0xfc01de20 => w15=0x1
[07:17:16 711][libtiny.so 0x53450c] [04f69952] 0x4053450c: "movz w4, #0xcfb0" w4=0xffe55274 => w4=0xcfb0
[07:17:16 711][libtiny.so 0x534510] [05000090] 0x40534510: "adrp x5, #0x40534000" => x5=0x40534000
[07:17:16 711][libtiny.so 0x534514] [cf010039] 0x40534514: "strb w15, [x14]" ; mem[WRITE] abs=0xbfff8f80 w15=0x1 x14=0xbfff8f80 => w15=0x1
[07:17:16 711][libtiny.so 0x534518] [6e5240f9] 0x40534518: "ldr x14, [x19, #0xa0]" ; mem[READ] abs=0xbfff9040 x19=0xbfff8fa0 => x14=0xbfff8f70
[07:17:16 711][libtiny.so 0x53451c] [081100b0] 0x4053451c: "adrp x8, #0x40755000" => x8=0x40755000
[07:17:16 711][libtiny.so 0x534520] [84eaa072] 0x40534520: "movk w4, #0x754, lsl #16" w4=0xcfb0 => w4=0x754cfb0
[07:17:16 711][libtiny.so 0x534524] [a5400891] 0x40534524: "add x5, x5, #0x210" x5=0x40534000 => x5=0x40534210
[07:17:16 711][libtiny.so 0x534528] [df0100f9] 0x40534528: "str xzr, [x14]" ; mem[WRITE] abs=0xbfff8f70 x14=0xbfff8f70
[07:17:16 711][libtiny.so 0x53452c] [6e4e40b9] 0x4053452c: "ldr w14, [x19, #0x4c]" ; mem[READ] abs=0xbfff8fec x19=0xbfff8fa0 => w14=0xa54ff53a
[07:17:16 711][libtiny.so 0x534530] [6f5640f9] 0x40534530: "ldr x15, [x19, #0xa8]" ; mem[READ] abs=0xbfff9048 x19=0xbfff8fa0 => x15=0xbfff8f60
[07:17:16 711][libtiny.so 0x534534] [b700048b] 0x40534534: "add x23, x5, x4" x5=0x40534210 x4=0x754cfb0 => x23=0x47a811c0
[07:17:16 711][libtiny.so 0x534538] [84ed8a52] 0x40534538: "movz w4, #0x576c" w4=0x754cfb0 => w4=0x576c
[07:17:16 711][libtiny.so 0x53453c] [8475a072] 0x4053453c: "movk w4, #0x3ac, lsl #16" w4=0x576c => w4=0x3ac576c
[07:17:16 711][libtiny.so 0x534540] [ee0100b9] 0x40534540: "str w14, [x15]" ; mem[WRITE] abs=0xbfff8f60 w14=0xa54ff53a x15=0xbfff8f60 => w14=0xa54ff53a
[07:17:16 711][libtiny.so 0x534544] [6e3e40b9] 0x40534544: "ldr w14, [x19, #0x3c]" ; mem[READ] abs=0xbfff8fdc x19=0xbfff8fa0 => w14=0x3c6ef372
[07:17:16 711][libtiny.so 0x534548] [6f5a40f9] 0x40534548: "ldr x15, [x19, #0xb0]" ; mem[READ] abs=0xbfff9050 x19=0xbfff8fa0 => x15=0xbfff8f50
[07:17:16 711][libtiny.so 0x53454c] [ee0100b9] 0x4053454c: "str w14, [x15]" ; mem[WRITE] abs=0xbfff8f50 w14=0x3c6ef372 x15=0xbfff8f50 => w14=0x3c6ef372
[07:17:16 711][libtiny.so 0x534550] [6e2e40b9] 0x40534550: "ldr w14, [x19, #0x2c]" ; mem[READ] abs=0xbfff8fcc x19=0xbfff8fa0 => w14=0xbb67ae85
[07:17:16 711][libtiny.so 0x534554] [6f5e40f9] 0x40534554: "ldr x15, [x19, #0xb8]" ; mem[READ] abs=0xbfff9058 x19=0xbfff8fa0 => x15=0xbfff8f40
[07:17:16 711][libtiny.so 0x534558] [ee0100b9] 0x40534558: "str w14, [x15]" ; mem[WRITE] abs=0xbfff8f40 w14=0xbb67ae85 x15=0xbfff8f40 => w14=0xbb67ae85
[07:17:16 711][libtiny.so 0x53455c] [0eed47f9] 0x4053455c: "ldr x14, [x8, #0xfd8]" ; mem[READ] abs=0x40755fd8 x8=0x40755000 => x14=0x43fbbdb4
[07:17:16 711][libtiny.so 0x534560] [af00174b] 0x40534560: "sub w15, w5, w23" w5=0x40534210 w23=0x47a811c0 => w15=0xf8ab3050
[07:17:16 711][libtiny.so 0x534564] [ef01040b] 0x40534564: "add w15, w15, w4" w15=0xf8ab3050 w4=0x3ac576c => w15=0xfc5787bc
[07:17:16 711][libtiny.so 0x534568] [cec12f8b] 0x40534568: "add x14, x14, w15, sxtw" x14=0x43fbbdb4 w15=0xfc5787bc => x14=0x40534570
[07:17:16 711][libtiny.so 0x53456c] [c0011fd6] 0x4053456c: "br x14" x14=0x40534570
[07:17:16 711][libtiny.so 0x534570] [0e1100b0] 0x40534570: "adrp x14, #0x40755000" => x14=0x40755000
[07:17:16 711][libtiny.so 0x534574] [cee947f9] 0x40534574: "ldr x14, [x14, #0xfd0]" ; mem[READ] abs=0x40755fd0 x14=0x40755000 => x14=0x4389d014
[07:17:16 711][libtiny.so 0x534578] [64c29192] 0x40534578: "movn x4, #0x8e13" x4=0x3ac576c => x4=0xffffffffffff71ec
[07:17:16 711][libtiny.so 0x53457c] [ef7a9a92] 0x4053457c: "movn x15, #0xd3d7" x15=0xfc5787bc => x15=0xffffffffffff2c28
[07:17:16 711][libtiny.so 0x534580] [2499bff2] 0x40534580: "movk x4, #0xfcc9, lsl #16" x4=0xffffffffffff71ec => x4=0xfffffffffcc971ec
[07:17:16 711][libtiny.so 0x534584] [0f8fbff2] 0x40534584: "movk x15, #0xfc78, lsl #16" x15=0xffffffffffff2c28 => x15=0xfffffffffc782c28
[07:17:16 711][libtiny.so 0x534588] [ce01048b] 0x40534588: "add x14, x14, x4" x14=0x4389d014 x4=0xfffffffffcc971ec => x14=0x40534200
[07:17:16 711][libtiny.so 0x53458c] [f7020f8b] 0x4053458c: "add x23, x23, x15" x23=0x47a811c0 x15=0xfffffffffc782c28 => x23=0x44203de8
[07:17:16 711][libtiny.so 0x534590] [c0011fd6] 0x40534590: "br x14" x14=0x40534200
[07:17:16 711][libtiny.so 0x534200] [ee7a9f92] 0x40534200: "movn x14, #0xfbd7" x14=0x40534200 => x14=0xffffffffffff0428
[07:17:16 711][libtiny.so 0x534204] [6e86bff2] 0x40534204: "movk x14, #0xfc33, lsl #16" x14=0xffffffffffff0428 => x14=0xfffffffffc330428
[07:17:16 711][libtiny.so 0x534208] [ee020e8b] 0x40534208: "add x14, x23, x14" x23=0x44203de8 x14=0xfffffffffc330428 => x14=0x40534210
[07:17:16 711][libtiny.so 0x53420c] [c0011fd6] 0x4053420c: "br x14" x14=0x40534210
[07:17:16 711][libtiny.so 0x534210] [6e1e40b9] 0x40534210: "ldr w14, [x19, #0x1c]" ; mem[READ] abs=0xbfff8fbc x19=0xbfff8fa0 => w14=0x6a09e667
[07:17:16 711][libtiny.so 0x534214] [6f6240f9] 0x40534214: "ldr x15, [x19, #0xc0]" ; mem[READ] abs=0xbfff9060 x19=0xbfff8fa0 => x15=0xbfff8f30
[07:17:16 711][libtiny.so 0x534218] [046e8552] 0x40534218: "movz w4, #0x2b70" w4=0xfcc971ec => w4=0x2b70
[07:17:16 711][libtiny.so 0x53421c] [85439a52] 0x4053421c: "movz w5, #0xd21c" w5=0x40534210 => w5=0xd21c
[07:17:16 711][libtiny.so 0x534220] [f6fffff0] 0x40534220: "adrp x22, #0x40533000" => x22=0x40533000
[07:17:16 711][libtiny.so 0x534224] [ee0100b9] 0x40534224: "str w14, [x15]" ; mem[WRITE] abs=0xbfff8f30 w14=0x6a09e667 x15=0xbfff8f30 => w14=0x6a09e667
[07:17:16 711][libtiny.so 0x534228] [6e6e40b9] 0x40534228: "ldr w14, [x19, #0x6c]" ; mem[READ] abs=0xbfff900c x19=0xbfff8fa0 => w14=0x9b05688c
[07:17:16 711][libtiny.so 0x53422c] [6f6640f9] 0x4053422c: "ldr x15, [x19, #0xc8]" ; mem[READ] abs=0xbfff9068 x19=0xbfff8fa0 => x15=0xbfff8f20
[07:17:16 711][libtiny.so 0x534230] [e4dca072] 0x40534230: "movk w4, #0x6e7, lsl #16" w4=0x2b70 => w4=0x6e72b70
[07:17:16 711][libtiny.so 0x534234] [a57da072] 0x40534234: "movk w5, #0x3ed, lsl #16" w5=0xd21c => w5=0x3edd21c
[07:17:16 711][libtiny.so 0x534238] [d6d23c91] 0x40534238: "add x22, x22, #0xf34" x22=0x40533000 => x22=0x40533f34
[07:17:16 711][libtiny.so 0x53423c] [ee0100b9] 0x4053423c: "str w14, [x15]" ; mem[WRITE] abs=0xbfff8f20 w14=0x9b05688c x15=0xbfff8f20 => w14=0x9b05688c
[07:17:16 711][libtiny.so 0x534240] [6e7e40b9] 0x40534240: "ldr w14, [x19, #0x7c]" ; mem[READ] abs=0xbfff901c x19=0xbfff8fa0 => w14=0x1f83d9ab
[07:17:16 711][libtiny.so 0x534244] [6f6a40f9] 0x40534244: "ldr x15, [x19, #0xd0]" ; mem[READ] abs=0xbfff9070 x19=0xbfff8fa0 => x15=0xbfff8f10
[07:17:16 711][libtiny.so 0x534248] [a402048b] 0x40534248: "add x4, x21, x4" x21=0x40533314 x4=0x6e72b70 => x4=0x473a5e84
[07:17:16 711][libtiny.so 0x53424c] [c502058b] 0x4053424c: "add x5, x22, x5" x22=0x40533f34 x5=0x3edd21c => x5=0x44411150
[07:17:16 712][libtiny.so 0x534250] [081100b0] 0x40534250: "adrp x8, #0x40755000" => x8=0x40755000
[07:17:16 712][libtiny.so 0x534254] [ee0100b9] 0x40534254: "str w14, [x15]" ; mem[WRITE] abs=0xbfff8f10 w14=0x1f83d9ab x15=0xbfff8f10 => w14=0x1f83d9ab
[07:17:16 712][libtiny.so 0x534258] [6e5e40b9] 0x40534258: "ldr w14, [x19, #0x5c]" ; mem[READ] abs=0xbfff8ffc x19=0xbfff8fa0 => w14=0x510e527f
[07:17:16 712][libtiny.so 0x53425c] [6f6e40f9] 0x4053425c: "ldr x15, [x19, #0xd8]" ; mem[READ] abs=0xbfff9078 x19=0xbfff8fa0 => x15=0xbfff8f00
[07:17:16 712][libtiny.so 0x534260] [08813d91] 0x40534260: "add x8, x8, #0xf60" x8=0x40755000 => x8=0x40755f60
[07:17:16 712][libtiny.so 0x534264] [ee0100b9] 0x40534264: "str w14, [x15]" ; mem[WRITE] abs=0xbfff8f00 w14=0x510e527f x15=0xbfff8f00 => w14=0x510e527f
[07:17:16 712][libtiny.so 0x534268] [6e8e40b9] 0x40534268: "ldr w14, [x19, #0x8c]" ; mem[READ] abs=0xbfff902c x19=0xbfff8fa0 => w14=0x5be0cd19
[07:17:16 712][libtiny.so 0x53426c] [6f7240f9] 0x4053426c: "ldr x15, [x19, #0xe0]" ; mem[READ] abs=0xbfff9080 x19=0xbfff8fa0 => x15=0xbfff8ef0
[07:17:16 712][libtiny.so 0x534270] [ee0100b9] 0x40534270: "str w14, [x15]" ; mem[WRITE] abs=0xbfff8ef0 w14=0x5be0cd19 x15=0xbfff8ef0 => w14=0x5be0cd19
[07:17:16 712][libtiny.so 0x534274] [6e3e4539] 0x40534274: "ldrb w14, [x19, #0x14f]" ; mem[READ] abs=0xbfff90ef x19=0xbfff8fa0 => w14=0x0
[07:17:16 712][libtiny.so 0x534278] [783e4539] 0x40534278: "ldrb w24, [x19, #0x14f]" ; mem[READ] abs=0xbfff90ef x19=0xbfff8fa0 => w24=0x0
[07:17:16 712][libtiny.so 0x53427c] [0f058052] 0x4053427c: "movz w15, #0x28" w15=0xbfff8ef0 => w15=0x28
[07:17:16 712][libtiny.so 0x534280] [df010071] 0x40534280: "cmp w14, #0" => nzcv=0x60000000 w14=0x0
[07:17:16 712][libtiny.so 0x534284] [6e3e4539] 0x40534284: "ldrb w14, [x19, #0x14f]" ; mem[READ] abs=0xbfff90ef x19=0xbfff8fa0 => w14=0x0
[07:17:16 712][libtiny.so 0x534288] [b710849a] 0x40534288: "csel x23, x5, x4, ne" nzcv=0x18060000000 x5=0x44411150 x4=0x473a5e84 => x23=0x473a5e84
[07:17:16 712][libtiny.so 0x53428c] [040a8052] 0x4053428c: "movz w4, #0x50" w4=0x473a5e84 => w4=0x50
[07:17:16 712][libtiny.so 0x534290] [df010071] 0x40534290: "cmp w14, #0" => nzcv=0x60000000 w14=0x0
[07:17:16 712][libtiny.so 0x534294] [8e819652] 0x40534294: "movz w14, #0xb40c" w14=0x0 => w14=0xb40c
[07:17:16 712][libtiny.so 0x534298] [8f108f9a] 0x40534298: "csel x15, x4, x15, ne" nzcv=0x18060000000 x4=0x50 x15=0x28 => x15=0x28
[07:17:16 712][libtiny.so 0x53429c] [04c68d52] 0x4053429c: "movz w4, #0x6e30" w4=0x50 => w4=0x6e30
[07:17:16 712][libtiny.so 0x5342a0] [8e70a072] 0x405342a0: "movk w14, #0x384, lsl #16" w14=0xb40c => w14=0x384b40c
[07:17:16 712][libtiny.so 0x5342a4] [44ffbf72] 0x405342a4: "movk w4, #0xfffa, lsl #16" w4=0x6e30 => w4=0xfffa6e30
[07:17:16 712][libtiny.so 0x5342a8] [0f696ff8] 0x405342a8: "ldr x15, [x8, x15]" ; mem[READ] abs=0x40755f88 x8=0x40755f60 x15=0x28 => x15=0x43b5b060
[07:17:16 712][libtiny.so 0x5342ac] [ae020e0b] 0x405342ac: "add w14, w21, w14" w21=0x40533314 w14=0x384b40c => w14=0x43d7e720
[07:17:16 712][libtiny.so 0x5342b0] [c402040b] 0x405342b0: "add w4, w22, w4" w22=0x40533f34 w4=0xfffa6e30 => w4=0x404dad64
[07:17:16 712][libtiny.so 0x5342b4] [1f030071] 0x405342b4: "cmp w24, #0" => nzcv=0x60000000 w24=0x0
[07:17:16 712][libtiny.so 0x5342b8] [8e108e1a] 0x405342b8: "csel w14, w4, w14, ne" nzcv=0x18060000000 w4=0x404dad64 w14=0x43d7e720 => w14=0x43d7e720
[07:17:16 712][libtiny.so 0x5342bc] [ce01174b] 0x405342bc: "sub w14, w14, w23" w14=0x43d7e720 w23=0x473a5e84 => w14=0xfc9d889c
[07:17:16 712][libtiny.so 0x5342c0] [eec12e8b] 0x405342c0: "add x14, x15, w14, sxtw" x15=0x43b5b060 w14=0xfc9d889c => x14=0x405338fc
[07:17:16 712][libtiny.so 0x5342c4] [c0011fd6] 0x405342c4: "br x14" x14=0x405338fc
[07:17:16 712][libtiny.so 0x5338fc] [cec047f9] 0x405338fc: "ldr x14, [x6, #0xf80]" ; mem[READ] abs=0x40755f80 x6=0x40755000 => x14=0x439a8ba0
[07:17:16 712][libtiny.so 0x533900] [e44f8b92] 0x40533900: "movn x4, #0x5a7f" x4=0x404dad64 => x4=0xffffffffffffa580
[07:17:16 712][libtiny.so 0x533904] [ef799192] 0x40533904: "movn x15, #0x8bcf" x15=0x43b5b060 => x15=0xffffffffffff7430
[07:17:16 712][libtiny.so 0x533908] [0497bff2] 0x40533908: "movk x4, #0xfcb8, lsl #16" x4=0xffffffffffffa580 => x4=0xfffffffffcb8a580
[07:17:16 712][libtiny.so 0x53390c] [af90bff2] 0x4053390c: "movk x15, #0xfc85, lsl #16" x15=0xffffffffffff7430 => x15=0xfffffffffc857430
[07:17:16 712][libtiny.so 0x533910] [ce01048b] 0x40533910: "add x14, x14, x4" x14=0x439a8ba0 x4=0xfffffffffcb8a580 => x14=0x40533120
[07:17:16 712][libtiny.so 0x533914] [f7020f8b] 0x40533914: "add x23, x23, x15" x23=0x473a5e84 x15=0xfffffffffc857430 => x23=0x43bfd2b4
[07:17:16 712][libtiny.so 0x533918] [c0011fd6] 0x40533918: "br x14" x14=0x40533120
[07:17:16 712][libtiny.so 0x533120] [eef39392] 0x40533120: "movn x14, #0x9f9f" x14=0x40533120 => x14=0xffffffffffff6060
[07:17:16 712][libtiny.so 0x533124] [6e92bff2] 0x40533124: "movk x14, #0xfc93, lsl #16" x14=0xffffffffffff6060 => x14=0xfffffffffc936060
[07:17:16 712][libtiny.so 0x533128] [ee020e8b] 0x40533128: "add x14, x23, x14" x23=0x43bfd2b4 x14=0xfffffffffc936060 => x14=0x40533314
[07:17:16 712][libtiny.so 0x53312c] [c0011fd6] 0x4053312c: "br x14" x14=0x40533314
[07:17:16 712][libtiny.so 0x533314] [6e4a40f9] 0x40533314: "ldr x14, [x19, #0x90]" ; mem[READ] abs=0xbfff9030 x19=0xbfff8fa0 => x14=0xbfff8f90
[07:17:16 712][libtiny.so 0x533318] [84448052] 0x40533318: "movz w4, #0x224" w4=0xfcb8a580 => w4=0x224
[07:17:16 712][libtiny.so 0x53331c] [c46ca072] 0x4053331c: "movk w4, #0x366, lsl #16" w4=0x224 => w4=0x3660224
[07:17:16 712][libtiny.so 0x533320] [05829252] 0x40533320: "movz w5, #0x9410" w5=0x44411150 => w5=0x9410
[07:17:16 712][libtiny.so 0x533324] [ce0140f9] 0x40533324: "ldr x14, [x14]" ; mem[READ] abs=0xbfff8f90 x14=0xbfff8f90 => x14=0x4
[07:17:16 712][libtiny.so 0x533328] [a502a072] 0x40533328: "movk w5, #0x15, lsl #16" w5=0x9410 => w5=0x159410
[07:17:16 712][libtiny.so 0x53332c] [6e9a00f9] 0x4053332c: "str x14, [x19, #0x130]" ; mem[WRITE] abs=0xbfff90d0 x14=0x4 x19=0xbfff8fa0 => x14=0x4
[07:17:16 712][libtiny.so 0x533330] [6e9a40f9] 0x40533330: "ldr x14, [x19, #0x130]" ; mem[READ] abs=0xbfff90d0 x19=0xbfff8fa0 => x14=0x4
[07:17:16 712][libtiny.so 0x533334] [cef57ed3] 0x40533334: "lsl x14, x14, #2" x14=0x4 => x14=0x10
[07:17:16 712][libtiny.so 0x533338] [6e9e00f9] 0x40533338: "str x14, [x19, #0x138]" ; mem[WRITE] abs=0xbfff90d8 x14=0x10 x19=0xbfff8fa0 => x14=0x10
[07:17:16 712][libtiny.so 0x53333c] [6e9e40f9] 0x4053333c: "ldr x14, [x19, #0x138]" ; mem[READ] abs=0xbfff90d8 x19=0xbfff8fa0 => x14=0x10
[07:17:16 712][libtiny.so 0x533340] [2e686e38] 0x40533340: "ldrb w14, [x1, x14]" ; mem[READ] abs=0x40b30250 x1=0x40b30240 x14=0x10 => w14=0x30
[07:17:16 712][libtiny.so 0x533344] [6f9e40f9] 0x40533344: "ldr x15, [x19, #0x138]" ; mem[READ] abs=0xbfff90d8 x19=0xbfff8fa0 => x15=0x10
[07:17:16 712][libtiny.so 0x533348] [ce1d0853] 0x40533348: "lsl w14, w14, #0x18" w14=0x30 => w14=0x30000000
[07:17:16 712][libtiny.so 0x53334c] [ef0140b2] 0x4053334c: "orr x15, x15, #1" x15=0x10 => x15=0x11
[07:17:16 712][libtiny.so 0x533350] [2f686f38] 0x40533350: "ldrb w15, [x1, x15]" ; mem[READ] abs=0x40b30251 x1=0x40b30240 x15=0x11 => w15=0x31
[07:17:16 712][libtiny.so 0x533354] [ee1d1033] 0x40533354: "bfi w14, w15, #0x10, #8" w14=0x30000000 w15=0x31 => w14=0x30310000
[07:17:16 712][libtiny.so 0x533358] [6e4601b9] 0x40533358: "str w14, [x19, #0x144]" ; mem[WRITE] abs=0xbfff90e4 w14=0x30310000 x19=0xbfff8fa0 => w14=0x30310000
[07:17:16 712][libtiny.so 0x53335c] [6e9e40f9] 0x4053335c: "ldr x14, [x19, #0x138]" ; mem[READ] abs=0xbfff90d8 x19=0xbfff8fa0 => x14=0x10
[07:17:16 713][libtiny.so 0x533360] [0f000090] 0x40533360: "adrp x15, #0x40533000" => x15=0x40533000
[07:17:16 713][libtiny.so 0x533364] [ef810e91] 0x40533364: "add x15, x15, #0x3a0" x15=0x40533000 => x15=0x405333a0
[07:17:16 713][libtiny.so 0x533368] [f701048b] 0x40533368: "add x23, x15, x4" x15=0x405333a0 x4=0x3660224 => x23=0x43b935c4
[07:17:16 713][libtiny.so 0x53336c] [ce017fb2] 0x4053336c: "orr x14, x14, #2" x14=0x10 => x14=0x12
[07:17:16 713][libtiny.so 0x533370] [24686e38] 0x40533370: "ldrb w4, [x1, x14]" ; mem[READ] abs=0x40b30252 x1=0x40b30240 x14=0x12 => w4=0x22
[07:17:16 713][libtiny.so 0x533374] [8ecb47f9] 0x40533374: "ldr x14, [x28, #0xf90]" ; mem[READ] abs=0x40755f90 x28=0x40755000 => x14=0x43a3a1a4
[07:17:16 713][libtiny.so 0x533378] [ef01174b] 0x40533378: "sub w15, w15, w23" w15=0x405333a0 w23=0x43b935c4 => w15=0xfc99fddc
[07:17:16 713][libtiny.so 0x53337c] [ef01050b] 0x4053337c: "add w15, w15, w5" w15=0xfc99fddc w5=0x159410 => w15=0xfcaf91ec
[07:17:16 713][libtiny.so 0x533380] [845c1853] 0x40533380: "lsl w4, w4, #8" w4=0x22 => w4=0x2200
[07:17:16 713][libtiny.so 0x533384] [cfc12f8b] 0x40533384: "add x15, x14, w15, sxtw" x14=0x43a3a1a4 w15=0xfcaf91ec => x15=0x40533390
[07:17:16 713][libtiny.so 0x533388] [644a01b9] 0x40533388: "str w4, [x19, #0x148]" ; mem[WRITE] abs=0xbfff90e8 w4=0x2200 x19=0xbfff8fa0 => w4=0x2200
[07:17:16 713][libtiny.so 0x53338c] [e0011fd6] 0x4053338c: "br x15" x15=0x40533390
[07:17:16 713][libtiny.so 0x533390] [6e448092] 0x40533390: "movn x14, #0x223" x14=0x43a3a1a4 => x14=0xfffffffffffffddc
[07:17:16 713][libtiny.so 0x533394] [2e93bff2] 0x40533394: "movk x14, #0xfc99, lsl #16" x14=0xfffffffffffffddc => x14=0xfffffffffc99fddc
[07:17:16 713][libtiny.so 0x533398] [ee020e8b] 0x40533398: "add x14, x23, x14" x23=0x43b935c4 x14=0xfffffffffc99fddc => x14=0x405333a0
[07:17:16 713][libtiny.so 0x53339c] [c0011fd6] 0x4053339c: "br x14" x14=0x405333a0
[07:17:16 713][libtiny.so 0x5333a0] [6e4641b9] 0x405333a0: "ldr w14, [x19, #0x144]" ; mem[READ] abs=0xbfff90e4 x19=0xbfff8fa0 => w14=0x30310000
[07:17:16 713][libtiny.so 0x5333a4] [6f4a41b9] 0x405333a4: "ldr w15, [x19, #0x148]" ; mem[READ] abs=0xbfff90e8 x19=0xbfff8fa0 => w15=0x2200
[07:17:16 713][libtiny.so 0x5333a8] [649e40f9] 0x405333a8: "ldr x4, [x19, #0x138]" ; mem[READ] abs=0xbfff90d8 x19=0xbfff8fa0 => x4=0x10
[07:17:16 713][libtiny.so 0x5333ac] [ce010f2a] 0x405333ac: "orr w14, w14, w15" w14=0x30310000 w15=0x2200 => w14=0x30312200
[07:17:16 713][libtiny.so 0x5333b0] [840440b2] 0x405333b0: "orr x4, x4, #3" x4=0x10 => x4=0x13
[07:17:16 713][libtiny.so 0x5333b4] [24686438] 0x405333b4: "ldrb w4, [x1, x4]" ; mem[READ] abs=0x40b30253 x1=0x40b30240 x4=0x13 => w4=0x2c
[07:17:16 713][libtiny.so 0x5333b8] [659a40f9] 0x405333b8: "ldr x5, [x19, #0x130]" ; mem[READ] abs=0xbfff90d0 x19=0xbfff8fa0 => x5=0x4
[07:17:16 713][libtiny.so 0x5333bc] [6f821191] 0x405333bc: "add x15, x19, #0x460" x19=0xbfff8fa0 => x15=0xbfff9400
[07:17:16 713][libtiny.so 0x5333c0] [ce01042a] 0x405333c0: "orr w14, w14, w4" w14=0x30312200 w4=0x2c => w14=0x3031222c
[07:17:16 713][libtiny.so 0x5333c4] [ee7925b8] 0x405333c4: "str w14, [x15, x5, lsl #2]" ; mem[WRITE] abs=0xbfff9410 w14=0x3031222c x15=0xbfff9400 x5=0x4 => w14=0x3031222c
[07:17:16 713][libtiny.so 0x5333c8] [6e9a40f9] 0x405333c8: "ldr x14, [x19, #0x130]" ; mem[READ] abs=0xbfff90d0 x19=0xbfff8fa0 => x14=0x4
[07:17:16 713][libtiny.so 0x5333cc] [848a8e52] 0x405333cc: "movz w4, #0x7454" w4=0x2c => w4=0x7454
[07:17:16 713][libtiny.so 0x5333d0] [050000b0] 0x405333d0: "adrp x5, #0x40534000" => x5=0x40534000
[07:17:16 713][libtiny.so 0x5333d4] [647ca072] 0x405333d4: "movk w4, #0x3e3, lsl #16" w4=0x7454 => w4=0x3e37454
[07:17:16 713][libtiny.so 0x5333d8] [ce050091] 0x405333d8: "add x14, x14, #1" x14=0x4 => x14=0x5
[07:17:16 713][libtiny.so 0x5333dc] [df4100f1] 0x405333dc: "cmp x14, #0x10" => nzcv=0x80000000 x14=0x5
[07:17:16 713][libtiny.so 0x5333e0] [ef179f1a] 0x405333e0: "cset w15, eq" nzcv=0x18080000000 => w15=0x0
[07:17:16 713][libtiny.so 0x5333e4] [6f3e0539] 0x405333e4: "strb w15, [x19, #0x14f]" ; mem[WRITE] abs=0xbfff90ef w15=0x0 x19=0xbfff8fa0 => w15=0x0
[07:17:16 713][libtiny.so 0x5333e8] [6f4a40f9] 0x405333e8: "ldr x15, [x19, #0x90]" ; mem[READ] abs=0xbfff9030 x19=0xbfff8fa0 => x15=0xbfff8f90
[07:17:16 713][libtiny.so 0x5333ec] [a5101491] 0x405333ec: "add x5, x5, #0x504" x5=0x40534000 => x5=0x40534504
[07:17:16 713][libtiny.so 0x5333f0] [b700048b] 0x405333f0: "add x23, x5, x4" x5=0x40534504 x4=0x3e37454 => x23=0x4436b958
[07:17:16 713][libtiny.so 0x5333f4] [844e8a52] 0x405333f4: "movz w4, #0x5274" w4=0x3e37454 => w4=0x5274
[07:17:16 713][libtiny.so 0x5333f8] [ee0100f9] 0x405333f8: "str x14, [x15]" ; mem[WRITE] abs=0xbfff8f90 x14=0x5 x15=0xbfff8f90 => x14=0x5
[07:17:16 713][libtiny.so 0x5333fc] [6ee147f9] 0x405333fc: "ldr x14, [x11, #0xfc0]" ; mem[READ] abs=0x40755fc0 x11=0x40755000 => x14=0x4451623c
[07:17:16 713][libtiny.so 0x533400] [af00174b] 0x40533400: "sub w15, w5, w23" w5=0x40534504 w23=0x4436b958 => w15=0xfc1c8bac
[07:17:16 713][libtiny.so 0x533404] [a4fcbf72] 0x40533404: "movk w4, #0xffe5, lsl #16" w4=0x5274 => w4=0xffe55274
[07:17:16 713][libtiny.so 0x533408] [ef01040b] 0x40533408: "add w15, w15, w4" w15=0xfc1c8bac w4=0xffe55274 => w15=0xfc01de20
[07:17:16 713][libtiny.so 0x53340c] [cec12f8b] 0x4053340c: "add x14, x14, w15, sxtw" x14=0x4451623c w15=0xfc01de20 => x14=0x4053405c
[07:17:16 713][libtiny.so 0x533410] [c0011fd6] 0x40533410: "br x14" x14=0x4053405c
[07:17:16 713][libtiny.so 0x53405c] [6e8a8e92] 0x4053405c: "movn x14, #0x7453" x14=0x4053405c => x14=0xffffffffffff8bac
[07:17:16 713][libtiny.so 0x534060] [8e83bff2] 0x40534060: "movk x14, #0xfc1c, lsl #16" x14=0xffffffffffff8bac => x14=0xfffffffffc1c8bac
[07:17:16 713][libtiny.so 0x534064] [ee020e8b] 0x40534064: "add x14, x23, x14" x23=0x4436b958 x14=0xfffffffffc1c8bac => x14=0x40534504
[07:17:16 713][libtiny.so 0x534068] [c0011fd6] 0x40534068: "br x14" x14=0x40534504
[07:17:16 713][libtiny.so 0x534504] [6e4e40f9] 0x40534504: "ldr x14, [x19, #0x98]" ; mem[READ] abs=0xbfff9038 x19=0xbfff8fa0 => x14=0xbfff8f80
[07:17:16 713][libtiny.so 0x534508] [2f008052] 0x40534508: "movz w15, #0x1" w15=0xfc01de20 => w15=0x1
[07:17:16 713][libtiny.so 0x53450c] [04f69952] 0x4053450c: "movz w4, #0xcfb0" w4=0xffe55274 => w4=0xcfb0
[07:17:16 713][libtiny.so 0x534510] [05000090] 0x40534510: "adrp x5, #0x40534000" => x5=0x40534000
[07:17:16 713][libtiny.so 0x534514] [cf010039] 0x40534514: "strb w15, [x14]" ; mem[WRITE] abs=0xbfff8f80 w15=0x1 x14=0xbfff8f80 => w15=0x1
[07:17:16 713][libtiny.so 0x534518] [6e5240f9] 0x40534518: "ldr x14, [x19, #0xa0]" ; mem[READ] abs=0xbfff9040 x19=0xbfff8fa0 => x14=0xbfff8f70
[07:17:16 713][libtiny.so 0x53451c] [081100b0] 0x4053451c: "adrp x8, #0x40755000" => x8=0x40755000
[07:17:16 713][libtiny.so 0x534520] [84eaa072] 0x40534520: "movk w4, #0x754, lsl #16" w4=0xcfb0 => w4=0x754cfb0
[07:17:16 713][libtiny.so 0x534524] [a5400891] 0x40534524: "add x5, x5, #0x210" x5=0x40534000 => x5=0x40534210
[07:17:16 713][libtiny.so 0x534528] [df0100f9] 0x40534528: "str xzr, [x14]" ; mem[WRITE] abs=0xbfff8f70 x14=0xbfff8f70
[07:17:16 714][libtiny.so 0x53452c] [6e4e40b9] 0x4053452c: "ldr w14, [x19, #0x4c]" ; mem[READ] abs=0xbfff8fec x19=0xbfff8fa0 => w14=0xa54ff53a
[07:17:16 714][libtiny.so 0x534530] [6f5640f9] 0x40534530: "ldr x15, [x19, #0xa8]" ; mem[READ] abs=0xbfff9048 x19=0xbfff8fa0 => x15=0xbfff8f60
[07:17:16 714][libtiny.so 0x534534] [b700048b] 0x40534534: "add x23, x5, x4" x5=0x40534210 x4=0x754cfb0 => x23=0x47a811c0
[07:17:16 714][libtiny.so 0x534538] [84ed8a52] 0x40534538: "movz w4, #0x576c" w4=0x754cfb0 => w4=0x576c
[07:17:16 714][libtiny.so 0x53453c] [8475a072] 0x4053453c: "movk w4, #0x3ac, lsl #16" w4=0x576c => w4=0x3ac576c
[07:17:16 714][libtiny.so 0x534540] [ee0100b9] 0x40534540: "str w14, [x15]" ; mem[WRITE] abs=0xbfff8f60 w14=0xa54ff53a x15=0xbfff8f60 => w14=0xa54ff53a
[07:17:16 714][libtiny.so 0x534544] [6e3e40b9] 0x40534544: "ldr w14, [x19, #0x3c]" ; mem[READ] abs=0xbfff8fdc x19=0xbfff8fa0 => w14=0x3c6ef372
[07:17:16 714][libtiny.so 0x534548] [6f5a40f9] 0x40534548: "ldr x15, [x19, #0xb0]" ; mem[READ] abs=0xbfff9050 x19=0xbfff8fa0 => x15=0xbfff8f50
[07:17:16 714][libtiny.so 0x53454c] [ee0100b9] 0x4053454c: "str w14, [x15]" ; mem[WRITE] abs=0xbfff8f50 w14=0x3c6ef372 x15=0xbfff8f50 => w14=0x3c6ef372
[07:17:16 714][libtiny.so 0x534550] [6e2e40b9] 0x40534550: "ldr w14, [x19, #0x2c]" ; mem[READ] abs=0xbfff8fcc x19=0xbfff8fa0 => w14=0xbb67ae85
[07:17:16 714][libtiny.so 0x534554] [6f5e40f9] 0x40534554: "ldr x15, [x19, #0xb8]" ; mem[READ] abs=0xbfff9058 x19=0xbfff8fa0 => x15=0xbfff8f40
[07:17:16 714][libtiny.so 0x534558] [ee0100b9] 0x40534558: "str w14, [x15]" ; mem[WRITE] abs=0xbfff8f40 w14=0xbb67ae85 x15=0xbfff8f40 => w14=0xbb67ae85
[07:17:16 714][libtiny.so 0x53455c] [0eed47f9] 0x4053455c: "ldr x14, [x8, #0xfd8]" ; mem[READ] abs=0x40755fd8 x8=0x40755000 => x14=0x43fbbdb4
[07:17:16 714][libtiny.so 0x534560] [af00174b] 0x40534560: "sub w15, w5, w23" w5=0x40534210 w23=0x47a811c0 => w15=0xf8ab3050
[07:17:16 714][libtiny.so 0x534564] [ef01040b] 0x40534564: "add w15, w15, w4" w15=0xf8ab3050 w4=0x3ac576c => w15=0xfc5787bc
[07:17:16 714][libtiny.so 0x534568] [cec12f8b] 0x40534568: "add x14, x14, w15, sxtw" x14=0x43fbbdb4 w15=0xfc5787bc => x14=0x40534570
[07:17:16 714][libtiny.so 0x53456c] [c0011fd6] 0x4053456c: "br x14" x14=0x40534570
[07:17:16 714][libtiny.so 0x534570] [0e1100b0] 0x40534570: "adrp x14, #0x40755000" => x14=0x40755000
[07:17:16 714][libtiny.so 0x534574] [cee947f9] 0x40534574: "ldr x14, [x14, #0xfd0]" ; mem[READ] abs=0x40755fd0 x14=0x40755000 => x14=0x4389d014
[07:17:16 714][libtiny.so 0x534578] [64c29192] 0x40534578: "movn x4, #0x8e13" x4=0x3ac576c => x4=0xffffffffffff71ec
[07:17:16 714][libtiny.so 0x53457c] [ef7a9a92] 0x4053457c: "movn x15, #0xd3d7" x15=0xfc5787bc => x15=0xffffffffffff2c28
[07:17:16 714][libtiny.so 0x534580] [2499bff2] 0x40534580: "movk x4, #0xfcc9, lsl #16" x4=0xffffffffffff71ec => x4=0xfffffffffcc971ec
[07:17:16 714][libtiny.so 0x534584] [0f8fbff2] 0x40534584: "movk x15, #0xfc78, lsl #16" x15=0xffffffffffff2c28 => x15=0xfffffffffc782c28
[07:17:16 714][libtiny.so 0x534588] [ce01048b] 0x40534588: "add x14, x14, x4" x14=0x4389d014 x4=0xfffffffffcc971ec => x14=0x40534200
[07:17:16 714][libtiny.so 0x53458c] [f7020f8b] 0x4053458c: "add x23, x23, x15" x23=0x47a811c0 x15=0xfffffffffc782c28 => x23=0x44203de8
[07:17:16 714][libtiny.so 0x534590] [c0011fd6] 0x40534590: "br x14" x14=0x40534200
[07:17:16 714][libtiny.so 0x534200] [ee7a9f92] 0x40534200: "movn x14, #0xfbd7" x14=0x40534200 => x14=0xffffffffffff0428
[07:17:16 714][libtiny.so 0x534204] [6e86bff2] 0x40534204: "movk x14, #0xfc33, lsl #16" x14=0xffffffffffff0428 => x14=0xfffffffffc330428
[07:17:16 714][libtiny.so 0x534208] [ee020e8b] 0x40534208: "add x14, x23, x14" x23=0x44203de8 x14=0xfffffffffc330428 => x14=0x40534210
[07:17:16 714][libtiny.so 0x53420c] [c0011fd6] 0x4053420c: "br x14" x14=0x40534210
[07:17:16 714][libtiny.so 0x534210] [6e1e40b9] 0x40534210: "ldr w14, [x19, #0x1c]" ; mem[READ] abs=0xbfff8fbc x19=0xbfff8fa0 => w14=0x6a09e667
[07:17:16 714][libtiny.so 0x534214] [6f6240f9] 0x40534214: "ldr x15, [x19, #0xc0]" ; mem[READ] abs=0xbfff9060 x19=0xbfff8fa0 => x15=0xbfff8f30
[07:17:16 714][libtiny.so 0x534218] [046e8552] 0x40534218: "movz w4, #0x2b70" w4=0xfcc971ec => w4=0x2b70
[07:17:16 714][libtiny.so 0x53421c] [85439a52] 0x4053421c: "movz w5, #0xd21c" w5=0x40534210 => w5=0xd21c
[07:17:16 714][libtiny.so 0x534220] [f6fffff0] 0x40534220: "adrp x22, #0x40533000" => x22=0x40533000
[07:17:16 714][libtiny.so 0x534224] [ee0100b9] 0x40534224: "str w14, [x15]" ; mem[WRITE] abs=0xbfff8f30 w14=0x6a09e667 x15=0xbfff8f30 => w14=0x6a09e667
[07:17:16 714][libtiny.so 0x534228] [6e6e40b9] 0x40534228: "ldr w14, [x19, #0x6c]" ; mem[READ] abs=0xbfff900c x19=0xbfff8fa0 => w14=0x9b05688c
[07:17:16 714][libtiny.so 0x53422c] [6f6640f9] 0x4053422c: "ldr x15, [x19, #0xc8]" ; mem[READ] abs=0xbfff9068 x19=0xbfff8fa0 => x15=0xbfff8f20
[07:17:16 714][libtiny.so 0x534230] [e4dca072] 0x40534230: "movk w4, #0x6e7, lsl #16" w4=0x2b70 => w4=0x6e72b70
[07:17:16 714][libtiny.so 0x534234] [a57da072] 0x40534234: "movk w5, #0x3ed, lsl #16" w5=0xd21c => w5=0x3edd21c
[07:17:16 714][libtiny.so 0x534238] [d6d23c91] 0x40534238: "add x22, x22, #0xf34" x22=0x40533000 => x22=0x40533f34
[07:17:16 714][libtiny.so 0x53423c] [ee0100b9] 0x4053423c: "str w14, [x15]" ; mem[WRITE] abs=0xbfff8f20 w14=0x9b05688c x15=0xbfff8f20 => w14=0x9b05688c
[07:17:16 714][libtiny.so 0x534240] [6e7e40b9] 0x40534240: "ldr w14, [x19, #0x7c]" ; mem[READ] abs=0xbfff901c x19=0xbfff8fa0 => w14=0x1f83d9ab
[07:17:16 714][libtiny.so 0x534244] [6f6a40f9] 0x40534244: "ldr x15, [x19, #0xd0]" ; mem[READ] abs=0xbfff9070 x19=0xbfff8fa0 => x15=0xbfff8f10
[07:17:16 714][libtiny.so 0x534248] [a402048b] 0x40534248: "add x4, x21, x4" x21=0x40533314 x4=0x6e72b70 => x4=0x473a5e84
[07:17:16 714][libtiny.so 0x53424c] [c502058b] 0x4053424c: "add x5, x22, x5" x22=0x40533f34 x5=0x3edd21c => x5=0x44411150
[07:17:16 714][libtiny.so 0x534250] [081100b0] 0x40534250: "adrp x8, #0x40755000" => x8=0x40755000
[07:17:16 714][libtiny.so 0x534254] [ee0100b9] 0x40534254: "str w14, [x15]" ; mem[WRITE] abs=0xbfff8f10 w14=0x1f83d9ab x15=0xbfff8f10 => w14=0x1f83d9ab
[07:17:16 714][libtiny.so 0x534258] [6e5e40b9] 0x40534258: "ldr w14, [x19, #0x5c]" ; mem[READ] abs=0xbfff8ffc x19=0xbfff8fa0 => w14=0x510e527f
[07:17:16 714][libtiny.so 0x53425c] [6f6e40f9] 0x4053425c: "ldr x15, [x19, #0xd8]" ; mem[READ] abs=0xbfff9078 x19=0xbfff8fa0 => x15=0xbfff8f00
[07:17:16 714][libtiny.so 0x534260] [08813d91] 0x40534260: "add x8, x8, #0xf60" x8=0x40755000 => x8=0x40755f60
[07:17:16 714][libtiny.so 0x534264] [ee0100b9] 0x40534264: "str w14, [x15]" ; mem[WRITE] abs=0xbfff8f00 w14=0x510e527f x15=0xbfff8f00 => w14=0x510e527f
[07:17:16 714][libtiny.so 0x534268] [6e8e40b9] 0x40534268: "ldr w14, [x19, #0x8c]" ; mem[READ] abs=0xbfff902c x19=0xbfff8fa0 => w14=0x5be0cd19
[07:17:16 714][libtiny.so 0x53426c] [6f7240f9] 0x4053426c: "ldr x15, [x19, #0xe0]" ; mem[READ] abs=0xbfff9080 x19=0xbfff8fa0 => x15=0xbfff8ef0
[07:17:16 714][libtiny.so 0x534270] [ee0100b9] 0x40534270: "str w14, [x15]" ; mem[WRITE] abs=0xbfff8ef0 w14=0x5be0cd19 x15=0xbfff8ef0 => w14=0x5be0cd19
[07:17:16 714][libtiny.so 0x534274] [6e3e4539] 0x40534274: "ldrb w14, [x19, #0x14f]" ; mem[READ] abs=0xbfff90ef x19=0xbfff8fa0 => w14=0x0
[07:17:16 715][libtiny.so 0x534278] [783e4539] 0x40534278: "ldrb w24, [x19, #0x14f]" ; mem[READ] abs=0xbfff90ef x19=0xbfff8fa0 => w24=0x0
[07:17:16 715][libtiny.so 0x53427c] [0f058052] 0x4053427c: "movz w15, #0x28" w15=0xbfff8ef0 => w15=0x28
[07:17:16 715][libtiny.so 0x534280] [df010071] 0x40534280: "cmp w14, #0" => nzcv=0x60000000 w14=0x0
[07:17:16 715][libtiny.so 0x534284] [6e3e4539] 0x40534284: "ldrb w14, [x19, #0x14f]" ; mem[READ] abs=0xbfff90ef x19=0xbfff8fa0 => w14=0x0
[07:17:16 715][libtiny.so 0x534288] [b710849a] 0x40534288: "csel x23, x5, x4, ne" nzcv=0x18060000000 x5=0x44411150 x4=0x473a5e84 => x23=0x473a5e84
[07:17:16 715][libtiny.so 0x53428c] [040a8052] 0x4053428c: "movz w4, #0x50" w4=0x473a5e84 => w4=0x50
[07:17:16 715][libtiny.so 0x534290] [df010071] 0x40534290: "cmp w14, #0" => nzcv=0x60000000 w14=0x0
[07:17:16 715][libtiny.so 0x534294] [8e819652] 0x40534294: "movz w14, #0xb40c" w14=0x0 => w14=0xb40c
[07:17:16 715][libtiny.so 0x534298] [8f108f9a] 0x40534298: "csel x15, x4, x15, ne" nzcv=0x18060000000 x4=0x50 x15=0x28 => x15=0x28
[07:17:16 715][libtiny.so 0x53429c] [04c68d52] 0x4053429c: "movz w4, #0x6e30" w4=0x50 => w4=0x6e30
[07:17:16 715][libtiny.so 0x5342a0] [8e70a072] 0x405342a0: "movk w14, #0x384, lsl #16" w14=0xb40c => w14=0x384b40c
[07:17:16 715][libtiny.so 0x5342a4] [44ffbf72] 0x405342a4: "movk w4, #0xfffa, lsl #16" w4=0x6e30 => w4=0xfffa6e30
[07:17:16 715][libtiny.so 0x5342a8] [0f696ff8] 0x405342a8: "ldr x15, [x8, x15]" ; mem[READ] abs=0x40755f88 x8=0x40755f60 x15=0x28 => x15=0x43b5b060
[07:17:16 715][libtiny.so 0x5342ac] [ae020e0b] 0x405342ac: "add w14, w21, w14" w21=0x40533314 w14=0x384b40c => w14=0x43d7e720
[07:17:16 715][libtiny.so 0x5342b0] [c402040b] 0x405342b0: "add w4, w22, w4" w22=0x40533f34 w4=0xfffa6e30 => w4=0x404dad64
[07:17:16 715][libtiny.so 0x5342b4] [1f030071] 0x405342b4: "cmp w24, #0" => nzcv=0x60000000 w24=0x0
[07:17:16 715][libtiny.so 0x5342b8] [8e108e1a] 0x405342b8: "csel w14, w4, w14, ne" nzcv=0x18060000000 w4=0x404dad64 w14=0x43d7e720 => w14=0x43d7e720
[07:17:16 715][libtiny.so 0x5342bc] [ce01174b] 0x405342bc: "sub w14, w14, w23" w14=0x43d7e720 w23=0x473a5e84 => w14=0xfc9d889c
[07:17:16 715][libtiny.so 0x5342c0] [eec12e8b] 0x405342c0: "add x14, x15, w14, sxtw" x15=0x43b5b060 w14=0xfc9d889c => x14=0x405338fc
[07:17:16 715][libtiny.so 0x5342c4] [c0011fd6] 0x405342c4: "br x14" x14=0x405338fc
[07:17:16 715][libtiny.so 0x5338fc] [cec047f9] 0x405338fc: "ldr x14, [x6, #0xf80]" ; mem[READ] abs=0x40755f80 x6=0x40755000 => x14=0x439a8ba0
[07:17:16 715][libtiny.so 0x533900] [e44f8b92] 0x40533900: "movn x4, #0x5a7f" x4=0x404dad64 => x4=0xffffffffffffa580
[07:17:16 715][libtiny.so 0x533904] [ef799192] 0x40533904: "movn x15, #0x8bcf" x15=0x43b5b060 => x15=0xffffffffffff7430
[07:17:16 715][libtiny.so 0x533908] [0497bff2] 0x40533908: "movk x4, #0xfcb8, lsl #16" x4=0xffffffffffffa580 => x4=0xfffffffffcb8a580
[07:17:16 715][libtiny.so 0x53390c] [af90bff2] 0x4053390c: "movk x15, #0xfc85, lsl #16" x15=0xffffffffffff7430 => x15=0xfffffffffc857430
[07:17:16 715][libtiny.so 0x533910] [ce01048b] 0x40533910: "add x14, x14, x4" x14=0x439a8ba0 x4=0xfffffffffcb8a580 => x14=0x40533120
[07:17:16 715][libtiny.so 0x533914] [f7020f8b] 0x40533914: "add x23, x23, x15" x23=0x473a5e84 x15=0xfffffffffc857430 => x23=0x43bfd2b4
[07:17:16 715][libtiny.so 0x533918] [c0011fd6] 0x40533918: "br x14" x14=0x40533120
[07:17:16 715][libtiny.so 0x533120] [eef39392] 0x40533120: "movn x14, #0x9f9f" x14=0x40533120 => x14=0xffffffffffff6060
[07:17:16 715][libtiny.so 0x533124] [6e92bff2] 0x40533124: "movk x14, #0xfc93, lsl #16" x14=0xffffffffffff6060 => x14=0xfffffffffc936060
[07:17:16 715][libtiny.so 0x533128] [ee020e8b] 0x40533128: "add x14, x23, x14" x23=0x43bfd2b4 x14=0xfffffffffc936060 => x14=0x40533314
[07:17:16 715][libtiny.so 0x53312c] [c0011fd6] 0x4053312c: "br x14" x14=0x40533314
[07:17:16 715][libtiny.so 0x533314] [6e4a40f9] 0x40533314: "ldr x14, [x19, #0x90]" ; mem[READ] abs=0xbfff9030 x19=0xbfff8fa0 => x14=0xbfff8f90
[07:17:16 715][libtiny.so 0x533318] [84448052] 0x40533318: "movz w4, #0x224" w4=0xfcb8a580 => w4=0x224
[07:17:16 715][libtiny.so 0x53331c] [c46ca072] 0x4053331c: "movk w4, #0x366, lsl #16" w4=0x224 => w4=0x3660224
[07:17:16 715][libtiny.so 0x533320] [05829252] 0x40533320: "movz w5, #0x9410" w5=0x44411150 => w5=0x9410
[07:17:16 715][libtiny.so 0x533324] [ce0140f9] 0x40533324: "ldr x14, [x14]" ; mem[READ] abs=0xbfff8f90 x14=0xbfff8f90 => x14=0x5
[07:17:16 715][libtiny.so 0x533328] [a502a072] 0x40533328: "movk w5, #0x15, lsl #16" w5=0x9410 => w5=0x159410
[07:17:16 715][libtiny.so 0x53332c] [6e9a00f9] 0x4053332c: "str x14, [x19, #0x130]" ; mem[WRITE] abs=0xbfff90d0 x14=0x5 x19=0xbfff8fa0 => x14=0x5
[07:17:16 715][libtiny.so 0x533330] [6e9a40f9] 0x40533330: "ldr x14, [x19, #0x130]" ; mem[READ] abs=0xbfff90d0 x19=0xbfff8fa0 => x14=0x5
[07:17:16 715][libtiny.so 0x533334] [cef57ed3] 0x40533334: "lsl x14, x14, #2" x14=0x5 => x14=0x14
[07:17:16 715][libtiny.so 0x533338] [6e9e00f9] 0x40533338: "str x14, [x19, #0x138]" ; mem[WRITE] abs=0xbfff90d8 x14=0x14 x19=0xbfff8fa0 => x14=0x14
[07:17:16 715][libtiny.so 0x53333c] [6e9e40f9] 0x4053333c: "ldr x14, [x19, #0x138]" ; mem[READ] abs=0xbfff90d8 x19=0xbfff8fa0 => x14=0x14
[07:17:16 715][libtiny.so 0x533340] [2e686e38] 0x40533340: "ldrb w14, [x1, x14]" ; mem[READ] abs=0x40b30254 x1=0x40b30240 x14=0x14 => w14=0x22
[07:17:16 715][libtiny.so 0x533344] [6f9e40f9] 0x40533344: "ldr x15, [x19, #0x138]" ; mem[READ] abs=0xbfff90d8 x19=0xbfff8fa0 => x15=0x14
[07:17:16 715][libtiny.so 0x533348] [ce1d0853] 0x40533348: "lsl w14, w14, #0x18" w14=0x22 => w14=0x22000000
[07:17:16 715][libtiny.so 0x53334c] [ef0140b2] 0x4053334c: "orr x15, x15, #1" x15=0x14 => x15=0x15
[07:17:16 715][libtiny.so 0x533350] [2f686f38] 0x40533350: "ldrb w15, [x1, x15]" ; mem[READ] abs=0x40b30255 x1=0x40b30240 x15=0x15 => w15=0x63
[07:17:16 715][libtiny.so 0x533354] [ee1d1033] 0x40533354: "bfi w14, w15, #0x10, #8" w14=0x22000000 w15=0x63 => w14=0x22630000
[07:17:16 715][libtiny.so 0x533358] [6e4601b9] 0x40533358: "str w14, [x19, #0x144]" ; mem[WRITE] abs=0xbfff90e4 w14=0x22630000 x19=0xbfff8fa0 => w14=0x22630000
[07:17:16 715][libtiny.so 0x53335c] [6e9e40f9] 0x4053335c: "ldr x14, [x19, #0x138]" ; mem[READ] abs=0xbfff90d8 x19=0xbfff8fa0 => x14=0x14
[07:17:16 715][libtiny.so 0x533360] [0f000090] 0x40533360: "adrp x15, #0x40533000" => x15=0x40533000
[07:17:16 715][libtiny.so 0x533364] [ef810e91] 0x40533364: "add x15, x15, #0x3a0" x15=0x40533000 => x15=0x405333a0
[07:17:16 715][libtiny.so 0x533368] [f701048b] 0x40533368: "add x23, x15, x4" x15=0x405333a0 x4=0x3660224 => x23=0x43b935c4
[07:17:16 715][libtiny.so 0x53336c] [ce017fb2] 0x4053336c: "orr x14, x14, #2" x14=0x14 => x14=0x16
[07:17:16 715][libtiny.so 0x533370] [24686e38] 0x40533370: "ldrb w4, [x1, x14]" ; mem[READ] abs=0x40b30256 x1=0x40b30240 x14=0x16 => w4=0x68
[07:17:16 715][libtiny.so 0x533374] [8ecb47f9] 0x40533374: "ldr x14, [x28, #0xf90]" ; mem[READ] abs=0x40755f90 x28=0x40755000 => x14=0x43a3a1a4
[07:17:16 715][libtiny.so 0x533378] [ef01174b] 0x40533378: "sub w15, w15, w23" w15=0x405333a0 w23=0x43b935c4 => w15=0xfc99fddc
[07:17:16 715][libtiny.so 0x53337c] [ef01050b] 0x4053337c: "add w15, w15, w5" w15=0xfc99fddc w5=0x159410 => w15=0xfcaf91ec
[07:17:16 715][libtiny.so 0x533380] [845c1853] 0x40533380: "lsl w4, w4, #8" w4=0x68 => w4=0x6800
[07:17:16 715][libtiny.so 0x533384] [cfc12f8b] 0x40533384: "add x15, x14, w15, sxtw" x14=0x43a3a1a4 w15=0xfcaf91ec => x15=0x40533390
[07:17:16 715][libtiny.so 0x533388] [644a01b9] 0x40533388: "str w4, [x19, #0x148]" ; mem[WRITE] abs=0xbfff90e8 w4=0x6800 x19=0xbfff8fa0 => w4=0x6800
[07:17:16 715][libtiny.so 0x53338c] [e0011fd6] 0x4053338c: "br x15" x15=0x40533390
[07:17:16 715][libtiny.so 0x533390] [6e448092] 0x40533390: "movn x14, #0x223" x14=0x43a3a1a4 => x14=0xfffffffffffffddc
[07:17:16 715][libtiny.so 0x533394] [2e93bff2] 0x40533394: "movk x14, #0xfc99, lsl #16" x14=0xfffffffffffffddc => x14=0xfffffffffc99fddc
[07:17:16 715][libtiny.so 0x533398] [ee020e8b] 0x40533398: "add x14, x23, x14" x23=0x43b935c4 x14=0xfffffffffc99fddc => x14=0x405333a0
[07:17:16 715][libtiny.so 0x53339c] [c0011fd6] 0x4053339c: "br x14" x14=0x405333a0
[07:17:16 716][libtiny.so 0x5333a0] [6e4641b9] 0x405333a0: "ldr w14, [x19, #0x144]" ; mem[READ] abs=0xbfff90e4 x19=0xbfff8fa0 => w14=0x22630000
[07:17:16 716][libtiny.so 0x5333a4] [6f4a41b9] 0x405333a4: "ldr w15, [x19, #0x148]" ; mem[READ] abs=0xbfff90e8 x19=0xbfff8fa0 => w15=0x6800
[07:17:16 716][libtiny.so 0x5333a8] [649e40f9] 0x405333a8: "ldr x4, [x19, #0x138]" ; mem[READ] abs=0xbfff90d8 x19=0xbfff8fa0 => x4=0x14
[07:17:16 716][libtiny.so 0x5333ac] [ce010f2a] 0x405333ac: "orr w14, w14, w15" w14=0x22630000 w15=0x6800 => w14=0x22636800
[07:17:16 716][libtiny.so 0x5333b0] [840440b2] 0x405333b0: "orr x4, x4, #3" x4=0x14 => x4=0x17
[07:17:16 716][libtiny.so 0x5333b4] [24686438] 0x405333b4: "ldrb w4, [x1, x4]" ; mem[READ] abs=0x40b30257 x1=0x40b30240 x4=0x17 => w4=0x61
[07:17:16 716][libtiny.so 0x5333b8] [659a40f9] 0x405333b8: "ldr x5, [x19, #0x130]" ; mem[READ] abs=0xbfff90d0 x19=0xbfff8fa0 => x5=0x5
[07:17:16 716][libtiny.so 0x5333bc] [6f821191] 0x405333bc: "add x15, x19, #0x460" x19=0xbfff8fa0 => x15=0xbfff9400
[07:17:16 716][libtiny.so 0x5333c0] [ce01042a] 0x405333c0: "orr w14, w14, w4" w14=0x22636800 w4=0x61 => w14=0x22636861
[07:17:16 716][libtiny.so 0x5333c4] [ee7925b8] 0x405333c4: "str w14, [x15, x5, lsl #2]" ; mem[WRITE] abs=0xbfff9414 w14=0x22636861 x15=0xbfff9400 x5=0x5 => w14=0x22636861
[07:17:16 716][libtiny.so 0x5333c8] [6e9a40f9] 0x405333c8: "ldr x14, [x19, #0x130]" ; mem[READ] abs=0xbfff90d0 x19=0xbfff8fa0 => x14=0x5
[07:17:16 716][libtiny.so 0x5333cc] [848a8e52] 0x405333cc: "movz w4, #0x7454" w4=0x61 => w4=0x7454
[07:17:16 716][libtiny.so 0x5333d0] [050000b0] 0x405333d0: "adrp x5, #0x40534000" => x5=0x40534000
[07:17:16 716][libtiny.so 0x5333d4] [647ca072] 0x405333d4: "movk w4, #0x3e3, lsl #16" w4=0x7454 => w4=0x3e37454
[07:17:16 716][libtiny.so 0x5333d8] [ce050091] 0x405333d8: "add x14, x14, #1" x14=0x5 => x14=0x6
[07:17:16 716][libtiny.so 0x5333dc] [df4100f1] 0x405333dc: "cmp x14, #0x10" => nzcv=0x80000000 x14=0x6
[07:17:16 716][libtiny.so 0x5333e0] [ef179f1a] 0x405333e0: "cset w15, eq" nzcv=0x18080000000 => w15=0x0
[07:17:16 716][libtiny.so 0x5333e4] [6f3e0539] 0x405333e4: "strb w15, [x19, #0x14f]" ; mem[WRITE] abs=0xbfff90ef w15=0x0 x19=0xbfff8fa0 => w15=0x0
[07:17:16 716][libtiny.so 0x5333e8] [6f4a40f9] 0x405333e8: "ldr x15, [x19, #0x90]" ; mem[READ] abs=0xbfff9030 x19=0xbfff8fa0 => x15=0xbfff8f90
[07:17:16 716][libtiny.so 0x5333ec] [a5101491] 0x405333ec: "add x5, x5, #0x504" x5=0x40534000 => x5=0x40534504
[07:17:16 716][libtiny.so 0x5333f0] [b700048b] 0x405333f0: "add x23, x5, x4" x5=0x40534504 x4=0x3e37454 => x23=0x4436b958
[07:17:16 716][libtiny.so 0x5333f4] [844e8a52] 0x405333f4: "movz w4, #0x5274" w4=0x3e37454 => w4=0x5274
[07:17:16 716][libtiny.so 0x5333f8] [ee0100f9] 0x405333f8: "str x14, [x15]" ; mem[WRITE] abs=0xbfff8f90 x14=0x6 x15=0xbfff8f90 => x14=0x6
[07:17:16 716][libtiny.so 0x5333fc] [6ee147f9] 0x405333fc: "ldr x14, [x11, #0xfc0]" ; mem[READ] abs=0x40755fc0 x11=0x40755000 => x14=0x4451623c
[07:17:16 716][libtiny.so 0x533400] [af00174b] 0x40533400: "sub w15, w5, w23" w5=0x40534504 w23=0x4436b958 => w15=0xfc1c8bac
[07:17:16 716][libtiny.so 0x533404] [a4fcbf72] 0x40533404: "movk w4, #0xffe5, lsl #16" w4=0x5274 => w4=0xffe55274
[07:17:16 716][libtiny.so 0x533408] [ef01040b] 0x40533408: "add w15, w15, w4" w15=0xfc1c8bac w4=0xffe55274 => w15=0xfc01de20
[07:17:16 716][libtiny.so 0x53340c] [cec12f8b] 0x4053340c: "add x14, x14, w15, sxtw" x14=0x4451623c w15=0xfc01de20 => x14=0x4053405c
[07:17:16 716][libtiny.so 0x533410] [c0011fd6] 0x40533410: "br x14" x14=0x4053405c
[07:17:16 716][libtiny.so 0x53405c] [6e8a8e92] 0x4053405c: "movn x14, #0x7453" x14=0x4053405c => x14=0xffffffffffff8bac
[07:17:16 716][libtiny.so 0x534060] [8e83bff2] 0x40534060: "movk x14, #0xfc1c, lsl #16" x14=0xffffffffffff8bac => x14=0xfffffffffc1c8bac
[07:17:16 716][libtiny.so 0x534064] [ee020e8b] 0x40534064: "add x14, x23, x14" x23=0x4436b958 x14=0xfffffffffc1c8bac => x14=0x40534504
[07:17:16 716][libtiny.so 0x534068] [c0011fd6] 0x40534068: "br x14" x14=0x40534504
[07:17:16 716][libtiny.so 0x534504] [6e4e40f9] 0x40534504: "ldr x14, [x19, #0x98]" ; mem[READ] abs=0xbfff9038 x19=0xbfff8fa0 => x14=0xbfff8f80
[07:17:16 716][libtiny.so 0x534508] [2f008052] 0x40534508: "movz w15, #0x1" w15=0xfc01de20 => w15=0x1
[07:17:16 716][libtiny.so 0x53450c] [04f69952] 0x4053450c: "movz w4, #0xcfb0" w4=0xffe55274 => w4=0xcfb0
[07:17:16 716][libtiny.so 0x534510] [05000090] 0x40534510: "adrp x5, #0x40534000" => x5=0x40534000
[07:17:16 716][libtiny.so 0x534514] [cf010039] 0x40534514: "strb w15, [x14]" ; mem[WRITE] abs=0xbfff8f80 w15=0x1 x14=0xbfff8f80 => w15=0x1
[07:17:16 716][libtiny.so 0x534518] [6e5240f9] 0x40534518: "ldr x14, [x19, #0xa0]" ; mem[READ] abs=0xbfff9040 x19=0xbfff8fa0 => x14=0xbfff8f70
[07:17:16 716][libtiny.so 0x53451c] [081100b0] 0x4053451c: "adrp x8, #0x40755000" => x8=0x40755000
[07:17:16 716][libtiny.so 0x534520] [84eaa072] 0x40534520: "movk w4, #0x754, lsl #16" w4=0xcfb0 => w4=0x754cfb0
[07:17:16 716][libtiny.so 0x534524] [a5400891] 0x40534524: "add x5, x5, #0x210" x5=0x40534000 => x5=0x40534210
[07:17:16 716][libtiny.so 0x534528] [df0100f9] 0x40534528: "str xzr, [x14]" ; mem[WRITE] abs=0xbfff8f70 x14=0xbfff8f70
[07:17:16 716][libtiny.so 0x53452c] [6e4e40b9] 0x4053452c: "ldr w14, [x19, #0x4c]" ; mem[READ] abs=0xbfff8fec x19=0xbfff8fa0 => w14=0xa54ff53a
[07:17:16 716][libtiny.so 0x534530] [6f5640f9] 0x40534530: "ldr x15, [x19, #0xa8]" ; mem[READ] abs=0xbfff9048 x19=0xbfff8fa0 => x15=0xbfff8f60
[07:17:16 716][libtiny.so 0x534534] [b700048b] 0x40534534: "add x23, x5, x4" x5=0x40534210 x4=0x754cfb0 => x23=0x47a811c0
[07:17:16 716][libtiny.so 0x534538] [84ed8a52] 0x40534538: "movz w4, #0x576c" w4=0x754cfb0 => w4=0x576c
[07:17:16 716][libtiny.so 0x53453c] [8475a072] 0x4053453c: "movk w4, #0x3ac, lsl #16" w4=0x576c => w4=0x3ac576c
[07:17:16 716][libtiny.so 0x534540] [ee0100b9] 0x40534540: "str w14, [x15]" ; mem[WRITE] abs=0xbfff8f60 w14=0xa54ff53a x15=0xbfff8f60 => w14=0xa54ff53a
[07:17:16 716][libtiny.so 0x534544] [6e3e40b9] 0x40534544: "ldr w14, [x19, #0x3c]" ; mem[READ] abs=0xbfff8fdc x19=0xbfff8fa0 => w14=0x3c6ef372
[07:17:16 716][libtiny.so 0x534548] [6f5a40f9] 0x40534548: "ldr x15, [x19, #0xb0]" ; mem[READ] abs=0xbfff9050 x19=0xbfff8fa0 => x15=0xbfff8f50
[07:17:16 716][libtiny.so 0x53454c] [ee0100b9] 0x4053454c: "str w14, [x15]" ; mem[WRITE] abs=0xbfff8f50 w14=0x3c6ef372 x15=0xbfff8f50 => w14=0x3c6ef372
[07:17:16 716][libtiny.so 0x534550] [6e2e40b9] 0x40534550: "ldr w14, [x19, #0x2c]" ; mem[READ] abs=0xbfff8fcc x19=0xbfff8fa0 => w14=0xbb67ae85
[07:17:16 716][libtiny.so 0x534554] [6f5e40f9] 0x40534554: "ldr x15, [x19, #0xb8]" ; mem[READ] abs=0xbfff9058 x19=0xbfff8fa0 => x15=0xbfff8f40
[07:17:16 716][libtiny.so 0x534558] [ee0100b9] 0x40534558: "str w14, [x15]" ; mem[WRITE] abs=0xbfff8f40 w14=0xbb67ae85 x15=0xbfff8f40 => w14=0xbb67ae85
[07:17:16 716][libtiny.so 0x53455c] [0eed47f9] 0x4053455c: "ldr x14, [x8, #0xfd8]" ; mem[READ] abs=0x40755fd8 x8=0x40755000 => x14=0x43fbbdb4
[07:17:16 716][libtiny.so 0x534560] [af00174b] 0x40534560: "sub w15, w5, w23" w5=0x40534210 w23=0x47a811c0 => w15=0xf8ab3050
[07:17:16 716][libtiny.so 0x534564] [ef01040b] 0x40534564: "add w15, w15, w4" w15=0xf8ab3050 w4=0x3ac576c => w15=0xfc5787bc
[07:17:16 716][libtiny.so 0x534568] [cec12f8b] 0x40534568: "add x14, x14, w15, sxtw" x14=0x43fbbdb4 w15=0xfc5787bc => x14=0x40534570
[07:17:16 716][libtiny.so 0x53456c] [c0011fd6] 0x4053456c: "br x14" x14=0x40534570
[07:17:16 716][libtiny.so 0x534570] [0e1100b0] 0x40534570: "adrp x14, #0x40755000" => x14=0x40755000
[07:17:16 717][libtiny.so 0x534574] [cee947f9] 0x40534574: "ldr x14, [x14, #0xfd0]" ; mem[READ] abs=0x40755fd0 x14=0x40755000 => x14=0x4389d014
[07:17:16 717][libtiny.so 0x534578] [64c29192] 0x40534578: "movn x4, #0x8e13" x4=0x3ac576c => x4=0xffffffffffff71ec
[07:17:16 717][libtiny.so 0x53457c] [ef7a9a92] 0x4053457c: "movn x15, #0xd3d7" x15=0xfc5787bc => x15=0xffffffffffff2c28
[07:17:16 717][libtiny.so 0x534580] [2499bff2] 0x40534580: "movk x4, #0xfcc9, lsl #16" x4=0xffffffffffff71ec => x4=0xfffffffffcc971ec
[07:17:16 717][libtiny.so 0x534584] [0f8fbff2] 0x40534584: "movk x15, #0xfc78, lsl #16" x15=0xffffffffffff2c28 => x15=0xfffffffffc782c28
[07:17:16 717][libtiny.so 0x534588] [ce01048b] 0x40534588: "add x14, x14, x4" x14=0x4389d014 x4=0xfffffffffcc971ec => x14=0x40534200
[07:17:16 717][libtiny.so 0x53458c] [f7020f8b] 0x4053458c: "add x23, x23, x15" x23=0x47a811c0 x15=0xfffffffffc782c28 => x23=0x44203de8
[07:17:16 717][libtiny.so 0x534590] [c0011fd6] 0x40534590: "br x14" x14=0x40534200
[07:17:16 717][libtiny.so 0x534200] [ee7a9f92] 0x40534200: "movn x14, #0xfbd7" x14=0x40534200 => x14=0xffffffffffff0428
[07:17:16 717][libtiny.so 0x534204] [6e86bff2] 0x40534204: "movk x14, #0xfc33, lsl #16" x14=0xffffffffffff0428 => x14=0xfffffffffc330428
[07:17:16 717][libtiny.so 0x534208] [ee020e8b] 0x40534208: "add x14, x23, x14" x23=0x44203de8 x14=0xfffffffffc330428 => x14=0x40534210
[07:17:16 717][libtiny.so 0x53420c] [c0011fd6] 0x4053420c: "br x14" x14=0x40534210
[07:17:16 717][libtiny.so 0x534210] [6e1e40b9] 0x40534210: "ldr w14, [x19, #0x1c]" ; mem[READ] abs=0xbfff8fbc x19=0xbfff8fa0 => w14=0x6a09e667
[07:17:16 717][libtiny.so 0x534214] [6f6240f9] 0x40534214: "ldr x15, [x19, #0xc0]" ; mem[READ] abs=0xbfff9060 x19=0xbfff8fa0 => x15=0xbfff8f30
[07:17:16 717][libtiny.so 0x534218] [046e8552] 0x40534218: "movz w4, #0x2b70" w4=0xfcc971ec => w4=0x2b70
[07:17:16 717][libtiny.so 0x53421c] [85439a52] 0x4053421c: "movz w5, #0xd21c" w5=0x40534210 => w5=0xd21c
[07:17:16 717][libtiny.so 0x534220] [f6fffff0] 0x40534220: "adrp x22, #0x40533000" => x22=0x40533000
[07:17:16 717][libtiny.so 0x534224] [ee0100b9] 0x40534224: "str w14, [x15]" ; mem[WRITE] abs=0xbfff8f30 w14=0x6a09e667 x15=0xbfff8f30 => w14=0x6a09e667
[07:17:16 717][libtiny.so 0x534228] [6e6e40b9] 0x40534228: "ldr w14, [x19, #0x6c]" ; mem[READ] abs=0xbfff900c x19=0xbfff8fa0 => w14=0x9b05688c
[07:17:16 717][libtiny.so 0x53422c] [6f6640f9] 0x4053422c: "ldr x15, [x19, #0xc8]" ; mem[READ] abs=0xbfff9068 x19=0xbfff8fa0 => x15=0xbfff8f20
[07:17:16 717][libtiny.so 0x534230] [e4dca072] 0x40534230: "movk w4, #0x6e7, lsl #16" w4=0x2b70 => w4=0x6e72b70
[07:17:16 717][libtiny.so 0x534234] [a57da072] 0x40534234: "movk w5, #0x3ed, lsl #16" w5=0xd21c => w5=0x3edd21c
[07:17:16 717][libtiny.so 0x534238] [d6d23c91] 0x40534238: "add x22, x22, #0xf34" x22=0x40533000 => x22=0x40533f34
[07:17:16 717][libtiny.so 0x53423c] [ee0100b9] 0x4053423c: "str w14, [x15]" ; mem[WRITE] abs=0xbfff8f20 w14=0x9b05688c x15=0xbfff8f20 => w14=0x9b05688c
[07:17:16 717][libtiny.so 0x534240] [6e7e40b9] 0x40534240: "ldr w14, [x19, #0x7c]" ; mem[READ] abs=0xbfff901c x19=0xbfff8fa0 => w14=0x1f83d9ab
[07:17:16 717][libtiny.so 0x534244] [6f6a40f9] 0x40534244: "ldr x15, [x19, #0xd0]" ; mem[READ] abs=0xbfff9070 x19=0xbfff8fa0 => x15=0xbfff8f10
[07:17:16 717][libtiny.so 0x534248] [a402048b] 0x40534248: "add x4, x21, x4" x21=0x40533314 x4=0x6e72b70 => x4=0x473a5e84
[07:17:16 717][libtiny.so 0x53424c] [c502058b] 0x4053424c: "add x5, x22, x5" x22=0x40533f34 x5=0x3edd21c => x5=0x44411150
[07:17:16 717][libtiny.so 0x534250] [081100b0] 0x40534250: "adrp x8, #0x40755000" => x8=0x40755000
[07:17:16 717][libtiny.so 0x534254] [ee0100b9] 0x40534254: "str w14, [x15]" ; mem[WRITE] abs=0xbfff8f10 w14=0x1f83d9ab x15=0xbfff8f10 => w14=0x1f83d9ab
[07:17:16 717][libtiny.so 0x534258] [6e5e40b9] 0x40534258: "ldr w14, [x19, #0x5c]" ; mem[READ] abs=0xbfff8ffc x19=0xbfff8fa0 => w14=0x510e527f
[07:17:16 717][libtiny.so 0x53425c] [6f6e40f9] 0x4053425c: "ldr x15, [x19, #0xd8]" ; mem[READ] abs=0xbfff9078 x19=0xbfff8fa0 => x15=0xbfff8f00
[07:17:16 717][libtiny.so 0x534260] [08813d91] 0x40534260: "add x8, x8, #0xf60" x8=0x40755000 => x8=0x40755f60
[07:17:16 717][libtiny.so 0x534264] [ee0100b9] 0x40534264: "str w14, [x15]" ; mem[WRITE] abs=0xbfff8f00 w14=0x510e527f x15=0xbfff8f00 => w14=0x510e527f
[07:17:16 717][libtiny.so 0x534268] [6e8e40b9] 0x40534268: "ldr w14, [x19, #0x8c]" ; mem[READ] abs=0xbfff902c x19=0xbfff8fa0 => w14=0x5be0cd19
[07:17:16 717][libtiny.so 0x53426c] [6f7240f9] 0x4053426c: "ldr x15, [x19, #0xe0]" ; mem[READ] abs=0xbfff9080 x19=0xbfff8fa0 => x15=0xbfff8ef0
[07:17:16 717][libtiny.so 0x534270] [ee0100b9] 0x40534270: "str w14, [x15]" ; mem[WRITE] abs=0xbfff8ef0 w14=0x5be0cd19 x15=0xbfff8ef0 => w14=0x5be0cd19
[07:17:16 717][libtiny.so 0x534274] [6e3e4539] 0x40534274: "ldrb w14, [x19, #0x14f]" ; mem[READ] abs=0xbfff90ef x19=0xbfff8fa0 => w14=0x0
[07:17:16 717][libtiny.so 0x534278] [783e4539] 0x40534278: "ldrb w24, [x19, #0x14f]" ; mem[READ] abs=0xbfff90ef x19=0xbfff8fa0 => w24=0x0
[07:17:16 717][libtiny.so 0x53427c] [0f058052] 0x4053427c: "movz w15, #0x28" w15=0xbfff8ef0 => w15=0x28
[07:17:16 717][libtiny.so 0x534280] [df010071] 0x40534280: "cmp w14, #0" => nzcv=0x60000000 w14=0x0
[07:17:16 717][libtiny.so 0x534284] [6e3e4539] 0x40534284: "ldrb w14, [x19, #0x14f]" ; mem[READ] abs=0xbfff90ef x19=0xbfff8fa0 => w14=0x0
[07:17:16 717][libtiny.so 0x534288] [b710849a] 0x40534288: "csel x23, x5, x4, ne" nzcv=0x18060000000 x5=0x44411150 x4=0x473a5e84 => x23=0x473a5e84
[07:17:16 717][libtiny.so 0x53428c] [040a8052] 0x4053428c: "movz w4, #0x50" w4=0x473a5e84 => w4=0x50
[07:17:16 717][libtiny.so 0x534290] [df010071] 0x40534290: "cmp w14, #0" => nzcv=0x60000000 w14=0x0
[07:17:16 717][libtiny.so 0x534294] [8e819652] 0x40534294: "movz w14, #0xb40c" w14=0x0 => w14=0xb40c
[07:17:16 717][libtiny.so 0x534298] [8f108f9a] 0x40534298: "csel x15, x4, x15, ne" nzcv=0x18060000000 x4=0x50 x15=0x28 => x15=0x28
[07:17:16 717][libtiny.so 0x53429c] [04c68d52] 0x4053429c: "movz w4, #0x6e30" w4=0x50 => w4=0x6e30
[07:17:16 717][libtiny.so 0x5342a0] [8e70a072] 0x405342a0: "movk w14, #0x384, lsl #16" w14=0xb40c => w14=0x384b40c
[07:17:16 717][libtiny.so 0x5342a4] [44ffbf72] 0x405342a4: "movk w4, #0xfffa, lsl #16" w4=0x6e30 => w4=0xfffa6e30
[07:17:16 717][libtiny.so 0x5342a8] [0f696ff8] 0x405342a8: "ldr x15, [x8, x15]" ; mem[READ] abs=0x40755f88 x8=0x40755f60 x15=0x28 => x15=0x43b5b060
[07:17:16 717][libtiny.so 0x5342ac] [ae020e0b] 0x405342ac: "add w14, w21, w14" w21=0x40533314 w14=0x384b40c => w14=0x43d7e720
[07:17:16 717][libtiny.so 0x5342b0] [c402040b] 0x405342b0: "add w4, w22, w4" w22=0x40533f34 w4=0xfffa6e30 => w4=0x404dad64
[07:17:16 717][libtiny.so 0x5342b4] [1f030071] 0x405342b4: "cmp w24, #0" => nzcv=0x60000000 w24=0x0
[07:17:16 717][libtiny.so 0x5342b8] [8e108e1a] 0x405342b8: "csel w14, w4, w14, ne" nzcv=0x18060000000 w4=0x404dad64 w14=0x43d7e720 => w14=0x43d7e720
[07:17:16 717][libtiny.so 0x5342bc] [ce01174b] 0x405342bc: "sub w14, w14, w23" w14=0x43d7e720 w23=0x473a5e84 => w14=0xfc9d889c
[07:17:16 717][libtiny.so 0x5342c0] [eec12e8b] 0x405342c0: "add x14, x15, w14, sxtw" x15=0x43b5b060 w14=0xfc9d889c => x14=0x405338fc
[07:17:16 717][libtiny.so 0x5342c4] [c0011fd6] 0x405342c4: "br x14" x14=0x405338fc
[07:17:16 717][libtiny.so 0x5338fc] [cec047f9] 0x405338fc: "ldr x14, [x6, #0xf80]" ; mem[READ] abs=0x40755f80 x6=0x40755000 => x14=0x439a8ba0
[07:17:16 717][libtiny.so 0x533900] [e44f8b92] 0x40533900: "movn x4, #0x5a7f" x4=0x404dad64 => x4=0xffffffffffffa580
[07:17:16 717][libtiny.so 0x533904] [ef799192] 0x40533904: "movn x15, #0x8bcf" x15=0x43b5b060 => x15=0xffffffffffff7430
[07:17:16 717][libtiny.so 0x533908] [0497bff2] 0x40533908: "movk x4, #0xfcb8, lsl #16" x4=0xffffffffffffa580 => x4=0xfffffffffcb8a580
[07:17:16 717][libtiny.so 0x53390c] [af90bff2] 0x4053390c: "movk x15, #0xfc85, lsl #16" x15=0xffffffffffff7430 => x15=0xfffffffffc857430
[07:17:16 718][libtiny.so 0x533910] [ce01048b] 0x40533910: "add x14, x14, x4" x14=0x439a8ba0 x4=0xfffffffffcb8a580 => x14=0x40533120
[07:17:16 718][libtiny.so 0x533914] [f7020f8b] 0x40533914: "add x23, x23, x15" x23=0x473a5e84 x15=0xfffffffffc857430 => x23=0x43bfd2b4
[07:17:16 718][libtiny.so 0x533918] [c0011fd6] 0x40533918: "br x14" x14=0x40533120
[07:17:16 718][libtiny.so 0x533120] [eef39392] 0x40533120: "movn x14, #0x9f9f" x14=0x40533120 => x14=0xffffffffffff6060
[07:17:16 718][libtiny.so 0x533124] [6e92bff2] 0x40533124: "movk x14, #0xfc93, lsl #16" x14=0xffffffffffff6060 => x14=0xfffffffffc936060
[07:17:16 718][libtiny.so 0x533128] [ee020e8b] 0x40533128: "add x14, x23, x14" x23=0x43bfd2b4 x14=0xfffffffffc936060 => x14=0x40533314
[07:17:16 718][libtiny.so 0x53312c] [c0011fd6] 0x4053312c: "br x14" x14=0x40533314
[07:17:16 718][libtiny.so 0x533314] [6e4a40f9] 0x40533314: "ldr x14, [x19, #0x90]" ; mem[READ] abs=0xbfff9030 x19=0xbfff8fa0 => x14=0xbfff8f90
[07:17:16 718][libtiny.so 0x533318] [84448052] 0x40533318: "movz w4, #0x224" w4=0xfcb8a580 => w4=0x224
[07:17:16 718][libtiny.so 0x53331c] [c46ca072] 0x4053331c: "movk w4, #0x366, lsl #16" w4=0x224 => w4=0x3660224
[07:17:16 718][libtiny.so 0x533320] [05829252] 0x40533320: "movz w5, #0x9410" w5=0x44411150 => w5=0x9410
[07:17:16 718][libtiny.so 0x533324] [ce0140f9] 0x40533324: "ldr x14, [x14]" ; mem[READ] abs=0xbfff8f90 x14=0xbfff8f90 => x14=0x6
[07:17:16 718][libtiny.so 0x533328] [a502a072] 0x40533328: "movk w5, #0x15, lsl #16" w5=0x9410 => w5=0x159410
[07:17:16 718][libtiny.so 0x53332c] [6e9a00f9] 0x4053332c: "str x14, [x19, #0x130]" ; mem[WRITE] abs=0xbfff90d0 x14=0x6 x19=0xbfff8fa0 => x14=0x6
[07:17:16 718][libtiny.so 0x533330] [6e9a40f9] 0x40533330: "ldr x14, [x19, #0x130]" ; mem[READ] abs=0xbfff90d0 x19=0xbfff8fa0 => x14=0x6
[07:17:16 718][libtiny.so 0x533334] [cef57ed3] 0x40533334: "lsl x14, x14, #2" x14=0x6 => x14=0x18
[07:17:16 718][libtiny.so 0x533338] [6e9e00f9] 0x40533338: "str x14, [x19, #0x138]" ; mem[WRITE] abs=0xbfff90d8 x14=0x18 x19=0xbfff8fa0 => x14=0x18
[07:17:16 718][libtiny.so 0x53333c] [6e9e40f9] 0x4053333c: "ldr x14, [x19, #0x138]" ; mem[READ] abs=0xbfff90d8 x19=0xbfff8fa0 => x14=0x18
[07:17:16 718][libtiny.so 0x533340] [2e686e38] 0x40533340: "ldrb w14, [x1, x14]" ; mem[READ] abs=0x40b30258 x1=0x40b30240 x14=0x18 => w14=0x6e
[07:17:16 718][libtiny.so 0x533344] [6f9e40f9] 0x40533344: "ldr x15, [x19, #0x138]" ; mem[READ] abs=0xbfff90d8 x19=0xbfff8fa0 => x15=0x18
[07:17:16 718][libtiny.so 0x533348] [ce1d0853] 0x40533348: "lsl w14, w14, #0x18" w14=0x6e => w14=0x6e000000
[07:17:16 718][libtiny.so 0x53334c] [ef0140b2] 0x4053334c: "orr x15, x15, #1" x15=0x18 => x15=0x19
[07:17:16 718][libtiny.so 0x533350] [2f686f38] 0x40533350: "ldrb w15, [x1, x15]" ; mem[READ] abs=0x40b30259 x1=0x40b30240 x15=0x19 => w15=0x6e
[07:17:16 718][libtiny.so 0x533354] [ee1d1033] 0x40533354: "bfi w14, w15, #0x10, #8" w14=0x6e000000 w15=0x6e => w14=0x6e6e0000
[07:17:16 718][libtiny.so 0x533358] [6e4601b9] 0x40533358: "str w14, [x19, #0x144]" ; mem[WRITE] abs=0xbfff90e4 w14=0x6e6e0000 x19=0xbfff8fa0 => w14=0x6e6e0000
[07:17:16 718][libtiny.so 0x53335c] [6e9e40f9] 0x4053335c: "ldr x14, [x19, #0x138]" ; mem[READ] abs=0xbfff90d8 x19=0xbfff8fa0 => x14=0x18
[07:17:16 718][libtiny.so 0x533360] [0f000090] 0x40533360: "adrp x15, #0x40533000" => x15=0x40533000
[07:17:16 718][libtiny.so 0x533364] [ef810e91] 0x40533364: "add x15, x15, #0x3a0" x15=0x40533000 => x15=0x405333a0
[07:17:16 718][libtiny.so 0x533368] [f701048b] 0x40533368: "add x23, x15, x4" x15=0x405333a0 x4=0x3660224 => x23=0x43b935c4
[07:17:16 718][libtiny.so 0x53336c] [ce017fb2] 0x4053336c: "orr x14, x14, #2" x14=0x18 => x14=0x1a
[07:17:16 718][libtiny.so 0x533370] [24686e38] 0x40533370: "ldrb w4, [x1, x14]" ; mem[READ] abs=0x40b3025a x1=0x40b30240 x14=0x1a => w4=0x65
[07:17:16 718][libtiny.so 0x533374] [8ecb47f9] 0x40533374: "ldr x14, [x28, #0xf90]" ; mem[READ] abs=0x40755f90 x28=0x40755000 => x14=0x43a3a1a4
[07:17:16 718][libtiny.so 0x533378] [ef01174b] 0x40533378: "sub w15, w15, w23" w15=0x405333a0 w23=0x43b935c4 => w15=0xfc99fddc
[07:17:16 718][libtiny.so 0x53337c] [ef01050b] 0x4053337c: "add w15, w15, w5" w15=0xfc99fddc w5=0x159410 => w15=0xfcaf91ec
[07:17:16 718][libtiny.so 0x533380] [845c1853] 0x40533380: "lsl w4, w4, #8" w4=0x65 => w4=0x6500
[07:17:16 718][libtiny.so 0x533384] [cfc12f8b] 0x40533384: "add x15, x14, w15, sxtw" x14=0x43a3a1a4 w15=0xfcaf91ec => x15=0x40533390
[07:17:16 718][libtiny.so 0x533388] [644a01b9] 0x40533388: "str w4, [x19, #0x148]" ; mem[WRITE] abs=0xbfff90e8 w4=0x6500 x19=0xbfff8fa0 => w4=0x6500
[07:17:16 718][libtiny.so 0x53338c] [e0011fd6] 0x4053338c: "br x15" x15=0x40533390
[07:17:16 718][libtiny.so 0x533390] [6e448092] 0x40533390: "movn x14, #0x223" x14=0x43a3a1a4 => x14=0xfffffffffffffddc
[07:17:16 718][libtiny.so 0x533394] [2e93bff2] 0x40533394: "movk x14, #0xfc99, lsl #16" x14=0xfffffffffffffddc => x14=0xfffffffffc99fddc
[07:17:16 718][libtiny.so 0x533398] [ee020e8b] 0x40533398: "add x14, x23, x14" x23=0x43b935c4 x14=0xfffffffffc99fddc => x14=0x405333a0
[07:17:16 718][libtiny.so 0x53339c] [c0011fd6] 0x4053339c: "br x14" x14=0x405333a0
[07:17:16 718][libtiny.so 0x5333a0] [6e4641b9] 0x405333a0: "ldr w14, [x19, #0x144]" ; mem[READ] abs=0xbfff90e4 x19=0xbfff8fa0 => w14=0x6e6e0000
[07:17:16 718][libtiny.so 0x5333a4] [6f4a41b9] 0x405333a4: "ldr w15, [x19, #0x148]" ; mem[READ] abs=0xbfff90e8 x19=0xbfff8fa0 => w15=0x6500
[07:17:16 718][libtiny.so 0x5333a8] [649e40f9] 0x405333a8: "ldr x4, [x19, #0x138]" ; mem[READ] abs=0xbfff90d8 x19=0xbfff8fa0 => x4=0x18
[07:17:16 718][libtiny.so 0x5333ac] [ce010f2a] 0x405333ac: "orr w14, w14, w15" w14=0x6e6e0000 w15=0x6500 => w14=0x6e6e6500
[07:17:16 718][libtiny.so 0x5333b0] [840440b2] 0x405333b0: "orr x4, x4, #3" x4=0x18 => x4=0x1b
[07:17:16 718][libtiny.so 0x5333b4] [24686438] 0x405333b4: "ldrb w4, [x1, x4]" ; mem[READ] abs=0x40b3025b x1=0x40b30240 x4=0x1b => w4=0x6c
[07:17:16 718][libtiny.so 0x5333b8] [659a40f9] 0x405333b8: "ldr x5, [x19, #0x130]" ; mem[READ] abs=0xbfff90d0 x19=0xbfff8fa0 => x5=0x6
[07:17:16 718][libtiny.so 0x5333bc] [6f821191] 0x405333bc: "add x15, x19, #0x460" x19=0xbfff8fa0 => x15=0xbfff9400
[07:17:16 718][libtiny.so 0x5333c0] [ce01042a] 0x405333c0: "orr w14, w14, w4" w14=0x6e6e6500 w4=0x6c => w14=0x6e6e656c
[07:17:16 718][libtiny.so 0x5333c4] [ee7925b8] 0x405333c4: "str w14, [x15, x5, lsl #2]" ; mem[WRITE] abs=0xbfff9418 w14=0x6e6e656c x15=0xbfff9400 x5=0x6 => w14=0x6e6e656c
[07:17:16 718][libtiny.so 0x5333c8] [6e9a40f9] 0x405333c8: "ldr x14, [x19, #0x130]" ; mem[READ] abs=0xbfff90d0 x19=0xbfff8fa0 => x14=0x6
[07:17:16 718][libtiny.so 0x5333cc] [848a8e52] 0x405333cc: "movz w4, #0x7454" w4=0x6c => w4=0x7454
[07:17:16 718][libtiny.so 0x5333d0] [050000b0] 0x405333d0: "adrp x5, #0x40534000" => x5=0x40534000
[07:17:16 718][libtiny.so 0x5333d4] [647ca072] 0x405333d4: "movk w4, #0x3e3, lsl #16" w4=0x7454 => w4=0x3e37454
[07:17:16 718][libtiny.so 0x5333d8] [ce050091] 0x405333d8: "add x14, x14, #1" x14=0x6 => x14=0x7
[07:17:16 718][libtiny.so 0x5333dc] [df4100f1] 0x405333dc: "cmp x14, #0x10" => nzcv=0x80000000 x14=0x7
[07:17:16 718][libtiny.so 0x5333e0] [ef179f1a] 0x405333e0: "cset w15, eq" nzcv=0x18080000000 => w15=0x0
[07:17:16 718][libtiny.so 0x5333e4] [6f3e0539] 0x405333e4: "strb w15, [x19, #0x14f]" ; mem[WRITE] abs=0xbfff90ef w15=0x0 x19=0xbfff8fa0 => w15=0x0
[07:17:16 719][libtiny.so 0x5333e8] [6f4a40f9] 0x405333e8: "ldr x15, [x19, #0x90]" ; mem[READ] abs=0xbfff9030 x19=0xbfff8fa0 => x15=0xbfff8f90
[07:17:16 719][libtiny.so 0x5333ec] [a5101491] 0x405333ec: "add x5, x5, #0x504" x5=0x40534000 => x5=0x40534504
[07:17:16 719][libtiny.so 0x5333f0] [b700048b] 0x405333f0: "add x23, x5, x4" x5=0x40534504 x4=0x3e37454 => x23=0x4436b958
[07:17:16 719][libtiny.so 0x5333f4] [844e8a52] 0x405333f4: "movz w4, #0x5274" w4=0x3e37454 => w4=0x5274
[07:17:16 719][libtiny.so 0x5333f8] [ee0100f9] 0x405333f8: "str x14, [x15]" ; mem[WRITE] abs=0xbfff8f90 x14=0x7 x15=0xbfff8f90 => x14=0x7
[07:17:16 719][libtiny.so 0x5333fc] [6ee147f9] 0x405333fc: "ldr x14, [x11, #0xfc0]" ; mem[READ] abs=0x40755fc0 x11=0x40755000 => x14=0x4451623c
[07:17:16 719][libtiny.so 0x533400] [af00174b] 0x40533400: "sub w15, w5, w23" w5=0x40534504 w23=0x4436b958 => w15=0xfc1c8bac
[07:17:16 719][libtiny.so 0x533404] [a4fcbf72] 0x40533404: "movk w4, #0xffe5, lsl #16" w4=0x5274 => w4=0xffe55274
[07:17:16 719][libtiny.so 0x533408] [ef01040b] 0x40533408: "add w15, w15, w4" w15=0xfc1c8bac w4=0xffe55274 => w15=0xfc01de20
[07:17:16 719][libtiny.so 0x53340c] [cec12f8b] 0x4053340c: "add x14, x14, w15, sxtw" x14=0x4451623c w15=0xfc01de20 => x14=0x4053405c
[07:17:16 719][libtiny.so 0x533410] [c0011fd6] 0x40533410: "br x14" x14=0x4053405c
[07:17:16 719][libtiny.so 0x53405c] [6e8a8e92] 0x4053405c: "movn x14, #0x7453" x14=0x4053405c => x14=0xffffffffffff8bac
[07:17:16 719][libtiny.so 0x534060] [8e83bff2] 0x40534060: "movk x14, #0xfc1c, lsl #16" x14=0xffffffffffff8bac => x14=0xfffffffffc1c8bac
[07:17:16 719][libtiny.so 0x534064] [ee020e8b] 0x40534064: "add x14, x23, x14" x23=0x4436b958 x14=0xfffffffffc1c8bac => x14=0x40534504
[07:17:16 719][libtiny.so 0x534068] [c0011fd6] 0x40534068: "br x14" x14=0x40534504
[07:17:16 719][libtiny.so 0x534504] [6e4e40f9] 0x40534504: "ldr x14, [x19, #0x98]" ; mem[READ] abs=0xbfff9038 x19=0xbfff8fa0 => x14=0xbfff8f80
[07:17:16 719][libtiny.so 0x534508] [2f008052] 0x40534508: "movz w15, #0x1" w15=0xfc01de20 => w15=0x1
[07:17:16 719][libtiny.so 0x53450c] [04f69952] 0x4053450c: "movz w4, #0xcfb0" w4=0xffe55274 => w4=0xcfb0
[07:17:16 719][libtiny.so 0x534510] [05000090] 0x40534510: "adrp x5, #0x40534000" => x5=0x40534000
[07:17:16 719][libtiny.so 0x534514] [cf010039] 0x40534514: "strb w15, [x14]" ; mem[WRITE] abs=0xbfff8f80 w15=0x1 x14=0xbfff8f80 => w15=0x1
[07:17:16 719][libtiny.so 0x534518] [6e5240f9] 0x40534518: "ldr x14, [x19, #0xa0]" ; mem[READ] abs=0xbfff9040 x19=0xbfff8fa0 => x14=0xbfff8f70
[07:17:16 719][libtiny.so 0x53451c] [081100b0] 0x4053451c: "adrp x8, #0x40755000" => x8=0x40755000
[07:17:16 719][libtiny.so 0x534520] [84eaa072] 0x40534520: "movk w4, #0x754, lsl #16" w4=0xcfb0 => w4=0x754cfb0
[07:17:16 719][libtiny.so 0x534524] [a5400891] 0x40534524: "add x5, x5, #0x210" x5=0x40534000 => x5=0x40534210
[07:17:16 719][libtiny.so 0x534528] [df0100f9] 0x40534528: "str xzr, [x14]" ; mem[WRITE] abs=0xbfff8f70 x14=0xbfff8f70
[07:17:16 719][libtiny.so 0x53452c] [6e4e40b9] 0x4053452c: "ldr w14, [x19, #0x4c]" ; mem[READ] abs=0xbfff8fec x19=0xbfff8fa0 => w14=0xa54ff53a
[07:17:16 719][libtiny.so 0x534530] [6f5640f9] 0x40534530: "ldr x15, [x19, #0xa8]" ; mem[READ] abs=0xbfff9048 x19=0xbfff8fa0 => x15=0xbfff8f60
[07:17:16 719][libtiny.so 0x534534] [b700048b] 0x40534534: "add x23, x5, x4" x5=0x40534210 x4=0x754cfb0 => x23=0x47a811c0
[07:17:16 719][libtiny.so 0x534538] [84ed8a52] 0x40534538: "movz w4, #0x576c" w4=0x754cfb0 => w4=0x576c
[07:17:16 719][libtiny.so 0x53453c] [8475a072] 0x4053453c: "movk w4, #0x3ac, lsl #16" w4=0x576c => w4=0x3ac576c
[07:17:16 719][libtiny.so 0x534540] [ee0100b9] 0x40534540: "str w14, [x15]" ; mem[WRITE] abs=0xbfff8f60 w14=0xa54ff53a x15=0xbfff8f60 => w14=0xa54ff53a
[07:17:16 719][libtiny.so 0x534544] [6e3e40b9] 0x40534544: "ldr w14, [x19, #0x3c]" ; mem[READ] abs=0xbfff8fdc x19=0xbfff8fa0 => w14=0x3c6ef372
[07:17:16 719][libtiny.so 0x534548] [6f5a40f9] 0x40534548: "ldr x15, [x19, #0xb0]" ; mem[READ] abs=0xbfff9050 x19=0xbfff8fa0 => x15=0xbfff8f50
[07:17:16 719][libtiny.so 0x53454c] [ee0100b9] 0x4053454c: "str w14, [x15]" ; mem[WRITE] abs=0xbfff8f50 w14=0x3c6ef372 x15=0xbfff8f50 => w14=0x3c6ef372
[07:17:16 719][libtiny.so 0x534550] [6e2e40b9] 0x40534550: "ldr w14, [x19, #0x2c]" ; mem[READ] abs=0xbfff8fcc x19=0xbfff8fa0 => w14=0xbb67ae85
[07:17:16 719][libtiny.so 0x534554] [6f5e40f9] 0x40534554: "ldr x15, [x19, #0xb8]" ; mem[READ] abs=0xbfff9058 x19=0xbfff8fa0 => x15=0xbfff8f40
[07:17:16 719][libtiny.so 0x534558] [ee0100b9] 0x40534558: "str w14, [x15]" ; mem[WRITE] abs=0xbfff8f40 w14=0xbb67ae85 x15=0xbfff8f40 => w14=0xbb67ae85
[07:17:16 719][libtiny.so 0x53455c] [0eed47f9] 0x4053455c: "ldr x14, [x8, #0xfd8]" ; mem[READ] abs=0x40755fd8 x8=0x40755000 => x14=0x43fbbdb4
[07:17:16 719][libtiny.so 0x534560] [af00174b] 0x40534560: "sub w15, w5, w23" w5=0x40534210 w23=0x47a811c0 => w15=0xf8ab3050
[07:17:16 719][libtiny.so 0x534564] [ef01040b] 0x40534564: "add w15, w15, w4" w15=0xf8ab3050 w4=0x3ac576c => w15=0xfc5787bc
[07:17:16 719][libtiny.so 0x534568] [cec12f8b] 0x40534568: "add x14, x14, w15, sxtw" x14=0x43fbbdb4 w15=0xfc5787bc => x14=0x40534570
[07:17:16 719][libtiny.so 0x53456c] [c0011fd6] 0x4053456c: "br x14" x14=0x40534570
[07:17:16 719][libtiny.so 0x534570] [0e1100b0] 0x40534570: "adrp x14, #0x40755000" => x14=0x40755000
[07:17:16 719][libtiny.so 0x534574] [cee947f9] 0x40534574: "ldr x14, [x14, #0xfd0]" ; mem[READ] abs=0x40755fd0 x14=0x40755000 => x14=0x4389d014
[07:17:16 719][libtiny.so 0x534578] [64c29192] 0x40534578: "movn x4, #0x8e13" x4=0x3ac576c => x4=0xffffffffffff71ec
[07:17:16 719][libtiny.so 0x53457c] [ef7a9a92] 0x4053457c: "movn x15, #0xd3d7" x15=0xfc5787bc => x15=0xffffffffffff2c28
[07:17:16 719][libtiny.so 0x534580] [2499bff2] 0x40534580: "movk x4, #0xfcc9, lsl #16" x4=0xffffffffffff71ec => x4=0xfffffffffcc971ec
[07:17:16 719][libtiny.so 0x534584] [0f8fbff2] 0x40534584: "movk x15, #0xfc78, lsl #16" x15=0xffffffffffff2c28 => x15=0xfffffffffc782c28
[07:17:16 719][libtiny.so 0x534588] [ce01048b] 0x40534588: "add x14, x14, x4" x14=0x4389d014 x4=0xfffffffffcc971ec => x14=0x40534200
[07:17:16 719][libtiny.so 0x53458c] [f7020f8b] 0x4053458c: "add x23, x23, x15" x23=0x47a811c0 x15=0xfffffffffc782c28 => x23=0x44203de8
[07:17:16 719][libtiny.so 0x534590] [c0011fd6] 0x40534590: "br x14" x14=0x40534200
[07:17:16 719][libtiny.so 0x534200] [ee7a9f92] 0x40534200: "movn x14, #0xfbd7" x14=0x40534200 => x14=0xffffffffffff0428
[07:17:16 719][libtiny.so 0x534204] [6e86bff2] 0x40534204: "movk x14, #0xfc33, lsl #16" x14=0xffffffffffff0428 => x14=0xfffffffffc330428
[07:17:16 719][libtiny.so 0x534208] [ee020e8b] 0x40534208: "add x14, x23, x14" x23=0x44203de8 x14=0xfffffffffc330428 => x14=0x40534210
[07:17:16 719][libtiny.so 0x53420c] [c0011fd6] 0x4053420c: "br x14" x14=0x40534210
[07:17:16 719][libtiny.so 0x534210] [6e1e40b9] 0x40534210: "ldr w14, [x19, #0x1c]" ; mem[READ] abs=0xbfff8fbc x19=0xbfff8fa0 => w14=0x6a09e667
[07:17:16 719][libtiny.so 0x534214] [6f6240f9] 0x40534214: "ldr x15, [x19, #0xc0]" ; mem[READ] abs=0xbfff9060 x19=0xbfff8fa0 => x15=0xbfff8f30
[07:17:16 719][libtiny.so 0x534218] [046e8552] 0x40534218: "movz w4, #0x2b70" w4=0xfcc971ec => w4=0x2b70
[07:17:16 719][libtiny.so 0x53421c] [85439a52] 0x4053421c: "movz w5, #0xd21c" w5=0x40534210 => w5=0xd21c
[07:17:16 719][libtiny.so 0x534220] [f6fffff0] 0x40534220: "adrp x22, #0x40533000" => x22=0x40533000
[07:17:16 719][libtiny.so 0x534224] [ee0100b9] 0x40534224: "str w14, [x15]" ; mem[WRITE] abs=0xbfff8f30 w14=0x6a09e667 x15=0xbfff8f30 => w14=0x6a09e667
[07:17:16 719][libtiny.so 0x534228] [6e6e40b9] 0x40534228: "ldr w14, [x19, #0x6c]" ; mem[READ] abs=0xbfff900c x19=0xbfff8fa0 => w14=0x9b05688c
[07:17:16 719][libtiny.so 0x53422c] [6f6640f9] 0x4053422c: "ldr x15, [x19, #0xc8]" ; mem[READ] abs=0xbfff9068 x19=0xbfff8fa0 => x15=0xbfff8f20
[07:17:16 719][libtiny.so 0x534230] [e4dca072] 0x40534230: "movk w4, #0x6e7, lsl #16" w4=0x2b70 => w4=0x6e72b70
[07:17:16 719][libtiny.so 0x534234] [a57da072] 0x40534234: "movk w5, #0x3ed, lsl #16" w5=0xd21c => w5=0x3edd21c
[07:17:16 720][libtiny.so 0x534238] [d6d23c91] 0x40534238: "add x22, x22, #0xf34" x22=0x40533000 => x22=0x40533f34
[07:17:16 720][libtiny.so 0x53423c] [ee0100b9] 0x4053423c: "str w14, [x15]" ; mem[WRITE] abs=0xbfff8f20 w14=0x9b05688c x15=0xbfff8f20 => w14=0x9b05688c
[07:17:16 720][libtiny.so 0x534240] [6e7e40b9] 0x40534240: "ldr w14, [x19, #0x7c]" ; mem[READ] abs=0xbfff901c x19=0xbfff8fa0 => w14=0x1f83d9ab
[07:17:16 720][libtiny.so 0x534244] [6f6a40f9] 0x40534244: "ldr x15, [x19, #0xd0]" ; mem[READ] abs=0xbfff9070 x19=0xbfff8fa0 => x15=0xbfff8f10
[07:17:16 720][libtiny.so 0x534248] [a402048b] 0x40534248: "add x4, x21, x4" x21=0x40533314 x4=0x6e72b70 => x4=0x473a5e84
[07:17:16 720][libtiny.so 0x53424c] [c502058b] 0x4053424c: "add x5, x22, x5" x22=0x40533f34 x5=0x3edd21c => x5=0x44411150
[07:17:16 720][libtiny.so 0x534250] [081100b0] 0x40534250: "adrp x8, #0x40755000" => x8=0x40755000
[07:17:16 720][libtiny.so 0x534254] [ee0100b9] 0x40534254: "str w14, [x15]" ; mem[WRITE] abs=0xbfff8f10 w14=0x1f83d9ab x15=0xbfff8f10 => w14=0x1f83d9ab
[07:17:16 720][libtiny.so 0x534258] [6e5e40b9] 0x40534258: "ldr w14, [x19, #0x5c]" ; mem[READ] abs=0xbfff8ffc x19=0xbfff8fa0 => w14=0x510e527f
[07:17:16 720][libtiny.so 0x53425c] [6f6e40f9] 0x4053425c: "ldr x15, [x19, #0xd8]" ; mem[READ] abs=0xbfff9078 x19=0xbfff8fa0 => x15=0xbfff8f00
[07:17:16 720][libtiny.so 0x534260] [08813d91] 0x40534260: "add x8, x8, #0xf60" x8=0x40755000 => x8=0x40755f60
[07:17:16 720][libtiny.so 0x534264] [ee0100b9] 0x40534264: "str w14, [x15]" ; mem[WRITE] abs=0xbfff8f00 w14=0x510e527f x15=0xbfff8f00 => w14=0x510e527f
[07:17:16 720][libtiny.so 0x534268] [6e8e40b9] 0x40534268: "ldr w14, [x19, #0x8c]" ; mem[READ] abs=0xbfff902c x19=0xbfff8fa0 => w14=0x5be0cd19
[07:17:16 720][libtiny.so 0x53426c] [6f7240f9] 0x4053426c: "ldr x15, [x19, #0xe0]" ; mem[READ] abs=0xbfff9080 x19=0xbfff8fa0 => x15=0xbfff8ef0
[07:17:16 720][libtiny.so 0x534270] [ee0100b9] 0x40534270: "str w14, [x15]" ; mem[WRITE] abs=0xbfff8ef0 w14=0x5be0cd19 x15=0xbfff8ef0 => w14=0x5be0cd19
[07:17:16 720][libtiny.so 0x534274] [6e3e4539] 0x40534274: "ldrb w14, [x19, #0x14f]" ; mem[READ] abs=0xbfff90ef x19=0xbfff8fa0 => w14=0x0
[07:17:16 720][libtiny.so 0x534278] [783e4539] 0x40534278: "ldrb w24, [x19, #0x14f]" ; mem[READ] abs=0xbfff90ef x19=0xbfff8fa0 => w24=0x0
[07:17:16 720][libtiny.so 0x53427c] [0f058052] 0x4053427c: "movz w15, #0x28" w15=0xbfff8ef0 => w15=0x28
[07:17:16 720][libtiny.so 0x534280] [df010071] 0x40534280: "cmp w14, #0" => nzcv=0x60000000 w14=0x0
[07:17:16 720][libtiny.so 0x534284] [6e3e4539] 0x40534284: "ldrb w14, [x19, #0x14f]" ; mem[READ] abs=0xbfff90ef x19=0xbfff8fa0 => w14=0x0
[07:17:16 720][libtiny.so 0x534288] [b710849a] 0x40534288: "csel x23, x5, x4, ne" nzcv=0x18060000000 x5=0x44411150 x4=0x473a5e84 => x23=0x473a5e84
[07:17:16 720][libtiny.so 0x53428c] [040a8052] 0x4053428c: "movz w4, #0x50" w4=0x473a5e84 => w4=0x50
[07:17:16 720][libtiny.so 0x534290] [df010071] 0x40534290: "cmp w14, #0" => nzcv=0x60000000 w14=0x0
[07:17:16 720][libtiny.so 0x534294] [8e819652] 0x40534294: "movz w14, #0xb40c" w14=0x0 => w14=0xb40c
[07:17:16 720][libtiny.so 0x534298] [8f108f9a] 0x40534298: "csel x15, x4, x15, ne" nzcv=0x18060000000 x4=0x50 x15=0x28 => x15=0x28
[07:17:16 720][libtiny.so 0x53429c] [04c68d52] 0x4053429c: "movz w4, #0x6e30" w4=0x50 => w4=0x6e30
[07:17:16 720][libtiny.so 0x5342a0] [8e70a072] 0x405342a0: "movk w14, #0x384, lsl #16" w14=0xb40c => w14=0x384b40c
[07:17:16 720][libtiny.so 0x5342a4] [44ffbf72] 0x405342a4: "movk w4, #0xfffa, lsl #16" w4=0x6e30 => w4=0xfffa6e30
[07:17:16 720][libtiny.so 0x5342a8] [0f696ff8] 0x405342a8: "ldr x15, [x8, x15]" ; mem[READ] abs=0x40755f88 x8=0x40755f60 x15=0x28 => x15=0x43b5b060
[07:17:16 720][libtiny.so 0x5342ac] [ae020e0b] 0x405342ac: "add w14, w21, w14" w21=0x40533314 w14=0x384b40c => w14=0x43d7e720
[07:17:16 720][libtiny.so 0x5342b0] [c402040b] 0x405342b0: "add w4, w22, w4" w22=0x40533f34 w4=0xfffa6e30 => w4=0x404dad64
[07:17:16 720][libtiny.so 0x5342b4] [1f030071] 0x405342b4: "cmp w24, #0" => nzcv=0x60000000 w24=0x0
[07:17:16 720][libtiny.so 0x5342b8] [8e108e1a] 0x405342b8: "csel w14, w4, w14, ne" nzcv=0x18060000000 w4=0x404dad64 w14=0x43d7e720 => w14=0x43d7e720
[07:17:16 720][libtiny.so 0x5342bc] [ce01174b] 0x405342bc: "sub w14, w14, w23" w14=0x43d7e720 w23=0x473a5e84 => w14=0xfc9d889c
[07:17:16 720][libtiny.so 0x5342c0] [eec12e8b] 0x405342c0: "add x14, x15, w14, sxtw" x15=0x43b5b060 w14=0xfc9d889c => x14=0x405338fc
[07:17:16 720][libtiny.so 0x5342c4] [c0011fd6] 0x405342c4: "br x14" x14=0x405338fc
[07:17:16 720][libtiny.so 0x5338fc] [cec047f9] 0x405338fc: "ldr x14, [x6, #0xf80]" ; mem[READ] abs=0x40755f80 x6=0x40755000 => x14=0x439a8ba0
[07:17:16 720][libtiny.so 0x533900] [e44f8b92] 0x40533900: "movn x4, #0x5a7f" x4=0x404dad64 => x4=0xffffffffffffa580
[07:17:16 720][libtiny.so 0x533904] [ef799192] 0x40533904: "movn x15, #0x8bcf" x15=0x43b5b060 => x15=0xffffffffffff7430
[07:17:16 720][libtiny.so 0x533908] [0497bff2] 0x40533908: "movk x4, #0xfcb8, lsl #16" x4=0xffffffffffffa580 => x4=0xfffffffffcb8a580
[07:17:16 720][libtiny.so 0x53390c] [af90bff2] 0x4053390c: "movk x15, #0xfc85, lsl #16" x15=0xffffffffffff7430 => x15=0xfffffffffc857430
[07:17:16 720][libtiny.so 0x533910] [ce01048b] 0x40533910: "add x14, x14, x4" x14=0x439a8ba0 x4=0xfffffffffcb8a580 => x14=0x40533120
[07:17:16 720][libtiny.so 0x533914] [f7020f8b] 0x40533914: "add x23, x23, x15" x23=0x473a5e84 x15=0xfffffffffc857430 => x23=0x43bfd2b4
[07:17:16 720][libtiny.so 0x533918] [c0011fd6] 0x40533918: "br x14" x14=0x40533120
[07:17:16 720][libtiny.so 0x533120] [eef39392] 0x40533120: "movn x14, #0x9f9f" x14=0x40533120 => x14=0xffffffffffff6060
[07:17:16 720][libtiny.so 0x533124] [6e92bff2] 0x40533124: "movk x14, #0xfc93, lsl #16" x14=0xffffffffffff6060 => x14=0xfffffffffc936060
[07:17:16 720][libtiny.so 0x533128] [ee020e8b] 0x40533128: "add x14, x23, x14" x23=0x43bfd2b4 x14=0xfffffffffc936060 => x14=0x40533314
[07:17:16 720][libtiny.so 0x53312c] [c0011fd6] 0x4053312c: "br x14" x14=0x40533314
[07:17:16 720][libtiny.so 0x533314] [6e4a40f9] 0x40533314: "ldr x14, [x19, #0x90]" ; mem[READ] abs=0xbfff9030 x19=0xbfff8fa0 => x14=0xbfff8f90
[07:17:16 720][libtiny.so 0x533318] [84448052] 0x40533318: "movz w4, #0x224" w4=0xfcb8a580 => w4=0x224
[07:17:16 720][libtiny.so 0x53331c] [c46ca072] 0x4053331c: "movk w4, #0x366, lsl #16" w4=0x224 => w4=0x3660224
[07:17:16 720][libtiny.so 0x533320] [05829252] 0x40533320: "movz w5, #0x9410" w5=0x44411150 => w5=0x9410
[07:17:16 720][libtiny.so 0x533324] [ce0140f9] 0x40533324: "ldr x14, [x14]" ; mem[READ] abs=0xbfff8f90 x14=0xbfff8f90 => x14=0x7
[07:17:16 720][libtiny.so 0x533328] [a502a072] 0x40533328: "movk w5, #0x15, lsl #16" w5=0x9410 => w5=0x159410
[07:17:16 720][libtiny.so 0x53332c] [6e9a00f9] 0x4053332c: "str x14, [x19, #0x130]" ; mem[WRITE] abs=0xbfff90d0 x14=0x7 x19=0xbfff8fa0 => x14=0x7
[07:17:16 720][libtiny.so 0x533330] [6e9a40f9] 0x40533330: "ldr x14, [x19, #0x130]" ; mem[READ] abs=0xbfff90d0 x19=0xbfff8fa0 => x14=0x7
[07:17:16 720][libtiny.so 0x533334] [cef57ed3] 0x40533334: "lsl x14, x14, #2" x14=0x7 => x14=0x1c
[07:17:16 720][libtiny.so 0x533338] [6e9e00f9] 0x40533338: "str x14, [x19, #0x138]" ; mem[WRITE] abs=0xbfff90d8 x14=0x1c x19=0xbfff8fa0 => x14=0x1c
[07:17:16 720][libtiny.so 0x53333c] [6e9e40f9] 0x4053333c: "ldr x14, [x19, #0x138]" ; mem[READ] abs=0xbfff90d8 x19=0xbfff8fa0 => x14=0x1c
[07:17:16 720][libtiny.so 0x533340] [2e686e38] 0x40533340: "ldrb w14, [x1, x14]" ; mem[READ] abs=0x40b3025c x1=0x40b30240 x14=0x1c => w14=0x22
[07:17:16 720][libtiny.so 0x533344] [6f9e40f9] 0x40533344: "ldr x15, [x19, #0x138]" ; mem[READ] abs=0xbfff90d8 x19=0xbfff8fa0 => x15=0x1c
[07:17:16 720][libtiny.so 0x533348] [ce1d0853] 0x40533348: "lsl w14, w14, #0x18" w14=0x22 => w14=0x22000000
[07:17:16 720][libtiny.so 0x53334c] [ef0140b2] 0x4053334c: "orr x15, x15, #1" x15=0x1c => x15=0x1d
[07:17:16 720][libtiny.so 0x533350] [2f686f38] 0x40533350: "ldrb w15, [x1, x15]" ; mem[READ] abs=0x40b3025d x1=0x40b30240 x15=0x1d => w15=0x3a
[07:17:16 720][libtiny.so 0x533354] [ee1d1033] 0x40533354: "bfi w14, w15, #0x10, #8" w14=0x22000000 w15=0x3a => w14=0x223a0000
[07:17:16 721][libtiny.so 0x533358] [6e4601b9] 0x40533358: "str w14, [x19, #0x144]" ; mem[WRITE] abs=0xbfff90e4 w14=0x223a0000 x19=0xbfff8fa0 => w14=0x223a0000
[07:17:16 721][libtiny.so 0x53335c] [6e9e40f9] 0x4053335c: "ldr x14, [x19, #0x138]" ; mem[READ] abs=0xbfff90d8 x19=0xbfff8fa0 => x14=0x1c
[07:17:16 721][libtiny.so 0x533360] [0f000090] 0x40533360: "adrp x15, #0x40533000" => x15=0x40533000
[07:17:16 721][libtiny.so 0x533364] [ef810e91] 0x40533364: "add x15, x15, #0x3a0" x15=0x40533000 => x15=0x405333a0
[07:17:16 721][libtiny.so 0x533368] [f701048b] 0x40533368: "add x23, x15, x4" x15=0x405333a0 x4=0x3660224 => x23=0x43b935c4
[07:17:16 721][libtiny.so 0x53336c] [ce017fb2] 0x4053336c: "orr x14, x14, #2" x14=0x1c => x14=0x1e
[07:17:16 721][libtiny.so 0x533370] [24686e38] 0x40533370: "ldrb w4, [x1, x14]" ; mem[READ] abs=0x40b3025e x1=0x40b30240 x14=0x1e => w4=0x22
[07:17:16 721][libtiny.so 0x533374] [8ecb47f9] 0x40533374: "ldr x14, [x28, #0xf90]" ; mem[READ] abs=0x40755f90 x28=0x40755000 => x14=0x43a3a1a4
[07:17:16 721][libtiny.so 0x533378] [ef01174b] 0x40533378: "sub w15, w15, w23" w15=0x405333a0 w23=0x43b935c4 => w15=0xfc99fddc
[07:17:16 721][libtiny.so 0x53337c] [ef01050b] 0x4053337c: "add w15, w15, w5" w15=0xfc99fddc w5=0x159410 => w15=0xfcaf91ec
[07:17:16 721][libtiny.so 0x533380] [845c1853] 0x40533380: "lsl w4, w4, #8" w4=0x22 => w4=0x2200
[07:17:16 721][libtiny.so 0x533384] [cfc12f8b] 0x40533384: "add x15, x14, w15, sxtw" x14=0x43a3a1a4 w15=0xfcaf91ec => x15=0x40533390
[07:17:16 721][libtiny.so 0x533388] [644a01b9] 0x40533388: "str w4, [x19, #0x148]" ; mem[WRITE] abs=0xbfff90e8 w4=0x2200 x19=0xbfff8fa0 => w4=0x2200
[07:17:16 721][libtiny.so 0x53338c] [e0011fd6] 0x4053338c: "br x15" x15=0x40533390
[07:17:16 721][libtiny.so 0x533390] [6e448092] 0x40533390: "movn x14, #0x223" x14=0x43a3a1a4 => x14=0xfffffffffffffddc
[07:17:16 721][libtiny.so 0x533394] [2e93bff2] 0x40533394: "movk x14, #0xfc99, lsl #16" x14=0xfffffffffffffddc => x14=0xfffffffffc99fddc
[07:17:16 721][libtiny.so 0x533398] [ee020e8b] 0x40533398: "add x14, x23, x14" x23=0x43b935c4 x14=0xfffffffffc99fddc => x14=0x405333a0
[07:17:16 721][libtiny.so 0x53339c] [c0011fd6] 0x4053339c: "br x14" x14=0x405333a0
[07:17:16 721][libtiny.so 0x5333a0] [6e4641b9] 0x405333a0: "ldr w14, [x19, #0x144]" ; mem[READ] abs=0xbfff90e4 x19=0xbfff8fa0 => w14=0x223a0000
[07:17:16 721][libtiny.so 0x5333a4] [6f4a41b9] 0x405333a4: "ldr w15, [x19, #0x148]" ; mem[READ] abs=0xbfff90e8 x19=0xbfff8fa0 => w15=0x2200
[07:17:16 721][libtiny.so 0x5333a8] [649e40f9] 0x405333a8: "ldr x4, [x19, #0x138]" ; mem[READ] abs=0xbfff90d8 x19=0xbfff8fa0 => x4=0x1c
[07:17:16 721][libtiny.so 0x5333ac] [ce010f2a] 0x405333ac: "orr w14, w14, w15" w14=0x223a0000 w15=0x2200 => w14=0x223a2200
[07:17:16 721][libtiny.so 0x5333b0] [840440b2] 0x405333b0: "orr x4, x4, #3" x4=0x1c => x4=0x1f
[07:17:16 721][libtiny.so 0x5333b4] [24686438] 0x405333b4: "ldrb w4, [x1, x4]" ; mem[READ] abs=0x40b3025f x1=0x40b30240 x4=0x1f => w4=0x58
[07:17:16 721][libtiny.so 0x5333b8] [659a40f9] 0x405333b8: "ldr x5, [x19, #0x130]" ; mem[READ] abs=0xbfff90d0 x19=0xbfff8fa0 => x5=0x7
[07:17:16 721][libtiny.so 0x5333bc] [6f821191] 0x405333bc: "add x15, x19, #0x460" x19=0xbfff8fa0 => x15=0xbfff9400
[07:17:16 721][libtiny.so 0x5333c0] [ce01042a] 0x405333c0: "orr w14, w14, w4" w14=0x223a2200 w4=0x58 => w14=0x223a2258
[07:17:16 721][libtiny.so 0x5333c4] [ee7925b8] 0x405333c4: "str w14, [x15, x5, lsl #2]" ; mem[WRITE] abs=0xbfff941c w14=0x223a2258 x15=0xbfff9400 x5=0x7 => w14=0x223a2258
[07:17:16 721][libtiny.so 0x5333c8] [6e9a40f9] 0x405333c8: "ldr x14, [x19, #0x130]" ; mem[READ] abs=0xbfff90d0 x19=0xbfff8fa0 => x14=0x7
[07:17:16 721][libtiny.so 0x5333cc] [848a8e52] 0x405333cc: "movz w4, #0x7454" w4=0x58 => w4=0x7454
[07:17:16 721][libtiny.so 0x5333d0] [050000b0] 0x405333d0: "adrp x5, #0x40534000" => x5=0x40534000
[07:17:16 721][libtiny.so 0x5333d4] [647ca072] 0x405333d4: "movk w4, #0x3e3, lsl #16" w4=0x7454 => w4=0x3e37454
[07:17:16 721][libtiny.so 0x5333d8] [ce050091] 0x405333d8: "add x14, x14, #1" x14=0x7 => x14=0x8
[07:17:16 721][libtiny.so 0x5333dc] [df4100f1] 0x405333dc: "cmp x14, #0x10" => nzcv=0x80000000 x14=0x8
[07:17:16 721][libtiny.so 0x5333e0] [ef179f1a] 0x405333e0: "cset w15, eq" nzcv=0x18080000000 => w15=0x0
[07:17:16 721][libtiny.so 0x5333e4] [6f3e0539] 0x405333e4: "strb w15, [x19, #0x14f]" ; mem[WRITE] abs=0xbfff90ef w15=0x0 x19=0xbfff8fa0 => w15=0x0
[07:17:16 721][libtiny.so 0x5333e8] [6f4a40f9] 0x405333e8: "ldr x15, [x19, #0x90]" ; mem[READ] abs=0xbfff9030 x19=0xbfff8fa0 => x15=0xbfff8f90
[07:17:16 721][libtiny.so 0x5333ec] [a5101491] 0x405333ec: "add x5, x5, #0x504" x5=0x40534000 => x5=0x40534504
[07:17:16 721][libtiny.so 0x5333f0] [b700048b] 0x405333f0: "add x23, x5, x4" x5=0x40534504 x4=0x3e37454 => x23=0x4436b958
[07:17:16 721][libtiny.so 0x5333f4] [844e8a52] 0x405333f4: "movz w4, #0x5274" w4=0x3e37454 => w4=0x5274
[07:17:16 721][libtiny.so 0x5333f8] [ee0100f9] 0x405333f8: "str x14, [x15]" ; mem[WRITE] abs=0xbfff8f90 x14=0x8 x15=0xbfff8f90 => x14=0x8
[07:17:16 721][libtiny.so 0x5333fc] [6ee147f9] 0x405333fc: "ldr x14, [x11, #0xfc0]" ; mem[READ] abs=0x40755fc0 x11=0x40755000 => x14=0x4451623c
[07:17:16 721][libtiny.so 0x533400] [af00174b] 0x40533400: "sub w15, w5, w23" w5=0x40534504 w23=0x4436b958 => w15=0xfc1c8bac
[07:17:16 721][libtiny.so 0x533404] [a4fcbf72] 0x40533404: "movk w4, #0xffe5, lsl #16" w4=0x5274 => w4=0xffe55274
[07:17:16 721][libtiny.so 0x533408] [ef01040b] 0x40533408: "add w15, w15, w4" w15=0xfc1c8bac w4=0xffe55274 => w15=0xfc01de20
[07:17:16 721][libtiny.so 0x53340c] [cec12f8b] 0x4053340c: "add x14, x14, w15, sxtw" x14=0x4451623c w15=0xfc01de20 => x14=0x4053405c
[07:17:16 721][libtiny.so 0x533410] [c0011fd6] 0x40533410: "br x14" x14=0x4053405c
[07:17:16 721][libtiny.so 0x53405c] [6e8a8e92] 0x4053405c: "movn x14, #0x7453" x14=0x4053405c => x14=0xffffffffffff8bac
[07:17:16 721][libtiny.so 0x534060] [8e83bff2] 0x40534060: "movk x14, #0xfc1c, lsl #16" x14=0xffffffffffff8bac => x14=0xfffffffffc1c8bac
[07:17:16 721][libtiny.so 0x534064] [ee020e8b] 0x40534064: "add x14, x23, x14" x23=0x4436b958 x14=0xfffffffffc1c8bac => x14=0x40534504
[07:17:16 721][libtiny.so 0x534068] [c0011fd6] 0x40534068: "br x14" x14=0x40534504
[07:17:16 721][libtiny.so 0x534504] [6e4e40f9] 0x40534504: "ldr x14, [x19, #0x98]" ; mem[READ] abs=0xbfff9038 x19=0xbfff8fa0 => x14=0xbfff8f80
[07:17:16 721][libtiny.so 0x534508] [2f008052] 0x40534508: "movz w15, #0x1" w15=0xfc01de20 => w15=0x1
[07:17:16 721][libtiny.so 0x53450c] [04f69952] 0x4053450c: "movz w4, #0xcfb0" w4=0xffe55274 => w4=0xcfb0
[07:17:16 721][libtiny.so 0x534510] [05000090] 0x40534510: "adrp x5, #0x40534000" => x5=0x40534000
[07:17:16 721][libtiny.so 0x534514] [cf010039] 0x40534514: "strb w15, [x14]" ; mem[WRITE] abs=0xbfff8f80 w15=0x1 x14=0xbfff8f80 => w15=0x1
[07:17:16 721][libtiny.so 0x534518] [6e5240f9] 0x40534518: "ldr x14, [x19, #0xa0]" ; mem[READ] abs=0xbfff9040 x19=0xbfff8fa0 => x14=0xbfff8f70
[07:17:16 721][libtiny.so 0x53451c] [081100b0] 0x4053451c: "adrp x8, #0x40755000" => x8=0x40755000
[07:17:16 721][libtiny.so 0x534520] [84eaa072] 0x40534520: "movk w4, #0x754, lsl #16" w4=0xcfb0 => w4=0x754cfb0
[07:17:16 721][libtiny.so 0x534524] [a5400891] 0x40534524: "add x5, x5, #0x210" x5=0x40534000 => x5=0x40534210
[07:17:16 721][libtiny.so 0x534528] [df0100f9] 0x40534528: "str xzr, [x14]" ; mem[WRITE] abs=0xbfff8f70 x14=0xbfff8f70
[07:17:16 721][libtiny.so 0x53452c] [6e4e40b9] 0x4053452c: "ldr w14, [x19, #0x4c]" ; mem[READ] abs=0xbfff8fec x19=0xbfff8fa0 => w14=0xa54ff53a
[07:17:16 721][libtiny.so 0x534530] [6f5640f9] 0x40534530: "ldr x15, [x19, #0xa8]" ; mem[READ] abs=0xbfff9048 x19=0xbfff8fa0 => x15=0xbfff8f60
[07:17:16 721][libtiny.so 0x534534] [b700048b] 0x40534534: "add x23, x5, x4" x5=0x40534210 x4=0x754cfb0 => x23=0x47a811c0
[07:17:16 722][libtiny.so 0x534538] [84ed8a52] 0x40534538: "movz w4, #0x576c" w4=0x754cfb0 => w4=0x576c
[07:17:16 722][libtiny.so 0x53453c] [8475a072] 0x4053453c: "movk w4, #0x3ac, lsl #16" w4=0x576c => w4=0x3ac576c
[07:17:16 722][libtiny.so 0x534540] [ee0100b9] 0x40534540: "str w14, [x15]" ; mem[WRITE] abs=0xbfff8f60 w14=0xa54ff53a x15=0xbfff8f60 => w14=0xa54ff53a
[07:17:16 722][libtiny.so 0x534544] [6e3e40b9] 0x40534544: "ldr w14, [x19, #0x3c]" ; mem[READ] abs=0xbfff8fdc x19=0xbfff8fa0 => w14=0x3c6ef372
[07:17:16 722][libtiny.so 0x534548] [6f5a40f9] 0x40534548: "ldr x15, [x19, #0xb0]" ; mem[READ] abs=0xbfff9050 x19=0xbfff8fa0 => x15=0xbfff8f50
[07:17:16 722][libtiny.so 0x53454c] [ee0100b9] 0x4053454c: "str w14, [x15]" ; mem[WRITE] abs=0xbfff8f50 w14=0x3c6ef372 x15=0xbfff8f50 => w14=0x3c6ef372
[07:17:16 722][libtiny.so 0x534550] [6e2e40b9] 0x40534550: "ldr w14, [x19, #0x2c]" ; mem[READ] abs=0xbfff8fcc x19=0xbfff8fa0 => w14=0xbb67ae85
[07:17:16 722][libtiny.so 0x534554] [6f5e40f9] 0x40534554: "ldr x15, [x19, #0xb8]" ; mem[READ] abs=0xbfff9058 x19=0xbfff8fa0 => x15=0xbfff8f40
[07:17:16 722][libtiny.so 0x534558] [ee0100b9] 0x40534558: "str w14, [x15]" ; mem[WRITE] abs=0xbfff8f40 w14=0xbb67ae85 x15=0xbfff8f40 => w14=0xbb67ae85
[07:17:16 722][libtiny.so 0x53455c] [0eed47f9] 0x4053455c: "ldr x14, [x8, #0xfd8]" ; mem[READ] abs=0x40755fd8 x8=0x40755000 => x14=0x43fbbdb4
[07:17:16 722][libtiny.so 0x534560] [af00174b] 0x40534560: "sub w15, w5, w23" w5=0x40534210 w23=0x47a811c0 => w15=0xf8ab3050
[07:17:16 722][libtiny.so 0x534564] [ef01040b] 0x40534564: "add w15, w15, w4" w15=0xf8ab3050 w4=0x3ac576c => w15=0xfc5787bc
[07:17:16 722][libtiny.so 0x534568] [cec12f8b] 0x40534568: "add x14, x14, w15, sxtw" x14=0x43fbbdb4 w15=0xfc5787bc => x14=0x40534570
[07:17:16 722][libtiny.so 0x53456c] [c0011fd6] 0x4053456c: "br x14" x14=0x40534570
[07:17:16 722][libtiny.so 0x534570] [0e1100b0] 0x40534570: "adrp x14, #0x40755000" => x14=0x40755000
[07:17:16 722][libtiny.so 0x534574] [cee947f9] 0x40534574: "ldr x14, [x14, #0xfd0]" ; mem[READ] abs=0x40755fd0 x14=0x40755000 => x14=0x4389d014
[07:17:16 722][libtiny.so 0x534578] [64c29192] 0x40534578: "movn x4, #0x8e13" x4=0x3ac576c => x4=0xffffffffffff71ec
[07:17:16 722][libtiny.so 0x53457c] [ef7a9a92] 0x4053457c: "movn x15, #0xd3d7" x15=0xfc5787bc => x15=0xffffffffffff2c28
[07:17:16 722][libtiny.so 0x534580] [2499bff2] 0x40534580: "movk x4, #0xfcc9, lsl #16" x4=0xffffffffffff71ec => x4=0xfffffffffcc971ec
[07:17:16 722][libtiny.so 0x534584] [0f8fbff2] 0x40534584: "movk x15, #0xfc78, lsl #16" x15=0xffffffffffff2c28 => x15=0xfffffffffc782c28
[07:17:16 722][libtiny.so 0x534588] [ce01048b] 0x40534588: "add x14, x14, x4" x14=0x4389d014 x4=0xfffffffffcc971ec => x14=0x40534200
[07:17:16 722][libtiny.so 0x53458c] [f7020f8b] 0x4053458c: "add x23, x23, x15" x23=0x47a811c0 x15=0xfffffffffc782c28 => x23=0x44203de8
[07:17:16 722][libtiny.so 0x534590] [c0011fd6] 0x40534590: "br x14" x14=0x40534200
[07:17:16 722][libtiny.so 0x534200] [ee7a9f92] 0x40534200: "movn x14, #0xfbd7" x14=0x40534200 => x14=0xffffffffffff0428
[07:17:16 722][libtiny.so 0x534204] [6e86bff2] 0x40534204: "movk x14, #0xfc33, lsl #16" x14=0xffffffffffff0428 => x14=0xfffffffffc330428
[07:17:16 722][libtiny.so 0x534208] [ee020e8b] 0x40534208: "add x14, x23, x14" x23=0x44203de8 x14=0xfffffffffc330428 => x14=0x40534210
[07:17:16 722][libtiny.so 0x53420c] [c0011fd6] 0x4053420c: "br x14" x14=0x40534210
[07:17:16 722][libtiny.so 0x534210] [6e1e40b9] 0x40534210: "ldr w14, [x19, #0x1c]" ; mem[READ] abs=0xbfff8fbc x19=0xbfff8fa0 => w14=0x6a09e667
[07:17:16 722][libtiny.so 0x534214] [6f6240f9] 0x40534214: "ldr x15, [x19, #0xc0]" ; mem[READ] abs=0xbfff9060 x19=0xbfff8fa0 => x15=0xbfff8f30
[07:17:16 722][libtiny.so 0x534218] [046e8552] 0x40534218: "movz w4, #0x2b70" w4=0xfcc971ec => w4=0x2b70
[07:17:16 722][libtiny.so 0x53421c] [85439a52] 0x4053421c: "movz w5, #0xd21c" w5=0x40534210 => w5=0xd21c
[07:17:16 722][libtiny.so 0x534220] [f6fffff0] 0x40534220: "adrp x22, #0x40533000" => x22=0x40533000
[07:17:16 722][libtiny.so 0x534224] [ee0100b9] 0x40534224: "str w14, [x15]" ; mem[WRITE] abs=0xbfff8f30 w14=0x6a09e667 x15=0xbfff8f30 => w14=0x6a09e667
[07:17:16 722][libtiny.so 0x534228] [6e6e40b9] 0x40534228: "ldr w14, [x19, #0x6c]" ; mem[READ] abs=0xbfff900c x19=0xbfff8fa0 => w14=0x9b05688c
[07:17:16 722][libtiny.so 0x53422c] [6f6640f9] 0x4053422c: "ldr x15, [x19, #0xc8]" ; mem[READ] abs=0xbfff9068 x19=0xbfff8fa0 => x15=0xbfff8f20
[07:17:16 722][libtiny.so 0x534230] [e4dca072] 0x40534230: "movk w4, #0x6e7, lsl #16" w4=0x2b70 => w4=0x6e72b70
[07:17:16 722][libtiny.so 0x534234] [a57da072] 0x40534234: "movk w5, #0x3ed, lsl #16" w5=0xd21c => w5=0x3edd21c
[07:17:16 722][libtiny.so 0x534238] [d6d23c91] 0x40534238: "add x22, x22, #0xf34" x22=0x40533000 => x22=0x40533f34
[07:17:16 722][libtiny.so 0x53423c] [ee0100b9] 0x4053423c: "str w14, [x15]" ; mem[WRITE] abs=0xbfff8f20 w14=0x9b05688c x15=0xbfff8f20 => w14=0x9b05688c
[07:17:16 722][libtiny.so 0x534240] [6e7e40b9] 0x40534240: "ldr w14, [x19, #0x7c]" ; mem[READ] abs=0xbfff901c x19=0xbfff8fa0 => w14=0x1f83d9ab
[07:17:16 722][libtiny.so 0x534244] [6f6a40f9] 0x40534244: "ldr x15, [x19, #0xd0]" ; mem[READ] abs=0xbfff9070 x19=0xbfff8fa0 => x15=0xbfff8f10
[07:17:16 722][libtiny.so 0x534248] [a402048b] 0x40534248: "add x4, x21, x4" x21=0x40533314 x4=0x6e72b70 => x4=0x473a5e84
[07:17:16 722][libtiny.so 0x53424c] [c502058b] 0x4053424c: "add x5, x22, x5" x22=0x40533f34 x5=0x3edd21c => x5=0x44411150
[07:17:16 722][libtiny.so 0x534250] [081100b0] 0x40534250: "adrp x8, #0x40755000" => x8=0x40755000
[07:17:16 722][libtiny.so 0x534254] [ee0100b9] 0x40534254: "str w14, [x15]" ; mem[WRITE] abs=0xbfff8f10 w14=0x1f83d9ab x15=0xbfff8f10 => w14=0x1f83d9ab
[07:17:16 722][libtiny.so 0x534258] [6e5e40b9] 0x40534258: "ldr w14, [x19, #0x5c]" ; mem[READ] abs=0xbfff8ffc x19=0xbfff8fa0 => w14=0x510e527f
[07:17:16 722][libtiny.so 0x53425c] [6f6e40f9] 0x4053425c: "ldr x15, [x19, #0xd8]" ; mem[READ] abs=0xbfff9078 x19=0xbfff8fa0 => x15=0xbfff8f00
[07:17:16 722][libtiny.so 0x534260] [08813d91] 0x40534260: "add x8, x8, #0xf60" x8=0x40755000 => x8=0x40755f60
[07:17:16 722][libtiny.so 0x534264] [ee0100b9] 0x40534264: "str w14, [x15]" ; mem[WRITE] abs=0xbfff8f00 w14=0x510e527f x15=0xbfff8f00 => w14=0x510e527f
[07:17:16 722][libtiny.so 0x534268] [6e8e40b9] 0x40534268: "ldr w14, [x19, #0x8c]" ; mem[READ] abs=0xbfff902c x19=0xbfff8fa0 => w14=0x5be0cd19
[07:17:16 722][libtiny.so 0x53426c] [6f7240f9] 0x4053426c: "ldr x15, [x19, #0xe0]" ; mem[READ] abs=0xbfff9080 x19=0xbfff8fa0 => x15=0xbfff8ef0
[07:17:16 722][libtiny.so 0x534270] [ee0100b9] 0x40534270: "str w14, [x15]" ; mem[WRITE] abs=0xbfff8ef0 w14=0x5be0cd19 x15=0xbfff8ef0 => w14=0x5be0cd19
[07:17:16 722][libtiny.so 0x534274] [6e3e4539] 0x40534274: "ldrb w14, [x19, #0x14f]" ; mem[READ] abs=0xbfff90ef x19=0xbfff8fa0 => w14=0x0
[07:17:16 722][libtiny.so 0x534278] [783e4539] 0x40534278: "ldrb w24, [x19, #0x14f]" ; mem[READ] abs=0xbfff90ef x19=0xbfff8fa0 => w24=0x0
[07:17:16 722][libtiny.so 0x53427c] [0f058052] 0x4053427c: "movz w15, #0x28" w15=0xbfff8ef0 => w15=0x28
[07:17:16 722][libtiny.so 0x534280] [df010071] 0x40534280: "cmp w14, #0" => nzcv=0x60000000 w14=0x0
[07:17:16 722][libtiny.so 0x534284] [6e3e4539] 0x40534284: "ldrb w14, [x19, #0x14f]" ; mem[READ] abs=0xbfff90ef x19=0xbfff8fa0 => w14=0x0
[07:17:16 722][libtiny.so 0x534288] [b710849a] 0x40534288: "csel x23, x5, x4, ne" nzcv=0x18060000000 x5=0x44411150 x4=0x473a5e84 => x23=0x473a5e84
[07:17:16 722][libtiny.so 0x53428c] [040a8052] 0x4053428c: "movz w4, #0x50" w4=0x473a5e84 => w4=0x50
[07:17:16 722][libtiny.so 0x534290] [df010071] 0x40534290: "cmp w14, #0" => nzcv=0x60000000 w14=0x0
[07:17:16 722][libtiny.so 0x534294] [8e819652] 0x40534294: "movz w14, #0xb40c" w14=0x0 => w14=0xb40c
[07:17:16 722][libtiny.so 0x534298] [8f108f9a] 0x40534298: "csel x15, x4, x15, ne" nzcv=0x18060000000 x4=0x50 x15=0x28 => x15=0x28
[07:17:16 722][libtiny.so 0x53429c] [04c68d52] 0x4053429c: "movz w4, #0x6e30" w4=0x50 => w4=0x6e30
[07:17:16 722][libtiny.so 0x5342a0] [8e70a072] 0x405342a0: "movk w14, #0x384, lsl #16" w14=0xb40c => w14=0x384b40c
[07:17:16 722][libtiny.so 0x5342a4] [44ffbf72] 0x405342a4: "movk w4, #0xfffa, lsl #16" w4=0x6e30 => w4=0xfffa6e30
[07:17:16 722][libtiny.so 0x5342a8] [0f696ff8] 0x405342a8: "ldr x15, [x8, x15]" ; mem[READ] abs=0x40755f88 x8=0x40755f60 x15=0x28 => x15=0x43b5b060
[07:17:16 722][libtiny.so 0x5342ac] [ae020e0b] 0x405342ac: "add w14, w21, w14" w21=0x40533314 w14=0x384b40c => w14=0x43d7e720
[07:17:16 722][libtiny.so 0x5342b0] [c402040b] 0x405342b0: "add w4, w22, w4" w22=0x40533f34 w4=0xfffa6e30 => w4=0x404dad64
[07:17:16 722][libtiny.so 0x5342b4] [1f030071] 0x405342b4: "cmp w24, #0" => nzcv=0x60000000 w24=0x0
[07:17:16 722][libtiny.so 0x5342b8] [8e108e1a] 0x405342b8: "csel w14, w4, w14, ne" nzcv=0x18060000000 w4=0x404dad64 w14=0x43d7e720 => w14=0x43d7e720
[07:17:16 722][libtiny.so 0x5342bc] [ce01174b] 0x405342bc: "sub w14, w14, w23" w14=0x43d7e720 w23=0x473a5e84 => w14=0xfc9d889c
[07:17:16 722][libtiny.so 0x5342c0] [eec12e8b] 0x405342c0: "add x14, x15, w14, sxtw" x15=0x43b5b060 w14=0xfc9d889c => x14=0x405338fc
[07:17:16 722][libtiny.so 0x5342c4] [c0011fd6] 0x405342c4: "br x14" x14=0x405338fc
[07:17:16 722][libtiny.so 0x5338fc] [cec047f9] 0x405338fc: "ldr x14, [x6, #0xf80]" ; mem[READ] abs=0x40755f80 x6=0x40755000 => x14=0x439a8ba0
[07:17:16 722][libtiny.so 0x533900] [e44f8b92] 0x40533900: "movn x4, #0x5a7f" x4=0x404dad64 => x4=0xffffffffffffa580
[07:17:16 722][libtiny.so 0x533904] [ef799192] 0x40533904: "movn x15, #0x8bcf" x15=0x43b5b060 => x15=0xffffffffffff7430
[07:17:16 722][libtiny.so 0x533908] [0497bff2] 0x40533908: "movk x4, #0xfcb8, lsl #16" x4=0xffffffffffffa580 => x4=0xfffffffffcb8a580
[07:17:16 722][libtiny.so 0x53390c] [af90bff2] 0x4053390c: "movk x15, #0xfc85, lsl #16" x15=0xffffffffffff7430 => x15=0xfffffffffc857430
[07:17:16 722][libtiny.so 0x533910] [ce01048b] 0x40533910: "add x14, x14, x4" x14=0x439a8ba0 x4=0xfffffffffcb8a580 => x14=0x40533120
[07:17:16 722][libtiny.so 0x533914] [f7020f8b] 0x40533914: "add x23, x23, x15" x23=0x473a5e84 x15=0xfffffffffc857430 => x23=0x43bfd2b4
[07:17:16 722][libtiny.so 0x533918] [c0011fd6] 0x40533918: "br x14" x14=0x40533120
[07:17:16 722][libtiny.so 0x533120] [eef39392] 0x40533120: "movn x14, #0x9f9f" x14=0x40533120 => x14=0xffffffffffff6060
[07:17:16 722][libtiny.so 0x533124] [6e92bff2] 0x40533124: "movk x14, #0xfc93, lsl #16" x14=0xffffffffffff6060 => x14=0xfffffffffc936060
[07:17:16 722][libtiny.so 0x533128] [ee020e8b] 0x40533128: "add x14, x23, x14" x23=0x43bfd2b4 x14=0xfffffffffc936060 => x14=0x40533314
[07:17:16 722][libtiny.so 0x53312c] [c0011fd6] 0x4053312c: "br x14" x14=0x40533314
[07:17:16 722][libtiny.so 0x533314] [6e4a40f9] 0x40533314: "ldr x14, [x19, #0x90]" ; mem[READ] abs=0xbfff9030 x19=0xbfff8fa0 => x14=0xbfff8f90
[07:17:16 722][libtiny.so 0x533318] [84448052] 0x40533318: "movz w4, #0x224" w4=0xfcb8a580 => w4=0x224
[07:17:16 722][libtiny.so 0x53331c] [c46ca072] 0x4053331c: "movk w4, #0x366, lsl #16" w4=0x224 => w4=0x3660224
[07:17:16 722][libtiny.so 0x533320] [05829252] 0x40533320: "movz w5, #0x9410" w5=0x44411150 => w5=0x9410
[07:17:16 724][libtiny.so 0x533324] [ce0140f9] 0x40533324: "ldr x14, [x14]" ; mem[READ] abs=0xbfff8f90 x14=0xbfff8f90 => x14=0x8
[07:17:16 724][libtiny.so 0x533328] [a502a072] 0x40533328: "movk w5, #0x15, lsl #16" w5=0x9410 => w5=0x159410
[07:17:16 724][libtiny.so 0x53332c] [6e9a00f9] 0x4053332c: "str x14, [x19, #0x130]" ; mem[WRITE] abs=0xbfff90d0 x14=0x8 x19=0xbfff8fa0 => x14=0x8
[07:17:16 724][libtiny.so 0x533330] [6e9a40f9] 0x40533330: "ldr x14, [x19, #0x130]" ; mem[READ] abs=0xbfff90d0 x19=0xbfff8fa0 => x14=0x8
[07:17:16 724][libtiny.so 0x533334] [cef57ed3] 0x40533334: "lsl x14, x14, #2" x14=0x8 => x14=0x20
[07:17:16 724][libtiny.so 0x533338] [6e9e00f9] 0x40533338: "str x14, [x19, #0x138]" ; mem[WRITE] abs=0xbfff90d8 x14=0x20 x19=0xbfff8fa0 => x14=0x20
[07:17:16 724][libtiny.so 0x53333c] [6e9e40f9] 0x4053333c: "ldr x14, [x19, #0x138]" ; mem[READ] abs=0xbfff90d8 x19=0xbfff8fa0 => x14=0x20
[07:17:16 724][libtiny.so 0x533340] [2e686e38] 0x40533340: "ldrb w14, [x1, x14]" ; mem[READ] abs=0x40b30260 x1=0x40b30240 x14=0x20 => w14=0x69
[07:17:16 724][libtiny.so 0x533344] [6f9e40f9] 0x40533344: "ldr x15, [x19, #0x138]" ; mem[READ] abs=0xbfff90d8 x19=0xbfff8fa0 => x15=0x20
[07:17:16 724][libtiny.so 0x533348] [ce1d0853] 0x40533348: "lsl w14, w14, #0x18" w14=0x69 => w14=0x69000000
[07:17:16 724][libtiny.so 0x53334c] [ef0140b2] 0x4053334c: "orr x15, x15, #1" x15=0x20 => x15=0x21
[07:17:16 724][libtiny.so 0x533350] [2f686f38] 0x40533350: "ldrb w15, [x1, x15]" ; mem[READ] abs=0x40b30261 x1=0x40b30240 x15=0x21 => w15=0x61
[07:17:16 724][libtiny.so 0x533354] [ee1d1033] 0x40533354: "bfi w14, w15, #0x10, #8" w14=0x69000000 w15=0x61 => w14=0x69610000
[07:17:16 724][libtiny.so 0x533358] [6e4601b9] 0x40533358: "str w14, [x19, #0x144]" ; mem[WRITE] abs=0xbfff90e4 w14=0x69610000 x19=0xbfff8fa0 => w14=0x69610000
[07:17:16 724][libtiny.so 0x53335c] [6e9e40f9] 0x4053335c: "ldr x14, [x19, #0x138]" ; mem[READ] abs=0xbfff90d8 x19=0xbfff8fa0 => x14=0x20
[07:17:16 724][libtiny.so 0x533360] [0f000090] 0x40533360: "adrp x15, #0x40533000" => x15=0x40533000
[07:17:16 724][libtiny.so 0x533364] [ef810e91] 0x40533364: "add x15, x15, #0x3a0" x15=0x40533000 => x15=0x405333a0
[07:17:16 724][libtiny.so 0x533368] [f701048b] 0x40533368: "add x23, x15, x4" x15=0x405333a0 x4=0x3660224 => x23=0x43b935c4
[07:17:16 724][libtiny.so 0x53336c] [ce017fb2] 0x4053336c: "orr x14, x14, #2" x14=0x20 => x14=0x22
[07:17:16 724][libtiny.so 0x533370] [24686e38] 0x40533370: "ldrb w4, [x1, x14]" ; mem[READ] abs=0x40b30262 x1=0x40b30240 x14=0x22 => w4=0x6f
[07:17:16 724][libtiny.so 0x533374] [8ecb47f9] 0x40533374: "ldr x14, [x28, #0xf90]" ; mem[READ] abs=0x40755f90 x28=0x40755000 => x14=0x43a3a1a4
[07:17:16 724][libtiny.so 0x533378] [ef01174b] 0x40533378: "sub w15, w15, w23" w15=0x405333a0 w23=0x43b935c4 => w15=0xfc99fddc
[07:17:16 724][libtiny.so 0x53337c] [ef01050b] 0x4053337c: "add w15, w15, w5" w15=0xfc99fddc w5=0x159410 => w15=0xfcaf91ec
[07:17:16 724][libtiny.so 0x533380] [845c1853] 0x40533380: "lsl w4, w4, #8" w4=0x6f => w4=0x6f00
[07:17:16 724][libtiny.so 0x533384] [cfc12f8b] 0x40533384: "add x15, x14, w15, sxtw" x14=0x43a3a1a4 w15=0xfcaf91ec => x15=0x40533390
[07:17:16 724][libtiny.so 0x533388] [644a01b9] 0x40533388: "str w4, [x19, #0x148]" ; mem[WRITE] abs=0xbfff90e8 w4=0x6f00 x19=0xbfff8fa0 => w4=0x6f00
[07:17:16 724][libtiny.so 0x53338c] [e0011fd6] 0x4053338c: "br x15" x15=0x40533390
[07:17:16 724][libtiny.so 0x533390] [6e448092] 0x40533390: "movn x14, #0x223" x14=0x43a3a1a4 => x14=0xfffffffffffffddc
[07:17:16 724][libtiny.so 0x533394] [2e93bff2] 0x40533394: "movk x14, #0xfc99, lsl #16" x14=0xfffffffffffffddc => x14=0xfffffffffc99fddc
[07:17:16 724][libtiny.so 0x533398] [ee020e8b] 0x40533398: "add x14, x23, x14" x23=0x43b935c4 x14=0xfffffffffc99fddc => x14=0x405333a0
[07:17:16 724][libtiny.so 0x53339c] [c0011fd6] 0x4053339c: "br x14" x14=0x405333a0
[07:17:16 724][libtiny.so 0x5333a0] [6e4641b9] 0x405333a0: "ldr w14, [x19, #0x144]" ; mem[READ] abs=0xbfff90e4 x19=0xbfff8fa0 => w14=0x69610000
[07:17:16 724][libtiny.so 0x5333a4] [6f4a41b9] 0x405333a4: "ldr w15, [x19, #0x148]" ; mem[READ] abs=0xbfff90e8 x19=0xbfff8fa0 => w15=0x6f00
[07:17:16 724][libtiny.so 0x5333a8] [649e40f9] 0x405333a8: "ldr x4, [x19, #0x138]" ; mem[READ] abs=0xbfff90d8 x19=0xbfff8fa0 => x4=0x20
[07:17:16 724][libtiny.so 0x5333ac] [ce010f2a] 0x405333ac: "orr w14, w14, w15" w14=0x69610000 w15=0x6f00 => w14=0x69616f00
[07:17:16 724][libtiny.so 0x5333b0] [840440b2] 0x405333b0: "orr x4, x4, #3" x4=0x20 => x4=0x23
[07:17:16 724][libtiny.so 0x5333b4] [24686438] 0x405333b4: "ldrb w4, [x1, x4]" ; mem[READ] abs=0x40b30263 x1=0x40b30240 x4=0x23 => w4=0x6d
[07:17:16 724][libtiny.so 0x5333b8] [659a40f9] 0x405333b8: "ldr x5, [x19, #0x130]" ; mem[READ] abs=0xbfff90d0 x19=0xbfff8fa0 => x5=0x8
[07:17:16 724][libtiny.so 0x5333bc] [6f821191] 0x405333bc: "add x15, x19, #0x460" x19=0xbfff8fa0 => x15=0xbfff9400
[07:17:16 724][libtiny.so 0x5333c0] [ce01042a] 0x405333c0: "orr w14, w14, w4" w14=0x69616f00 w4=0x6d => w14=0x69616f6d
[07:17:16 724][libtiny.so 0x5333c4] [ee7925b8] 0x405333c4: "str w14, [x15, x5, lsl #2]" ; mem[WRITE] abs=0xbfff9420 w14=0x69616f6d x15=0xbfff9400 x5=0x8 => w14=0x69616f6d
[07:17:16 724][libtiny.so 0x5333c8] [6e9a40f9] 0x405333c8: "ldr x14, [x19, #0x130]" ; mem[READ] abs=0xbfff90d0 x19=0xbfff8fa0 => x14=0x8
[07:17:16 724][libtiny.so 0x5333cc] [848a8e52] 0x405333cc: "movz w4, #0x7454" w4=0x6d => w4=0x7454
[07:17:16 724][libtiny.so 0x5333d0] [050000b0] 0x405333d0: "adrp x5, #0x40534000" => x5=0x40534000
[07:17:16 724][libtiny.so 0x5333d4] [647ca072] 0x405333d4: "movk w4, #0x3e3, lsl #16" w4=0x7454 => w4=0x3e37454
[07:17:16 724][libtiny.so 0x5333d8] [ce050091] 0x405333d8: "add x14, x14, #1" x14=0x8 => x14=0x9
[07:17:16 724][libtiny.so 0x5333dc] [df4100f1] 0x405333dc: "cmp x14, #0x10" => nzcv=0x80000000 x14=0x9
[07:17:16 724][libtiny.so 0x5333e0] [ef179f1a] 0x405333e0: "cset w15, eq" nzcv=0x18080000000 => w15=0x0
[07:17:16 724][libtiny.so 0x5333e4] [6f3e0539] 0x405333e4: "strb w15, [x19, #0x14f]" ; mem[WRITE] abs=0xbfff90ef w15=0x0 x19=0xbfff8fa0 => w15=0x0
[07:17:16 724][libtiny.so 0x5333e8] [6f4a40f9] 0x405333e8: "ldr x15, [x19, #0x90]" ; mem[READ] abs=0xbfff9030 x19=0xbfff8fa0 => x15=0xbfff8f90
[07:17:16 724][libtiny.so 0x5333ec] [a5101491] 0x405333ec: "add x5, x5, #0x504" x5=0x40534000 => x5=0x40534504
[07:17:16 724][libtiny.so 0x5333f0] [b700048b] 0x405333f0: "add x23, x5, x4" x5=0x40534504 x4=0x3e37454 => x23=0x4436b958
[07:17:16 724][libtiny.so 0x5333f4] [844e8a52] 0x405333f4: "movz w4, #0x5274" w4=0x3e37454 => w4=0x5274
[07:17:16 724][libtiny.so 0x5333f8] [ee0100f9] 0x405333f8: "str x14, [x15]" ; mem[WRITE] abs=0xbfff8f90 x14=0x9 x15=0xbfff8f90 => x14=0x9
[07:17:16 724][libtiny.so 0x5333fc] [6ee147f9] 0x405333fc: "ldr x14, [x11, #0xfc0]" ; mem[READ] abs=0x40755fc0 x11=0x40755000 => x14=0x4451623c
[07:17:16 724][libtiny.so 0x533400] [af00174b] 0x40533400: "sub w15, w5, w23" w5=0x40534504 w23=0x4436b958 => w15=0xfc1c8bac
[07:17:16 724][libtiny.so 0x533404] [a4fcbf72] 0x40533404: "movk w4, #0xffe5, lsl #16" w4=0x5274 => w4=0xffe55274
[07:17:16 724][libtiny.so 0x533408] [ef01040b] 0x40533408: "add w15, w15, w4" w15=0xfc1c8bac w4=0xffe55274 => w15=0xfc01de20
[07:17:16 724][libtiny.so 0x53340c] [cec12f8b] 0x4053340c: "add x14, x14, w15, sxtw" x14=0x4451623c w15=0xfc01de20 => x14=0x4053405c
[07:17:16 724][libtiny.so 0x533410] [c0011fd6] 0x40533410: "br x14" x14=0x4053405c
[07:17:16 724][libtiny.so 0x53405c] [6e8a8e92] 0x4053405c: "movn x14, #0x7453" x14=0x4053405c => x14=0xffffffffffff8bac
[07:17:16 724][libtiny.so 0x534060] [8e83bff2] 0x40534060: "movk x14, #0xfc1c, lsl #16" x14=0xffffffffffff8bac => x14=0xfffffffffc1c8bac
[07:17:16 724][libtiny.so 0x534064] [ee020e8b] 0x40534064: "add x14, x23, x14" x23=0x4436b958 x14=0xfffffffffc1c8bac => x14=0x40534504
[07:17:16 724][libtiny.so 0x534068] [c0011fd6] 0x40534068: "br x14" x14=0x40534504
[07:17:16 724][libtiny.so 0x534504] [6e4e40f9] 0x40534504: "ldr x14, [x19, #0x98]" ; mem[READ] abs=0xbfff9038 x19=0xbfff8fa0 => x14=0xbfff8f80
[07:17:16 724][libtiny.so 0x534508] [2f008052] 0x40534508: "movz w15, #0x1" w15=0xfc01de20 => w15=0x1
[07:17:16 724][libtiny.so 0x53450c] [04f69952] 0x4053450c: "movz w4, #0xcfb0" w4=0xffe55274 => w4=0xcfb0
[07:17:16 724][libtiny.so 0x534510] [05000090] 0x40534510: "adrp x5, #0x40534000" => x5=0x40534000
[07:17:16 724][libtiny.so 0x534514] [cf010039] 0x40534514: "strb w15, [x14]" ; mem[WRITE] abs=0xbfff8f80 w15=0x1 x14=0xbfff8f80 => w15=0x1
[07:17:16 724][libtiny.so 0x534518] [6e5240f9] 0x40534518: "ldr x14, [x19, #0xa0]" ; mem[READ] abs=0xbfff9040 x19=0xbfff8fa0 => x14=0xbfff8f70
[07:17:16 724][libtiny.so 0x53451c] [081100b0] 0x4053451c: "adrp x8, #0x40755000" => x8=0x40755000
[07:17:16 724][libtiny.so 0x534520] [84eaa072] 0x40534520: "movk w4, #0x754, lsl #16" w4=0xcfb0 => w4=0x754cfb0
[07:17:16 724][libtiny.so 0x534524] [a5400891] 0x40534524: "add x5, x5, #0x210" x5=0x40534000 => x5=0x40534210
[07:17:16 724][libtiny.so 0x534528] [df0100f9] 0x40534528: "str xzr, [x14]" ; mem[WRITE] abs=0xbfff8f70 x14=0xbfff8f70
[07:17:16 724][libtiny.so 0x53452c] [6e4e40b9] 0x4053452c: "ldr w14, [x19, #0x4c]" ; mem[READ] abs=0xbfff8fec x19=0xbfff8fa0 => w14=0xa54ff53a
[07:17:16 724][libtiny.so 0x534530] [6f5640f9] 0x40534530: "ldr x15, [x19, #0xa8]" ; mem[READ] abs=0xbfff9048 x19=0xbfff8fa0 => x15=0xbfff8f60
[07:17:16 724][libtiny.so 0x534534] [b700048b] 0x40534534: "add x23, x5, x4" x5=0x40534210 x4=0x754cfb0 => x23=0x47a811c0
[07:17:16 724][libtiny.so 0x534538] [84ed8a52] 0x40534538: "movz w4, #0x576c" w4=0x754cfb0 => w4=0x576c
[07:17:16 724][libtiny.so 0x53453c] [8475a072] 0x4053453c: "movk w4, #0x3ac, lsl #16" w4=0x576c => w4=0x3ac576c
[07:17:16 724][libtiny.so 0x534540] [ee0100b9] 0x40534540: "str w14, [x15]" ; mem[WRITE] abs=0xbfff8f60 w14=0xa54ff53a x15=0xbfff8f60 => w14=0xa54ff53a
[07:17:16 724][libtiny.so 0x534544] [6e3e40b9] 0x40534544: "ldr w14, [x19, #0x3c]" ; mem[READ] abs=0xbfff8fdc x19=0xbfff8fa0 => w14=0x3c6ef372
[07:17:16 724][libtiny.so 0x534548] [6f5a40f9] 0x40534548: "ldr x15, [x19, #0xb0]" ; mem[READ] abs=0xbfff9050 x19=0xbfff8fa0 => x15=0xbfff8f50
[07:17:16 724][libtiny.so 0x53454c] [ee0100b9] 0x4053454c: "str w14, [x15]" ; mem[WRITE] abs=0xbfff8f50 w14=0x3c6ef372 x15=0xbfff8f50 => w14=0x3c6ef372
[07:17:16 724][libtiny.so 0x534550] [6e2e40b9] 0x40534550: "ldr w14, [x19, #0x2c]" ; mem[READ] abs=0xbfff8fcc x19=0xbfff8fa0 => w14=0xbb67ae85
[07:17:16 724][libtiny.so 0x534554] [6f5e40f9] 0x40534554: "ldr x15, [x19, #0xb8]" ; mem[READ] abs=0xbfff9058 x19=0xbfff8fa0 => x15=0xbfff8f40
[07:17:16 724][libtiny.so 0x534558] [ee0100b9] 0x40534558: "str w14, [x15]" ; mem[WRITE] abs=0xbfff8f40 w14=0xbb67ae85 x15=0xbfff8f40 => w14=0xbb67ae85
[07:17:16 724][libtiny.so 0x53455c] [0eed47f9] 0x4053455c: "ldr x14, [x8, #0xfd8]" ; mem[READ] abs=0x40755fd8 x8=0x40755000 => x14=0x43fbbdb4
[07:17:16 724][libtiny.so 0x534560] [af00174b] 0x40534560: "sub w15, w5, w23" w5=0x40534210 w23=0x47a811c0 => w15=0xf8ab3050
[07:17:16 724][libtiny.so 0x534564] [ef01040b] 0x40534564: "add w15, w15, w4" w15=0xf8ab3050 w4=0x3ac576c => w15=0xfc5787bc
[07:17:16 724][libtiny.so 0x534568] [cec12f8b] 0x40534568: "add x14, x14, w15, sxtw" x14=0x43fbbdb4 w15=0xfc5787bc => x14=0x40534570
[07:17:16 724][libtiny.so 0x53456c] [c0011fd6] 0x4053456c: "br x14" x14=0x40534570
[07:17:16 724][libtiny.so 0x534570] [0e1100b0] 0x40534570: "adrp x14, #0x40755000" => x14=0x40755000
[07:17:16 724][libtiny.so 0x534574] [cee947f9] 0x40534574: "ldr x14, [x14, #0xfd0]" ; mem[READ] abs=0x40755fd0 x14=0x40755000 => x14=0x4389d014
[07:17:16 724][libtiny.so 0x534578] [64c29192] 0x40534578: "movn x4, #0x8e13" x4=0x3ac576c => x4=0xffffffffffff71ec
[07:17:16 724][libtiny.so 0x53457c] [ef7a9a92] 0x4053457c: "movn x15, #0xd3d7" x15=0xfc5787bc => x15=0xffffffffffff2c28
[07:17:16 724][libtiny.so 0x534580] [2499bff2] 0x40534580: "movk x4, #0xfcc9, lsl #16" x4=0xffffffffffff71ec => x4=0xfffffffffcc971ec
[07:17:16 724][libtiny.so 0x534584] [0f8fbff2] 0x40534584: "movk x15, #0xfc78, lsl #16" x15=0xffffffffffff2c28 => x15=0xfffffffffc782c28
[07:17:16 724][libtiny.so 0x534588] [ce01048b] 0x40534588: "add x14, x14, x4" x14=0x4389d014 x4=0xfffffffffcc971ec => x14=0x40534200
[07:17:16 726][libtiny.so 0x53458c] [f7020f8b] 0x4053458c: "add x23, x23, x15" x23=0x47a811c0 x15=0xfffffffffc782c28 => x23=0x44203de8
[07:17:16 726][libtiny.so 0x534590] [c0011fd6] 0x40534590: "br x14" x14=0x40534200
[07:17:16 726][libtiny.so 0x534200] [ee7a9f92] 0x40534200: "movn x14, #0xfbd7" x14=0x40534200 => x14=0xffffffffffff0428
[07:17:16 726][libtiny.so 0x534204] [6e86bff2] 0x40534204: "movk x14, #0xfc33, lsl #16" x14=0xffffffffffff0428 => x14=0xfffffffffc330428
[07:17:16 726][libtiny.so 0x534208] [ee020e8b] 0x40534208: "add x14, x23, x14" x23=0x44203de8 x14=0xfffffffffc330428 => x14=0x40534210
[07:17:16 726][libtiny.so 0x53420c] [c0011fd6] 0x4053420c: "br x14" x14=0x40534210
[07:17:16 726][libtiny.so 0x534210] [6e1e40b9] 0x40534210: "ldr w14, [x19, #0x1c]" ; mem[READ] abs=0xbfff8fbc x19=0xbfff8fa0 => w14=0x6a09e667
[07:17:16 726][libtiny.so 0x534214] [6f6240f9] 0x40534214: "ldr x15, [x19, #0xc0]" ; mem[READ] abs=0xbfff9060 x19=0xbfff8fa0 => x15=0xbfff8f30
[07:17:16 726][libtiny.so 0x534218] [046e8552] 0x40534218: "movz w4, #0x2b70" w4=0xfcc971ec => w4=0x2b70
[07:17:16 726][libtiny.so 0x53421c] [85439a52] 0x4053421c: "movz w5, #0xd21c" w5=0x40534210 => w5=0xd21c
[07:17:16 726][libtiny.so 0x534220] [f6fffff0] 0x40534220: "adrp x22, #0x40533000" => x22=0x40533000
[07:17:16 726][libtiny.so 0x534224] [ee0100b9] 0x40534224: "str w14, [x15]" ; mem[WRITE] abs=0xbfff8f30 w14=0x6a09e667 x15=0xbfff8f30 => w14=0x6a09e667
[07:17:16 726][libtiny.so 0x534228] [6e6e40b9] 0x40534228: "ldr w14, [x19, #0x6c]" ; mem[READ] abs=0xbfff900c x19=0xbfff8fa0 => w14=0x9b05688c
[07:17:16 726][libtiny.so 0x53422c] [6f6640f9] 0x4053422c: "ldr x15, [x19, #0xc8]" ; mem[READ] abs=0xbfff9068 x19=0xbfff8fa0 => x15=0xbfff8f20
[07:17:16 726][libtiny.so 0x534230] [e4dca072] 0x40534230: "movk w4, #0x6e7, lsl #16" w4=0x2b70 => w4=0x6e72b70
[07:17:16 726][libtiny.so 0x534234] [a57da072] 0x40534234: "movk w5, #0x3ed, lsl #16" w5=0xd21c => w5=0x3edd21c
[07:17:16 726][libtiny.so 0x534238] [d6d23c91] 0x40534238: "add x22, x22, #0xf34" x22=0x40533000 => x22=0x40533f34
[07:17:16 726][libtiny.so 0x53423c] [ee0100b9] 0x4053423c: "str w14, [x15]" ; mem[WRITE] abs=0xbfff8f20 w14=0x9b05688c x15=0xbfff8f20 => w14=0x9b05688c
[07:17:16 726][libtiny.so 0x534240] [6e7e40b9] 0x40534240: "ldr w14, [x19, #0x7c]" ; mem[READ] abs=0xbfff901c x19=0xbfff8fa0 => w14=0x1f83d9ab
[07:17:16 726][libtiny.so 0x534244] [6f6a40f9] 0x40534244: "ldr x15, [x19, #0xd0]" ; mem[READ] abs=0xbfff9070 x19=0xbfff8fa0 => x15=0xbfff8f10
[07:17:16 726][libtiny.so 0x534248] [a402048b] 0x40534248: "add x4, x21, x4" x21=0x40533314 x4=0x6e72b70 => x4=0x473a5e84
[07:17:16 726][libtiny.so 0x53424c] [c502058b] 0x4053424c: "add x5, x22, x5" x22=0x40533f34 x5=0x3edd21c => x5=0x44411150
[07:17:16 726][libtiny.so 0x534250] [081100b0] 0x40534250: "adrp x8, #0x40755000" => x8=0x40755000
[07:17:16 726][libtiny.so 0x534254] [ee0100b9] 0x40534254: "str w14, [x15]" ; mem[WRITE] abs=0xbfff8f10 w14=0x1f83d9ab x15=0xbfff8f10 => w14=0x1f83d9ab
[07:17:16 726][libtiny.so 0x534258] [6e5e40b9] 0x40534258: "ldr w14, [x19, #0x5c]" ; mem[READ] abs=0xbfff8ffc x19=0xbfff8fa0 => w14=0x510e527f
[07:17:16 726][libtiny.so 0x53425c] [6f6e40f9] 0x4053425c: "ldr x15, [x19, #0xd8]" ; mem[READ] abs=0xbfff9078 x19=0xbfff8fa0 => x15=0xbfff8f00
[07:17:16 726][libtiny.so 0x534260] [08813d91] 0x40534260: "add x8, x8, #0xf60" x8=0x40755000 => x8=0x40755f60
[07:17:16 726][libtiny.so 0x534264] [ee0100b9] 0x40534264: "str w14, [x15]" ; mem[WRITE] abs=0xbfff8f00 w14=0x510e527f x15=0xbfff8f00 => w14=0x510e527f
[07:17:16 726][libtiny.so 0x534268] [6e8e40b9] 0x40534268: "ldr w14, [x19, #0x8c]" ; mem[READ] abs=0xbfff902c x19=0xbfff8fa0 => w14=0x5be0cd19
[07:17:16 726][libtiny.so 0x53426c] [6f7240f9] 0x4053426c: "ldr x15, [x19, #0xe0]" ; mem[READ] abs=0xbfff9080 x19=0xbfff8fa0 => x15=0xbfff8ef0
[07:17:16 726][libtiny.so 0x534270] [ee0100b9] 0x40534270: "str w14, [x15]" ; mem[WRITE] abs=0xbfff8ef0 w14=0x5be0cd19 x15=0xbfff8ef0 => w14=0x5be0cd19
[07:17:16 726][libtiny.so 0x534274] [6e3e4539] 0x40534274: "ldrb w14, [x19, #0x14f]" ; mem[READ] abs=0xbfff90ef x19=0xbfff8fa0 => w14=0x0
[07:17:16 726][libtiny.so 0x534278] [783e4539] 0x40534278: "ldrb w24, [x19, #0x14f]" ; mem[READ] abs=0xbfff90ef x19=0xbfff8fa0 => w24=0x0
[07:17:16 726][libtiny.so 0x53427c] [0f058052] 0x4053427c: "movz w15, #0x28" w15=0xbfff8ef0 => w15=0x28
[07:17:16 726][libtiny.so 0x534280] [df010071] 0x40534280: "cmp w14, #0" => nzcv=0x60000000 w14=0x0
[07:17:16 726][libtiny.so 0x534284] [6e3e4539] 0x40534284: "ldrb w14, [x19, #0x14f]" ; mem[READ] abs=0xbfff90ef x19=0xbfff8fa0 => w14=0x0
[07:17:16 726][libtiny.so 0x534288] [b710849a] 0x40534288: "csel x23, x5, x4, ne" nzcv=0x18060000000 x5=0x44411150 x4=0x473a5e84 => x23=0x473a5e84
[07:17:16 726][libtiny.so 0x53428c] [040a8052] 0x4053428c: "movz w4, #0x50" w4=0x473a5e84 => w4=0x50
[07:17:16 726][libtiny.so 0x534290] [df010071] 0x40534290: "cmp w14, #0" => nzcv=0x60000000 w14=0x0
[07:17:16 726][libtiny.so 0x534294] [8e819652] 0x40534294: "movz w14, #0xb40c" w14=0x0 => w14=0xb40c
[07:17:16 726][libtiny.so 0x534298] [8f108f9a] 0x40534298: "csel x15, x4, x15, ne" nzcv=0x18060000000 x4=0x50 x15=0x28 => x15=0x28
[07:17:16 726][libtiny.so 0x53429c] [04c68d52] 0x4053429c: "movz w4, #0x6e30" w4=0x50 => w4=0x6e30
[07:17:16 726][libtiny.so 0x5342a0] [8e70a072] 0x405342a0: "movk w14, #0x384, lsl #16" w14=0xb40c => w14=0x384b40c
[07:17:16 726][libtiny.so 0x5342a4] [44ffbf72] 0x405342a4: "movk w4, #0xfffa, lsl #16" w4=0x6e30 => w4=0xfffa6e30
[07:17:16 726][libtiny.so 0x5342a8] [0f696ff8] 0x405342a8: "ldr x15, [x8, x15]" ; mem[READ] abs=0x40755f88 x8=0x40755f60 x15=0x28 => x15=0x43b5b060
[07:17:16 726][libtiny.so 0x5342ac] [ae020e0b] 0x405342ac: "add w14, w21, w14" w21=0x40533314 w14=0x384b40c => w14=0x43d7e720
[07:17:16 726][libtiny.so 0x5342b0] [c402040b] 0x405342b0: "add w4, w22, w4" w22=0x40533f34 w4=0xfffa6e30 => w4=0x404dad64
[07:17:16 726][libtiny.so 0x5342b4] [1f030071] 0x405342b4: "cmp w24, #0" => nzcv=0x60000000 w24=0x0
[07:17:16 726][libtiny.so 0x5342b8] [8e108e1a] 0x405342b8: "csel w14, w4, w14, ne" nzcv=0x18060000000 w4=0x404dad64 w14=0x43d7e720 => w14=0x43d7e720
[07:17:16 726][libtiny.so 0x5342bc] [ce01174b] 0x405342bc: "sub w14, w14, w23" w14=0x43d7e720 w23=0x473a5e84 => w14=0xfc9d889c
[07:17:16 726][libtiny.so 0x5342c0] [eec12e8b] 0x405342c0: "add x14, x15, w14, sxtw" x15=0x43b5b060 w14=0xfc9d889c => x14=0x405338fc
[07:17:16 726][libtiny.so 0x5342c4] [c0011fd6] 0x405342c4: "br x14" x14=0x405338fc
[07:17:16 726][libtiny.so 0x5338fc] [cec047f9] 0x405338fc: "ldr x14, [x6, #0xf80]" ; mem[READ] abs=0x40755f80 x6=0x40755000 => x14=0x439a8ba0
[07:17:16 726][libtiny.so 0x533900] [e44f8b92] 0x40533900: "movn x4, #0x5a7f" x4=0x404dad64 => x4=0xffffffffffffa580
[07:17:16 727][libtiny.so 0x533904] [ef799192] 0x40533904: "movn x15, #0x8bcf" x15=0x43b5b060 => x15=0xffffffffffff7430
[07:17:16 727][libtiny.so 0x533908] [0497bff2] 0x40533908: "movk x4, #0xfcb8, lsl #16" x4=0xffffffffffffa580 => x4=0xfffffffffcb8a580
[07:17:16 727][libtiny.so 0x53390c] [af90bff2] 0x4053390c: "movk x15, #0xfc85, lsl #16" x15=0xffffffffffff7430 => x15=0xfffffffffc857430
[07:17:16 727][libtiny.so 0x533910] [ce01048b] 0x40533910: "add x14, x14, x4" x14=0x439a8ba0 x4=0xfffffffffcb8a580 => x14=0x40533120
[07:17:16 727][libtiny.so 0x533914] [f7020f8b] 0x40533914: "add x23, x23, x15" x23=0x473a5e84 x15=0xfffffffffc857430 => x23=0x43bfd2b4
[07:17:16 727][libtiny.so 0x533918] [c0011fd6] 0x40533918: "br x14" x14=0x40533120
[07:17:16 727][libtiny.so 0x533120] [eef39392] 0x40533120: "movn x14, #0x9f9f" x14=0x40533120 => x14=0xffffffffffff6060
[07:17:16 727][libtiny.so 0x533124] [6e92bff2] 0x40533124: "movk x14, #0xfc93, lsl #16" x14=0xffffffffffff6060 => x14=0xfffffffffc936060
[07:17:16 727][libtiny.so 0x533128] [ee020e8b] 0x40533128: "add x14, x23, x14" x23=0x43bfd2b4 x14=0xfffffffffc936060 => x14=0x40533314
[07:17:16 727][libtiny.so 0x53312c] [c0011fd6] 0x4053312c: "br x14" x14=0x40533314
[07:17:16 727][libtiny.so 0x533314] [6e4a40f9] 0x40533314: "ldr x14, [x19, #0x90]" ; mem[READ] abs=0xbfff9030 x19=0xbfff8fa0 => x14=0xbfff8f90
[07:17:16 727][libtiny.so 0x533318] [84448052] 0x40533318: "movz w4, #0x224" w4=0xfcb8a580 => w4=0x224
[07:17:16 727][libtiny.so 0x53331c] [c46ca072] 0x4053331c: "movk w4, #0x366, lsl #16" w4=0x224 => w4=0x3660224
[07:17:16 727][libtiny.so 0x533320] [05829252] 0x40533320: "movz w5, #0x9410" w5=0x44411150 => w5=0x9410
[07:17:16 727][libtiny.so 0x533324] [ce0140f9] 0x40533324: "ldr x14, [x14]" ; mem[READ] abs=0xbfff8f90 x14=0xbfff8f90 => x14=0x9
[07:17:16 727][libtiny.so 0x533328] [a502a072] 0x40533328: "movk w5, #0x15, lsl #16" w5=0x9410 => w5=0x159410
[07:17:16 727][libtiny.so 0x53332c] [6e9a00f9] 0x4053332c: "str x14, [x19, #0x130]" ; mem[WRITE] abs=0xbfff90d0 x14=0x9 x19=0xbfff8fa0 => x14=0x9
[07:17:16 727][libtiny.so 0x533330] [6e9a40f9] 0x40533330: "ldr x14, [x19, #0x130]" ; mem[READ] abs=0xbfff90d0 x19=0xbfff8fa0 => x14=0x9
[07:17:16 727][libtiny.so 0x533334] [cef57ed3] 0x40533334: "lsl x14, x14, #2" x14=0x9 => x14=0x24
[07:17:16 727][libtiny.so 0x533338] [6e9e00f9] 0x40533338: "str x14, [x19, #0x138]" ; mem[WRITE] abs=0xbfff90d8 x14=0x24 x19=0xbfff8fa0 => x14=0x24
[07:17:16 727][libtiny.so 0x53333c] [6e9e40f9] 0x4053333c: "ldr x14, [x19, #0x138]" ; mem[READ] abs=0xbfff90d8 x19=0xbfff8fa0 => x14=0x24
[07:17:16 727][libtiny.so 0x533340] [2e686e38] 0x40533340: "ldrb w14, [x1, x14]" ; mem[READ] abs=0x40b30264 x1=0x40b30240 x14=0x24 => w14=0x69
[07:17:16 727][libtiny.so 0x533344] [6f9e40f9] 0x40533344: "ldr x15, [x19, #0x138]" ; mem[READ] abs=0xbfff90d8 x19=0xbfff8fa0 => x15=0x24
[07:17:16 727][libtiny.so 0x533348] [ce1d0853] 0x40533348: "lsl w14, w14, #0x18" w14=0x69 => w14=0x69000000
[07:17:16 727][libtiny.so 0x53334c] [ef0140b2] 0x4053334c: "orr x15, x15, #1" x15=0x24 => x15=0x25
[07:17:16 727][libtiny.so 0x533350] [2f686f38] 0x40533350: "ldrb w15, [x1, x15]" ; mem[READ] abs=0x40b30265 x1=0x40b30240 x15=0x25 => w15=0x22
[07:17:16 727][libtiny.so 0x533354] [ee1d1033] 0x40533354: "bfi w14, w15, #0x10, #8" w14=0x69000000 w15=0x22 => w14=0x69220000
[07:17:16 727][libtiny.so 0x533358] [6e4601b9] 0x40533358: "str w14, [x19, #0x144]" ; mem[WRITE] abs=0xbfff90e4 w14=0x69220000 x19=0xbfff8fa0 => w14=0x69220000
[07:17:16 727][libtiny.so 0x53335c] [6e9e40f9] 0x4053335c: "ldr x14, [x19, #0x138]" ; mem[READ] abs=0xbfff90d8 x19=0xbfff8fa0 => x14=0x24
[07:17:16 727][libtiny.so 0x533360] [0f000090] 0x40533360: "adrp x15, #0x40533000" => x15=0x40533000
[07:17:16 727][libtiny.so 0x533364] [ef810e91] 0x40533364: "add x15, x15, #0x3a0" x15=0x40533000 => x15=0x405333a0
[07:17:16 727][libtiny.so 0x533368] [f701048b] 0x40533368: "add x23, x15, x4" x15=0x405333a0 x4=0x3660224 => x23=0x43b935c4
[07:17:16 727][libtiny.so 0x53336c] [ce017fb2] 0x4053336c: "orr x14, x14, #2" x14=0x24 => x14=0x26
[07:17:16 727][libtiny.so 0x533370] [24686e38] 0x40533370: "ldrb w4, [x1, x14]" ; mem[READ] abs=0x40b30266 x1=0x40b30240 x14=0x26 => w4=0x2c
[07:17:16 727][libtiny.so 0x533374] [8ecb47f9] 0x40533374: "ldr x14, [x28, #0xf90]" ; mem[READ] abs=0x40755f90 x28=0x40755000 => x14=0x43a3a1a4
[07:17:16 727][libtiny.so 0x533378] [ef01174b] 0x40533378: "sub w15, w15, w23" w15=0x405333a0 w23=0x43b935c4 => w15=0xfc99fddc
[07:17:16 727][libtiny.so 0x53337c] [ef01050b] 0x4053337c: "add w15, w15, w5" w15=0xfc99fddc w5=0x159410 => w15=0xfcaf91ec
[07:17:16 727][libtiny.so 0x533380] [845c1853] 0x40533380: "lsl w4, w4, #8" w4=0x2c => w4=0x2c00
[07:17:16 727][libtiny.so 0x533384] [cfc12f8b] 0x40533384: "add x15, x14, w15, sxtw" x14=0x43a3a1a4 w15=0xfcaf91ec => x15=0x40533390
[07:17:16 727][libtiny.so 0x533388] [644a01b9] 0x40533388: "str w4, [x19, #0x148]" ; mem[WRITE] abs=0xbfff90e8 w4=0x2c00 x19=0xbfff8fa0 => w4=0x2c00
[07:17:16 727][libtiny.so 0x53338c] [e0011fd6] 0x4053338c: "br x15" x15=0x40533390
[07:17:16 727][libtiny.so 0x533390] [6e448092] 0x40533390: "movn x14, #0x223" x14=0x43a3a1a4 => x14=0xfffffffffffffddc
[07:17:16 727][libtiny.so 0x533394] [2e93bff2] 0x40533394: "movk x14, #0xfc99, lsl #16" x14=0xfffffffffffffddc => x14=0xfffffffffc99fddc
[07:17:16 727][libtiny.so 0x533398] [ee020e8b] 0x40533398: "add x14, x23, x14" x23=0x43b935c4 x14=0xfffffffffc99fddc => x14=0x405333a0
[07:17:16 727][libtiny.so 0x53339c] [c0011fd6] 0x4053339c: "br x14" x14=0x405333a0
[07:17:16 727][libtiny.so 0x5333a0] [6e4641b9] 0x405333a0: "ldr w14, [x19, #0x144]" ; mem[READ] abs=0xbfff90e4 x19=0xbfff8fa0 => w14=0x69220000
[07:17:16 727][libtiny.so 0x5333a4] [6f4a41b9] 0x405333a4: "ldr w15, [x19, #0x148]" ; mem[READ] abs=0xbfff90e8 x19=0xbfff8fa0 => w15=0x2c00
[07:17:16 727][libtiny.so 0x5333a8] [649e40f9] 0x405333a8: "ldr x4, [x19, #0x138]" ; mem[READ] abs=0xbfff90d8 x19=0xbfff8fa0 => x4=0x24
[07:17:16 727][libtiny.so 0x5333ac] [ce010f2a] 0x405333ac: "orr w14, w14, w15" w14=0x69220000 w15=0x2c00 => w14=0x69222c00
[07:17:16 727][libtiny.so 0x5333b0] [840440b2] 0x405333b0: "orr x4, x4, #3" x4=0x24 => x4=0x27
[07:17:16 727][libtiny.so 0x5333b4] [24686438] 0x405333b4: "ldrb w4, [x1, x4]" ; mem[READ] abs=0x40b30267 x1=0x40b30240 x4=0x27 => w4=0x22
[07:17:16 727][libtiny.so 0x5333b8] [659a40f9] 0x405333b8: "ldr x5, [x19, #0x130]" ; mem[READ] abs=0xbfff90d0 x19=0xbfff8fa0 => x5=0x9
[07:17:16 727][libtiny.so 0x5333bc] [6f821191] 0x405333bc: "add x15, x19, #0x460" x19=0xbfff8fa0 => x15=0xbfff9400
[07:17:16 727][libtiny.so 0x5333c0] [ce01042a] 0x405333c0: "orr w14, w14, w4" w14=0x69222c00 w4=0x22 => w14=0x69222c22
[07:17:16 727][libtiny.so 0x5333c4] [ee7925b8] 0x405333c4: "str w14, [x15, x5, lsl #2]" ; mem[WRITE] abs=0xbfff9424 w14=0x69222c22 x15=0xbfff9400 x5=0x9 => w14=0x69222c22
[07:17:16 727][libtiny.so 0x5333c8] [6e9a40f9] 0x405333c8: "ldr x14, [x19, #0x130]" ; mem[READ] abs=0xbfff90d0 x19=0xbfff8fa0 => x14=0x9
[07:17:16 728][libtiny.so 0x5333cc] [848a8e52] 0x405333cc: "movz w4, #0x7454" w4=0x22 => w4=0x7454
[07:17:16 728][libtiny.so 0x5333d0] [050000b0] 0x405333d0: "adrp x5, #0x40534000" => x5=0x40534000
[07:17:16 728][libtiny.so 0x5333d4] [647ca072] 0x405333d4: "movk w4, #0x3e3, lsl #16" w4=0x7454 => w4=0x3e37454
[07:17:16 728][libtiny.so 0x5333d8] [ce050091] 0x405333d8: "add x14, x14, #1" x14=0x9 => x14=0xa
[07:17:16 728][libtiny.so 0x5333dc] [df4100f1] 0x405333dc: "cmp x14, #0x10" => nzcv=0x80000000 x14=0xa
[07:17:16 728][libtiny.so 0x5333e0] [ef179f1a] 0x405333e0: "cset w15, eq" nzcv=0x18080000000 => w15=0x0
[07:17:16 728][libtiny.so 0x5333e4] [6f3e0539] 0x405333e4: "strb w15, [x19, #0x14f]" ; mem[WRITE] abs=0xbfff90ef w15=0x0 x19=0xbfff8fa0 => w15=0x0
[07:17:16 728][libtiny.so 0x5333e8] [6f4a40f9] 0x405333e8: "ldr x15, [x19, #0x90]" ; mem[READ] abs=0xbfff9030 x19=0xbfff8fa0 => x15=0xbfff8f90
[07:17:16 728][libtiny.so 0x5333ec] [a5101491] 0x405333ec: "add x5, x5, #0x504" x5=0x40534000 => x5=0x40534504
[07:17:16 728][libtiny.so 0x5333f0] [b700048b] 0x405333f0: "add x23, x5, x4" x5=0x40534504 x4=0x3e37454 => x23=0x4436b958
[07:17:16 728][libtiny.so 0x5333f4] [844e8a52] 0x405333f4: "movz w4, #0x5274" w4=0x3e37454 => w4=0x5274
[07:17:16 728][libtiny.so 0x5333f8] [ee0100f9] 0x405333f8: "str x14, [x15]" ; mem[WRITE] abs=0xbfff8f90 x14=0xa x15=0xbfff8f90 => x14=0xa
[07:17:16 728][libtiny.so 0x5333fc] [6ee147f9] 0x405333fc: "ldr x14, [x11, #0xfc0]" ; mem[READ] abs=0x40755fc0 x11=0x40755000 => x14=0x4451623c
[07:17:16 728][libtiny.so 0x533400] [af00174b] 0x40533400: "sub w15, w5, w23" w5=0x40534504 w23=0x4436b958 => w15=0xfc1c8bac
[07:17:16 728][libtiny.so 0x533404] [a4fcbf72] 0x40533404: "movk w4, #0xffe5, lsl #16" w4=0x5274 => w4=0xffe55274
[07:17:16 728][libtiny.so 0x533408] [ef01040b] 0x40533408: "add w15, w15, w4" w15=0xfc1c8bac w4=0xffe55274 => w15=0xfc01de20
[07:17:16 728][libtiny.so 0x53340c] [cec12f8b] 0x4053340c: "add x14, x14, w15, sxtw" x14=0x4451623c w15=0xfc01de20 => x14=0x4053405c
[07:17:16 728][libtiny.so 0x533410] [c0011fd6] 0x40533410: "br x14" x14=0x4053405c
[07:17:16 728][libtiny.so 0x53405c] [6e8a8e92] 0x4053405c: "movn x14, #0x7453" x14=0x4053405c => x14=0xffffffffffff8bac
[07:17:16 728][libtiny.so 0x534060] [8e83bff2] 0x40534060: "movk x14, #0xfc1c, lsl #16" x14=0xffffffffffff8bac => x14=0xfffffffffc1c8bac
[07:17:16 728][libtiny.so 0x534064] [ee020e8b] 0x40534064: "add x14, x23, x14" x23=0x4436b958 x14=0xfffffffffc1c8bac => x14=0x40534504
[07:17:16 728][libtiny.so 0x534068] [c0011fd6] 0x40534068: "br x14" x14=0x40534504
[07:17:16 728][libtiny.so 0x534504] [6e4e40f9] 0x40534504: "ldr x14, [x19, #0x98]" ; mem[READ] abs=0xbfff9038 x19=0xbfff8fa0 => x14=0xbfff8f80
[07:17:16 728][libtiny.so 0x534508] [2f008052] 0x40534508: "movz w15, #0x1" w15=0xfc01de20 => w15=0x1
[07:17:16 728][libtiny.so 0x53450c] [04f69952] 0x4053450c: "movz w4, #0xcfb0" w4=0xffe55274 => w4=0xcfb0
[07:17:16 728][libtiny.so 0x534510] [05000090] 0x40534510: "adrp x5, #0x40534000" => x5=0x40534000
[07:17:16 728][libtiny.so 0x534514] [cf010039] 0x40534514: "strb w15, [x14]" ; mem[WRITE] abs=0xbfff8f80 w15=0x1 x14=0xbfff8f80 => w15=0x1
[07:17:16 728][libtiny.so 0x534518] [6e5240f9] 0x40534518: "ldr x14, [x19, #0xa0]" ; mem[READ] abs=0xbfff9040 x19=0xbfff8fa0 => x14=0xbfff8f70
[07:17:16 728][libtiny.so 0x53451c] [081100b0] 0x4053451c: "adrp x8, #0x40755000" => x8=0x40755000
[07:17:16 728][libtiny.so 0x534520] [84eaa072] 0x40534520: "movk w4, #0x754, lsl #16" w4=0xcfb0 => w4=0x754cfb0
[07:17:16 728][libtiny.so 0x534524] [a5400891] 0x40534524: "add x5, x5, #0x210" x5=0x40534000 => x5=0x40534210
[07:17:16 728][libtiny.so 0x534528] [df0100f9] 0x40534528: "str xzr, [x14]" ; mem[WRITE] abs=0xbfff8f70 x14=0xbfff8f70
[07:17:16 728][libtiny.so 0x53452c] [6e4e40b9] 0x4053452c: "ldr w14, [x19, #0x4c]" ; mem[READ] abs=0xbfff8fec x19=0xbfff8fa0 => w14=0xa54ff53a
[07:17:16 728][libtiny.so 0x534530] [6f5640f9] 0x40534530: "ldr x15, [x19, #0xa8]" ; mem[READ] abs=0xbfff9048 x19=0xbfff8fa0 => x15=0xbfff8f60
[07:17:16 728][libtiny.so 0x534534] [b700048b] 0x40534534: "add x23, x5, x4" x5=0x40534210 x4=0x754cfb0 => x23=0x47a811c0
[07:17:16 728][libtiny.so 0x534538] [84ed8a52] 0x40534538: "movz w4, #0x576c" w4=0x754cfb0 => w4=0x576c
[07:17:16 728][libtiny.so 0x53453c] [8475a072] 0x4053453c: "movk w4, #0x3ac, lsl #16" w4=0x576c => w4=0x3ac576c
[07:17:16 728][libtiny.so 0x534540] [ee0100b9] 0x40534540: "str w14, [x15]" ; mem[WRITE] abs=0xbfff8f60 w14=0xa54ff53a x15=0xbfff8f60 => w14=0xa54ff53a
[07:17:16 728][libtiny.so 0x534544] [6e3e40b9] 0x40534544: "ldr w14, [x19, #0x3c]" ; mem[READ] abs=0xbfff8fdc x19=0xbfff8fa0 => w14=0x3c6ef372
[07:17:16 728][libtiny.so 0x534548] [6f5a40f9] 0x40534548: "ldr x15, [x19, #0xb0]" ; mem[READ] abs=0xbfff9050 x19=0xbfff8fa0 => x15=0xbfff8f50
[07:17:16 728][libtiny.so 0x53454c] [ee0100b9] 0x4053454c: "str w14, [x15]" ; mem[WRITE] abs=0xbfff8f50 w14=0x3c6ef372 x15=0xbfff8f50 => w14=0x3c6ef372
[07:17:16 728][libtiny.so 0x534550] [6e2e40b9] 0x40534550: "ldr w14, [x19, #0x2c]" ; mem[READ] abs=0xbfff8fcc x19=0xbfff8fa0 => w14=0xbb67ae85
[07:17:16 728][libtiny.so 0x534554] [6f5e40f9] 0x40534554: "ldr x15, [x19, #0xb8]" ; mem[READ] abs=0xbfff9058 x19=0xbfff8fa0 => x15=0xbfff8f40
[07:17:16 728][libtiny.so 0x534558] [ee0100b9] 0x40534558: "str w14, [x15]" ; mem[WRITE] abs=0xbfff8f40 w14=0xbb67ae85 x15=0xbfff8f40 => w14=0xbb67ae85
[07:17:16 728][libtiny.so 0x53455c] [0eed47f9] 0x4053455c: "ldr x14, [x8, #0xfd8]" ; mem[READ] abs=0x40755fd8 x8=0x40755000 => x14=0x43fbbdb4
[07:17:16 728][libtiny.so 0x534560] [af00174b] 0x40534560: "sub w15, w5, w23" w5=0x40534210 w23=0x47a811c0 => w15=0xf8ab3050
[07:17:16 728][libtiny.so 0x534564] [ef01040b] 0x40534564: "add w15, w15, w4" w15=0xf8ab3050 w4=0x3ac576c => w15=0xfc5787bc
[07:17:16 728][libtiny.so 0x534568] [cec12f8b] 0x40534568: "add x14, x14, w15, sxtw" x14=0x43fbbdb4 w15=0xfc5787bc => x14=0x40534570
[07:17:16 728][libtiny.so 0x53456c] [c0011fd6] 0x4053456c: "br x14" x14=0x40534570
[07:17:16 728][libtiny.so 0x534570] [0e1100b0] 0x40534570: "adrp x14, #0x40755000" => x14=0x40755000
[07:17:16 728][libtiny.so 0x534574] [cee947f9] 0x40534574: "ldr x14, [x14, #0xfd0]" ; mem[READ] abs=0x40755fd0 x14=0x40755000 => x14=0x4389d014
[07:17:16 728][libtiny.so 0x534578] [64c29192] 0x40534578: "movn x4, #0x8e13" x4=0x3ac576c => x4=0xffffffffffff71ec
[07:17:16 728][libtiny.so 0x53457c] [ef7a9a92] 0x4053457c: "movn x15, #0xd3d7" x15=0xfc5787bc => x15=0xffffffffffff2c28
[07:17:16 728][libtiny.so 0x534580] [2499bff2] 0x40534580: "movk x4, #0xfcc9, lsl #16" x4=0xffffffffffff71ec => x4=0xfffffffffcc971ec
[07:17:16 728][libtiny.so 0x534584] [0f8fbff2] 0x40534584: "movk x15, #0xfc78, lsl #16" x15=0xffffffffffff2c28 => x15=0xfffffffffc782c28
[07:17:16 728][libtiny.so 0x534588] [ce01048b] 0x40534588: "add x14, x14, x4" x14=0x4389d014 x4=0xfffffffffcc971ec => x14=0x40534200
[07:17:16 728][libtiny.so 0x53458c] [f7020f8b] 0x4053458c: "add x23, x23, x15" x23=0x47a811c0 x15=0xfffffffffc782c28 => x23=0x44203de8
[07:17:16 728][libtiny.so 0x534590] [c0011fd6] 0x40534590: "br x14" x14=0x40534200
[07:17:16 728][libtiny.so 0x534200] [ee7a9f92] 0x40534200: "movn x14, #0xfbd7" x14=0x40534200 => x14=0xffffffffffff0428
[07:17:16 728][libtiny.so 0x534204] [6e86bff2] 0x40534204: "movk x14, #0xfc33, lsl #16" x14=0xffffffffffff0428 => x14=0xfffffffffc330428
[07:17:16 728][libtiny.so 0x534208] [ee020e8b] 0x40534208: "add x14, x23, x14" x23=0x44203de8 x14=0xfffffffffc330428 => x14=0x40534210
[07:17:16 728][libtiny.so 0x53420c] [c0011fd6] 0x4053420c: "br x14" x14=0x40534210
[07:17:16 729][libtiny.so 0x534210] [6e1e40b9] 0x40534210: "ldr w14, [x19, #0x1c]" ; mem[READ] abs=0xbfff8fbc x19=0xbfff8fa0 => w14=0x6a09e667
[07:17:16 729][libtiny.so 0x534214] [6f6240f9] 0x40534214: "ldr x15, [x19, #0xc0]" ; mem[READ] abs=0xbfff9060 x19=0xbfff8fa0 => x15=0xbfff8f30
[07:17:16 729][libtiny.so 0x534218] [046e8552] 0x40534218: "movz w4, #0x2b70" w4=0xfcc971ec => w4=0x2b70
[07:17:16 729][libtiny.so 0x53421c] [85439a52] 0x4053421c: "movz w5, #0xd21c" w5=0x40534210 => w5=0xd21c
[07:17:16 729][libtiny.so 0x534220] [f6fffff0] 0x40534220: "adrp x22, #0x40533000" => x22=0x40533000
[07:17:16 729][libtiny.so 0x534224] [ee0100b9] 0x40534224: "str w14, [x15]" ; mem[WRITE] abs=0xbfff8f30 w14=0x6a09e667 x15=0xbfff8f30 => w14=0x6a09e667
[07:17:16 729][libtiny.so 0x534228] [6e6e40b9] 0x40534228: "ldr w14, [x19, #0x6c]" ; mem[READ] abs=0xbfff900c x19=0xbfff8fa0 => w14=0x9b05688c
[07:17:16 729][libtiny.so 0x53422c] [6f6640f9] 0x4053422c: "ldr x15, [x19, #0xc8]" ; mem[READ] abs=0xbfff9068 x19=0xbfff8fa0 => x15=0xbfff8f20
[07:17:16 729][libtiny.so 0x534230] [e4dca072] 0x40534230: "movk w4, #0x6e7, lsl #16" w4=0x2b70 => w4=0x6e72b70
[07:17:16 729][libtiny.so 0x534234] [a57da072] 0x40534234: "movk w5, #0x3ed, lsl #16" w5=0xd21c => w5=0x3edd21c
[07:17:16 729][libtiny.so 0x534238] [d6d23c91] 0x40534238: "add x22, x22, #0xf34" x22=0x40533000 => x22=0x40533f34
[07:17:16 729][libtiny.so 0x53423c] [ee0100b9] 0x4053423c: "str w14, [x15]" ; mem[WRITE] abs=0xbfff8f20 w14=0x9b05688c x15=0xbfff8f20 => w14=0x9b05688c
[07:17:16 729][libtiny.so 0x534240] [6e7e40b9] 0x40534240: "ldr w14, [x19, #0x7c]" ; mem[READ] abs=0xbfff901c x19=0xbfff8fa0 => w14=0x1f83d9ab
[07:17:16 729][libtiny.so 0x534244] [6f6a40f9] 0x40534244: "ldr x15, [x19, #0xd0]" ; mem[READ] abs=0xbfff9070 x19=0xbfff8fa0 => x15=0xbfff8f10
[07:17:16 729][libtiny.so 0x534248] [a402048b] 0x40534248: "add x4, x21, x4" x21=0x40533314 x4=0x6e72b70 => x4=0x473a5e84
[07:17:16 729][libtiny.so 0x53424c] [c502058b] 0x4053424c: "add x5, x22, x5" x22=0x40533f34 x5=0x3edd21c => x5=0x44411150
[07:17:16 729][libtiny.so 0x534250] [081100b0] 0x40534250: "adrp x8, #0x40755000" => x8=0x40755000
[07:17:16 729][libtiny.so 0x534254] [ee0100b9] 0x40534254: "str w14, [x15]" ; mem[WRITE] abs=0xbfff8f10 w14=0x1f83d9ab x15=0xbfff8f10 => w14=0x1f83d9ab
[07:17:16 729][libtiny.so 0x534258] [6e5e40b9] 0x40534258: "ldr w14, [x19, #0x5c]" ; mem[READ] abs=0xbfff8ffc x19=0xbfff8fa0 => w14=0x510e527f
[07:17:16 729][libtiny.so 0x53425c] [6f6e40f9] 0x4053425c: "ldr x15, [x19, #0xd8]" ; mem[READ] abs=0xbfff9078 x19=0xbfff8fa0 => x15=0xbfff8f00
[07:17:16 729][libtiny.so 0x534260] [08813d91] 0x40534260: "add x8, x8, #0xf60" x8=0x40755000 => x8=0x40755f60
[07:17:16 729][libtiny.so 0x534264] [ee0100b9] 0x40534264: "str w14, [x15]" ; mem[WRITE] abs=0xbfff8f00 w14=0x510e527f x15=0xbfff8f00 => w14=0x510e527f
[07:17:16 729][libtiny.so 0x534268] [6e8e40b9] 0x40534268: "ldr w14, [x19, #0x8c]" ; mem[READ] abs=0xbfff902c x19=0xbfff8fa0 => w14=0x5be0cd19
[07:17:16 729][libtiny.so 0x53426c] [6f7240f9] 0x4053426c: "ldr x15, [x19, #0xe0]" ; mem[READ] abs=0xbfff9080 x19=0xbfff8fa0 => x15=0xbfff8ef0
[07:17:16 729][libtiny.so 0x534270] [ee0100b9] 0x40534270: "str w14, [x15]" ; mem[WRITE] abs=0xbfff8ef0 w14=0x5be0cd19 x15=0xbfff8ef0 => w14=0x5be0cd19
[07:17:16 729][libtiny.so 0x534274] [6e3e4539] 0x40534274: "ldrb w14, [x19, #0x14f]" ; mem[READ] abs=0xbfff90ef x19=0xbfff8fa0 => w14=0x0
[07:17:16 729][libtiny.so 0x534278] [783e4539] 0x40534278: "ldrb w24, [x19, #0x14f]" ; mem[READ] abs=0xbfff90ef x19=0xbfff8fa0 => w24=0x0
[07:17:16 729][libtiny.so 0x53427c] [0f058052] 0x4053427c: "movz w15, #0x28" w15=0xbfff8ef0 => w15=0x28
[07:17:16 729][libtiny.so 0x534280] [df010071] 0x40534280: "cmp w14, #0" => nzcv=0x60000000 w14=0x0
[07:17:16 729][libtiny.so 0x534284] [6e3e4539] 0x40534284: "ldrb w14, [x19, #0x14f]" ; mem[READ] abs=0xbfff90ef x19=0xbfff8fa0 => w14=0x0
[07:17:16 729][libtiny.so 0x534288] [b710849a] 0x40534288: "csel x23, x5, x4, ne" nzcv=0x18060000000 x5=0x44411150 x4=0x473a5e84 => x23=0x473a5e84
[07:17:16 729][libtiny.so 0x53428c] [040a8052] 0x4053428c: "movz w4, #0x50" w4=0x473a5e84 => w4=0x50
[07:17:16 729][libtiny.so 0x534290] [df010071] 0x40534290: "cmp w14, #0" => nzcv=0x60000000 w14=0x0
[07:17:16 729][libtiny.so 0x534294] [8e819652] 0x40534294: "movz w14, #0xb40c" w14=0x0 => w14=0xb40c
[07:17:16 729][libtiny.so 0x534298] [8f108f9a] 0x40534298: "csel x15, x4, x15, ne" nzcv=0x18060000000 x4=0x50 x15=0x28 => x15=0x28
[07:17:16 729][libtiny.so 0x53429c] [04c68d52] 0x4053429c: "movz w4, #0x6e30" w4=0x50 => w4=0x6e30
[07:17:16 729][libtiny.so 0x5342a0] [8e70a072] 0x405342a0: "movk w14, #0x384, lsl #16" w14=0xb40c => w14=0x384b40c
[07:17:16 729][libtiny.so 0x5342a4] [44ffbf72] 0x405342a4: "movk w4, #0xfffa, lsl #16" w4=0x6e30 => w4=0xfffa6e30
[07:17:16 729][libtiny.so 0x5342a8] [0f696ff8] 0x405342a8: "ldr x15, [x8, x15]" ; mem[READ] abs=0x40755f88 x8=0x40755f60 x15=0x28 => x15=0x43b5b060
[07:17:16 729][libtiny.so 0x5342ac] [ae020e0b] 0x405342ac: "add w14, w21, w14" w21=0x40533314 w14=0x384b40c => w14=0x43d7e720
[07:17:16 729][libtiny.so 0x5342b0] [c402040b] 0x405342b0: "add w4, w22, w4" w22=0x40533f34 w4=0xfffa6e30 => w4=0x404dad64
[07:17:16 729][libtiny.so 0x5342b4] [1f030071] 0x405342b4: "cmp w24, #0" => nzcv=0x60000000 w24=0x0
[07:17:16 729][libtiny.so 0x5342b8] [8e108e1a] 0x405342b8: "csel w14, w4, w14, ne" nzcv=0x18060000000 w4=0x404dad64 w14=0x43d7e720 => w14=0x43d7e720
[07:17:16 729][libtiny.so 0x5342bc] [ce01174b] 0x405342bc: "sub w14, w14, w23" w14=0x43d7e720 w23=0x473a5e84 => w14=0xfc9d889c
[07:17:16 729][libtiny.so 0x5342c0] [eec12e8b] 0x405342c0: "add x14, x15, w14, sxtw" x15=0x43b5b060 w14=0xfc9d889c => x14=0x405338fc
[07:17:16 729][libtiny.so 0x5342c4] [c0011fd6] 0x405342c4: "br x14" x14=0x405338fc
[07:17:16 729][libtiny.so 0x5338fc] [cec047f9] 0x405338fc: "ldr x14, [x6, #0xf80]" ; mem[READ] abs=0x40755f80 x6=0x40755000 => x14=0x439a8ba0
[07:17:16 729][libtiny.so 0x533900] [e44f8b92] 0x40533900: "movn x4, #0x5a7f" x4=0x404dad64 => x4=0xffffffffffffa580
[07:17:16 729][libtiny.so 0x533904] [ef799192] 0x40533904: "movn x15, #0x8bcf" x15=0x43b5b060 => x15=0xffffffffffff7430
[07:17:16 729][libtiny.so 0x533908] [0497bff2] 0x40533908: "movk x4, #0xfcb8, lsl #16" x4=0xffffffffffffa580 => x4=0xfffffffffcb8a580
[07:17:16 729][libtiny.so 0x53390c] [af90bff2] 0x4053390c: "movk x15, #0xfc85, lsl #16" x15=0xffffffffffff7430 => x15=0xfffffffffc857430
[07:17:16 729][libtiny.so 0x533910] [ce01048b] 0x40533910: "add x14, x14, x4" x14=0x439a8ba0 x4=0xfffffffffcb8a580 => x14=0x40533120
[07:17:16 729][libtiny.so 0x533914] [f7020f8b] 0x40533914: "add x23, x23, x15" x23=0x473a5e84 x15=0xfffffffffc857430 => x23=0x43bfd2b4
[07:17:16 729][libtiny.so 0x533918] [c0011fd6] 0x40533918: "br x14" x14=0x40533120
[07:17:16 729][libtiny.so 0x533120] [eef39392] 0x40533120: "movn x14, #0x9f9f" x14=0x40533120 => x14=0xffffffffffff6060
[07:17:16 729][libtiny.so 0x533124] [6e92bff2] 0x40533124: "movk x14, #0xfc93, lsl #16" x14=0xffffffffffff6060 => x14=0xfffffffffc936060
[07:17:16 729][libtiny.so 0x533128] [ee020e8b] 0x40533128: "add x14, x23, x14" x23=0x43bfd2b4 x14=0xfffffffffc936060 => x14=0x40533314
[07:17:16 729][libtiny.so 0x53312c] [c0011fd6] 0x4053312c: "br x14" x14=0x40533314
[07:17:16 729][libtiny.so 0x533314] [6e4a40f9] 0x40533314: "ldr x14, [x19, #0x90]" ; mem[READ] abs=0xbfff9030 x19=0xbfff8fa0 => x14=0xbfff8f90
[07:17:16 730][libtiny.so 0x533318] [84448052] 0x40533318: "movz w4, #0x224" w4=0xfcb8a580 => w4=0x224
[07:17:16 730][libtiny.so 0x53331c] [c46ca072] 0x4053331c: "movk w4, #0x366, lsl #16" w4=0x224 => w4=0x3660224
[07:17:16 730][libtiny.so 0x533320] [05829252] 0x40533320: "movz w5, #0x9410" w5=0x44411150 => w5=0x9410
[07:17:16 730][libtiny.so 0x533324] [ce0140f9] 0x40533324: "ldr x14, [x14]" ; mem[READ] abs=0xbfff8f90 x14=0xbfff8f90 => x14=0xa
[07:17:16 730][libtiny.so 0x533328] [a502a072] 0x40533328: "movk w5, #0x15, lsl #16" w5=0x9410 => w5=0x159410
[07:17:16 730][libtiny.so 0x53332c] [6e9a00f9] 0x4053332c: "str x14, [x19, #0x130]" ; mem[WRITE] abs=0xbfff90d0 x14=0xa x19=0xbfff8fa0 => x14=0xa
[07:17:16 730][libtiny.so 0x533330] [6e9a40f9] 0x40533330: "ldr x14, [x19, #0x130]" ; mem[READ] abs=0xbfff90d0 x19=0xbfff8fa0 => x14=0xa
[07:17:16 730][libtiny.so 0x533334] [cef57ed3] 0x40533334: "lsl x14, x14, #2" x14=0xa => x14=0x28
[07:17:16 730][libtiny.so 0x533338] [6e9e00f9] 0x40533338: "str x14, [x19, #0x138]" ; mem[WRITE] abs=0xbfff90d8 x14=0x28 x19=0xbfff8fa0 => x14=0x28
[07:17:16 730][libtiny.so 0x53333c] [6e9e40f9] 0x4053333c: "ldr x14, [x19, #0x138]" ; mem[READ] abs=0xbfff90d8 x19=0xbfff8fa0 => x14=0x28
[07:17:16 730][libtiny.so 0x533340] [2e686e38] 0x40533340: "ldrb w14, [x1, x14]" ; mem[READ] abs=0x40b30268 x1=0x40b30240 x14=0x28 => w14=0x64
[07:17:16 730][libtiny.so 0x533344] [6f9e40f9] 0x40533344: "ldr x15, [x19, #0x138]" ; mem[READ] abs=0xbfff90d8 x19=0xbfff8fa0 => x15=0x28
[07:17:16 730][libtiny.so 0x533348] [ce1d0853] 0x40533348: "lsl w14, w14, #0x18" w14=0x64 => w14=0x64000000
[07:17:16 730][libtiny.so 0x53334c] [ef0140b2] 0x4053334c: "orr x15, x15, #1" x15=0x28 => x15=0x29
[07:17:16 730][libtiny.so 0x533350] [2f686f38] 0x40533350: "ldrb w15, [x1, x15]" ; mem[READ] abs=0x40b30269 x1=0x40b30240 x15=0x29 => w15=0x69
[07:17:16 730][libtiny.so 0x533354] [ee1d1033] 0x40533354: "bfi w14, w15, #0x10, #8" w14=0x64000000 w15=0x69 => w14=0x64690000
[07:17:16 730][libtiny.so 0x533358] [6e4601b9] 0x40533358: "str w14, [x19, #0x144]" ; mem[WRITE] abs=0xbfff90e4 w14=0x64690000 x19=0xbfff8fa0 => w14=0x64690000
[07:17:16 730][libtiny.so 0x53335c] [6e9e40f9] 0x4053335c: "ldr x14, [x19, #0x138]" ; mem[READ] abs=0xbfff90d8 x19=0xbfff8fa0 => x14=0x28
[07:17:16 730][libtiny.so 0x533360] [0f000090] 0x40533360: "adrp x15, #0x40533000" => x15=0x40533000
[07:17:16 730][libtiny.so 0x533364] [ef810e91] 0x40533364: "add x15, x15, #0x3a0" x15=0x40533000 => x15=0x405333a0
[07:17:16 730][libtiny.so 0x533368] [f701048b] 0x40533368: "add x23, x15, x4" x15=0x405333a0 x4=0x3660224 => x23=0x43b935c4
[07:17:16 730][libtiny.so 0x53336c] [ce017fb2] 0x4053336c: "orr x14, x14, #2" x14=0x28 => x14=0x2a
[07:17:16 730][libtiny.so 0x533370] [24686e38] 0x40533370: "ldrb w4, [x1, x14]" ; mem[READ] abs=0x40b3026a x1=0x40b30240 x14=0x2a => w4=0x64
[07:17:16 730][libtiny.so 0x533374] [8ecb47f9] 0x40533374: "ldr x14, [x28, #0xf90]" ; mem[READ] abs=0x40755f90 x28=0x40755000 => x14=0x43a3a1a4
[07:17:16 730][libtiny.so 0x533378] [ef01174b] 0x40533378: "sub w15, w15, w23" w15=0x405333a0 w23=0x43b935c4 => w15=0xfc99fddc
[07:17:16 730][libtiny.so 0x53337c] [ef01050b] 0x4053337c: "add w15, w15, w5" w15=0xfc99fddc w5=0x159410 => w15=0xfcaf91ec
[07:17:16 730][libtiny.so 0x533380] [845c1853] 0x40533380: "lsl w4, w4, #8" w4=0x64 => w4=0x6400
[07:17:16 730][libtiny.so 0x533384] [cfc12f8b] 0x40533384: "add x15, x14, w15, sxtw" x14=0x43a3a1a4 w15=0xfcaf91ec => x15=0x40533390
[07:17:16 730][libtiny.so 0x533388] [644a01b9] 0x40533388: "str w4, [x19, #0x148]" ; mem[WRITE] abs=0xbfff90e8 w4=0x6400 x19=0xbfff8fa0 => w4=0x6400
[07:17:16 730][libtiny.so 0x53338c] [e0011fd6] 0x4053338c: "br x15" x15=0x40533390
[07:17:16 730][libtiny.so 0x533390] [6e448092] 0x40533390: "movn x14, #0x223" x14=0x43a3a1a4 => x14=0xfffffffffffffddc
[07:17:16 730][libtiny.so 0x533394] [2e93bff2] 0x40533394: "movk x14, #0xfc99, lsl #16" x14=0xfffffffffffffddc => x14=0xfffffffffc99fddc
[07:17:16 730][libtiny.so 0x533398] [ee020e8b] 0x40533398: "add x14, x23, x14" x23=0x43b935c4 x14=0xfffffffffc99fddc => x14=0x405333a0
[07:17:16 730][libtiny.so 0x53339c] [c0011fd6] 0x4053339c: "br x14" x14=0x405333a0
[07:17:16 730][libtiny.so 0x5333a0] [6e4641b9] 0x405333a0: "ldr w14, [x19, #0x144]" ; mem[READ] abs=0xbfff90e4 x19=0xbfff8fa0 => w14=0x64690000
[07:17:16 730][libtiny.so 0x5333a4] [6f4a41b9] 0x405333a4: "ldr w15, [x19, #0x148]" ; mem[READ] abs=0xbfff90e8 x19=0xbfff8fa0 => w15=0x6400
[07:17:16 730][libtiny.so 0x5333a8] [649e40f9] 0x405333a8: "ldr x4, [x19, #0x138]" ; mem[READ] abs=0xbfff90d8 x19=0xbfff8fa0 => x4=0x28
[07:17:16 730][libtiny.so 0x5333ac] [ce010f2a] 0x405333ac: "orr w14, w14, w15" w14=0x64690000 w15=0x6400 => w14=0x64696400
[07:17:16 731][libtiny.so 0x5333b0] [840440b2] 0x405333b0: "orr x4, x4, #3" x4=0x28 => x4=0x2b
[07:17:16 731][libtiny.so 0x5333b4] [24686438] 0x405333b4: "ldrb w4, [x1, x4]" ; mem[READ] abs=0x40b3026b x1=0x40b30240 x4=0x2b => w4=0x22
[07:17:16 731][libtiny.so 0x5333b8] [659a40f9] 0x405333b8: "ldr x5, [x19, #0x130]" ; mem[READ] abs=0xbfff90d0 x19=0xbfff8fa0 => x5=0xa
[07:17:16 731][libtiny.so 0x5333bc] [6f821191] 0x405333bc: "add x15, x19, #0x460" x19=0xbfff8fa0 => x15=0xbfff9400
[07:17:16 731][libtiny.so 0x5333c0] [ce01042a] 0x405333c0: "orr w14, w14, w4" w14=0x64696400 w4=0x22 => w14=0x64696422
[07:17:16 731][libtiny.so 0x5333c4] [ee7925b8] 0x405333c4: "str w14, [x15, x5, lsl #2]" ; mem[WRITE] abs=0xbfff9428 w14=0x64696422 x15=0xbfff9400 x5=0xa => w14=0x64696422
[07:17:16 731][libtiny.so 0x5333c8] [6e9a40f9] 0x405333c8: "ldr x14, [x19, #0x130]" ; mem[READ] abs=0xbfff90d0 x19=0xbfff8fa0 => x14=0xa
[07:17:16 731][libtiny.so 0x5333cc] [848a8e52] 0x405333cc: "movz w4, #0x7454" w4=0x22 => w4=0x7454
[07:17:16 731][libtiny.so 0x5333d0] [050000b0] 0x405333d0: "adrp x5, #0x40534000" => x5=0x40534000
[07:17:16 731][libtiny.so 0x5333d4] [647ca072] 0x405333d4: "movk w4, #0x3e3, lsl #16" w4=0x7454 => w4=0x3e37454
[07:17:16 731][libtiny.so 0x5333d8] [ce050091] 0x405333d8: "add x14, x14, #1" x14=0xa => x14=0xb
[07:17:16 731][libtiny.so 0x5333dc] [df4100f1] 0x405333dc: "cmp x14, #0x10" => nzcv=0x80000000 x14=0xb
[07:17:16 731][libtiny.so 0x5333e0] [ef179f1a] 0x405333e0: "cset w15, eq" nzcv=0x18080000000 => w15=0x0
[07:17:16 731][libtiny.so 0x5333e4] [6f3e0539] 0x405333e4: "strb w15, [x19, #0x14f]" ; mem[WRITE] abs=0xbfff90ef w15=0x0 x19=0xbfff8fa0 => w15=0x0
[07:17:16 731][libtiny.so 0x5333e8] [6f4a40f9] 0x405333e8: "ldr x15, [x19, #0x90]" ; mem[READ] abs=0xbfff9030 x19=0xbfff8fa0 => x15=0xbfff8f90
[07:17:16 731][libtiny.so 0x5333ec] [a5101491] 0x405333ec: "add x5, x5, #0x504" x5=0x40534000 => x5=0x40534504
[07:17:16 731][libtiny.so 0x5333f0] [b700048b] 0x405333f0: "add x23, x5, x4" x5=0x40534504 x4=0x3e37454 => x23=0x4436b958
[07:17:16 731][libtiny.so 0x5333f4] [844e8a52] 0x405333f4: "movz w4, #0x5274" w4=0x3e37454 => w4=0x5274
[07:17:16 731][libtiny.so 0x5333f8] [ee0100f9] 0x405333f8: "str x14, [x15]" ; mem[WRITE] abs=0xbfff8f90 x14=0xb x15=0xbfff8f90 => x14=0xb
[07:17:16 731][libtiny.so 0x5333fc] [6ee147f9] 0x405333fc: "ldr x14, [x11, #0xfc0]" ; mem[READ] abs=0x40755fc0 x11=0x40755000 => x14=0x4451623c
[07:17:16 731][libtiny.so 0x533400] [af00174b] 0x40533400: "sub w15, w5, w23" w5=0x40534504 w23=0x4436b958 => w15=0xfc1c8bac
[07:17:16 731][libtiny.so 0x533404] [a4fcbf72] 0x40533404: "movk w4, #0xffe5, lsl #16" w4=0x5274 => w4=0xffe55274
[07:17:16 731][libtiny.so 0x533408] [ef01040b] 0x40533408: "add w15, w15, w4" w15=0xfc1c8bac w4=0xffe55274 => w15=0xfc01de20
[07:17:16 731][libtiny.so 0x53340c] [cec12f8b] 0x4053340c: "add x14, x14, w15, sxtw" x14=0x4451623c w15=0xfc01de20 => x14=0x4053405c
[07:17:16 731][libtiny.so 0x533410] [c0011fd6] 0x40533410: "br x14" x14=0x4053405c
[07:17:16 731][libtiny.so 0x53405c] [6e8a8e92] 0x4053405c: "movn x14, #0x7453" x14=0x4053405c => x14=0xffffffffffff8bac
[07:17:16 731][libtiny.so 0x534060] [8e83bff2] 0x40534060: "movk x14, #0xfc1c, lsl #16" x14=0xffffffffffff8bac => x14=0xfffffffffc1c8bac
[07:17:16 731][libtiny.so 0x534064] [ee020e8b] 0x40534064: "add x14, x23, x14" x23=0x4436b958 x14=0xfffffffffc1c8bac => x14=0x40534504
[07:17:16 731][libtiny.so 0x534068] [c0011fd6] 0x40534068: "br x14" x14=0x40534504
[07:17:16 731][libtiny.so 0x534504] [6e4e40f9] 0x40534504: "ldr x14, [x19, #0x98]" ; mem[READ] abs=0xbfff9038 x19=0xbfff8fa0 => x14=0xbfff8f80
[07:17:16 731][libtiny.so 0x534508] [2f008052] 0x40534508: "movz w15, #0x1" w15=0xfc01de20 => w15=0x1
[07:17:16 731][libtiny.so 0x53450c] [04f69952] 0x4053450c: "movz w4, #0xcfb0" w4=0xffe55274 => w4=0xcfb0
[07:17:16 731][libtiny.so 0x534510] [05000090] 0x40534510: "adrp x5, #0x40534000" => x5=0x40534000
[07:17:16 731][libtiny.so 0x534514] [cf010039] 0x40534514: "strb w15, [x14]" ; mem[WRITE] abs=0xbfff8f80 w15=0x1 x14=0xbfff8f80 => w15=0x1
[07:17:16 731][libtiny.so 0x534518] [6e5240f9] 0x40534518: "ldr x14, [x19, #0xa0]" ; mem[READ] abs=0xbfff9040 x19=0xbfff8fa0 => x14=0xbfff8f70
[07:17:16 731][libtiny.so 0x53451c] [081100b0] 0x4053451c: "adrp x8, #0x40755000" => x8=0x40755000
[07:17:16 731][libtiny.so 0x534520] [84eaa072] 0x40534520: "movk w4, #0x754, lsl #16" w4=0xcfb0 => w4=0x754cfb0
[07:17:16 731][libtiny.so 0x534524] [a5400891] 0x40534524: "add x5, x5, #0x210" x5=0x40534000 => x5=0x40534210
[07:17:16 731][libtiny.so 0x534528] [df0100f9] 0x40534528: "str xzr, [x14]" ; mem[WRITE] abs=0xbfff8f70 x14=0xbfff8f70
[07:17:16 731][libtiny.so 0x53452c] [6e4e40b9] 0x4053452c: "ldr w14, [x19, #0x4c]" ; mem[READ] abs=0xbfff8fec x19=0xbfff8fa0 => w14=0xa54ff53a
[07:17:16 731][libtiny.so 0x534530] [6f5640f9] 0x40534530: "ldr x15, [x19, #0xa8]" ; mem[READ] abs=0xbfff9048 x19=0xbfff8fa0 => x15=0xbfff8f60
[07:17:16 731][libtiny.so 0x534534] [b700048b] 0x40534534: "add x23, x5, x4" x5=0x40534210 x4=0x754cfb0 => x23=0x47a811c0
[07:17:16 731][libtiny.so 0x534538] [84ed8a52] 0x40534538: "movz w4, #0x576c" w4=0x754cfb0 => w4=0x576c
[07:17:16 731][libtiny.so 0x53453c] [8475a072] 0x4053453c: "movk w4, #0x3ac, lsl #16" w4=0x576c => w4=0x3ac576c
[07:17:16 731][libtiny.so 0x534540] [ee0100b9] 0x40534540: "str w14, [x15]" ; mem[WRITE] abs=0xbfff8f60 w14=0xa54ff53a x15=0xbfff8f60 => w14=0xa54ff53a
[07:17:16 732][libtiny.so 0x534544] [6e3e40b9] 0x40534544: "ldr w14, [x19, #0x3c]" ; mem[READ] abs=0xbfff8fdc x19=0xbfff8fa0 => w14=0x3c6ef372
[07:17:16 732][libtiny.so 0x534548] [6f5a40f9] 0x40534548: "ldr x15, [x19, #0xb0]" ; mem[READ] abs=0xbfff9050 x19=0xbfff8fa0 => x15=0xbfff8f50
[07:17:16 732][libtiny.so 0x53454c] [ee0100b9] 0x4053454c: "str w14, [x15]" ; mem[WRITE] abs=0xbfff8f50 w14=0x3c6ef372 x15=0xbfff8f50 => w14=0x3c6ef372
[07:17:16 732][libtiny.so 0x534550] [6e2e40b9] 0x40534550: "ldr w14, [x19, #0x2c]" ; mem[READ] abs=0xbfff8fcc x19=0xbfff8fa0 => w14=0xbb67ae85
[07:17:16 732][libtiny.so 0x534554] [6f5e40f9] 0x40534554: "ldr x15, [x19, #0xb8]" ; mem[READ] abs=0xbfff9058 x19=0xbfff8fa0 => x15=0xbfff8f40
[07:17:16 732][libtiny.so 0x534558] [ee0100b9] 0x40534558: "str w14, [x15]" ; mem[WRITE] abs=0xbfff8f40 w14=0xbb67ae85 x15=0xbfff8f40 => w14=0xbb67ae85
[07:17:16 732][libtiny.so 0x53455c] [0eed47f9] 0x4053455c: "ldr x14, [x8, #0xfd8]" ; mem[READ] abs=0x40755fd8 x8=0x40755000 => x14=0x43fbbdb4
[07:17:16 732][libtiny.so 0x534560] [af00174b] 0x40534560: "sub w15, w5, w23" w5=0x40534210 w23=0x47a811c0 => w15=0xf8ab3050
[07:17:16 732][libtiny.so 0x534564] [ef01040b] 0x40534564: "add w15, w15, w4" w15=0xf8ab3050 w4=0x3ac576c => w15=0xfc5787bc
[07:17:16 732][libtiny.so 0x534568] [cec12f8b] 0x40534568: "add x14, x14, w15, sxtw" x14=0x43fbbdb4 w15=0xfc5787bc => x14=0x40534570
[07:17:16 732][libtiny.so 0x53456c] [c0011fd6] 0x4053456c: "br x14" x14=0x40534570
[07:17:16 732][libtiny.so 0x534570] [0e1100b0] 0x40534570: "adrp x14, #0x40755000" => x14=0x40755000
[07:17:16 732][libtiny.so 0x534574] [cee947f9] 0x40534574: "ldr x14, [x14, #0xfd0]" ; mem[READ] abs=0x40755fd0 x14=0x40755000 => x14=0x4389d014
[07:17:16 732][libtiny.so 0x534578] [64c29192] 0x40534578: "movn x4, #0x8e13" x4=0x3ac576c => x4=0xffffffffffff71ec
[07:17:16 732][libtiny.so 0x53457c] [ef7a9a92] 0x4053457c: "movn x15, #0xd3d7" x15=0xfc5787bc => x15=0xffffffffffff2c28
[07:17:16 732][libtiny.so 0x534580] [2499bff2] 0x40534580: "movk x4, #0xfcc9, lsl #16" x4=0xffffffffffff71ec => x4=0xfffffffffcc971ec
[07:17:16 732][libtiny.so 0x534584] [0f8fbff2] 0x40534584: "movk x15, #0xfc78, lsl #16" x15=0xffffffffffff2c28 => x15=0xfffffffffc782c28
[07:17:16 732][libtiny.so 0x534588] [ce01048b] 0x40534588: "add x14, x14, x4" x14=0x4389d014 x4=0xfffffffffcc971ec => x14=0x40534200
[07:17:16 732][libtiny.so 0x53458c] [f7020f8b] 0x4053458c: "add x23, x23, x15" x23=0x47a811c0 x15=0xfffffffffc782c28 => x23=0x44203de8
[07:17:16 732][libtiny.so 0x534590] [c0011fd6] 0x40534590: "br x14" x14=0x40534200
[07:17:16 732][libtiny.so 0x534200] [ee7a9f92] 0x40534200: "movn x14, #0xfbd7" x14=0x40534200 => x14=0xffffffffffff0428
[07:17:16 732][libtiny.so 0x534204] [6e86bff2] 0x40534204: "movk x14, #0xfc33, lsl #16" x14=0xffffffffffff0428 => x14=0xfffffffffc330428
[07:17:16 732][libtiny.so 0x534208] [ee020e8b] 0x40534208: "add x14, x23, x14" x23=0x44203de8 x14=0xfffffffffc330428 => x14=0x40534210
[07:17:16 732][libtiny.so 0x53420c] [c0011fd6] 0x4053420c: "br x14" x14=0x40534210
[07:17:16 732][libtiny.so 0x534210] [6e1e40b9] 0x40534210: "ldr w14, [x19, #0x1c]" ; mem[READ] abs=0xbfff8fbc x19=0xbfff8fa0 => w14=0x6a09e667
[07:17:16 732][libtiny.so 0x534214] [6f6240f9] 0x40534214: "ldr x15, [x19, #0xc0]" ; mem[READ] abs=0xbfff9060 x19=0xbfff8fa0 => x15=0xbfff8f30
[07:17:16 732][libtiny.so 0x534218] [046e8552] 0x40534218: "movz w4, #0x2b70" w4=0xfcc971ec => w4=0x2b70
[07:17:16 732][libtiny.so 0x53421c] [85439a52] 0x4053421c: "movz w5, #0xd21c" w5=0x40534210 => w5=0xd21c
[07:17:16 732][libtiny.so 0x534220] [f6fffff0] 0x40534220: "adrp x22, #0x40533000" => x22=0x40533000
[07:17:16 732][libtiny.so 0x534224] [ee0100b9] 0x40534224: "str w14, [x15]" ; mem[WRITE] abs=0xbfff8f30 w14=0x6a09e667 x15=0xbfff8f30 => w14=0x6a09e667
[07:17:16 732][libtiny.so 0x534228] [6e6e40b9] 0x40534228: "ldr w14, [x19, #0x6c]" ; mem[READ] abs=0xbfff900c x19=0xbfff8fa0 => w14=0x9b05688c
[07:17:16 732][libtiny.so 0x53422c] [6f6640f9] 0x4053422c: "ldr x15, [x19, #0xc8]" ; mem[READ] abs=0xbfff9068 x19=0xbfff8fa0 => x15=0xbfff8f20
[07:17:16 732][libtiny.so 0x534230] [e4dca072] 0x40534230: "movk w4, #0x6e7, lsl #16" w4=0x2b70 => w4=0x6e72b70
[07:17:16 732][libtiny.so 0x534234] [a57da072] 0x40534234: "movk w5, #0x3ed, lsl #16" w5=0xd21c => w5=0x3edd21c
[07:17:16 732][libtiny.so 0x534238] [d6d23c91] 0x40534238: "add x22, x22, #0xf34" x22=0x40533000 => x22=0x40533f34
[07:17:16 732][libtiny.so 0x53423c] [ee0100b9] 0x4053423c: "str w14, [x15]" ; mem[WRITE] abs=0xbfff8f20 w14=0x9b05688c x15=0xbfff8f20 => w14=0x9b05688c
[07:17:16 732][libtiny.so 0x534240] [6e7e40b9] 0x40534240: "ldr w14, [x19, #0x7c]" ; mem[READ] abs=0xbfff901c x19=0xbfff8fa0 => w14=0x1f83d9ab
[07:17:16 732][libtiny.so 0x534244] [6f6a40f9] 0x40534244: "ldr x15, [x19, #0xd0]" ; mem[READ] abs=0xbfff9070 x19=0xbfff8fa0 => x15=0xbfff8f10
[07:17:16 732][libtiny.so 0x534248] [a402048b] 0x40534248: "add x4, x21, x4" x21=0x40533314 x4=0x6e72b70 => x4=0x473a5e84
[07:17:16 732][libtiny.so 0x53424c] [c502058b] 0x4053424c: "add x5, x22, x5" x22=0x40533f34 x5=0x3edd21c => x5=0x44411150
[07:17:16 732][libtiny.so 0x534250] [081100b0] 0x40534250: "adrp x8, #0x40755000" => x8=0x40755000
[07:17:16 732][libtiny.so 0x534254] [ee0100b9] 0x40534254: "str w14, [x15]" ; mem[WRITE] abs=0xbfff8f10 w14=0x1f83d9ab x15=0xbfff8f10 => w14=0x1f83d9ab
[07:17:16 732][libtiny.so 0x534258] [6e5e40b9] 0x40534258: "ldr w14, [x19, #0x5c]" ; mem[READ] abs=0xbfff8ffc x19=0xbfff8fa0 => w14=0x510e527f
[07:17:16 732][libtiny.so 0x53425c] [6f6e40f9] 0x4053425c: "ldr x15, [x19, #0xd8]" ; mem[READ] abs=0xbfff9078 x19=0xbfff8fa0 => x15=0xbfff8f00
[07:17:16 732][libtiny.so 0x534260] [08813d91] 0x40534260: "add x8, x8, #0xf60" x8=0x40755000 => x8=0x40755f60
[07:17:16 732][libtiny.so 0x534264] [ee0100b9] 0x40534264: "str w14, [x15]" ; mem[WRITE] abs=0xbfff8f00 w14=0x510e527f x15=0xbfff8f00 => w14=0x510e527f
[07:17:16 732][libtiny.so 0x534268] [6e8e40b9] 0x40534268: "ldr w14, [x19, #0x8c]" ; mem[READ] abs=0xbfff902c x19=0xbfff8fa0 => w14=0x5be0cd19
[07:17:16 732][libtiny.so 0x53426c] [6f7240f9] 0x4053426c: "ldr x15, [x19, #0xe0]" ; mem[READ] abs=0xbfff9080 x19=0xbfff8fa0 => x15=0xbfff8ef0
[07:17:16 732][libtiny.so 0x534270] [ee0100b9] 0x40534270: "str w14, [x15]" ; mem[WRITE] abs=0xbfff8ef0 w14=0x5be0cd19 x15=0xbfff8ef0 => w14=0x5be0cd19
[07:17:16 732][libtiny.so 0x534274] [6e3e4539] 0x40534274: "ldrb w14, [x19, #0x14f]" ; mem[READ] abs=0xbfff90ef x19=0xbfff8fa0 => w14=0x0
[07:17:16 732][libtiny.so 0x534278] [783e4539] 0x40534278: "ldrb w24, [x19, #0x14f]" ; mem[READ] abs=0xbfff90ef x19=0xbfff8fa0 => w24=0x0
[07:17:16 732][libtiny.so 0x53427c] [0f058052] 0x4053427c: "movz w15, #0x28" w15=0xbfff8ef0 => w15=0x28
[07:17:16 732][libtiny.so 0x534280] [df010071] 0x40534280: "cmp w14, #0" => nzcv=0x60000000 w14=0x0
[07:17:16 732][libtiny.so 0x534284] [6e3e4539] 0x40534284: "ldrb w14, [x19, #0x14f]" ; mem[READ] abs=0xbfff90ef x19=0xbfff8fa0 => w14=0x0
[07:17:16 732][libtiny.so 0x534288] [b710849a] 0x40534288: "csel x23, x5, x4, ne" nzcv=0x18060000000 x5=0x44411150 x4=0x473a5e84 => x23=0x473a5e84
[07:17:16 732][libtiny.so 0x53428c] [040a8052] 0x4053428c: "movz w4, #0x50" w4=0x473a5e84 => w4=0x50
[07:17:16 732][libtiny.so 0x534290] [df010071] 0x40534290: "cmp w14, #0" => nzcv=0x60000000 w14=0x0
[07:17:16 733][libtiny.so 0x534294] [8e819652] 0x40534294: "movz w14, #0xb40c" w14=0x0 => w14=0xb40c
[07:17:16 733][libtiny.so 0x534298] [8f108f9a] 0x40534298: "csel x15, x4, x15, ne" nzcv=0x18060000000 x4=0x50 x15=0x28 => x15=0x28
[07:17:16 733][libtiny.so 0x53429c] [04c68d52] 0x4053429c: "movz w4, #0x6e30" w4=0x50 => w4=0x6e30
[07:17:16 733][libtiny.so 0x5342a0] [8e70a072] 0x405342a0: "movk w14, #0x384, lsl #16" w14=0xb40c => w14=0x384b40c
[07:17:16 733][libtiny.so 0x5342a4] [44ffbf72] 0x405342a4: "movk w4, #0xfffa, lsl #16" w4=0x6e30 => w4=0xfffa6e30
[07:17:16 733][libtiny.so 0x5342a8] [0f696ff8] 0x405342a8: "ldr x15, [x8, x15]" ; mem[READ] abs=0x40755f88 x8=0x40755f60 x15=0x28 => x15=0x43b5b060
[07:17:16 733][libtiny.so 0x5342ac] [ae020e0b] 0x405342ac: "add w14, w21, w14" w21=0x40533314 w14=0x384b40c => w14=0x43d7e720
[07:17:16 733][libtiny.so 0x5342b0] [c402040b] 0x405342b0: "add w4, w22, w4" w22=0x40533f34 w4=0xfffa6e30 => w4=0x404dad64
[07:17:16 733][libtiny.so 0x5342b4] [1f030071] 0x405342b4: "cmp w24, #0" => nzcv=0x60000000 w24=0x0
[07:17:16 733][libtiny.so 0x5342b8] [8e108e1a] 0x405342b8: "csel w14, w4, w14, ne" nzcv=0x18060000000 w4=0x404dad64 w14=0x43d7e720 => w14=0x43d7e720
[07:17:16 733][libtiny.so 0x5342bc] [ce01174b] 0x405342bc: "sub w14, w14, w23" w14=0x43d7e720 w23=0x473a5e84 => w14=0xfc9d889c
[07:17:16 733][libtiny.so 0x5342c0] [eec12e8b] 0x405342c0: "add x14, x15, w14, sxtw" x15=0x43b5b060 w14=0xfc9d889c => x14=0x405338fc
[07:17:16 733][libtiny.so 0x5342c4] [c0011fd6] 0x405342c4: "br x14" x14=0x405338fc
[07:17:16 733][libtiny.so 0x5338fc] [cec047f9] 0x405338fc: "ldr x14, [x6, #0xf80]" ; mem[READ] abs=0x40755f80 x6=0x40755000 => x14=0x439a8ba0
[07:17:16 733][libtiny.so 0x533900] [e44f8b92] 0x40533900: "movn x4, #0x5a7f" x4=0x404dad64 => x4=0xffffffffffffa580
[07:17:16 733][libtiny.so 0x533904] [ef799192] 0x40533904: "movn x15, #0x8bcf" x15=0x43b5b060 => x15=0xffffffffffff7430
[07:17:16 733][libtiny.so 0x533908] [0497bff2] 0x40533908: "movk x4, #0xfcb8, lsl #16" x4=0xffffffffffffa580 => x4=0xfffffffffcb8a580
[07:17:16 733][libtiny.so 0x53390c] [af90bff2] 0x4053390c: "movk x15, #0xfc85, lsl #16" x15=0xffffffffffff7430 => x15=0xfffffffffc857430
[07:17:16 733][libtiny.so 0x533910] [ce01048b] 0x40533910: "add x14, x14, x4" x14=0x439a8ba0 x4=0xfffffffffcb8a580 => x14=0x40533120
[07:17:16 733][libtiny.so 0x533914] [f7020f8b] 0x40533914: "add x23, x23, x15" x23=0x473a5e84 x15=0xfffffffffc857430 => x23=0x43bfd2b4
[07:17:16 733][libtiny.so 0x533918] [c0011fd6] 0x40533918: "br x14" x14=0x40533120
[07:17:16 733][libtiny.so 0x533120] [eef39392] 0x40533120: "movn x14, #0x9f9f" x14=0x40533120 => x14=0xffffffffffff6060
[07:17:16 733][libtiny.so 0x533124] [6e92bff2] 0x40533124: "movk x14, #0xfc93, lsl #16" x14=0xffffffffffff6060 => x14=0xfffffffffc936060
[07:17:16 733][libtiny.so 0x533128] [ee020e8b] 0x40533128: "add x14, x23, x14" x23=0x43bfd2b4 x14=0xfffffffffc936060 => x14=0x40533314
[07:17:16 733][libtiny.so 0x53312c] [c0011fd6] 0x4053312c: "br x14" x14=0x40533314
[07:17:16 733][libtiny.so 0x533314] [6e4a40f9] 0x40533314: "ldr x14, [x19, #0x90]" ; mem[READ] abs=0xbfff9030 x19=0xbfff8fa0 => x14=0xbfff8f90
[07:17:16 733][libtiny.so 0x533318] [84448052] 0x40533318: "movz w4, #0x224" w4=0xfcb8a580 => w4=0x224
[07:17:16 733][libtiny.so 0x53331c] [c46ca072] 0x4053331c: "movk w4, #0x366, lsl #16" w4=0x224 => w4=0x3660224
[07:17:16 733][libtiny.so 0x533320] [05829252] 0x40533320: "movz w5, #0x9410" w5=0x44411150 => w5=0x9410
[07:17:16 733][libtiny.so 0x533324] [ce0140f9] 0x40533324: "ldr x14, [x14]" ; mem[READ] abs=0xbfff8f90 x14=0xbfff8f90 => x14=0xb
[07:17:16 733][libtiny.so 0x533328] [a502a072] 0x40533328: "movk w5, #0x15, lsl #16" w5=0x9410 => w5=0x159410
[07:17:16 733][libtiny.so 0x53332c] [6e9a00f9] 0x4053332c: "str x14, [x19, #0x130]" ; mem[WRITE] abs=0xbfff90d0 x14=0xb x19=0xbfff8fa0 => x14=0xb
[07:17:16 733][libtiny.so 0x533330] [6e9a40f9] 0x40533330: "ldr x14, [x19, #0x130]" ; mem[READ] abs=0xbfff90d0 x19=0xbfff8fa0 => x14=0xb
[07:17:16 733][libtiny.so 0x533334] [cef57ed3] 0x40533334: "lsl x14, x14, #2" x14=0xb => x14=0x2c
[07:17:16 733][libtiny.so 0x533338] [6e9e00f9] 0x40533338: "str x14, [x19, #0x138]" ; mem[WRITE] abs=0xbfff90d8 x14=0x2c x19=0xbfff8fa0 => x14=0x2c
[07:17:16 733][libtiny.so 0x53333c] [6e9e40f9] 0x4053333c: "ldr x14, [x19, #0x138]" ; mem[READ] abs=0xbfff90d8 x19=0xbfff8fa0 => x14=0x2c
[07:17:16 733][libtiny.so 0x533340] [2e686e38] 0x40533340: "ldrb w14, [x1, x14]" ; mem[READ] abs=0x40b3026c x1=0x40b30240 x14=0x2c => w14=0x3a
[07:17:16 733][libtiny.so 0x533344] [6f9e40f9] 0x40533344: "ldr x15, [x19, #0x138]" ; mem[READ] abs=0xbfff90d8 x19=0xbfff8fa0 => x15=0x2c
[07:17:16 733][libtiny.so 0x533348] [ce1d0853] 0x40533348: "lsl w14, w14, #0x18" w14=0x3a => w14=0x3a000000
[07:17:16 733][libtiny.so 0x53334c] [ef0140b2] 0x4053334c: "orr x15, x15, #1" x15=0x2c => x15=0x2d
[07:17:16 733][libtiny.so 0x533350] [2f686f38] 0x40533350: "ldrb w15, [x1, x15]" ; mem[READ] abs=0x40b3026d x1=0x40b30240 x15=0x2d => w15=0x22
[07:17:16 733][libtiny.so 0x533354] [ee1d1033] 0x40533354: "bfi w14, w15, #0x10, #8" w14=0x3a000000 w15=0x22 => w14=0x3a220000
[07:17:16 733][libtiny.so 0x533358] [6e4601b9] 0x40533358: "str w14, [x19, #0x144]" ; mem[WRITE] abs=0xbfff90e4 w14=0x3a220000 x19=0xbfff8fa0 => w14=0x3a220000
[07:17:16 733][libtiny.so 0x53335c] [6e9e40f9] 0x4053335c: "ldr x14, [x19, #0x138]" ; mem[READ] abs=0xbfff90d8 x19=0xbfff8fa0 => x14=0x2c
[07:17:16 733][libtiny.so 0x533360] [0f000090] 0x40533360: "adrp x15, #0x40533000" => x15=0x40533000
[07:17:16 733][libtiny.so 0x533364] [ef810e91] 0x40533364: "add x15, x15, #0x3a0" x15=0x40533000 => x15=0x405333a0
[07:17:16 733][libtiny.so 0x533368] [f701048b] 0x40533368: "add x23, x15, x4" x15=0x405333a0 x4=0x3660224 => x23=0x43b935c4
[07:17:16 733][libtiny.so 0x53336c] [ce017fb2] 0x4053336c: "orr x14, x14, #2" x14=0x2c => x14=0x2e
[07:17:16 733][libtiny.so 0x533370] [24686e38] 0x40533370: "ldrb w4, [x1, x14]" ; mem[READ] abs=0x40b3026e x1=0x40b30240 x14=0x2e => w4=0x22
[07:17:16 733][libtiny.so 0x533374] [8ecb47f9] 0x40533374: "ldr x14, [x28, #0xf90]" ; mem[READ] abs=0x40755f90 x28=0x40755000 => x14=0x43a3a1a4
[07:17:16 733][libtiny.so 0x533378] [ef01174b] 0x40533378: "sub w15, w15, w23" w15=0x405333a0 w23=0x43b935c4 => w15=0xfc99fddc
[07:17:16 733][libtiny.so 0x53337c] [ef01050b] 0x4053337c: "add w15, w15, w5" w15=0xfc99fddc w5=0x159410 => w15=0xfcaf91ec
[07:17:16 733][libtiny.so 0x533380] [845c1853] 0x40533380: "lsl w4, w4, #8" w4=0x22 => w4=0x2200
[07:17:16 733][libtiny.so 0x533384] [cfc12f8b] 0x40533384: "add x15, x14, w15, sxtw" x14=0x43a3a1a4 w15=0xfcaf91ec => x15=0x40533390
[07:17:16 733][libtiny.so 0x533388] [644a01b9] 0x40533388: "str w4, [x19, #0x148]" ; mem[WRITE] abs=0xbfff90e8 w4=0x2200 x19=0xbfff8fa0 => w4=0x2200
[07:17:16 733][libtiny.so 0x53338c] [e0011fd6] 0x4053338c: "br x15" x15=0x40533390
[07:17:16 733][libtiny.so 0x533390] [6e448092] 0x40533390: "movn x14, #0x223" x14=0x43a3a1a4 => x14=0xfffffffffffffddc
[07:17:16 733][libtiny.so 0x533394] [2e93bff2] 0x40533394: "movk x14, #0xfc99, lsl #16" x14=0xfffffffffffffddc => x14=0xfffffffffc99fddc
[07:17:16 733][libtiny.so 0x533398] [ee020e8b] 0x40533398: "add x14, x23, x14" x23=0x43b935c4 x14=0xfffffffffc99fddc => x14=0x405333a0
[07:17:16 734][libtiny.so 0x53339c] [c0011fd6] 0x4053339c: "br x14" x14=0x405333a0
[07:17:16 734][libtiny.so 0x5333a0] [6e4641b9] 0x405333a0: "ldr w14, [x19, #0x144]" ; mem[READ] abs=0xbfff90e4 x19=0xbfff8fa0 => w14=0x3a220000
[07:17:16 734][libtiny.so 0x5333a4] [6f4a41b9] 0x405333a4: "ldr w15, [x19, #0x148]" ; mem[READ] abs=0xbfff90e8 x19=0xbfff8fa0 => w15=0x2200
[07:17:16 734][libtiny.so 0x5333a8] [649e40f9] 0x405333a8: "ldr x4, [x19, #0x138]" ; mem[READ] abs=0xbfff90d8 x19=0xbfff8fa0 => x4=0x2c
[07:17:16 734][libtiny.so 0x5333ac] [ce010f2a] 0x405333ac: "orr w14, w14, w15" w14=0x3a220000 w15=0x2200 => w14=0x3a222200
[07:17:16 734][libtiny.so 0x5333b0] [840440b2] 0x405333b0: "orr x4, x4, #3" x4=0x2c => x4=0x2f
[07:17:16 734][libtiny.so 0x5333b4] [24686438] 0x405333b4: "ldrb w4, [x1, x4]" ; mem[READ] abs=0x40b3026f x1=0x40b30240 x4=0x2f => w4=0x2c
[07:17:16 734][libtiny.so 0x5333b8] [659a40f9] 0x405333b8: "ldr x5, [x19, #0x130]" ; mem[READ] abs=0xbfff90d0 x19=0xbfff8fa0 => x5=0xb
[07:17:16 734][libtiny.so 0x5333bc] [6f821191] 0x405333bc: "add x15, x19, #0x460" x19=0xbfff8fa0 => x15=0xbfff9400
[07:17:16 734][libtiny.so 0x5333c0] [ce01042a] 0x405333c0: "orr w14, w14, w4" w14=0x3a222200 w4=0x2c => w14=0x3a22222c
[07:17:16 734][libtiny.so 0x5333c4] [ee7925b8] 0x405333c4: "str w14, [x15, x5, lsl #2]" ; mem[WRITE] abs=0xbfff942c w14=0x3a22222c x15=0xbfff9400 x5=0xb => w14=0x3a22222c
[07:17:16 734][libtiny.so 0x5333c8] [6e9a40f9] 0x405333c8: "ldr x14, [x19, #0x130]" ; mem[READ] abs=0xbfff90d0 x19=0xbfff8fa0 => x14=0xb
[07:17:16 734][libtiny.so 0x5333cc] [848a8e52] 0x405333cc: "movz w4, #0x7454" w4=0x2c => w4=0x7454
[07:17:16 734][libtiny.so 0x5333d0] [050000b0] 0x405333d0: "adrp x5, #0x40534000" => x5=0x40534000
[07:17:16 734][libtiny.so 0x5333d4] [647ca072] 0x405333d4: "movk w4, #0x3e3, lsl #16" w4=0x7454 => w4=0x3e37454
[07:17:16 734][libtiny.so 0x5333d8] [ce050091] 0x405333d8: "add x14, x14, #1" x14=0xb => x14=0xc
[07:17:16 734][libtiny.so 0x5333dc] [df4100f1] 0x405333dc: "cmp x14, #0x10" => nzcv=0x80000000 x14=0xc
[07:17:16 734][libtiny.so 0x5333e0] [ef179f1a] 0x405333e0: "cset w15, eq" nzcv=0x18080000000 => w15=0x0
[07:17:16 734][libtiny.so 0x5333e4] [6f3e0539] 0x405333e4: "strb w15, [x19, #0x14f]" ; mem[WRITE] abs=0xbfff90ef w15=0x0 x19=0xbfff8fa0 => w15=0x0
[07:17:16 734][libtiny.so 0x5333e8] [6f4a40f9] 0x405333e8: "ldr x15, [x19, #0x90]" ; mem[READ] abs=0xbfff9030 x19=0xbfff8fa0 => x15=0xbfff8f90
[07:17:16 734][libtiny.so 0x5333ec] [a5101491] 0x405333ec: "add x5, x5, #0x504" x5=0x40534000 => x5=0x40534504
[07:17:16 734][libtiny.so 0x5333f0] [b700048b] 0x405333f0: "add x23, x5, x4" x5=0x40534504 x4=0x3e37454 => x23=0x4436b958
[07:17:16 734][libtiny.so 0x5333f4] [844e8a52] 0x405333f4: "movz w4, #0x5274" w4=0x3e37454 => w4=0x5274
[07:17:16 734][libtiny.so 0x5333f8] [ee0100f9] 0x405333f8: "str x14, [x15]" ; mem[WRITE] abs=0xbfff8f90 x14=0xc x15=0xbfff8f90 => x14=0xc
[07:17:16 734][libtiny.so 0x5333fc] [6ee147f9] 0x405333fc: "ldr x14, [x11, #0xfc0]" ; mem[READ] abs=0x40755fc0 x11=0x40755000 => x14=0x4451623c
[07:17:16 734][libtiny.so 0x533400] [af00174b] 0x40533400: "sub w15, w5, w23" w5=0x40534504 w23=0x4436b958 => w15=0xfc1c8bac
[07:17:16 734][libtiny.so 0x533404] [a4fcbf72] 0x40533404: "movk w4, #0xffe5, lsl #16" w4=0x5274 => w4=0xffe55274
[07:17:16 734][libtiny.so 0x533408] [ef01040b] 0x40533408: "add w15, w15, w4" w15=0xfc1c8bac w4=0xffe55274 => w15=0xfc01de20
[07:17:16 734][libtiny.so 0x53340c] [cec12f8b] 0x4053340c: "add x14, x14, w15, sxtw" x14=0x4451623c w15=0xfc01de20 => x14=0x4053405c
[07:17:16 734][libtiny.so 0x533410] [c0011fd6] 0x40533410: "br x14" x14=0x4053405c
[07:17:16 734][libtiny.so 0x53405c] [6e8a8e92] 0x4053405c: "movn x14, #0x7453" x14=0x4053405c => x14=0xffffffffffff8bac
[07:17:16 734][libtiny.so 0x534060] [8e83bff2] 0x40534060: "movk x14, #0xfc1c, lsl #16" x14=0xffffffffffff8bac => x14=0xfffffffffc1c8bac
[07:17:16 734][libtiny.so 0x534064] [ee020e8b] 0x40534064: "add x14, x23, x14" x23=0x4436b958 x14=0xfffffffffc1c8bac => x14=0x40534504
[07:17:16 734][libtiny.so 0x534068] [c0011fd6] 0x40534068: "br x14" x14=0x40534504
[07:17:16 734][libtiny.so 0x534504] [6e4e40f9] 0x40534504: "ldr x14, [x19, #0x98]" ; mem[READ] abs=0xbfff9038 x19=0xbfff8fa0 => x14=0xbfff8f80
[07:17:16 734][libtiny.so 0x534508] [2f008052] 0x40534508: "movz w15, #0x1" w15=0xfc01de20 => w15=0x1
[07:17:16 734][libtiny.so 0x53450c] [04f69952] 0x4053450c: "movz w4, #0xcfb0" w4=0xffe55274 => w4=0xcfb0
[07:17:16 734][libtiny.so 0x534510] [05000090] 0x40534510: "adrp x5, #0x40534000" => x5=0x40534000
[07:17:16 734][libtiny.so 0x534514] [cf010039] 0x40534514: "strb w15, [x14]" ; mem[WRITE] abs=0xbfff8f80 w15=0x1 x14=0xbfff8f80 => w15=0x1
[07:17:16 734][libtiny.so 0x534518] [6e5240f9] 0x40534518: "ldr x14, [x19, #0xa0]" ; mem[READ] abs=0xbfff9040 x19=0xbfff8fa0 => x14=0xbfff8f70
[07:17:16 734][libtiny.so 0x53451c] [081100b0] 0x4053451c: "adrp x8, #0x40755000" => x8=0x40755000
[07:17:16 734][libtiny.so 0x534520] [84eaa072] 0x40534520: "movk w4, #0x754, lsl #16" w4=0xcfb0 => w4=0x754cfb0
[07:17:16 734][libtiny.so 0x534524] [a5400891] 0x40534524: "add x5, x5, #0x210" x5=0x40534000 => x5=0x40534210
[07:17:16 734][libtiny.so 0x534528] [df0100f9] 0x40534528: "str xzr, [x14]" ; mem[WRITE] abs=0xbfff8f70 x14=0xbfff8f70
[07:17:16 734][libtiny.so 0x53452c] [6e4e40b9] 0x4053452c: "ldr w14, [x19, #0x4c]" ; mem[READ] abs=0xbfff8fec x19=0xbfff8fa0 => w14=0xa54ff53a
[07:17:16 734][libtiny.so 0x534530] [6f5640f9] 0x40534530: "ldr x15, [x19, #0xa8]" ; mem[READ] abs=0xbfff9048 x19=0xbfff8fa0 => x15=0xbfff8f60
[07:17:16 734][libtiny.so 0x534534] [b700048b] 0x40534534: "add x23, x5, x4" x5=0x40534210 x4=0x754cfb0 => x23=0x47a811c0
[07:17:16 734][libtiny.so 0x534538] [84ed8a52] 0x40534538: "movz w4, #0x576c" w4=0x754cfb0 => w4=0x576c
[07:17:16 734][libtiny.so 0x53453c] [8475a072] 0x4053453c: "movk w4, #0x3ac, lsl #16" w4=0x576c => w4=0x3ac576c
[07:17:16 734][libtiny.so 0x534540] [ee0100b9] 0x40534540: "str w14, [x15]" ; mem[WRITE] abs=0xbfff8f60 w14=0xa54ff53a x15=0xbfff8f60 => w14=0xa54ff53a
[07:17:16 734][libtiny.so 0x534544] [6e3e40b9] 0x40534544: "ldr w14, [x19, #0x3c]" ; mem[READ] abs=0xbfff8fdc x19=0xbfff8fa0 => w14=0x3c6ef372
[07:17:16 734][libtiny.so 0x534548] [6f5a40f9] 0x40534548: "ldr x15, [x19, #0xb0]" ; mem[READ] abs=0xbfff9050 x19=0xbfff8fa0 => x15=0xbfff8f50
[07:17:16 734][libtiny.so 0x53454c] [ee0100b9] 0x4053454c: "str w14, [x15]" ; mem[WRITE] abs=0xbfff8f50 w14=0x3c6ef372 x15=0xbfff8f50 => w14=0x3c6ef372
[07:17:16 735][libtiny.so 0x534550] [6e2e40b9] 0x40534550: "ldr w14, [x19, #0x2c]" ; mem[READ] abs=0xbfff8fcc x19=0xbfff8fa0 => w14=0xbb67ae85
[07:17:16 735][libtiny.so 0x534554] [6f5e40f9] 0x40534554: "ldr x15, [x19, #0xb8]" ; mem[READ] abs=0xbfff9058 x19=0xbfff8fa0 => x15=0xbfff8f40
[07:17:16 735][libtiny.so 0x534558] [ee0100b9] 0x40534558: "str w14, [x15]" ; mem[WRITE] abs=0xbfff8f40 w14=0xbb67ae85 x15=0xbfff8f40 => w14=0xbb67ae85
[07:17:16 735][libtiny.so 0x53455c] [0eed47f9] 0x4053455c: "ldr x14, [x8, #0xfd8]" ; mem[READ] abs=0x40755fd8 x8=0x40755000 => x14=0x43fbbdb4
[07:17:16 735][libtiny.so 0x534560] [af00174b] 0x40534560: "sub w15, w5, w23" w5=0x40534210 w23=0x47a811c0 => w15=0xf8ab3050
[07:17:16 735][libtiny.so 0x534564] [ef01040b] 0x40534564: "add w15, w15, w4" w15=0xf8ab3050 w4=0x3ac576c => w15=0xfc5787bc
[07:17:16 735][libtiny.so 0x534568] [cec12f8b] 0x40534568: "add x14, x14, w15, sxtw" x14=0x43fbbdb4 w15=0xfc5787bc => x14=0x40534570
[07:17:16 735][libtiny.so 0x53456c] [c0011fd6] 0x4053456c: "br x14" x14=0x40534570
[07:17:16 735][libtiny.so 0x534570] [0e1100b0] 0x40534570: "adrp x14, #0x40755000" => x14=0x40755000
[07:17:16 735][libtiny.so 0x534574] [cee947f9] 0x40534574: "ldr x14, [x14, #0xfd0]" ; mem[READ] abs=0x40755fd0 x14=0x40755000 => x14=0x4389d014
[07:17:16 735][libtiny.so 0x534578] [64c29192] 0x40534578: "movn x4, #0x8e13" x4=0x3ac576c => x4=0xffffffffffff71ec
[07:17:16 735][libtiny.so 0x53457c] [ef7a9a92] 0x4053457c: "movn x15, #0xd3d7" x15=0xfc5787bc => x15=0xffffffffffff2c28
[07:17:16 735][libtiny.so 0x534580] [2499bff2] 0x40534580: "movk x4, #0xfcc9, lsl #16" x4=0xffffffffffff71ec => x4=0xfffffffffcc971ec
[07:17:16 735][libtiny.so 0x534584] [0f8fbff2] 0x40534584: "movk x15, #0xfc78, lsl #16" x15=0xffffffffffff2c28 => x15=0xfffffffffc782c28
[07:17:16 735][libtiny.so 0x534588] [ce01048b] 0x40534588: "add x14, x14, x4" x14=0x4389d014 x4=0xfffffffffcc971ec => x14=0x40534200
[07:17:16 735][libtiny.so 0x53458c] [f7020f8b] 0x4053458c: "add x23, x23, x15" x23=0x47a811c0 x15=0xfffffffffc782c28 => x23=0x44203de8
[07:17:16 735][libtiny.so 0x534590] [c0011fd6] 0x40534590: "br x14" x14=0x40534200
[07:17:16 735][libtiny.so 0x534200] [ee7a9f92] 0x40534200: "movn x14, #0xfbd7" x14=0x40534200 => x14=0xffffffffffff0428
[07:17:16 735][libtiny.so 0x534204] [6e86bff2] 0x40534204: "movk x14, #0xfc33, lsl #16" x14=0xffffffffffff0428 => x14=0xfffffffffc330428
[07:17:16 735][libtiny.so 0x534208] [ee020e8b] 0x40534208: "add x14, x23, x14" x23=0x44203de8 x14=0xfffffffffc330428 => x14=0x40534210
[07:17:16 735][libtiny.so 0x53420c] [c0011fd6] 0x4053420c: "br x14" x14=0x40534210
[07:17:16 735][libtiny.so 0x534210] [6e1e40b9] 0x40534210: "ldr w14, [x19, #0x1c]" ; mem[READ] abs=0xbfff8fbc x19=0xbfff8fa0 => w14=0x6a09e667
[07:17:16 735][libtiny.so 0x534214] [6f6240f9] 0x40534214: "ldr x15, [x19, #0xc0]" ; mem[READ] abs=0xbfff9060 x19=0xbfff8fa0 => x15=0xbfff8f30
[07:17:16 735][libtiny.so 0x534218] [046e8552] 0x40534218: "movz w4, #0x2b70" w4=0xfcc971ec => w4=0x2b70
[07:17:16 735][libtiny.so 0x53421c] [85439a52] 0x4053421c: "movz w5, #0xd21c" w5=0x40534210 => w5=0xd21c
[07:17:16 735][libtiny.so 0x534220] [f6fffff0] 0x40534220: "adrp x22, #0x40533000" => x22=0x40533000
[07:17:16 735][libtiny.so 0x534224] [ee0100b9] 0x40534224: "str w14, [x15]" ; mem[WRITE] abs=0xbfff8f30 w14=0x6a09e667 x15=0xbfff8f30 => w14=0x6a09e667
[07:17:16 735][libtiny.so 0x534228] [6e6e40b9] 0x40534228: "ldr w14, [x19, #0x6c]" ; mem[READ] abs=0xbfff900c x19=0xbfff8fa0 => w14=0x9b05688c
[07:17:16 735][libtiny.so 0x53422c] [6f6640f9] 0x4053422c: "ldr x15, [x19, #0xc8]" ; mem[READ] abs=0xbfff9068 x19=0xbfff8fa0 => x15=0xbfff8f20
[07:17:16 735][libtiny.so 0x534230] [e4dca072] 0x40534230: "movk w4, #0x6e7, lsl #16" w4=0x2b70 => w4=0x6e72b70
[07:17:16 735][libtiny.so 0x534234] [a57da072] 0x40534234: "movk w5, #0x3ed, lsl #16" w5=0xd21c => w5=0x3edd21c
[07:17:16 735][libtiny.so 0x534238] [d6d23c91] 0x40534238: "add x22, x22, #0xf34" x22=0x40533000 => x22=0x40533f34
[07:17:16 735][libtiny.so 0x53423c] [ee0100b9] 0x4053423c: "str w14, [x15]" ; mem[WRITE] abs=0xbfff8f20 w14=0x9b05688c x15=0xbfff8f20 => w14=0x9b05688c
[07:17:16 735][libtiny.so 0x534240] [6e7e40b9] 0x40534240: "ldr w14, [x19, #0x7c]" ; mem[READ] abs=0xbfff901c x19=0xbfff8fa0 => w14=0x1f83d9ab
[07:17:16 735][libtiny.so 0x534244] [6f6a40f9] 0x40534244: "ldr x15, [x19, #0xd0]" ; mem[READ] abs=0xbfff9070 x19=0xbfff8fa0 => x15=0xbfff8f10
[07:17:16 735][libtiny.so 0x534248] [a402048b] 0x40534248: "add x4, x21, x4" x21=0x40533314 x4=0x6e72b70 => x4=0x473a5e84
[07:17:16 735][libtiny.so 0x53424c] [c502058b] 0x4053424c: "add x5, x22, x5" x22=0x40533f34 x5=0x3edd21c => x5=0x44411150
[07:17:16 735][libtiny.so 0x534250] [081100b0] 0x40534250: "adrp x8, #0x40755000" => x8=0x40755000
[07:17:16 735][libtiny.so 0x534254] [ee0100b9] 0x40534254: "str w14, [x15]" ; mem[WRITE] abs=0xbfff8f10 w14=0x1f83d9ab x15=0xbfff8f10 => w14=0x1f83d9ab
[07:17:16 735][libtiny.so 0x534258] [6e5e40b9] 0x40534258: "ldr w14, [x19, #0x5c]" ; mem[READ] abs=0xbfff8ffc x19=0xbfff8fa0 => w14=0x510e527f
[07:17:16 735][libtiny.so 0x53425c] [6f6e40f9] 0x4053425c: "ldr x15, [x19, #0xd8]" ; mem[READ] abs=0xbfff9078 x19=0xbfff8fa0 => x15=0xbfff8f00
[07:17:16 735][libtiny.so 0x534260] [08813d91] 0x40534260: "add x8, x8, #0xf60" x8=0x40755000 => x8=0x40755f60
[07:17:16 735][libtiny.so 0x534264] [ee0100b9] 0x40534264: "str w14, [x15]" ; mem[WRITE] abs=0xbfff8f00 w14=0x510e527f x15=0xbfff8f00 => w14=0x510e527f
[07:17:16 735][libtiny.so 0x534268] [6e8e40b9] 0x40534268: "ldr w14, [x19, #0x8c]" ; mem[READ] abs=0xbfff902c x19=0xbfff8fa0 => w14=0x5be0cd19
[07:17:16 735][libtiny.so 0x53426c] [6f7240f9] 0x4053426c: "ldr x15, [x19, #0xe0]" ; mem[READ] abs=0xbfff9080 x19=0xbfff8fa0 => x15=0xbfff8ef0
[07:17:16 735][libtiny.so 0x534270] [ee0100b9] 0x40534270: "str w14, [x15]" ; mem[WRITE] abs=0xbfff8ef0 w14=0x5be0cd19 x15=0xbfff8ef0 => w14=0x5be0cd19
[07:17:16 735][libtiny.so 0x534274] [6e3e4539] 0x40534274: "ldrb w14, [x19, #0x14f]" ; mem[READ] abs=0xbfff90ef x19=0xbfff8fa0 => w14=0x0
[07:17:16 735][libtiny.so 0x534278] [783e4539] 0x40534278: "ldrb w24, [x19, #0x14f]" ; mem[READ] abs=0xbfff90ef x19=0xbfff8fa0 => w24=0x0
[07:17:16 735][libtiny.so 0x53427c] [0f058052] 0x4053427c: "movz w15, #0x28" w15=0xbfff8ef0 => w15=0x28
[07:17:16 735][libtiny.so 0x534280] [df010071] 0x40534280: "cmp w14, #0" => nzcv=0x60000000 w14=0x0
[07:17:16 735][libtiny.so 0x534284] [6e3e4539] 0x40534284: "ldrb w14, [x19, #0x14f]" ; mem[READ] abs=0xbfff90ef x19=0xbfff8fa0 => w14=0x0
[07:17:16 735][libtiny.so 0x534288] [b710849a] 0x40534288: "csel x23, x5, x4, ne" nzcv=0x18060000000 x5=0x44411150 x4=0x473a5e84 => x23=0x473a5e84
[07:17:16 735][libtiny.so 0x53428c] [040a8052] 0x4053428c: "movz w4, #0x50" w4=0x473a5e84 => w4=0x50
[07:17:16 736][libtiny.so 0x534290] [df010071] 0x40534290: "cmp w14, #0" => nzcv=0x60000000 w14=0x0
[07:17:16 736][libtiny.so 0x534294] [8e819652] 0x40534294: "movz w14, #0xb40c" w14=0x0 => w14=0xb40c
[07:17:16 736][libtiny.so 0x534298] [8f108f9a] 0x40534298: "csel x15, x4, x15, ne" nzcv=0x18060000000 x4=0x50 x15=0x28 => x15=0x28
[07:17:16 736][libtiny.so 0x53429c] [04c68d52] 0x4053429c: "movz w4, #0x6e30" w4=0x50 => w4=0x6e30
[07:17:16 736][libtiny.so 0x5342a0] [8e70a072] 0x405342a0: "movk w14, #0x384, lsl #16" w14=0xb40c => w14=0x384b40c
[07:17:16 736][libtiny.so 0x5342a4] [44ffbf72] 0x405342a4: "movk w4, #0xfffa, lsl #16" w4=0x6e30 => w4=0xfffa6e30
[07:17:16 736][libtiny.so 0x5342a8] [0f696ff8] 0x405342a8: "ldr x15, [x8, x15]" ; mem[READ] abs=0x40755f88 x8=0x40755f60 x15=0x28 => x15=0x43b5b060
[07:17:16 736][libtiny.so 0x5342ac] [ae020e0b] 0x405342ac: "add w14, w21, w14" w21=0x40533314 w14=0x384b40c => w14=0x43d7e720
[07:17:16 736][libtiny.so 0x5342b0] [c402040b] 0x405342b0: "add w4, w22, w4" w22=0x40533f34 w4=0xfffa6e30 => w4=0x404dad64
[07:17:16 736][libtiny.so 0x5342b4] [1f030071] 0x405342b4: "cmp w24, #0" => nzcv=0x60000000 w24=0x0
[07:17:16 736][libtiny.so 0x5342b8] [8e108e1a] 0x405342b8: "csel w14, w4, w14, ne" nzcv=0x18060000000 w4=0x404dad64 w14=0x43d7e720 => w14=0x43d7e720
[07:17:16 736][libtiny.so 0x5342bc] [ce01174b] 0x405342bc: "sub w14, w14, w23" w14=0x43d7e720 w23=0x473a5e84 => w14=0xfc9d889c
[07:17:16 736][libtiny.so 0x5342c0] [eec12e8b] 0x405342c0: "add x14, x15, w14, sxtw" x15=0x43b5b060 w14=0xfc9d889c => x14=0x405338fc
[07:17:16 736][libtiny.so 0x5342c4] [c0011fd6] 0x405342c4: "br x14" x14=0x405338fc
[07:17:16 736][libtiny.so 0x5338fc] [cec047f9] 0x405338fc: "ldr x14, [x6, #0xf80]" ; mem[READ] abs=0x40755f80 x6=0x40755000 => x14=0x439a8ba0
[07:17:16 736][libtiny.so 0x533900] [e44f8b92] 0x40533900: "movn x4, #0x5a7f" x4=0x404dad64 => x4=0xffffffffffffa580
[07:17:16 736][libtiny.so 0x533904] [ef799192] 0x40533904: "movn x15, #0x8bcf" x15=0x43b5b060 => x15=0xffffffffffff7430
[07:17:16 736][libtiny.so 0x533908] [0497bff2] 0x40533908: "movk x4, #0xfcb8, lsl #16" x4=0xffffffffffffa580 => x4=0xfffffffffcb8a580
[07:17:16 736][libtiny.so 0x53390c] [af90bff2] 0x4053390c: "movk x15, #0xfc85, lsl #16" x15=0xffffffffffff7430 => x15=0xfffffffffc857430
[07:17:16 736][libtiny.so 0x533910] [ce01048b] 0x40533910: "add x14, x14, x4" x14=0x439a8ba0 x4=0xfffffffffcb8a580 => x14=0x40533120
[07:17:16 736][libtiny.so 0x533914] [f7020f8b] 0x40533914: "add x23, x23, x15" x23=0x473a5e84 x15=0xfffffffffc857430 => x23=0x43bfd2b4
[07:17:16 736][libtiny.so 0x533918] [c0011fd6] 0x40533918: "br x14" x14=0x40533120
[07:17:16 736][libtiny.so 0x533120] [eef39392] 0x40533120: "movn x14, #0x9f9f" x14=0x40533120 => x14=0xffffffffffff6060
[07:17:16 736][libtiny.so 0x533124] [6e92bff2] 0x40533124: "movk x14, #0xfc93, lsl #16" x14=0xffffffffffff6060 => x14=0xfffffffffc936060
[07:17:16 736][libtiny.so 0x533128] [ee020e8b] 0x40533128: "add x14, x23, x14" x23=0x43bfd2b4 x14=0xfffffffffc936060 => x14=0x40533314
[07:17:16 736][libtiny.so 0x53312c] [c0011fd6] 0x4053312c: "br x14" x14=0x40533314
[07:17:16 736][libtiny.so 0x533314] [6e4a40f9] 0x40533314: "ldr x14, [x19, #0x90]" ; mem[READ] abs=0xbfff9030 x19=0xbfff8fa0 => x14=0xbfff8f90
[07:17:16 736][libtiny.so 0x533318] [84448052] 0x40533318: "movz w4, #0x224" w4=0xfcb8a580 => w4=0x224
[07:17:16 736][libtiny.so 0x53331c] [c46ca072] 0x4053331c: "movk w4, #0x366, lsl #16" w4=0x224 => w4=0x3660224
[07:17:16 736][libtiny.so 0x533320] [05829252] 0x40533320: "movz w5, #0x9410" w5=0x44411150 => w5=0x9410
[07:17:16 736][libtiny.so 0x533324] [ce0140f9] 0x40533324: "ldr x14, [x14]" ; mem[READ] abs=0xbfff8f90 x14=0xbfff8f90 => x14=0xc
[07:17:16 736][libtiny.so 0x533328] [a502a072] 0x40533328: "movk w5, #0x15, lsl #16" w5=0x9410 => w5=0x159410
[07:17:16 736][libtiny.so 0x53332c] [6e9a00f9] 0x4053332c: "str x14, [x19, #0x130]" ; mem[WRITE] abs=0xbfff90d0 x14=0xc x19=0xbfff8fa0 => x14=0xc
[07:17:16 736][libtiny.so 0x533330] [6e9a40f9] 0x40533330: "ldr x14, [x19, #0x130]" ; mem[READ] abs=0xbfff90d0 x19=0xbfff8fa0 => x14=0xc
[07:17:16 736][libtiny.so 0x533334] [cef57ed3] 0x40533334: "lsl x14, x14, #2" x14=0xc => x14=0x30
[07:17:16 736][libtiny.so 0x533338] [6e9e00f9] 0x40533338: "str x14, [x19, #0x138]" ; mem[WRITE] abs=0xbfff90d8 x14=0x30 x19=0xbfff8fa0 => x14=0x30
[07:17:16 736][libtiny.so 0x53333c] [6e9e40f9] 0x4053333c: "ldr x14, [x19, #0x138]" ; mem[READ] abs=0xbfff90d8 x19=0xbfff8fa0 => x14=0x30
[07:17:16 736][libtiny.so 0x533340] [2e686e38] 0x40533340: "ldrb w14, [x1, x14]" ; mem[READ] abs=0x40b30270 x1=0x40b30240 x14=0x30 => w14=0x22
[07:17:16 736][libtiny.so 0x533344] [6f9e40f9] 0x40533344: "ldr x15, [x19, #0x138]" ; mem[READ] abs=0xbfff90d8 x19=0xbfff8fa0 => x15=0x30
[07:17:16 736][libtiny.so 0x533348] [ce1d0853] 0x40533348: "lsl w14, w14, #0x18" w14=0x22 => w14=0x22000000
[07:17:16 736][libtiny.so 0x53334c] [ef0140b2] 0x4053334c: "orr x15, x15, #1" x15=0x30 => x15=0x31
[07:17:16 736][libtiny.so 0x533350] [2f686f38] 0x40533350: "ldrb w15, [x1, x15]" ; mem[READ] abs=0x40b30271 x1=0x40b30240 x15=0x31 => w15=0x65
[07:17:16 736][libtiny.so 0x533354] [ee1d1033] 0x40533354: "bfi w14, w15, #0x10, #8" w14=0x22000000 w15=0x65 => w14=0x22650000
[07:17:16 736][libtiny.so 0x533358] [6e4601b9] 0x40533358: "str w14, [x19, #0x144]" ; mem[WRITE] abs=0xbfff90e4 w14=0x22650000 x19=0xbfff8fa0 => w14=0x22650000
[07:17:16 736][libtiny.so 0x53335c] [6e9e40f9] 0x4053335c: "ldr x14, [x19, #0x138]" ; mem[READ] abs=0xbfff90d8 x19=0xbfff8fa0 => x14=0x30
[07:17:16 736][libtiny.so 0x533360] [0f000090] 0x40533360: "adrp x15, #0x40533000" => x15=0x40533000
[07:17:16 736][libtiny.so 0x533364] [ef810e91] 0x40533364: "add x15, x15, #0x3a0" x15=0x40533000 => x15=0x405333a0
[07:17:16 736][libtiny.so 0x533368] [f701048b] 0x40533368: "add x23, x15, x4" x15=0x405333a0 x4=0x3660224 => x23=0x43b935c4
[07:17:16 736][libtiny.so 0x53336c] [ce017fb2] 0x4053336c: "orr x14, x14, #2" x14=0x30 => x14=0x32
[07:17:16 736][libtiny.so 0x533370] [24686e38] 0x40533370: "ldrb w4, [x1, x14]" ; mem[READ] abs=0x40b30272 x1=0x40b30240 x14=0x32 => w4=0x78
[07:17:16 736][libtiny.so 0x533374] [8ecb47f9] 0x40533374: "ldr x14, [x28, #0xf90]" ; mem[READ] abs=0x40755f90 x28=0x40755000 => x14=0x43a3a1a4
[07:17:16 736][libtiny.so 0x533378] [ef01174b] 0x40533378: "sub w15, w15, w23" w15=0x405333a0 w23=0x43b935c4 => w15=0xfc99fddc
[07:17:16 736][libtiny.so 0x53337c] [ef01050b] 0x4053337c: "add w15, w15, w5" w15=0xfc99fddc w5=0x159410 => w15=0xfcaf91ec
[07:17:16 736][libtiny.so 0x533380] [845c1853] 0x40533380: "lsl w4, w4, #8" w4=0x78 => w4=0x7800
[07:17:16 736][libtiny.so 0x533384] [cfc12f8b] 0x40533384: "add x15, x14, w15, sxtw" x14=0x43a3a1a4 w15=0xfcaf91ec => x15=0x40533390
[07:17:16 736][libtiny.so 0x533388] [644a01b9] 0x40533388: "str w4, [x19, #0x148]" ; mem[WRITE] abs=0xbfff90e8 w4=0x7800 x19=0xbfff8fa0 => w4=0x7800
[07:17:16 736][libtiny.so 0x53338c] [e0011fd6] 0x4053338c: "br x15" x15=0x40533390
[07:17:16 736][libtiny.so 0x533390] [6e448092] 0x40533390: "movn x14, #0x223" x14=0x43a3a1a4 => x14=0xfffffffffffffddc
[07:17:16 737][libtiny.so 0x533394] [2e93bff2] 0x40533394: "movk x14, #0xfc99, lsl #16" x14=0xfffffffffffffddc => x14=0xfffffffffc99fddc
[07:17:16 737][libtiny.so 0x533398] [ee020e8b] 0x40533398: "add x14, x23, x14" x23=0x43b935c4 x14=0xfffffffffc99fddc => x14=0x405333a0
[07:17:16 737][libtiny.so 0x53339c] [c0011fd6] 0x4053339c: "br x14" x14=0x405333a0
[07:17:16 737][libtiny.so 0x5333a0] [6e4641b9] 0x405333a0: "ldr w14, [x19, #0x144]" ; mem[READ] abs=0xbfff90e4 x19=0xbfff8fa0 => w14=0x22650000
[07:17:16 737][libtiny.so 0x5333a4] [6f4a41b9] 0x405333a4: "ldr w15, [x19, #0x148]" ; mem[READ] abs=0xbfff90e8 x19=0xbfff8fa0 => w15=0x7800
[07:17:16 737][libtiny.so 0x5333a8] [649e40f9] 0x405333a8: "ldr x4, [x19, #0x138]" ; mem[READ] abs=0xbfff90d8 x19=0xbfff8fa0 => x4=0x30
[07:17:16 737][libtiny.so 0x5333ac] [ce010f2a] 0x405333ac: "orr w14, w14, w15" w14=0x22650000 w15=0x7800 => w14=0x22657800
[07:17:16 737][libtiny.so 0x5333b0] [840440b2] 0x405333b0: "orr x4, x4, #3" x4=0x30 => x4=0x33
[07:17:16 737][libtiny.so 0x5333b4] [24686438] 0x405333b4: "ldrb w4, [x1, x4]" ; mem[READ] abs=0x40b30273 x1=0x40b30240 x4=0x33 => w4=0x74
[07:17:16 737][libtiny.so 0x5333b8] [659a40f9] 0x405333b8: "ldr x5, [x19, #0x130]" ; mem[READ] abs=0xbfff90d0 x19=0xbfff8fa0 => x5=0xc
[07:17:16 737][libtiny.so 0x5333bc] [6f821191] 0x405333bc: "add x15, x19, #0x460" x19=0xbfff8fa0 => x15=0xbfff9400
[07:17:16 737][libtiny.so 0x5333c0] [ce01042a] 0x405333c0: "orr w14, w14, w4" w14=0x22657800 w4=0x74 => w14=0x22657874
[07:17:16 737][libtiny.so 0x5333c4] [ee7925b8] 0x405333c4: "str w14, [x15, x5, lsl #2]" ; mem[WRITE] abs=0xbfff9430 w14=0x22657874 x15=0xbfff9400 x5=0xc => w14=0x22657874
[07:17:16 737][libtiny.so 0x5333c8] [6e9a40f9] 0x405333c8: "ldr x14, [x19, #0x130]" ; mem[READ] abs=0xbfff90d0 x19=0xbfff8fa0 => x14=0xc
[07:17:16 737][libtiny.so 0x5333cc] [848a8e52] 0x405333cc: "movz w4, #0x7454" w4=0x74 => w4=0x7454
[07:17:16 737][libtiny.so 0x5333d0] [050000b0] 0x405333d0: "adrp x5, #0x40534000" => x5=0x40534000
[07:17:16 737][libtiny.so 0x5333d4] [647ca072] 0x405333d4: "movk w4, #0x3e3, lsl #16" w4=0x7454 => w4=0x3e37454
[07:17:16 737][libtiny.so 0x5333d8] [ce050091] 0x405333d8: "add x14, x14, #1" x14=0xc => x14=0xd
[07:17:16 737][libtiny.so 0x5333dc] [df4100f1] 0x405333dc: "cmp x14, #0x10" => nzcv=0x80000000 x14=0xd
[07:17:16 737][libtiny.so 0x5333e0] [ef179f1a] 0x405333e0: "cset w15, eq" nzcv=0x18080000000 => w15=0x0
[07:17:16 737][libtiny.so 0x5333e4] [6f3e0539] 0x405333e4: "strb w15, [x19, #0x14f]" ; mem[WRITE] abs=0xbfff90ef w15=0x0 x19=0xbfff8fa0 => w15=0x0
[07:17:16 737][libtiny.so 0x5333e8] [6f4a40f9] 0x405333e8: "ldr x15, [x19, #0x90]" ; mem[READ] abs=0xbfff9030 x19=0xbfff8fa0 => x15=0xbfff8f90
[07:17:16 737][libtiny.so 0x5333ec] [a5101491] 0x405333ec: "add x5, x5, #0x504" x5=0x40534000 => x5=0x40534504
[07:17:16 737][libtiny.so 0x5333f0] [b700048b] 0x405333f0: "add x23, x5, x4" x5=0x40534504 x4=0x3e37454 => x23=0x4436b958
[07:17:16 737][libtiny.so 0x5333f4] [844e8a52] 0x405333f4: "movz w4, #0x5274" w4=0x3e37454 => w4=0x5274
[07:17:16 737][libtiny.so 0x5333f8] [ee0100f9] 0x405333f8: "str x14, [x15]" ; mem[WRITE] abs=0xbfff8f90 x14=0xd x15=0xbfff8f90 => x14=0xd
[07:17:16 737][libtiny.so 0x5333fc] [6ee147f9] 0x405333fc: "ldr x14, [x11, #0xfc0]" ; mem[READ] abs=0x40755fc0 x11=0x40755000 => x14=0x4451623c
[07:17:16 737][libtiny.so 0x533400] [af00174b] 0x40533400: "sub w15, w5, w23" w5=0x40534504 w23=0x4436b958 => w15=0xfc1c8bac
[07:17:16 737][libtiny.so 0x533404] [a4fcbf72] 0x40533404: "movk w4, #0xffe5, lsl #16" w4=0x5274 => w4=0xffe55274
[07:17:16 737][libtiny.so 0x533408] [ef01040b] 0x40533408: "add w15, w15, w4" w15=0xfc1c8bac w4=0xffe55274 => w15=0xfc01de20
[07:17:16 737][libtiny.so 0x53340c] [cec12f8b] 0x4053340c: "add x14, x14, w15, sxtw" x14=0x4451623c w15=0xfc01de20 => x14=0x4053405c
[07:17:16 737][libtiny.so 0x533410] [c0011fd6] 0x40533410: "br x14" x14=0x4053405c
[07:17:16 737][libtiny.so 0x53405c] [6e8a8e92] 0x4053405c: "movn x14, #0x7453" x14=0x4053405c => x14=0xffffffffffff8bac
[07:17:16 737][libtiny.so 0x534060] [8e83bff2] 0x40534060: "movk x14, #0xfc1c, lsl #16" x14=0xffffffffffff8bac => x14=0xfffffffffc1c8bac
[07:17:16 737][libtiny.so 0x534064] [ee020e8b] 0x40534064: "add x14, x23, x14" x23=0x4436b958 x14=0xfffffffffc1c8bac => x14=0x40534504
[07:17:16 737][libtiny.so 0x534068] [c0011fd6] 0x40534068: "br x14" x14=0x40534504
[07:17:16 737][libtiny.so 0x534504] [6e4e40f9] 0x40534504: "ldr x14, [x19, #0x98]" ; mem[READ] abs=0xbfff9038 x19=0xbfff8fa0 => x14=0xbfff8f80
[07:17:16 737][libtiny.so 0x534508] [2f008052] 0x40534508: "movz w15, #0x1" w15=0xfc01de20 => w15=0x1
[07:17:16 737][libtiny.so 0x53450c] [04f69952] 0x4053450c: "movz w4, #0xcfb0" w4=0xffe55274 => w4=0xcfb0
[07:17:16 737][libtiny.so 0x534510] [05000090] 0x40534510: "adrp x5, #0x40534000" => x5=0x40534000
[07:17:16 737][libtiny.so 0x534514] [cf010039] 0x40534514: "strb w15, [x14]" ; mem[WRITE] abs=0xbfff8f80 w15=0x1 x14=0xbfff8f80 => w15=0x1
[07:17:16 737][libtiny.so 0x534518] [6e5240f9] 0x40534518: "ldr x14, [x19, #0xa0]" ; mem[READ] abs=0xbfff9040 x19=0xbfff8fa0 => x14=0xbfff8f70
[07:17:16 737][libtiny.so 0x53451c] [081100b0] 0x4053451c: "adrp x8, #0x40755000" => x8=0x40755000
[07:17:16 737][libtiny.so 0x534520] [84eaa072] 0x40534520: "movk w4, #0x754, lsl #16" w4=0xcfb0 => w4=0x754cfb0
[07:17:16 737][libtiny.so 0x534524] [a5400891] 0x40534524: "add x5, x5, #0x210" x5=0x40534000 => x5=0x40534210
[07:17:16 737][libtiny.so 0x534528] [df0100f9] 0x40534528: "str xzr, [x14]" ; mem[WRITE] abs=0xbfff8f70 x14=0xbfff8f70
[07:17:16 737][libtiny.so 0x53452c] [6e4e40b9] 0x4053452c: "ldr w14, [x19, #0x4c]" ; mem[READ] abs=0xbfff8fec x19=0xbfff8fa0 => w14=0xa54ff53a
[07:17:16 737][libtiny.so 0x534530] [6f5640f9] 0x40534530: "ldr x15, [x19, #0xa8]" ; mem[READ] abs=0xbfff9048 x19=0xbfff8fa0 => x15=0xbfff8f60
[07:17:16 737][libtiny.so 0x534534] [b700048b] 0x40534534: "add x23, x5, x4" x5=0x40534210 x4=0x754cfb0 => x23=0x47a811c0
[07:17:16 737][libtiny.so 0x534538] [84ed8a52] 0x40534538: "movz w4, #0x576c" w4=0x754cfb0 => w4=0x576c
[07:17:16 737][libtiny.so 0x53453c] [8475a072] 0x4053453c: "movk w4, #0x3ac, lsl #16" w4=0x576c => w4=0x3ac576c
[07:17:16 737][libtiny.so 0x534540] [ee0100b9] 0x40534540: "str w14, [x15]" ; mem[WRITE] abs=0xbfff8f60 w14=0xa54ff53a x15=0xbfff8f60 => w14=0xa54ff53a
[07:17:16 737][libtiny.so 0x534544] [6e3e40b9] 0x40534544: "ldr w14, [x19, #0x3c]" ; mem[READ] abs=0xbfff8fdc x19=0xbfff8fa0 => w14=0x3c6ef372
[07:17:16 737][libtiny.so 0x534548] [6f5a40f9] 0x40534548: "ldr x15, [x19, #0xb0]" ; mem[READ] abs=0xbfff9050 x19=0xbfff8fa0 => x15=0xbfff8f50
[07:17:16 737][libtiny.so 0x53454c] [ee0100b9] 0x4053454c: "str w14, [x15]" ; mem[WRITE] abs=0xbfff8f50 w14=0x3c6ef372 x15=0xbfff8f50 => w14=0x3c6ef372
[07:17:16 738][libtiny.so 0x534550] [6e2e40b9] 0x40534550: "ldr w14, [x19, #0x2c]" ; mem[READ] abs=0xbfff8fcc x19=0xbfff8fa0 => w14=0xbb67ae85
[07:17:16 738][libtiny.so 0x534554] [6f5e40f9] 0x40534554: "ldr x15, [x19, #0xb8]" ; mem[READ] abs=0xbfff9058 x19=0xbfff8fa0 => x15=0xbfff8f40
[07:17:16 738][libtiny.so 0x534558] [ee0100b9] 0x40534558: "str w14, [x15]" ; mem[WRITE] abs=0xbfff8f40 w14=0xbb67ae85 x15=0xbfff8f40 => w14=0xbb67ae85
[07:17:16 738][libtiny.so 0x53455c] [0eed47f9] 0x4053455c: "ldr x14, [x8, #0xfd8]" ; mem[READ] abs=0x40755fd8 x8=0x40755000 => x14=0x43fbbdb4
[07:17:16 738][libtiny.so 0x534560] [af00174b] 0x40534560: "sub w15, w5, w23" w5=0x40534210 w23=0x47a811c0 => w15=0xf8ab3050
[07:17:16 738][libtiny.so 0x534564] [ef01040b] 0x40534564: "add w15, w15, w4" w15=0xf8ab3050 w4=0x3ac576c => w15=0xfc5787bc
[07:17:16 738][libtiny.so 0x534568] [cec12f8b] 0x40534568: "add x14, x14, w15, sxtw" x14=0x43fbbdb4 w15=0xfc5787bc => x14=0x40534570
[07:17:16 738][libtiny.so 0x53456c] [c0011fd6] 0x4053456c: "br x14" x14=0x40534570
[07:17:16 738][libtiny.so 0x534570] [0e1100b0] 0x40534570: "adrp x14, #0x40755000" => x14=0x40755000
[07:17:16 738][libtiny.so 0x534574] [cee947f9] 0x40534574: "ldr x14, [x14, #0xfd0]" ; mem[READ] abs=0x40755fd0 x14=0x40755000 => x14=0x4389d014
[07:17:16 738][libtiny.so 0x534578] [64c29192] 0x40534578: "movn x4, #0x8e13" x4=0x3ac576c => x4=0xffffffffffff71ec
[07:17:16 738][libtiny.so 0x53457c] [ef7a9a92] 0x4053457c: "movn x15, #0xd3d7" x15=0xfc5787bc => x15=0xffffffffffff2c28
[07:17:16 738][libtiny.so 0x534580] [2499bff2] 0x40534580: "movk x4, #0xfcc9, lsl #16" x4=0xffffffffffff71ec => x4=0xfffffffffcc971ec
[07:17:16 738][libtiny.so 0x534584] [0f8fbff2] 0x40534584: "movk x15, #0xfc78, lsl #16" x15=0xffffffffffff2c28 => x15=0xfffffffffc782c28
[07:17:16 738][libtiny.so 0x534588] [ce01048b] 0x40534588: "add x14, x14, x4" x14=0x4389d014 x4=0xfffffffffcc971ec => x14=0x40534200
[07:17:16 738][libtiny.so 0x53458c] [f7020f8b] 0x4053458c: "add x23, x23, x15" x23=0x47a811c0 x15=0xfffffffffc782c28 => x23=0x44203de8
[07:17:16 738][libtiny.so 0x534590] [c0011fd6] 0x40534590: "br x14" x14=0x40534200
[07:17:16 738][libtiny.so 0x534200] [ee7a9f92] 0x40534200: "movn x14, #0xfbd7" x14=0x40534200 => x14=0xffffffffffff0428
[07:17:16 738][libtiny.so 0x534204] [6e86bff2] 0x40534204: "movk x14, #0xfc33, lsl #16" x14=0xffffffffffff0428 => x14=0xfffffffffc330428
[07:17:16 738][libtiny.so 0x534208] [ee020e8b] 0x40534208: "add x14, x23, x14" x23=0x44203de8 x14=0xfffffffffc330428 => x14=0x40534210
[07:17:16 738][libtiny.so 0x53420c] [c0011fd6] 0x4053420c: "br x14" x14=0x40534210
[07:17:16 738][libtiny.so 0x534210] [6e1e40b9] 0x40534210: "ldr w14, [x19, #0x1c]" ; mem[READ] abs=0xbfff8fbc x19=0xbfff8fa0 => w14=0x6a09e667
[07:17:16 738][libtiny.so 0x534214] [6f6240f9] 0x40534214: "ldr x15, [x19, #0xc0]" ; mem[READ] abs=0xbfff9060 x19=0xbfff8fa0 => x15=0xbfff8f30
[07:17:16 738][libtiny.so 0x534218] [046e8552] 0x40534218: "movz w4, #0x2b70" w4=0xfcc971ec => w4=0x2b70
[07:17:16 738][libtiny.so 0x53421c] [85439a52] 0x4053421c: "movz w5, #0xd21c" w5=0x40534210 => w5=0xd21c
[07:17:16 738][libtiny.so 0x534220] [f6fffff0] 0x40534220: "adrp x22, #0x40533000" => x22=0x40533000
[07:17:16 738][libtiny.so 0x534224] [ee0100b9] 0x40534224: "str w14, [x15]" ; mem[WRITE] abs=0xbfff8f30 w14=0x6a09e667 x15=0xbfff8f30 => w14=0x6a09e667
[07:17:16 738][libtiny.so 0x534228] [6e6e40b9] 0x40534228: "ldr w14, [x19, #0x6c]" ; mem[READ] abs=0xbfff900c x19=0xbfff8fa0 => w14=0x9b05688c
[07:17:16 738][libtiny.so 0x53422c] [6f6640f9] 0x4053422c: "ldr x15, [x19, #0xc8]" ; mem[READ] abs=0xbfff9068 x19=0xbfff8fa0 => x15=0xbfff8f20
[07:17:16 738][libtiny.so 0x534230] [e4dca072] 0x40534230: "movk w4, #0x6e7, lsl #16" w4=0x2b70 => w4=0x6e72b70
[07:17:16 738][libtiny.so 0x534234] [a57da072] 0x40534234: "movk w5, #0x3ed, lsl #16" w5=0xd21c => w5=0x3edd21c
[07:17:16 738][libtiny.so 0x534238] [d6d23c91] 0x40534238: "add x22, x22, #0xf34" x22=0x40533000 => x22=0x40533f34
[07:17:16 738][libtiny.so 0x53423c] [ee0100b9] 0x4053423c: "str w14, [x15]" ; mem[WRITE] abs=0xbfff8f20 w14=0x9b05688c x15=0xbfff8f20 => w14=0x9b05688c
[07:17:16 738][libtiny.so 0x534240] [6e7e40b9] 0x40534240: "ldr w14, [x19, #0x7c]" ; mem[READ] abs=0xbfff901c x19=0xbfff8fa0 => w14=0x1f83d9ab
[07:17:16 738][libtiny.so 0x534244] [6f6a40f9] 0x40534244: "ldr x15, [x19, #0xd0]" ; mem[READ] abs=0xbfff9070 x19=0xbfff8fa0 => x15=0xbfff8f10
[07:17:16 738][libtiny.so 0x534248] [a402048b] 0x40534248: "add x4, x21, x4" x21=0x40533314 x4=0x6e72b70 => x4=0x473a5e84
[07:17:16 738][libtiny.so 0x53424c] [c502058b] 0x4053424c: "add x5, x22, x5" x22=0x40533f34 x5=0x3edd21c => x5=0x44411150
[07:17:16 738][libtiny.so 0x534250] [081100b0] 0x40534250: "adrp x8, #0x40755000" => x8=0x40755000
[07:17:16 738][libtiny.so 0x534254] [ee0100b9] 0x40534254: "str w14, [x15]" ; mem[WRITE] abs=0xbfff8f10 w14=0x1f83d9ab x15=0xbfff8f10 => w14=0x1f83d9ab
[07:17:16 738][libtiny.so 0x534258] [6e5e40b9] 0x40534258: "ldr w14, [x19, #0x5c]" ; mem[READ] abs=0xbfff8ffc x19=0xbfff8fa0 => w14=0x510e527f
[07:17:16 738][libtiny.so 0x53425c] [6f6e40f9] 0x4053425c: "ldr x15, [x19, #0xd8]" ; mem[READ] abs=0xbfff9078 x19=0xbfff8fa0 => x15=0xbfff8f00
[07:17:16 738][libtiny.so 0x534260] [08813d91] 0x40534260: "add x8, x8, #0xf60" x8=0x40755000 => x8=0x40755f60
[07:17:16 738][libtiny.so 0x534264] [ee0100b9] 0x40534264: "str w14, [x15]" ; mem[WRITE] abs=0xbfff8f00 w14=0x510e527f x15=0xbfff8f00 => w14=0x510e527f
[07:17:16 738][libtiny.so 0x534268] [6e8e40b9] 0x40534268: "ldr w14, [x19, #0x8c]" ; mem[READ] abs=0xbfff902c x19=0xbfff8fa0 => w14=0x5be0cd19
[07:17:16 738][libtiny.so 0x53426c] [6f7240f9] 0x4053426c: "ldr x15, [x19, #0xe0]" ; mem[READ] abs=0xbfff9080 x19=0xbfff8fa0 => x15=0xbfff8ef0
[07:17:16 738][libtiny.so 0x534270] [ee0100b9] 0x40534270: "str w14, [x15]" ; mem[WRITE] abs=0xbfff8ef0 w14=0x5be0cd19 x15=0xbfff8ef0 => w14=0x5be0cd19
[07:17:16 738][libtiny.so 0x534274] [6e3e4539] 0x40534274: "ldrb w14, [x19, #0x14f]" ; mem[READ] abs=0xbfff90ef x19=0xbfff8fa0 => w14=0x0
[07:17:16 738][libtiny.so 0x534278] [783e4539] 0x40534278: "ldrb w24, [x19, #0x14f]" ; mem[READ] abs=0xbfff90ef x19=0xbfff8fa0 => w24=0x0
[07:17:16 738][libtiny.so 0x53427c] [0f058052] 0x4053427c: "movz w15, #0x28" w15=0xbfff8ef0 => w15=0x28
[07:17:16 738][libtiny.so 0x534280] [df010071] 0x40534280: "cmp w14, #0" => nzcv=0x60000000 w14=0x0
[07:17:16 738][libtiny.so 0x534284] [6e3e4539] 0x40534284: "ldrb w14, [x19, #0x14f]" ; mem[READ] abs=0xbfff90ef x19=0xbfff8fa0 => w14=0x0
[07:17:16 738][libtiny.so 0x534288] [b710849a] 0x40534288: "csel x23, x5, x4, ne" nzcv=0x18060000000 x5=0x44411150 x4=0x473a5e84 => x23=0x473a5e84
[07:17:16 738][libtiny.so 0x53428c] [040a8052] 0x4053428c: "movz w4, #0x50" w4=0x473a5e84 => w4=0x50
[07:17:16 738][libtiny.so 0x534290] [df010071] 0x40534290: "cmp w14, #0" => nzcv=0x60000000 w14=0x0
[07:17:16 739][libtiny.so 0x534294] [8e819652] 0x40534294: "movz w14, #0xb40c" w14=0x0 => w14=0xb40c
[07:17:16 739][libtiny.so 0x534298] [8f108f9a] 0x40534298: "csel x15, x4, x15, ne" nzcv=0x18060000000 x4=0x50 x15=0x28 => x15=0x28
[07:17:16 739][libtiny.so 0x53429c] [04c68d52] 0x4053429c: "movz w4, #0x6e30" w4=0x50 => w4=0x6e30
[07:17:16 739][libtiny.so 0x5342a0] [8e70a072] 0x405342a0: "movk w14, #0x384, lsl #16" w14=0xb40c => w14=0x384b40c
[07:17:16 739][libtiny.so 0x5342a4] [44ffbf72] 0x405342a4: "movk w4, #0xfffa, lsl #16" w4=0x6e30 => w4=0xfffa6e30
[07:17:16 739][libtiny.so 0x5342a8] [0f696ff8] 0x405342a8: "ldr x15, [x8, x15]" ; mem[READ] abs=0x40755f88 x8=0x40755f60 x15=0x28 => x15=0x43b5b060
[07:17:16 739][libtiny.so 0x5342ac] [ae020e0b] 0x405342ac: "add w14, w21, w14" w21=0x40533314 w14=0x384b40c => w14=0x43d7e720
[07:17:16 739][libtiny.so 0x5342b0] [c402040b] 0x405342b0: "add w4, w22, w4" w22=0x40533f34 w4=0xfffa6e30 => w4=0x404dad64
[07:17:16 739][libtiny.so 0x5342b4] [1f030071] 0x405342b4: "cmp w24, #0" => nzcv=0x60000000 w24=0x0
[07:17:16 739][libtiny.so 0x5342b8] [8e108e1a] 0x405342b8: "csel w14, w4, w14, ne" nzcv=0x18060000000 w4=0x404dad64 w14=0x43d7e720 => w14=0x43d7e720
[07:17:16 739][libtiny.so 0x5342bc] [ce01174b] 0x405342bc: "sub w14, w14, w23" w14=0x43d7e720 w23=0x473a5e84 => w14=0xfc9d889c
[07:17:16 739][libtiny.so 0x5342c0] [eec12e8b] 0x405342c0: "add x14, x15, w14, sxtw" x15=0x43b5b060 w14=0xfc9d889c => x14=0x405338fc
[07:17:16 739][libtiny.so 0x5342c4] [c0011fd6] 0x405342c4: "br x14" x14=0x405338fc
[07:17:16 739][libtiny.so 0x5338fc] [cec047f9] 0x405338fc: "ldr x14, [x6, #0xf80]" ; mem[READ] abs=0x40755f80 x6=0x40755000 => x14=0x439a8ba0
[07:17:16 739][libtiny.so 0x533900] [e44f8b92] 0x40533900: "movn x4, #0x5a7f" x4=0x404dad64 => x4=0xffffffffffffa580
[07:17:16 739][libtiny.so 0x533904] [ef799192] 0x40533904: "movn x15, #0x8bcf" x15=0x43b5b060 => x15=0xffffffffffff7430
[07:17:16 739][libtiny.so 0x533908] [0497bff2] 0x40533908: "movk x4, #0xfcb8, lsl #16" x4=0xffffffffffffa580 => x4=0xfffffffffcb8a580
[07:17:16 739][libtiny.so 0x53390c] [af90bff2] 0x4053390c: "movk x15, #0xfc85, lsl #16" x15=0xffffffffffff7430 => x15=0xfffffffffc857430
[07:17:16 739][libtiny.so 0x533910] [ce01048b] 0x40533910: "add x14, x14, x4" x14=0x439a8ba0 x4=0xfffffffffcb8a580 => x14=0x40533120
[07:17:16 739][libtiny.so 0x533914] [f7020f8b] 0x40533914: "add x23, x23, x15" x23=0x473a5e84 x15=0xfffffffffc857430 => x23=0x43bfd2b4
[07:17:16 739][libtiny.so 0x533918] [c0011fd6] 0x40533918: "br x14" x14=0x40533120
[07:17:16 739][libtiny.so 0x533120] [eef39392] 0x40533120: "movn x14, #0x9f9f" x14=0x40533120 => x14=0xffffffffffff6060
[07:17:16 739][libtiny.so 0x533124] [6e92bff2] 0x40533124: "movk x14, #0xfc93, lsl #16" x14=0xffffffffffff6060 => x14=0xfffffffffc936060
[07:17:16 739][libtiny.so 0x533128] [ee020e8b] 0x40533128: "add x14, x23, x14" x23=0x43bfd2b4 x14=0xfffffffffc936060 => x14=0x40533314
[07:17:16 739][libtiny.so 0x53312c] [c0011fd6] 0x4053312c: "br x14" x14=0x40533314
[07:17:16 739][libtiny.so 0x533314] [6e4a40f9] 0x40533314: "ldr x14, [x19, #0x90]" ; mem[READ] abs=0xbfff9030 x19=0xbfff8fa0 => x14=0xbfff8f90
[07:17:16 739][libtiny.so 0x533318] [84448052] 0x40533318: "movz w4, #0x224" w4=0xfcb8a580 => w4=0x224
[07:17:16 739][libtiny.so 0x53331c] [c46ca072] 0x4053331c: "movk w4, #0x366, lsl #16" w4=0x224 => w4=0x3660224
[07:17:16 739][libtiny.so 0x533320] [05829252] 0x40533320: "movz w5, #0x9410" w5=0x44411150 => w5=0x9410
[07:17:16 739][libtiny.so 0x533324] [ce0140f9] 0x40533324: "ldr x14, [x14]" ; mem[READ] abs=0xbfff8f90 x14=0xbfff8f90 => x14=0xd
[07:17:16 739][libtiny.so 0x533328] [a502a072] 0x40533328: "movk w5, #0x15, lsl #16" w5=0x9410 => w5=0x159410
[07:17:16 739][libtiny.so 0x53332c] [6e9a00f9] 0x4053332c: "str x14, [x19, #0x130]" ; mem[WRITE] abs=0xbfff90d0 x14=0xd x19=0xbfff8fa0 => x14=0xd
[07:17:16 739][libtiny.so 0x533330] [6e9a40f9] 0x40533330: "ldr x14, [x19, #0x130]" ; mem[READ] abs=0xbfff90d0 x19=0xbfff8fa0 => x14=0xd
[07:17:16 739][libtiny.so 0x533334] [cef57ed3] 0x40533334: "lsl x14, x14, #2" x14=0xd => x14=0x34
[07:17:16 739][libtiny.so 0x533338] [6e9e00f9] 0x40533338: "str x14, [x19, #0x138]" ; mem[WRITE] abs=0xbfff90d8 x14=0x34 x19=0xbfff8fa0 => x14=0x34
[07:17:16 739][libtiny.so 0x53333c] [6e9e40f9] 0x4053333c: "ldr x14, [x19, #0x138]" ; mem[READ] abs=0xbfff90d8 x19=0xbfff8fa0 => x14=0x34
[07:17:16 739][libtiny.so 0x533340] [2e686e38] 0x40533340: "ldrb w14, [x1, x14]" ; mem[READ] abs=0x40b30274 x1=0x40b30240 x14=0x34 => w14=0x22
[07:17:16 739][libtiny.so 0x533344] [6f9e40f9] 0x40533344: "ldr x15, [x19, #0x138]" ; mem[READ] abs=0xbfff90d8 x19=0xbfff8fa0 => x15=0x34
[07:17:16 739][libtiny.so 0x533348] [ce1d0853] 0x40533348: "lsl w14, w14, #0x18" w14=0x22 => w14=0x22000000
[07:17:16 739][libtiny.so 0x53334c] [ef0140b2] 0x4053334c: "orr x15, x15, #1" x15=0x34 => x15=0x35
[07:17:16 739][libtiny.so 0x533350] [2f686f38] 0x40533350: "ldrb w15, [x1, x15]" ; mem[READ] abs=0x40b30275 x1=0x40b30240 x15=0x35 => w15=0x3a
[07:17:16 739][libtiny.so 0x533354] [ee1d1033] 0x40533354: "bfi w14, w15, #0x10, #8" w14=0x22000000 w15=0x3a => w14=0x223a0000
[07:17:16 739][libtiny.so 0x533358] [6e4601b9] 0x40533358: "str w14, [x19, #0x144]" ; mem[WRITE] abs=0xbfff90e4 w14=0x223a0000 x19=0xbfff8fa0 => w14=0x223a0000
[07:17:16 739][libtiny.so 0x53335c] [6e9e40f9] 0x4053335c: "ldr x14, [x19, #0x138]" ; mem[READ] abs=0xbfff90d8 x19=0xbfff8fa0 => x14=0x34
[07:17:16 739][libtiny.so 0x533360] [0f000090] 0x40533360: "adrp x15, #0x40533000" => x15=0x40533000
[07:17:16 739][libtiny.so 0x533364] [ef810e91] 0x40533364: "add x15, x15, #0x3a0" x15=0x40533000 => x15=0x405333a0
[07:17:16 739][libtiny.so 0x533368] [f701048b] 0x40533368: "add x23, x15, x4" x15=0x405333a0 x4=0x3660224 => x23=0x43b935c4
[07:17:16 739][libtiny.so 0x53336c] [ce017fb2] 0x4053336c: "orr x14, x14, #2" x14=0x34 => x14=0x36
[07:17:16 739][libtiny.so 0x533370] [24686e38] 0x40533370: "ldrb w4, [x1, x14]" ; mem[READ] abs=0x40b30276 x1=0x40b30240 x14=0x36 => w4=0x22
[07:17:16 739][libtiny.so 0x533374] [8ecb47f9] 0x40533374: "ldr x14, [x28, #0xf90]" ; mem[READ] abs=0x40755f90 x28=0x40755000 => x14=0x43a3a1a4
[07:17:16 739][libtiny.so 0x533378] [ef01174b] 0x40533378: "sub w15, w15, w23" w15=0x405333a0 w23=0x43b935c4 => w15=0xfc99fddc
[07:17:16 739][libtiny.so 0x53337c] [ef01050b] 0x4053337c: "add w15, w15, w5" w15=0xfc99fddc w5=0x159410 => w15=0xfcaf91ec
[07:17:16 739][libtiny.so 0x533380] [845c1853] 0x40533380: "lsl w4, w4, #8" w4=0x22 => w4=0x2200
[07:17:16 739][libtiny.so 0x533384] [cfc12f8b] 0x40533384: "add x15, x14, w15, sxtw" x14=0x43a3a1a4 w15=0xfcaf91ec => x15=0x40533390
[07:17:16 739][libtiny.so 0x533388] [644a01b9] 0x40533388: "str w4, [x19, #0x148]" ; mem[WRITE] abs=0xbfff90e8 w4=0x2200 x19=0xbfff8fa0 => w4=0x2200
[07:17:16 739][libtiny.so 0x53338c] [e0011fd6] 0x4053338c: "br x15" x15=0x40533390
[07:17:16 739][libtiny.so 0x533390] [6e448092] 0x40533390: "movn x14, #0x223" x14=0x43a3a1a4 => x14=0xfffffffffffffddc
[07:17:16 739][libtiny.so 0x533394] [2e93bff2] 0x40533394: "movk x14, #0xfc99, lsl #16" x14=0xfffffffffffffddc => x14=0xfffffffffc99fddc
[07:17:16 740][libtiny.so 0x533398] [ee020e8b] 0x40533398: "add x14, x23, x14" x23=0x43b935c4 x14=0xfffffffffc99fddc => x14=0x405333a0
[07:17:16 740][libtiny.so 0x53339c] [c0011fd6] 0x4053339c: "br x14" x14=0x405333a0
[07:17:16 740][libtiny.so 0x5333a0] [6e4641b9] 0x405333a0: "ldr w14, [x19, #0x144]" ; mem[READ] abs=0xbfff90e4 x19=0xbfff8fa0 => w14=0x223a0000
[07:17:16 740][libtiny.so 0x5333a4] [6f4a41b9] 0x405333a4: "ldr w15, [x19, #0x148]" ; mem[READ] abs=0xbfff90e8 x19=0xbfff8fa0 => w15=0x2200
[07:17:16 740][libtiny.so 0x5333a8] [649e40f9] 0x405333a8: "ldr x4, [x19, #0x138]" ; mem[READ] abs=0xbfff90d8 x19=0xbfff8fa0 => x4=0x34
[07:17:16 740][libtiny.so 0x5333ac] [ce010f2a] 0x405333ac: "orr w14, w14, w15" w14=0x223a0000 w15=0x2200 => w14=0x223a2200
[07:17:16 740][libtiny.so 0x5333b0] [840440b2] 0x405333b0: "orr x4, x4, #3" x4=0x34 => x4=0x37
[07:17:16 740][libtiny.so 0x5333b4] [24686438] 0x405333b4: "ldrb w4, [x1, x4]" ; mem[READ] abs=0x40b30277 x1=0x40b30240 x4=0x37 => w4=0x31
[07:17:16 740][libtiny.so 0x5333b8] [659a40f9] 0x405333b8: "ldr x5, [x19, #0x130]" ; mem[READ] abs=0xbfff90d0 x19=0xbfff8fa0 => x5=0xd
[07:17:16 740][libtiny.so 0x5333bc] [6f821191] 0x405333bc: "add x15, x19, #0x460" x19=0xbfff8fa0 => x15=0xbfff9400
[07:17:16 740][libtiny.so 0x5333c0] [ce01042a] 0x405333c0: "orr w14, w14, w4" w14=0x223a2200 w4=0x31 => w14=0x223a2231
[07:17:16 740][libtiny.so 0x5333c4] [ee7925b8] 0x405333c4: "str w14, [x15, x5, lsl #2]" ; mem[WRITE] abs=0xbfff9434 w14=0x223a2231 x15=0xbfff9400 x5=0xd => w14=0x223a2231
[07:17:16 740][libtiny.so 0x5333c8] [6e9a40f9] 0x405333c8: "ldr x14, [x19, #0x130]" ; mem[READ] abs=0xbfff90d0 x19=0xbfff8fa0 => x14=0xd
[07:17:16 740][libtiny.so 0x5333cc] [848a8e52] 0x405333cc: "movz w4, #0x7454" w4=0x31 => w4=0x7454
[07:17:16 740][libtiny.so 0x5333d0] [050000b0] 0x405333d0: "adrp x5, #0x40534000" => x5=0x40534000
[07:17:16 740][libtiny.so 0x5333d4] [647ca072] 0x405333d4: "movk w4, #0x3e3, lsl #16" w4=0x7454 => w4=0x3e37454
[07:17:16 740][libtiny.so 0x5333d8] [ce050091] 0x405333d8: "add x14, x14, #1" x14=0xd => x14=0xe
[07:17:16 740][libtiny.so 0x5333dc] [df4100f1] 0x405333dc: "cmp x14, #0x10" => nzcv=0x80000000 x14=0xe
[07:17:16 740][libtiny.so 0x5333e0] [ef179f1a] 0x405333e0: "cset w15, eq" nzcv=0x18080000000 => w15=0x0
[07:17:16 740][libtiny.so 0x5333e4] [6f3e0539] 0x405333e4: "strb w15, [x19, #0x14f]" ; mem[WRITE] abs=0xbfff90ef w15=0x0 x19=0xbfff8fa0 => w15=0x0
[07:17:16 740][libtiny.so 0x5333e8] [6f4a40f9] 0x405333e8: "ldr x15, [x19, #0x90]" ; mem[READ] abs=0xbfff9030 x19=0xbfff8fa0 => x15=0xbfff8f90
[07:17:16 740][libtiny.so 0x5333ec] [a5101491] 0x405333ec: "add x5, x5, #0x504" x5=0x40534000 => x5=0x40534504
[07:17:16 740][libtiny.so 0x5333f0] [b700048b] 0x405333f0: "add x23, x5, x4" x5=0x40534504 x4=0x3e37454 => x23=0x4436b958
[07:17:16 740][libtiny.so 0x5333f4] [844e8a52] 0x405333f4: "movz w4, #0x5274" w4=0x3e37454 => w4=0x5274
[07:17:16 740][libtiny.so 0x5333f8] [ee0100f9] 0x405333f8: "str x14, [x15]" ; mem[WRITE] abs=0xbfff8f90 x14=0xe x15=0xbfff8f90 => x14=0xe
[07:17:16 740][libtiny.so 0x5333fc] [6ee147f9] 0x405333fc: "ldr x14, [x11, #0xfc0]" ; mem[READ] abs=0x40755fc0 x11=0x40755000 => x14=0x4451623c
[07:17:16 740][libtiny.so 0x533400] [af00174b] 0x40533400: "sub w15, w5, w23" w5=0x40534504 w23=0x4436b958 => w15=0xfc1c8bac
[07:17:16 740][libtiny.so 0x533404] [a4fcbf72] 0x40533404: "movk w4, #0xffe5, lsl #16" w4=0x5274 => w4=0xffe55274
[07:17:16 740][libtiny.so 0x533408] [ef01040b] 0x40533408: "add w15, w15, w4" w15=0xfc1c8bac w4=0xffe55274 => w15=0xfc01de20
[07:17:16 740][libtiny.so 0x53340c] [cec12f8b] 0x4053340c: "add x14, x14, w15, sxtw" x14=0x4451623c w15=0xfc01de20 => x14=0x4053405c
[07:17:16 740][libtiny.so 0x533410] [c0011fd6] 0x40533410: "br x14" x14=0x4053405c
[07:17:16 740][libtiny.so 0x53405c] [6e8a8e92] 0x4053405c: "movn x14, #0x7453" x14=0x4053405c => x14=0xffffffffffff8bac
[07:17:16 740][libtiny.so 0x534060] [8e83bff2] 0x40534060: "movk x14, #0xfc1c, lsl #16" x14=0xffffffffffff8bac => x14=0xfffffffffc1c8bac
[07:17:16 740][libtiny.so 0x534064] [ee020e8b] 0x40534064: "add x14, x23, x14" x23=0x4436b958 x14=0xfffffffffc1c8bac => x14=0x40534504
[07:17:16 740][libtiny.so 0x534068] [c0011fd6] 0x40534068: "br x14" x14=0x40534504
[07:17:16 740][libtiny.so 0x534504] [6e4e40f9] 0x40534504: "ldr x14, [x19, #0x98]" ; mem[READ] abs=0xbfff9038 x19=0xbfff8fa0 => x14=0xbfff8f80
[07:17:16 740][libtiny.so 0x534508] [2f008052] 0x40534508: "movz w15, #0x1" w15=0xfc01de20 => w15=0x1
[07:17:16 740][libtiny.so 0x53450c] [04f69952] 0x4053450c: "movz w4, #0xcfb0" w4=0xffe55274 => w4=0xcfb0
[07:17:16 740][libtiny.so 0x534510] [05000090] 0x40534510: "adrp x5, #0x40534000" => x5=0x40534000
[07:17:16 740][libtiny.so 0x534514] [cf010039] 0x40534514: "strb w15, [x14]" ; mem[WRITE] abs=0xbfff8f80 w15=0x1 x14=0xbfff8f80 => w15=0x1
[07:17:16 740][libtiny.so 0x534518] [6e5240f9] 0x40534518: "ldr x14, [x19, #0xa0]" ; mem[READ] abs=0xbfff9040 x19=0xbfff8fa0 => x14=0xbfff8f70
[07:17:16 740][libtiny.so 0x53451c] [081100b0] 0x4053451c: "adrp x8, #0x40755000" => x8=0x40755000
[07:17:16 740][libtiny.so 0x534520] [84eaa072] 0x40534520: "movk w4, #0x754, lsl #16" w4=0xcfb0 => w4=0x754cfb0
[07:17:16 740][libtiny.so 0x534524] [a5400891] 0x40534524: "add x5, x5, #0x210" x5=0x40534000 => x5=0x40534210
[07:17:16 740][libtiny.so 0x534528] [df0100f9] 0x40534528: "str xzr, [x14]" ; mem[WRITE] abs=0xbfff8f70 x14=0xbfff8f70
[07:17:16 740][libtiny.so 0x53452c] [6e4e40b9] 0x4053452c: "ldr w14, [x19, #0x4c]" ; mem[READ] abs=0xbfff8fec x19=0xbfff8fa0 => w14=0xa54ff53a
[07:17:16 740][libtiny.so 0x534530] [6f5640f9] 0x40534530: "ldr x15, [x19, #0xa8]" ; mem[READ] abs=0xbfff9048 x19=0xbfff8fa0 => x15=0xbfff8f60
[07:17:16 740][libtiny.so 0x534534] [b700048b] 0x40534534: "add x23, x5, x4" x5=0x40534210 x4=0x754cfb0 => x23=0x47a811c0
[07:17:16 740][libtiny.so 0x534538] [84ed8a52] 0x40534538: "movz w4, #0x576c" w4=0x754cfb0 => w4=0x576c
[07:17:16 740][libtiny.so 0x53453c] [8475a072] 0x4053453c: "movk w4, #0x3ac, lsl #16" w4=0x576c => w4=0x3ac576c
[07:17:16 740][libtiny.so 0x534540] [ee0100b9] 0x40534540: "str w14, [x15]" ; mem[WRITE] abs=0xbfff8f60 w14=0xa54ff53a x15=0xbfff8f60 => w14=0xa54ff53a
[07:17:16 740][libtiny.so 0x534544] [6e3e40b9] 0x40534544: "ldr w14, [x19, #0x3c]" ; mem[READ] abs=0xbfff8fdc x19=0xbfff8fa0 => w14=0x3c6ef372
[07:17:16 740][libtiny.so 0x534548] [6f5a40f9] 0x40534548: "ldr x15, [x19, #0xb0]" ; mem[READ] abs=0xbfff9050 x19=0xbfff8fa0 => x15=0xbfff8f50
[07:17:16 740][libtiny.so 0x53454c] [ee0100b9] 0x4053454c: "str w14, [x15]" ; mem[WRITE] abs=0xbfff8f50 w14=0x3c6ef372 x15=0xbfff8f50 => w14=0x3c6ef372
[07:17:16 740][libtiny.so 0x534550] [6e2e40b9] 0x40534550: "ldr w14, [x19, #0x2c]" ; mem[READ] abs=0xbfff8fcc x19=0xbfff8fa0 => w14=0xbb67ae85
[07:17:16 740][libtiny.so 0x534554] [6f5e40f9] 0x40534554: "ldr x15, [x19, #0xb8]" ; mem[READ] abs=0xbfff9058 x19=0xbfff8fa0 => x15=0xbfff8f40
[07:17:16 741][libtiny.so 0x534558] [ee0100b9] 0x40534558: "str w14, [x15]" ; mem[WRITE] abs=0xbfff8f40 w14=0xbb67ae85 x15=0xbfff8f40 => w14=0xbb67ae85
[07:17:16 741][libtiny.so 0x53455c] [0eed47f9] 0x4053455c: "ldr x14, [x8, #0xfd8]" ; mem[READ] abs=0x40755fd8 x8=0x40755000 => x14=0x43fbbdb4
[07:17:16 741][libtiny.so 0x534560] [af00174b] 0x40534560: "sub w15, w5, w23" w5=0x40534210 w23=0x47a811c0 => w15=0xf8ab3050
[07:17:16 741][libtiny.so 0x534564] [ef01040b] 0x40534564: "add w15, w15, w4" w15=0xf8ab3050 w4=0x3ac576c => w15=0xfc5787bc
[07:17:16 741][libtiny.so 0x534568] [cec12f8b] 0x40534568: "add x14, x14, w15, sxtw" x14=0x43fbbdb4 w15=0xfc5787bc => x14=0x40534570
[07:17:16 741][libtiny.so 0x53456c] [c0011fd6] 0x4053456c: "br x14" x14=0x40534570
[07:17:16 741][libtiny.so 0x534570] [0e1100b0] 0x40534570: "adrp x14, #0x40755000" => x14=0x40755000
[07:17:16 741][libtiny.so 0x534574] [cee947f9] 0x40534574: "ldr x14, [x14, #0xfd0]" ; mem[READ] abs=0x40755fd0 x14=0x40755000 => x14=0x4389d014
[07:17:16 741][libtiny.so 0x534578] [64c29192] 0x40534578: "movn x4, #0x8e13" x4=0x3ac576c => x4=0xffffffffffff71ec
[07:17:16 741][libtiny.so 0x53457c] [ef7a9a92] 0x4053457c: "movn x15, #0xd3d7" x15=0xfc5787bc => x15=0xffffffffffff2c28
[07:17:16 741][libtiny.so 0x534580] [2499bff2] 0x40534580: "movk x4, #0xfcc9, lsl #16" x4=0xffffffffffff71ec => x4=0xfffffffffcc971ec
[07:17:16 741][libtiny.so 0x534584] [0f8fbff2] 0x40534584: "movk x15, #0xfc78, lsl #16" x15=0xffffffffffff2c28 => x15=0xfffffffffc782c28
[07:17:16 741][libtiny.so 0x534588] [ce01048b] 0x40534588: "add x14, x14, x4" x14=0x4389d014 x4=0xfffffffffcc971ec => x14=0x40534200
[07:17:16 741][libtiny.so 0x53458c] [f7020f8b] 0x4053458c: "add x23, x23, x15" x23=0x47a811c0 x15=0xfffffffffc782c28 => x23=0x44203de8
[07:17:16 741][libtiny.so 0x534590] [c0011fd6] 0x40534590: "br x14" x14=0x40534200
[07:17:16 741][libtiny.so 0x534200] [ee7a9f92] 0x40534200: "movn x14, #0xfbd7" x14=0x40534200 => x14=0xffffffffffff0428
[07:17:16 741][libtiny.so 0x534204] [6e86bff2] 0x40534204: "movk x14, #0xfc33, lsl #16" x14=0xffffffffffff0428 => x14=0xfffffffffc330428
[07:17:16 741][libtiny.so 0x534208] [ee020e8b] 0x40534208: "add x14, x23, x14" x23=0x44203de8 x14=0xfffffffffc330428 => x14=0x40534210
[07:17:16 741][libtiny.so 0x53420c] [c0011fd6] 0x4053420c: "br x14" x14=0x40534210
[07:17:16 741][libtiny.so 0x534210] [6e1e40b9] 0x40534210: "ldr w14, [x19, #0x1c]" ; mem[READ] abs=0xbfff8fbc x19=0xbfff8fa0 => w14=0x6a09e667
[07:17:16 741][libtiny.so 0x534214] [6f6240f9] 0x40534214: "ldr x15, [x19, #0xc0]" ; mem[READ] abs=0xbfff9060 x19=0xbfff8fa0 => x15=0xbfff8f30
[07:17:16 741][libtiny.so 0x534218] [046e8552] 0x40534218: "movz w4, #0x2b70" w4=0xfcc971ec => w4=0x2b70
[07:17:16 741][libtiny.so 0x53421c] [85439a52] 0x4053421c: "movz w5, #0xd21c" w5=0x40534210 => w5=0xd21c
[07:17:16 741][libtiny.so 0x534220] [f6fffff0] 0x40534220: "adrp x22, #0x40533000" => x22=0x40533000
[07:17:16 741][libtiny.so 0x534224] [ee0100b9] 0x40534224: "str w14, [x15]" ; mem[WRITE] abs=0xbfff8f30 w14=0x6a09e667 x15=0xbfff8f30 => w14=0x6a09e667
[07:17:16 741][libtiny.so 0x534228] [6e6e40b9] 0x40534228: "ldr w14, [x19, #0x6c]" ; mem[READ] abs=0xbfff900c x19=0xbfff8fa0 => w14=0x9b05688c
[07:17:16 741][libtiny.so 0x53422c] [6f6640f9] 0x4053422c: "ldr x15, [x19, #0xc8]" ; mem[READ] abs=0xbfff9068 x19=0xbfff8fa0 => x15=0xbfff8f20
[07:17:16 741][libtiny.so 0x534230] [e4dca072] 0x40534230: "movk w4, #0x6e7, lsl #16" w4=0x2b70 => w4=0x6e72b70
[07:17:16 741][libtiny.so 0x534234] [a57da072] 0x40534234: "movk w5, #0x3ed, lsl #16" w5=0xd21c => w5=0x3edd21c
[07:17:16 741][libtiny.so 0x534238] [d6d23c91] 0x40534238: "add x22, x22, #0xf34" x22=0x40533000 => x22=0x40533f34
[07:17:16 741][libtiny.so 0x53423c] [ee0100b9] 0x4053423c: "str w14, [x15]" ; mem[WRITE] abs=0xbfff8f20 w14=0x9b05688c x15=0xbfff8f20 => w14=0x9b05688c
[07:17:16 741][libtiny.so 0x534240] [6e7e40b9] 0x40534240: "ldr w14, [x19, #0x7c]" ; mem[READ] abs=0xbfff901c x19=0xbfff8fa0 => w14=0x1f83d9ab
[07:17:16 741][libtiny.so 0x534244] [6f6a40f9] 0x40534244: "ldr x15, [x19, #0xd0]" ; mem[READ] abs=0xbfff9070 x19=0xbfff8fa0 => x15=0xbfff8f10
[07:17:16 741][libtiny.so 0x534248] [a402048b] 0x40534248: "add x4, x21, x4" x21=0x40533314 x4=0x6e72b70 => x4=0x473a5e84
[07:17:16 741][libtiny.so 0x53424c] [c502058b] 0x4053424c: "add x5, x22, x5" x22=0x40533f34 x5=0x3edd21c => x5=0x44411150
[07:17:16 741][libtiny.so 0x534250] [081100b0] 0x40534250: "adrp x8, #0x40755000" => x8=0x40755000
[07:17:16 741][libtiny.so 0x534254] [ee0100b9] 0x40534254: "str w14, [x15]" ; mem[WRITE] abs=0xbfff8f10 w14=0x1f83d9ab x15=0xbfff8f10 => w14=0x1f83d9ab
[07:17:16 741][libtiny.so 0x534258] [6e5e40b9] 0x40534258: "ldr w14, [x19, #0x5c]" ; mem[READ] abs=0xbfff8ffc x19=0xbfff8fa0 => w14=0x510e527f
[07:17:16 741][libtiny.so 0x53425c] [6f6e40f9] 0x4053425c: "ldr x15, [x19, #0xd8]" ; mem[READ] abs=0xbfff9078 x19=0xbfff8fa0 => x15=0xbfff8f00
[07:17:16 741][libtiny.so 0x534260] [08813d91] 0x40534260: "add x8, x8, #0xf60" x8=0x40755000 => x8=0x40755f60
[07:17:16 741][libtiny.so 0x534264] [ee0100b9] 0x40534264: "str w14, [x15]" ; mem[WRITE] abs=0xbfff8f00 w14=0x510e527f x15=0xbfff8f00 => w14=0x510e527f
[07:17:16 741][libtiny.so 0x534268] [6e8e40b9] 0x40534268: "ldr w14, [x19, #0x8c]" ; mem[READ] abs=0xbfff902c x19=0xbfff8fa0 => w14=0x5be0cd19
[07:17:16 741][libtiny.so 0x53426c] [6f7240f9] 0x4053426c: "ldr x15, [x19, #0xe0]" ; mem[READ] abs=0xbfff9080 x19=0xbfff8fa0 => x15=0xbfff8ef0
[07:17:16 741][libtiny.so 0x534270] [ee0100b9] 0x40534270: "str w14, [x15]" ; mem[WRITE] abs=0xbfff8ef0 w14=0x5be0cd19 x15=0xbfff8ef0 => w14=0x5be0cd19
[07:17:16 741][libtiny.so 0x534274] [6e3e4539] 0x40534274: "ldrb w14, [x19, #0x14f]" ; mem[READ] abs=0xbfff90ef x19=0xbfff8fa0 => w14=0x0
[07:17:16 741][libtiny.so 0x534278] [783e4539] 0x40534278: "ldrb w24, [x19, #0x14f]" ; mem[READ] abs=0xbfff90ef x19=0xbfff8fa0 => w24=0x0
[07:17:16 741][libtiny.so 0x53427c] [0f058052] 0x4053427c: "movz w15, #0x28" w15=0xbfff8ef0 => w15=0x28
[07:17:16 741][libtiny.so 0x534280] [df010071] 0x40534280: "cmp w14, #0" => nzcv=0x60000000 w14=0x0
[07:17:16 741][libtiny.so 0x534284] [6e3e4539] 0x40534284: "ldrb w14, [x19, #0x14f]" ; mem[READ] abs=0xbfff90ef x19=0xbfff8fa0 => w14=0x0
[07:17:16 741][libtiny.so 0x534288] [b710849a] 0x40534288: "csel x23, x5, x4, ne" nzcv=0x18060000000 x5=0x44411150 x4=0x473a5e84 => x23=0x473a5e84
[07:17:16 741][libtiny.so 0x53428c] [040a8052] 0x4053428c: "movz w4, #0x50" w4=0x473a5e84 => w4=0x50
[07:17:16 741][libtiny.so 0x534290] [df010071] 0x40534290: "cmp w14, #0" => nzcv=0x60000000 w14=0x0
[07:17:16 741][libtiny.so 0x534294] [8e819652] 0x40534294: "movz w14, #0xb40c" w14=0x0 => w14=0xb40c
[07:17:16 741][libtiny.so 0x534298] [8f108f9a] 0x40534298: "csel x15, x4, x15, ne" nzcv=0x18060000000 x4=0x50 x15=0x28 => x15=0x28
[07:17:16 741][libtiny.so 0x53429c] [04c68d52] 0x4053429c: "movz w4, #0x6e30" w4=0x50 => w4=0x6e30
[07:17:16 741][libtiny.so 0x5342a0] [8e70a072] 0x405342a0: "movk w14, #0x384, lsl #16" w14=0xb40c => w14=0x384b40c
[07:17:16 741][libtiny.so 0x5342a4] [44ffbf72] 0x405342a4: "movk w4, #0xfffa, lsl #16" w4=0x6e30 => w4=0xfffa6e30
[07:17:16 741][libtiny.so 0x5342a8] [0f696ff8] 0x405342a8: "ldr x15, [x8, x15]" ; mem[READ] abs=0x40755f88 x8=0x40755f60 x15=0x28 => x15=0x43b5b060
[07:17:16 741][libtiny.so 0x5342ac] [ae020e0b] 0x405342ac: "add w14, w21, w14" w21=0x40533314 w14=0x384b40c => w14=0x43d7e720
[07:17:16 742][libtiny.so 0x5342b0] [c402040b] 0x405342b0: "add w4, w22, w4" w22=0x40533f34 w4=0xfffa6e30 => w4=0x404dad64
[07:17:16 742][libtiny.so 0x5342b4] [1f030071] 0x405342b4: "cmp w24, #0" => nzcv=0x60000000 w24=0x0
[07:17:16 742][libtiny.so 0x5342b8] [8e108e1a] 0x405342b8: "csel w14, w4, w14, ne" nzcv=0x18060000000 w4=0x404dad64 w14=0x43d7e720 => w14=0x43d7e720
[07:17:16 742][libtiny.so 0x5342bc] [ce01174b] 0x405342bc: "sub w14, w14, w23" w14=0x43d7e720 w23=0x473a5e84 => w14=0xfc9d889c
[07:17:16 742][libtiny.so 0x5342c0] [eec12e8b] 0x405342c0: "add x14, x15, w14, sxtw" x15=0x43b5b060 w14=0xfc9d889c => x14=0x405338fc
[07:17:16 742][libtiny.so 0x5342c4] [c0011fd6] 0x405342c4: "br x14" x14=0x405338fc
[07:17:16 742][libtiny.so 0x5338fc] [cec047f9] 0x405338fc: "ldr x14, [x6, #0xf80]" ; mem[READ] abs=0x40755f80 x6=0x40755000 => x14=0x439a8ba0
[07:17:16 742][libtiny.so 0x533900] [e44f8b92] 0x40533900: "movn x4, #0x5a7f" x4=0x404dad64 => x4=0xffffffffffffa580
[07:17:16 742][libtiny.so 0x533904] [ef799192] 0x40533904: "movn x15, #0x8bcf" x15=0x43b5b060 => x15=0xffffffffffff7430
[07:17:16 742][libtiny.so 0x533908] [0497bff2] 0x40533908: "movk x4, #0xfcb8, lsl #16" x4=0xffffffffffffa580 => x4=0xfffffffffcb8a580
[07:17:16 742][libtiny.so 0x53390c] [af90bff2] 0x4053390c: "movk x15, #0xfc85, lsl #16" x15=0xffffffffffff7430 => x15=0xfffffffffc857430
[07:17:16 742][libtiny.so 0x533910] [ce01048b] 0x40533910: "add x14, x14, x4" x14=0x439a8ba0 x4=0xfffffffffcb8a580 => x14=0x40533120
[07:17:16 742][libtiny.so 0x533914] [f7020f8b] 0x40533914: "add x23, x23, x15" x23=0x473a5e84 x15=0xfffffffffc857430 => x23=0x43bfd2b4
[07:17:16 742][libtiny.so 0x533918] [c0011fd6] 0x40533918: "br x14" x14=0x40533120
[07:17:16 742][libtiny.so 0x533120] [eef39392] 0x40533120: "movn x14, #0x9f9f" x14=0x40533120 => x14=0xffffffffffff6060
[07:17:16 742][libtiny.so 0x533124] [6e92bff2] 0x40533124: "movk x14, #0xfc93, lsl #16" x14=0xffffffffffff6060 => x14=0xfffffffffc936060
[07:17:16 742][libtiny.so 0x533128] [ee020e8b] 0x40533128: "add x14, x23, x14" x23=0x43bfd2b4 x14=0xfffffffffc936060 => x14=0x40533314
[07:17:16 742][libtiny.so 0x53312c] [c0011fd6] 0x4053312c: "br x14" x14=0x40533314
[07:17:16 742][libtiny.so 0x533314] [6e4a40f9] 0x40533314: "ldr x14, [x19, #0x90]" ; mem[READ] abs=0xbfff9030 x19=0xbfff8fa0 => x14=0xbfff8f90
[07:17:16 742][libtiny.so 0x533318] [84448052] 0x40533318: "movz w4, #0x224" w4=0xfcb8a580 => w4=0x224
[07:17:16 742][libtiny.so 0x53331c] [c46ca072] 0x4053331c: "movk w4, #0x366, lsl #16" w4=0x224 => w4=0x3660224
[07:17:16 742][libtiny.so 0x533320] [05829252] 0x40533320: "movz w5, #0x9410" w5=0x44411150 => w5=0x9410
[07:17:16 742][libtiny.so 0x533324] [ce0140f9] 0x40533324: "ldr x14, [x14]" ; mem[READ] abs=0xbfff8f90 x14=0xbfff8f90 => x14=0xe
[07:17:16 742][libtiny.so 0x533328] [a502a072] 0x40533328: "movk w5, #0x15, lsl #16" w5=0x9410 => w5=0x159410
[07:17:16 742][libtiny.so 0x53332c] [6e9a00f9] 0x4053332c: "str x14, [x19, #0x130]" ; mem[WRITE] abs=0xbfff90d0 x14=0xe x19=0xbfff8fa0 => x14=0xe
[07:17:16 742][libtiny.so 0x533330] [6e9a40f9] 0x40533330: "ldr x14, [x19, #0x130]" ; mem[READ] abs=0xbfff90d0 x19=0xbfff8fa0 => x14=0xe
[07:17:16 742][libtiny.so 0x533334] [cef57ed3] 0x40533334: "lsl x14, x14, #2" x14=0xe => x14=0x38
[07:17:16 742][libtiny.so 0x533338] [6e9e00f9] 0x40533338: "str x14, [x19, #0x138]" ; mem[WRITE] abs=0xbfff90d8 x14=0x38 x19=0xbfff8fa0 => x14=0x38
[07:17:16 742][libtiny.so 0x53333c] [6e9e40f9] 0x4053333c: "ldr x14, [x19, #0x138]" ; mem[READ] abs=0xbfff90d8 x19=0xbfff8fa0 => x14=0x38
[07:17:16 742][libtiny.so 0x533340] [2e686e38] 0x40533340: "ldrb w14, [x1, x14]" ; mem[READ] abs=0x40b30278 x1=0x40b30240 x14=0x38 => w14=0x22
[07:17:16 742][libtiny.so 0x533344] [6f9e40f9] 0x40533344: "ldr x15, [x19, #0x138]" ; mem[READ] abs=0xbfff90d8 x19=0xbfff8fa0 => x15=0x38
[07:17:16 742][libtiny.so 0x533348] [ce1d0853] 0x40533348: "lsl w14, w14, #0x18" w14=0x22 => w14=0x22000000
[07:17:16 742][libtiny.so 0x53334c] [ef0140b2] 0x4053334c: "orr x15, x15, #1" x15=0x38 => x15=0x39
[07:17:16 742][libtiny.so 0x533350] [2f686f38] 0x40533350: "ldrb w15, [x1, x15]" ; mem[READ] abs=0x40b30279 x1=0x40b30240 x15=0x39 => w15=0x2c
[07:17:16 742][libtiny.so 0x533354] [ee1d1033] 0x40533354: "bfi w14, w15, #0x10, #8" w14=0x22000000 w15=0x2c => w14=0x222c0000
[07:17:16 742][libtiny.so 0x533358] [6e4601b9] 0x40533358: "str w14, [x19, #0x144]" ; mem[WRITE] abs=0xbfff90e4 w14=0x222c0000 x19=0xbfff8fa0 => w14=0x222c0000
[07:17:16 742][libtiny.so 0x53335c] [6e9e40f9] 0x4053335c: "ldr x14, [x19, #0x138]" ; mem[READ] abs=0xbfff90d8 x19=0xbfff8fa0 => x14=0x38
[07:17:16 742][libtiny.so 0x533360] [0f000090] 0x40533360: "adrp x15, #0x40533000" => x15=0x40533000
[07:17:16 742][libtiny.so 0x533364] [ef810e91] 0x40533364: "add x15, x15, #0x3a0" x15=0x40533000 => x15=0x405333a0
[07:17:16 742][libtiny.so 0x533368] [f701048b] 0x40533368: "add x23, x15, x4" x15=0x405333a0 x4=0x3660224 => x23=0x43b935c4
[07:17:16 742][libtiny.so 0x53336c] [ce017fb2] 0x4053336c: "orr x14, x14, #2" x14=0x38 => x14=0x3a
[07:17:16 742][libtiny.so 0x533370] [24686e38] 0x40533370: "ldrb w4, [x1, x14]" ; mem[READ] abs=0x40b3027a x1=0x40b30240 x14=0x3a => w4=0x22
[07:17:16 742][libtiny.so 0x533374] [8ecb47f9] 0x40533374: "ldr x14, [x28, #0xf90]" ; mem[READ] abs=0x40755f90 x28=0x40755000 => x14=0x43a3a1a4
[07:17:16 742][libtiny.so 0x533378] [ef01174b] 0x40533378: "sub w15, w15, w23" w15=0x405333a0 w23=0x43b935c4 => w15=0xfc99fddc
[07:17:16 742][libtiny.so 0x53337c] [ef01050b] 0x4053337c: "add w15, w15, w5" w15=0xfc99fddc w5=0x159410 => w15=0xfcaf91ec
[07:17:16 742][libtiny.so 0x533380] [845c1853] 0x40533380: "lsl w4, w4, #8" w4=0x22 => w4=0x2200
[07:17:16 742][libtiny.so 0x533384] [cfc12f8b] 0x40533384: "add x15, x14, w15, sxtw" x14=0x43a3a1a4 w15=0xfcaf91ec => x15=0x40533390
[07:17:16 742][libtiny.so 0x533388] [644a01b9] 0x40533388: "str w4, [x19, #0x148]" ; mem[WRITE] abs=0xbfff90e8 w4=0x2200 x19=0xbfff8fa0 => w4=0x2200
[07:17:16 742][libtiny.so 0x53338c] [e0011fd6] 0x4053338c: "br x15" x15=0x40533390
[07:17:16 742][libtiny.so 0x533390] [6e448092] 0x40533390: "movn x14, #0x223" x14=0x43a3a1a4 => x14=0xfffffffffffffddc
[07:17:16 742][libtiny.so 0x533394] [2e93bff2] 0x40533394: "movk x14, #0xfc99, lsl #16" x14=0xfffffffffffffddc => x14=0xfffffffffc99fddc
[07:17:16 742][libtiny.so 0x533398] [ee020e8b] 0x40533398: "add x14, x23, x14" x23=0x43b935c4 x14=0xfffffffffc99fddc => x14=0x405333a0
[07:17:16 742][libtiny.so 0x53339c] [c0011fd6] 0x4053339c: "br x14" x14=0x405333a0
[07:17:16 742][libtiny.so 0x5333a0] [6e4641b9] 0x405333a0: "ldr w14, [x19, #0x144]" ; mem[READ] abs=0xbfff90e4 x19=0xbfff8fa0 => w14=0x222c0000
[07:17:16 742][libtiny.so 0x5333a4] [6f4a41b9] 0x405333a4: "ldr w15, [x19, #0x148]" ; mem[READ] abs=0xbfff90e8 x19=0xbfff8fa0 => w15=0x2200
[07:17:16 742][libtiny.so 0x5333a8] [649e40f9] 0x405333a8: "ldr x4, [x19, #0x138]" ; mem[READ] abs=0xbfff90d8 x19=0xbfff8fa0 => x4=0x38
[07:17:16 742][libtiny.so 0x5333ac] [ce010f2a] 0x405333ac: "orr w14, w14, w15" w14=0x222c0000 w15=0x2200 => w14=0x222c2200
[07:17:16 742][libtiny.so 0x5333b0] [840440b2] 0x405333b0: "orr x4, x4, #3" x4=0x38 => x4=0x3b
[07:17:16 743][libtiny.so 0x5333b4] [24686438] 0x405333b4: "ldrb w4, [x1, x4]" ; mem[READ] abs=0x40b3027b x1=0x40b30240 x4=0x3b => w4=0x6d
[07:17:16 743][libtiny.so 0x5333b8] [659a40f9] 0x405333b8: "ldr x5, [x19, #0x130]" ; mem[READ] abs=0xbfff90d0 x19=0xbfff8fa0 => x5=0xe
[07:17:16 743][libtiny.so 0x5333bc] [6f821191] 0x405333bc: "add x15, x19, #0x460" x19=0xbfff8fa0 => x15=0xbfff9400
[07:17:16 743][libtiny.so 0x5333c0] [ce01042a] 0x405333c0: "orr w14, w14, w4" w14=0x222c2200 w4=0x6d => w14=0x222c226d
[07:17:16 743][libtiny.so 0x5333c4] [ee7925b8] 0x405333c4: "str w14, [x15, x5, lsl #2]" ; mem[WRITE] abs=0xbfff9438 w14=0x222c226d x15=0xbfff9400 x5=0xe => w14=0x222c226d
[07:17:16 743][libtiny.so 0x5333c8] [6e9a40f9] 0x405333c8: "ldr x14, [x19, #0x130]" ; mem[READ] abs=0xbfff90d0 x19=0xbfff8fa0 => x14=0xe
[07:17:16 743][libtiny.so 0x5333cc] [848a8e52] 0x405333cc: "movz w4, #0x7454" w4=0x6d => w4=0x7454
[07:17:16 743][libtiny.so 0x5333d0] [050000b0] 0x405333d0: "adrp x5, #0x40534000" => x5=0x40534000
[07:17:16 743][libtiny.so 0x5333d4] [647ca072] 0x405333d4: "movk w4, #0x3e3, lsl #16" w4=0x7454 => w4=0x3e37454
[07:17:16 743][libtiny.so 0x5333d8] [ce050091] 0x405333d8: "add x14, x14, #1" x14=0xe => x14=0xf
[07:17:16 743][libtiny.so 0x5333dc] [df4100f1] 0x405333dc: "cmp x14, #0x10" => nzcv=0x80000000 x14=0xf
[07:17:16 743][libtiny.so 0x5333e0] [ef179f1a] 0x405333e0: "cset w15, eq" nzcv=0x18080000000 => w15=0x0
[07:17:16 743][libtiny.so 0x5333e4] [6f3e0539] 0x405333e4: "strb w15, [x19, #0x14f]" ; mem[WRITE] abs=0xbfff90ef w15=0x0 x19=0xbfff8fa0 => w15=0x0
[07:17:16 743][libtiny.so 0x5333e8] [6f4a40f9] 0x405333e8: "ldr x15, [x19, #0x90]" ; mem[READ] abs=0xbfff9030 x19=0xbfff8fa0 => x15=0xbfff8f90
[07:17:16 743][libtiny.so 0x5333ec] [a5101491] 0x405333ec: "add x5, x5, #0x504" x5=0x40534000 => x5=0x40534504
[07:17:16 743][libtiny.so 0x5333f0] [b700048b] 0x405333f0: "add x23, x5, x4" x5=0x40534504 x4=0x3e37454 => x23=0x4436b958
[07:17:16 743][libtiny.so 0x5333f4] [844e8a52] 0x405333f4: "movz w4, #0x5274" w4=0x3e37454 => w4=0x5274
[07:17:16 743][libtiny.so 0x5333f8] [ee0100f9] 0x405333f8: "str x14, [x15]" ; mem[WRITE] abs=0xbfff8f90 x14=0xf x15=0xbfff8f90 => x14=0xf
[07:17:16 743][libtiny.so 0x5333fc] [6ee147f9] 0x405333fc: "ldr x14, [x11, #0xfc0]" ; mem[READ] abs=0x40755fc0 x11=0x40755000 => x14=0x4451623c
[07:17:16 743][libtiny.so 0x533400] [af00174b] 0x40533400: "sub w15, w5, w23" w5=0x40534504 w23=0x4436b958 => w15=0xfc1c8bac
[07:17:16 743][libtiny.so 0x533404] [a4fcbf72] 0x40533404: "movk w4, #0xffe5, lsl #16" w4=0x5274 => w4=0xffe55274
[07:17:16 743][libtiny.so 0x533408] [ef01040b] 0x40533408: "add w15, w15, w4" w15=0xfc1c8bac w4=0xffe55274 => w15=0xfc01de20
[07:17:16 743][libtiny.so 0x53340c] [cec12f8b] 0x4053340c: "add x14, x14, w15, sxtw" x14=0x4451623c w15=0xfc01de20 => x14=0x4053405c
[07:17:16 743][libtiny.so 0x533410] [c0011fd6] 0x40533410: "br x14" x14=0x4053405c
[07:17:16 743][libtiny.so 0x53405c] [6e8a8e92] 0x4053405c: "movn x14, #0x7453" x14=0x4053405c => x14=0xffffffffffff8bac
[07:17:16 743][libtiny.so 0x534060] [8e83bff2] 0x40534060: "movk x14, #0xfc1c, lsl #16" x14=0xffffffffffff8bac => x14=0xfffffffffc1c8bac
[07:17:16 743][libtiny.so 0x534064] [ee020e8b] 0x40534064: "add x14, x23, x14" x23=0x4436b958 x14=0xfffffffffc1c8bac => x14=0x40534504
[07:17:16 743][libtiny.so 0x534068] [c0011fd6] 0x40534068: "br x14" x14=0x40534504
[07:17:16 743][libtiny.so 0x534504] [6e4e40f9] 0x40534504: "ldr x14, [x19, #0x98]" ; mem[READ] abs=0xbfff9038 x19=0xbfff8fa0 => x14=0xbfff8f80
[07:17:16 743][libtiny.so 0x534508] [2f008052] 0x40534508: "movz w15, #0x1" w15=0xfc01de20 => w15=0x1
[07:17:16 743][libtiny.so 0x53450c] [04f69952] 0x4053450c: "movz w4, #0xcfb0" w4=0xffe55274 => w4=0xcfb0
[07:17:16 743][libtiny.so 0x534510] [05000090] 0x40534510: "adrp x5, #0x40534000" => x5=0x40534000
[07:17:16 743][libtiny.so 0x534514] [cf010039] 0x40534514: "strb w15, [x14]" ; mem[WRITE] abs=0xbfff8f80 w15=0x1 x14=0xbfff8f80 => w15=0x1
[07:17:16 743][libtiny.so 0x534518] [6e5240f9] 0x40534518: "ldr x14, [x19, #0xa0]" ; mem[READ] abs=0xbfff9040 x19=0xbfff8fa0 => x14=0xbfff8f70
[07:17:16 743][libtiny.so 0x53451c] [081100b0] 0x4053451c: "adrp x8, #0x40755000" => x8=0x40755000
[07:17:16 743][libtiny.so 0x534520] [84eaa072] 0x40534520: "movk w4, #0x754, lsl #16" w4=0xcfb0 => w4=0x754cfb0
[07:17:16 743][libtiny.so 0x534524] [a5400891] 0x40534524: "add x5, x5, #0x210" x5=0x40534000 => x5=0x40534210
[07:17:16 743][libtiny.so 0x534528] [df0100f9] 0x40534528: "str xzr, [x14]" ; mem[WRITE] abs=0xbfff8f70 x14=0xbfff8f70
[07:17:16 743][libtiny.so 0x53452c] [6e4e40b9] 0x4053452c: "ldr w14, [x19, #0x4c]" ; mem[READ] abs=0xbfff8fec x19=0xbfff8fa0 => w14=0xa54ff53a
[07:17:16 743][libtiny.so 0x534530] [6f5640f9] 0x40534530: "ldr x15, [x19, #0xa8]" ; mem[READ] abs=0xbfff9048 x19=0xbfff8fa0 => x15=0xbfff8f60
[07:17:16 743][libtiny.so 0x534534] [b700048b] 0x40534534: "add x23, x5, x4" x5=0x40534210 x4=0x754cfb0 => x23=0x47a811c0
[07:17:16 743][libtiny.so 0x534538] [84ed8a52] 0x40534538: "movz w4, #0x576c" w4=0x754cfb0 => w4=0x576c
[07:17:16 743][libtiny.so 0x53453c] [8475a072] 0x4053453c: "movk w4, #0x3ac, lsl #16" w4=0x576c => w4=0x3ac576c
[07:17:16 743][libtiny.so 0x534540] [ee0100b9] 0x40534540: "str w14, [x15]" ; mem[WRITE] abs=0xbfff8f60 w14=0xa54ff53a x15=0xbfff8f60 => w14=0xa54ff53a
[07:17:16 743][libtiny.so 0x534544] [6e3e40b9] 0x40534544: "ldr w14, [x19, #0x3c]" ; mem[READ] abs=0xbfff8fdc x19=0xbfff8fa0 => w14=0x3c6ef372
[07:17:16 743][libtiny.so 0x534548] [6f5a40f9] 0x40534548: "ldr x15, [x19, #0xb0]" ; mem[READ] abs=0xbfff9050 x19=0xbfff8fa0 => x15=0xbfff8f50
[07:17:16 743][libtiny.so 0x53454c] [ee0100b9] 0x4053454c: "str w14, [x15]" ; mem[WRITE] abs=0xbfff8f50 w14=0x3c6ef372 x15=0xbfff8f50 => w14=0x3c6ef372
[07:17:16 743][libtiny.so 0x534550] [6e2e40b9] 0x40534550: "ldr w14, [x19, #0x2c]" ; mem[READ] abs=0xbfff8fcc x19=0xbfff8fa0 => w14=0xbb67ae85
[07:17:16 743][libtiny.so 0x534554] [6f5e40f9] 0x40534554: "ldr x15, [x19, #0xb8]" ; mem[READ] abs=0xbfff9058 x19=0xbfff8fa0 => x15=0xbfff8f40
[07:17:16 743][libtiny.so 0x534558] [ee0100b9] 0x40534558: "str w14, [x15]" ; mem[WRITE] abs=0xbfff8f40 w14=0xbb67ae85 x15=0xbfff8f40 => w14=0xbb67ae85
[07:17:16 743][libtiny.so 0x53455c] [0eed47f9] 0x4053455c: "ldr x14, [x8, #0xfd8]" ; mem[READ] abs=0x40755fd8 x8=0x40755000 => x14=0x43fbbdb4
[07:17:16 743][libtiny.so 0x534560] [af00174b] 0x40534560: "sub w15, w5, w23" w5=0x40534210 w23=0x47a811c0 => w15=0xf8ab3050
[07:17:16 743][libtiny.so 0x534564] [ef01040b] 0x40534564: "add w15, w15, w4" w15=0xf8ab3050 w4=0x3ac576c => w15=0xfc5787bc
[07:17:16 743][libtiny.so 0x534568] [cec12f8b] 0x40534568: "add x14, x14, w15, sxtw" x14=0x43fbbdb4 w15=0xfc5787bc => x14=0x40534570
[07:17:16 743][libtiny.so 0x53456c] [c0011fd6] 0x4053456c: "br x14" x14=0x40534570
[07:17:16 743][libtiny.so 0x534570] [0e1100b0] 0x40534570: "adrp x14, #0x40755000" => x14=0x40755000
[07:17:16 743][libtiny.so 0x534574] [cee947f9] 0x40534574: "ldr x14, [x14, #0xfd0]" ; mem[READ] abs=0x40755fd0 x14=0x40755000 => x14=0x4389d014
[07:17:16 744][libtiny.so 0x534578] [64c29192] 0x40534578: "movn x4, #0x8e13" x4=0x3ac576c => x4=0xffffffffffff71ec
[07:17:16 744][libtiny.so 0x53457c] [ef7a9a92] 0x4053457c: "movn x15, #0xd3d7" x15=0xfc5787bc => x15=0xffffffffffff2c28
[07:17:16 744][libtiny.so 0x534580] [2499bff2] 0x40534580: "movk x4, #0xfcc9, lsl #16" x4=0xffffffffffff71ec => x4=0xfffffffffcc971ec
[07:17:16 744][libtiny.so 0x534584] [0f8fbff2] 0x40534584: "movk x15, #0xfc78, lsl #16" x15=0xffffffffffff2c28 => x15=0xfffffffffc782c28
[07:17:16 744][libtiny.so 0x534588] [ce01048b] 0x40534588: "add x14, x14, x4" x14=0x4389d014 x4=0xfffffffffcc971ec => x14=0x40534200
[07:17:16 744][libtiny.so 0x53458c] [f7020f8b] 0x4053458c: "add x23, x23, x15" x23=0x47a811c0 x15=0xfffffffffc782c28 => x23=0x44203de8
[07:17:16 744][libtiny.so 0x534590] [c0011fd6] 0x40534590: "br x14" x14=0x40534200
[07:17:16 744][libtiny.so 0x534200] [ee7a9f92] 0x40534200: "movn x14, #0xfbd7" x14=0x40534200 => x14=0xffffffffffff0428
[07:17:16 744][libtiny.so 0x534204] [6e86bff2] 0x40534204: "movk x14, #0xfc33, lsl #16" x14=0xffffffffffff0428 => x14=0xfffffffffc330428
[07:17:16 744][libtiny.so 0x534208] [ee020e8b] 0x40534208: "add x14, x23, x14" x23=0x44203de8 x14=0xfffffffffc330428 => x14=0x40534210
[07:17:16 744][libtiny.so 0x53420c] [c0011fd6] 0x4053420c: "br x14" x14=0x40534210
[07:17:16 744][libtiny.so 0x534210] [6e1e40b9] 0x40534210: "ldr w14, [x19, #0x1c]" ; mem[READ] abs=0xbfff8fbc x19=0xbfff8fa0 => w14=0x6a09e667
[07:17:16 744][libtiny.so 0x534214] [6f6240f9] 0x40534214: "ldr x15, [x19, #0xc0]" ; mem[READ] abs=0xbfff9060 x19=0xbfff8fa0 => x15=0xbfff8f30
[07:17:16 744][libtiny.so 0x534218] [046e8552] 0x40534218: "movz w4, #0x2b70" w4=0xfcc971ec => w4=0x2b70
[07:17:16 744][libtiny.so 0x53421c] [85439a52] 0x4053421c: "movz w5, #0xd21c" w5=0x40534210 => w5=0xd21c
[07:17:16 744][libtiny.so 0x534220] [f6fffff0] 0x40534220: "adrp x22, #0x40533000" => x22=0x40533000
[07:17:16 744][libtiny.so 0x534224] [ee0100b9] 0x40534224: "str w14, [x15]" ; mem[WRITE] abs=0xbfff8f30 w14=0x6a09e667 x15=0xbfff8f30 => w14=0x6a09e667
[07:17:16 744][libtiny.so 0x534228] [6e6e40b9] 0x40534228: "ldr w14, [x19, #0x6c]" ; mem[READ] abs=0xbfff900c x19=0xbfff8fa0 => w14=0x9b05688c
[07:17:16 744][libtiny.so 0x53422c] [6f6640f9] 0x4053422c: "ldr x15, [x19, #0xc8]" ; mem[READ] abs=0xbfff9068 x19=0xbfff8fa0 => x15=0xbfff8f20
[07:17:16 744][libtiny.so 0x534230] [e4dca072] 0x40534230: "movk w4, #0x6e7, lsl #16" w4=0x2b70 => w4=0x6e72b70
[07:17:16 744][libtiny.so 0x534234] [a57da072] 0x40534234: "movk w5, #0x3ed, lsl #16" w5=0xd21c => w5=0x3edd21c
[07:17:16 744][libtiny.so 0x534238] [d6d23c91] 0x40534238: "add x22, x22, #0xf34" x22=0x40533000 => x22=0x40533f34
[07:17:16 744][libtiny.so 0x53423c] [ee0100b9] 0x4053423c: "str w14, [x15]" ; mem[WRITE] abs=0xbfff8f20 w14=0x9b05688c x15=0xbfff8f20 => w14=0x9b05688c
[07:17:16 744][libtiny.so 0x534240] [6e7e40b9] 0x40534240: "ldr w14, [x19, #0x7c]" ; mem[READ] abs=0xbfff901c x19=0xbfff8fa0 => w14=0x1f83d9ab
[07:17:16 744][libtiny.so 0x534244] [6f6a40f9] 0x40534244: "ldr x15, [x19, #0xd0]" ; mem[READ] abs=0xbfff9070 x19=0xbfff8fa0 => x15=0xbfff8f10
[07:17:16 744][libtiny.so 0x534248] [a402048b] 0x40534248: "add x4, x21, x4" x21=0x40533314 x4=0x6e72b70 => x4=0x473a5e84
[07:17:16 744][libtiny.so 0x53424c] [c502058b] 0x4053424c: "add x5, x22, x5" x22=0x40533f34 x5=0x3edd21c => x5=0x44411150
[07:17:16 744][libtiny.so 0x534250] [081100b0] 0x40534250: "adrp x8, #0x40755000" => x8=0x40755000
[07:17:16 744][libtiny.so 0x534254] [ee0100b9] 0x40534254: "str w14, [x15]" ; mem[WRITE] abs=0xbfff8f10 w14=0x1f83d9ab x15=0xbfff8f10 => w14=0x1f83d9ab
[07:17:16 744][libtiny.so 0x534258] [6e5e40b9] 0x40534258: "ldr w14, [x19, #0x5c]" ; mem[READ] abs=0xbfff8ffc x19=0xbfff8fa0 => w14=0x510e527f
[07:17:16 744][libtiny.so 0x53425c] [6f6e40f9] 0x4053425c: "ldr x15, [x19, #0xd8]" ; mem[READ] abs=0xbfff9078 x19=0xbfff8fa0 => x15=0xbfff8f00
[07:17:16 744][libtiny.so 0x534260] [08813d91] 0x40534260: "add x8, x8, #0xf60" x8=0x40755000 => x8=0x40755f60
[07:17:16 744][libtiny.so 0x534264] [ee0100b9] 0x40534264: "str w14, [x15]" ; mem[WRITE] abs=0xbfff8f00 w14=0x510e527f x15=0xbfff8f00 => w14=0x510e527f
[07:17:16 744][libtiny.so 0x534268] [6e8e40b9] 0x40534268: "ldr w14, [x19, #0x8c]" ; mem[READ] abs=0xbfff902c x19=0xbfff8fa0 => w14=0x5be0cd19
[07:17:16 744][libtiny.so 0x53426c] [6f7240f9] 0x4053426c: "ldr x15, [x19, #0xe0]" ; mem[READ] abs=0xbfff9080 x19=0xbfff8fa0 => x15=0xbfff8ef0
[07:17:16 744][libtiny.so 0x534270] [ee0100b9] 0x40534270: "str w14, [x15]" ; mem[WRITE] abs=0xbfff8ef0 w14=0x5be0cd19 x15=0xbfff8ef0 => w14=0x5be0cd19
[07:17:16 744][libtiny.so 0x534274] [6e3e4539] 0x40534274: "ldrb w14, [x19, #0x14f]" ; mem[READ] abs=0xbfff90ef x19=0xbfff8fa0 => w14=0x0
[07:17:16 744][libtiny.so 0x534278] [783e4539] 0x40534278: "ldrb w24, [x19, #0x14f]" ; mem[READ] abs=0xbfff90ef x19=0xbfff8fa0 => w24=0x0
[07:17:16 744][libtiny.so 0x53427c] [0f058052] 0x4053427c: "movz w15, #0x28" w15=0xbfff8ef0 => w15=0x28
[07:17:16 744][libtiny.so 0x534280] [df010071] 0x40534280: "cmp w14, #0" => nzcv=0x60000000 w14=0x0
[07:17:16 744][libtiny.so 0x534284] [6e3e4539] 0x40534284: "ldrb w14, [x19, #0x14f]" ; mem[READ] abs=0xbfff90ef x19=0xbfff8fa0 => w14=0x0
[07:17:16 744][libtiny.so 0x534288] [b710849a] 0x40534288: "csel x23, x5, x4, ne" nzcv=0x18060000000 x5=0x44411150 x4=0x473a5e84 => x23=0x473a5e84
[07:17:16 744][libtiny.so 0x53428c] [040a8052] 0x4053428c: "movz w4, #0x50" w4=0x473a5e84 => w4=0x50
[07:17:16 744][libtiny.so 0x534290] [df010071] 0x40534290: "cmp w14, #0" => nzcv=0x60000000 w14=0x0
[07:17:16 744][libtiny.so 0x534294] [8e819652] 0x40534294: "movz w14, #0xb40c" w14=0x0 => w14=0xb40c
[07:17:16 744][libtiny.so 0x534298] [8f108f9a] 0x40534298: "csel x15, x4, x15, ne" nzcv=0x18060000000 x4=0x50 x15=0x28 => x15=0x28
[07:17:16 744][libtiny.so 0x53429c] [04c68d52] 0x4053429c: "movz w4, #0x6e30" w4=0x50 => w4=0x6e30
[07:17:16 744][libtiny.so 0x5342a0] [8e70a072] 0x405342a0: "movk w14, #0x384, lsl #16" w14=0xb40c => w14=0x384b40c
[07:17:16 744][libtiny.so 0x5342a4] [44ffbf72] 0x405342a4: "movk w4, #0xfffa, lsl #16" w4=0x6e30 => w4=0xfffa6e30
[07:17:16 744][libtiny.so 0x5342a8] [0f696ff8] 0x405342a8: "ldr x15, [x8, x15]" ; mem[READ] abs=0x40755f88 x8=0x40755f60 x15=0x28 => x15=0x43b5b060
[07:17:16 744][libtiny.so 0x5342ac] [ae020e0b] 0x405342ac: "add w14, w21, w14" w21=0x40533314 w14=0x384b40c => w14=0x43d7e720
[07:17:16 744][libtiny.so 0x5342b0] [c402040b] 0x405342b0: "add w4, w22, w4" w22=0x40533f34 w4=0xfffa6e30 => w4=0x404dad64
[07:17:16 744][libtiny.so 0x5342b4] [1f030071] 0x405342b4: "cmp w24, #0" => nzcv=0x60000000 w24=0x0
[07:17:16 744][libtiny.so 0x5342b8] [8e108e1a] 0x405342b8: "csel w14, w4, w14, ne" nzcv=0x18060000000 w4=0x404dad64 w14=0x43d7e720 => w14=0x43d7e720
[07:17:16 744][libtiny.so 0x5342bc] [ce01174b] 0x405342bc: "sub w14, w14, w23" w14=0x43d7e720 w23=0x473a5e84 => w14=0xfc9d889c
[07:17:16 744][libtiny.so 0x5342c0] [eec12e8b] 0x405342c0: "add x14, x15, w14, sxtw" x15=0x43b5b060 w14=0xfc9d889c => x14=0x405338fc
[07:17:16 744][libtiny.so 0x5342c4] [c0011fd6] 0x405342c4: "br x14" x14=0x405338fc
[07:17:16 744][libtiny.so 0x5338fc] [cec047f9] 0x405338fc: "ldr x14, [x6, #0xf80]" ; mem[READ] abs=0x40755f80 x6=0x40755000 => x14=0x439a8ba0
[07:17:16 744][libtiny.so 0x533900] [e44f8b92] 0x40533900: "movn x4, #0x5a7f" x4=0x404dad64 => x4=0xffffffffffffa580
[07:17:16 745][libtiny.so 0x533904] [ef799192] 0x40533904: "movn x15, #0x8bcf" x15=0x43b5b060 => x15=0xffffffffffff7430
[07:17:16 745][libtiny.so 0x533908] [0497bff2] 0x40533908: "movk x4, #0xfcb8, lsl #16" x4=0xffffffffffffa580 => x4=0xfffffffffcb8a580
[07:17:16 745][libtiny.so 0x53390c] [af90bff2] 0x4053390c: "movk x15, #0xfc85, lsl #16" x15=0xffffffffffff7430 => x15=0xfffffffffc857430
[07:17:16 745][libtiny.so 0x533910] [ce01048b] 0x40533910: "add x14, x14, x4" x14=0x439a8ba0 x4=0xfffffffffcb8a580 => x14=0x40533120
[07:17:16 745][libtiny.so 0x533914] [f7020f8b] 0x40533914: "add x23, x23, x15" x23=0x473a5e84 x15=0xfffffffffc857430 => x23=0x43bfd2b4
[07:17:16 745][libtiny.so 0x533918] [c0011fd6] 0x40533918: "br x14" x14=0x40533120
[07:17:16 745][libtiny.so 0x533120] [eef39392] 0x40533120: "movn x14, #0x9f9f" x14=0x40533120 => x14=0xffffffffffff6060
[07:17:16 745][libtiny.so 0x533124] [6e92bff2] 0x40533124: "movk x14, #0xfc93, lsl #16" x14=0xffffffffffff6060 => x14=0xfffffffffc936060
[07:17:16 745][libtiny.so 0x533128] [ee020e8b] 0x40533128: "add x14, x23, x14" x23=0x43bfd2b4 x14=0xfffffffffc936060 => x14=0x40533314
[07:17:16 745][libtiny.so 0x53312c] [c0011fd6] 0x4053312c: "br x14" x14=0x40533314
[07:17:16 745][libtiny.so 0x533314] [6e4a40f9] 0x40533314: "ldr x14, [x19, #0x90]" ; mem[READ] abs=0xbfff9030 x19=0xbfff8fa0 => x14=0xbfff8f90
[07:17:16 745][libtiny.so 0x533318] [84448052] 0x40533318: "movz w4, #0x224" w4=0xfcb8a580 => w4=0x224
[07:17:16 745][libtiny.so 0x53331c] [c46ca072] 0x4053331c: "movk w4, #0x366, lsl #16" w4=0x224 => w4=0x3660224
[07:17:16 745][libtiny.so 0x533320] [05829252] 0x40533320: "movz w5, #0x9410" w5=0x44411150 => w5=0x9410
[07:17:16 745][libtiny.so 0x533324] [ce0140f9] 0x40533324: "ldr x14, [x14]" ; mem[READ] abs=0xbfff8f90 x14=0xbfff8f90 => x14=0xf
[07:17:16 745][libtiny.so 0x533328] [a502a072] 0x40533328: "movk w5, #0x15, lsl #16" w5=0x9410 => w5=0x159410
[07:17:16 745][libtiny.so 0x53332c] [6e9a00f9] 0x4053332c: "str x14, [x19, #0x130]" ; mem[WRITE] abs=0xbfff90d0 x14=0xf x19=0xbfff8fa0 => x14=0xf
[07:17:16 745][libtiny.so 0x533330] [6e9a40f9] 0x40533330: "ldr x14, [x19, #0x130]" ; mem[READ] abs=0xbfff90d0 x19=0xbfff8fa0 => x14=0xf
[07:17:16 745][libtiny.so 0x533334] [cef57ed3] 0x40533334: "lsl x14, x14, #2" x14=0xf => x14=0x3c
[07:17:16 745][libtiny.so 0x533338] [6e9e00f9] 0x40533338: "str x14, [x19, #0x138]" ; mem[WRITE] abs=0xbfff90d8 x14=0x3c x19=0xbfff8fa0 => x14=0x3c
[07:17:16 745][libtiny.so 0x53333c] [6e9e40f9] 0x4053333c: "ldr x14, [x19, #0x138]" ; mem[READ] abs=0xbfff90d8 x19=0xbfff8fa0 => x14=0x3c
[07:17:16 745][libtiny.so 0x533340] [2e686e38] 0x40533340: "ldrb w14, [x1, x14]" ; mem[READ] abs=0x40b3027c x1=0x40b30240 x14=0x3c => w14=0x61
[07:17:16 745][libtiny.so 0x533344] [6f9e40f9] 0x40533344: "ldr x15, [x19, #0x138]" ; mem[READ] abs=0xbfff90d8 x19=0xbfff8fa0 => x15=0x3c
[07:17:16 745][libtiny.so 0x533348] [ce1d0853] 0x40533348: "lsl w14, w14, #0x18" w14=0x61 => w14=0x61000000
[07:17:16 745][libtiny.so 0x53334c] [ef0140b2] 0x4053334c: "orr x15, x15, #1" x15=0x3c => x15=0x3d
[07:17:16 745][libtiny.so 0x533350] [2f686f38] 0x40533350: "ldrb w15, [x1, x15]" ; mem[READ] abs=0x40b3027d x1=0x40b30240 x15=0x3d => w15=0x67
[07:17:16 745][libtiny.so 0x533354] [ee1d1033] 0x40533354: "bfi w14, w15, #0x10, #8" w14=0x61000000 w15=0x67 => w14=0x61670000
[07:17:16 745][libtiny.so 0x533358] [6e4601b9] 0x40533358: "str w14, [x19, #0x144]" ; mem[WRITE] abs=0xbfff90e4 w14=0x61670000 x19=0xbfff8fa0 => w14=0x61670000
[07:17:16 745][libtiny.so 0x53335c] [6e9e40f9] 0x4053335c: "ldr x14, [x19, #0x138]" ; mem[READ] abs=0xbfff90d8 x19=0xbfff8fa0 => x14=0x3c
[07:17:16 745][libtiny.so 0x533360] [0f000090] 0x40533360: "adrp x15, #0x40533000" => x15=0x40533000
[07:17:16 745][libtiny.so 0x533364] [ef810e91] 0x40533364: "add x15, x15, #0x3a0" x15=0x40533000 => x15=0x405333a0
[07:17:16 745][libtiny.so 0x533368] [f701048b] 0x40533368: "add x23, x15, x4" x15=0x405333a0 x4=0x3660224 => x23=0x43b935c4
[07:17:16 745][libtiny.so 0x53336c] [ce017fb2] 0x4053336c: "orr x14, x14, #2" x14=0x3c => x14=0x3e
[07:17:16 745][libtiny.so 0x533370] [24686e38] 0x40533370: "ldrb w4, [x1, x14]" ; mem[READ] abs=0x40b3027e x1=0x40b30240 x14=0x3e => w4=0x69
[07:17:16 745][libtiny.so 0x533374] [8ecb47f9] 0x40533374: "ldr x14, [x28, #0xf90]" ; mem[READ] abs=0x40755f90 x28=0x40755000 => x14=0x43a3a1a4
[07:17:16 745][libtiny.so 0x533378] [ef01174b] 0x40533378: "sub w15, w15, w23" w15=0x405333a0 w23=0x43b935c4 => w15=0xfc99fddc
[07:17:16 745][libtiny.so 0x53337c] [ef01050b] 0x4053337c: "add w15, w15, w5" w15=0xfc99fddc w5=0x159410 => w15=0xfcaf91ec
[07:17:16 745][libtiny.so 0x533380] [845c1853] 0x40533380: "lsl w4, w4, #8" w4=0x69 => w4=0x6900
[07:17:16 745][libtiny.so 0x533384] [cfc12f8b] 0x40533384: "add x15, x14, w15, sxtw" x14=0x43a3a1a4 w15=0xfcaf91ec => x15=0x40533390
[07:17:16 745][libtiny.so 0x533388] [644a01b9] 0x40533388: "str w4, [x19, #0x148]" ; mem[WRITE] abs=0xbfff90e8 w4=0x6900 x19=0xbfff8fa0 => w4=0x6900
[07:17:16 745][libtiny.so 0x53338c] [e0011fd6] 0x4053338c: "br x15" x15=0x40533390
[07:17:16 745][libtiny.so 0x533390] [6e448092] 0x40533390: "movn x14, #0x223" x14=0x43a3a1a4 => x14=0xfffffffffffffddc
[07:17:16 745][libtiny.so 0x533394] [2e93bff2] 0x40533394: "movk x14, #0xfc99, lsl #16" x14=0xfffffffffffffddc => x14=0xfffffffffc99fddc
[07:17:16 745][libtiny.so 0x533398] [ee020e8b] 0x40533398: "add x14, x23, x14" x23=0x43b935c4 x14=0xfffffffffc99fddc => x14=0x405333a0
[07:17:16 745][libtiny.so 0x53339c] [c0011fd6] 0x4053339c: "br x14" x14=0x405333a0
[07:17:16 745][libtiny.so 0x5333a0] [6e4641b9] 0x405333a0: "ldr w14, [x19, #0x144]" ; mem[READ] abs=0xbfff90e4 x19=0xbfff8fa0 => w14=0x61670000
[07:17:16 745][libtiny.so 0x5333a4] [6f4a41b9] 0x405333a4: "ldr w15, [x19, #0x148]" ; mem[READ] abs=0xbfff90e8 x19=0xbfff8fa0 => w15=0x6900
[07:17:16 745][libtiny.so 0x5333a8] [649e40f9] 0x405333a8: "ldr x4, [x19, #0x138]" ; mem[READ] abs=0xbfff90d8 x19=0xbfff8fa0 => x4=0x3c
[07:17:16 745][libtiny.so 0x5333ac] [ce010f2a] 0x405333ac: "orr w14, w14, w15" w14=0x61670000 w15=0x6900 => w14=0x61676900
[07:17:16 745][libtiny.so 0x5333b0] [840440b2] 0x405333b0: "orr x4, x4, #3" x4=0x3c => x4=0x3f
[07:17:16 745][libtiny.so 0x5333b4] [24686438] 0x405333b4: "ldrb w4, [x1, x4]" ; mem[READ] abs=0x40b3027f x1=0x40b30240 x4=0x3f => w4=0x63
[07:17:16 745][libtiny.so 0x5333b8] [659a40f9] 0x405333b8: "ldr x5, [x19, #0x130]" ; mem[READ] abs=0xbfff90d0 x19=0xbfff8fa0 => x5=0xf
[07:17:16 745][libtiny.so 0x5333bc] [6f821191] 0x405333bc: "add x15, x19, #0x460" x19=0xbfff8fa0 => x15=0xbfff9400
[07:17:16 745][libtiny.so 0x5333c0] [ce01042a] 0x405333c0: "orr w14, w14, w4" w14=0x61676900 w4=0x63 => w14=0x61676963
[07:17:16 745][libtiny.so 0x5333c4] [ee7925b8] 0x405333c4: "str w14, [x15, x5, lsl #2]" ; mem[WRITE] abs=0xbfff943c w14=0x61676963 x15=0xbfff9400 x5=0xf => w14=0x61676963
[07:17:16 745][libtiny.so 0x5333c8] [6e9a40f9] 0x405333c8: "ldr x14, [x19, #0x130]" ; mem[READ] abs=0xbfff90d0 x19=0xbfff8fa0 => x14=0xf
[07:17:16 745][libtiny.so 0x5333cc] [848a8e52] 0x405333cc: "movz w4, #0x7454" w4=0x63 => w4=0x7454
[07:17:16 745][libtiny.so 0x5333d0] [050000b0] 0x405333d0: "adrp x5, #0x40534000" => x5=0x40534000
[07:17:16 745][libtiny.so 0x5333d4] [647ca072] 0x405333d4: "movk w4, #0x3e3, lsl #16" w4=0x7454 => w4=0x3e37454
[07:17:16 745][libtiny.so 0x5333d8] [ce050091] 0x405333d8: "add x14, x14, #1" x14=0xf => x14=0x10
[07:17:16 745][libtiny.so 0x5333dc] [df4100f1] 0x405333dc: "cmp x14, #0x10" => nzcv=0x60000000 x14=0x10
[07:17:16 745][libtiny.so 0x5333e0] [ef179f1a] 0x405333e0: "cset w15, eq" nzcv=0x18060000000 => w15=0x1
[07:17:16 746][libtiny.so 0x5333e4] [6f3e0539] 0x405333e4: "strb w15, [x19, #0x14f]" ; mem[WRITE] abs=0xbfff90ef w15=0x1 x19=0xbfff8fa0 => w15=0x1
[07:17:16 746][libtiny.so 0x5333e8] [6f4a40f9] 0x405333e8: "ldr x15, [x19, #0x90]" ; mem[READ] abs=0xbfff9030 x19=0xbfff8fa0 => x15=0xbfff8f90
[07:17:16 746][libtiny.so 0x5333ec] [a5101491] 0x405333ec: "add x5, x5, #0x504" x5=0x40534000 => x5=0x40534504
[07:17:16 746][libtiny.so 0x5333f0] [b700048b] 0x405333f0: "add x23, x5, x4" x5=0x40534504 x4=0x3e37454 => x23=0x4436b958
[07:17:16 746][libtiny.so 0x5333f4] [844e8a52] 0x405333f4: "movz w4, #0x5274" w4=0x3e37454 => w4=0x5274
[07:17:16 746][libtiny.so 0x5333f8] [ee0100f9] 0x405333f8: "str x14, [x15]" ; mem[WRITE] abs=0xbfff8f90 x14=0x10 x15=0xbfff8f90 => x14=0x10
[07:17:16 746][libtiny.so 0x5333fc] [6ee147f9] 0x405333fc: "ldr x14, [x11, #0xfc0]" ; mem[READ] abs=0x40755fc0 x11=0x40755000 => x14=0x4451623c
[07:17:16 746][libtiny.so 0x533400] [af00174b] 0x40533400: "sub w15, w5, w23" w5=0x40534504 w23=0x4436b958 => w15=0xfc1c8bac
[07:17:16 746][libtiny.so 0x533404] [a4fcbf72] 0x40533404: "movk w4, #0xffe5, lsl #16" w4=0x5274 => w4=0xffe55274
[07:17:16 746][libtiny.so 0x533408] [ef01040b] 0x40533408: "add w15, w15, w4" w15=0xfc1c8bac w4=0xffe55274 => w15=0xfc01de20
[07:17:16 746][libtiny.so 0x53340c] [cec12f8b] 0x4053340c: "add x14, x14, w15, sxtw" x14=0x4451623c w15=0xfc01de20 => x14=0x4053405c
[07:17:16 746][libtiny.so 0x533410] [c0011fd6] 0x40533410: "br x14" x14=0x4053405c
[07:17:16 746][libtiny.so 0x53405c] [6e8a8e92] 0x4053405c: "movn x14, #0x7453" x14=0x4053405c => x14=0xffffffffffff8bac
[07:17:16 746][libtiny.so 0x534060] [8e83bff2] 0x40534060: "movk x14, #0xfc1c, lsl #16" x14=0xffffffffffff8bac => x14=0xfffffffffc1c8bac
[07:17:16 746][libtiny.so 0x534064] [ee020e8b] 0x40534064: "add x14, x23, x14" x23=0x4436b958 x14=0xfffffffffc1c8bac => x14=0x40534504
[07:17:16 746][libtiny.so 0x534068] [c0011fd6] 0x40534068: "br x14" x14=0x40534504
[07:17:16 746][libtiny.so 0x534504] [6e4e40f9] 0x40534504: "ldr x14, [x19, #0x98]" ; mem[READ] abs=0xbfff9038 x19=0xbfff8fa0 => x14=0xbfff8f80
[07:17:16 746][libtiny.so 0x534508] [2f008052] 0x40534508: "movz w15, #0x1" w15=0xfc01de20 => w15=0x1
[07:17:16 746][libtiny.so 0x53450c] [04f69952] 0x4053450c: "movz w4, #0xcfb0" w4=0xffe55274 => w4=0xcfb0
[07:17:16 746][libtiny.so 0x534510] [05000090] 0x40534510: "adrp x5, #0x40534000" => x5=0x40534000
[07:17:16 746][libtiny.so 0x534514] [cf010039] 0x40534514: "strb w15, [x14]" ; mem[WRITE] abs=0xbfff8f80 w15=0x1 x14=0xbfff8f80 => w15=0x1
[07:17:16 746][libtiny.so 0x534518] [6e5240f9] 0x40534518: "ldr x14, [x19, #0xa0]" ; mem[READ] abs=0xbfff9040 x19=0xbfff8fa0 => x14=0xbfff8f70
[07:17:16 746][libtiny.so 0x53451c] [081100b0] 0x4053451c: "adrp x8, #0x40755000" => x8=0x40755000
[07:17:16 746][libtiny.so 0x534520] [84eaa072] 0x40534520: "movk w4, #0x754, lsl #16" w4=0xcfb0 => w4=0x754cfb0
[07:17:16 746][libtiny.so 0x534524] [a5400891] 0x40534524: "add x5, x5, #0x210" x5=0x40534000 => x5=0x40534210
[07:17:16 746][libtiny.so 0x534528] [df0100f9] 0x40534528: "str xzr, [x14]" ; mem[WRITE] abs=0xbfff8f70 x14=0xbfff8f70
[07:17:16 746][libtiny.so 0x53452c] [6e4e40b9] 0x4053452c: "ldr w14, [x19, #0x4c]" ; mem[READ] abs=0xbfff8fec x19=0xbfff8fa0 => w14=0xa54ff53a
[07:17:16 746][libtiny.so 0x534530] [6f5640f9] 0x40534530: "ldr x15, [x19, #0xa8]" ; mem[READ] abs=0xbfff9048 x19=0xbfff8fa0 => x15=0xbfff8f60
[07:17:16 746][libtiny.so 0x534534] [b700048b] 0x40534534: "add x23, x5, x4" x5=0x40534210 x4=0x754cfb0 => x23=0x47a811c0
[07:17:16 746][libtiny.so 0x534538] [84ed8a52] 0x40534538: "movz w4, #0x576c" w4=0x754cfb0 => w4=0x576c
[07:17:16 746][libtiny.so 0x53453c] [8475a072] 0x4053453c: "movk w4, #0x3ac, lsl #16" w4=0x576c => w4=0x3ac576c
[07:17:16 746][libtiny.so 0x534540] [ee0100b9] 0x40534540: "str w14, [x15]" ; mem[WRITE] abs=0xbfff8f60 w14=0xa54ff53a x15=0xbfff8f60 => w14=0xa54ff53a
[07:17:16 746][libtiny.so 0x534544] [6e3e40b9] 0x40534544: "ldr w14, [x19, #0x3c]" ; mem[READ] abs=0xbfff8fdc x19=0xbfff8fa0 => w14=0x3c6ef372
[07:17:16 746][libtiny.so 0x534548] [6f5a40f9] 0x40534548: "ldr x15, [x19, #0xb0]" ; mem[READ] abs=0xbfff9050 x19=0xbfff8fa0 => x15=0xbfff8f50
[07:17:16 746][libtiny.so 0x53454c] [ee0100b9] 0x4053454c: "str w14, [x15]" ; mem[WRITE] abs=0xbfff8f50 w14=0x3c6ef372 x15=0xbfff8f50 => w14=0x3c6ef372
[07:17:16 746][libtiny.so 0x534550] [6e2e40b9] 0x40534550: "ldr w14, [x19, #0x2c]" ; mem[READ] abs=0xbfff8fcc x19=0xbfff8fa0 => w14=0xbb67ae85
[07:17:16 746][libtiny.so 0x534554] [6f5e40f9] 0x40534554: "ldr x15, [x19, #0xb8]" ; mem[READ] abs=0xbfff9058 x19=0xbfff8fa0 => x15=0xbfff8f40
[07:17:16 746][libtiny.so 0x534558] [ee0100b9] 0x40534558: "str w14, [x15]" ; mem[WRITE] abs=0xbfff8f40 w14=0xbb67ae85 x15=0xbfff8f40 => w14=0xbb67ae85
[07:17:16 746][libtiny.so 0x53455c] [0eed47f9] 0x4053455c: "ldr x14, [x8, #0xfd8]" ; mem[READ] abs=0x40755fd8 x8=0x40755000 => x14=0x43fbbdb4
[07:17:16 746][libtiny.so 0x534560] [af00174b] 0x40534560: "sub w15, w5, w23" w5=0x40534210 w23=0x47a811c0 => w15=0xf8ab3050
[07:17:16 746][libtiny.so 0x534564] [ef01040b] 0x40534564: "add w15, w15, w4" w15=0xf8ab3050 w4=0x3ac576c => w15=0xfc5787bc
[07:17:16 746][libtiny.so 0x534568] [cec12f8b] 0x40534568: "add x14, x14, w15, sxtw" x14=0x43fbbdb4 w15=0xfc5787bc => x14=0x40534570
[07:17:16 746][libtiny.so 0x53456c] [c0011fd6] 0x4053456c: "br x14" x14=0x40534570
[07:17:16 746][libtiny.so 0x534570] [0e1100b0] 0x40534570: "adrp x14, #0x40755000" => x14=0x40755000
[07:17:16 746][libtiny.so 0x534574] [cee947f9] 0x40534574: "ldr x14, [x14, #0xfd0]" ; mem[READ] abs=0x40755fd0 x14=0x40755000 => x14=0x4389d014
[07:17:16 746][libtiny.so 0x534578] [64c29192] 0x40534578: "movn x4, #0x8e13" x4=0x3ac576c => x4=0xffffffffffff71ec
[07:17:16 746][libtiny.so 0x53457c] [ef7a9a92] 0x4053457c: "movn x15, #0xd3d7" x15=0xfc5787bc => x15=0xffffffffffff2c28
[07:17:16 746][libtiny.so 0x534580] [2499bff2] 0x40534580: "movk x4, #0xfcc9, lsl #16" x4=0xffffffffffff71ec => x4=0xfffffffffcc971ec
[07:17:16 746][libtiny.so 0x534584] [0f8fbff2] 0x40534584: "movk x15, #0xfc78, lsl #16" x15=0xffffffffffff2c28 => x15=0xfffffffffc782c28
[07:17:16 747][libtiny.so 0x534588] [ce01048b] 0x40534588: "add x14, x14, x4" x14=0x4389d014 x4=0xfffffffffcc971ec => x14=0x40534200
[07:17:16 747][libtiny.so 0x53458c] [f7020f8b] 0x4053458c: "add x23, x23, x15" x23=0x47a811c0 x15=0xfffffffffc782c28 => x23=0x44203de8
[07:17:16 747][libtiny.so 0x534590] [c0011fd6] 0x40534590: "br x14" x14=0x40534200
[07:17:16 747][libtiny.so 0x534200] [ee7a9f92] 0x40534200: "movn x14, #0xfbd7" x14=0x40534200 => x14=0xffffffffffff0428
[07:17:16 747][libtiny.so 0x534204] [6e86bff2] 0x40534204: "movk x14, #0xfc33, lsl #16" x14=0xffffffffffff0428 => x14=0xfffffffffc330428
[07:17:16 747][libtiny.so 0x534208] [ee020e8b] 0x40534208: "add x14, x23, x14" x23=0x44203de8 x14=0xfffffffffc330428 => x14=0x40534210
[07:17:16 747][libtiny.so 0x53420c] [c0011fd6] 0x4053420c: "br x14" x14=0x40534210
[07:17:16 747][libtiny.so 0x534210] [6e1e40b9] 0x40534210: "ldr w14, [x19, #0x1c]" ; mem[READ] abs=0xbfff8fbc x19=0xbfff8fa0 => w14=0x6a09e667
[07:17:16 747][libtiny.so 0x534214] [6f6240f9] 0x40534214: "ldr x15, [x19, #0xc0]" ; mem[READ] abs=0xbfff9060 x19=0xbfff8fa0 => x15=0xbfff8f30
[07:17:16 747][libtiny.so 0x534218] [046e8552] 0x40534218: "movz w4, #0x2b70" w4=0xfcc971ec => w4=0x2b70
[07:17:16 747][libtiny.so 0x53421c] [85439a52] 0x4053421c: "movz w5, #0xd21c" w5=0x40534210 => w5=0xd21c
[07:17:16 747][libtiny.so 0x534220] [f6fffff0] 0x40534220: "adrp x22, #0x40533000" => x22=0x40533000
[07:17:16 747][libtiny.so 0x534224] [ee0100b9] 0x40534224: "str w14, [x15]" ; mem[WRITE] abs=0xbfff8f30 w14=0x6a09e667 x15=0xbfff8f30 => w14=0x6a09e667
[07:17:16 747][libtiny.so 0x534228] [6e6e40b9] 0x40534228: "ldr w14, [x19, #0x6c]" ; mem[READ] abs=0xbfff900c x19=0xbfff8fa0 => w14=0x9b05688c
[07:17:16 747][libtiny.so 0x53422c] [6f6640f9] 0x4053422c: "ldr x15, [x19, #0xc8]" ; mem[READ] abs=0xbfff9068 x19=0xbfff8fa0 => x15=0xbfff8f20
[07:17:16 747][libtiny.so 0x534230] [e4dca072] 0x40534230: "movk w4, #0x6e7, lsl #16" w4=0x2b70 => w4=0x6e72b70
[07:17:16 747][libtiny.so 0x534234] [a57da072] 0x40534234: "movk w5, #0x3ed, lsl #16" w5=0xd21c => w5=0x3edd21c
[07:17:16 747][libtiny.so 0x534238] [d6d23c91] 0x40534238: "add x22, x22, #0xf34" x22=0x40533000 => x22=0x40533f34
[07:17:16 747][libtiny.so 0x53423c] [ee0100b9] 0x4053423c: "str w14, [x15]" ; mem[WRITE] abs=0xbfff8f20 w14=0x9b05688c x15=0xbfff8f20 => w14=0x9b05688c
[07:17:16 747][libtiny.so 0x534240] [6e7e40b9] 0x40534240: "ldr w14, [x19, #0x7c]" ; mem[READ] abs=0xbfff901c x19=0xbfff8fa0 => w14=0x1f83d9ab
[07:17:16 747][libtiny.so 0x534244] [6f6a40f9] 0x40534244: "ldr x15, [x19, #0xd0]" ; mem[READ] abs=0xbfff9070 x19=0xbfff8fa0 => x15=0xbfff8f10
[07:17:16 747][libtiny.so 0x534248] [a402048b] 0x40534248: "add x4, x21, x4" x21=0x40533314 x4=0x6e72b70 => x4=0x473a5e84
[07:17:16 747][libtiny.so 0x53424c] [c502058b] 0x4053424c: "add x5, x22, x5" x22=0x40533f34 x5=0x3edd21c => x5=0x44411150
[07:17:16 747][libtiny.so 0x534250] [081100b0] 0x40534250: "adrp x8, #0x40755000" => x8=0x40755000
[07:17:16 747][libtiny.so 0x534254] [ee0100b9] 0x40534254: "str w14, [x15]" ; mem[WRITE] abs=0xbfff8f10 w14=0x1f83d9ab x15=0xbfff8f10 => w14=0x1f83d9ab
[07:17:16 747][libtiny.so 0x534258] [6e5e40b9] 0x40534258: "ldr w14, [x19, #0x5c]" ; mem[READ] abs=0xbfff8ffc x19=0xbfff8fa0 => w14=0x510e527f
[07:17:16 747][libtiny.so 0x53425c] [6f6e40f9] 0x4053425c: "ldr x15, [x19, #0xd8]" ; mem[READ] abs=0xbfff9078 x19=0xbfff8fa0 => x15=0xbfff8f00
[07:17:16 747][libtiny.so 0x534260] [08813d91] 0x40534260: "add x8, x8, #0xf60" x8=0x40755000 => x8=0x40755f60
[07:17:16 747][libtiny.so 0x534264] [ee0100b9] 0x40534264: "str w14, [x15]" ; mem[WRITE] abs=0xbfff8f00 w14=0x510e527f x15=0xbfff8f00 => w14=0x510e527f
[07:17:16 747][libtiny.so 0x534268] [6e8e40b9] 0x40534268: "ldr w14, [x19, #0x8c]" ; mem[READ] abs=0xbfff902c x19=0xbfff8fa0 => w14=0x5be0cd19
[07:17:16 747][libtiny.so 0x53426c] [6f7240f9] 0x4053426c: "ldr x15, [x19, #0xe0]" ; mem[READ] abs=0xbfff9080 x19=0xbfff8fa0 => x15=0xbfff8ef0
[07:17:16 747][libtiny.so 0x534270] [ee0100b9] 0x40534270: "str w14, [x15]" ; mem[WRITE] abs=0xbfff8ef0 w14=0x5be0cd19 x15=0xbfff8ef0 => w14=0x5be0cd19
[07:17:16 747][libtiny.so 0x534274] [6e3e4539] 0x40534274: "ldrb w14, [x19, #0x14f]" ; mem[READ] abs=0xbfff90ef x19=0xbfff8fa0 => w14=0x1
[07:17:16 747][libtiny.so 0x534278] [783e4539] 0x40534278: "ldrb w24, [x19, #0x14f]" ; mem[READ] abs=0xbfff90ef x19=0xbfff8fa0 => w24=0x1
[07:17:16 747][libtiny.so 0x53427c] [0f058052] 0x4053427c: "movz w15, #0x28" w15=0xbfff8ef0 => w15=0x28
[07:17:16 747][libtiny.so 0x534280] [df010071] 0x40534280: "cmp w14, #0" => nzcv=0x20000000 w14=0x1
[07:17:16 747][libtiny.so 0x534284] [6e3e4539] 0x40534284: "ldrb w14, [x19, #0x14f]" ; mem[READ] abs=0xbfff90ef x19=0xbfff8fa0 => w14=0x1
[07:17:16 747][libtiny.so 0x534288] [b710849a] 0x40534288: "csel x23, x5, x4, ne" nzcv=0x18020000000 x5=0x44411150 x4=0x473a5e84 => x23=0x44411150
[07:17:16 747][libtiny.so 0x53428c] [040a8052] 0x4053428c: "movz w4, #0x50" w4=0x473a5e84 => w4=0x50
[07:17:16 747][libtiny.so 0x534290] [df010071] 0x40534290: "cmp w14, #0" => nzcv=0x20000000 w14=0x1
[07:17:16 747][libtiny.so 0x534294] [8e819652] 0x40534294: "movz w14, #0xb40c" w14=0x1 => w14=0xb40c
[07:17:16 747][libtiny.so 0x534298] [8f108f9a] 0x40534298: "csel x15, x4, x15, ne" nzcv=0x18020000000 x4=0x50 x15=0x28 => x15=0x50
[07:17:16 747][libtiny.so 0x53429c] [04c68d52] 0x4053429c: "movz w4, #0x6e30" w4=0x50 => w4=0x6e30
[07:17:16 747][libtiny.so 0x5342a0] [8e70a072] 0x405342a0: "movk w14, #0x384, lsl #16" w14=0xb40c => w14=0x384b40c
[07:17:16 747][libtiny.so 0x5342a4] [44ffbf72] 0x405342a4: "movk w4, #0xfffa, lsl #16" w4=0x6e30 => w4=0xfffa6e30
[07:17:16 747][libtiny.so 0x5342a8] [0f696ff8] 0x405342a8: "ldr x15, [x8, x15]" ; mem[READ] abs=0x40755fb0 x8=0x40755f60 x15=0x50 => x15=0x4446a070
[07:17:16 747][libtiny.so 0x5342ac] [ae020e0b] 0x405342ac: "add w14, w21, w14" w21=0x40533314 w14=0x384b40c => w14=0x43d7e720
[07:17:16 747][libtiny.so 0x5342b0] [c402040b] 0x405342b0: "add w4, w22, w4" w22=0x40533f34 w4=0xfffa6e30 => w4=0x404dad64
[07:17:16 747][libtiny.so 0x5342b4] [1f030071] 0x405342b4: "cmp w24, #0" => nzcv=0x20000000 w24=0x1
[07:17:16 747][libtiny.so 0x5342b8] [8e108e1a] 0x405342b8: "csel w14, w4, w14, ne" nzcv=0x18020000000 w4=0x404dad64 w14=0x43d7e720 => w14=0x404dad64
[07:17:16 747][libtiny.so 0x5342bc] [ce01174b] 0x405342bc: "sub w14, w14, w23" w14=0x404dad64 w23=0x44411150 => w14=0xfc0c9c14
[07:17:16 747][libtiny.so 0x5342c0] [eec12e8b] 0x405342c0: "add x14, x15, w14, sxtw" x15=0x4446a070 w14=0xfc0c9c14 => x14=0x40533c84
[07:17:16 747][libtiny.so 0x5342c4] [c0011fd6] 0x405342c4: "br x14" x14=0x40533c84
[07:17:16 747][libtiny.so 0x533c84] [6e439a92] 0x40533c84: "movn x14, #0xd21b" x14=0x40533c84 => x14=0xffffffffffff2de4
[07:17:16 747][libtiny.so 0x533c88] [4e82bff2] 0x40533c88: "movk x14, #0xfc12, lsl #16" x14=0xffffffffffff2de4 => x14=0xfffffffffc122de4
[07:17:16 747][libtiny.so 0x533c8c] [ee020e8b] 0x40533c8c: "add x14, x23, x14" x23=0x44411150 x14=0xfffffffffc122de4 => x14=0x40533f34
[07:17:16 747][libtiny.so 0x533c90] [c0011fd6] 0x40533c90: "br x14" x14=0x40533f34
[07:17:16 748][libtiny.so 0x533f34] [6e7240f9] 0x40533f34: "ldr x14, [x19, #0xe0]" ; mem[READ] abs=0xbfff9080 x19=0xbfff8fa0 => x14=0xbfff8ef0
[07:17:16 748][libtiny.so 0x533f38] [0ff69952] 0x40533f38: "movz w15, #0xcfb0" w15=0x4446a070 => w15=0xcfb0
[07:17:16 749][libtiny.so 0x533f3c] [040000b0] 0x40533f3c: "adrp x4, #0x40534000" => x4=0x40534000
[07:17:16 749][libtiny.so 0x533f40] [8feaa072] 0x40533f40: "movk w15, #0x754, lsl #16" w15=0xcfb0 => w15=0x754cfb0
[07:17:16 749][libtiny.so 0x533f44] [ce0140b9] 0x40533f44: "ldr w14, [x14]" ; mem[READ] abs=0xbfff8ef0 x14=0xbfff8ef0 => w14=0x5be0cd19
[07:17:16 749][libtiny.so 0x533f48] [84501691] 0x40533f48: "add x4, x4, #0x594" x4=0x40534000 => x4=0x40534594
[07:17:16 750][libtiny.so 0x533f4c] [081100d0] 0x40533f4c: "adrp x8, #0x40755000" => x8=0x40755000
[07:17:16 750][libtiny.so 0x533f50] [97000f8b] 0x40533f50: "add x23, x4, x15" x4=0x40534594 x15=0x754cfb0 => x23=0x47a81544
[07:17:16 750][libtiny.so 0x533f54] [6e5201b9] 0x40533f54: "str w14, [x19, #0x150]" ; mem[WRITE] abs=0xbfff90f0 w14=0x5be0cd19 x19=0xbfff8fa0 => w14=0x5be0cd19
[07:17:16 750][libtiny.so 0x533f58] [6e6e40f9] 0x40533f58: "ldr x14, [x19, #0xd8]" ; mem[READ] abs=0xbfff9078 x19=0xbfff8fa0 => x14=0xbfff8f00
[07:17:16 751][libtiny.so 0x533f5c] [85ed8a52] 0x40533f5c: "movz w5, #0x576c" w5=0x44411150 => w5=0x576c
[07:17:16 751][libtiny.so 0x533f60] [8400174b] 0x40533f60: "sub w4, w4, w23" w4=0x40534594 w23=0x47a81544 => w4=0xf8ab3050
[07:17:16 751][libtiny.so 0x533f64] [8575a072] 0x40533f64: "movk w5, #0x3ac, lsl #16" w5=0x576c => w5=0x3ac576c
[07:17:16 751][libtiny.so 0x533f68] [ce0140b9] 0x40533f68: "ldr w14, [x14]" ; mem[READ] abs=0xbfff8f00 x14=0xbfff8f00 => w14=0x510e527f
[07:17:16 752][libtiny.so 0x533f6c] [8400050b] 0x40533f6c: "add w4, w4, w5" w4=0xf8ab3050 w5=0x3ac576c => w4=0xfc5787bc
[07:17:16 752][libtiny.so 0x533f70] [6e5601b9] 0x40533f70: "str w14, [x19, #0x154]" ; mem[WRITE] abs=0xbfff90f4 w14=0x510e527f x19=0xbfff8fa0 => w14=0x510e527f
[07:17:16 752][libtiny.so 0x533f74] [6e6a40f9] 0x40533f74: "ldr x14, [x19, #0xd0]" ; mem[READ] abs=0xbfff9070 x19=0xbfff8fa0 => x14=0xbfff8f10
[07:17:16 752][libtiny.so 0x533f78] [ce0140b9] 0x40533f78: "ldr w14, [x14]" ; mem[READ] abs=0xbfff8f10 x14=0xbfff8f10 => w14=0x1f83d9ab
[07:17:16 753][libtiny.so 0x533f7c] [6e5a01b9] 0x40533f7c: "str w14, [x19, #0x158]" ; mem[WRITE] abs=0xbfff90f8 w14=0x1f83d9ab x19=0xbfff8fa0 => w14=0x1f83d9ab
[07:17:16 753][libtiny.so 0x533f80] [6e6640f9] 0x40533f80: "ldr x14, [x19, #0xc8]" ; mem[READ] abs=0xbfff9068 x19=0xbfff8fa0 => x14=0xbfff8f20
[07:17:16 753][libtiny.so 0x533f84] [ce0140b9] 0x40533f84: "ldr w14, [x14]" ; mem[READ] abs=0xbfff8f20 x14=0xbfff8f20 => w14=0x9b05688c
[07:17:16 753][libtiny.so 0x533f88] [6e5e01b9] 0x40533f88: "str w14, [x19, #0x15c]" ; mem[WRITE] abs=0xbfff90fc w14=0x9b05688c x19=0xbfff8fa0 => w14=0x9b05688c
[07:17:16 754][libtiny.so 0x533f8c] [6e6240f9] 0x40533f8c: "ldr x14, [x19, #0xc0]" ; mem[READ] abs=0xbfff9060 x19=0xbfff8fa0 => x14=0xbfff8f30
[07:17:16 754][libtiny.so 0x533f90] [ce0140b9] 0x40533f90: "ldr w14, [x14]" ; mem[READ] abs=0xbfff8f30 x14=0xbfff8f30 => w14=0x6a09e667
[07:17:16 754][libtiny.so 0x533f94] [6e6201b9] 0x40533f94: "str w14, [x19, #0x160]" ; mem[WRITE] abs=0xbfff9100 w14=0x6a09e667 x19=0xbfff8fa0 => w14=0x6a09e667
[07:17:16 754][libtiny.so 0x533f98] [6e5e40f9] 0x40533f98: "ldr x14, [x19, #0xb8]" ; mem[READ] abs=0xbfff9058 x19=0xbfff8fa0 => x14=0xbfff8f40
[07:17:16 754][libtiny.so 0x533f9c] [0fed47f9] 0x40533f9c: "ldr x15, [x8, #0xfd8]" ; mem[READ] abs=0x40755fd8 x8=0x40755000 => x15=0x43fbbdb4
[07:17:16 755][libtiny.so 0x533fa0] [ce0140b9] 0x40533fa0: "ldr w14, [x14]" ; mem[READ] abs=0xbfff8f40 x14=0xbfff8f40 => w14=0xbb67ae85
[07:17:16 755][libtiny.so 0x533fa4] [efc1248b] 0x40533fa4: "add x15, x15, w4, sxtw" x15=0x43fbbdb4 w4=0xfc5787bc => x15=0x40534570
[07:17:16 755][libtiny.so 0x533fa8] [6e6601b9] 0x40533fa8: "str w14, [x19, #0x164]" ; mem[WRITE] abs=0xbfff9104 w14=0xbb67ae85 x19=0xbfff8fa0 => w14=0xbb67ae85
[07:17:16 755][libtiny.so 0x533fac] [e0011fd6] 0x40533fac: "br x15" x15=0x40534570
[07:17:16 755][libtiny.so 0x534570] [0e1100b0] 0x40534570: "adrp x14, #0x40755000" => x14=0x40755000
[07:17:16 755][libtiny.so 0x534574] [cee947f9] 0x40534574: "ldr x14, [x14, #0xfd0]" ; mem[READ] abs=0x40755fd0 x14=0x40755000 => x14=0x4389d014
[07:17:16 755][libtiny.so 0x534578] [64c29192] 0x40534578: "movn x4, #0x8e13" x4=0xfc5787bc => x4=0xffffffffffff71ec
[07:17:16 755][libtiny.so 0x53457c] [ef7a9a92] 0x4053457c: "movn x15, #0xd3d7" x15=0x40534570 => x15=0xffffffffffff2c28
[07:17:16 755][libtiny.so 0x534580] [2499bff2] 0x40534580: "movk x4, #0xfcc9, lsl #16" x4=0xffffffffffff71ec => x4=0xfffffffffcc971ec
[07:17:16 755][libtiny.so 0x534584] [0f8fbff2] 0x40534584: "movk x15, #0xfc78, lsl #16" x15=0xffffffffffff2c28 => x15=0xfffffffffc782c28
[07:17:16 755][libtiny.so 0x534588] [ce01048b] 0x40534588: "add x14, x14, x4" x14=0x4389d014 x4=0xfffffffffcc971ec => x14=0x40534200
[07:17:16 755][libtiny.so 0x53458c] [f7020f8b] 0x4053458c: "add x23, x23, x15" x23=0x47a81544 x15=0xfffffffffc782c28 => x23=0x4420416c
[07:17:16 755][libtiny.so 0x534590] [c0011fd6] 0x40534590: "br x14" x14=0x40534200
[07:17:16 755][libtiny.so 0x534200] [ee7a9f92] 0x40534200: "movn x14, #0xfbd7" x14=0x40534200 => x14=0xffffffffffff0428
[07:17:16 755][libtiny.so 0x534204] [6e86bff2] 0x40534204: "movk x14, #0xfc33, lsl #16" x14=0xffffffffffff0428 => x14=0xfffffffffc330428
[07:17:16 755][libtiny.so 0x534208] [ee020e8b] 0x40534208: "add x14, x23, x14" x23=0x4420416c x14=0xfffffffffc330428 => x14=0x40534594
[07:17:16 755][libtiny.so 0x53420c] [c0011fd6] 0x4053420c: "br x14" x14=0x40534594
[07:17:16 756][libtiny.so 0x534594] [6e5a40f9] 0x40534594: "ldr x14, [x19, #0xb0]" ; mem[READ] abs=0xbfff9050 x19=0xbfff8fa0 => x14=0xbfff8f50
[07:17:16 756][libtiny.so 0x534598] [8fed8152] 0x40534598: "movz w15, #0xf6c" w15=0xfc782c28 => w15=0xf6c
[07:17:16 756][libtiny.so 0x53459c] [e4fffff0] 0x4053459c: "adrp x4, #0x40533000" => x4=0x40533000
[07:17:16 757][libtiny.so 0x5345a0] [6f66a072] 0x405345a0: "movk w15, #0x333, lsl #16" w15=0xf6c => w15=0x3330f6c
[07:17:16 757][libtiny.so 0x5345a4] [ce0140b9] 0x405345a4: "ldr w14, [x14]" ; mem[READ] abs=0xbfff8f50 x14=0xbfff8f50 => w14=0x3c6ef372
[07:17:16 757][libtiny.so 0x5345a8] [84300191] 0x405345a8: "add x4, x4, #0x4c" x4=0x40533000 => x4=0x4053304c
[07:17:16 757][libtiny.so 0x5345ac] [97000f8b] 0x405345ac: "add x23, x4, x15" x4=0x4053304c x15=0x3330f6c => x23=0x43863fb8
[07:17:16 758][libtiny.so 0x5345b0] [05639852] 0x405345b0: "movz w5, #0xc318" w5=0x3ac576c => w5=0xc318
[07:17:16 758][libtiny.so 0x5345b4] [6e6a01b9] 0x405345b4: "str w14, [x19, #0x168]" ; mem[WRITE] abs=0xbfff9108 w14=0x3c6ef372 x19=0xbfff8fa0 => w14=0x3c6ef372
[07:17:16 758][libtiny.so 0x5345b8] [6e5640f9] 0x405345b8: "ldr x14, [x19, #0xa8]" ; mem[READ] abs=0xbfff9048 x19=0xbfff8fa0 => x14=0xbfff8f60
[07:17:16 758][libtiny.so 0x5345bc] [45f6bf72] 0x405345bc: "movk w5, #0xffb2, lsl #16" w5=0xc318 => w5=0xffb2c318
[07:17:16 759][libtiny.so 0x5345c0] [8400174b] 0x405345c0: "sub w4, w4, w23" w4=0x4053304c w23=0x43863fb8 => w4=0xfcccf094
[07:17:16 759][libtiny.so 0x5345c4] [8400050b] 0x405345c4: "add w4, w4, w5" w4=0xfcccf094 w5=0xffb2c318 => w4=0xfc7fb3ac
[07:17:16 759][libtiny.so 0x5345c8] [ce0140b9] 0x405345c8: "ldr w14, [x14]" ; mem[READ] abs=0xbfff8f60 x14=0xbfff8f60 => w14=0xa54ff53a
[07:17:16 759][libtiny.so 0x5345cc] [6e6e01b9] 0x405345cc: "str w14, [x19, #0x16c]" ; mem[WRITE] abs=0xbfff910c w14=0xa54ff53a x19=0xbfff8fa0 => w14=0xa54ff53a
[07:17:16 760][libtiny.so 0x5345d0] [6e5240f9] 0x405345d0: "ldr x14, [x19, #0xa0]" ; mem[READ] abs=0xbfff9040 x19=0xbfff8fa0 => x14=0xbfff8f70
[07:17:16 760][libtiny.so 0x5345d4] [ce0140f9] 0x405345d4: "ldr x14, [x14]" ; mem[READ] abs=0xbfff8f70 x14=0xbfff8f70 => x14=0x0
[07:17:16 760][libtiny.so 0x5345d8] [6eba00f9] 0x405345d8: "str x14, [x19, #0x170]" ; mem[WRITE] abs=0xbfff9110 x14=0x0 x19=0xbfff8fa0 => x14=0x0
[07:17:16 760][libtiny.so 0x5345dc] [6e4e40f9] 0x405345dc: "ldr x14, [x19, #0x98]" ; mem[READ] abs=0xbfff9038 x19=0xbfff8fa0 => x14=0xbfff8f80
[07:17:16 761][libtiny.so 0x5345e0] [ce014039] 0x405345e0: "ldrb w14, [x14]" ; mem[READ] abs=0xbfff8f80 x14=0xbfff8f80 => w14=0x1
[07:17:16 761][libtiny.so 0x5345e4] [6efe0539] 0x405345e4: "strb w14, [x19, #0x17f]" ; mem[WRITE] abs=0xbfff911f w14=0x1 x19=0xbfff8fa0 => w14=0x1
[07:17:16 761][libtiny.so 0x5345e8] [6e5641b9] 0x405345e8: "ldr w14, [x19, #0x154]" ; mem[READ] abs=0xbfff90f4 x19=0xbfff8fa0 => w14=0x510e527f
[07:17:16 761][libtiny.so 0x5345ec] [6f5641b9] 0x405345ec: "ldr w15, [x19, #0x154]" ; mem[READ] abs=0xbfff90f4 x19=0xbfff8fa0 => w15=0x510e527f
[07:17:16 762][libtiny.so 0x5345f0] [765641b9] 0x405345f0: "ldr w22, [x19, #0x154]" ; mem[READ] abs=0xbfff90f4 x19=0xbfff8fa0 => w22=0x510e527f
[07:17:16 762][libtiny.so 0x5345f4] [785241b9] 0x405345f4: "ldr w24, [x19, #0x150]" ; mem[READ] abs=0xbfff90f0 x19=0xbfff8fa0 => w24=0x5be0cd19
[07:17:16 762][libtiny.so 0x5345f8] [795a41b9] 0x405345f8: "ldr w25, [x19, #0x158]" ; mem[READ] abs=0xbfff90f8 x19=0xbfff8fa0 => w25=0x1f83d9ab
[07:17:16 763][libtiny.so 0x5345fc] [7a5e41b9] 0x405345fc: "ldr w26, [x19, #0x15c]" ; mem[READ] abs=0xbfff90fc x19=0xbfff8fa0 => w26=0x9b05688c
[07:17:16 764][libtiny.so 0x534600] [7b5641b9] 0x40534600: "ldr w27, [x19, #0x154]" ; mem[READ] abs=0xbfff90f4 x19=0xbfff8fa0 => w27=0x510e527f
[07:17:16 764][libtiny.so 0x534604] [7c5a41b9] 0x40534604: "ldr w28, [x19, #0x158]" ; mem[READ] abs=0xbfff90f8 x19=0xbfff8fa0 => w28=0x1f83d9ab
[07:17:16 764][libtiny.so 0x534608] [bef147f9] 0x40534608: "ldr x30, [x13, #0xfe0]" ; mem[READ] abs=0x40755fe0 x13=0x40755000 => x30=0xffffffffd20e6da0
[07:17:16 765][libtiny.so 0x53460c] [68ba40f9] 0x4053460c: "ldr x8, [x19, #0x170]" ; mem[READ] abs=0xbfff9110 x19=0xbfff8fa0 => x8=0x0
[07:17:16 765][libtiny.so 0x534610] [4503194a] 0x40534610: "eor w5, w26, w25" w26=0x9b05688c w25=0x1f83d9ab => w5=0x8486b127
[07:17:16 765][libtiny.so 0x534614] [ce198e13] 0x40534614: "ror w14, w14, #6" w14=0x510e527f => w14=0xfd443949
[07:17:16 765][libtiny.so 0x534618] [ce2dcf4a] 0x40534618: "eor w14, w14, w15, ror #11" w14=0xfd443949 w15=0x510e527f => w14=0xb2ae1883
[07:17:16 766][libtiny.so 0x53461c] [af001b0a] 0x4053461c: "and w15, w5, w27" w5=0x8486b127 w27=0x510e527f => w15=0x61027
[07:17:16 766][libtiny.so 0x534620] [05009452] 0x40534620: "movz w5, #0xa000" w5=0x8486b127 => w5=0xa000
[07:17:16 766][libtiny.so 0x534624] [c80b088b] 0x40534624: "add x8, x30, x8, lsl #2" x30=0xffffffffd20e6da0 x8=0x0 => x8=0xffffffffd20e6da0
[07:17:16 766][libtiny.so 0x534628] [45c0ad72] 0x40534628: "movk w5, #0x6e02, lsl #16" w5=0xa000 => w5=0x6e02a000
[07:17:16 767][libtiny.so 0x53462c] [086965b8] 0x4053462c: "ldr w8, [x8, x5]" ; mem[READ] abs=0x40110da0 x8=0xffffffffd20e6da0 x5=0x6e02a000 => w8=0x428a2f98
[07:17:16 767][libtiny.so 0x534630] [65ba40f9] 0x40534630: "ldr x5, [x19, #0x170]" ; mem[READ] abs=0xbfff9110 x19=0xbfff8fa0 => x5=0x0
[07:17:16 767][libtiny.so 0x534634] [ce65d64a] 0x40534634: "eor w14, w14, w22, ror #25" w14=0xb2ae1883 w22=0x510e527f => w14=0x3587272b
[07:17:16 767][libtiny.so 0x534638] [76821191] 0x40534638: "add x22, x19, #0x460" x19=0xbfff8fa0 => x22=0xbfff9400
[07:17:16 768][libtiny.so 0x53463c] [ce01180b] 0x4053463c: "add w14, w14, w24" w14=0x3587272b w24=0x5be0cd19 => w14=0x9167f444
[07:17:16 768][libtiny.so 0x534640] [c57a65b8] 0x40534640: "ldr w5, [x22, x5, lsl #2]" ; mem[READ] abs=0xbfff9400 x22=0xbfff9400 x5=0x0 => w5=0x7b226170
[07:17:16 768][libtiny.so 0x534644] [36ba47f9] 0x40534644: "ldr x22, [x17, #0xf70]" ; mem[READ] abs=0x40755f70 x17=0x40755000 => x22=0x43d3786c
[07:17:16 768][libtiny.so 0x534648] [c801080b] 0x40534648: "add w8, w14, w8" w14=0x9167f444 w8=0x428a2f98 => w8=0xd3f223dc
[07:17:16 769][libtiny.so 0x53464c] [ef011c4a] 0x4053464c: "eor w15, w15, w28" w15=0x61027 w28=0x1f83d9ab => w15=0x1f85c98c
[07:17:16 769][libtiny.so 0x534650] [0801050b] 0x40534650: "add w8, w8, w5" w8=0xd3f223dc w5=0x7b226170 => w8=0x4f14854c
[07:17:16 770][libtiny.so 0x534654] [7ec28d92] 0x40534654: "movn x30, #0x6e13" x30=0xffffffffd20e6da0 => x30=0xffffffffffff91ec
[07:17:16 770][libtiny.so 0x534658] [08010f0b] 0x40534658: "add w8, w8, w15" w8=0x4f14854c w15=0x1f85c98c => w8=0x6e9a4ed8
[07:17:16 770][libtiny.so 0x53465c] [cec2248b] 0x4053465c: "add x14, x22, w4, sxtw" x22=0x43d3786c w4=0xfc7fb3ac => x14=0x40532c18
[07:17:16 770][libtiny.so 0x534660] [fe95bff2] 0x40534660: "movk x30, #0xfcaf, lsl #16" x30=0xffffffffffff91ec => x30=0xfffffffffcaf91ec
[07:17:16 770][libtiny.so 0x534664] [1c1100b0] 0x40534664: "adrp x28, #0x40755000" => x28=0x40755000
[07:17:16 770][libtiny.so 0x534668] [688201b9] 0x40534668: "str w8, [x19, #0x180]" ; mem[WRITE] abs=0xbfff9120 w8=0x6e9a4ed8 x19=0xbfff8fa0 => w8=0x6e9a4ed8
[07:17:16 770][libtiny.so 0x53466c] [c0011fd6] 0x4053466c: "br x14" x14=0x40532c18
[07:17:16 771][libtiny.so 0x532c18] [6eed8192] 0x40532c18: "movn x14, #0xf6b" x14=0x40532c18 => x14=0xfffffffffffff094
[07:17:16 771][libtiny.so 0x532c1c] [8e99bff2] 0x40532c1c: "movk x14, #0xfccc, lsl #16" x14=0xfffffffffffff094 => x14=0xfffffffffcccf094
[07:17:16 771][libtiny.so 0x532c20] [ee020e8b] 0x40532c20: "add x14, x23, x14" x23=0x43863fb8 x14=0xfffffffffcccf094 => x14=0x4053304c
[07:17:16 771][libtiny.so 0x532c24] [c0011fd6] 0x40532c24: "br x14" x14=0x4053304c
[07:17:16 772][libtiny.so 0x53304c] [686241b9] 0x4053304c: "ldr w8, [x19, #0x160]" ; mem[READ] abs=0xbfff9100 x19=0xbfff8fa0 => w8=0x6a09e667
[07:17:16 772][libtiny.so 0x533050] [6e6241b9] 0x40533050: "ldr w14, [x19, #0x160]" ; mem[READ] abs=0xbfff9100 x19=0xbfff8fa0 => w14=0x6a09e667
[07:17:16 772][libtiny.so 0x533054] [8f579f52] 0x40533054: "movz w15, #0xfabc" w15=0x1f85c98c => w15=0xfabc
[07:17:16 773][libtiny.so 0x533058] [e4fffff0] 0x40533058: "adrp x4, #0x40532000" => x4=0x40532000
[07:17:16 773][libtiny.so 0x53305c] [08098813] 0x4053305c: "ror w8, w8, #2" w8=0x6a09e667 => w8=0xda827999
[07:17:16 773][libtiny.so 0x533060] [0835ce4a] 0x40533060: "eor w8, w8, w14, ror #13" w8=0xda827999 w14=0x6a09e667 => w8=0xe9b929d6
[07:17:16 773][libtiny.so 0x533064] [688601b9] 0x40533064: "str w8, [x19, #0x184]" ; mem[WRITE] abs=0xbfff9124 w8=0xe9b929d6 x19=0xbfff8fa0 => w8=0xe9b929d6
[07:17:16 774][libtiny.so 0x533068] [091100d0] 0x40533068: "adrp x9, #0x40755000" => x9=0x40755000
[07:17:16 774][libtiny.so 0x53306c] [6fefa072] 0x4053306c: "movk w15, #0x77b, lsl #16" w15=0xfabc => w15=0x77bfabc
[07:17:16 774][libtiny.so 0x533070] [84a01591] 0x40533070: "add x4, x4, #0x568" x4=0x40532000 => x4=0x40532568
[07:17:16 774][libtiny.so 0x533074] [686241b9] 0x40533074: "ldr w8, [x19, #0x160]" ; mem[READ] abs=0xbfff9100 x19=0xbfff8fa0 => w8=0x6a09e667
[07:17:16 775][libtiny.so 0x533078] [2eb547f9] 0x40533078: "ldr x14, [x9, #0xf68]" ; mem[READ] abs=0x40755f68 x9=0x40755000 => x14=0x4394fb50
[07:17:16 775][libtiny.so 0x53307c] [85558552] 0x4053307c: "movz w5, #0x2aac" w5=0x7b226170 => w5=0x2aac
[07:17:16 775][libtiny.so 0x533080] [97000f8b] 0x40533080: "add x23, x4, x15" x4=0x40532568 x15=0x77bfabc => x23=0x47cf2024
[07:17:16 775][libtiny.so 0x533084] [4587a072] 0x40533084: "movk w5, #0x43a, lsl #16" w5=0x2aac => w5=0x43a2aac
[07:17:16 776][libtiny.so 0x533088] [8f00174b] 0x40533088: "sub w15, w4, w23" w4=0x40532568 w23=0x47cf2024 => w15=0xf8840544
[07:17:16 776][libtiny.so 0x53308c] [ef01050b] 0x4053308c: "add w15, w15, w5" w15=0xf8840544 w5=0x43a2aac => w15=0xfcbe2ff0
[07:17:16 776][libtiny.so 0x533090] [08598813] 0x40533090: "ror w8, w8, #0x16" w8=0x6a09e667 => w8=0x27999da8
[07:17:16 776][libtiny.so 0x533094] [cec12f8b] 0x40533094: "add x14, x14, w15, sxtw" x14=0x4394fb50 w15=0xfcbe2ff0 => x14=0x40532b40
[07:17:16 777][libtiny.so 0x533098] [688a01b9] 0x40533098: "str w8, [x19, #0x188]" ; mem[WRITE] abs=0xbfff9128 w8=0x27999da8 x19=0xbfff8fa0 => w8=0x27999da8
[07:17:16 777][libtiny.so 0x53309c] [c0011fd6] 0x4053309c: "br x14" x14=0x40532b40
[07:17:16 777][libtiny.so 0x532b40] [081100f0] 0x40532b40: "adrp x8, #0x40755000" => x8=0x40755000
[07:17:16 777][libtiny.so 0x532b44] [0eb147f9] 0x40532b44: "ldr x14, [x8, #0xf60]" ; mem[READ] abs=0x40755f60 x8=0x40755000 => x14=0x4421e634
[07:17:16 777][libtiny.so 0x532b48] [641b9892] 0x40532b48: "movn x4, #0xc0db" x4=0x40532568 => x4=0xffffffffffff3f24
[07:17:16 778][libtiny.so 0x532b4c] [6fa48a92] 0x40532b4c: "movn x15, #0x5523" x15=0xfcbe2ff0 => x15=0xffffffffffffaadc
[07:17:16 778][libtiny.so 0x532b50] [2486bff2] 0x40532b50: "movk x4, #0xfc31, lsl #16" x4=0xffffffffffff3f24 => x4=0xfffffffffc313f24
[07:17:16 778][libtiny.so 0x532b54] [ef85bff2] 0x40532b54: "movk x15, #0xfc2f, lsl #16" x15=0xffffffffffffaadc => x15=0xfffffffffc2faadc
[07:17:16 778][libtiny.so 0x532b58] [ce01048b] 0x40532b58: "add x14, x14, x4" x14=0x4421e634 x4=0xfffffffffc313f24 => x14=0x40532558
[07:17:16 779][libtiny.so 0x532b5c] [f7020f8b] 0x40532b5c: "add x23, x23, x15" x23=0x47cf2024 x15=0xfffffffffc2faadc => x23=0x43fecb00
[07:17:16 779][libtiny.so 0x532b60] [c0011fd6] 0x40532b60: "br x14" x14=0x40532558
[07:17:16 780][libtiny.so 0x532558] [eeb29492] 0x40532558: "movn x14, #0xa597" x14=0x40532558 => x14=0xffffffffffff5a68
[07:17:16 780][libtiny.so 0x53255c] [8e8abff2] 0x4053255c: "movk x14, #0xfc54, lsl #16" x14=0xffffffffffff5a68 => x14=0xfffffffffc545a68
[07:17:16 780][libtiny.so 0x532560] [ee020e8b] 0x40532560: "add x14, x23, x14" x23=0x43fecb00 x14=0xfffffffffc545a68 => x14=0x40532568
[07:17:16 780][libtiny.so 0x532564] [c0011fd6] 0x40532564: "br x14" x14=0x40532568
[07:17:16 781][libtiny.so 0x532568] [788641b9] 0x40532568: "ldr w24, [x19, #0x184]" ; mem[READ] abs=0xbfff9124 x19=0xbfff8fa0 => w24=0xe9b929d6
[07:17:16 781][libtiny.so 0x53256c] [798a41b9] 0x4053256c: "ldr w25, [x19, #0x188]" ; mem[READ] abs=0xbfff9128 x19=0xbfff8fa0 => w25=0x27999da8
[07:17:16 781][libtiny.so 0x532570] [7b6241b9] 0x40532570: "ldr w27, [x19, #0x160]" ; mem[READ] abs=0xbfff9100 x19=0xbfff8fa0 => w27=0x6a09e667
[07:17:16 782][libtiny.so 0x532574] [7e6641b9] 0x40532574: "ldr w30, [x19, #0x164]" ; mem[READ] abs=0xbfff9104 x19=0xbfff8fa0 => w30=0xbb67ae85
[07:17:16 782][libtiny.so 0x532578] [7a6241b9] 0x40532578: "ldr w26, [x19, #0x160]" ; mem[READ] abs=0xbfff9100 x19=0xbfff8fa0 => w26=0x6a09e667
[07:17:16 782][libtiny.so 0x53257c] [7c6641b9] 0x4053257c: "ldr w28, [x19, #0x164]" ; mem[READ] abs=0xbfff9104 x19=0xbfff8fa0 => w28=0xbb67ae85
[07:17:16 782][libtiny.so 0x532580] [656a41b9] 0x40532580: "ldr w5, [x19, #0x168]" ; mem[READ] abs=0xbfff9108 x19=0xbfff8fa0 => w5=0x3c6ef372
[07:17:16 783][libtiny.so 0x532584] [766e41b9] 0x40532584: "ldr w22, [x19, #0x16c]" ; mem[READ] abs=0xbfff910c x19=0xbfff8fa0 => w22=0xa54ff53a
[07:17:16 783][libtiny.so 0x532588] [6f8241b9] 0x40532588: "ldr w15, [x19, #0x180]" ; mem[READ] abs=0xbfff9120 x19=0xbfff8fa0 => w15=0x6e9a4ed8
[07:17:16 783][libtiny.so 0x53258c] [08f49352] 0x4053258c: "movz w8, #0x9fa0" w8=0x40755000 => w8=0x9fa0
[07:17:16 783][libtiny.so 0x532590] [030000b0] 0x40532590: "adrp x3, #0x40533000" => x3=0x40533000
[07:17:16 784][libtiny.so 0x532594] [886da072] 0x40532594: "movk w8, #0x36c, lsl #16" w8=0x9fa0 => w8=0x36c9fa0
[07:17:16 784][libtiny.so 0x532598] [cf020f0b] 0x40532598: "add w15, w22, w15" w22=0xa54ff53a w15=0x6e9a4ed8 => w15=0x13ea4412
[07:17:16 784][libtiny.so 0x53259c] [6f8e01b9] 0x4053259c: "str w15, [x19, #0x18c]" ; mem[WRITE] abs=0xbfff912c w15=0x13ea4412 x19=0xbfff8fa0 => w15=0x13ea4412
[07:17:16 784][libtiny.so 0x5325a0] [63e00891] 0x405325a0: "add x3, x3, #0x238" x3=0x40533000 => x3=0x40533238
[07:17:16 785][libtiny.so 0x5325a4] [6f8241b9] 0x405325a4: "ldr w15, [x19, #0x180]" ; mem[READ] abs=0xbfff9120 x19=0xbfff8fa0 => w15=0x6e9a4ed8
[07:17:16 785][libtiny.so 0x5325a8] [09a48852] 0x405325a8: "movz w9, #0x4520" w9=0x40755000 => w9=0x4520
[07:17:16 785][libtiny.so 0x5325ac] [7700088b] 0x405325ac: "add x23, x3, x8" x3=0x40533238 x8=0x36c9fa0 => x23=0x43bfd1d8
[07:17:16 785][libtiny.so 0x5325b0] [a904a072] 0x405325b0: "movk w9, #0x25, lsl #16" w9=0x4520 => w9=0x254520
[07:17:16 786][libtiny.so 0x5325b4] [6800174b] 0x405325b4: "sub w8, w3, w23" w3=0x40533238 w23=0x43bfd1d8 => w8=0xfc936060
[07:17:16 786][libtiny.so 0x5325b8] [96031a2a] 0x405325b8: "orr w22, w28, w26" w28=0xbb67ae85 w26=0x6a09e667 => w22=0xfb6feee7
[07:17:16 786][libtiny.so 0x5325bc] [0801090b] 0x405325bc: "add w8, w8, w9" w8=0xfc936060 w9=0x254520 => w8=0xfcb8a580
[07:17:16 786][libtiny.so 0x5325c0] [0903194a] 0x405325c0: "eor w9, w24, w25" w24=0xe9b929d6 w25=0x27999da8 => w9=0xce20b47e
[07:17:16 786][libtiny.so 0x5325c4] [c3031b0a] 0x405325c4: "and w3, w30, w27" w30=0xbb67ae85 w27=0x6a09e667 => w3=0x2a01a605
[07:17:16 787][libtiny.so 0x5325c8] [a500160a] 0x405325c8: "and w5, w5, w22" w5=0x3c6ef372 w22=0xfb6feee7 => w5=0x386ee262
[07:17:16 787][libtiny.so 0x5325cc] [a300032a] 0x405325cc: "orr w3, w5, w3" w5=0x386ee262 w3=0x2a01a605 => w3=0x3a6fe667
[07:17:16 787][libtiny.so 0x5325d0] [e901090b] 0x405325d0: "add w9, w15, w9" w15=0x6e9a4ed8 w9=0xce20b47e => w9=0x3cbb0356
[07:17:16 787][libtiny.so 0x5325d4] [2901030b] 0x405325d4: "add w9, w9, w3" w9=0x3cbb0356 w3=0x3a6fe667 => w9=0x772ae9bd
[07:17:16 788][libtiny.so 0x5325d8] [699201b9] 0x405325d8: "str w9, [x19, #0x190]" ; mem[WRITE] abs=0xbfff9130 w9=0x772ae9bd x19=0xbfff8fa0 => w9=0x772ae9bd
[07:17:16 788][libtiny.so 0x5325dc] [698e41b9] 0x405325dc: "ldr w9, [x19, #0x18c]" ; mem[READ] abs=0xbfff912c x19=0xbfff8fa0 => w9=0x13ea4412
[07:17:16 788][libtiny.so 0x5325e0] [6f8e41b9] 0x405325e0: "ldr w15, [x19, #0x18c]" ; mem[READ] abs=0xbfff912c x19=0xbfff8fa0 => w15=0x13ea4412
[07:17:16 789][libtiny.so 0x5325e4] [638e41b9] 0x405325e4: "ldr w3, [x19, #0x18c]" ; mem[READ] abs=0xbfff912c x19=0xbfff8fa0 => w3=0x13ea4412
[07:17:16 789][libtiny.so 0x5325e8] [655641b9] 0x405325e8: "ldr w5, [x19, #0x154]" ; mem[READ] abs=0xbfff90f4 x19=0xbfff8fa0 => w5=0x510e527f
[07:17:16 789][libtiny.so 0x5325ec] [765e41b9] 0x405325ec: "ldr w22, [x19, #0x15c]" ; mem[READ] abs=0xbfff90fc x19=0xbfff8fa0 => w22=0x9b05688c
[07:17:16 789][libtiny.so 0x5325f0] [788e41b9] 0x405325f0: "ldr w24, [x19, #0x18c]" ; mem[READ] abs=0xbfff912c x19=0xbfff8fa0 => w24=0x13ea4412
[07:17:16 790][libtiny.so 0x5325f4] [795e41b9] 0x405325f4: "ldr w25, [x19, #0x15c]" ; mem[READ] abs=0xbfff90fc x19=0xbfff8fa0 => w25=0x9b05688c
[07:17:16 790][libtiny.so 0x5325f8] [7aba40f9] 0x405325f8: "ldr x26, [x19, #0x170]" ; mem[READ] abs=0xbfff9110 x19=0xbfff8fa0 => x26=0x0
[07:17:16 790][libtiny.so 0x5325fc] [bbf147f9] 0x405325fc: "ldr x27, [x13, #0xfe0]" ; mem[READ] abs=0x40755fe0 x13=0x40755000 => x27=0xffffffffd20e6da0
[07:17:16 790][libtiny.so 0x532600] [04009452] 0x40532600: "movz w4, #0xa000" w4=0xfc313f24 => w4=0xa000
[07:17:16 791][libtiny.so 0x532604] [44c0ad72] 0x40532604: "movk w4, #0x6e02, lsl #16" w4=0xa000 => w4=0x6e02a000
[07:17:16 791][libtiny.so 0x532608] [29198913] 0x40532608: "ror w9, w9, #6" w9=0x13ea4412 => w9=0x484fa910
[07:17:16 791][libtiny.so 0x53260c] [c502054a] 0x4053260c: "eor w5, w22, w5" w22=0x9b05688c w5=0x510e527f => w5=0xca0b3af3
[07:17:16 791][libtiny.so 0x532610] [56f77ed3] 0x40532610: "lsl x22, x26, #2" x22=0x9b05688c x26=0x0 => x22=0x0
[07:17:16 792][libtiny.so 0x532614] [6e821191] 0x40532614: "add x14, x19, #0x460" x19=0xbfff8fa0 => x14=0xbfff9400
[07:17:16 792][libtiny.so 0x532618] [6403048b] 0x40532618: "add x4, x27, x4" x27=0xffffffffd20e6da0 x4=0x6e02a000 => x4=0x40110da0
[07:17:16 793][libtiny.so 0x53261c] [292dcf4a] 0x4053261c: "eor w9, w9, w15, ror #11" w9=0x484fa910 w15=0x13ea4412 => w9=0xca0dd458
[07:17:16 793][libtiny.so 0x532620] [0f03050a] 0x40532620: "and w15, w24, w5" w24=0x13ea4412 w5=0xca0b3af3 => w15=0x20a0012
[07:17:16 793][libtiny.so 0x532624] [c5027eb2] 0x40532624: "orr x5, x22, #4" x5=0xca0b3af3 x22=0x0 => x5=0x4
[07:17:16 794][libtiny.so 0x532628] [2965c34a] 0x40532628: "eor w9, w9, w3, ror #25" w9=0xca0dd458 w3=0x13ea4412 => w9=0x3f2fdd51
[07:17:16 794][libtiny.so 0x53262c] [836865b8] 0x4053262c: "ldr w3, [x4, x5]" ; mem[READ] abs=0x40110da4 x4=0x40110da0 x5=0x4 => w3=0x71374491
[07:17:16 794][libtiny.so 0x532630] [c56965b8] 0x40532630: "ldr w5, [x14, x5]" ; mem[READ] abs=0xbfff9404 x14=0xbfff9400 x5=0x4 => w5=0x70696422
[07:17:16 795][libtiny.so 0x532634] [765a41b9] 0x40532634: "ldr w22, [x19, #0x158]" ; mem[READ] abs=0xbfff90f8 x19=0xbfff8fa0 => w22=0x1f83d9ab
[07:17:16 795][libtiny.so 0x532638] [789241b9] 0x40532638: "ldr w24, [x19, #0x190]" ; mem[READ] abs=0xbfff9130 x19=0xbfff8fa0 => w24=0x772ae9bd
[07:17:16 795][libtiny.so 0x53263c] [7a9241b9] 0x4053263c: "ldr w26, [x19, #0x190]" ; mem[READ] abs=0xbfff9130 x19=0xbfff8fa0 => w26=0x772ae9bd
[07:17:16 796][libtiny.so 0x532640] [7b9241b9] 0x40532640: "ldr w27, [x19, #0x190]" ; mem[READ] abs=0xbfff9130 x19=0xbfff8fa0 => w27=0x772ae9bd
[07:17:16 796][libtiny.so 0x532644] [7c6241b9] 0x40532644: "ldr w28, [x19, #0x160]" ; mem[READ] abs=0xbfff9100 x19=0xbfff8fa0 => w28=0x6a09e667
[07:17:16 796][libtiny.so 0x532648] [7e9241b9] 0x40532648: "ldr w30, [x19, #0x190]" ; mem[READ] abs=0xbfff9130 x19=0xbfff8fa0 => w30=0x772ae9bd
[07:17:16 796][libtiny.so 0x53264c] [6a6241b9] 0x4053264c: "ldr w10, [x19, #0x160]" ; mem[READ] abs=0xbfff9100 x19=0xbfff8fa0 => w10=0x6a09e667
[07:17:16 797][libtiny.so 0x532650] [6c9241b9] 0x40532650: "ldr w12, [x19, #0x190]" ; mem[READ] abs=0xbfff9130 x19=0xbfff8fa0 => w12=0x772ae9bd
[07:17:16 797][libtiny.so 0x532654] [ef01194a] 0x40532654: "eor w15, w15, w25" w15=0x20a0012 w25=0x9b05688c => w15=0x990f689e
[07:17:16 797][libtiny.so 0x532658] [ef01160b] 0x40532658: "add w15, w15, w22" w15=0x990f689e w22=0x1f83d9ab => w15=0xb8934249
[07:17:16 798][libtiny.so 0x53265c] [ef01030b] 0x4053265c: "add w15, w15, w3" w15=0xb8934249 w3=0x71374491 => w15=0x29ca86da
[07:17:16 798][libtiny.so 0x532660] [8a010a2a] 0x40532660: "orr w10, w12, w10" w12=0x772ae9bd w10=0x6a09e667 => w10=0x7f2befff
[07:17:16 798][libtiny.so 0x532664] [6c6641b9] 0x40532664: "ldr w12, [x19, #0x164]" ; mem[READ] abs=0xbfff9104 x19=0xbfff8fa0 => w12=0xbb67ae85
[07:17:16 798][libtiny.so 0x532668] [030b9813] 0x40532668: "ror w3, w24, #2" w24=0x772ae9bd => w3=0x5dcaba6f
[07:17:16 799][libtiny.so 0x53266c] [d6031c0a] 0x4053266c: "and w22, w30, w28" w30=0x772ae9bd w28=0x6a09e667 => w22=0x6208e025
[07:17:16 799][libtiny.so 0x532670] [6334da4a] 0x40532670: "eor w3, w3, w26, ror #13" w3=0x5dcaba6f w26=0x772ae9bd => w3=0x10210338
[07:17:16 799][libtiny.so 0x532674] [4a010c0a] 0x40532674: "and w10, w10, w12" w10=0x7f2befff w12=0xbb67ae85 => w10=0x3b23ae85
[07:17:16 799][libtiny.so 0x532678] [6c6a41b9] 0x40532678: "ldr w12, [x19, #0x168]" ; mem[READ] abs=0xbfff9108 x19=0xbfff8fa0 => w12=0x3c6ef372
[07:17:16 800][libtiny.so 0x53267c] [e901090b] 0x4053267c: "add w9, w15, w9" w15=0x29ca86da w9=0x3f2fdd51 => w9=0x68fa642b
[07:17:16 800][libtiny.so 0x532680] [6f58db4a] 0x40532680: "eor w15, w3, w27, ror #22" w3=0x10210338 w27=0x772ae9bd => w15=0xbb87f6e4
[07:17:16 800][libtiny.so 0x532684] [4a01162a] 0x40532684: "orr w10, w10, w22" w10=0x3b23ae85 w22=0x6208e025 => w10=0x7b2beea5
[07:17:16 801][libtiny.so 0x532688] [2901050b] 0x40532688: "add w9, w9, w5" w9=0x68fa642b w5=0x70696422 => w9=0xd963c84d
[07:17:16 801][libtiny.so 0x53268c] [ea010a0b] 0x4053268c: "add w10, w15, w10" w15=0xbb87f6e4 w10=0x7b2beea5 => w10=0x36b3e589
[07:17:16 801][libtiny.so 0x532690] [2c010c0b] 0x40532690: "add w12, w9, w12" w9=0xd963c84d w12=0x3c6ef372 => w12=0x15d2bbbf
[07:17:16 802][libtiny.so 0x532694] [4901090b] 0x40532694: "add w9, w10, w9" w10=0x36b3e589 w9=0xd963c84d => w9=0x1017add6
[07:17:16 802][libtiny.so 0x532698] [6c9601b9] 0x40532698: "str w12, [x19, #0x194]" ; mem[WRITE] abs=0xbfff9134 w12=0x15d2bbbf x19=0xbfff8fa0 => w12=0x15d2bbbf
[07:17:16 802][libtiny.so 0x53269c] [699a01b9] 0x4053269c: "str w9, [x19, #0x198]" ; mem[WRITE] abs=0xbfff9138 w9=0x1017add6 x19=0xbfff8fa0 => w9=0x1017add6
[07:17:16 803][libtiny.so 0x5326a0] [699641b9] 0x405326a0: "ldr w9, [x19, #0x194]" ; mem[READ] abs=0xbfff9134 x19=0xbfff8fa0 => w9=0x15d2bbbf
[07:17:16 803][libtiny.so 0x5326a4] [6a9641b9] 0x405326a4: "ldr w10, [x19, #0x194]" ; mem[READ] abs=0xbfff9134 x19=0xbfff8fa0 => w10=0x15d2bbbf
[07:17:16 803][libtiny.so 0x5326a8] [6c9641b9] 0x405326a8: "ldr w12, [x19, #0x194]" ; mem[READ] abs=0xbfff9134 x19=0xbfff8fa0 => w12=0x15d2bbbf
[07:17:16 803][libtiny.so 0x5326ac] [6f5641b9] 0x405326ac: "ldr w15, [x19, #0x154]" ; mem[READ] abs=0xbfff90f4 x19=0xbfff8fa0 => w15=0x510e527f
[07:17:16 804][libtiny.so 0x5326b0] [638e41b9] 0x405326b0: "ldr w3, [x19, #0x18c]" ; mem[READ] abs=0xbfff912c x19=0xbfff8fa0 => w3=0x13ea4412
[07:17:16 804][libtiny.so 0x5326b4] [659641b9] 0x405326b4: "ldr w5, [x19, #0x194]" ; mem[READ] abs=0xbfff9134 x19=0xbfff8fa0 => w5=0x15d2bbbf
[07:17:16 804][libtiny.so 0x5326b8] [765641b9] 0x405326b8: "ldr w22, [x19, #0x154]" ; mem[READ] abs=0xbfff90f4 x19=0xbfff8fa0 => w22=0x510e527f
[07:17:16 805][libtiny.so 0x5326bc] [78ba40f9] 0x405326bc: "ldr x24, [x19, #0x170]" ; mem[READ] abs=0xbfff9110 x19=0xbfff8fa0 => x24=0x0
[07:17:16 805][libtiny.so 0x5326c0] [29198913] 0x405326c0: "ror w9, w9, #6" w9=0x15d2bbbf => w9=0xfc574aee
[07:17:16 806][libtiny.so 0x5326c4] [292dca4a] 0x405326c4: "eor w9, w9, w10, ror #11" w9=0xfc574aee w10=0x15d2bbbf => w9=0x8bb5f0b9
[07:17:16 806][libtiny.so 0x5326c8] [6f000f4a] 0x405326c8: "eor w15, w3, w15" w3=0x13ea4412 w15=0x510e527f => w15=0x42e4166d
[07:17:16 807][libtiny.so 0x5326cc] [0af77ed3] 0x405326cc: "lsl x10, x24, #2" x10=0x15d2bbbf x24=0x0 => x10=0x0
[07:17:16 807][libtiny.so 0x5326d0] [4a017db2] 0x405326d0: "orr x10, x10, #8" x10=0x0 => x10=0x8
[07:17:16 807][libtiny.so 0x5326d4] [83686ab8] 0x405326d4: "ldr w3, [x4, x10]" ; mem[READ] abs=0x40110da8 x4=0x40110da0 x10=0x8 => w3=0xb5c0fbcf
[07:17:16 808][libtiny.so 0x5326d8] [ca696ab8] 0x405326d8: "ldr w10, [x14, x10]" ; mem[READ] abs=0xbfff9408 x14=0xbfff9400 x10=0x8 => w10=0x3a224543
[07:17:16 808][libtiny.so 0x5326dc] [6e5e41b9] 0x405326dc: "ldr w14, [x19, #0x15c]" ; mem[READ] abs=0xbfff90fc x19=0xbfff8fa0 => w14=0x9b05688c
[07:17:16 808][libtiny.so 0x5326e0] [af000f0a] 0x405326e0: "and w15, w5, w15" w5=0x15d2bbbf w15=0x42e4166d => w15=0xc0122d
[07:17:16 810][libtiny.so 0x5326e4] [2965cc4a] 0x405326e4: "eor w9, w9, w12, ror #25" w9=0x8bb5f0b9 w12=0x15d2bbbf => w9=0x62e82f33
[07:17:16 810][libtiny.so 0x5326e8] [ec01164a] 0x405326e8: "eor w12, w15, w22" w15=0xc0122d w22=0x510e527f => w12=0x51ce4052
[07:17:16 810][libtiny.so 0x5326ec] [cfc047f9] 0x405326ec: "ldr x15, [x6, #0xf80]" ; mem[READ] abs=0x40755f80 x6=0x40755000 => x15=0x439a8ba0
[07:17:16 811][libtiny.so 0x5326f0] [6e000e0b] 0x405326f0: "add w14, w3, w14" w3=0xb5c0fbcf w14=0x9b05688c => w14=0x50c6645b
[07:17:16 811][libtiny.so 0x5326f4] [ca010a0b] 0x405326f4: "add w10, w14, w10" w14=0x50c6645b w10=0x3a224543 => w10=0x8ae8a99e
[07:17:16 811][libtiny.so 0x5326f8] [4a010c0b] 0x405326f8: "add w10, w10, w12" w10=0x8ae8a99e w12=0x51ce4052 => w10=0xdcb6e9f0
[07:17:16 811][libtiny.so 0x5326fc] [7ec28d92] 0x405326fc: "movn x30, #0x6e13" x30=0x772ae9bd => x30=0xffffffffffff91ec
[07:17:16 812][libtiny.so 0x532700] [4901090b] 0x40532700: "add w9, w10, w9" w10=0xdcb6e9f0 w9=0x62e82f33 => w9=0x3f9f1923
[07:17:16 812][libtiny.so 0x532704] [e8c1288b] 0x40532704: "add x8, x15, w8, sxtw" x15=0x439a8ba0 w8=0xfcb8a580 => x8=0x40533120
[07:17:16 812][libtiny.so 0x532708] [fe95bff2] 0x40532708: "movk x30, #0xfcaf, lsl #16" x30=0xffffffffffff91ec => x30=0xfffffffffcaf91ec
[07:17:16 813][libtiny.so 0x53270c] [1c1100f0] 0x4053270c: "adrp x28, #0x40755000" => x28=0x40755000
[07:17:16 813][libtiny.so 0x532710] [699e01b9] 0x40532710: "str w9, [x19, #0x19c]" ; mem[WRITE] abs=0xbfff913c w9=0x3f9f1923 x19=0xbfff8fa0 => w9=0x3f9f1923
[07:17:16 813][libtiny.so 0x532714] [00011fd6] 0x40532714: "br x8" x8=0x40533120
[07:17:16 813][libtiny.so 0x533120] [eef39392] 0x40533120: "movn x14, #0x9f9f" x14=0x50c6645b => x14=0xffffffffffff6060
[07:17:16 813][libtiny.so 0x533124] [6e92bff2] 0x40533124: "movk x14, #0xfc93, lsl #16" x14=0xffffffffffff6060 => x14=0xfffffffffc936060
[07:17:16 813][libtiny.so 0x533128] [ee020e8b] 0x40533128: "add x14, x23, x14" x23=0x43bfd1d8 x14=0xfffffffffc936060 => x14=0x40533238
[07:17:16 813][libtiny.so 0x53312c] [c0011fd6] 0x4053312c: "br x14" x14=0x40533238
[07:17:16 814][libtiny.so 0x533238] [689a41b9] 0x40533238: "ldr w8, [x19, #0x198]" ; mem[READ] abs=0xbfff9138 x19=0xbfff8fa0 => w8=0x1017add6
[07:17:16 814][libtiny.so 0x53323c] [699a41b9] 0x4053323c: "ldr w9, [x19, #0x198]" ; mem[READ] abs=0xbfff9138 x19=0xbfff8fa0 => w9=0x1017add6
[07:17:16 814][libtiny.so 0x533240] [6a9a41b9] 0x40533240: "ldr w10, [x19, #0x198]" ; mem[READ] abs=0xbfff9138 x19=0xbfff8fa0 => w10=0x1017add6
[07:17:16 815][libtiny.so 0x533244] [6c9241b9] 0x40533244: "ldr w12, [x19, #0x190]" ; mem[READ] abs=0xbfff9130 x19=0xbfff8fa0 => w12=0x772ae9bd
[07:17:16 815][libtiny.so 0x533248] [6e9a41b9] 0x40533248: "ldr w14, [x19, #0x198]" ; mem[READ] abs=0xbfff9138 x19=0xbfff8fa0 => w14=0x1017add6
[07:17:16 815][libtiny.so 0x53324c] [6f9241b9] 0x4053324c: "ldr w15, [x19, #0x190]" ; mem[READ] abs=0xbfff9130 x19=0xbfff8fa0 => w15=0x772ae9bd
[07:17:16 815][libtiny.so 0x533250] [639a41b9] 0x40533250: "ldr w3, [x19, #0x198]" ; mem[READ] abs=0xbfff9138 x19=0xbfff8fa0 => w3=0x1017add6
[07:17:16 816][libtiny.so 0x533254] [646241b9] 0x40533254: "ldr w4, [x19, #0x160]" ; mem[READ] abs=0xbfff9100 x19=0xbfff8fa0 => w4=0x6a09e667
[07:17:16 816][libtiny.so 0x533258] [656641b9] 0x40533258: "ldr w5, [x19, #0x164]" ; mem[READ] abs=0xbfff9104 x19=0xbfff8fa0 => w5=0xbb67ae85
[07:17:16 816][libtiny.so 0x53325c] [769e41b9] 0x4053325c: "ldr w22, [x19, #0x19c]" ; mem[READ] abs=0xbfff913c x19=0xbfff8fa0 => w22=0x3f9f1923
[07:17:16 816][libtiny.so 0x533260] [cc010c0a] 0x40533260: "and w12, w14, w12" w14=0x1017add6 w12=0x772ae9bd => w12=0x1002a994
[07:17:16 816][libtiny.so 0x533264] [6e000f2a] 0x40533264: "orr w14, w3, w15" w3=0x1017add6 w15=0x772ae9bd => w14=0x773fedff
[07:17:16 817][libtiny.so 0x533268] [08098813] 0x40533268: "ror w8, w8, #2" w8=0x1017add6 => w8=0x8405eb75
[07:17:16 817][libtiny.so 0x53326c] [cf02050b] 0x4053326c: "add w15, w22, w5" w22=0x3f9f1923 w5=0xbb67ae85 => w15=0xfb06c7a8
[07:17:16 817][libtiny.so 0x533270] [6fa201b9] 0x40533270: "str w15, [x19, #0x1a0]" ; mem[WRITE] abs=0xbfff9140 w15=0xfb06c7a8 x19=0xbfff8fa0 => w15=0xfb06c7a8
[07:17:16 817][libtiny.so 0x533274] [0835c94a] 0x40533274: "eor w8, w8, w9, ror #13" w8=0x8405eb75 w9=0x1017add6 => w8=0xeab56bc8
[07:17:16 818][libtiny.so 0x533278] [c901040a] 0x40533278: "and w9, w14, w4" w14=0x773fedff w4=0x6a09e667 => w9=0x6209e467
[07:17:16 818][libtiny.so 0x53327c] [6e9e41b9] 0x4053327c: "ldr w14, [x19, #0x19c]" ; mem[READ] abs=0xbfff913c x19=0xbfff8fa0 => w14=0x3f9f1923
[07:17:16 818][libtiny.so 0x533280] [0859ca4a] 0x40533280: "eor w8, w8, w10, ror #22" w8=0xeab56bc8 w10=0x1017add6 => w8=0xb4023388
[07:17:16 818][libtiny.so 0x533284] [29010c2a] 0x40533284: "orr w9, w9, w12" w9=0x6209e467 w12=0x1002a994 => w9=0x720bedf7
[07:17:16 819][libtiny.so 0x533288] [0801090b] 0x40533288: "add w8, w8, w9" w8=0xb4023388 w9=0x720bedf7 => w8=0x260e217f
[07:17:16 819][libtiny.so 0x53328c] [08010e0b] 0x4053328c: "add w8, w8, w14" w8=0x260e217f w14=0x3f9f1923 => w8=0x65ad3aa2
[07:17:16 819][libtiny.so 0x533290] [68a601b9] 0x40533290: "str w8, [x19, #0x1a4]" ; mem[WRITE] abs=0xbfff9144 w8=0x65ad3aa2 x19=0xbfff8fa0 => w8=0x65ad3aa2
[07:17:16 819][libtiny.so 0x533294] [68a241b9] 0x40533294: "ldr w8, [x19, #0x1a0]" ; mem[READ] abs=0xbfff9140 x19=0xbfff8fa0 => w8=0xfb06c7a8
[07:17:16 820][libtiny.so 0x533298] [69a241b9] 0x40533298: "ldr w9, [x19, #0x1a0]" ; mem[READ] abs=0xbfff9140 x19=0xbfff8fa0 => w9=0xfb06c7a8
[07:17:16 820][libtiny.so 0x53329c] [6aa241b9] 0x4053329c: "ldr w10, [x19, #0x1a0]" ; mem[READ] abs=0xbfff9140 x19=0xbfff8fa0 => w10=0xfb06c7a8
[07:17:16 820][libtiny.so 0x5332a0] [0e000090] 0x405332a0: "adrp x14, #0x40533000" => x14=0x40533000
[07:17:16 821][libtiny.so 0x5332a4] [08198813] 0x405332a4: "ror w8, w8, #6" w8=0xfb06c7a8 => w8=0xa3ec1b1e
[07:17:16 821][libtiny.so 0x5332a8] [082dc94a] 0x405332a8: "eor w8, w8, w9, ror #11" w8=0xa3ec1b1e w9=0xfb06c7a8 => w8=0x56f37bc6
[07:17:16 821][libtiny.so 0x5332ac] [0865ca4a] 0x405332ac: "eor w8, w8, w10, ror #25" w8=0x56f37bc6 w10=0xfb06c7a8 => w8=0xd590afbb
[07:17:16 821][libtiny.so 0x5332b0] [68aa01b9] 0x405332b0: "str w8, [x19, #0x1a8]" ; mem[WRITE] abs=0xbfff9148 w8=0xd590afbb x19=0xbfff8fa0 => w8=0xd590afbb
[07:17:16 822][libtiny.so 0x5332b4] [688e41b9] 0x405332b4: "ldr w8, [x19, #0x18c]" ; mem[READ] abs=0xbfff912c x19=0xbfff8fa0 => w8=0x13ea4412
[07:17:16 822][libtiny.so 0x5332b8] [699641b9] 0x405332b8: "ldr w9, [x19, #0x194]" ; mem[READ] abs=0xbfff9134 x19=0xbfff8fa0 => w9=0x15d2bbbf
[07:17:16 822][libtiny.so 0x5332bc] [6ca241b9] 0x405332bc: "ldr w12, [x19, #0x1a0]" ; mem[READ] abs=0xbfff9140 x19=0xbfff8fa0 => w12=0xfb06c7a8
[07:17:16 822][libtiny.so 0x5332c0] [0aaa8b52] 0x405332c0: "movz w10, #0x5d50" w10=0xfb06c7a8 => w10=0x5d50
[07:17:16 824][libtiny.so 0x5332c4] [8ae7a072] 0x405332c4: "movk w10, #0x73c, lsl #16" w10=0x5d50 => w10=0x73c5d50
[07:17:16 824][libtiny.so 0x5332c8] [2801084a] 0x405332c8: "eor w8, w9, w8" w9=0x15d2bbbf w8=0x13ea4412 => w8=0x638ffad
[07:17:16 825][libtiny.so 0x5332cc] [698e41b9] 0x405332cc: "ldr w9, [x19, #0x18c]" ; mem[READ] abs=0xbfff912c x19=0xbfff8fa0 => w9=0x13ea4412
[07:17:16 825][libtiny.so 0x5332d0] [8801080a] 0x405332d0: "and w8, w12, w8" w12=0xfb06c7a8 w8=0x638ffad => w8=0x200c7a8
[07:17:16 825][libtiny.so 0x5332d4] [ce813991] 0x405332d4: "add x14, x14, #0xe60" x14=0x40533000 => x14=0x40533e60
[07:17:16 825][libtiny.so 0x5332d8] [8cbd8652] 0x405332d8: "movz w12, #0x35ec" w12=0xfb06c7a8 => w12=0x35ec
[07:17:16 825][libtiny.so 0x5332dc] [0801094a] 0x405332dc: "eor w8, w8, w9" w8=0x200c7a8 w9=0x13ea4412 => w8=0x11ea83ba
[07:17:16 826][libtiny.so 0x5332e0] [d7010a8b] 0x405332e0: "add x23, x14, x10" x14=0x40533e60 x10=0x73c5d50 => x23=0x478f9bb0
[07:17:16 826][libtiny.so 0x5332e4] [68ae01b9] 0x405332e4: "str w8, [x19, #0x1ac]" ; mem[WRITE] abs=0xbfff914c w8=0x11ea83ba x19=0xbfff8fa0 => w8=0x11ea83ba
[07:17:16 826][libtiny.so 0x5332e8] [091100d0] 0x405332e8: "adrp x9, #0x40755000" => x9=0x40755000
[07:17:16 827][libtiny.so 0x5332ec] [cc6ba072] 0x405332ec: "movk w12, #0x35e, lsl #16" w12=0x35ec => w12=0x35e35ec
[07:17:16 827][libtiny.so 0x5332f0] [68ba40f9] 0x405332f0: "ldr x8, [x19, #0x170]" ; mem[READ] abs=0xbfff9110 x19=0xbfff8fa0 => x8=0x0
[07:17:16 828][libtiny.so 0x5332f4] [29dd47f9] 0x405332f4: "ldr x9, [x9, #0xfb8]" ; mem[READ] abs=0x40755fb8 x9=0x40755000 => x9=0x443167a0
[07:17:16 828][libtiny.so 0x5332f8] [ca01174b] 0x405332f8: "sub w10, w14, w23" w14=0x40533e60 w23=0x478f9bb0 => w10=0xf8c3a2b0
[07:17:16 828][libtiny.so 0x5332fc] [4a010c0b] 0x405332fc: "add w10, w10, w12" w10=0xf8c3a2b0 w12=0x35e35ec => w10=0xfc21d89c
[07:17:16 829][libtiny.so 0x533300] [acf147f9] 0x40533300: "ldr x12, [x13, #0xfe0]" ; mem[READ] abs=0x40755fe0 x13=0x40755000 => x12=0xffffffffd20e6da0
[07:17:16 829][libtiny.so 0x533304] [29c12a8b] 0x40533304: "add x9, x9, w10, sxtw" x9=0x443167a0 w10=0xfc21d89c => x9=0x4053403c
[07:17:16 829][libtiny.so 0x533308] [080540b2] 0x40533308: "orr x8, x8, #3" x8=0x0 => x8=0x3
[07:17:16 829][libtiny.so 0x53330c] [68321ba9] 0x4053330c: "stp x8, x12, [x19, #0x1b0]" ; mem[WRITE] abs=0xbfff9150 x8=0x3 x12=0xffffffffd20e6da0 x19=0xbfff8fa0 => x8=0x3 x12=0xffffffffd20e6da0
[07:17:16 830][libtiny.so 0x533310] [20011fd6] 0x40533310: "br x9" x9=0x4053403c
[07:17:16 830][libtiny.so 0x53403c] [4ed847f9] 0x4053403c: "ldr x14, [x2, #0xfb0]" ; mem[READ] abs=0x40755fb0 x2=0x40755000 => x14=0x4446a070
[07:17:16 830][libtiny.so 0x534040] [647d8c92] 0x40534040: "movn x4, #0x63eb" x4=0x6a09e667 => x4=0xffffffffffff9c14
[07:17:16 830][libtiny.so 0x534044] [6f669192] 0x40534044: "movn x15, #0x8b33" x15=0xfb06c7a8 => x15=0xffffffffffff74cc
[07:17:16 830][libtiny.so 0x534048] [8481bff2] 0x40534048: "movk x4, #0xfc0c, lsl #16" x4=0xffffffffffff9c14 => x4=0xfffffffffc0c9c14
[07:17:16 830][libtiny.so 0x53404c] [2f96bff2] 0x4053404c: "movk x15, #0xfcb1, lsl #16" x15=0xffffffffffff74cc => x15=0xfffffffffcb174cc
[07:17:16 830][libtiny.so 0x534050] [ce01048b] 0x40534050: "add x14, x14, x4" x14=0x4446a070 x4=0xfffffffffc0c9c14 => x14=0x40533c84
[07:17:16 830][libtiny.so 0x534054] [f7020f8b] 0x40534054: "add x23, x23, x15" x23=0x478f9bb0 x15=0xfffffffffcb174cc => x23=0x4441107c
[07:17:16 830][libtiny.so 0x534058] [c0011fd6] 0x40534058: "br x14" x14=0x40533c84
[07:17:16 830][libtiny.so 0x533c84] [6e439a92] 0x40533c84: "movn x14, #0xd21b" x14=0x40533c84 => x14=0xffffffffffff2de4
[07:17:16 830][libtiny.so 0x533c88] [4e82bff2] 0x40533c88: "movk x14, #0xfc12, lsl #16" x14=0xffffffffffff2de4 => x14=0xfffffffffc122de4
[07:17:16 830][libtiny.so 0x533c8c] [ee020e8b] 0x40533c8c: "add x14, x23, x14" x23=0x4441107c x14=0xfffffffffc122de4 => x14=0x40533e60
[07:17:16 830][libtiny.so 0x533c90] [c0011fd6] 0x40533c90: "br x14" x14=0x40533e60
[07:17:16 830][libtiny.so 0x533e60] [68de40f9] 0x40533e60: "ldr x8, [x19, #0x1b8]" ; mem[READ] abs=0xbfff9158 x19=0xbfff8fa0 => x8=0xffffffffd20e6da0
[07:17:16 830][libtiny.so 0x533e64] [69da40f9] 0x40533e64: "ldr x9, [x19, #0x1b0]" ; mem[READ] abs=0xbfff9150 x19=0xbfff8fa0 => x9=0x3
[07:17:16 830][libtiny.so 0x533e68] [0a009452] 0x40533e68: "movz w10, #0xa000" w10=0xfc21d89c => w10=0xa000
[07:17:16 831][libtiny.so 0x533e6c] [4ac0ad72] 0x40533e6c: "movk w10, #0x6e02, lsl #16" w10=0xa000 => w10=0x6e02a000
[07:17:16 831][libtiny.so 0x533e70] [0ed09c52] 0x40533e70: "movz w14, #0xe680" w14=0x40533e60 => w14=0xe680
[07:17:16 831][libtiny.so 0x533e74] [0809098b] 0x40533e74: "add x8, x8, x9, lsl #2" x8=0xffffffffd20e6da0 x9=0x3 => x8=0xffffffffd20e6dac
[07:17:16 832][libtiny.so 0x533e78] [08696ab8] 0x40533e78: "ldr w8, [x8, x10]" ; mem[READ] abs=0x40110dac x8=0xffffffffd20e6dac x10=0x6e02a000 => w8=0xe9b5dba5
[07:17:16 832][libtiny.so 0x533e7c] [69da40f9] 0x40533e7c: "ldr x9, [x19, #0x1b0]" ; mem[READ] abs=0xbfff9150 x19=0xbfff8fa0 => x9=0x3
[07:17:16 832][libtiny.so 0x533e80] [0f0000b0] 0x40533e80: "adrp x15, #0x40534000" => x15=0x40534000
[07:17:16 832][libtiny.so 0x533e84] [aeeda072] 0x40533e84: "movk w14, #0x76d, lsl #16" w14=0xe680 => w14=0x76de680
[07:17:16 833][libtiny.so 0x533e88] [ef810591] 0x40533e88: "add x15, x15, #0x160" x15=0x40534000 => x15=0x40534160
[07:17:16 833][libtiny.so 0x533e8c] [6c821191] 0x40533e8c: "add x12, x19, #0x460" x19=0xbfff8fa0 => x12=0xbfff9400
[07:17:16 833][libtiny.so 0x533e90] [03ca9252] 0x40533e90: "movz w3, #0x9650" w3=0x1017add6 => w3=0x9650
[07:17:16 833][libtiny.so 0x533e94] [f7010e8b] 0x40533e94: "add x23, x15, x14" x15=0x40534160 x14=0x76de680 => x23=0x47c127e0
[07:17:16 834][libtiny.so 0x533e98] [437da072] 0x40533e98: "movk w3, #0x3ea, lsl #16" w3=0x9650 => w3=0x3ea9650
[07:17:16 834][libtiny.so 0x533e9c] [ea01174b] 0x40533e9c: "sub w10, w15, w23" w15=0x40534160 w23=0x47c127e0 => w10=0xf8921980
[07:17:16 834][libtiny.so 0x533ea0] [897969b8] 0x40533ea0: "ldr w9, [x12, x9, lsl #2]" ; mem[READ] abs=0xbfff940c x12=0xbfff9400 x9=0x3 => w9=0x46414146
[07:17:16 835][libtiny.so 0x533ea4] [6c5641b9] 0x40533ea4: "ldr w12, [x19, #0x154]" ; mem[READ] abs=0xbfff90f4 x19=0xbfff8fa0 => w12=0x510e527f
[07:17:16 835][libtiny.so 0x533ea8] [4a01030b] 0x40533ea8: "add w10, w10, w3" w10=0xf8921980 w3=0x3ea9650 => w10=0xfc7cafd0
[07:17:16 835][libtiny.so 0x533eac] [6eae41b9] 0x40533eac: "ldr w14, [x19, #0x1ac]" ; mem[READ] abs=0xbfff914c x19=0xbfff8fa0 => w14=0x11ea83ba
[07:17:16 835][libtiny.so 0x533eb0] [6faa41b9] 0x40533eb0: "ldr w15, [x19, #0x1a8]" ; mem[READ] abs=0xbfff9148 x19=0xbfff8fa0 => w15=0xd590afbb
[07:17:16 836][libtiny.so 0x533eb4] [63a641b9] 0x40533eb4: "ldr w3, [x19, #0x1a4]" ; mem[READ] abs=0xbfff9144 x19=0xbfff8fa0 => w3=0x65ad3aa2
[07:17:16 836][libtiny.so 0x533eb8] [64a641b9] 0x40533eb8: "ldr w4, [x19, #0x1a4]" ; mem[READ] abs=0xbfff9144 x19=0xbfff8fa0 => w4=0x65ad3aa2
[07:17:16 836][libtiny.so 0x533ebc] [65a641b9] 0x40533ebc: "ldr w5, [x19, #0x1a4]" ; mem[READ] abs=0xbfff9144 x19=0xbfff8fa0 => w5=0x65ad3aa2
[07:17:16 836][libtiny.so 0x533ec0] [769a41b9] 0x40533ec0: "ldr w22, [x19, #0x198]" ; mem[READ] abs=0xbfff9138 x19=0xbfff8fa0 => w22=0x1017add6
[07:17:16 837][libtiny.so 0x533ec4] [78a641b9] 0x40533ec4: "ldr w24, [x19, #0x1a4]" ; mem[READ] abs=0xbfff9144 x19=0xbfff8fa0 => w24=0x65ad3aa2
[07:17:16 837][libtiny.so 0x533ec8] [799a41b9] 0x40533ec8: "ldr w25, [x19, #0x198]" ; mem[READ] abs=0xbfff9138 x19=0xbfff8fa0 => w25=0x1017add6
[07:17:16 837][libtiny.so 0x533ecc] [7aa641b9] 0x40533ecc: "ldr w26, [x19, #0x1a4]" ; mem[READ] abs=0xbfff9144 x19=0xbfff8fa0 => w26=0x65ad3aa2
[07:17:16 837][libtiny.so 0x533ed0] [7b9241b9] 0x40533ed0: "ldr w27, [x19, #0x190]" ; mem[READ] abs=0xbfff9130 x19=0xbfff8fa0 => w27=0x772ae9bd
[07:17:16 837][libtiny.so 0x533ed4] [1e1100d0] 0x40533ed4: "adrp x30, #0x40755000" => x30=0x40755000
[07:17:16 839][libtiny.so 0x533ed8] [08010c0b] 0x40533ed8: "add w8, w8, w12" w8=0xe9b5dba5 w12=0x510e527f => w8=0x3ac42e24
[07:17:16 839][libtiny.so 0x533edc] [7c6241b9] 0x40533edc: "ldr w28, [x19, #0x160]" ; mem[READ] abs=0xbfff9100 x19=0xbfff8fa0 => w28=0x6a09e667
[07:17:16 839][libtiny.so 0x533ee0] [dee747f9] 0x40533ee0: "ldr x30, [x30, #0xfc8]" ; mem[READ] abs=0x40755fc8 x30=0x40755000 => x30=0x43d69170
[07:17:16 839][libtiny.so 0x533ee4] [0c03160a] 0x40533ee4: "and w12, w24, w22" w24=0x65ad3aa2 w22=0x1017add6 => w12=0x52882
[07:17:16 840][libtiny.so 0x533ee8] [5603192a] 0x40533ee8: "orr w22, w26, w25" w26=0x65ad3aa2 w25=0x1017add6 => w22=0x75bfbff6
[07:17:16 840][libtiny.so 0x533eec] [0801090b] 0x40533eec: "add w8, w8, w9" w8=0x3ac42e24 w9=0x46414146 => w8=0x81056f6a
[07:17:16 840][libtiny.so 0x533ef0] [69088313] 0x40533ef0: "ror w9, w3, #2" w3=0x65ad3aa2 => w9=0x996b4ea8
[07:17:16 841][libtiny.so 0x533ef4] [2935c44a] 0x40533ef4: "eor w9, w9, w4, ror #13" w9=0x996b4ea8 w4=0x65ad3aa2 => w9=0x4c7863c1
[07:17:16 841][libtiny.so 0x533ef8] [c3021b0a] 0x40533ef8: "and w3, w22, w27" w22=0x75bfbff6 w27=0x772ae9bd => w3=0x752aa9b4
[07:17:16 841][libtiny.so 0x533efc] [08010e0b] 0x40533efc: "add w8, w8, w14" w8=0x81056f6a w14=0x11ea83ba => w8=0x92eff324
[07:17:16 841][libtiny.so 0x533f00] [2959c54a] 0x40533f00: "eor w9, w9, w5, ror #22" w9=0x4c7863c1 w5=0x65ad3aa2 => w9=0xf892ea57
[07:17:16 841][libtiny.so 0x533f04] [6c000c2a] 0x40533f04: "orr w12, w3, w12" w3=0x752aa9b4 w12=0x52882 => w12=0x752fa9b6
[07:17:16 842][libtiny.so 0x533f08] [08010f0b] 0x40533f08: "add w8, w8, w15" w8=0x92eff324 w15=0xd590afbb => w8=0x6880a2df
[07:17:16 842][libtiny.so 0x533f0c] [29010c0b] 0x40533f0c: "add w9, w9, w12" w9=0xf892ea57 w12=0x752fa9b6 => w9=0x6dc2940d
[07:17:16 842][libtiny.so 0x533f10] [cac32a8b] 0x40533f10: "add x10, x30, w10, sxtw" x30=0x43d69170 w10=0xfc7cafd0 => x10=0x40534140
[07:17:16 842][libtiny.so 0x533f14] [7ec28d92] 0x40533f14: "movn x30, #0x6e13" x30=0x43d69170 => x30=0xffffffffffff91ec
[07:17:16 843][libtiny.so 0x533f18] [0c011c0b] 0x40533f18: "add w12, w8, w28" w8=0x6880a2df w28=0x6a09e667 => w12=0xd28a8946
[07:17:16 843][libtiny.so 0x533f1c] [2801080b] 0x40533f1c: "add w8, w9, w8" w9=0x6dc2940d w8=0x6880a2df => w8=0xd64336ec
[07:17:16 843][libtiny.so 0x533f20] [fe95bff2] 0x40533f20: "movk x30, #0xfcaf, lsl #16" x30=0xffffffffffff91ec => x30=0xfffffffffcaf91ec
[07:17:16 844][libtiny.so 0x533f24] [1c1100d0] 0x40533f24: "adrp x28, #0x40755000" => x28=0x40755000
[07:17:16 844][libtiny.so 0x533f28] [6cc601b9] 0x40533f28: "str w12, [x19, #0x1c4]" ; mem[WRITE] abs=0xbfff9164 w12=0xd28a8946 x19=0xbfff8fa0 => w12=0xd28a8946
[07:17:16 844][libtiny.so 0x533f2c] [68ca01b9] 0x40533f2c: "str w8, [x19, #0x1c8]" ; mem[WRITE] abs=0xbfff9168 w8=0xd64336ec x19=0xbfff8fa0 => w8=0xd64336ec
[07:17:16 844][libtiny.so 0x533f30] [40011fd6] 0x40533f30: "br x10" x10=0x40534140
[07:17:16 845][libtiny.so 0x534140] [6ee147f9] 0x40534140: "ldr x14, [x11, #0xfc0]" ; mem[READ] abs=0x40755fc0 x11=0x40755000 => x14=0x4451623c
[07:17:16 845][libtiny.so 0x534144] [e43b8492] 0x40534144: "movn x4, #0x21df" x4=0x65ad3aa2 => x4=0xffffffffffffde20
[07:17:16 845][libtiny.so 0x534148] [6f458e92] 0x40534148: "movn x15, #0x722b" x15=0xd590afbb => x15=0xffffffffffff8dd4
[07:17:16 846][libtiny.so 0x53414c] [2480bff2] 0x4053414c: "movk x4, #0xfc01, lsl #16" x4=0xffffffffffffde20 => x4=0xfffffffffc01de20
[07:17:16 846][libtiny.so 0x534150] [af8ebff2] 0x40534150: "movk x15, #0xfc75, lsl #16" x15=0xffffffffffff8dd4 => x15=0xfffffffffc758dd4
[07:17:16 846][libtiny.so 0x534154] [ce01048b] 0x40534154: "add x14, x14, x4" x14=0x4451623c x4=0xfffffffffc01de20 => x14=0x4053405c
[07:17:16 846][libtiny.so 0x534158] [f7020f8b] 0x40534158: "add x23, x23, x15" x23=0x47c127e0 x15=0xfffffffffc758dd4 => x23=0x4436b5b4
[07:17:16 847][libtiny.so 0x53415c] [c0011fd6] 0x4053415c: "br x14" x14=0x4053405c
[07:17:16 847][libtiny.so 0x53405c] [6e8a8e92] 0x4053405c: "movn x14, #0x7453" x14=0x4053405c => x14=0xffffffffffff8bac
[07:17:16 847][libtiny.so 0x534060] [8e83bff2] 0x40534060: "movk x14, #0xfc1c, lsl #16" x14=0xffffffffffff8bac => x14=0xfffffffffc1c8bac
[07:17:16 847][libtiny.so 0x534064] [ee020e8b] 0x40534064: "add x14, x23, x14" x23=0x4436b5b4 x14=0xfffffffffc1c8bac => x14=0x40534160
[07:17:16 847][libtiny.so 0x534068] [c0011fd6] 0x40534068: "br x14" x14=0x40534160
[07:17:16 847][libtiny.so 0x534160] [68c641b9] 0x40534160: "ldr w8, [x19, #0x1c4]" ; mem[READ] abs=0xbfff9164 x19=0xbfff8fa0 => w8=0xd28a8946
[07:17:16 848][libtiny.so 0x534164] [69c641b9] 0x40534164: "ldr w9, [x19, #0x1c4]" ; mem[READ] abs=0xbfff9164 x19=0xbfff8fa0 => w9=0xd28a8946
[07:17:16 848][libtiny.so 0x534168] [6ac641b9] 0x40534168: "ldr w10, [x19, #0x1c4]" ; mem[READ] abs=0xbfff9164 x19=0xbfff8fa0 => w10=0xd28a8946
[07:17:16 848][libtiny.so 0x53416c] [0f000090] 0x4053416c: "adrp x15, #0x40534000" => x15=0x40534000
[07:17:16 848][libtiny.so 0x534170] [08198813] 0x40534170: "ror w8, w8, #6" w8=0xd28a8946 => w8=0x1b4a2a25
[07:17:16 849][libtiny.so 0x534174] [082dc94a] 0x40534174: "eor w8, w8, w9, ror #11" w8=0x1b4a2a25 w9=0xd28a8946 => w8=0x33907b74
[07:17:16 849][libtiny.so 0x534178] [0865ca4a] 0x40534178: "eor w8, w8, w10, ror #25" w8=0x33907b74 w10=0xd28a8946 => w8=0x76d4d81d
[07:17:16 849][libtiny.so 0x53417c] [68ce01b9] 0x4053417c: "str w8, [x19, #0x1cc]" ; mem[WRITE] abs=0xbfff916c w8=0x76d4d81d x19=0xbfff8fa0 => w8=0x76d4d81d
[07:17:16 850][libtiny.so 0x534180] [689641b9] 0x40534180: "ldr w8, [x19, #0x194]" ; mem[READ] abs=0xbfff9134 x19=0xbfff8fa0 => w8=0x15d2bbbf
[07:17:16 850][libtiny.so 0x534184] [69a241b9] 0x40534184: "ldr w9, [x19, #0x1a0]" ; mem[READ] abs=0xbfff9140 x19=0xbfff8fa0 => w9=0xfb06c7a8
[07:17:16 850][libtiny.so 0x534188] [6ec641b9] 0x40534188: "ldr w14, [x19, #0x1c4]" ; mem[READ] abs=0xbfff9164 x19=0xbfff8fa0 => w14=0xd28a8946
[07:17:16 850][libtiny.so 0x53418c] [0af69952] 0x4053418c: "movz w10, #0xcfb0" w10=0xd28a8946 => w10=0xcfb0
[07:17:16 851][libtiny.so 0x534190] [8aeaa072] 0x40534190: "movk w10, #0x754, lsl #16" w10=0xcfb0 => w10=0x754cfb0
[07:17:16 851][libtiny.so 0x534194] [2801084a] 0x40534194: "eor w8, w9, w8" w9=0xfb06c7a8 w8=0x15d2bbbf => w8=0xeed47c17
[07:17:16 851][libtiny.so 0x534198] [699641b9] 0x40534198: "ldr w9, [x19, #0x194]" ; mem[READ] abs=0xbfff9134 x19=0xbfff8fa0 => w9=0x15d2bbbf
[07:17:16 851][libtiny.so 0x53419c] [c801080a] 0x4053419c: "and w8, w14, w8" w14=0xd28a8946 w8=0xeed47c17 => w8=0xc2800806
[07:17:16 852][libtiny.so 0x5341a0] [efc11991] 0x405341a0: "add x15, x15, #0x670" x15=0x40534000 => x15=0x40534670
[07:17:16 852][libtiny.so 0x5341a4] [8eed8a52] 0x405341a4: "movz w14, #0x576c" w14=0xd28a8946 => w14=0x576c
[07:17:16 852][libtiny.so 0x5341a8] [0801094a] 0x405341a8: "eor w8, w8, w9" w8=0xc2800806 w9=0x15d2bbbf => w8=0xd752b3b9
[07:17:16 852][libtiny.so 0x5341ac] [68d201b9] 0x405341ac: "str w8, [x19, #0x1d0]" ; mem[WRITE] abs=0xbfff9170 w8=0xd752b3b9 x19=0xbfff8fa0 => w8=0xd752b3b9
[07:17:16 853][libtiny.so 0x5341b0] [f7010a8b] 0x405341b0: "add x23, x15, x10" x15=0x40534670 x10=0x754cfb0 => x23=0x47a81620
[07:17:16 853][libtiny.so 0x5341b4] [68ba40f9] 0x405341b4: "ldr x8, [x19, #0x170]" ; mem[READ] abs=0xbfff9110 x19=0xbfff8fa0 => x8=0x0
[07:17:16 853][libtiny.so 0x5341b8] [8e75a072] 0x405341b8: "movk w14, #0x3ac, lsl #16" w14=0x576c => w14=0x3ac576c
[07:17:16 853][libtiny.so 0x5341bc] [ea01174b] 0x405341bc: "sub w10, w15, w23" w15=0x40534670 w23=0x47a81620 => w10=0xf8ab3050
[07:17:16 854][libtiny.so 0x5341c0] [49010e0b] 0x405341c0: "add w9, w10, w14" w10=0xf8ab3050 w14=0x3ac576c => w9=0xfc5787bc
[07:17:16 854][libtiny.so 0x5341c4] [aaf147f9] 0x405341c4: "ldr x10, [x13, #0xfe0]" ; mem[READ] abs=0x40755fe0 x13=0x40755000 => x10=0xffffffffd20e6da0
[07:17:16 854][libtiny.so 0x5341c8] [08f57ed3] 0x405341c8: "lsl x8, x8, #2" x8=0x0 => x8=0x0
[07:17:16 855][libtiny.so 0x5341cc] [0c009452] 0x405341cc: "movz w12, #0xa000" w12=0xd28a8946 => w12=0xa000
[07:17:16 855][libtiny.so 0x5341d0] [0e1100b0] 0x405341d0: "adrp x14, #0x40755000" => x14=0x40755000
[07:17:16 856][libtiny.so 0x5341d4] [08017cb2] 0x405341d4: "orr x8, x8, #0x10" x8=0x0 => x8=0x10
[07:17:16 856][libtiny.so 0x5341d8] [4cc0ad72] 0x405341d8: "movk w12, #0x6e02, lsl #16" w12=0xa000 => w12=0x6e02a000
[07:17:16 856][libtiny.so 0x5341dc] [ceed47f9] 0x405341dc: "ldr x14, [x14, #0xfd8]" ; mem[READ] abs=0x40755fd8 x14=0x40755000 => x14=0x43fbbdb4
[07:17:16 857][libtiny.so 0x5341e0] [4a01088b] 0x405341e0: "add x10, x10, x8" x10=0xffffffffd20e6da0 x8=0x10 => x10=0xffffffffd20e6db0
[07:17:16 857][libtiny.so 0x5341e4] [4a696cb8] 0x405341e4: "ldr w10, [x10, x12]" ; mem[READ] abs=0x40110db0 x10=0xffffffffd20e6db0 x12=0x6e02a000 => w10=0x3956c25b
[07:17:16 857][libtiny.so 0x5341e8] [6c821191] 0x405341e8: "add x12, x19, #0x460" x19=0xbfff8fa0 => x12=0xbfff9400
[07:17:16 858][libtiny.so 0x5341ec] [c9c1298b] 0x405341ec: "add x9, x14, w9, sxtw" x14=0x43fbbdb4 w9=0xfc5787bc => x9=0x40534570
[07:17:16 858][libtiny.so 0x5341f0] [8801088b] 0x405341f0: "add x8, x12, x8" x12=0xbfff9400 x8=0x10 => x8=0xbfff9410
[07:17:16 859][libtiny.so 0x5341f4] [6ad601b9] 0x405341f4: "str w10, [x19, #0x1d4]" ; mem[WRITE] abs=0xbfff9174 w10=0x3956c25b x19=0xbfff8fa0 => w10=0x3956c25b
[07:17:16 860][libtiny.so 0x5341f8] [68ee00f9] 0x405341f8: "str x8, [x19, #0x1d8]" ; mem[WRITE] abs=0xbfff9178 x8=0xbfff9410 x19=0xbfff8fa0 => x8=0xbfff9410
[07:17:16 860][libtiny.so 0x5341fc] [20011fd6] 0x405341fc: "br x9" x9=0x40534570
[07:17:16 860][libtiny.so 0x534570] [0e1100b0] 0x40534570: "adrp x14, #0x40755000" => x14=0x40755000
[07:17:16 860][libtiny.so 0x534574] [cee947f9] 0x40534574: "ldr x14, [x14, #0xfd0]" ; mem[READ] abs=0x40755fd0 x14=0x40755000 => x14=0x4389d014
[07:17:16 860][libtiny.so 0x534578] [64c29192] 0x40534578: "movn x4, #0x8e13" x4=0xfffffffffc01de20 => x4=0xffffffffffff71ec
[07:17:16 860][libtiny.so 0x53457c] [ef7a9a92] 0x4053457c: "movn x15, #0xd3d7" x15=0x40534670 => x15=0xffffffffffff2c28
[07:17:16 860][libtiny.so 0x534580] [2499bff2] 0x40534580: "movk x4, #0xfcc9, lsl #16" x4=0xffffffffffff71ec => x4=0xfffffffffcc971ec
[07:17:16 860][libtiny.so 0x534584] [0f8fbff2] 0x40534584: "movk x15, #0xfc78, lsl #16" x15=0xffffffffffff2c28 => x15=0xfffffffffc782c28
[07:17:16 860][libtiny.so 0x534588] [ce01048b] 0x40534588: "add x14, x14, x4" x14=0x4389d014 x4=0xfffffffffcc971ec => x14=0x40534200
[07:17:16 860][libtiny.so 0x53458c] [f7020f8b] 0x4053458c: "add x23, x23, x15" x23=0x47a81620 x15=0xfffffffffc782c28 => x23=0x44204248
[07:17:16 860][libtiny.so 0x534590] [c0011fd6] 0x40534590: "br x14" x14=0x40534200
[07:17:16 860][libtiny.so 0x534200] [ee7a9f92] 0x40534200: "movn x14, #0xfbd7" x14=0x40534200 => x14=0xffffffffffff0428
[07:17:16 860][libtiny.so 0x534204] [6e86bff2] 0x40534204: "movk x14, #0xfc33, lsl #16" x14=0xffffffffffff0428 => x14=0xfffffffffc330428
[07:17:16 860][libtiny.so 0x534208] [ee020e8b] 0x40534208: "add x14, x23, x14" x23=0x44204248 x14=0xfffffffffc330428 => x14=0x40534670
[07:17:16 860][libtiny.so 0x53420c] [c0011fd6] 0x4053420c: "br x14" x14=0x40534670
[07:17:16 861][libtiny.so 0x534670] [68ee40f9] 0x40534670: "ldr x8, [x19, #0x1d8]" ; mem[READ] abs=0xbfff9178 x19=0xbfff8fa0 => x8=0xbfff9410
[07:17:16 861][libtiny.so 0x534674] [89ed8152] 0x40534674: "movz w9, #0xf6c" w9=0x40534570 => w9=0xf6c
[07:17:16 861][libtiny.so 0x534678] [eaffffd0] 0x40534678: "adrp x10, #0x40532000" => x10=0x40532000
[07:17:16 862][libtiny.so 0x53467c] [6966a072] 0x4053467c: "movk w9, #0x333, lsl #16" w9=0xf6c => w9=0x3330f6c
[07:17:16 862][libtiny.so 0x534680] [4aa13091] 0x40534680: "add x10, x10, #0xc28" x10=0x40532000 => x10=0x40532c28
[07:17:16 862][libtiny.so 0x534684] [5701098b] 0x40534684: "add x23, x10, x9" x10=0x40532c28 x9=0x3330f6c => x23=0x43863b94
[07:17:16 862][libtiny.so 0x534688] [4901174b] 0x40534688: "sub w9, w10, w23" w10=0x40532c28 w23=0x43863b94 => w9=0xfcccf094
[07:17:16 863][libtiny.so 0x53468c] [080140b9] 0x4053468c: "ldr w8, [x8]" ; mem[READ] abs=0xbfff9410 x8=0xbfff9410 => w8=0x3031222c
[07:17:16 863][libtiny.so 0x534690] [6a8e41b9] 0x40534690: "ldr w10, [x19, #0x18c]" ; mem[READ] abs=0xbfff912c x19=0xbfff8fa0 => w10=0x13ea4412
[07:17:16 863][libtiny.so 0x534694] [6ed641b9] 0x40534694: "ldr w14, [x19, #0x1d4]" ; mem[READ] abs=0xbfff9174 x19=0xbfff8fa0 => w14=0x3956c25b
[07:17:16 863][libtiny.so 0x534698] [6fd241b9] 0x40534698: "ldr w15, [x19, #0x1d0]" ; mem[READ] abs=0xbfff9170 x19=0xbfff8fa0 => w15=0xd752b3b9
[07:17:16 864][libtiny.so 0x53469c] [63ce41b9] 0x4053469c: "ldr w3, [x19, #0x1cc]" ; mem[READ] abs=0xbfff916c x19=0xbfff8fa0 => w3=0x76d4d81d
[07:17:16 864][libtiny.so 0x5346a0] [64ca41b9] 0x405346a0: "ldr w4, [x19, #0x1c8]" ; mem[READ] abs=0xbfff9168 x19=0xbfff8fa0 => w4=0xd64336ec
[07:17:16 864][libtiny.so 0x5346a4] [65ca41b9] 0x405346a4: "ldr w5, [x19, #0x1c8]" ; mem[READ] abs=0xbfff9168 x19=0xbfff8fa0 => w5=0xd64336ec
[07:17:16 865][libtiny.so 0x5346a8] [76ca41b9] 0x405346a8: "ldr w22, [x19, #0x1c8]" ; mem[READ] abs=0xbfff9168 x19=0xbfff8fa0 => w22=0xd64336ec
[07:17:16 865][libtiny.so 0x5346ac] [78a641b9] 0x405346ac: "ldr w24, [x19, #0x1a4]" ; mem[READ] abs=0xbfff9144 x19=0xbfff8fa0 => w24=0x65ad3aa2
[07:17:16 865][libtiny.so 0x5346b0] [79ca41b9] 0x405346b0: "ldr w25, [x19, #0x1c8]" ; mem[READ] abs=0xbfff9168 x19=0xbfff8fa0 => w25=0xd64336ec
[07:17:16 865][libtiny.so 0x5346b4] [0c639852] 0x405346b4: "movz w12, #0xc318" w12=0xbfff9400 => w12=0xc318
[07:17:16 866][libtiny.so 0x5346b8] [4cf6bf72] 0x405346b8: "movk w12, #0xffb2, lsl #16" w12=0xc318 => w12=0xffb2c318
[07:17:16 866][libtiny.so 0x5346bc] [7aa641b9] 0x405346bc: "ldr w26, [x19, #0x1a4]" ; mem[READ] abs=0xbfff9144 x19=0xbfff8fa0 => w26=0x65ad3aa2
[07:17:16 866][libtiny.so 0x5346c0] [7bca41b9] 0x405346c0: "ldr w27, [x19, #0x1c8]" ; mem[READ] abs=0xbfff9168 x19=0xbfff8fa0 => w27=0xd64336ec
[07:17:16 867][libtiny.so 0x5346c4] [29010c0b] 0x405346c4: "add w9, w9, w12" w9=0xfcccf094 w12=0xffb2c318 => w9=0xfc7fb3ac
[07:17:16 867][libtiny.so 0x5346c8] [2c03180a] 0x405346c8: "and w12, w25, w24" w25=0xd64336ec w24=0x65ad3aa2 => w12=0x440132a0
[07:17:16 867][libtiny.so 0x5346cc] [789a41b9] 0x405346cc: "ldr w24, [x19, #0x198]" ; mem[READ] abs=0xbfff9138 x19=0xbfff8fa0 => w24=0x1017add6
[07:17:16 868][libtiny.so 0x5346d0] [ca010a0b] 0x405346d0: "add w10, w14, w10" w14=0x3956c25b w10=0x13ea4412 => w10=0x4d41066d
[07:17:16 868][libtiny.so 0x5346d4] [4801080b] 0x405346d4: "add w8, w10, w8" w10=0x4d41066d w8=0x3031222c => w8=0x7d722899
[07:17:16 868][libtiny.so 0x5346d8] [6e031a2a] 0x405346d8: "orr w14, w27, w26" w27=0xd64336ec w26=0x65ad3aa2 => w14=0xf7ef3eee
[07:17:16 868][libtiny.so 0x5346dc] [8a088413] 0x405346dc: "ror w10, w4, #2" w4=0xd64336ec => w10=0x3590cdbb
[07:17:16 870][libtiny.so 0x5346e0] [08010f0b] 0x405346e0: "add w8, w8, w15" w8=0x7d722899 w15=0xd752b3b9 => w8=0x54c4dc52
[07:17:16 870][libtiny.so 0x5346e4] [6f9241b9] 0x405346e4: "ldr w15, [x19, #0x190]" ; mem[READ] abs=0xbfff9130 x19=0xbfff8fa0 => w15=0x772ae9bd
[07:17:16 870][libtiny.so 0x5346e8] [4a35c54a] 0x405346e8: "eor w10, w10, w5, ror #13" w10=0x3590cdbb w5=0xd64336ec => w10=0x82f67fa2
[07:17:16 871][libtiny.so 0x5346ec] [ce01180a] 0x405346ec: "and w14, w14, w24" w14=0xf7ef3eee w24=0x1017add6 => w14=0x10072cc6
[07:17:16 871][libtiny.so 0x5346f0] [4a59d64a] 0x405346f0: "eor w10, w10, w22, ror #22" w10=0x82f67fa2 w22=0xd64336ec => w10=0x8e2dccfb
[07:17:16 872][libtiny.so 0x5346f4] [cc010c2a] 0x405346f4: "orr w12, w14, w12" w14=0x10072cc6 w12=0x440132a0 => w12=0x54073ee6
[07:17:16 872][libtiny.so 0x5346f8] [0801030b] 0x405346f8: "add w8, w8, w3" w8=0x54c4dc52 w3=0x76d4d81d => w8=0xcb99b46f
[07:17:16 873][libtiny.so 0x5346fc] [4a010c0b] 0x405346fc: "add w10, w10, w12" w10=0x8e2dccfb w12=0x54073ee6 => w10=0xe2350be1
[07:17:16 873][libtiny.so 0x534700] [0c010f0b] 0x40534700: "add w12, w8, w15" w8=0xcb99b46f w15=0x772ae9bd => w12=0x42c49e2c
[07:17:16 873][libtiny.so 0x534704] [4801080b] 0x40534704: "add w8, w10, w8" w10=0xe2350be1 w8=0xcb99b46f => w8=0xadcec050
[07:17:16 874][libtiny.so 0x534708] [6ce601b9] 0x40534708: "str w12, [x19, #0x1e4]" ; mem[WRITE] abs=0xbfff9184 w12=0x42c49e2c x19=0xbfff8fa0 => w12=0x42c49e2c
[07:17:16 874][libtiny.so 0x53470c] [68ea01b9] 0x4053470c: "str w8, [x19, #0x1e8]" ; mem[WRITE] abs=0xbfff9188 w8=0xadcec050 x19=0xbfff8fa0 => w8=0xadcec050
[07:17:16 874][libtiny.so 0x534710] [68e641b9] 0x40534710: "ldr w8, [x19, #0x1e4]" ; mem[READ] abs=0xbfff9184 x19=0xbfff8fa0 => w8=0x42c49e2c
[07:17:16 875][libtiny.so 0x534714] [6ae641b9] 0x40534714: "ldr w10, [x19, #0x1e4]" ; mem[READ] abs=0xbfff9184 x19=0xbfff8fa0 => w10=0x42c49e2c
[07:17:16 875][libtiny.so 0x534718] [6ce641b9] 0x40534718: "ldr w12, [x19, #0x1e4]" ; mem[READ] abs=0xbfff9184 x19=0xbfff8fa0 => w12=0x42c49e2c
[07:17:16 875][libtiny.so 0x53471c] [2eba47f9] 0x4053471c: "ldr x14, [x17, #0xf70]" ; mem[READ] abs=0x40755f70 x17=0x40755000 => x14=0x43d3786c
[07:17:16 876][libtiny.so 0x534720] [08198813] 0x40534720: "ror w8, w8, #6" w8=0x42c49e2c => w8=0xb10b1278
[07:17:16 876][libtiny.so 0x534724] [082dca4a] 0x40534724: "eor w8, w8, w10, ror #11" w8=0xb10b1278 w10=0x42c49e2c => w8=0x74834aeb
[07:17:16 877][libtiny.so 0x534728] [0865cc4a] 0x40534728: "eor w8, w8, w12, ror #25" w8=0x74834aeb w12=0x42c49e2c => w8=0x16cc5cca
[07:17:16 877][libtiny.so 0x53472c] [c9c1298b] 0x4053472c: "add x9, x14, w9, sxtw" x14=0x43d3786c w9=0xfc7fb3ac => x9=0x40532c18
[07:17:16 877][libtiny.so 0x534730] [68ee01b9] 0x40534730: "str w8, [x19, #0x1ec]" ; mem[WRITE] abs=0xbfff918c w8=0x16cc5cca x19=0xbfff8fa0 => w8=0x16cc5cca
[07:17:16 878][libtiny.so 0x534734] [20011fd6] 0x40534734: "br x9" x9=0x40532c18
[07:17:16 878][libtiny.so 0x532c18] [6eed8192] 0x40532c18: "movn x14, #0xf6b" x14=0x43d3786c => x14=0xfffffffffffff094
[07:17:16 878][libtiny.so 0x532c1c] [8e99bff2] 0x40532c1c: "movk x14, #0xfccc, lsl #16" x14=0xfffffffffffff094 => x14=0xfffffffffcccf094
[07:17:16 878][libtiny.so 0x532c20] [ee020e8b] 0x40532c20: "add x14, x23, x14" x23=0x43863b94 x14=0xfffffffffcccf094 => x14=0x40532c28
[07:17:16 878][libtiny.so 0x532c24] [c0011fd6] 0x40532c24: "br x14" x14=0x40532c28
[07:17:16 878][libtiny.so 0x532c28] [68a241b9] 0x40532c28: "ldr w8, [x19, #0x1a0]" ; mem[READ] abs=0xbfff9140 x19=0xbfff8fa0 => w8=0xfb06c7a8
[07:17:16 879][libtiny.so 0x532c2c] [69c641b9] 0x40532c2c: "ldr w9, [x19, #0x1c4]" ; mem[READ] abs=0xbfff9164 x19=0xbfff8fa0 => w9=0xd28a8946
[07:17:16 879][libtiny.so 0x532c30] [6ae641b9] 0x40532c30: "ldr w10, [x19, #0x1e4]" ; mem[READ] abs=0xbfff9184 x19=0xbfff8fa0 => w10=0x42c49e2c
[07:17:16 879][libtiny.so 0x532c34] [6ca241b9] 0x40532c34: "ldr w12, [x19, #0x1a0]" ; mem[READ] abs=0xbfff9140 x19=0xbfff8fa0 => w12=0xfb06c7a8
[07:17:16 880][libtiny.so 0x532c38] [6eba40f9] 0x40532c38: "ldr x14, [x19, #0x170]" ; mem[READ] abs=0xbfff9110 x19=0xbfff8fa0 => x14=0x0
[07:17:16 880][libtiny.so 0x532c3c] [aff147f9] 0x40532c3c: "ldr x15, [x13, #0xfe0]" ; mem[READ] abs=0x40755fe0 x13=0x40755000 => x15=0xffffffffd20e6da0
[07:17:16 880][libtiny.so 0x532c40] [83028052] 0x40532c40: "movz w3, #0x14" w3=0x76d4d81d => w3=0x14
[07:17:16 880][libtiny.so 0x532c44] [2801084a] 0x40532c44: "eor w8, w9, w8" w9=0xd28a8946 w8=0xfb06c7a8 => w8=0x298c4eee
[07:17:16 881][libtiny.so 0x532c48] [09009452] 0x40532c48: "movz w9, #0xa000" w9=0xd28a8946 => w9=0xa000
[07:17:16 881][libtiny.so 0x532c4c] [6e080eaa] 0x40532c4c: "orr x14, x3, x14, lsl #2" x3=0x14 x14=0x0 => x14=0x14
[07:17:16 881][libtiny.so 0x532c50] [49c0ad72] 0x40532c50: "movk w9, #0x6e02, lsl #16" w9=0xa000 => w9=0x6e02a000
[07:17:16 881][libtiny.so 0x532c54] [63821191] 0x40532c54: "add x3, x19, #0x460" x19=0xbfff8fa0 => x3=0xbfff9400
[07:17:16 882][libtiny.so 0x532c58] [ef010e8b] 0x40532c58: "add x15, x15, x14" x15=0xffffffffd20e6da0 x14=0x14 => x15=0xffffffffd20e6db4
[07:17:16 882][libtiny.so 0x532c5c] [6e686eb8] 0x40532c5c: "ldr w14, [x3, x14]" ; mem[READ] abs=0xbfff9414 x3=0xbfff9400 x14=0x14 => w14=0x22636861
[07:17:16 882][libtiny.so 0x532c60] [e96969b8] 0x40532c60: "ldr w9, [x15, x9]" ; mem[READ] abs=0x40110db4 x15=0xffffffffd20e6db4 x9=0x6e02a000 => w9=0x59f111f1
[07:17:16 882][libtiny.so 0x532c64] [6f9641b9] 0x40532c64: "ldr w15, [x19, #0x194]" ; mem[READ] abs=0xbfff9134 x19=0xbfff8fa0 => w15=0x15d2bbbf
[07:17:16 883][libtiny.so 0x532c68] [4801080a] 0x40532c68: "and w8, w10, w8" w10=0x42c49e2c w8=0x298c4eee => w8=0x840e2c
[07:17:16 883][libtiny.so 0x532c6c] [6aee41b9] 0x40532c6c: "ldr w10, [x19, #0x1ec]" ; mem[READ] abs=0xbfff918c x19=0xbfff8fa0 => w10=0x16cc5cca
[07:17:16 883][libtiny.so 0x532c70] [08010c4a] 0x40532c70: "eor w8, w8, w12" w8=0x840e2c w12=0xfb06c7a8 => w8=0xfb82c984
[07:17:16 883][libtiny.so 0x532c74] [29010f0b] 0x40532c74: "add w9, w9, w15" w9=0x59f111f1 w15=0x15d2bbbf => w9=0x6fc3cdb0
[07:17:16 884][libtiny.so 0x532c78] [29010e0b] 0x40532c78: "add w9, w9, w14" w9=0x6fc3cdb0 w14=0x22636861 => w9=0x92273611
[07:17:16 884][libtiny.so 0x532c7c] [2801080b] 0x40532c7c: "add w8, w9, w8" w9=0x92273611 w8=0xfb82c984 => w8=0x8da9ff95
[07:17:16 884][libtiny.so 0x532c80] [08010a0b] 0x40532c80: "add w8, w8, w10" w8=0x8da9ff95 w10=0x16cc5cca => w8=0xa4765c5f
[07:17:16 884][libtiny.so 0x532c84] [68f201b9] 0x40532c84: "str w8, [x19, #0x1f0]" ; mem[WRITE] abs=0xbfff9190 w8=0xa4765c5f x19=0xbfff8fa0 => w8=0xa4765c5f
[07:17:16 885][libtiny.so 0x532c88] [68ea41b9] 0x40532c88: "ldr w8, [x19, #0x1e8]" ; mem[READ] abs=0xbfff9188 x19=0xbfff8fa0 => w8=0xadcec050
[07:17:16 885][libtiny.so 0x532c8c] [69ea41b9] 0x40532c8c: "ldr w9, [x19, #0x1e8]" ; mem[READ] abs=0xbfff9188 x19=0xbfff8fa0 => w9=0xadcec050
[07:17:16 885][libtiny.so 0x532c90] [6aea41b9] 0x40532c90: "ldr w10, [x19, #0x1e8]" ; mem[READ] abs=0xbfff9188 x19=0xbfff8fa0 => w10=0xadcec050
[07:17:16 885][libtiny.so 0x532c94] [83ed8152] 0x40532c94: "movz w3, #0xf6c" w3=0xbfff9400 => w3=0xf6c
[07:17:16 886][libtiny.so 0x532c98] [08098813] 0x40532c98: "ror w8, w8, #2" w8=0xadcec050 => w8=0x2b73b014
[07:17:16 886][libtiny.so 0x532c9c] [0835c94a] 0x40532c9c: "eor w8, w8, w9, ror #13" w8=0x2b73b014 w9=0xadcec050 => w8=0x29f6de62
[07:17:16 886][libtiny.so 0x532ca0] [0859ca4a] 0x40532ca0: "eor w8, w8, w10, ror #22" w8=0x29f6de62 w10=0xadcec050 => w8=0x12f79cd5
[07:17:16 887][libtiny.so 0x532ca4] [68f601b9] 0x40532ca4: "str w8, [x19, #0x1f4]" ; mem[WRITE] abs=0xbfff9194 w8=0x12f79cd5 x19=0xbfff8fa0 => w8=0x12f79cd5
[07:17:16 887][libtiny.so 0x532ca8] [68ca41b9] 0x40532ca8: "ldr w8, [x19, #0x1c8]" ; mem[READ] abs=0xbfff9168 x19=0xbfff8fa0 => w8=0xd64336ec
[07:17:16 888][libtiny.so 0x532cac] [69ea41b9] 0x40532cac: "ldr w9, [x19, #0x1e8]" ; mem[READ] abs=0xbfff9188 x19=0xbfff8fa0 => w9=0xadcec050
[07:17:16 888][libtiny.so 0x532cb0] [0c000090] 0x40532cb0: "adrp x12, #0x40532000" => x12=0x40532000
[07:17:16 888][libtiny.so 0x532cb4] [6366a072] 0x40532cb4: "movk w3, #0x333, lsl #16" w3=0xf6c => w3=0x3330f6c
[07:17:16 888][libtiny.so 0x532cb8] [8c912d91] 0x40532cb8: "add x12, x12, #0xb64" x12=0x40532000 => x12=0x40532b64
[07:17:16 889][libtiny.so 0x532cbc] [2801080a] 0x40532cbc: "and w8, w9, w8" w9=0xadcec050 w8=0xd64336ec => w8=0x84420040
[07:17:16 889][libtiny.so 0x532cc0] [68fa01b9] 0x40532cc0: "str w8, [x19, #0x1f8]" ; mem[WRITE] abs=0xbfff9198 w8=0x84420040 x19=0xbfff8fa0 => w8=0x84420040
[07:17:16 889][libtiny.so 0x532cc4] [68ca41b9] 0x40532cc4: "ldr w8, [x19, #0x1c8]" ; mem[READ] abs=0xbfff9168 x19=0xbfff8fa0 => w8=0xd64336ec
[07:17:16 890][libtiny.so 0x532cc8] [69ea41b9] 0x40532cc8: "ldr w9, [x19, #0x1e8]" ; mem[READ] abs=0xbfff9188 x19=0xbfff8fa0 => w9=0xadcec050
[07:17:16 890][libtiny.so 0x532ccc] [6ea641b9] 0x40532ccc: "ldr w14, [x19, #0x1a4]" ; mem[READ] abs=0xbfff9144 x19=0xbfff8fa0 => w14=0x65ad3aa2
[07:17:16 890][libtiny.so 0x532cd0] [2fba47f9] 0x40532cd0: "ldr x15, [x17, #0xf70]" ; mem[READ] abs=0x40755f70 x17=0x40755000 => x15=0x43d3786c
[07:17:16 890][libtiny.so 0x532cd4] [0a639852] 0x40532cd4: "movz w10, #0xc318" w10=0xadcec050 => w10=0xc318
[07:17:16 891][libtiny.so 0x532cd8] [9701038b] 0x40532cd8: "add x23, x12, x3" x12=0x40532b64 x3=0x3330f6c => x23=0x43863ad0
[07:17:16 891][libtiny.so 0x532cdc] [4af6bf72] 0x40532cdc: "movk w10, #0xffb2, lsl #16" w10=0xc318 => w10=0xffb2c318
[07:17:16 891][libtiny.so 0x532ce0] [8c01174b] 0x40532ce0: "sub w12, w12, w23" w12=0x40532b64 w23=0x43863ad0 => w12=0xfcccf094
[07:17:16 891][libtiny.so 0x532ce4] [8a010a0b] 0x40532ce4: "add w10, w12, w10" w12=0xfcccf094 w10=0xffb2c318 => w10=0xfc7fb3ac
[07:17:16 892][libtiny.so 0x532ce8] [2801082a] 0x40532ce8: "orr w8, w9, w8" w9=0xadcec050 w8=0xd64336ec => w8=0xffcff6fc
[07:17:16 892][libtiny.so 0x532cec] [08010e0a] 0x40532cec: "and w8, w8, w14" w8=0xffcff6fc w14=0x65ad3aa2 => w8=0x658d32a0
[07:17:16 892][libtiny.so 0x532cf0] [e9c12a8b] 0x40532cf0: "add x9, x15, w10, sxtw" x15=0x43d3786c w10=0xfc7fb3ac => x9=0x40532c18
[07:17:16 893][libtiny.so 0x532cf4] [68fe01b9] 0x40532cf4: "str w8, [x19, #0x1fc]" ; mem[WRITE] abs=0xbfff919c w8=0x658d32a0 x19=0xbfff8fa0 => w8=0x658d32a0
[07:17:16 893][libtiny.so 0x532cf8] [20011fd6] 0x40532cf8: "br x9" x9=0x40532c18
[07:17:16 893][libtiny.so 0x532c18] [6eed8192] 0x40532c18: "movn x14, #0xf6b" x14=0x65ad3aa2 => x14=0xfffffffffffff094
[07:17:16 893][libtiny.so 0x532c1c] [8e99bff2] 0x40532c1c: "movk x14, #0xfccc, lsl #16" x14=0xfffffffffffff094 => x14=0xfffffffffcccf094
[07:17:16 893][libtiny.so 0x532c20] [ee020e8b] 0x40532c20: "add x14, x23, x14" x23=0x43863ad0 x14=0xfffffffffcccf094 => x14=0x40532b64
[07:17:16 893][libtiny.so 0x532c24] [c0011fd6] 0x40532c24: "br x14" x14=0x40532b64
[07:17:16 893][libtiny.so 0x532b64] [68fa41b9] 0x40532b64: "ldr w8, [x19, #0x1f8]" ; mem[READ] abs=0xbfff9198 x19=0xbfff8fa0 => w8=0x84420040
[07:17:16 894][libtiny.so 0x532b68] [69fe41b9] 0x40532b68: "ldr w9, [x19, #0x1fc]" ; mem[READ] abs=0xbfff919c x19=0xbfff8fa0 => w9=0x658d32a0
[07:17:16 894][libtiny.so 0x532b6c] [6af641b9] 0x40532b6c: "ldr w10, [x19, #0x1f4]" ; mem[READ] abs=0xbfff9194 x19=0xbfff8fa0 => w10=0x12f79cd5
[07:17:16 894][libtiny.so 0x532b70] [6c9a41b9] 0x40532b70: "ldr w12, [x19, #0x198]" ; mem[READ] abs=0xbfff9138 x19=0xbfff8fa0 => w12=0x1017add6
[07:17:16 894][libtiny.so 0x532b74] [6ef241b9] 0x40532b74: "ldr w14, [x19, #0x1f0]" ; mem[READ] abs=0xbfff9190 x19=0xbfff8fa0 => w14=0xa4765c5f
[07:17:16 895][libtiny.so 0x532b78] [2801082a] 0x40532b78: "orr w8, w9, w8" w9=0x658d32a0 w8=0x84420040 => w8=0xe5cf32e0
[07:17:16 895][libtiny.so 0x532b7c] [4801080b] 0x40532b7c: "add w8, w10, w8" w10=0x12f79cd5 w8=0xe5cf32e0 => w8=0xf8c6cfb5
[07:17:16 895][libtiny.so 0x532b80] [cc010c0b] 0x40532b80: "add w12, w14, w12" w14=0xa4765c5f w12=0x1017add6 => w12=0xb48e0a35
[07:17:16 895][libtiny.so 0x532b84] [6c0202b9] 0x40532b84: "str w12, [x19, #0x200]" ; mem[WRITE] abs=0xbfff91a0 w12=0xb48e0a35 x19=0xbfff8fa0 => w12=0xb48e0a35
[07:17:16 896][libtiny.so 0x532b88] [6cf241b9] 0x40532b88: "ldr w12, [x19, #0x1f0]" ; mem[READ] abs=0xbfff9190 x19=0xbfff8fa0 => w12=0xa4765c5f
[07:17:16 896][libtiny.so 0x532b8c] [08010c0b] 0x40532b8c: "add w8, w8, w12" w8=0xf8c6cfb5 w12=0xa4765c5f => w8=0x9d3d2c14
[07:17:16 896][libtiny.so 0x532b90] [680602b9] 0x40532b90: "str w8, [x19, #0x204]" ; mem[WRITE] abs=0xbfff91a4 w8=0x9d3d2c14 x19=0xbfff8fa0 => w8=0x9d3d2c14
[07:17:16 897][libtiny.so 0x532b94] [680242b9] 0x40532b94: "ldr w8, [x19, #0x200]" ; mem[READ] abs=0xbfff91a0 x19=0xbfff8fa0 => w8=0xb48e0a35
[07:17:16 897][libtiny.so 0x532b98] [690242b9] 0x40532b98: "ldr w9, [x19, #0x200]" ; mem[READ] abs=0xbfff91a0 x19=0xbfff8fa0 => w9=0xb48e0a35
[07:17:16 897][libtiny.so 0x532b9c] [6a0242b9] 0x40532b9c: "ldr w10, [x19, #0x200]" ; mem[READ] abs=0xbfff91a0 x19=0xbfff8fa0 => w10=0xb48e0a35
[07:17:16 897][libtiny.so 0x532ba0] [08198813] 0x40532ba0: "ror w8, w8, #6" w8=0xb48e0a35 => w8=0xd6d23828
[07:17:16 898][libtiny.so 0x532ba4] [082dc94a] 0x40532ba4: "eor w8, w8, w9, ror #11" w8=0xd6d23828 w9=0xb48e0a35 => w8=0x9064a9e9
[07:17:16 898][libtiny.so 0x532ba8] [0865ca4a] 0x40532ba8: "eor w8, w8, w10, ror #25" w8=0x9064a9e9 w10=0xb48e0a35 => w8=0xd761b333
[07:17:16 898][libtiny.so 0x532bac] [680a02b9] 0x40532bac: "str w8, [x19, #0x208]" ; mem[WRITE] abs=0xbfff91a8 w8=0xd761b333 x19=0xbfff8fa0 => w8=0xd761b333
[07:17:16 898][libtiny.so 0x532bb0] [68c641b9] 0x40532bb0: "ldr w8, [x19, #0x1c4]" ; mem[READ] abs=0xbfff9164 x19=0xbfff8fa0 => w8=0xd28a8946
[07:17:16 899][libtiny.so 0x532bb4] [69e641b9] 0x40532bb4: "ldr w9, [x19, #0x1e4]" ; mem[READ] abs=0xbfff9184 x19=0xbfff8fa0 => w9=0x42c49e2c
[07:17:16 899][libtiny.so 0x532bb8] [6c0242b9] 0x40532bb8: "ldr w12, [x19, #0x200]" ; mem[READ] abs=0xbfff91a0 x19=0xbfff8fa0 => w12=0xb48e0a35
[07:17:16 899][libtiny.so 0x532bbc] [6ec641b9] 0x40532bbc: "ldr w14, [x19, #0x1c4]" ; mem[READ] abs=0xbfff9164 x19=0xbfff8fa0 => w14=0xd28a8946
[07:17:16 899][libtiny.so 0x532bc0] [0a1100f0] 0x40532bc0: "adrp x10, #0x40755000" => x10=0x40755000
[07:17:16 900][libtiny.so 0x532bc4] [2801084a] 0x40532bc4: "eor w8, w9, w8" w9=0x42c49e2c w8=0xd28a8946 => w8=0x904e176a
[07:17:16 900][libtiny.so 0x532bc8] [8801080a] 0x40532bc8: "and w8, w12, w8" w12=0xb48e0a35 w8=0x904e176a => w8=0x900e0220
[07:17:16 900][libtiny.so 0x532bcc] [896b8752] 0x40532bcc: "movz w9, #0x3b5c" w9=0x42c49e2c => w9=0x3b5c
[07:17:16 901][libtiny.so 0x532bd0] [0c000090] 0x40532bd0: "adrp x12, #0x40532000" => x12=0x40532000
[07:17:16 901][libtiny.so 0x532bd4] [08010e4a] 0x40532bd4: "eor w8, w8, w14" w8=0x900e0220 w14=0xd28a8946 => w8=0x42848b66
[07:17:16 901][libtiny.so 0x532bd8] [a9dca072] 0x40532bd8: "movk w9, #0x6e5, lsl #16" w9=0x3b5c => w9=0x6e53b5c
[07:17:16 901][libtiny.so 0x532bdc] [8c213e91] 0x40532bdc: "add x12, x12, #0xf88" x12=0x40532000 => x12=0x40532f88
[07:17:16 902][libtiny.so 0x532be0] [680e02b9] 0x40532be0: "str w8, [x19, #0x20c]" ; mem[WRITE] abs=0xbfff91ac w8=0x42848b66 x19=0xbfff8fa0 => w8=0x42848b66
[07:17:16 902][libtiny.so 0x532be4] [9701098b] 0x40532be4: "add x23, x12, x9" x12=0x40532f88 x9=0x6e53b5c => x23=0x47386ae4
[07:17:16 902][libtiny.so 0x532be8] [68ba40f9] 0x40532be8: "ldr x8, [x19, #0x170]" ; mem[READ] abs=0xbfff9110 x19=0xbfff8fa0 => x8=0x0
[07:17:16 902][libtiny.so 0x532bec] [49bd47f9] 0x40532bec: "ldr x9, [x10, #0xf78]" ; mem[READ] abs=0x40755f78 x10=0x40755000 => x9=0x43c41ce0
[07:17:16 903][libtiny.so 0x532bf0] [8ee38952] 0x40532bf0: "movz w14, #0x4f1c" w14=0xd28a8946 => w14=0x4f1c
[07:17:16 903][libtiny.so 0x532bf4] [8a01174b] 0x40532bf4: "sub w10, w12, w23" w12=0x40532f88 w23=0x47386ae4 => w10=0xf91ac4a4
[07:17:16 903][libtiny.so 0x532bf8] [acf147f9] 0x40532bf8: "ldr x12, [x13, #0xfe0]" ; mem[READ] abs=0x40755fe0 x13=0x40755000 => x12=0xffffffffd20e6da0
[07:17:16 904][libtiny.so 0x532bfc] [8e6ea072] 0x40532bfc: "movk w14, #0x374, lsl #16" w14=0x4f1c => w14=0x3744f1c
[07:17:16 904][libtiny.so 0x532c00] [4a010e0b] 0x40532c00: "add w10, w10, w14" w10=0xf91ac4a4 w14=0x3744f1c => w10=0xfc8f13c0
[07:17:16 904][libtiny.so 0x532c04] [29c12a8b] 0x40532c04: "add x9, x9, w10, sxtw" x9=0x43c41ce0 w10=0xfc8f13c0 => x9=0x405330a0
[07:17:16 904][libtiny.so 0x532c08] [08057fb2] 0x40532c08: "orr x8, x8, #6" x8=0x0 => x8=0x6
[07:17:16 904][libtiny.so 0x532c0c] [680a01f9] 0x40532c0c: "str x8, [x19, #0x210]" ; mem[WRITE] abs=0xbfff91b0 x8=0x6 x19=0xbfff8fa0 => x8=0x6
[07:17:16 905][libtiny.so 0x532c10] [6c0e01f9] 0x40532c10: "str x12, [x19, #0x218]" ; mem[WRITE] abs=0xbfff91b8 x12=0xffffffffd20e6da0 x19=0xbfff8fa0 => x12=0xffffffffd20e6da0
[07:17:16 905][libtiny.so 0x532c14] [20011fd6] 0x40532c14: "br x9" x9=0x405330a0
[07:17:16 905][libtiny.so 0x5330a0] [2eba47f9] 0x405330a0: "ldr x14, [x17, #0xf70]" ; mem[READ] abs=0x40755f70 x17=0x40755000 => x14=0x43d3786c
[07:17:16 905][libtiny.so 0x5330a4] [648a8992] 0x405330a4: "movn x4, #0x4c53" x4=0xd64336ec => x4=0xffffffffffffb3ac
[07:17:16 906][libtiny.so 0x5330a8] [ef7d8592] 0x405330a8: "movn x15, #0x2bef" x15=0x43d3786c => x15=0xffffffffffffd410
[07:17:16 906][libtiny.so 0x5330ac] [e48fbff2] 0x405330ac: "movk x4, #0xfc7f, lsl #16" x4=0xffffffffffffb3ac => x4=0xfffffffffc7fb3ac
[07:17:16 906][libtiny.so 0x5330b0] [af89bff2] 0x405330b0: "movk x15, #0xfc4d, lsl #16" x15=0xffffffffffffd410 => x15=0xfffffffffc4dd410
[07:17:16 906][libtiny.so 0x5330b4] [ce01048b] 0x405330b4: "add x14, x14, x4" x14=0x43d3786c x4=0xfffffffffc7fb3ac => x14=0x40532c18
[07:17:16 906][libtiny.so 0x5330b8] [f7020f8b] 0x405330b8: "add x23, x23, x15" x23=0x47386ae4 x15=0xfffffffffc4dd410 => x23=0x43863ef4
[07:17:16 907][libtiny.so 0x5330bc] [c0011fd6] 0x405330bc: "br x14" x14=0x40532c18
[07:17:16 907][libtiny.so 0x532c18] [6eed8192] 0x40532c18: "movn x14, #0xf6b" x14=0x40532c18 => x14=0xfffffffffffff094
[07:17:16 907][libtiny.so 0x532c1c] [8e99bff2] 0x40532c1c: "movk x14, #0xfccc, lsl #16" x14=0xfffffffffffff094 => x14=0xfffffffffcccf094
[07:17:16 907][libtiny.so 0x532c20] [ee020e8b] 0x40532c20: "add x14, x23, x14" x23=0x43863ef4 x14=0xfffffffffcccf094 => x14=0x40532f88
[07:17:16 907][libtiny.so 0x532c24] [c0011fd6] 0x40532c24: "br x14" x14=0x40532f88
[07:17:16 907][libtiny.so 0x532f88] [680e41f9] 0x40532f88: "ldr x8, [x19, #0x218]" ; mem[READ] abs=0xbfff91b8 x19=0xbfff8fa0 => x8=0xffffffffd20e6da0
[07:17:16 907][libtiny.so 0x532f8c] [690a41f9] 0x40532f8c: "ldr x9, [x19, #0x210]" ; mem[READ] abs=0xbfff91b0 x19=0xbfff8fa0 => x9=0x6
[07:17:16 907][libtiny.so 0x532f90] [0a009452] 0x40532f90: "movz w10, #0xa000" w10=0xfc8f13c0 => w10=0xa000
[07:17:16 909][libtiny.so 0x532f94] [4ac0ad72] 0x40532f94: "movk w10, #0x6e02, lsl #16" w10=0xa000 => w10=0x6e02a000
[07:17:16 909][libtiny.so 0x532f98] [8e448052] 0x40532f98: "movz w14, #0x224" w14=0x40532f88 => w14=0x224
[07:17:16 909][libtiny.so 0x532f9c] [0809098b] 0x40532f9c: "add x8, x8, x9, lsl #2" x8=0xffffffffd20e6da0 x9=0x6 => x8=0xffffffffd20e6db8
[07:17:16 909][libtiny.so 0x532fa0] [08696ab8] 0x40532fa0: "ldr w8, [x8, x10]" ; mem[READ] abs=0x40110db8 x8=0xffffffffd20e6db8 x10=0x6e02a000 => w8=0x923f82a4
[07:17:16 910][libtiny.so 0x532fa4] [690a41f9] 0x40532fa4: "ldr x9, [x19, #0x210]" ; mem[READ] abs=0xbfff91b0 x19=0xbfff8fa0 => x9=0x6
[07:17:16 910][libtiny.so 0x532fa8] [0f0000b0] 0x40532fa8: "adrp x15, #0x40533000" => x15=0x40533000
[07:17:16 910][libtiny.so 0x532fac] [ce6ca072] 0x40532fac: "movk w14, #0x366, lsl #16" w14=0x224 => w14=0x3660224
[07:17:16 910][libtiny.so 0x532fb0] [ef112191] 0x40532fb0: "add x15, x15, #0x844" x15=0x40533000 => x15=0x40533844
[07:17:16 911][libtiny.so 0x532fb4] [6c821191] 0x40532fb4: "add x12, x19, #0x460" x19=0xbfff8fa0 => x12=0xbfff9400
[07:17:16 911][libtiny.so 0x532fb8] [f7010e8b] 0x40532fb8: "add x23, x15, x14" x15=0x40533844 x14=0x3660224 => x23=0x43b93a68
[07:17:16 911][libtiny.so 0x532fbc] [ee01174b] 0x40532fbc: "sub w14, w15, w23" w15=0x40533844 w23=0x43b93a68 => w14=0xfc99fddc
[07:17:16 911][libtiny.so 0x532fc0] [897969b8] 0x40532fc0: "ldr w9, [x12, x9, lsl #2]" ; mem[READ] abs=0xbfff9418 x12=0xbfff9400 x9=0x6 => w9=0x6e6e656c
[07:17:16 912][libtiny.so 0x532fc4] [6ca241b9] 0x40532fc4: "ldr w12, [x19, #0x1a0]" ; mem[READ] abs=0xbfff9140 x19=0xbfff8fa0 => w12=0xfb06c7a8
[07:17:16 912][libtiny.so 0x532fc8] [6f0e42b9] 0x40532fc8: "ldr w15, [x19, #0x20c]" ; mem[READ] abs=0xbfff91ac x19=0xbfff8fa0 => w15=0x42848b66
[07:17:16 912][libtiny.so 0x532fcc] [630a42b9] 0x40532fcc: "ldr w3, [x19, #0x208]" ; mem[READ] abs=0xbfff91a8 x19=0xbfff8fa0 => w3=0xd761b333
[07:17:16 912][libtiny.so 0x532fd0] [640642b9] 0x40532fd0: "ldr w4, [x19, #0x204]" ; mem[READ] abs=0xbfff91a4 x19=0xbfff8fa0 => w4=0x9d3d2c14
[07:17:16 912][libtiny.so 0x532fd4] [650642b9] 0x40532fd4: "ldr w5, [x19, #0x204]" ; mem[READ] abs=0xbfff91a4 x19=0xbfff8fa0 => w5=0x9d3d2c14
[07:17:16 913][libtiny.so 0x532fd8] [760642b9] 0x40532fd8: "ldr w22, [x19, #0x204]" ; mem[READ] abs=0xbfff91a4 x19=0xbfff8fa0 => w22=0x9d3d2c14
[07:17:16 913][libtiny.so 0x532fdc] [78ea41b9] 0x40532fdc: "ldr w24, [x19, #0x1e8]" ; mem[READ] abs=0xbfff9188 x19=0xbfff8fa0 => w24=0xadcec050
[07:17:16 913][libtiny.so 0x532fe0] [790642b9] 0x40532fe0: "ldr w25, [x19, #0x204]" ; mem[READ] abs=0xbfff91a4 x19=0xbfff8fa0 => w25=0x9d3d2c14
[07:17:16 913][libtiny.so 0x532fe4] [7aea41b9] 0x40532fe4: "ldr w26, [x19, #0x1e8]" ; mem[READ] abs=0xbfff9188 x19=0xbfff8fa0 => w26=0xadcec050
[07:17:16 914][libtiny.so 0x532fe8] [7b0642b9] 0x40532fe8: "ldr w27, [x19, #0x204]" ; mem[READ] abs=0xbfff91a4 x19=0xbfff8fa0 => w27=0x9d3d2c14
[07:17:16 914][libtiny.so 0x532fec] [08010c0b] 0x40532fec: "add w8, w8, w12" w8=0x923f82a4 w12=0xfb06c7a8 => w8=0x8d464a4c
[07:17:16 914][libtiny.so 0x532ff0] [2c03180a] 0x40532ff0: "and w12, w25, w24" w25=0x9d3d2c14 w24=0xadcec050 => w12=0x8d0c0010
[07:17:16 914][libtiny.so 0x532ff4] [78ca41b9] 0x40532ff4: "ldr w24, [x19, #0x1c8]" ; mem[READ] abs=0xbfff9168 x19=0xbfff8fa0 => w24=0xd64336ec
[07:17:16 915][libtiny.so 0x532ff8] [0a829252] 0x40532ff8: "movz w10, #0x9410" w10=0x6e02a000 => w10=0x9410
[07:17:16 915][libtiny.so 0x532ffc] [aa02a072] 0x40532ffc: "movk w10, #0x15, lsl #16" w10=0x9410 => w10=0x159410
[07:17:16 915][libtiny.so 0x533000] [ca010a0b] 0x40533000: "add w10, w14, w10" w14=0xfc99fddc w10=0x159410 => w10=0xfcaf91ec
[07:17:16 915][libtiny.so 0x533004] [6e031a2a] 0x40533004: "orr w14, w27, w26" w27=0x9d3d2c14 w26=0xadcec050 => w14=0xbdffec54
[07:17:16 916][libtiny.so 0x533008] [0801090b] 0x40533008: "add w8, w8, w9" w8=0x8d464a4c w9=0x6e6e656c => w8=0xfbb4afb8
[07:17:16 916][libtiny.so 0x53300c] [ce01180a] 0x4053300c: "and w14, w14, w24" w14=0xbdffec54 w24=0xd64336ec => w14=0x94432444
[07:17:16 916][libtiny.so 0x533010] [89088413] 0x40533010: "ror w9, w4, #2" w4=0x9d3d2c14 => w9=0x274f4b05
[07:17:16 917][libtiny.so 0x533014] [08010f0b] 0x40533014: "add w8, w8, w15" w8=0xfbb4afb8 w15=0x42848b66 => w8=0x3e393b1e
[07:17:16 917][libtiny.so 0x533018] [cc010c2a] 0x40533018: "orr w12, w14, w12" w14=0x94432444 w12=0x8d0c0010 => w12=0x9d4f2454
[07:17:16 917][libtiny.so 0x53301c] [6fa641b9] 0x4053301c: "ldr w15, [x19, #0x1a4]" ; mem[READ] abs=0xbfff9144 x19=0xbfff8fa0 => w15=0x65ad3aa2
[07:17:16 917][libtiny.so 0x533020] [8ecb47f9] 0x40533020: "ldr x14, [x28, #0xf90]" ; mem[READ] abs=0x40755f90 x28=0x40755000 => x14=0x43a3a1a4
[07:17:16 918][libtiny.so 0x533024] [2935c54a] 0x40533024: "eor w9, w9, w5, ror #13" w9=0x274f4b05 w5=0x9d3d2c14 => w9=0x47eba2ec
[07:17:16 918][libtiny.so 0x533028] [2959d64a] 0x40533028: "eor w9, w9, w22, ror #22" w9=0x47eba2ec w22=0x9d3d2c14 => w9=0xb35bf098
[07:17:16 918][libtiny.so 0x53302c] [0801030b] 0x4053302c: "add w8, w8, w3" w8=0x3e393b1e w3=0xd761b333 => w8=0x159aee51
[07:17:16 919][libtiny.so 0x533030] [29010c0b] 0x40533030: "add w9, w9, w12" w9=0xb35bf098 w12=0x9d4f2454 => w9=0x50ab14ec
[07:17:16 919][libtiny.so 0x533034] [0c010f0b] 0x40533034: "add w12, w8, w15" w8=0x159aee51 w15=0x65ad3aa2 => w12=0x7b4828f3
[07:17:16 919][libtiny.so 0x533038] [2801080b] 0x40533038: "add w8, w9, w8" w9=0x50ab14ec w8=0x159aee51 => w8=0x6646033d
[07:17:16 920][libtiny.so 0x53303c] [c9c12a8b] 0x4053303c: "add x9, x14, w10, sxtw" x14=0x43a3a1a4 w10=0xfcaf91ec => x9=0x40533390
[07:17:16 920][libtiny.so 0x533040] [6c2602b9] 0x40533040: "str w12, [x19, #0x224]" ; mem[WRITE] abs=0xbfff91c4 w12=0x7b4828f3 x19=0xbfff8fa0 => w12=0x7b4828f3
[07:17:16 920][libtiny.so 0x533044] [682a02b9] 0x40533044: "str w8, [x19, #0x228]" ; mem[WRITE] abs=0xbfff91c8 w8=0x6646033d x19=0xbfff8fa0 => w8=0x6646033d
[07:17:16 920][libtiny.so 0x533048] [20011fd6] 0x40533048: "br x9" x9=0x40533390
[07:17:16 920][libtiny.so 0x533390] [6e448092] 0x40533390: "movn x14, #0x223" x14=0x43a3a1a4 => x14=0xfffffffffffffddc
[07:17:16 920][libtiny.so 0x533394] [2e93bff2] 0x40533394: "movk x14, #0xfc99, lsl #16" x14=0xfffffffffffffddc => x14=0xfffffffffc99fddc
[07:17:16 920][libtiny.so 0x533398] [ee020e8b] 0x40533398: "add x14, x23, x14" x23=0x43b93a68 x14=0xfffffffffc99fddc => x14=0x40533844
[07:17:16 920][libtiny.so 0x53339c] [c0011fd6] 0x4053339c: "br x14" x14=0x40533844
[07:17:16 921][libtiny.so 0x533844] [682642b9] 0x40533844: "ldr w8, [x19, #0x224]" ; mem[READ] abs=0xbfff91c4 x19=0xbfff8fa0 => w8=0x7b4828f3
[07:17:16 921][libtiny.so 0x533848] [692642b9] 0x40533848: "ldr w9, [x19, #0x224]" ; mem[READ] abs=0xbfff91c4 x19=0xbfff8fa0 => w9=0x7b4828f3
[07:17:16 921][libtiny.so 0x53384c] [6a2642b9] 0x4053384c: "ldr w10, [x19, #0x224]" ; mem[READ] abs=0xbfff91c4 x19=0xbfff8fa0 => w10=0x7b4828f3
[07:17:16 922][libtiny.so 0x533850] [6ce641b9] 0x40533850: "ldr w12, [x19, #0x1e4]" ; mem[READ] abs=0xbfff9184 x19=0xbfff8fa0 => w12=0x42c49e2c
[07:17:16 922][libtiny.so 0x533854] [6e0242b9] 0x40533854: "ldr w14, [x19, #0x200]" ; mem[READ] abs=0xbfff91a0 x19=0xbfff8fa0 => w14=0xb48e0a35
[07:17:16 922][libtiny.so 0x533858] [6f2642b9] 0x40533858: "ldr w15, [x19, #0x224]" ; mem[READ] abs=0xbfff91c4 x19=0xbfff8fa0 => w15=0x7b4828f3
[07:17:16 922][libtiny.so 0x53385c] [63e641b9] 0x4053385c: "ldr w3, [x19, #0x1e4]" ; mem[READ] abs=0xbfff9184 x19=0xbfff8fa0 => w3=0x42c49e2c
[07:17:16 923][libtiny.so 0x533860] [64ba40f9] 0x40533860: "ldr x4, [x19, #0x170]" ; mem[READ] abs=0xbfff9110 x19=0xbfff8fa0 => x4=0x0
[07:17:16 923][libtiny.so 0x533864] [08198813] 0x40533864: "ror w8, w8, #6" w8=0x7b4828f3 => w8=0xcded20a3
[07:17:16 923][libtiny.so 0x533868] [082dc94a] 0x40533868: "eor w8, w8, w9, ror #11" w8=0xcded20a3 w9=0x7b4828f3 => w8=0xd38249a6
[07:17:16 923][libtiny.so 0x53386c] [a9f147f9] 0x4053386c: "ldr x9, [x13, #0xfe0]" ; mem[READ] abs=0x40755fe0 x13=0x40755000 => x9=0xffffffffd20e6da0
[07:17:16 924][libtiny.so 0x533870] [cc010c4a] 0x40533870: "eor w12, w14, w12" w14=0xb48e0a35 w12=0x42c49e2c => w12=0xf64a9419
[07:17:16 924][libtiny.so 0x533874] [ec010c0a] 0x40533874: "and w12, w15, w12" w15=0x7b4828f3 w12=0xf64a9419 => w12=0x72480011
[07:17:16 924][libtiny.so 0x533878] [8ff47ed3] 0x40533878: "lsl x15, x4, #2" x15=0x7b4828f3 x4=0x0 => x15=0x0
[07:17:16 924][libtiny.so 0x53387c] [6e821191] 0x4053387c: "add x14, x19, #0x460" x19=0xbfff8fa0 => x14=0xbfff9400
[07:17:16 925][libtiny.so 0x533880] [ef097eb2] 0x40533880: "orr x15, x15, #0x1c" x15=0x0 => x15=0x1c
[07:17:16 925][libtiny.so 0x533884] [29010f8b] 0x40533884: "add x9, x9, x15" x9=0xffffffffd20e6da0 x15=0x1c => x9=0xffffffffd20e6dbc
[07:17:16 925][libtiny.so 0x533888] [ce696fb8] 0x40533888: "ldr w14, [x14, x15]" ; mem[READ] abs=0xbfff941c x14=0xbfff9400 x15=0x1c => w14=0x223a2258
[07:17:16 926][libtiny.so 0x53388c] [0f009452] 0x4053388c: "movz w15, #0xa000" w15=0x1c => w15=0xa000
[07:17:16 926][libtiny.so 0x533890] [4fc0ad72] 0x40533890: "movk w15, #0x6e02, lsl #16" w15=0xa000 => w15=0x6e02a000
[07:17:16 926][libtiny.so 0x533894] [29696fb8] 0x40533894: "ldr w9, [x9, x15]" ; mem[READ] abs=0x40110dbc x9=0xffffffffd20e6dbc x15=0x6e02a000 => w9=0xab1c5ed5
[07:17:16 926][libtiny.so 0x533898] [6fc641b9] 0x40533898: "ldr w15, [x19, #0x1c4]" ; mem[READ] abs=0xbfff9164 x19=0xbfff8fa0 => w15=0xd28a8946
[07:17:16 926][libtiny.so 0x53389c] [0865ca4a] 0x4053389c: "eor w8, w8, w10, ror #25" w8=0xd38249a6 w10=0x7b4828f3 => w8=0x7796301b
[07:17:16 927][libtiny.so 0x5338a0] [8a01034a] 0x405338a0: "eor w10, w12, w3" w12=0x72480011 w3=0x42c49e2c => w10=0x308c9e3d
[07:17:16 927][libtiny.so 0x5338a4] [8c3f8052] 0x405338a4: "movz w12, #0x1fc" w12=0x72480011 => w12=0x1fc
[07:17:16 927][libtiny.so 0x5338a8] [29010f0b] 0x405338a8: "add w9, w9, w15" w9=0xab1c5ed5 w15=0xd28a8946 => w9=0x7da6e81b
[07:17:16 927][libtiny.so 0x5338ac] [29010e0b] 0x405338ac: "add w9, w9, w14" w9=0x7da6e81b w14=0x223a2258 => w9=0x9fe10a73
[07:17:16 928][libtiny.so 0x5338b0] [29010a0b] 0x405338b0: "add w9, w9, w10" w9=0x9fe10a73 w10=0x308c9e3d => w9=0xd06da8b0
[07:17:16 928][libtiny.so 0x5338b4] [2801080b] 0x405338b4: "add w8, w9, w8" w9=0xd06da8b0 w8=0x7796301b => w8=0x4803d8cb
[07:17:16 928][libtiny.so 0x5338b8] [682e02b9] 0x405338b8: "str w8, [x19, #0x22c]" ; mem[WRITE] abs=0xbfff91cc w8=0x4803d8cb x19=0xbfff8fa0 => w8=0x4803d8cb
[07:17:16 929][libtiny.so 0x5338bc] [0f000090] 0x405338bc: "adrp x15, #0x40533000" => x15=0x40533000
[07:17:16 929][libtiny.so 0x5338c0] [682a42b9] 0x405338c0: "ldr w8, [x19, #0x228]" ; mem[READ] abs=0xbfff91c8 x19=0xbfff8fa0 => w8=0x6646033d
[07:17:16 929][libtiny.so 0x5338c4] [8cdda072] 0x405338c4: "movk w12, #0x6ec, lsl #16" w12=0x1fc => w12=0x6ec01fc
[07:17:16 929][libtiny.so 0x5338c8] [efd12891] 0x405338c8: "add x15, x15, #0xa34" x15=0x40533000 => x15=0x40533a34
[07:17:16 930][libtiny.so 0x5338cc] [692a42b9] 0x405338cc: "ldr w9, [x19, #0x228]" ; mem[READ] abs=0xbfff91c8 x19=0xbfff8fa0 => w9=0x6646033d
[07:17:16 930][libtiny.so 0x5338d0] [0ad647f9] 0x405338d0: "ldr x10, [x16, #0xfa8]" ; mem[READ] abs=0x40755fa8 x16=0x40755000 => x10=0x443245d0
[07:17:16 930][libtiny.so 0x5338d4] [0e129f52] 0x405338d4: "movz w14, #0xf890" w14=0x223a2258 => w14=0xf890
[07:17:16 930][libtiny.so 0x5338d8] [f7010c8b] 0x405338d8: "add x23, x15, x12" x15=0x40533a34 x12=0x6ec01fc => x23=0x473f3c30
[07:17:16 931][libtiny.so 0x5338dc] [8e61a072] 0x405338dc: "movk w14, #0x30c, lsl #16" w14=0xf890 => w14=0x30cf890
[07:17:16 931][libtiny.so 0x5338e0] [ec01174b] 0x405338e0: "sub w12, w15, w23" w15=0x40533a34 w23=0x473f3c30 => w12=0xf913fe04
[07:17:16 931][libtiny.so 0x5338e4] [8c010e0b] 0x405338e4: "add w12, w12, w14" w12=0xf913fe04 w14=0x30cf890 => w12=0xfc20f694
[07:17:16 931][libtiny.so 0x5338e8] [08098813] 0x405338e8: "ror w8, w8, #2" w8=0x6646033d => w8=0x599180cf
[07:17:16 932][libtiny.so 0x5338ec] [0835c94a] 0x405338ec: "eor w8, w8, w9, ror #13" w8=0x599180cf w9=0x6646033d => w8=0x407ab2ff
[07:17:16 932][libtiny.so 0x5338f0] [49c12c8b] 0x405338f0: "add x9, x10, w12, sxtw" x10=0x443245d0 w12=0xfc20f694 => x9=0x40533c64
[07:17:16 932][libtiny.so 0x5338f4] [683202b9] 0x405338f4: "str w8, [x19, #0x230]" ; mem[WRITE] abs=0xbfff91d0 w8=0x407ab2ff x19=0xbfff8fa0 => w8=0x407ab2ff
[07:17:16 932][libtiny.so 0x5338f8] [20011fd6] 0x405338f8: "br x9" x9=0x40533c64
[07:17:16 933][libtiny.so 0x533c64] [eed047f9] 0x40533c64: "ldr x14, [x7, #0xfa0]" ; mem[READ] abs=0x40755fa0 x7=0x40755000 => x14=0x444accb4
[07:17:16 933][libtiny.so 0x533c68] [e4729292] 0x40533c68: "movn x4, #0x9397" x4=0x0 => x4=0xffffffffffff6c68
[07:17:16 933][libtiny.so 0x533c6c] [6fff9392] 0x40533c6c: "movn x15, #0x9ffb" x15=0x40533a34 => x15=0xffffffffffff6004
[07:17:16 933][libtiny.so 0x533c70] [0481bff2] 0x40533c70: "movk x4, #0xfc08, lsl #16" x4=0xffffffffffff6c68 => x4=0xfffffffffc086c68
[07:17:16 934][libtiny.so 0x533c74] [2f94bff2] 0x40533c74: "movk x15, #0xfca1, lsl #16" x15=0xffffffffffff6004 => x15=0xfffffffffca16004
[07:17:16 934][libtiny.so 0x533c78] [ce01048b] 0x40533c78: "add x14, x14, x4" x14=0x444accb4 x4=0xfffffffffc086c68 => x14=0x4053391c
[07:17:16 934][libtiny.so 0x533c7c] [f7020f8b] 0x40533c7c: "add x23, x23, x15" x23=0x473f3c30 x15=0xfffffffffca16004 => x23=0x43e09c34
[07:17:16 935][libtiny.so 0x533c80] [c0011fd6] 0x40533c80: "br x14" x14=0x4053391c
[07:17:16 935][libtiny.so 0x53391c] [ee3f8c92] 0x4053391c: "movn x14, #0x61ff" x14=0x4053391c => x14=0xffffffffffff9e00
[07:17:16 935][libtiny.so 0x533920] [4e8ebff2] 0x40533920: "movk x14, #0xfc72, lsl #16" x14=0xffffffffffff9e00 => x14=0xfffffffffc729e00
[07:17:16 935][libtiny.so 0x533924] [ee020e8b] 0x40533924: "add x14, x23, x14" x23=0x43e09c34 x14=0xfffffffffc729e00 => x14=0x40533a34
[07:17:16 936][libtiny.so 0x533928] [c0011fd6] 0x40533928: "br x14" x14=0x40533a34
[07:17:16 936][libtiny.so 0x533a34] [682a42b9] 0x40533a34: "ldr w8, [x19, #0x228]" ; mem[READ] abs=0xbfff91c8 x19=0xbfff8fa0 => w8=0x6646033d
[07:17:16 936][libtiny.so 0x533a38] [693242b9] 0x40533a38: "ldr w9, [x19, #0x230]" ; mem[READ] abs=0xbfff91d0 x19=0xbfff8fa0 => w9=0x407ab2ff
[07:17:16 937][libtiny.so 0x533a3c] [6a0642b9] 0x40533a3c: "ldr w10, [x19, #0x204]" ; mem[READ] abs=0xbfff91a4 x19=0xbfff8fa0 => w10=0x9d3d2c14
[07:17:16 937][libtiny.so 0x533a40] [6c2a42b9] 0x40533a40: "ldr w12, [x19, #0x228]" ; mem[READ] abs=0xbfff91c8 x19=0xbfff8fa0 => w12=0x6646033d
[07:17:16 937][libtiny.so 0x533a44] [6e0642b9] 0x40533a44: "ldr w14, [x19, #0x204]" ; mem[READ] abs=0xbfff91a4 x19=0xbfff8fa0 => w14=0x9d3d2c14
[07:17:16 937][libtiny.so 0x533a48] [6f2a42b9] 0x40533a48: "ldr w15, [x19, #0x228]" ; mem[READ] abs=0xbfff91c8 x19=0xbfff8fa0 => w15=0x6646033d
[07:17:16 938][libtiny.so 0x533a4c] [63ea41b9] 0x40533a4c: "ldr w3, [x19, #0x1e8]" ; mem[READ] abs=0xbfff9188 x19=0xbfff8fa0 => w3=0xadcec050
[07:17:16 938][libtiny.so 0x533a50] [64ca41b9] 0x40533a50: "ldr w4, [x19, #0x1c8]" ; mem[READ] abs=0xbfff9168 x19=0xbfff8fa0 => w4=0xd64336ec
[07:17:16 938][libtiny.so 0x533a54] [652e42b9] 0x40533a54: "ldr w5, [x19, #0x22c]" ; mem[READ] abs=0xbfff91cc x19=0xbfff8fa0 => w5=0x4803d8cb
[07:17:16 938][libtiny.so 0x533a58] [2859c84a] 0x40533a58: "eor w8, w9, w8, ror #22" w9=0x407ab2ff w8=0x6646033d => w8=0x58764766
[07:17:16 939][libtiny.so 0x533a5c] [89010a0a] 0x40533a5c: "and w9, w12, w10" w12=0x6646033d w10=0x9d3d2c14 => w9=0x4040014
[07:17:16 939][libtiny.so 0x533a60] [ea010e2a] 0x40533a60: "orr w10, w15, w14" w15=0x6646033d w14=0x9d3d2c14 => w10=0xff7f2f3d
[07:17:16 939][libtiny.so 0x533a64] [ac00040b] 0x40533a64: "add w12, w5, w4" w5=0x4803d8cb w4=0xd64336ec => w12=0x1e470fb7
[07:17:16 940][libtiny.so 0x533a68] [6c3602b9] 0x40533a68: "str w12, [x19, #0x234]" ; mem[WRITE] abs=0xbfff91d4 w12=0x1e470fb7 x19=0xbfff8fa0 => w12=0x1e470fb7
[07:17:16 940][libtiny.so 0x533a6c] [6c2e42b9] 0x40533a6c: "ldr w12, [x19, #0x22c]" ; mem[READ] abs=0xbfff91cc x19=0xbfff8fa0 => w12=0x4803d8cb
[07:17:16 940][libtiny.so 0x533a70] [4a01030a] 0x40533a70: "and w10, w10, w3" w10=0xff7f2f3d w3=0xadcec050 => w10=0xad4e0010
[07:17:16 940][libtiny.so 0x533a74] [4901092a] 0x40533a74: "orr w9, w10, w9" w10=0xad4e0010 w9=0x4040014 => w9=0xad4e0014
[07:17:16 941][libtiny.so 0x533a78] [0801090b] 0x40533a78: "add w8, w8, w9" w8=0x58764766 w9=0xad4e0014 => w8=0x5c4477a
[07:17:16 941][libtiny.so 0x533a7c] [08010c0b] 0x40533a7c: "add w8, w8, w12" w8=0x5c4477a w12=0x4803d8cb => w8=0x4dc82045
[07:17:16 941][libtiny.so 0x533a80] [683a02b9] 0x40533a80: "str w8, [x19, #0x238]" ; mem[WRITE] abs=0xbfff91d8 w8=0x4dc82045 x19=0xbfff8fa0 => w8=0x4dc82045
[07:17:16 941][libtiny.so 0x533a84] [684e40f9] 0x40533a84: "ldr x8, [x19, #0x98]" ; mem[READ] abs=0xbfff9038 x19=0xbfff8fa0 => x8=0xbfff8f80
[07:17:16 942][libtiny.so 0x533a88] [09018052] 0x40533a88: "movz w9, #0x8" w9=0xad4e0014 => w9=0x8
[07:17:16 942][libtiny.so 0x533a8c] [0af69952] 0x40533a8c: "movz w10, #0xcfb0" w10=0xad4e0010 => w10=0xcfb0
[07:17:16 942][libtiny.so 0x533a90] [0c0000b0] 0x40533a90: "adrp x12, #0x40534000" => x12=0x40534000
[07:17:16 942][libtiny.so 0x533a94] [1f010039] 0x40533a94: "strb wzr, [x8]" ; mem[WRITE] abs=0xbfff8f80 x8=0xbfff8f80
[07:17:16 943][libtiny.so 0x533a98] [685240f9] 0x40533a98: "ldr x8, [x19, #0xa0]" ; mem[READ] abs=0xbfff9040 x19=0xbfff8fa0 => x8=0xbfff8f70
[07:17:16 943][libtiny.so 0x533a9c] [8aeaa072] 0x40533a9c: "movk w10, #0x754, lsl #16" w10=0xcfb0 => w10=0x754cfb0
[07:17:16 943][libtiny.so 0x533aa0] [8c911e91] 0x40533aa0: "add x12, x12, #0x7a4" x12=0x40534000 => x12=0x405347a4
[07:17:16 943][libtiny.so 0x533aa4] [97010a8b] 0x40533aa4: "add x23, x12, x10" x12=0x405347a4 x10=0x754cfb0 => x23=0x47a81754
[07:17:16 944][libtiny.so 0x533aa8] [090100f9] 0x40533aa8: "str x9, [x8]" ; mem[WRITE] abs=0xbfff8f70 x9=0x8 x8=0xbfff8f70 => x9=0x8
[07:17:16 944][libtiny.so 0x533aac] [685640f9] 0x40533aac: "ldr x8, [x19, #0xa8]" ; mem[READ] abs=0xbfff9048 x19=0xbfff8fa0 => x8=0xbfff8f60
[07:17:16 944][libtiny.so 0x533ab0] [69ea41b9] 0x40533ab0: "ldr w9, [x19, #0x1e8]" ; mem[READ] abs=0xbfff9188 x19=0xbfff8fa0 => w9=0xadcec050
[07:17:16 944][libtiny.so 0x533ab4] [8aed8a52] 0x40533ab4: "movz w10, #0x576c" w10=0x754cfb0 => w10=0x576c
[07:17:16 945][libtiny.so 0x533ab8] [8a75a072] 0x40533ab8: "movk w10, #0x3ac, lsl #16" w10=0x576c => w10=0x3ac576c
[07:17:16 945][libtiny.so 0x533abc] [090100b9] 0x40533abc: "str w9, [x8]" ; mem[WRITE] abs=0xbfff8f60 w9=0xadcec050 x8=0xbfff8f60 => w9=0xadcec050
[07:17:16 945][libtiny.so 0x533ac0] [685a40f9] 0x40533ac0: "ldr x8, [x19, #0xb0]" ; mem[READ] abs=0xbfff9050 x19=0xbfff8fa0 => x8=0xbfff8f50
[07:17:16 945][libtiny.so 0x533ac4] [690642b9] 0x40533ac4: "ldr w9, [x19, #0x204]" ; mem[READ] abs=0xbfff91a4 x19=0xbfff8fa0 => w9=0x9d3d2c14
[07:17:16 945][libtiny.so 0x533ac8] [090100b9] 0x40533ac8: "str w9, [x8]" ; mem[WRITE] abs=0xbfff8f50 w9=0x9d3d2c14 x8=0xbfff8f50 => w9=0x9d3d2c14
[07:17:16 946][libtiny.so 0x533acc] [081100d0] 0x40533acc: "adrp x8, #0x40755000" => x8=0x40755000
[07:17:16 946][libtiny.so 0x533ad0] [08ed47f9] 0x40533ad0: "ldr x8, [x8, #0xfd8]" ; mem[READ] abs=0x40755fd8 x8=0x40755000 => x8=0x43fbbdb4
[07:17:16 946][libtiny.so 0x533ad4] [8901174b] 0x40533ad4: "sub w9, w12, w23" w12=0x405347a4 w23=0x47a81754 => w9=0xf8ab3050
[07:17:16 946][libtiny.so 0x533ad8] [29010a0b] 0x40533ad8: "add w9, w9, w10" w9=0xf8ab3050 w10=0x3ac576c => w9=0xfc5787bc
[07:17:16 947][libtiny.so 0x533adc] [08c1298b] 0x40533adc: "add x8, x8, w9, sxtw" x8=0x43fbbdb4 w9=0xfc5787bc => x8=0x40534570
[07:17:16 947][libtiny.so 0x533ae0] [00011fd6] 0x40533ae0: "br x8" x8=0x40534570
[07:17:16 947][libtiny.so 0x534570] [0e1100b0] 0x40534570: "adrp x14, #0x40755000" => x14=0x40755000
[07:17:16 947][libtiny.so 0x534574] [cee947f9] 0x40534574: "ldr x14, [x14, #0xfd0]" ; mem[READ] abs=0x40755fd0 x14=0x40755000 => x14=0x4389d014
[07:17:16 947][libtiny.so 0x534578] [64c29192] 0x40534578: "movn x4, #0x8e13" x4=0xd64336ec => x4=0xffffffffffff71ec
[07:17:16 947][libtiny.so 0x53457c] [ef7a9a92] 0x4053457c: "movn x15, #0xd3d7" x15=0x6646033d => x15=0xffffffffffff2c28
[07:17:16 947][libtiny.so 0x534580] [2499bff2] 0x40534580: "movk x4, #0xfcc9, lsl #16" x4=0xffffffffffff71ec => x4=0xfffffffffcc971ec
[07:17:16 947][libtiny.so 0x534584] [0f8fbff2] 0x40534584: "movk x15, #0xfc78, lsl #16" x15=0xffffffffffff2c28 => x15=0xfffffffffc782c28
[07:17:16 947][libtiny.so 0x534588] [ce01048b] 0x40534588: "add x14, x14, x4" x14=0x4389d014 x4=0xfffffffffcc971ec => x14=0x40534200
[07:17:16 947][libtiny.so 0x53458c] [f7020f8b] 0x4053458c: "add x23, x23, x15" x23=0x47a81754 x15=0xfffffffffc782c28 => x23=0x4420437c
[07:17:16 947][libtiny.so 0x534590] [c0011fd6] 0x40534590: "br x14" x14=0x40534200
[07:17:16 947][libtiny.so 0x534200] [ee7a9f92] 0x40534200: "movn x14, #0xfbd7" x14=0x40534200 => x14=0xffffffffffff0428
[07:17:16 947][libtiny.so 0x534204] [6e86bff2] 0x40534204: "movk x14, #0xfc33, lsl #16" x14=0xffffffffffff0428 => x14=0xfffffffffc330428
[07:17:16 947][libtiny.so 0x534208] [ee020e8b] 0x40534208: "add x14, x23, x14" x23=0x4420437c x14=0xfffffffffc330428 => x14=0x405347a4
[07:17:16 947][libtiny.so 0x53420c] [c0011fd6] 0x4053420c: "br x14" x14=0x405347a4
[07:17:16 948][libtiny.so 0x5347a4] [685e40f9] 0x405347a4: "ldr x8, [x19, #0xb8]" ; mem[READ] abs=0xbfff9058 x19=0xbfff8fa0 => x8=0xbfff8f40
[07:17:16 948][libtiny.so 0x5347a8] [692a42b9] 0x405347a8: "ldr w9, [x19, #0x228]" ; mem[READ] abs=0xbfff91c8 x19=0xbfff8fa0 => w9=0x6646033d
[07:17:16 948][libtiny.so 0x5347ac] [0ab39452] 0x405347ac: "movz w10, #0xa598" w10=0x3ac576c => w10=0xa598
[07:17:16 948][libtiny.so 0x5347b0] [0caa8b52] 0x405347b0: "movz w12, #0x5d50" w12=0x405347a4 => w12=0x5d50
[07:17:16 948][libtiny.so 0x5347b4] [eefffff0] 0x405347b4: "adrp x14, #0x40533000" => x14=0x40533000
[07:17:16 949][libtiny.so 0x5347b8] [090100b9] 0x405347b8: "str w9, [x8]" ; mem[WRITE] abs=0xbfff8f40 w9=0x6646033d x8=0xbfff8f40 => w9=0x6646033d
[07:17:16 949][libtiny.so 0x5347bc] [686240f9] 0x405347bc: "ldr x8, [x19, #0xc0]" ; mem[READ] abs=0xbfff9060 x19=0xbfff8fa0 => x8=0xbfff8f30
[07:17:16 949][libtiny.so 0x5347c0] [693a42b9] 0x405347c0: "ldr w9, [x19, #0x238]" ; mem[READ] abs=0xbfff91d8 x19=0xbfff8fa0 => w9=0x4dc82045
[07:17:16 949][libtiny.so 0x5347c4] [e3ffffd0] 0x405347c4: "adrp x3, #0x40532000" => x3=0x40532000
[07:17:16 950][libtiny.so 0x5347c8] [6a75a072] 0x405347c8: "movk w10, #0x3ab, lsl #16" w10=0xa598 => w10=0x3aba598
[07:17:16 950][libtiny.so 0x5347cc] [8ce7a072] 0x405347cc: "movk w12, #0x73c, lsl #16" w12=0x5d50 => w12=0x73c5d50
[07:17:16 951][libtiny.so 0x5347d0] [090100b9] 0x405347d0: "str w9, [x8]" ; mem[WRITE] abs=0xbfff8f30 w9=0x4dc82045 x8=0xbfff8f30 => w9=0x4dc82045
[07:17:16 951][libtiny.so 0x5347d4] [686640f9] 0x405347d4: "ldr x8, [x19, #0xc8]" ; mem[READ] abs=0xbfff9068 x19=0xbfff8fa0 => x8=0xbfff8f20
[07:17:16 951][libtiny.so 0x5347d8] [692642b9] 0x405347d8: "ldr w9, [x19, #0x224]" ; mem[READ] abs=0xbfff91c4 x19=0xbfff8fa0 => w9=0x7b4828f3
[07:17:16 952][libtiny.so 0x5347dc] [ced13c91] 0x405347dc: "add x14, x14, #0xf34" x14=0x40533000 => x14=0x40533f34
[07:17:16 952][libtiny.so 0x5347e0] [63d02191] 0x405347e0: "add x3, x3, #0x874" x3=0x40532000 => x3=0x40532874
[07:17:16 952][libtiny.so 0x5347e4] [6a000a8b] 0x405347e4: "add x10, x3, x10" x3=0x40532874 x10=0x3aba598 => x10=0x43fece0c
[07:17:16 953][libtiny.so 0x5347e8] [090100b9] 0x405347e8: "str w9, [x8]" ; mem[WRITE] abs=0xbfff8f20 w9=0x7b4828f3 x8=0xbfff8f20 => w9=0x7b4828f3
[07:17:16 953][libtiny.so 0x5347ec] [686a40f9] 0x405347ec: "ldr x8, [x19, #0xd0]" ; mem[READ] abs=0xbfff9070 x19=0xbfff8fa0 => x8=0xbfff8f10
[07:17:16 953][libtiny.so 0x5347f0] [690242b9] 0x405347f0: "ldr w9, [x19, #0x200]" ; mem[READ] abs=0xbfff91a0 x19=0xbfff8fa0 => w9=0xb48e0a35
[07:17:16 954][libtiny.so 0x5347f4] [cc010c8b] 0x405347f4: "add x12, x14, x12" x14=0x40533f34 x12=0x73c5d50 => x12=0x478f9c84
[07:17:16 954][libtiny.so 0x5347f8] [090100b9] 0x405347f8: "str w9, [x8]" ; mem[WRITE] abs=0xbfff8f10 w9=0xb48e0a35 x8=0xbfff8f10 => w9=0xb48e0a35
[07:17:16 955][libtiny.so 0x5347fc] [686e40f9] 0x405347fc: "ldr x8, [x19, #0xd8]" ; mem[READ] abs=0xbfff9078 x19=0xbfff8fa0 => x8=0xbfff8f00
[07:17:16 955][libtiny.so 0x534800] [693642b9] 0x40534800: "ldr w9, [x19, #0x234]" ; mem[READ] abs=0xbfff91d4 x19=0xbfff8fa0 => w9=0x1e470fb7
[07:17:16 956][libtiny.so 0x534804] [090100b9] 0x40534804: "str w9, [x8]" ; mem[WRITE] abs=0xbfff8f00 w9=0x1e470fb7 x8=0xbfff8f00 => w9=0x1e470fb7
[07:17:16 956][libtiny.so 0x534808] [687240f9] 0x40534808: "ldr x8, [x19, #0xe0]" ; mem[READ] abs=0xbfff9080 x19=0xbfff8fa0 => x8=0xbfff8ef0
[07:17:16 956][libtiny.so 0x53480c] [69e641b9] 0x4053480c: "ldr w9, [x19, #0x1e4]" ; mem[READ] abs=0xbfff9184 x19=0xbfff8fa0 => w9=0x42c49e2c
[07:17:16 957][libtiny.so 0x534810] [090100b9] 0x40534810: "str w9, [x8]" ; mem[WRITE] abs=0xbfff8ef0 w9=0x42c49e2c x8=0xbfff8ef0 => w9=0x42c49e2c
[07:17:16 957][libtiny.so 0x534814] [687640f9] 0x40534814: "ldr x8, [x19, #0xe8]" ; mem[READ] abs=0xbfff9088 x19=0xbfff8fa0 => x8=0xbfff8ee0
[07:17:16 957][libtiny.so 0x534818] [09028052] 0x40534818: "movz w9, #0x10" w9=0x42c49e2c => w9=0x10
[07:17:16 958][libtiny.so 0x53481c] [090100f9] 0x4053481c: "str x9, [x8]" ; mem[WRITE] abs=0xbfff8ee0 x9=0x10 x8=0xbfff8ee0 => x9=0x10
[07:17:16 958][libtiny.so 0x534820] [687a40f9] 0x40534820: "ldr x8, [x19, #0xf0]" ; mem[READ] abs=0xbfff9090 x19=0xbfff8fa0 => x8=0xbfff8ed0
[07:17:16 959][libtiny.so 0x534824] [69ea41b9] 0x40534824: "ldr w9, [x19, #0x1e8]" ; mem[READ] abs=0xbfff9188 x19=0xbfff8fa0 => w9=0xadcec050
[07:17:16 959][libtiny.so 0x534828] [090100b9] 0x40534828: "str w9, [x8]" ; mem[WRITE] abs=0xbfff8ed0 w9=0xadcec050 x8=0xbfff8ed0 => w9=0xadcec050
[07:17:16 959][libtiny.so 0x53482c] [687e40f9] 0x4053482c: "ldr x8, [x19, #0xf8]" ; mem[READ] abs=0xbfff9098 x19=0xbfff8fa0 => x8=0xbfff8ec0
[07:17:16 960][libtiny.so 0x534830] [690642b9] 0x40534830: "ldr w9, [x19, #0x204]" ; mem[READ] abs=0xbfff91a4 x19=0xbfff8fa0 => w9=0x9d3d2c14
[07:17:16 960][libtiny.so 0x534834] [090100b9] 0x40534834: "str w9, [x8]" ; mem[WRITE] abs=0xbfff8ec0 w9=0x9d3d2c14 x8=0xbfff8ec0 => w9=0x9d3d2c14
[07:17:16 960][libtiny.so 0x534838] [688240f9] 0x40534838: "ldr x8, [x19, #0x100]" ; mem[READ] abs=0xbfff90a0 x19=0xbfff8fa0 => x8=0xbfff8eb0
[07:17:16 961][libtiny.so 0x53483c] [692a42b9] 0x4053483c: "ldr w9, [x19, #0x228]" ; mem[READ] abs=0xbfff91c8 x19=0xbfff8fa0 => w9=0x6646033d
[07:17:16 961][libtiny.so 0x534840] [090100b9] 0x40534840: "str w9, [x8]" ; mem[WRITE] abs=0xbfff8eb0 w9=0x6646033d x8=0xbfff8eb0 => w9=0x6646033d
[07:17:16 961][libtiny.so 0x534844] [688640f9] 0x40534844: "ldr x8, [x19, #0x108]" ; mem[READ] abs=0xbfff90a8 x19=0xbfff8fa0 => x8=0xbfff8ea0
[07:17:16 962][libtiny.so 0x534848] [693a42b9] 0x40534848: "ldr w9, [x19, #0x238]" ; mem[READ] abs=0xbfff91d8 x19=0xbfff8fa0 => w9=0x4dc82045
[07:17:16 962][libtiny.so 0x53484c] [090100b9] 0x4053484c: "str w9, [x8]" ; mem[WRITE] abs=0xbfff8ea0 w9=0x4dc82045 x8=0xbfff8ea0 => w9=0x4dc82045
[07:17:16 962][libtiny.so 0x534850] [688a40f9] 0x40534850: "ldr x8, [x19, #0x110]" ; mem[READ] abs=0xbfff90b0 x19=0xbfff8fa0 => x8=0xbfff8e90
[07:17:16 963][libtiny.so 0x534854] [692642b9] 0x40534854: "ldr w9, [x19, #0x224]" ; mem[READ] abs=0xbfff91c4 x19=0xbfff8fa0 => w9=0x7b4828f3
[07:17:16 963][libtiny.so 0x534858] [090100b9] 0x40534858: "str w9, [x8]" ; mem[WRITE] abs=0xbfff8e90 w9=0x7b4828f3 x8=0xbfff8e90 => w9=0x7b4828f3
[07:17:16 963][libtiny.so 0x53485c] [688e40f9] 0x4053485c: "ldr x8, [x19, #0x118]" ; mem[READ] abs=0xbfff90b8 x19=0xbfff8fa0 => x8=0xbfff8e80
[07:17:16 963][libtiny.so 0x534860] [690242b9] 0x40534860: "ldr w9, [x19, #0x200]" ; mem[READ] abs=0xbfff91a0 x19=0xbfff8fa0 => w9=0xb48e0a35
[07:17:16 964][libtiny.so 0x534864] [090100b9] 0x40534864: "str w9, [x8]" ; mem[WRITE] abs=0xbfff8e80 w9=0xb48e0a35 x8=0xbfff8e80 => w9=0xb48e0a35
[07:17:16 964][libtiny.so 0x534868] [689240f9] 0x40534868: "ldr x8, [x19, #0x120]" ; mem[READ] abs=0xbfff90c0 x19=0xbfff8fa0 => x8=0xbfff8e70
[07:17:16 964][libtiny.so 0x53486c] [693642b9] 0x4053486c: "ldr w9, [x19, #0x234]" ; mem[READ] abs=0xbfff91d4 x19=0xbfff8fa0 => w9=0x1e470fb7
[07:17:16 965][libtiny.so 0x534870] [090100b9] 0x40534870: "str w9, [x8]" ; mem[WRITE] abs=0xbfff8e70 w9=0x1e470fb7 x8=0xbfff8e70 => w9=0x1e470fb7
[07:17:16 965][libtiny.so 0x534874] [689640f9] 0x40534874: "ldr x8, [x19, #0x128]" ; mem[READ] abs=0xbfff90c8 x19=0xbfff8fa0 => x8=0xbfff8e60
[07:17:16 965][libtiny.so 0x534878] [69e641b9] 0x40534878: "ldr w9, [x19, #0x1e4]" ; mem[READ] abs=0xbfff9184 x19=0xbfff8fa0 => w9=0x42c49e2c
[07:17:16 965][libtiny.so 0x53487c] [090100b9] 0x4053487c: "str w9, [x8]" ; mem[WRITE] abs=0xbfff8e60 w9=0x42c49e2c x8=0xbfff8e60 => w9=0x42c49e2c
[07:17:16 966][libtiny.so 0x534880] [68fe4539] 0x40534880: "ldrb w8, [x19, #0x17f]" ; mem[READ] abs=0xbfff911f x19=0xbfff8fa0 => w8=0x1
[07:17:16 966][libtiny.so 0x534884] [6ffe4539] 0x40534884: "ldrb w15, [x19, #0x17f]" ; mem[READ] abs=0xbfff911f x19=0xbfff8fa0 => w15=0x1
[07:17:16 966][libtiny.so 0x534888] [090b8052] 0x40534888: "movz w9, #0x58" w9=0x42c49e2c => w9=0x58
[07:17:16 967][libtiny.so 0x53488c] [1f010071] 0x4053488c: "cmp w8, #0" => nzcv=0x220000000 w8=0x1
[07:17:16 967][libtiny.so 0x534890] [68fe4539] 0x40534890: "ldrb w8, [x19, #0x17f]" ; mem[READ] abs=0xbfff911f x19=0xbfff8fa0 => w8=0x1
[07:17:16 967][libtiny.so 0x534894] [97118a9a] 0x40534894: "csel x23, x12, x10, ne" nzcv=0x18020000000 x12=0x478f9c84 x10=0x43fece0c => x23=0x478f9c84
[07:17:16 967][libtiny.so 0x534898] [0c1100b0] 0x40534898: "adrp x12, #0x40755000" => x12=0x40755000
[07:17:16 968][libtiny.so 0x53489c] [8a979c52] 0x4053489c: "movz w10, #0xe4bc" w10=0x43fece0c => w10=0xe4bc
[07:17:16 968][libtiny.so 0x5348a0] [1f010071] 0x405348a0: "cmp w8, #0" => nzcv=0x220000000 w8=0x1
[07:17:16 968][libtiny.so 0x5348a4] [88bd8652] 0x405348a4: "movz w8, #0x35ec" w8=0x1 => w8=0x35ec
[07:17:16 968][libtiny.so 0x5348a8] [29119f9a] 0x405348a8: "csel x9, x9, xzr, ne" nzcv=0x18020000000 x9=0x58 => x9=0x58
[07:17:16 969][libtiny.so 0x5348ac] [8c813d91] 0x405348ac: "add x12, x12, #0xf60" x12=0x40755000 => x12=0x40755f60
[07:17:16 969][libtiny.so 0x5348b0] [8afbbf72] 0x405348b0: "movk w10, #0xffdc, lsl #16" w10=0xe4bc => w10=0xffdce4bc
[07:17:16 969][libtiny.so 0x5348b4] [c86ba072] 0x405348b4: "movk w8, #0x35e, lsl #16" w8=0x35ec => w8=0x35e35ec
[07:17:16 969][libtiny.so 0x5348b8] [896969f8] 0x405348b8: "ldr x9, [x12, x9]" ; mem[READ] abs=0x40755fb8 x12=0x40755f60 x9=0x58 => x9=0x443167a0
[07:17:16 970][libtiny.so 0x5348bc] [6a000a0b] 0x405348bc: "add w10, w3, w10" w3=0x40532874 w10=0xffdce4bc => w10=0x40300d30
[07:17:16 970][libtiny.so 0x5348c0] [c801080b] 0x405348c0: "add w8, w14, w8" w14=0x40533f34 w8=0x35e35ec => w8=0x43b17520
[07:17:16 970][libtiny.so 0x5348c4] [ff010071] 0x405348c4: "cmp w15, #0" => nzcv=0x220000000 w15=0x1
[07:17:16 970][libtiny.so 0x5348c8] [08118a1a] 0x405348c8: "csel w8, w8, w10, ne" nzcv=0x18020000000 w8=0x43b17520 w10=0x40300d30 => w8=0x43b17520
[07:17:16 971][libtiny.so 0x5348cc] [0801174b] 0x405348cc: "sub w8, w8, w23" w8=0x43b17520 w23=0x478f9c84 => w8=0xfc21d89c
[07:17:16 971][libtiny.so 0x5348d0] [28c1288b] 0x405348d0: "add x8, x9, w8, sxtw" x9=0x443167a0 w8=0xfc21d89c => x8=0x4053403c
[07:17:16 971][libtiny.so 0x5348d4] [00011fd6] 0x405348d4: "br x8" x8=0x4053403c
[07:17:16 971][libtiny.so 0x53403c] [4ed847f9] 0x4053403c: "ldr x14, [x2, #0xfb0]" ; mem[READ] abs=0x40755fb0 x2=0x40755000 => x14=0x4446a070
[07:17:16 971][libtiny.so 0x534040] [647d8c92] 0x40534040: "movn x4, #0x63eb" x4=0xfffffffffcc971ec => x4=0xffffffffffff9c14
[07:17:16 971][libtiny.so 0x534044] [6f669192] 0x40534044: "movn x15, #0x8b33" x15=0x1 => x15=0xffffffffffff74cc
[07:17:16 971][libtiny.so 0x534048] [8481bff2] 0x40534048: "movk x4, #0xfc0c, lsl #16" x4=0xffffffffffff9c14 => x4=0xfffffffffc0c9c14
[07:17:16 971][libtiny.so 0x53404c] [2f96bff2] 0x4053404c: "movk x15, #0xfcb1, lsl #16" x15=0xffffffffffff74cc => x15=0xfffffffffcb174cc
[07:17:16 971][libtiny.so 0x534050] [ce01048b] 0x40534050: "add x14, x14, x4" x14=0x4446a070 x4=0xfffffffffc0c9c14 => x14=0x40533c84
[07:17:16 971][libtiny.so 0x534054] [f7020f8b] 0x40534054: "add x23, x23, x15" x23=0x478f9c84 x15=0xfffffffffcb174cc => x23=0x44411150
[07:17:16 971][libtiny.so 0x534058] [c0011fd6] 0x40534058: "br x14" x14=0x40533c84
[07:17:16 971][libtiny.so 0x533c84] [6e439a92] 0x40533c84: "movn x14, #0xd21b" x14=0x40533c84 => x14=0xffffffffffff2de4
[07:17:16 971][libtiny.so 0x533c88] [4e82bff2] 0x40533c88: "movk x14, #0xfc12, lsl #16" x14=0xffffffffffff2de4 => x14=0xfffffffffc122de4
[07:17:16 971][libtiny.so 0x533c8c] [ee020e8b] 0x40533c8c: "add x14, x23, x14" x23=0x44411150 x14=0xfffffffffc122de4 => x14=0x40533f34
[07:17:16 971][libtiny.so 0x533c90] [c0011fd6] 0x40533c90: "br x14" x14=0x40533f34
[07:17:16 971][libtiny.so 0x533f34] [6e7240f9] 0x40533f34: "ldr x14, [x19, #0xe0]" ; mem[READ] abs=0xbfff9080 x19=0xbfff8fa0 => x14=0xbfff8ef0
[07:17:16 971][libtiny.so 0x533f38] [0ff69952] 0x40533f38: "movz w15, #0xcfb0" w15=0xfcb174cc => w15=0xcfb0
[07:17:16 971][libtiny.so 0x533f3c] [040000b0] 0x40533f3c: "adrp x4, #0x40534000" => x4=0x40534000
[07:17:16 971][libtiny.so 0x533f40] [8feaa072] 0x40533f40: "movk w15, #0x754, lsl #16" w15=0xcfb0 => w15=0x754cfb0
[07:17:16 971][libtiny.so 0x533f44] [ce0140b9] 0x40533f44: "ldr w14, [x14]" ; mem[READ] abs=0xbfff8ef0 x14=0xbfff8ef0 => w14=0x42c49e2c
[07:17:16 971][libtiny.so 0x533f48] [84501691] 0x40533f48: "add x4, x4, #0x594" x4=0x40534000 => x4=0x40534594
[07:17:16 971][libtiny.so 0x533f4c] [081100d0] 0x40533f4c: "adrp x8, #0x40755000" => x8=0x40755000
[07:17:16 971][libtiny.so 0x533f50] [97000f8b] 0x40533f50: "add x23, x4, x15" x4=0x40534594 x15=0x754cfb0 => x23=0x47a81544
[07:17:16 971][libtiny.so 0x533f54] [6e5201b9] 0x40533f54: "str w14, [x19, #0x150]" ; mem[WRITE] abs=0xbfff90f0 w14=0x42c49e2c x19=0xbfff8fa0 => w14=0x42c49e2c
[07:17:16 971][libtiny.so 0x533f58] [6e6e40f9] 0x40533f58: "ldr x14, [x19, #0xd8]" ; mem[READ] abs=0xbfff9078 x19=0xbfff8fa0 => x14=0xbfff8f00
[07:17:16 971][libtiny.so 0x533f5c] [85ed8a52] 0x40533f5c: "movz w5, #0x576c" w5=0x4803d8cb => w5=0x576c
[07:17:16 972][libtiny.so 0x533f60] [8400174b] 0x40533f60: "sub w4, w4, w23" w4=0x40534594 w23=0x47a81544 => w4=0xf8ab3050
[07:17:16 972][libtiny.so 0x533f64] [8575a072] 0x40533f64: "movk w5, #0x3ac, lsl #16" w5=0x576c => w5=0x3ac576c
[07:17:16 972][libtiny.so 0x533f68] [ce0140b9] 0x40533f68: "ldr w14, [x14]" ; mem[READ] abs=0xbfff8f00 x14=0xbfff8f00 => w14=0x1e470fb7
[07:17:16 972][libtiny.so 0x533f6c] [8400050b] 0x40533f6c: "add w4, w4, w5" w4=0xf8ab3050 w5=0x3ac576c => w4=0xfc5787bc
[07:17:16 972][libtiny.so 0x533f70] [6e5601b9] 0x40533f70: "str w14, [x19, #0x154]" ; mem[WRITE] abs=0xbfff90f4 w14=0x1e470fb7 x19=0xbfff8fa0 => w14=0x1e470fb7
[07:17:16 972][libtiny.so 0x533f74] [6e6a40f9] 0x40533f74: "ldr x14, [x19, #0xd0]" ; mem[READ] abs=0xbfff9070 x19=0xbfff8fa0 => x14=0xbfff8f10
[07:17:16 972][libtiny.so 0x533f78] [ce0140b9] 0x40533f78: "ldr w14, [x14]" ; mem[READ] abs=0xbfff8f10 x14=0xbfff8f10 => w14=0xb48e0a35
[07:17:16 972][libtiny.so 0x533f7c] [6e5a01b9] 0x40533f7c: "str w14, [x19, #0x158]" ; mem[WRITE] abs=0xbfff90f8 w14=0xb48e0a35 x19=0xbfff8fa0 => w14=0xb48e0a35
[07:17:16 972][libtiny.so 0x533f80] [6e6640f9] 0x40533f80: "ldr x14, [x19, #0xc8]" ; mem[READ] abs=0xbfff9068 x19=0xbfff8fa0 => x14=0xbfff8f20
[07:17:16 972][libtiny.so 0x533f84] [ce0140b9] 0x40533f84: "ldr w14, [x14]" ; mem[READ] abs=0xbfff8f20 x14=0xbfff8f20 => w14=0x7b4828f3
[07:17:16 972][libtiny.so 0x533f88] [6e5e01b9] 0x40533f88: "str w14, [x19, #0x15c]" ; mem[WRITE] abs=0xbfff90fc w14=0x7b4828f3 x19=0xbfff8fa0 => w14=0x7b4828f3
[07:17:16 972][libtiny.so 0x533f8c] [6e6240f9] 0x40533f8c: "ldr x14, [x19, #0xc0]" ; mem[READ] abs=0xbfff9060 x19=0xbfff8fa0 => x14=0xbfff8f30
[07:17:16 972][libtiny.so 0x533f90] [ce0140b9] 0x40533f90: "ldr w14, [x14]" ; mem[READ] abs=0xbfff8f30 x14=0xbfff8f30 => w14=0x4dc82045
[07:17:16 972][libtiny.so 0x533f94] [6e6201b9] 0x40533f94: "str w14, [x19, #0x160]" ; mem[WRITE] abs=0xbfff9100 w14=0x4dc82045 x19=0xbfff8fa0 => w14=0x4dc82045
[07:17:16 972][libtiny.so 0x533f98] [6e5e40f9] 0x40533f98: "ldr x14, [x19, #0xb8]" ; mem[READ] abs=0xbfff9058 x19=0xbfff8fa0 => x14=0xbfff8f40
[07:17:16 972][libtiny.so 0x533f9c] [0fed47f9] 0x40533f9c: "ldr x15, [x8, #0xfd8]" ; mem[READ] abs=0x40755fd8 x8=0x40755000 => x15=0x43fbbdb4
[07:17:16 972][libtiny.so 0x533fa0] [ce0140b9] 0x40533fa0: "ldr w14, [x14]" ; mem[READ] abs=0xbfff8f40 x14=0xbfff8f40 => w14=0x6646033d
[07:17:16 972][libtiny.so 0x533fa4] [efc1248b] 0x40533fa4: "add x15, x15, w4, sxtw" x15=0x43fbbdb4 w4=0xfc5787bc => x15=0x40534570
[07:17:16 972][libtiny.so 0x533fa8] [6e6601b9] 0x40533fa8: "str w14, [x19, #0x164]" ; mem[WRITE] abs=0xbfff9104 w14=0x6646033d x19=0xbfff8fa0 => w14=0x6646033d
[07:17:16 972][libtiny.so 0x533fac] [e0011fd6] 0x40533fac: "br x15" x15=0x40534570
[07:17:16 972][libtiny.so 0x534570] [0e1100b0] 0x40534570: "adrp x14, #0x40755000" => x14=0x40755000
[07:17:16 972][libtiny.so 0x534574] [cee947f9] 0x40534574: "ldr x14, [x14, #0xfd0]" ; mem[READ] abs=0x40755fd0 x14=0x40755000 => x14=0x4389d014
[07:17:16 972][libtiny.so 0x534578] [64c29192] 0x40534578: "movn x4, #0x8e13" x4=0xfc5787bc => x4=0xffffffffffff71ec
[07:17:16 972][libtiny.so 0x53457c] [ef7a9a92] 0x4053457c: "movn x15, #0xd3d7" x15=0x40534570 => x15=0xffffffffffff2c28
[07:17:16 972][libtiny.so 0x534580] [2499bff2] 0x40534580: "movk x4, #0xfcc9, lsl #16" x4=0xffffffffffff71ec => x4=0xfffffffffcc971ec
[07:17:16 972][libtiny.so 0x534584] [0f8fbff2] 0x40534584: "movk x15, #0xfc78, lsl #16" x15=0xffffffffffff2c28 => x15=0xfffffffffc782c28
[07:17:16 972][libtiny.so 0x534588] [ce01048b] 0x40534588: "add x14, x14, x4" x14=0x4389d014 x4=0xfffffffffcc971ec => x14=0x40534200
[07:17:16 972][libtiny.so 0x53458c] [f7020f8b] 0x4053458c: "add x23, x23, x15" x23=0x47a81544 x15=0xfffffffffc782c28 => x23=0x4420416c
[07:17:16 972][libtiny.so 0x534590] [c0011fd6] 0x40534590: "br x14" x14=0x40534200
[07:17:16 972][libtiny.so 0x534200] [ee7a9f92] 0x40534200: "movn x14, #0xfbd7" x14=0x40534200 => x14=0xffffffffffff0428
[07:17:16 972][libtiny.so 0x534204] [6e86bff2] 0x40534204: "movk x14, #0xfc33, lsl #16" x14=0xffffffffffff0428 => x14=0xfffffffffc330428
[07:17:16 972][libtiny.so 0x534208] [ee020e8b] 0x40534208: "add x14, x23, x14" x23=0x4420416c x14=0xfffffffffc330428 => x14=0x40534594
[07:17:16 972][libtiny.so 0x53420c] [c0011fd6] 0x4053420c: "br x14" x14=0x40534594
[07:17:16 972][libtiny.so 0x534594] [6e5a40f9] 0x40534594: "ldr x14, [x19, #0xb0]" ; mem[READ] abs=0xbfff9050 x19=0xbfff8fa0 => x14=0xbfff8f50
[07:17:16 972][libtiny.so 0x534598] [8fed8152] 0x40534598: "movz w15, #0xf6c" w15=0xfc782c28 => w15=0xf6c
[07:17:16 972][libtiny.so 0x53459c] [e4fffff0] 0x4053459c: "adrp x4, #0x40533000" => x4=0x40533000
[07:17:16 972][libtiny.so 0x5345a0] [6f66a072] 0x405345a0: "movk w15, #0x333, lsl #16" w15=0xf6c => w15=0x3330f6c
[07:17:16 972][libtiny.so 0x5345a4] [ce0140b9] 0x405345a4: "ldr w14, [x14]" ; mem[READ] abs=0xbfff8f50 x14=0xbfff8f50 => w14=0x9d3d2c14
[07:17:16 972][libtiny.so 0x5345a8] [84300191] 0x405345a8: "add x4, x4, #0x4c" x4=0x40533000 => x4=0x4053304c
[07:17:16 972][libtiny.so 0x5345ac] [97000f8b] 0x405345ac: "add x23, x4, x15" x4=0x4053304c x15=0x3330f6c => x23=0x43863fb8
[07:17:16 972][libtiny.so 0x5345b0] [05639852] 0x405345b0: "movz w5, #0xc318" w5=0x3ac576c => w5=0xc318
[07:17:16 973][libtiny.so 0x5345b4] [6e6a01b9] 0x405345b4: "str w14, [x19, #0x168]" ; mem[WRITE] abs=0xbfff9108 w14=0x9d3d2c14 x19=0xbfff8fa0 => w14=0x9d3d2c14
[07:17:16 973][libtiny.so 0x5345b8] [6e5640f9] 0x405345b8: "ldr x14, [x19, #0xa8]" ; mem[READ] abs=0xbfff9048 x19=0xbfff8fa0 => x14=0xbfff8f60
[07:17:16 973][libtiny.so 0x5345bc] [45f6bf72] 0x405345bc: "movk w5, #0xffb2, lsl #16" w5=0xc318 => w5=0xffb2c318
[07:17:16 973][libtiny.so 0x5345c0] [8400174b] 0x405345c0: "sub w4, w4, w23" w4=0x4053304c w23=0x43863fb8 => w4=0xfcccf094
[07:17:16 973][libtiny.so 0x5345c4] [8400050b] 0x405345c4: "add w4, w4, w5" w4=0xfcccf094 w5=0xffb2c318 => w4=0xfc7fb3ac
[07:17:16 973][libtiny.so 0x5345c8] [ce0140b9] 0x405345c8: "ldr w14, [x14]" ; mem[READ] abs=0xbfff8f60 x14=0xbfff8f60 => w14=0xadcec050
[07:17:16 973][libtiny.so 0x5345cc] [6e6e01b9] 0x405345cc: "str w14, [x19, #0x16c]" ; mem[WRITE] abs=0xbfff910c w14=0xadcec050 x19=0xbfff8fa0 => w14=0xadcec050
[07:17:16 973][libtiny.so 0x5345d0] [6e5240f9] 0x405345d0: "ldr x14, [x19, #0xa0]" ; mem[READ] abs=0xbfff9040 x19=0xbfff8fa0 => x14=0xbfff8f70
[07:17:16 973][libtiny.so 0x5345d4] [ce0140f9] 0x405345d4: "ldr x14, [x14]" ; mem[READ] abs=0xbfff8f70 x14=0xbfff8f70 => x14=0x8
[07:17:16 973][libtiny.so 0x5345d8] [6eba00f9] 0x405345d8: "str x14, [x19, #0x170]" ; mem[WRITE] abs=0xbfff9110 x14=0x8 x19=0xbfff8fa0 => x14=0x8
[07:17:16 973][libtiny.so 0x5345dc] [6e4e40f9] 0x405345dc: "ldr x14, [x19, #0x98]" ; mem[READ] abs=0xbfff9038 x19=0xbfff8fa0 => x14=0xbfff8f80
[07:17:16 973][libtiny.so 0x5345e0] [ce014039] 0x405345e0: "ldrb w14, [x14]" ; mem[READ] abs=0xbfff8f80 x14=0xbfff8f80 => w14=0x0
[07:17:16 973][libtiny.so 0x5345e4] [6efe0539] 0x405345e4: "strb w14, [x19, #0x17f]" ; mem[WRITE] abs=0xbfff911f w14=0x0 x19=0xbfff8fa0 => w14=0x0
[07:17:16 973][libtiny.so 0x5345e8] [6e5641b9] 0x405345e8: "ldr w14, [x19, #0x154]" ; mem[READ] abs=0xbfff90f4 x19=0xbfff8fa0 => w14=0x1e470fb7
[07:17:16 973][libtiny.so 0x5345ec] [6f5641b9] 0x405345ec: "ldr w15, [x19, #0x154]" ; mem[READ] abs=0xbfff90f4 x19=0xbfff8fa0 => w15=0x1e470fb7
[07:17:16 973][libtiny.so 0x5345f0] [765641b9] 0x405345f0: "ldr w22, [x19, #0x154]" ; mem[READ] abs=0xbfff90f4 x19=0xbfff8fa0 => w22=0x1e470fb7
[07:17:16 973][libtiny.so 0x5345f4] [785241b9] 0x405345f4: "ldr w24, [x19, #0x150]" ; mem[READ] abs=0xbfff90f0 x19=0xbfff8fa0 => w24=0x42c49e2c
[07:17:16 973][libtiny.so 0x5345f8] [795a41b9] 0x405345f8: "ldr w25, [x19, #0x158]" ; mem[READ] abs=0xbfff90f8 x19=0xbfff8fa0 => w25=0xb48e0a35
[07:17:16 973][libtiny.so 0x5345fc] [7a5e41b9] 0x405345fc: "ldr w26, [x19, #0x15c]" ; mem[READ] abs=0xbfff90fc x19=0xbfff8fa0 => w26=0x7b4828f3
[07:17:16 973][libtiny.so 0x534600] [7b5641b9] 0x40534600: "ldr w27, [x19, #0x154]" ; mem[READ] abs=0xbfff90f4 x19=0xbfff8fa0 => w27=0x1e470fb7
[07:17:16 973][libtiny.so 0x534604] [7c5a41b9] 0x40534604: "ldr w28, [x19, #0x158]" ; mem[READ] abs=0xbfff90f8 x19=0xbfff8fa0 => w28=0xb48e0a35
[07:17:16 973][libtiny.so 0x534608] [bef147f9] 0x40534608: "ldr x30, [x13, #0xfe0]" ; mem[READ] abs=0x40755fe0 x13=0x40755000 => x30=0xffffffffd20e6da0
[07:17:16 973][libtiny.so 0x53460c] [68ba40f9] 0x4053460c: "ldr x8, [x19, #0x170]" ; mem[READ] abs=0xbfff9110 x19=0xbfff8fa0 => x8=0x8
[07:17:16 973][libtiny.so 0x534610] [4503194a] 0x40534610: "eor w5, w26, w25" w26=0x7b4828f3 w25=0xb48e0a35 => w5=0xcfc622c6
[07:17:16 973][libtiny.so 0x534614] [ce198e13] 0x40534614: "ror w14, w14, #6" w14=0x1e470fb7 => w14=0xdc791c3e
[07:17:16 973][libtiny.so 0x534618] [ce2dcf4a] 0x40534618: "eor w14, w14, w15, ror #11" w14=0xdc791c3e w15=0x1e470fb7 => w14=0x2a9ad4df
[07:17:16 973][libtiny.so 0x53461c] [af001b0a] 0x4053461c: "and w15, w5, w27" w5=0xcfc622c6 w27=0x1e470fb7 => w15=0xe460286
[07:17:16 973][libtiny.so 0x534620] [05009452] 0x40534620: "movz w5, #0xa000" w5=0xcfc622c6 => w5=0xa000
[07:17:16 973][libtiny.so 0x534624] [c80b088b] 0x40534624: "add x8, x30, x8, lsl #2" x30=0xffffffffd20e6da0 x8=0x8 => x8=0xffffffffd20e6dc0
[07:17:16 973][libtiny.so 0x534628] [45c0ad72] 0x40534628: "movk w5, #0x6e02, lsl #16" w5=0xa000 => w5=0x6e02a000
[07:17:16 973][libtiny.so 0x53462c] [086965b8] 0x4053462c: "ldr w8, [x8, x5]" ; mem[READ] abs=0x40110dc0 x8=0xffffffffd20e6dc0 x5=0x6e02a000 => w8=0xd807aa98
[07:17:16 973][libtiny.so 0x534630] [65ba40f9] 0x40534630: "ldr x5, [x19, #0x170]" ; mem[READ] abs=0xbfff9110 x19=0xbfff8fa0 => x5=0x8
[07:17:16 973][libtiny.so 0x534634] [ce65d64a] 0x40534634: "eor w14, w14, w22, ror #25" w14=0x2a9ad4df w22=0x1e470fb7 => w14=0x91d0f50
[07:17:16 973][libtiny.so 0x534638] [76821191] 0x40534638: "add x22, x19, #0x460" x19=0xbfff8fa0 => x22=0xbfff9400
[07:17:16 973][libtiny.so 0x53463c] [ce01180b] 0x4053463c: "add w14, w14, w24" w14=0x91d0f50 w24=0x42c49e2c => w14=0x4be1ad7c
[07:17:16 973][libtiny.so 0x534640] [c57a65b8] 0x40534640: "ldr w5, [x22, x5, lsl #2]" ; mem[READ] abs=0xbfff9420 x22=0xbfff9400 x5=0x8 => w5=0x69616f6d
[07:17:16 973][libtiny.so 0x534644] [36ba47f9] 0x40534644: "ldr x22, [x17, #0xf70]" ; mem[READ] abs=0x40755f70 x17=0x40755000 => x22=0x43d3786c
[07:17:16 973][libtiny.so 0x534648] [c801080b] 0x40534648: "add w8, w14, w8" w14=0x4be1ad7c w8=0xd807aa98 => w8=0x23e95814
[07:17:16 973][libtiny.so 0x53464c] [ef011c4a] 0x4053464c: "eor w15, w15, w28" w15=0xe460286 w28=0xb48e0a35 => w15=0xbac808b3
[07:17:16 973][libtiny.so 0x534650] [0801050b] 0x40534650: "add w8, w8, w5" w8=0x23e95814 w5=0x69616f6d => w8=0x8d4ac781
[07:17:16 973][libtiny.so 0x534654] [7ec28d92] 0x40534654: "movn x30, #0x6e13" x30=0xffffffffd20e6da0 => x30=0xffffffffffff91ec
[07:17:16 973][libtiny.so 0x534658] [08010f0b] 0x40534658: "add w8, w8, w15" w8=0x8d4ac781 w15=0xbac808b3 => w8=0x4812d034
[07:17:16 973][libtiny.so 0x53465c] [cec2248b] 0x4053465c: "add x14, x22, w4, sxtw" x22=0x43d3786c w4=0xfc7fb3ac => x14=0x40532c18
[07:17:16 973][libtiny.so 0x534660] [fe95bff2] 0x40534660: "movk x30, #0xfcaf, lsl #16" x30=0xffffffffffff91ec => x30=0xfffffffffcaf91ec
[07:17:16 973][libtiny.so 0x534664] [1c1100b0] 0x40534664: "adrp x28, #0x40755000" => x28=0x40755000
[07:17:16 973][libtiny.so 0x534668] [688201b9] 0x40534668: "str w8, [x19, #0x180]" ; mem[WRITE] abs=0xbfff9120 w8=0x4812d034 x19=0xbfff8fa0 => w8=0x4812d034
[07:17:16 973][libtiny.so 0x53466c] [c0011fd6] 0x4053466c: "br x14" x14=0x40532c18
[07:17:16 974][libtiny.so 0x532c18] [6eed8192] 0x40532c18: "movn x14, #0xf6b" x14=0x40532c18 => x14=0xfffffffffffff094
[07:17:16 974][libtiny.so 0x532c1c] [8e99bff2] 0x40532c1c: "movk x14, #0xfccc, lsl #16" x14=0xfffffffffffff094 => x14=0xfffffffffcccf094
[07:17:16 974][libtiny.so 0x532c20] [ee020e8b] 0x40532c20: "add x14, x23, x14" x23=0x43863fb8 x14=0xfffffffffcccf094 => x14=0x4053304c
[07:17:16 974][libtiny.so 0x532c24] [c0011fd6] 0x40532c24: "br x14" x14=0x4053304c
[07:17:16 974][libtiny.so 0x53304c] [686241b9] 0x4053304c: "ldr w8, [x19, #0x160]" ; mem[READ] abs=0xbfff9100 x19=0xbfff8fa0 => w8=0x4dc82045
[07:17:16 974][libtiny.so 0x533050] [6e6241b9] 0x40533050: "ldr w14, [x19, #0x160]" ; mem[READ] abs=0xbfff9100 x19=0xbfff8fa0 => w14=0x4dc82045
[07:17:16 974][libtiny.so 0x533054] [8f579f52] 0x40533054: "movz w15, #0xfabc" w15=0xbac808b3 => w15=0xfabc
[07:17:16 974][libtiny.so 0x533058] [e4fffff0] 0x40533058: "adrp x4, #0x40532000" => x4=0x40532000
[07:17:16 974][libtiny.so 0x53305c] [08098813] 0x4053305c: "ror w8, w8, #2" w8=0x4dc82045 => w8=0x53720811
[07:17:16 974][libtiny.so 0x533060] [0835ce4a] 0x40533060: "eor w8, w8, w14, ror #13" w8=0x53720811 w14=0x4dc82045 => w8=0x51586650
[07:17:16 974][libtiny.so 0x533064] [688601b9] 0x40533064: "str w8, [x19, #0x184]" ; mem[WRITE] abs=0xbfff9124 w8=0x51586650 x19=0xbfff8fa0 => w8=0x51586650
[07:17:16 974][libtiny.so 0x533068] [091100d0] 0x40533068: "adrp x9, #0x40755000" => x9=0x40755000
[07:17:16 974][libtiny.so 0x53306c] [6fefa072] 0x4053306c: "movk w15, #0x77b, lsl #16" w15=0xfabc => w15=0x77bfabc
[07:17:16 974][libtiny.so 0x533070] [84a01591] 0x40533070: "add x4, x4, #0x568" x4=0x40532000 => x4=0x40532568
[07:17:16 974][libtiny.so 0x533074] [686241b9] 0x40533074: "ldr w8, [x19, #0x160]" ; mem[READ] abs=0xbfff9100 x19=0xbfff8fa0 => w8=0x4dc82045
[07:17:16 974][libtiny.so 0x533078] [2eb547f9] 0x40533078: "ldr x14, [x9, #0xf68]" ; mem[READ] abs=0x40755f68 x9=0x40755000 => x14=0x4394fb50
[07:17:16 974][libtiny.so 0x53307c] [85558552] 0x4053307c: "movz w5, #0x2aac" w5=0x69616f6d => w5=0x2aac
[07:17:16 974][libtiny.so 0x533080] [97000f8b] 0x40533080: "add x23, x4, x15" x4=0x40532568 x15=0x77bfabc => x23=0x47cf2024
[07:17:16 974][libtiny.so 0x533084] [4587a072] 0x40533084: "movk w5, #0x43a, lsl #16" w5=0x2aac => w5=0x43a2aac
[07:17:16 974][libtiny.so 0x533088] [8f00174b] 0x40533088: "sub w15, w4, w23" w4=0x40532568 w23=0x47cf2024 => w15=0xf8840544
[07:17:16 974][libtiny.so 0x53308c] [ef01050b] 0x4053308c: "add w15, w15, w5" w15=0xf8840544 w5=0x43a2aac => w15=0xfcbe2ff0
[07:17:16 974][libtiny.so 0x533090] [08598813] 0x40533090: "ror w8, w8, #0x16" w8=0x4dc82045 => w8=0x20811537
[07:17:16 974][libtiny.so 0x533094] [cec12f8b] 0x40533094: "add x14, x14, w15, sxtw" x14=0x4394fb50 w15=0xfcbe2ff0 => x14=0x40532b40
[07:17:16 974][libtiny.so 0x533098] [688a01b9] 0x40533098: "str w8, [x19, #0x188]" ; mem[WRITE] abs=0xbfff9128 w8=0x20811537 x19=0xbfff8fa0 => w8=0x20811537
[07:17:16 974][libtiny.so 0x53309c] [c0011fd6] 0x4053309c: "br x14" x14=0x40532b40
[07:17:16 974][libtiny.so 0x532b40] [081100f0] 0x40532b40: "adrp x8, #0x40755000" => x8=0x40755000
[07:17:16 974][libtiny.so 0x532b44] [0eb147f9] 0x40532b44: "ldr x14, [x8, #0xf60]" ; mem[READ] abs=0x40755f60 x8=0x40755000 => x14=0x4421e634
[07:17:16 974][libtiny.so 0x532b48] [641b9892] 0x40532b48: "movn x4, #0xc0db" x4=0x40532568 => x4=0xffffffffffff3f24
[07:17:16 974][libtiny.so 0x532b4c] [6fa48a92] 0x40532b4c: "movn x15, #0x5523" x15=0xfcbe2ff0 => x15=0xffffffffffffaadc
[07:17:16 974][libtiny.so 0x532b50] [2486bff2] 0x40532b50: "movk x4, #0xfc31, lsl #16" x4=0xffffffffffff3f24 => x4=0xfffffffffc313f24
[07:17:16 974][libtiny.so 0x532b54] [ef85bff2] 0x40532b54: "movk x15, #0xfc2f, lsl #16" x15=0xffffffffffffaadc => x15=0xfffffffffc2faadc
[07:17:16 974][libtiny.so 0x532b58] [ce01048b] 0x40532b58: "add x14, x14, x4" x14=0x4421e634 x4=0xfffffffffc313f24 => x14=0x40532558
[07:17:16 974][libtiny.so 0x532b5c] [f7020f8b] 0x40532b5c: "add x23, x23, x15" x23=0x47cf2024 x15=0xfffffffffc2faadc => x23=0x43fecb00
[07:17:16 974][libtiny.so 0x532b60] [c0011fd6] 0x40532b60: "br x14" x14=0x40532558
[07:17:16 974][libtiny.so 0x532558] [eeb29492] 0x40532558: "movn x14, #0xa597" x14=0x40532558 => x14=0xffffffffffff5a68
[07:17:16 974][libtiny.so 0x53255c] [8e8abff2] 0x4053255c: "movk x14, #0xfc54, lsl #16" x14=0xffffffffffff5a68 => x14=0xfffffffffc545a68
[07:17:16 974][libtiny.so 0x532560] [ee020e8b] 0x40532560: "add x14, x23, x14" x23=0x43fecb00 x14=0xfffffffffc545a68 => x14=0x40532568
[07:17:16 974][libtiny.so 0x532564] [c0011fd6] 0x40532564: "br x14" x14=0x40532568
[07:17:16 974][libtiny.so 0x532568] [788641b9] 0x40532568: "ldr w24, [x19, #0x184]" ; mem[READ] abs=0xbfff9124 x19=0xbfff8fa0 => w24=0x51586650
[07:17:16 974][libtiny.so 0x53256c] [798a41b9] 0x4053256c: "ldr w25, [x19, #0x188]" ; mem[READ] abs=0xbfff9128 x19=0xbfff8fa0 => w25=0x20811537
[07:17:16 974][libtiny.so 0x532570] [7b6241b9] 0x40532570: "ldr w27, [x19, #0x160]" ; mem[READ] abs=0xbfff9100 x19=0xbfff8fa0 => w27=0x4dc82045
[07:17:16 974][libtiny.so 0x532574] [7e6641b9] 0x40532574: "ldr w30, [x19, #0x164]" ; mem[READ] abs=0xbfff9104 x19=0xbfff8fa0 => w30=0x6646033d
[07:17:16 974][libtiny.so 0x532578] [7a6241b9] 0x40532578: "ldr w26, [x19, #0x160]" ; mem[READ] abs=0xbfff9100 x19=0xbfff8fa0 => w26=0x4dc82045
[07:17:16 974][libtiny.so 0x53257c] [7c6641b9] 0x4053257c: "ldr w28, [x19, #0x164]" ; mem[READ] abs=0xbfff9104 x19=0xbfff8fa0 => w28=0x6646033d
[07:17:16 974][libtiny.so 0x532580] [656a41b9] 0x40532580: "ldr w5, [x19, #0x168]" ; mem[READ] abs=0xbfff9108 x19=0xbfff8fa0 => w5=0x9d3d2c14
[07:17:16 975][libtiny.so 0x532584] [766e41b9] 0x40532584: "ldr w22, [x19, #0x16c]" ; mem[READ] abs=0xbfff910c x19=0xbfff8fa0 => w22=0xadcec050
[07:17:16 975][libtiny.so 0x532588] [6f8241b9] 0x40532588: "ldr w15, [x19, #0x180]" ; mem[READ] abs=0xbfff9120 x19=0xbfff8fa0 => w15=0x4812d034
[07:17:16 975][libtiny.so 0x53258c] [08f49352] 0x4053258c: "movz w8, #0x9fa0" w8=0x40755000 => w8=0x9fa0
[07:17:16 975][libtiny.so 0x532590] [030000b0] 0x40532590: "adrp x3, #0x40533000" => x3=0x40533000
[07:17:16 975][libtiny.so 0x532594] [886da072] 0x40532594: "movk w8, #0x36c, lsl #16" w8=0x9fa0 => w8=0x36c9fa0
[07:17:16 975][libtiny.so 0x532598] [cf020f0b] 0x40532598: "add w15, w22, w15" w22=0xadcec050 w15=0x4812d034 => w15=0xf5e19084
[07:17:16 975][libtiny.so 0x53259c] [6f8e01b9] 0x4053259c: "str w15, [x19, #0x18c]" ; mem[WRITE] abs=0xbfff912c w15=0xf5e19084 x19=0xbfff8fa0 => w15=0xf5e19084
[07:17:16 975][libtiny.so 0x5325a0] [63e00891] 0x405325a0: "add x3, x3, #0x238" x3=0x40533000 => x3=0x40533238
[07:17:16 975][libtiny.so 0x5325a4] [6f8241b9] 0x405325a4: "ldr w15, [x19, #0x180]" ; mem[READ] abs=0xbfff9120 x19=0xbfff8fa0 => w15=0x4812d034
[07:17:16 975][libtiny.so 0x5325a8] [09a48852] 0x405325a8: "movz w9, #0x4520" w9=0x40755000 => w9=0x4520
[07:17:16 975][libtiny.so 0x5325ac] [7700088b] 0x405325ac: "add x23, x3, x8" x3=0x40533238 x8=0x36c9fa0 => x23=0x43bfd1d8
[07:17:16 975][libtiny.so 0x5325b0] [a904a072] 0x405325b0: "movk w9, #0x25, lsl #16" w9=0x4520 => w9=0x254520
[07:17:16 975][libtiny.so 0x5325b4] [6800174b] 0x405325b4: "sub w8, w3, w23" w3=0x40533238 w23=0x43bfd1d8 => w8=0xfc936060
[07:17:16 975][libtiny.so 0x5325b8] [96031a2a] 0x405325b8: "orr w22, w28, w26" w28=0x6646033d w26=0x4dc82045 => w22=0x6fce237d
[07:17:16 975][libtiny.so 0x5325bc] [0801090b] 0x405325bc: "add w8, w8, w9" w8=0xfc936060 w9=0x254520 => w8=0xfcb8a580
[07:17:16 975][libtiny.so 0x5325c0] [0903194a] 0x405325c0: "eor w9, w24, w25" w24=0x51586650 w25=0x20811537 => w9=0x71d97367
[07:17:16 975][libtiny.so 0x5325c4] [c3031b0a] 0x405325c4: "and w3, w30, w27" w30=0x6646033d w27=0x4dc82045 => w3=0x44400005
[07:17:16 975][libtiny.so 0x5325c8] [a500160a] 0x405325c8: "and w5, w5, w22" w5=0x9d3d2c14 w22=0x6fce237d => w5=0xd0c2014
[07:17:16 975][libtiny.so 0x5325cc] [a300032a] 0x405325cc: "orr w3, w5, w3" w5=0xd0c2014 w3=0x44400005 => w3=0x4d4c2015
[07:17:16 975][libtiny.so 0x5325d0] [e901090b] 0x405325d0: "add w9, w15, w9" w15=0x4812d034 w9=0x71d97367 => w9=0xb9ec439b
[07:17:16 975][libtiny.so 0x5325d4] [2901030b] 0x405325d4: "add w9, w9, w3" w9=0xb9ec439b w3=0x4d4c2015 => w9=0x73863b0
[07:17:16 975][libtiny.so 0x5325d8] [699201b9] 0x405325d8: "str w9, [x19, #0x190]" ; mem[WRITE] abs=0xbfff9130 w9=0x73863b0 x19=0xbfff8fa0 => w9=0x73863b0
[07:17:16 975][libtiny.so 0x5325dc] [698e41b9] 0x405325dc: "ldr w9, [x19, #0x18c]" ; mem[READ] abs=0xbfff912c x19=0xbfff8fa0 => w9=0xf5e19084
[07:17:16 975][libtiny.so 0x5325e0] [6f8e41b9] 0x405325e0: "ldr w15, [x19, #0x18c]" ; mem[READ] abs=0xbfff912c x19=0xbfff8fa0 => w15=0xf5e19084
[07:17:16 975][libtiny.so 0x5325e4] [638e41b9] 0x405325e4: "ldr w3, [x19, #0x18c]" ; mem[READ] abs=0xbfff912c x19=0xbfff8fa0 => w3=0xf5e19084
[07:17:16 975][libtiny.so 0x5325e8] [655641b9] 0x405325e8: "ldr w5, [x19, #0x154]" ; mem[READ] abs=0xbfff90f4 x19=0xbfff8fa0 => w5=0x1e470fb7
[07:17:16 975][libtiny.so 0x5325ec] [765e41b9] 0x405325ec: "ldr w22, [x19, #0x15c]" ; mem[READ] abs=0xbfff90fc x19=0xbfff8fa0 => w22=0x7b4828f3
[07:17:16 975][libtiny.so 0x5325f0] [788e41b9] 0x405325f0: "ldr w24, [x19, #0x18c]" ; mem[READ] abs=0xbfff912c x19=0xbfff8fa0 => w24=0xf5e19084
[07:17:16 975][libtiny.so 0x5325f4] [795e41b9] 0x405325f4: "ldr w25, [x19, #0x15c]" ; mem[READ] abs=0xbfff90fc x19=0xbfff8fa0 => w25=0x7b4828f3
[07:17:16 975][libtiny.so 0x5325f8] [7aba40f9] 0x405325f8: "ldr x26, [x19, #0x170]" ; mem[READ] abs=0xbfff9110 x19=0xbfff8fa0 => x26=0x8
[07:17:16 975][libtiny.so 0x5325fc] [bbf147f9] 0x405325fc: "ldr x27, [x13, #0xfe0]" ; mem[READ] abs=0x40755fe0 x13=0x40755000 => x27=0xffffffffd20e6da0
[07:17:16 975][libtiny.so 0x532600] [04009452] 0x40532600: "movz w4, #0xa000" w4=0xfc313f24 => w4=0xa000
[07:17:16 975][libtiny.so 0x532604] [44c0ad72] 0x40532604: "movk w4, #0x6e02, lsl #16" w4=0xa000 => w4=0x6e02a000
[07:17:16 975][libtiny.so 0x532608] [29198913] 0x40532608: "ror w9, w9, #6" w9=0xf5e19084 => w9=0x13d78642
[07:17:16 975][libtiny.so 0x53260c] [c502054a] 0x4053260c: "eor w5, w22, w5" w22=0x7b4828f3 w5=0x1e470fb7 => w5=0x650f2744
[07:17:16 975][libtiny.so 0x532610] [56f77ed3] 0x40532610: "lsl x22, x26, #2" x22=0x7b4828f3 x26=0x8 => x22=0x20
[07:17:16 975][libtiny.so 0x532614] [6e821191] 0x40532614: "add x14, x19, #0x460" x19=0xbfff8fa0 => x14=0xbfff9400
[07:17:16 975][libtiny.so 0x532618] [6403048b] 0x40532618: "add x4, x27, x4" x27=0xffffffffd20e6da0 x4=0x6e02a000 => x4=0x40110da0
[07:17:16 975][libtiny.so 0x53261c] [292dcf4a] 0x4053261c: "eor w9, w9, w15, ror #11" w9=0x13d78642 w15=0xf5e19084 => w9=0x3493a70
[07:17:16 975][libtiny.so 0x532620] [0f03050a] 0x40532620: "and w15, w24, w5" w24=0xf5e19084 w5=0x650f2744 => w15=0x65010004
[07:17:16 975][libtiny.so 0x532624] [c5027eb2] 0x40532624: "orr x5, x22, #4" x5=0x650f2744 x22=0x20 => x5=0x24
[07:17:16 975][libtiny.so 0x532628] [2965c34a] 0x40532628: "eor w9, w9, w3, ror #25" w9=0x3493a70 w3=0xf5e19084 => w9=0xf381780a
[07:17:16 975][libtiny.so 0x53262c] [836865b8] 0x4053262c: "ldr w3, [x4, x5]" ; mem[READ] abs=0x40110dc4 x4=0x40110da0 x5=0x24 => w3=0x12835b01
[07:17:16 975][libtiny.so 0x532630] [c56965b8] 0x40532630: "ldr w5, [x14, x5]" ; mem[READ] abs=0xbfff9424 x14=0xbfff9400 x5=0x24 => w5=0x69222c22
[07:17:16 975][libtiny.so 0x532634] [765a41b9] 0x40532634: "ldr w22, [x19, #0x158]" ; mem[READ] abs=0xbfff90f8 x19=0xbfff8fa0 => w22=0xb48e0a35
[07:17:16 975][libtiny.so 0x532638] [789241b9] 0x40532638: "ldr w24, [x19, #0x190]" ; mem[READ] abs=0xbfff9130 x19=0xbfff8fa0 => w24=0x73863b0
[07:17:16 975][libtiny.so 0x53263c] [7a9241b9] 0x4053263c: "ldr w26, [x19, #0x190]" ; mem[READ] abs=0xbfff9130 x19=0xbfff8fa0 => w26=0x73863b0
[07:17:16 975][libtiny.so 0x532640] [7b9241b9] 0x40532640: "ldr w27, [x19, #0x190]" ; mem[READ] abs=0xbfff9130 x19=0xbfff8fa0 => w27=0x73863b0
[07:17:16 975][libtiny.so 0x532644] [7c6241b9] 0x40532644: "ldr w28, [x19, #0x160]" ; mem[READ] abs=0xbfff9100 x19=0xbfff8fa0 => w28=0x4dc82045
[07:17:16 975][libtiny.so 0x532648] [7e9241b9] 0x40532648: "ldr w30, [x19, #0x190]" ; mem[READ] abs=0xbfff9130 x19=0xbfff8fa0 => w30=0x73863b0
[07:17:16 976][libtiny.so 0x53264c] [6a6241b9] 0x4053264c: "ldr w10, [x19, #0x160]" ; mem[READ] abs=0xbfff9100 x19=0xbfff8fa0 => w10=0x4dc82045
[07:17:16 976][libtiny.so 0x532650] [6c9241b9] 0x40532650: "ldr w12, [x19, #0x190]" ; mem[READ] abs=0xbfff9130 x19=0xbfff8fa0 => w12=0x73863b0
[07:17:16 976][libtiny.so 0x532654] [ef01194a] 0x40532654: "eor w15, w15, w25" w15=0x65010004 w25=0x7b4828f3 => w15=0x1e4928f7
[07:17:16 976][libtiny.so 0x532658] [ef01160b] 0x40532658: "add w15, w15, w22" w15=0x1e4928f7 w22=0xb48e0a35 => w15=0xd2d7332c
[07:17:16 976][libtiny.so 0x53265c] [ef01030b] 0x4053265c: "add w15, w15, w3" w15=0xd2d7332c w3=0x12835b01 => w15=0xe55a8e2d
[07:17:16 976][libtiny.so 0x532660] [8a010a2a] 0x40532660: "orr w10, w12, w10" w12=0x73863b0 w10=0x4dc82045 => w10=0x4ff863f5
[07:17:16 976][libtiny.so 0x532664] [6c6641b9] 0x40532664: "ldr w12, [x19, #0x164]" ; mem[READ] abs=0xbfff9104 x19=0xbfff8fa0 => w12=0x6646033d
[07:17:16 976][libtiny.so 0x532668] [030b9813] 0x40532668: "ror w3, w24, #2" w24=0x73863b0 => w3=0x1ce18ec
[07:17:16 976][libtiny.so 0x53266c] [d6031c0a] 0x4053266c: "and w22, w30, w28" w30=0x73863b0 w28=0x4dc82045 => w22=0x5082000
[07:17:16 976][libtiny.so 0x532670] [6334da4a] 0x40532670: "eor w3, w3, w26, ror #13" w3=0x1ce18ec w26=0x73863b0 => w3=0x1c4e212f
[07:17:16 976][libtiny.so 0x532674] [4a010c0a] 0x40532674: "and w10, w10, w12" w10=0x4ff863f5 w12=0x6646033d => w10=0x46400335
[07:17:16 976][libtiny.so 0x532678] [6c6a41b9] 0x40532678: "ldr w12, [x19, #0x168]" ; mem[READ] abs=0xbfff9108 x19=0xbfff8fa0 => w12=0x9d3d2c14
[07:17:16 976][libtiny.so 0x53267c] [e901090b] 0x4053267c: "add w9, w15, w9" w15=0xe55a8e2d w9=0xf381780a => w9=0xd8dc0637
[07:17:16 976][libtiny.so 0x532680] [6f58db4a] 0x40532680: "eor w15, w3, w27, ror #22" w3=0x1c4e212f w27=0x73863b0 => w15=0xfdc0e133
[07:17:16 976][libtiny.so 0x532684] [4a01162a] 0x40532684: "orr w10, w10, w22" w10=0x46400335 w22=0x5082000 => w10=0x47482335
[07:17:16 976][libtiny.so 0x532688] [2901050b] 0x40532688: "add w9, w9, w5" w9=0xd8dc0637 w5=0x69222c22 => w9=0x41fe3259
[07:17:16 976][libtiny.so 0x53268c] [ea010a0b] 0x4053268c: "add w10, w15, w10" w15=0xfdc0e133 w10=0x47482335 => w10=0x45090468
[07:17:16 976][libtiny.so 0x532690] [2c010c0b] 0x40532690: "add w12, w9, w12" w9=0x41fe3259 w12=0x9d3d2c14 => w12=0xdf3b5e6d
[07:17:16 976][libtiny.so 0x532694] [4901090b] 0x40532694: "add w9, w10, w9" w10=0x45090468 w9=0x41fe3259 => w9=0x870736c1
[07:17:16 976][libtiny.so 0x532698] [6c9601b9] 0x40532698: "str w12, [x19, #0x194]" ; mem[WRITE] abs=0xbfff9134 w12=0xdf3b5e6d x19=0xbfff8fa0 => w12=0xdf3b5e6d
[07:17:16 976][libtiny.so 0x53269c] [699a01b9] 0x4053269c: "str w9, [x19, #0x198]" ; mem[WRITE] abs=0xbfff9138 w9=0x870736c1 x19=0xbfff8fa0 => w9=0x870736c1
[07:17:16 976][libtiny.so 0x5326a0] [699641b9] 0x405326a0: "ldr w9, [x19, #0x194]" ; mem[READ] abs=0xbfff9134 x19=0xbfff8fa0 => w9=0xdf3b5e6d
[07:17:16 976][libtiny.so 0x5326a4] [6a9641b9] 0x405326a4: "ldr w10, [x19, #0x194]" ; mem[READ] abs=0xbfff9134 x19=0xbfff8fa0 => w10=0xdf3b5e6d
[07:17:16 976][libtiny.so 0x5326a8] [6c9641b9] 0x405326a8: "ldr w12, [x19, #0x194]" ; mem[READ] abs=0xbfff9134 x19=0xbfff8fa0 => w12=0xdf3b5e6d
[07:17:16 976][libtiny.so 0x5326ac] [6f5641b9] 0x405326ac: "ldr w15, [x19, #0x154]" ; mem[READ] abs=0xbfff90f4 x19=0xbfff8fa0 => w15=0x1e470fb7
[07:17:16 976][libtiny.so 0x5326b0] [638e41b9] 0x405326b0: "ldr w3, [x19, #0x18c]" ; mem[READ] abs=0xbfff912c x19=0xbfff8fa0 => w3=0xf5e19084
[07:17:16 976][libtiny.so 0x5326b4] [659641b9] 0x405326b4: "ldr w5, [x19, #0x194]" ; mem[READ] abs=0xbfff9134 x19=0xbfff8fa0 => w5=0xdf3b5e6d
[07:17:16 976][libtiny.so 0x5326b8] [765641b9] 0x405326b8: "ldr w22, [x19, #0x154]" ; mem[READ] abs=0xbfff90f4 x19=0xbfff8fa0 => w22=0x1e470fb7
[07:17:16 976][libtiny.so 0x5326bc] [78ba40f9] 0x405326bc: "ldr x24, [x19, #0x170]" ; mem[READ] abs=0xbfff9110 x19=0xbfff8fa0 => x24=0x8
[07:17:16 976][libtiny.so 0x5326c0] [29198913] 0x405326c0: "ror w9, w9, #6" w9=0xdf3b5e6d => w9=0xb77ced79
[07:17:16 976][libtiny.so 0x5326c4] [292dca4a] 0x405326c4: "eor w9, w9, w10, ror #11" w9=0xb77ced79 w10=0xdf3b5e6d => w9=0x7ac70a12
[07:17:16 976][libtiny.so 0x5326c8] [6f000f4a] 0x405326c8: "eor w15, w3, w15" w3=0xf5e19084 w15=0x1e470fb7 => w15=0xeba69f33
[07:17:16 976][libtiny.so 0x5326cc] [0af77ed3] 0x405326cc: "lsl x10, x24, #2" x10=0xdf3b5e6d x24=0x8 => x10=0x20
[07:17:16 976][libtiny.so 0x5326d0] [4a017db2] 0x405326d0: "orr x10, x10, #8" x10=0x20 => x10=0x28
[07:17:16 976][libtiny.so 0x5326d4] [83686ab8] 0x405326d4: "ldr w3, [x4, x10]" ; mem[READ] abs=0x40110dc8 x4=0x40110da0 x10=0x28 => w3=0x243185be
[07:17:16 976][libtiny.so 0x5326d8] [ca696ab8] 0x405326d8: "ldr w10, [x14, x10]" ; mem[READ] abs=0xbfff9428 x14=0xbfff9400 x10=0x28 => w10=0x64696422
[07:17:16 976][libtiny.so 0x5326dc] [6e5e41b9] 0x405326dc: "ldr w14, [x19, #0x15c]" ; mem[READ] abs=0xbfff90fc x19=0xbfff8fa0 => w14=0x7b4828f3
[07:17:16 976][libtiny.so 0x5326e0] [af000f0a] 0x405326e0: "and w15, w5, w15" w5=0xdf3b5e6d w15=0xeba69f33 => w15=0xcb221e21
[07:17:16 976][libtiny.so 0x5326e4] [2965cc4a] 0x405326e4: "eor w9, w9, w12, ror #25" w9=0x7ac70a12 w12=0xdf3b5e6d => w9=0xe7683cfd
[07:17:16 976][libtiny.so 0x5326e8] [ec01164a] 0x405326e8: "eor w12, w15, w22" w15=0xcb221e21 w22=0x1e470fb7 => w12=0xd5651196
[07:17:16 976][libtiny.so 0x5326ec] [cfc047f9] 0x405326ec: "ldr x15, [x6, #0xf80]" ; mem[READ] abs=0x40755f80 x6=0x40755000 => x15=0x439a8ba0
[07:17:16 976][libtiny.so 0x5326f0] [6e000e0b] 0x405326f0: "add w14, w3, w14" w3=0x243185be w14=0x7b4828f3 => w14=0x9f79aeb1
[07:17:16 976][libtiny.so 0x5326f4] [ca010a0b] 0x405326f4: "add w10, w14, w10" w14=0x9f79aeb1 w10=0x64696422 => w10=0x3e312d3
[07:17:16 976][libtiny.so 0x5326f8] [4a010c0b] 0x405326f8: "add w10, w10, w12" w10=0x3e312d3 w12=0xd5651196 => w10=0xd9482469
[07:17:16 976][libtiny.so 0x5326fc] [7ec28d92] 0x405326fc: "movn x30, #0x6e13" x30=0x73863b0 => x30=0xffffffffffff91ec
[07:17:16 976][libtiny.so 0x532700] [4901090b] 0x40532700: "add w9, w10, w9" w10=0xd9482469 w9=0xe7683cfd => w9=0xc0b06166
[07:17:16 976][libtiny.so 0x532704] [e8c1288b] 0x40532704: "add x8, x15, w8, sxtw" x15=0x439a8ba0 w8=0xfcb8a580 => x8=0x40533120
[07:17:16 976][libtiny.so 0x532708] [fe95bff2] 0x40532708: "movk x30, #0xfcaf, lsl #16" x30=0xffffffffffff91ec => x30=0xfffffffffcaf91ec
[07:17:16 976][libtiny.so 0x53270c] [1c1100f0] 0x4053270c: "adrp x28, #0x40755000" => x28=0x40755000
[07:17:16 976][libtiny.so 0x532710] [699e01b9] 0x40532710: "str w9, [x19, #0x19c]" ; mem[WRITE] abs=0xbfff913c w9=0xc0b06166 x19=0xbfff8fa0 => w9=0xc0b06166
[07:17:16 976][libtiny.so 0x532714] [00011fd6] 0x40532714: "br x8" x8=0x40533120
[07:17:16 976][libtiny.so 0x533120] [eef39392] 0x40533120: "movn x14, #0x9f9f" x14=0x9f79aeb1 => x14=0xffffffffffff6060
[07:17:16 976][libtiny.so 0x533124] [6e92bff2] 0x40533124: "movk x14, #0xfc93, lsl #16" x14=0xffffffffffff6060 => x14=0xfffffffffc936060
[07:17:16 976][libtiny.so 0x533128] [ee020e8b] 0x40533128: "add x14, x23, x14" x23=0x43bfd1d8 x14=0xfffffffffc936060 => x14=0x40533238
[07:17:16 976][libtiny.so 0x53312c] [c0011fd6] 0x4053312c: "br x14" x14=0x40533238
[07:17:16 976][libtiny.so 0x533238] [689a41b9] 0x40533238: "ldr w8, [x19, #0x198]" ; mem[READ] abs=0xbfff9138 x19=0xbfff8fa0 => w8=0x870736c1
[07:17:16 977][libtiny.so 0x53323c] [699a41b9] 0x4053323c: "ldr w9, [x19, #0x198]" ; mem[READ] abs=0xbfff9138 x19=0xbfff8fa0 => w9=0x870736c1
[07:17:16 977][libtiny.so 0x533240] [6a9a41b9] 0x40533240: "ldr w10, [x19, #0x198]" ; mem[READ] abs=0xbfff9138 x19=0xbfff8fa0 => w10=0x870736c1
[07:17:16 977][libtiny.so 0x533244] [6c9241b9] 0x40533244: "ldr w12, [x19, #0x190]" ; mem[READ] abs=0xbfff9130 x19=0xbfff8fa0 => w12=0x73863b0
[07:17:16 977][libtiny.so 0x533248] [6e9a41b9] 0x40533248: "ldr w14, [x19, #0x198]" ; mem[READ] abs=0xbfff9138 x19=0xbfff8fa0 => w14=0x870736c1
[07:17:16 977][libtiny.so 0x53324c] [6f9241b9] 0x4053324c: "ldr w15, [x19, #0x190]" ; mem[READ] abs=0xbfff9130 x19=0xbfff8fa0 => w15=0x73863b0
[07:17:16 977][libtiny.so 0x533250] [639a41b9] 0x40533250: "ldr w3, [x19, #0x198]" ; mem[READ] abs=0xbfff9138 x19=0xbfff8fa0 => w3=0x870736c1
[07:17:16 977][libtiny.so 0x533254] [646241b9] 0x40533254: "ldr w4, [x19, #0x160]" ; mem[READ] abs=0xbfff9100 x19=0xbfff8fa0 => w4=0x4dc82045
[07:17:16 977][libtiny.so 0x533258] [656641b9] 0x40533258: "ldr w5, [x19, #0x164]" ; mem[READ] abs=0xbfff9104 x19=0xbfff8fa0 => w5=0x6646033d
[07:17:16 977][libtiny.so 0x53325c] [769e41b9] 0x4053325c: "ldr w22, [x19, #0x19c]" ; mem[READ] abs=0xbfff913c x19=0xbfff8fa0 => w22=0xc0b06166
[07:17:16 977][libtiny.so 0x533260] [cc010c0a] 0x40533260: "and w12, w14, w12" w14=0x870736c1 w12=0x73863b0 => w12=0x7002280
[07:17:16 977][libtiny.so 0x533264] [6e000f2a] 0x40533264: "orr w14, w3, w15" w3=0x870736c1 w15=0x73863b0 => w14=0x873f77f1
[07:17:16 977][libtiny.so 0x533268] [08098813] 0x40533268: "ror w8, w8, #2" w8=0x870736c1 => w8=0x61c1cdb0
[07:17:16 977][libtiny.so 0x53326c] [cf02050b] 0x4053326c: "add w15, w22, w5" w22=0xc0b06166 w5=0x6646033d => w15=0x26f664a3
[07:17:16 977][libtiny.so 0x533270] [6fa201b9] 0x40533270: "str w15, [x19, #0x1a0]" ; mem[WRITE] abs=0xbfff9140 w15=0x26f664a3 x19=0xbfff8fa0 => w15=0x26f664a3
[07:17:16 977][libtiny.so 0x533274] [0835c94a] 0x40533274: "eor w8, w8, w9, ror #13" w8=0x61c1cdb0 w9=0x870736c1 => w8=0xd7cdf589
[07:17:16 977][libtiny.so 0x533278] [c901040a] 0x40533278: "and w9, w14, w4" w14=0x873f77f1 w4=0x4dc82045 => w9=0x5082041
[07:17:16 977][libtiny.so 0x53327c] [6e9e41b9] 0x4053327c: "ldr w14, [x19, #0x19c]" ; mem[READ] abs=0xbfff913c x19=0xbfff8fa0 => w14=0xc0b06166
[07:17:16 977][libtiny.so 0x533280] [0859ca4a] 0x40533280: "eor w8, w8, w10, ror #22" w8=0xd7cdf589 w10=0x870736c1 => w8=0xcb16f395
[07:17:16 977][libtiny.so 0x533284] [29010c2a] 0x40533284: "orr w9, w9, w12" w9=0x5082041 w12=0x7002280 => w9=0x70822c1
[07:17:16 977][libtiny.so 0x533288] [0801090b] 0x40533288: "add w8, w8, w9" w8=0xcb16f395 w9=0x70822c1 => w8=0xd21f1656
[07:17:16 977][libtiny.so 0x53328c] [08010e0b] 0x4053328c: "add w8, w8, w14" w8=0xd21f1656 w14=0xc0b06166 => w8=0x92cf77bc
[07:17:16 977][libtiny.so 0x533290] [68a601b9] 0x40533290: "str w8, [x19, #0x1a4]" ; mem[WRITE] abs=0xbfff9144 w8=0x92cf77bc x19=0xbfff8fa0 => w8=0x92cf77bc
[07:17:16 977][libtiny.so 0x533294] [68a241b9] 0x40533294: "ldr w8, [x19, #0x1a0]" ; mem[READ] abs=0xbfff9140 x19=0xbfff8fa0 => w8=0x26f664a3
[07:17:16 977][libtiny.so 0x533298] [69a241b9] 0x40533298: "ldr w9, [x19, #0x1a0]" ; mem[READ] abs=0xbfff9140 x19=0xbfff8fa0 => w9=0x26f664a3
[07:17:16 977][libtiny.so 0x53329c] [6aa241b9] 0x4053329c: "ldr w10, [x19, #0x1a0]" ; mem[READ] abs=0xbfff9140 x19=0xbfff8fa0 => w10=0x26f664a3
[07:17:16 977][libtiny.so 0x5332a0] [0e000090] 0x405332a0: "adrp x14, #0x40533000" => x14=0x40533000
[07:17:16 977][libtiny.so 0x5332a4] [08198813] 0x405332a4: "ror w8, w8, #6" w8=0x26f664a3 => w8=0x8c9bd992
[07:17:16 977][libtiny.so 0x5332a8] [082dc94a] 0x405332a8: "eor w8, w8, w9, ror #11" w8=0x8c9bd992 w9=0x26f664a3 => w8=0x18ff075e
[07:17:16 977][libtiny.so 0x5332ac] [0865ca4a] 0x405332ac: "eor w8, w8, w10, ror #25" w8=0x18ff075e w10=0x26f664a3 => w8=0x63cd56cd
[07:17:16 977][libtiny.so 0x5332b0] [68aa01b9] 0x405332b0: "str w8, [x19, #0x1a8]" ; mem[WRITE] abs=0xbfff9148 w8=0x63cd56cd x19=0xbfff8fa0 => w8=0x63cd56cd
[07:17:16 977][libtiny.so 0x5332b4] [688e41b9] 0x405332b4: "ldr w8, [x19, #0x18c]" ; mem[READ] abs=0xbfff912c x19=0xbfff8fa0 => w8=0xf5e19084
[07:17:16 977][libtiny.so 0x5332b8] [699641b9] 0x405332b8: "ldr w9, [x19, #0x194]" ; mem[READ] abs=0xbfff9134 x19=0xbfff8fa0 => w9=0xdf3b5e6d
[07:17:16 977][libtiny.so 0x5332bc] [6ca241b9] 0x405332bc: "ldr w12, [x19, #0x1a0]" ; mem[READ] abs=0xbfff9140 x19=0xbfff8fa0 => w12=0x26f664a3
[07:17:16 977][libtiny.so 0x5332c0] [0aaa8b52] 0x405332c0: "movz w10, #0x5d50" w10=0x26f664a3 => w10=0x5d50
[07:17:16 977][libtiny.so 0x5332c4] [8ae7a072] 0x405332c4: "movk w10, #0x73c, lsl #16" w10=0x5d50 => w10=0x73c5d50
[07:17:16 977][libtiny.so 0x5332c8] [2801084a] 0x405332c8: "eor w8, w9, w8" w9=0xdf3b5e6d w8=0xf5e19084 => w8=0x2adacee9
[07:17:16 977][libtiny.so 0x5332cc] [698e41b9] 0x405332cc: "ldr w9, [x19, #0x18c]" ; mem[READ] abs=0xbfff912c x19=0xbfff8fa0 => w9=0xf5e19084
[07:17:16 977][libtiny.so 0x5332d0] [8801080a] 0x405332d0: "and w8, w12, w8" w12=0x26f664a3 w8=0x2adacee9 => w8=0x22d244a1
[07:17:16 977][libtiny.so 0x5332d4] [ce813991] 0x405332d4: "add x14, x14, #0xe60" x14=0x40533000 => x14=0x40533e60
[07:17:16 977][libtiny.so 0x5332d8] [8cbd8652] 0x405332d8: "movz w12, #0x35ec" w12=0x26f664a3 => w12=0x35ec
[07:17:16 977][libtiny.so 0x5332dc] [0801094a] 0x405332dc: "eor w8, w8, w9" w8=0x22d244a1 w9=0xf5e19084 => w8=0xd733d425
[07:17:16 977][libtiny.so 0x5332e0] [d7010a8b] 0x405332e0: "add x23, x14, x10" x14=0x40533e60 x10=0x73c5d50 => x23=0x478f9bb0
[07:17:16 977][libtiny.so 0x5332e4] [68ae01b9] 0x405332e4: "str w8, [x19, #0x1ac]" ; mem[WRITE] abs=0xbfff914c w8=0xd733d425 x19=0xbfff8fa0 => w8=0xd733d425
[07:17:16 977][libtiny.so 0x5332e8] [091100d0] 0x405332e8: "adrp x9, #0x40755000" => x9=0x40755000
[07:17:16 977][libtiny.so 0x5332ec] [cc6ba072] 0x405332ec: "movk w12, #0x35e, lsl #16" w12=0x35ec => w12=0x35e35ec
[07:17:16 977][libtiny.so 0x5332f0] [68ba40f9] 0x405332f0: "ldr x8, [x19, #0x170]" ; mem[READ] abs=0xbfff9110 x19=0xbfff8fa0 => x8=0x8
[07:17:16 977][libtiny.so 0x5332f4] [29dd47f9] 0x405332f4: "ldr x9, [x9, #0xfb8]" ; mem[READ] abs=0x40755fb8 x9=0x40755000 => x9=0x443167a0
[07:17:16 977][libtiny.so 0x5332f8] [ca01174b] 0x405332f8: "sub w10, w14, w23" w14=0x40533e60 w23=0x478f9bb0 => w10=0xf8c3a2b0
[07:17:16 977][libtiny.so 0x5332fc] [4a010c0b] 0x405332fc: "add w10, w10, w12" w10=0xf8c3a2b0 w12=0x35e35ec => w10=0xfc21d89c
[07:17:16 978][libtiny.so 0x533300] [acf147f9] 0x40533300: "ldr x12, [x13, #0xfe0]" ; mem[READ] abs=0x40755fe0 x13=0x40755000 => x12=0xffffffffd20e6da0
[07:17:16 978][libtiny.so 0x533304] [29c12a8b] 0x40533304: "add x9, x9, w10, sxtw" x9=0x443167a0 w10=0xfc21d89c => x9=0x4053403c
[07:17:16 978][libtiny.so 0x533308] [080540b2] 0x40533308: "orr x8, x8, #3" x8=0x8 => x8=0xb
[07:17:16 978][libtiny.so 0x53330c] [68321ba9] 0x4053330c: "stp x8, x12, [x19, #0x1b0]" ; mem[WRITE] abs=0xbfff9150 x8=0xb x12=0xffffffffd20e6da0 x19=0xbfff8fa0 => x8=0xb x12=0xffffffffd20e6da0
[07:17:16 978][libtiny.so 0x533310] [20011fd6] 0x40533310: "br x9" x9=0x4053403c
[07:17:16 978][libtiny.so 0x53403c] [4ed847f9] 0x4053403c: "ldr x14, [x2, #0xfb0]" ; mem[READ] abs=0x40755fb0 x2=0x40755000 => x14=0x4446a070
[07:17:16 978][libtiny.so 0x534040] [647d8c92] 0x40534040: "movn x4, #0x63eb" x4=0x4dc82045 => x4=0xffffffffffff9c14
[07:17:16 978][libtiny.so 0x534044] [6f669192] 0x40534044: "movn x15, #0x8b33" x15=0x26f664a3 => x15=0xffffffffffff74cc
[07:17:16 978][libtiny.so 0x534048] [8481bff2] 0x40534048: "movk x4, #0xfc0c, lsl #16" x4=0xffffffffffff9c14 => x4=0xfffffffffc0c9c14
[07:17:16 978][libtiny.so 0x53404c] [2f96bff2] 0x4053404c: "movk x15, #0xfcb1, lsl #16" x15=0xffffffffffff74cc => x15=0xfffffffffcb174cc
[07:17:16 978][libtiny.so 0x534050] [ce01048b] 0x40534050: "add x14, x14, x4" x14=0x4446a070 x4=0xfffffffffc0c9c14 => x14=0x40533c84
[07:17:16 978][libtiny.so 0x534054] [f7020f8b] 0x40534054: "add x23, x23, x15" x23=0x478f9bb0 x15=0xfffffffffcb174cc => x23=0x4441107c
[07:17:16 978][libtiny.so 0x534058] [c0011fd6] 0x40534058: "br x14" x14=0x40533c84
[07:17:16 978][libtiny.so 0x533c84] [6e439a92] 0x40533c84: "movn x14, #0xd21b" x14=0x40533c84 => x14=0xffffffffffff2de4
[07:17:16 978][libtiny.so 0x533c88] [4e82bff2] 0x40533c88: "movk x14, #0xfc12, lsl #16" x14=0xffffffffffff2de4 => x14=0xfffffffffc122de4
[07:17:16 978][libtiny.so 0x533c8c] [ee020e8b] 0x40533c8c: "add x14, x23, x14" x23=0x4441107c x14=0xfffffffffc122de4 => x14=0x40533e60
[07:17:16 978][libtiny.so 0x533c90] [c0011fd6] 0x40533c90: "br x14" x14=0x40533e60
[07:17:16 978][libtiny.so 0x533e60] [68de40f9] 0x40533e60: "ldr x8, [x19, #0x1b8]" ; mem[READ] abs=0xbfff9158 x19=0xbfff8fa0 => x8=0xffffffffd20e6da0
[07:17:16 978][libtiny.so 0x533e64] [69da40f9] 0x40533e64: "ldr x9, [x19, #0x1b0]" ; mem[READ] abs=0xbfff9150 x19=0xbfff8fa0 => x9=0xb
[07:17:16 978][libtiny.so 0x533e68] [0a009452] 0x40533e68: "movz w10, #0xa000" w10=0xfc21d89c => w10=0xa000
[07:17:16 978][libtiny.so 0x533e6c] [4ac0ad72] 0x40533e6c: "movk w10, #0x6e02, lsl #16" w10=0xa000 => w10=0x6e02a000
[07:17:16 978][libtiny.so 0x533e70] [0ed09c52] 0x40533e70: "movz w14, #0xe680" w14=0x40533e60 => w14=0xe680
[07:17:16 978][libtiny.so 0x533e74] [0809098b] 0x40533e74: "add x8, x8, x9, lsl #2" x8=0xffffffffd20e6da0 x9=0xb => x8=0xffffffffd20e6dcc
[07:17:16 978][libtiny.so 0x533e78] [08696ab8] 0x40533e78: "ldr w8, [x8, x10]" ; mem[READ] abs=0x40110dcc x8=0xffffffffd20e6dcc x10=0x6e02a000 => w8=0x550c7dc3
[07:17:16 978][libtiny.so 0x533e7c] [69da40f9] 0x40533e7c: "ldr x9, [x19, #0x1b0]" ; mem[READ] abs=0xbfff9150 x19=0xbfff8fa0 => x9=0xb
[07:17:16 978][libtiny.so 0x533e80] [0f0000b0] 0x40533e80: "adrp x15, #0x40534000" => x15=0x40534000
[07:17:16 978][libtiny.so 0x533e84] [aeeda072] 0x40533e84: "movk w14, #0x76d, lsl #16" w14=0xe680 => w14=0x76de680
[07:17:16 978][libtiny.so 0x533e88] [ef810591] 0x40533e88: "add x15, x15, #0x160" x15=0x40534000 => x15=0x40534160
[07:17:16 978][libtiny.so 0x533e8c] [6c821191] 0x40533e8c: "add x12, x19, #0x460" x19=0xbfff8fa0 => x12=0xbfff9400
[07:17:16 978][libtiny.so 0x533e90] [03ca9252] 0x40533e90: "movz w3, #0x9650" w3=0x870736c1 => w3=0x9650
[07:17:16 978][libtiny.so 0x533e94] [f7010e8b] 0x40533e94: "add x23, x15, x14" x15=0x40534160 x14=0x76de680 => x23=0x47c127e0
[07:17:16 978][libtiny.so 0x533e98] [437da072] 0x40533e98: "movk w3, #0x3ea, lsl #16" w3=0x9650 => w3=0x3ea9650
[07:17:16 978][libtiny.so 0x533e9c] [ea01174b] 0x40533e9c: "sub w10, w15, w23" w15=0x40534160 w23=0x47c127e0 => w10=0xf8921980
[07:17:16 978][libtiny.so 0x533ea0] [897969b8] 0x40533ea0: "ldr w9, [x12, x9, lsl #2]" ; mem[READ] abs=0xbfff942c x12=0xbfff9400 x9=0xb => w9=0x3a22222c
[07:17:16 978][libtiny.so 0x533ea4] [6c5641b9] 0x40533ea4: "ldr w12, [x19, #0x154]" ; mem[READ] abs=0xbfff90f4 x19=0xbfff8fa0 => w12=0x1e470fb7
[07:17:16 978][libtiny.so 0x533ea8] [4a01030b] 0x40533ea8: "add w10, w10, w3" w10=0xf8921980 w3=0x3ea9650 => w10=0xfc7cafd0
[07:17:16 978][libtiny.so 0x533eac] [6eae41b9] 0x40533eac: "ldr w14, [x19, #0x1ac]" ; mem[READ] abs=0xbfff914c x19=0xbfff8fa0 => w14=0xd733d425
[07:17:16 978][libtiny.so 0x533eb0] [6faa41b9] 0x40533eb0: "ldr w15, [x19, #0x1a8]" ; mem[READ] abs=0xbfff9148 x19=0xbfff8fa0 => w15=0x63cd56cd
[07:17:16 978][libtiny.so 0x533eb4] [63a641b9] 0x40533eb4: "ldr w3, [x19, #0x1a4]" ; mem[READ] abs=0xbfff9144 x19=0xbfff8fa0 => w3=0x92cf77bc
[07:17:16 978][libtiny.so 0x533eb8] [64a641b9] 0x40533eb8: "ldr w4, [x19, #0x1a4]" ; mem[READ] abs=0xbfff9144 x19=0xbfff8fa0 => w4=0x92cf77bc
[07:17:16 978][libtiny.so 0x533ebc] [65a641b9] 0x40533ebc: "ldr w5, [x19, #0x1a4]" ; mem[READ] abs=0xbfff9144 x19=0xbfff8fa0 => w5=0x92cf77bc
[07:17:16 978][libtiny.so 0x533ec0] [769a41b9] 0x40533ec0: "ldr w22, [x19, #0x198]" ; mem[READ] abs=0xbfff9138 x19=0xbfff8fa0 => w22=0x870736c1
[07:17:16 978][libtiny.so 0x533ec4] [78a641b9] 0x40533ec4: "ldr w24, [x19, #0x1a4]" ; mem[READ] abs=0xbfff9144 x19=0xbfff8fa0 => w24=0x92cf77bc
[07:17:16 978][libtiny.so 0x533ec8] [799a41b9] 0x40533ec8: "ldr w25, [x19, #0x198]" ; mem[READ] abs=0xbfff9138 x19=0xbfff8fa0 => w25=0x870736c1
[07:17:16 978][libtiny.so 0x533ecc] [7aa641b9] 0x40533ecc: "ldr w26, [x19, #0x1a4]" ; mem[READ] abs=0xbfff9144 x19=0xbfff8fa0 => w26=0x92cf77bc
[07:17:16 978][libtiny.so 0x533ed0] [7b9241b9] 0x40533ed0: "ldr w27, [x19, #0x190]" ; mem[READ] abs=0xbfff9130 x19=0xbfff8fa0 => w27=0x73863b0
[07:17:16 978][libtiny.so 0x533ed4] [1e1100d0] 0x40533ed4: "adrp x30, #0x40755000" => x30=0x40755000
[07:17:16 978][libtiny.so 0x533ed8] [08010c0b] 0x40533ed8: "add w8, w8, w12" w8=0x550c7dc3 w12=0x1e470fb7 => w8=0x73538d7a
[07:17:16 978][libtiny.so 0x533edc] [7c6241b9] 0x40533edc: "ldr w28, [x19, #0x160]" ; mem[READ] abs=0xbfff9100 x19=0xbfff8fa0 => w28=0x4dc82045
[07:17:16 978][libtiny.so 0x533ee0] [dee747f9] 0x40533ee0: "ldr x30, [x30, #0xfc8]" ; mem[READ] abs=0x40755fc8 x30=0x40755000 => x30=0x43d69170
[07:17:16 978][libtiny.so 0x533ee4] [0c03160a] 0x40533ee4: "and w12, w24, w22" w24=0x92cf77bc w22=0x870736c1 => w12=0x82073680
[07:17:16 978][libtiny.so 0x533ee8] [5603192a] 0x40533ee8: "orr w22, w26, w25" w26=0x92cf77bc w25=0x870736c1 => w22=0x97cf77fd
[07:17:16 978][libtiny.so 0x533eec] [0801090b] 0x40533eec: "add w8, w8, w9" w8=0x73538d7a w9=0x3a22222c => w8=0xad75afa6
[07:17:16 978][libtiny.so 0x533ef0] [69088313] 0x40533ef0: "ror w9, w3, #2" w3=0x92cf77bc => w9=0x24b3ddef
[07:17:16 978][libtiny.so 0x533ef4] [2935c44a] 0x40533ef4: "eor w9, w9, w4, ror #13" w9=0x24b3ddef w4=0x92cf77bc => w9=0x99574b94
[07:17:16 978][libtiny.so 0x533ef8] [c3021b0a] 0x40533ef8: "and w3, w22, w27" w22=0x97cf77fd w27=0x73863b0 => w3=0x70863b0
[07:17:16 978][libtiny.so 0x533efc] [08010e0b] 0x40533efc: "add w8, w8, w14" w8=0xad75afa6 w14=0xd733d425 => w8=0x84a983cb
[07:17:16 978][libtiny.so 0x533f00] [2959c54a] 0x40533f00: "eor w9, w9, w5, ror #22" w9=0x99574b94 w5=0x92cf77bc => w9=0xa489b9df
[07:17:16 979][libtiny.so 0x533f04] [6c000c2a] 0x40533f04: "orr w12, w3, w12" w3=0x70863b0 w12=0x82073680 => w12=0x870f77b0
[07:17:16 979][libtiny.so 0x533f08] [08010f0b] 0x40533f08: "add w8, w8, w15" w8=0x84a983cb w15=0x63cd56cd => w8=0xe876da98
[07:17:16 979][libtiny.so 0x533f0c] [29010c0b] 0x40533f0c: "add w9, w9, w12" w9=0xa489b9df w12=0x870f77b0 => w9=0x2b99318f
[07:17:16 979][libtiny.so 0x533f10] [cac32a8b] 0x40533f10: "add x10, x30, w10, sxtw" x30=0x43d69170 w10=0xfc7cafd0 => x10=0x40534140
[07:17:16 979][libtiny.so 0x533f14] [7ec28d92] 0x40533f14: "movn x30, #0x6e13" x30=0x43d69170 => x30=0xffffffffffff91ec
[07:17:16 979][libtiny.so 0x533f18] [0c011c0b] 0x40533f18: "add w12, w8, w28" w8=0xe876da98 w28=0x4dc82045 => w12=0x363efadd
[07:17:16 979][libtiny.so 0x533f1c] [2801080b] 0x40533f1c: "add w8, w9, w8" w9=0x2b99318f w8=0xe876da98 => w8=0x14100c27
[07:17:16 979][libtiny.so 0x533f20] [fe95bff2] 0x40533f20: "movk x30, #0xfcaf, lsl #16" x30=0xffffffffffff91ec => x30=0xfffffffffcaf91ec
[07:17:16 979][libtiny.so 0x533f24] [1c1100d0] 0x40533f24: "adrp x28, #0x40755000" => x28=0x40755000
[07:17:16 979][libtiny.so 0x533f28] [6cc601b9] 0x40533f28: "str w12, [x19, #0x1c4]" ; mem[WRITE] abs=0xbfff9164 w12=0x363efadd x19=0xbfff8fa0 => w12=0x363efadd
[07:17:16 979][libtiny.so 0x533f2c] [68ca01b9] 0x40533f2c: "str w8, [x19, #0x1c8]" ; mem[WRITE] abs=0xbfff9168 w8=0x14100c27 x19=0xbfff8fa0 => w8=0x14100c27
[07:17:16 979][libtiny.so 0x533f30] [40011fd6] 0x40533f30: "br x10" x10=0x40534140
[07:17:16 979][libtiny.so 0x534140] [6ee147f9] 0x40534140: "ldr x14, [x11, #0xfc0]" ; mem[READ] abs=0x40755fc0 x11=0x40755000 => x14=0x4451623c
[07:17:16 979][libtiny.so 0x534144] [e43b8492] 0x40534144: "movn x4, #0x21df" x4=0x92cf77bc => x4=0xffffffffffffde20
[07:17:16 979][libtiny.so 0x534148] [6f458e92] 0x40534148: "movn x15, #0x722b" x15=0x63cd56cd => x15=0xffffffffffff8dd4
[07:17:16 979][libtiny.so 0x53414c] [2480bff2] 0x4053414c: "movk x4, #0xfc01, lsl #16" x4=0xffffffffffffde20 => x4=0xfffffffffc01de20
[07:17:16 979][libtiny.so 0x534150] [af8ebff2] 0x40534150: "movk x15, #0xfc75, lsl #16" x15=0xffffffffffff8dd4 => x15=0xfffffffffc758dd4
[07:17:16 979][libtiny.so 0x534154] [ce01048b] 0x40534154: "add x14, x14, x4" x14=0x4451623c x4=0xfffffffffc01de20 => x14=0x4053405c
[07:17:16 979][libtiny.so 0x534158] [f7020f8b] 0x40534158: "add x23, x23, x15" x23=0x47c127e0 x15=0xfffffffffc758dd4 => x23=0x4436b5b4
[07:17:16 979][libtiny.so 0x53415c] [c0011fd6] 0x4053415c: "br x14" x14=0x4053405c
[07:17:16 979][libtiny.so 0x53405c] [6e8a8e92] 0x4053405c: "movn x14, #0x7453" x14=0x4053405c => x14=0xffffffffffff8bac
[07:17:16 979][libtiny.so 0x534060] [8e83bff2] 0x40534060: "movk x14, #0xfc1c, lsl #16" x14=0xffffffffffff8bac => x14=0xfffffffffc1c8bac
[07:17:16 979][libtiny.so 0x534064] [ee020e8b] 0x40534064: "add x14, x23, x14" x23=0x4436b5b4 x14=0xfffffffffc1c8bac => x14=0x40534160
[07:17:16 979][libtiny.so 0x534068] [c0011fd6] 0x40534068: "br x14" x14=0x40534160
[07:17:16 979][libtiny.so 0x534160] [68c641b9] 0x40534160: "ldr w8, [x19, #0x1c4]" ; mem[READ] abs=0xbfff9164 x19=0xbfff8fa0 => w8=0x363efadd
[07:17:16 979][libtiny.so 0x534164] [69c641b9] 0x40534164: "ldr w9, [x19, #0x1c4]" ; mem[READ] abs=0xbfff9164 x19=0xbfff8fa0 => w9=0x363efadd
[07:17:16 979][libtiny.so 0x534168] [6ac641b9] 0x40534168: "ldr w10, [x19, #0x1c4]" ; mem[READ] abs=0xbfff9164 x19=0xbfff8fa0 => w10=0x363efadd
[07:17:16 979][libtiny.so 0x53416c] [0f000090] 0x4053416c: "adrp x15, #0x40534000" => x15=0x40534000
[07:17:16 979][libtiny.so 0x534170] [08198813] 0x40534170: "ror w8, w8, #6" w8=0x363efadd => w8=0x74d8fbeb
[07:17:16 979][libtiny.so 0x534174] [082dc94a] 0x40534174: "eor w8, w8, w9, ror #11" w8=0x74d8fbeb w9=0x363efadd => w8=0x2f7e3c34
[07:17:16 979][libtiny.so 0x534178] [0865ca4a] 0x40534178: "eor w8, w8, w10, ror #25" w8=0x2f7e3c34 w10=0x363efadd => w8=0x300352af
[07:17:16 979][libtiny.so 0x53417c] [68ce01b9] 0x4053417c: "str w8, [x19, #0x1cc]" ; mem[WRITE] abs=0xbfff916c w8=0x300352af x19=0xbfff8fa0 => w8=0x300352af
[07:17:16 979][libtiny.so 0x534180] [689641b9] 0x40534180: "ldr w8, [x19, #0x194]" ; mem[READ] abs=0xbfff9134 x19=0xbfff8fa0 => w8=0xdf3b5e6d
[07:17:16 979][libtiny.so 0x534184] [69a241b9] 0x40534184: "ldr w9, [x19, #0x1a0]" ; mem[READ] abs=0xbfff9140 x19=0xbfff8fa0 => w9=0x26f664a3
[07:17:16 979][libtiny.so 0x534188] [6ec641b9] 0x40534188: "ldr w14, [x19, #0x1c4]" ; mem[READ] abs=0xbfff9164 x19=0xbfff8fa0 => w14=0x363efadd
[07:17:16 979][libtiny.so 0x53418c] [0af69952] 0x4053418c: "movz w10, #0xcfb0" w10=0x363efadd => w10=0xcfb0
[07:17:16 979][libtiny.so 0x534190] [8aeaa072] 0x40534190: "movk w10, #0x754, lsl #16" w10=0xcfb0 => w10=0x754cfb0
[07:17:16 979][libtiny.so 0x534194] [2801084a] 0x40534194: "eor w8, w9, w8" w9=0x26f664a3 w8=0xdf3b5e6d => w8=0xf9cd3ace
[07:17:16 979][libtiny.so 0x534198] [699641b9] 0x40534198: "ldr w9, [x19, #0x194]" ; mem[READ] abs=0xbfff9134 x19=0xbfff8fa0 => w9=0xdf3b5e6d
[07:17:16 979][libtiny.so 0x53419c] [c801080a] 0x4053419c: "and w8, w14, w8" w14=0x363efadd w8=0xf9cd3ace => w8=0x300c3acc
[07:17:16 979][libtiny.so 0x5341a0] [efc11991] 0x405341a0: "add x15, x15, #0x670" x15=0x40534000 => x15=0x40534670
[07:17:16 979][libtiny.so 0x5341a4] [8eed8a52] 0x405341a4: "movz w14, #0x576c" w14=0x363efadd => w14=0x576c
[07:17:16 979][libtiny.so 0x5341a8] [0801094a] 0x405341a8: "eor w8, w8, w9" w8=0x300c3acc w9=0xdf3b5e6d => w8=0xef3764a1
[07:17:16 979][libtiny.so 0x5341ac] [68d201b9] 0x405341ac: "str w8, [x19, #0x1d0]" ; mem[WRITE] abs=0xbfff9170 w8=0xef3764a1 x19=0xbfff8fa0 => w8=0xef3764a1
[07:17:16 979][libtiny.so 0x5341b0] [f7010a8b] 0x405341b0: "add x23, x15, x10" x15=0x40534670 x10=0x754cfb0 => x23=0x47a81620
[07:17:16 979][libtiny.so 0x5341b4] [68ba40f9] 0x405341b4: "ldr x8, [x19, #0x170]" ; mem[READ] abs=0xbfff9110 x19=0xbfff8fa0 => x8=0x8
[07:17:16 979][libtiny.so 0x5341b8] [8e75a072] 0x405341b8: "movk w14, #0x3ac, lsl #16" w14=0x576c => w14=0x3ac576c
[07:17:16 979][libtiny.so 0x5341bc] [ea01174b] 0x405341bc: "sub w10, w15, w23" w15=0x40534670 w23=0x47a81620 => w10=0xf8ab3050
[07:17:16 979][libtiny.so 0x5341c0] [49010e0b] 0x405341c0: "add w9, w10, w14" w10=0xf8ab3050 w14=0x3ac576c => w9=0xfc5787bc
[07:17:16 979][libtiny.so 0x5341c4] [aaf147f9] 0x405341c4: "ldr x10, [x13, #0xfe0]" ; mem[READ] abs=0x40755fe0 x13=0x40755000 => x10=0xffffffffd20e6da0
[07:17:16 979][libtiny.so 0x5341c8] [08f57ed3] 0x405341c8: "lsl x8, x8, #2" x8=0x8 => x8=0x20
[07:17:16 979][libtiny.so 0x5341cc] [0c009452] 0x405341cc: "movz w12, #0xa000" w12=0x363efadd => w12=0xa000
[07:17:16 979][libtiny.so 0x5341d0] [0e1100b0] 0x405341d0: "adrp x14, #0x40755000" => x14=0x40755000
[07:17:16 979][libtiny.so 0x5341d4] [08017cb2] 0x405341d4: "orr x8, x8, #0x10" x8=0x20 => x8=0x30
[07:17:16 979][libtiny.so 0x5341d8] [4cc0ad72] 0x405341d8: "movk w12, #0x6e02, lsl #16" w12=0xa000 => w12=0x6e02a000
[07:17:16 979][libtiny.so 0x5341dc] [ceed47f9] 0x405341dc: "ldr x14, [x14, #0xfd8]" ; mem[READ] abs=0x40755fd8 x14=0x40755000 => x14=0x43fbbdb4
[07:17:16 979][libtiny.so 0x5341e0] [4a01088b] 0x405341e0: "add x10, x10, x8" x10=0xffffffffd20e6da0 x8=0x30 => x10=0xffffffffd20e6dd0
[07:17:16 979][libtiny.so 0x5341e4] [4a696cb8] 0x405341e4: "ldr w10, [x10, x12]" ; mem[READ] abs=0x40110dd0 x10=0xffffffffd20e6dd0 x12=0x6e02a000 => w10=0x72be5d74
[07:17:16 980][libtiny.so 0x5341e8] [6c821191] 0x405341e8: "add x12, x19, #0x460" x19=0xbfff8fa0 => x12=0xbfff9400
[07:17:16 980][libtiny.so 0x5341ec] [c9c1298b] 0x405341ec: "add x9, x14, w9, sxtw" x14=0x43fbbdb4 w9=0xfc5787bc => x9=0x40534570
[07:17:16 980][libtiny.so 0x5341f0] [8801088b] 0x405341f0: "add x8, x12, x8" x12=0xbfff9400 x8=0x30 => x8=0xbfff9430
[07:17:16 980][libtiny.so 0x5341f4] [6ad601b9] 0x405341f4: "str w10, [x19, #0x1d4]" ; mem[WRITE] abs=0xbfff9174 w10=0x72be5d74 x19=0xbfff8fa0 => w10=0x72be5d74
[07:17:16 980][libtiny.so 0x5341f8] [68ee00f9] 0x405341f8: "str x8, [x19, #0x1d8]" ; mem[WRITE] abs=0xbfff9178 x8=0xbfff9430 x19=0xbfff8fa0 => x8=0xbfff9430
[07:17:16 980][libtiny.so 0x5341fc] [20011fd6] 0x405341fc: "br x9" x9=0x40534570
[07:17:16 980][libtiny.so 0x534570] [0e1100b0] 0x40534570: "adrp x14, #0x40755000" => x14=0x40755000
[07:17:16 980][libtiny.so 0x534574] [cee947f9] 0x40534574: "ldr x14, [x14, #0xfd0]" ; mem[READ] abs=0x40755fd0 x14=0x40755000 => x14=0x4389d014
[07:17:16 980][libtiny.so 0x534578] [64c29192] 0x40534578: "movn x4, #0x8e13" x4=0xfffffffffc01de20 => x4=0xffffffffffff71ec
[07:17:16 980][libtiny.so 0x53457c] [ef7a9a92] 0x4053457c: "movn x15, #0xd3d7" x15=0x40534670 => x15=0xffffffffffff2c28
[07:17:16 980][libtiny.so 0x534580] [2499bff2] 0x40534580: "movk x4, #0xfcc9, lsl #16" x4=0xffffffffffff71ec => x4=0xfffffffffcc971ec
[07:17:16 980][libtiny.so 0x534584] [0f8fbff2] 0x40534584: "movk x15, #0xfc78, lsl #16" x15=0xffffffffffff2c28 => x15=0xfffffffffc782c28
[07:17:16 980][libtiny.so 0x534588] [ce01048b] 0x40534588: "add x14, x14, x4" x14=0x4389d014 x4=0xfffffffffcc971ec => x14=0x40534200
[07:17:16 980][libtiny.so 0x53458c] [f7020f8b] 0x4053458c: "add x23, x23, x15" x23=0x47a81620 x15=0xfffffffffc782c28 => x23=0x44204248
[07:17:16 980][libtiny.so 0x534590] [c0011fd6] 0x40534590: "br x14" x14=0x40534200
[07:17:16 980][libtiny.so 0x534200] [ee7a9f92] 0x40534200: "movn x14, #0xfbd7" x14=0x40534200 => x14=0xffffffffffff0428
[07:17:16 980][libtiny.so 0x534204] [6e86bff2] 0x40534204: "movk x14, #0xfc33, lsl #16" x14=0xffffffffffff0428 => x14=0xfffffffffc330428
[07:17:16 980][libtiny.so 0x534208] [ee020e8b] 0x40534208: "add x14, x23, x14" x23=0x44204248 x14=0xfffffffffc330428 => x14=0x40534670
[07:17:16 980][libtiny.so 0x53420c] [c0011fd6] 0x4053420c: "br x14" x14=0x40534670
[07:17:16 980][libtiny.so 0x534670] [68ee40f9] 0x40534670: "ldr x8, [x19, #0x1d8]" ; mem[READ] abs=0xbfff9178 x19=0xbfff8fa0 => x8=0xbfff9430
[07:17:16 980][libtiny.so 0x534674] [89ed8152] 0x40534674: "movz w9, #0xf6c" w9=0x40534570 => w9=0xf6c
[07:17:16 980][libtiny.so 0x534678] [eaffffd0] 0x40534678: "adrp x10, #0x40532000" => x10=0x40532000
[07:17:16 980][libtiny.so 0x53467c] [6966a072] 0x4053467c: "movk w9, #0x333, lsl #16" w9=0xf6c => w9=0x3330f6c
[07:17:16 980][libtiny.so 0x534680] [4aa13091] 0x40534680: "add x10, x10, #0xc28" x10=0x40532000 => x10=0x40532c28
[07:17:16 980][libtiny.so 0x534684] [5701098b] 0x40534684: "add x23, x10, x9" x10=0x40532c28 x9=0x3330f6c => x23=0x43863b94
[07:17:16 980][libtiny.so 0x534688] [4901174b] 0x40534688: "sub w9, w10, w23" w10=0x40532c28 w23=0x43863b94 => w9=0xfcccf094
[07:17:16 980][libtiny.so 0x53468c] [080140b9] 0x4053468c: "ldr w8, [x8]" ; mem[READ] abs=0xbfff9430 x8=0xbfff9430 => w8=0x22657874
[07:17:16 980][libtiny.so 0x534690] [6a8e41b9] 0x40534690: "ldr w10, [x19, #0x18c]" ; mem[READ] abs=0xbfff912c x19=0xbfff8fa0 => w10=0xf5e19084
[07:17:16 980][libtiny.so 0x534694] [6ed641b9] 0x40534694: "ldr w14, [x19, #0x1d4]" ; mem[READ] abs=0xbfff9174 x19=0xbfff8fa0 => w14=0x72be5d74
[07:17:16 980][libtiny.so 0x534698] [6fd241b9] 0x40534698: "ldr w15, [x19, #0x1d0]" ; mem[READ] abs=0xbfff9170 x19=0xbfff8fa0 => w15=0xef3764a1
[07:17:16 980][libtiny.so 0x53469c] [63ce41b9] 0x4053469c: "ldr w3, [x19, #0x1cc]" ; mem[READ] abs=0xbfff916c x19=0xbfff8fa0 => w3=0x300352af
[07:17:16 980][libtiny.so 0x5346a0] [64ca41b9] 0x405346a0: "ldr w4, [x19, #0x1c8]" ; mem[READ] abs=0xbfff9168 x19=0xbfff8fa0 => w4=0x14100c27
[07:17:16 980][libtiny.so 0x5346a4] [65ca41b9] 0x405346a4: "ldr w5, [x19, #0x1c8]" ; mem[READ] abs=0xbfff9168 x19=0xbfff8fa0 => w5=0x14100c27
[07:17:16 980][libtiny.so 0x5346a8] [76ca41b9] 0x405346a8: "ldr w22, [x19, #0x1c8]" ; mem[READ] abs=0xbfff9168 x19=0xbfff8fa0 => w22=0x14100c27
[07:17:16 980][libtiny.so 0x5346ac] [78a641b9] 0x405346ac: "ldr w24, [x19, #0x1a4]" ; mem[READ] abs=0xbfff9144 x19=0xbfff8fa0 => w24=0x92cf77bc
[07:17:16 980][libtiny.so 0x5346b0] [79ca41b9] 0x405346b0: "ldr w25, [x19, #0x1c8]" ; mem[READ] abs=0xbfff9168 x19=0xbfff8fa0 => w25=0x14100c27
[07:17:16 980][libtiny.so 0x5346b4] [0c639852] 0x405346b4: "movz w12, #0xc318" w12=0xbfff9400 => w12=0xc318
[07:17:16 980][libtiny.so 0x5346b8] [4cf6bf72] 0x405346b8: "movk w12, #0xffb2, lsl #16" w12=0xc318 => w12=0xffb2c318
[07:17:16 980][libtiny.so 0x5346bc] [7aa641b9] 0x405346bc: "ldr w26, [x19, #0x1a4]" ; mem[READ] abs=0xbfff9144 x19=0xbfff8fa0 => w26=0x92cf77bc
[07:17:16 980][libtiny.so 0x5346c0] [7bca41b9] 0x405346c0: "ldr w27, [x19, #0x1c8]" ; mem[READ] abs=0xbfff9168 x19=0xbfff8fa0 => w27=0x14100c27
[07:17:16 980][libtiny.so 0x5346c4] [29010c0b] 0x405346c4: "add w9, w9, w12" w9=0xfcccf094 w12=0xffb2c318 => w9=0xfc7fb3ac
[07:17:16 980][libtiny.so 0x5346c8] [2c03180a] 0x405346c8: "and w12, w25, w24" w25=0x14100c27 w24=0x92cf77bc => w12=0x10000424
[07:17:16 980][libtiny.so 0x5346cc] [789a41b9] 0x405346cc: "ldr w24, [x19, #0x198]" ; mem[READ] abs=0xbfff9138 x19=0xbfff8fa0 => w24=0x870736c1
[07:17:16 980][libtiny.so 0x5346d0] [ca010a0b] 0x405346d0: "add w10, w14, w10" w14=0x72be5d74 w10=0xf5e19084 => w10=0x689fedf8
[07:17:16 980][libtiny.so 0x5346d4] [4801080b] 0x405346d4: "add w8, w10, w8" w10=0x689fedf8 w8=0x22657874 => w8=0x8b05666c
[07:17:16 980][libtiny.so 0x5346d8] [6e031a2a] 0x405346d8: "orr w14, w27, w26" w27=0x14100c27 w26=0x92cf77bc => w14=0x96df7fbf
[07:17:16 980][libtiny.so 0x5346dc] [8a088413] 0x405346dc: "ror w10, w4, #2" w4=0x14100c27 => w10=0xc5040309
[07:17:16 980][libtiny.so 0x5346e0] [08010f0b] 0x405346e0: "add w8, w8, w15" w8=0x8b05666c w15=0xef3764a1 => w8=0x7a3ccb0d
[07:17:16 980][libtiny.so 0x5346e4] [6f9241b9] 0x405346e4: "ldr w15, [x19, #0x190]" ; mem[READ] abs=0xbfff9130 x19=0xbfff8fa0 => w15=0x73863b0
[07:17:16 980][libtiny.so 0x5346e8] [4a35c54a] 0x405346e8: "eor w10, w10, w5, ror #13" w10=0xc5040309 w5=0x14100c27 => w10=0xa43ca389
[07:17:16 980][libtiny.so 0x5346ec] [ce01180a] 0x405346ec: "and w14, w14, w24" w14=0x96df7fbf w24=0x870736c1 => w14=0x86073681
[07:17:16 980][libtiny.so 0x5346f0] [4a59d64a] 0x405346f0: "eor w10, w10, w22, ror #22" w10=0xa43ca389 w22=0x14100c27 => w10=0xe40c3fd9
[07:17:16 980][libtiny.so 0x5346f4] [cc010c2a] 0x405346f4: "orr w12, w14, w12" w14=0x86073681 w12=0x10000424 => w12=0x960736a5
[07:17:16 981][libtiny.so 0x5346f8] [0801030b] 0x405346f8: "add w8, w8, w3" w8=0x7a3ccb0d w3=0x300352af => w8=0xaa401dbc
[07:17:16 981][libtiny.so 0x5346fc] [4a010c0b] 0x405346fc: "add w10, w10, w12" w10=0xe40c3fd9 w12=0x960736a5 => w10=0x7a13767e
[07:17:16 981][libtiny.so 0x534700] [0c010f0b] 0x40534700: "add w12, w8, w15" w8=0xaa401dbc w15=0x73863b0 => w12=0xb178816c
[07:17:16 981][libtiny.so 0x534704] [4801080b] 0x40534704: "add w8, w10, w8" w10=0x7a13767e w8=0xaa401dbc => w8=0x2453943a
[07:17:16 981][libtiny.so 0x534708] [6ce601b9] 0x40534708: "str w12, [x19, #0x1e4]" ; mem[WRITE] abs=0xbfff9184 w12=0xb178816c x19=0xbfff8fa0 => w12=0xb178816c
[07:17:16 981][libtiny.so 0x53470c] [68ea01b9] 0x4053470c: "str w8, [x19, #0x1e8]" ; mem[WRITE] abs=0xbfff9188 w8=0x2453943a x19=0xbfff8fa0 => w8=0x2453943a
[07:17:16 981][libtiny.so 0x534710] [68e641b9] 0x40534710: "ldr w8, [x19, #0x1e4]" ; mem[READ] abs=0xbfff9184 x19=0xbfff8fa0 => w8=0xb178816c
[07:17:16 981][libtiny.so 0x534714] [6ae641b9] 0x40534714: "ldr w10, [x19, #0x1e4]" ; mem[READ] abs=0xbfff9184 x19=0xbfff8fa0 => w10=0xb178816c
[07:17:16 981][libtiny.so 0x534718] [6ce641b9] 0x40534718: "ldr w12, [x19, #0x1e4]" ; mem[READ] abs=0xbfff9184 x19=0xbfff8fa0 => w12=0xb178816c
[07:17:16 981][libtiny.so 0x53471c] [2eba47f9] 0x4053471c: "ldr x14, [x17, #0xf70]" ; mem[READ] abs=0x40755f70 x17=0x40755000 => x14=0x43d3786c
[07:17:16 981][libtiny.so 0x534720] [08198813] 0x40534720: "ror w8, w8, #6" w8=0xb178816c => w8=0xb2c5e205
[07:17:16 981][libtiny.so 0x534724] [082dca4a] 0x40534724: "eor w8, w8, w10, ror #11" w8=0xb2c5e205 w10=0xb178816c => w8=0x9f53cd15
[07:17:16 981][libtiny.so 0x534728] [0865cc4a] 0x40534728: "eor w8, w8, w12, ror #25" w8=0x9f53cd15 w12=0xb178816c => w8=0x23137b4d
[07:17:16 981][libtiny.so 0x53472c] [c9c1298b] 0x4053472c: "add x9, x14, w9, sxtw" x14=0x43d3786c w9=0xfc7fb3ac => x9=0x40532c18
[07:17:16 981][libtiny.so 0x534730] [68ee01b9] 0x40534730: "str w8, [x19, #0x1ec]" ; mem[WRITE] abs=0xbfff918c w8=0x23137b4d x19=0xbfff8fa0 => w8=0x23137b4d
[07:17:16 981][libtiny.so 0x534734] [20011fd6] 0x40534734: "br x9" x9=0x40532c18
[07:17:16 981][libtiny.so 0x532c18] [6eed8192] 0x40532c18: "movn x14, #0xf6b" x14=0x43d3786c => x14=0xfffffffffffff094
[07:17:16 981][libtiny.so 0x532c1c] [8e99bff2] 0x40532c1c: "movk x14, #0xfccc, lsl #16" x14=0xfffffffffffff094 => x14=0xfffffffffcccf094
[07:17:16 981][libtiny.so 0x532c20] [ee020e8b] 0x40532c20: "add x14, x23, x14" x23=0x43863b94 x14=0xfffffffffcccf094 => x14=0x40532c28
[07:17:16 981][libtiny.so 0x532c24] [c0011fd6] 0x40532c24: "br x14" x14=0x40532c28
[07:17:16 981][libtiny.so 0x532c28] [68a241b9] 0x40532c28: "ldr w8, [x19, #0x1a0]" ; mem[READ] abs=0xbfff9140 x19=0xbfff8fa0 => w8=0x26f664a3
[07:17:16 981][libtiny.so 0x532c2c] [69c641b9] 0x40532c2c: "ldr w9, [x19, #0x1c4]" ; mem[READ] abs=0xbfff9164 x19=0xbfff8fa0 => w9=0x363efadd
[07:17:16 981][libtiny.so 0x532c30] [6ae641b9] 0x40532c30: "ldr w10, [x19, #0x1e4]" ; mem[READ] abs=0xbfff9184 x19=0xbfff8fa0 => w10=0xb178816c
[07:17:16 981][libtiny.so 0x532c34] [6ca241b9] 0x40532c34: "ldr w12, [x19, #0x1a0]" ; mem[READ] abs=0xbfff9140 x19=0xbfff8fa0 => w12=0x26f664a3
[07:17:16 981][libtiny.so 0x532c38] [6eba40f9] 0x40532c38: "ldr x14, [x19, #0x170]" ; mem[READ] abs=0xbfff9110 x19=0xbfff8fa0 => x14=0x8
[07:17:16 981][libtiny.so 0x532c3c] [aff147f9] 0x40532c3c: "ldr x15, [x13, #0xfe0]" ; mem[READ] abs=0x40755fe0 x13=0x40755000 => x15=0xffffffffd20e6da0
[07:17:16 981][libtiny.so 0x532c40] [83028052] 0x40532c40: "movz w3, #0x14" w3=0x300352af => w3=0x14
[07:17:16 981][libtiny.so 0x532c44] [2801084a] 0x40532c44: "eor w8, w9, w8" w9=0x363efadd w8=0x26f664a3 => w8=0x10c89e7e
[07:17:16 981][libtiny.so 0x532c48] [09009452] 0x40532c48: "movz w9, #0xa000" w9=0x363efadd => w9=0xa000
[07:17:16 981][libtiny.so 0x532c4c] [6e080eaa] 0x40532c4c: "orr x14, x3, x14, lsl #2" x3=0x14 x14=0x8 => x14=0x34
[07:17:16 981][libtiny.so 0x532c50] [49c0ad72] 0x40532c50: "movk w9, #0x6e02, lsl #16" w9=0xa000 => w9=0x6e02a000
[07:17:16 981][libtiny.so 0x532c54] [63821191] 0x40532c54: "add x3, x19, #0x460" x19=0xbfff8fa0 => x3=0xbfff9400
[07:17:16 981][libtiny.so 0x532c58] [ef010e8b] 0x40532c58: "add x15, x15, x14" x15=0xffffffffd20e6da0 x14=0x34 => x15=0xffffffffd20e6dd4
[07:17:16 981][libtiny.so 0x532c5c] [6e686eb8] 0x40532c5c: "ldr w14, [x3, x14]" ; mem[READ] abs=0xbfff9434 x3=0xbfff9400 x14=0x34 => w14=0x223a2231
[07:17:16 981][libtiny.so 0x532c60] [e96969b8] 0x40532c60: "ldr w9, [x15, x9]" ; mem[READ] abs=0x40110dd4 x15=0xffffffffd20e6dd4 x9=0x6e02a000 => w9=0x80deb1fe
[07:17:16 981][libtiny.so 0x532c64] [6f9641b9] 0x40532c64: "ldr w15, [x19, #0x194]" ; mem[READ] abs=0xbfff9134 x19=0xbfff8fa0 => w15=0xdf3b5e6d
[07:17:16 981][libtiny.so 0x532c68] [4801080a] 0x40532c68: "and w8, w10, w8" w10=0xb178816c w8=0x10c89e7e => w8=0x1048806c
[07:17:16 981][libtiny.so 0x532c6c] [6aee41b9] 0x40532c6c: "ldr w10, [x19, #0x1ec]" ; mem[READ] abs=0xbfff918c x19=0xbfff8fa0 => w10=0x23137b4d
[07:17:16 981][libtiny.so 0x532c70] [08010c4a] 0x40532c70: "eor w8, w8, w12" w8=0x1048806c w12=0x26f664a3 => w8=0x36bee4cf
[07:17:16 981][libtiny.so 0x532c74] [29010f0b] 0x40532c74: "add w9, w9, w15" w9=0x80deb1fe w15=0xdf3b5e6d => w9=0x601a106b
[07:17:16 981][libtiny.so 0x532c78] [29010e0b] 0x40532c78: "add w9, w9, w14" w9=0x601a106b w14=0x223a2231 => w9=0x8254329c
[07:17:16 981][libtiny.so 0x532c7c] [2801080b] 0x40532c7c: "add w8, w9, w8" w9=0x8254329c w8=0x36bee4cf => w8=0xb913176b
[07:17:16 981][libtiny.so 0x532c80] [08010a0b] 0x40532c80: "add w8, w8, w10" w8=0xb913176b w10=0x23137b4d => w8=0xdc2692b8
[07:17:16 981][libtiny.so 0x532c84] [68f201b9] 0x40532c84: "str w8, [x19, #0x1f0]" ; mem[WRITE] abs=0xbfff9190 w8=0xdc2692b8 x19=0xbfff8fa0 => w8=0xdc2692b8
[07:17:16 981][libtiny.so 0x532c88] [68ea41b9] 0x40532c88: "ldr w8, [x19, #0x1e8]" ; mem[READ] abs=0xbfff9188 x19=0xbfff8fa0 => w8=0x2453943a
[07:17:16 981][libtiny.so 0x532c8c] [69ea41b9] 0x40532c8c: "ldr w9, [x19, #0x1e8]" ; mem[READ] abs=0xbfff9188 x19=0xbfff8fa0 => w9=0x2453943a
[07:17:16 981][libtiny.so 0x532c90] [6aea41b9] 0x40532c90: "ldr w10, [x19, #0x1e8]" ; mem[READ] abs=0xbfff9188 x19=0xbfff8fa0 => w10=0x2453943a
[07:17:16 981][libtiny.so 0x532c94] [83ed8152] 0x40532c94: "movz w3, #0xf6c" w3=0xbfff9400 => w3=0xf6c
[07:17:16 981][libtiny.so 0x532c98] [08098813] 0x40532c98: "ror w8, w8, #2" w8=0x2453943a => w8=0x8914e50e
[07:17:16 981][libtiny.so 0x532c9c] [0835c94a] 0x40532c9c: "eor w8, w8, w9, ror #13" w8=0x8914e50e w9=0x2453943a => w8=0x28c5c792
[07:17:16 981][libtiny.so 0x532ca0] [0859ca4a] 0x40532ca0: "eor w8, w8, w10, ror #22" w8=0x28c5c792 w10=0x2453943a => w8=0x66952f03
[07:17:16 981][libtiny.so 0x532ca4] [68f601b9] 0x40532ca4: "str w8, [x19, #0x1f4]" ; mem[WRITE] abs=0xbfff9194 w8=0x66952f03 x19=0xbfff8fa0 => w8=0x66952f03
[07:17:16 981][libtiny.so 0x532ca8] [68ca41b9] 0x40532ca8: "ldr w8, [x19, #0x1c8]" ; mem[READ] abs=0xbfff9168 x19=0xbfff8fa0 => w8=0x14100c27
[07:17:16 981][libtiny.so 0x532cac] [69ea41b9] 0x40532cac: "ldr w9, [x19, #0x1e8]" ; mem[READ] abs=0xbfff9188 x19=0xbfff8fa0 => w9=0x2453943a
[07:17:16 982][libtiny.so 0x532cb0] [0c000090] 0x40532cb0: "adrp x12, #0x40532000" => x12=0x40532000
[07:17:16 982][libtiny.so 0x532cb4] [6366a072] 0x40532cb4: "movk w3, #0x333, lsl #16" w3=0xf6c => w3=0x3330f6c
[07:17:16 982][libtiny.so 0x532cb8] [8c912d91] 0x40532cb8: "add x12, x12, #0xb64" x12=0x40532000 => x12=0x40532b64
[07:17:16 982][libtiny.so 0x532cbc] [2801080a] 0x40532cbc: "and w8, w9, w8" w9=0x2453943a w8=0x14100c27 => w8=0x4100422
[07:17:16 982][libtiny.so 0x532cc0] [68fa01b9] 0x40532cc0: "str w8, [x19, #0x1f8]" ; mem[WRITE] abs=0xbfff9198 w8=0x4100422 x19=0xbfff8fa0 => w8=0x4100422
[07:17:16 982][libtiny.so 0x532cc4] [68ca41b9] 0x40532cc4: "ldr w8, [x19, #0x1c8]" ; mem[READ] abs=0xbfff9168 x19=0xbfff8fa0 => w8=0x14100c27
[07:17:16 982][libtiny.so 0x532cc8] [69ea41b9] 0x40532cc8: "ldr w9, [x19, #0x1e8]" ; mem[READ] abs=0xbfff9188 x19=0xbfff8fa0 => w9=0x2453943a
[07:17:16 982][libtiny.so 0x532ccc] [6ea641b9] 0x40532ccc: "ldr w14, [x19, #0x1a4]" ; mem[READ] abs=0xbfff9144 x19=0xbfff8fa0 => w14=0x92cf77bc
[07:17:16 982][libtiny.so 0x532cd0] [2fba47f9] 0x40532cd0: "ldr x15, [x17, #0xf70]" ; mem[READ] abs=0x40755f70 x17=0x40755000 => x15=0x43d3786c
[07:17:16 982][libtiny.so 0x532cd4] [0a639852] 0x40532cd4: "movz w10, #0xc318" w10=0x2453943a => w10=0xc318
[07:17:16 982][libtiny.so 0x532cd8] [9701038b] 0x40532cd8: "add x23, x12, x3" x12=0x40532b64 x3=0x3330f6c => x23=0x43863ad0
[07:17:16 982][libtiny.so 0x532cdc] [4af6bf72] 0x40532cdc: "movk w10, #0xffb2, lsl #16" w10=0xc318 => w10=0xffb2c318
[07:17:16 982][libtiny.so 0x532ce0] [8c01174b] 0x40532ce0: "sub w12, w12, w23" w12=0x40532b64 w23=0x43863ad0 => w12=0xfcccf094
[07:17:16 982][libtiny.so 0x532ce4] [8a010a0b] 0x40532ce4: "add w10, w12, w10" w12=0xfcccf094 w10=0xffb2c318 => w10=0xfc7fb3ac
[07:17:16 982][libtiny.so 0x532ce8] [2801082a] 0x40532ce8: "orr w8, w9, w8" w9=0x2453943a w8=0x14100c27 => w8=0x34539c3f
[07:17:16 982][libtiny.so 0x532cec] [08010e0a] 0x40532cec: "and w8, w8, w14" w8=0x34539c3f w14=0x92cf77bc => w8=0x1043143c
[07:17:16 982][libtiny.so 0x532cf0] [e9c12a8b] 0x40532cf0: "add x9, x15, w10, sxtw" x15=0x43d3786c w10=0xfc7fb3ac => x9=0x40532c18
[07:17:16 982][libtiny.so 0x532cf4] [68fe01b9] 0x40532cf4: "str w8, [x19, #0x1fc]" ; mem[WRITE] abs=0xbfff919c w8=0x1043143c x19=0xbfff8fa0 => w8=0x1043143c
[07:17:16 982][libtiny.so 0x532cf8] [20011fd6] 0x40532cf8: "br x9" x9=0x40532c18
[07:17:16 982][libtiny.so 0x532c18] [6eed8192] 0x40532c18: "movn x14, #0xf6b" x14=0x92cf77bc => x14=0xfffffffffffff094
[07:17:16 982][libtiny.so 0x532c1c] [8e99bff2] 0x40532c1c: "movk x14, #0xfccc, lsl #16" x14=0xfffffffffffff094 => x14=0xfffffffffcccf094
[07:17:16 982][libtiny.so 0x532c20] [ee020e8b] 0x40532c20: "add x14, x23, x14" x23=0x43863ad0 x14=0xfffffffffcccf094 => x14=0x40532b64
[07:17:16 982][libtiny.so 0x532c24] [c0011fd6] 0x40532c24: "br x14" x14=0x40532b64
[07:17:16 982][libtiny.so 0x532b64] [68fa41b9] 0x40532b64: "ldr w8, [x19, #0x1f8]" ; mem[READ] abs=0xbfff9198 x19=0xbfff8fa0 => w8=0x4100422
[07:17:16 982][libtiny.so 0x532b68] [69fe41b9] 0x40532b68: "ldr w9, [x19, #0x1fc]" ; mem[READ] abs=0xbfff919c x19=0xbfff8fa0 => w9=0x1043143c
[07:17:16 982][libtiny.so 0x532b6c] [6af641b9] 0x40532b6c: "ldr w10, [x19, #0x1f4]" ; mem[READ] abs=0xbfff9194 x19=0xbfff8fa0 => w10=0x66952f03
[07:17:16 982][libtiny.so 0x532b70] [6c9a41b9] 0x40532b70: "ldr w12, [x19, #0x198]" ; mem[READ] abs=0xbfff9138 x19=0xbfff8fa0 => w12=0x870736c1
[07:17:16 982][libtiny.so 0x532b74] [6ef241b9] 0x40532b74: "ldr w14, [x19, #0x1f0]" ; mem[READ] abs=0xbfff9190 x19=0xbfff8fa0 => w14=0xdc2692b8
[07:17:16 982][libtiny.so 0x532b78] [2801082a] 0x40532b78: "orr w8, w9, w8" w9=0x1043143c w8=0x4100422 => w8=0x1453143e
[07:17:16 982][libtiny.so 0x532b7c] [4801080b] 0x40532b7c: "add w8, w10, w8" w10=0x66952f03 w8=0x1453143e => w8=0x7ae84341
[07:17:16 983][libtiny.so 0x532b80] [cc010c0b] 0x40532b80: "add w12, w14, w12" w14=0xdc2692b8 w12=0x870736c1 => w12=0x632dc979
[07:17:16 983][libtiny.so 0x532b84] [6c0202b9] 0x40532b84: "str w12, [x19, #0x200]" ; mem[WRITE] abs=0xbfff91a0 w12=0x632dc979 x19=0xbfff8fa0 => w12=0x632dc979
[07:17:16 983][libtiny.so 0x532b88] [6cf241b9] 0x40532b88: "ldr w12, [x19, #0x1f0]" ; mem[READ] abs=0xbfff9190 x19=0xbfff8fa0 => w12=0xdc2692b8
[07:17:16 983][libtiny.so 0x532b8c] [08010c0b] 0x40532b8c: "add w8, w8, w12" w8=0x7ae84341 w12=0xdc2692b8 => w8=0x570ed5f9
[07:17:16 983][libtiny.so 0x532b90] [680602b9] 0x40532b90: "str w8, [x19, #0x204]" ; mem[WRITE] abs=0xbfff91a4 w8=0x570ed5f9 x19=0xbfff8fa0 => w8=0x570ed5f9
[07:17:16 983][libtiny.so 0x532b94] [680242b9] 0x40532b94: "ldr w8, [x19, #0x200]" ; mem[READ] abs=0xbfff91a0 x19=0xbfff8fa0 => w8=0x632dc979
[07:17:16 983][libtiny.so 0x532b98] [690242b9] 0x40532b98: "ldr w9, [x19, #0x200]" ; mem[READ] abs=0xbfff91a0 x19=0xbfff8fa0 => w9=0x632dc979
[07:17:16 983][libtiny.so 0x532b9c] [6a0242b9] 0x40532b9c: "ldr w10, [x19, #0x200]" ; mem[READ] abs=0xbfff91a0 x19=0xbfff8fa0 => w10=0x632dc979
[07:17:16 983][libtiny.so 0x532ba0] [08198813] 0x40532ba0: "ror w8, w8, #6" w8=0x632dc979 => w8=0xe58cb725
[07:17:16 983][libtiny.so 0x532ba4] [082dc94a] 0x40532ba4: "eor w8, w8, w9, ror #11" w8=0xe58cb725 w9=0x632dc979 => w8=0xcaa0d29c
[07:17:16 983][libtiny.so 0x532ba8] [0865ca4a] 0x40532ba8: "eor w8, w8, w10, ror #25" w8=0xcaa0d29c w10=0x632dc979 => w8=0x5c446e2d
[07:17:16 983][libtiny.so 0x532bac] [680a02b9] 0x40532bac: "str w8, [x19, #0x208]" ; mem[WRITE] abs=0xbfff91a8 w8=0x5c446e2d x19=0xbfff8fa0 => w8=0x5c446e2d
[07:17:16 983][libtiny.so 0x532bb0] [68c641b9] 0x40532bb0: "ldr w8, [x19, #0x1c4]" ; mem[READ] abs=0xbfff9164 x19=0xbfff8fa0 => w8=0x363efadd
[07:17:16 983][libtiny.so 0x532bb4] [69e641b9] 0x40532bb4: "ldr w9, [x19, #0x1e4]" ; mem[READ] abs=0xbfff9184 x19=0xbfff8fa0 => w9=0xb178816c
[07:17:16 983][libtiny.so 0x532bb8] [6c0242b9] 0x40532bb8: "ldr w12, [x19, #0x200]" ; mem[READ] abs=0xbfff91a0 x19=0xbfff8fa0 => w12=0x632dc979
[07:17:16 983][libtiny.so 0x532bbc] [6ec641b9] 0x40532bbc: "ldr w14, [x19, #0x1c4]" ; mem[READ] abs=0xbfff9164 x19=0xbfff8fa0 => w14=0x363efadd
[07:17:16 983][libtiny.so 0x532bc0] [0a1100f0] 0x40532bc0: "adrp x10, #0x40755000" => x10=0x40755000
[07:17:16 983][libtiny.so 0x532bc4] [2801084a] 0x40532bc4: "eor w8, w9, w8" w9=0xb178816c w8=0x363efadd => w8=0x87467bb1
[07:17:16 983][libtiny.so 0x532bc8] [8801080a] 0x40532bc8: "and w8, w12, w8" w12=0x632dc979 w8=0x87467bb1 => w8=0x3044931
[07:17:16 983][libtiny.so 0x532bcc] [896b8752] 0x40532bcc: "movz w9, #0x3b5c" w9=0xb178816c => w9=0x3b5c
[07:17:16 983][libtiny.so 0x532bd0] [0c000090] 0x40532bd0: "adrp x12, #0x40532000" => x12=0x40532000
[07:17:16 983][libtiny.so 0x532bd4] [08010e4a] 0x40532bd4: "eor w8, w8, w14" w8=0x3044931 w14=0x363efadd => w8=0x353ab3ec
[07:17:16 983][libtiny.so 0x532bd8] [a9dca072] 0x40532bd8: "movk w9, #0x6e5, lsl #16" w9=0x3b5c => w9=0x6e53b5c
[07:17:16 983][libtiny.so 0x532bdc] [8c213e91] 0x40532bdc: "add x12, x12, #0xf88" x12=0x40532000 => x12=0x40532f88
[07:17:16 983][libtiny.so 0x532be0] [680e02b9] 0x40532be0: "str w8, [x19, #0x20c]" ; mem[WRITE] abs=0xbfff91ac w8=0x353ab3ec x19=0xbfff8fa0 => w8=0x353ab3ec
[07:17:16 983][libtiny.so 0x532be4] [9701098b] 0x40532be4: "add x23, x12, x9" x12=0x40532f88 x9=0x6e53b5c => x23=0x47386ae4
[07:17:16 983][libtiny.so 0x532be8] [68ba40f9] 0x40532be8: "ldr x8, [x19, #0x170]" ; mem[READ] abs=0xbfff9110 x19=0xbfff8fa0 => x8=0x8
[07:17:16 983][libtiny.so 0x532bec] [49bd47f9] 0x40532bec: "ldr x9, [x10, #0xf78]" ; mem[READ] abs=0x40755f78 x10=0x40755000 => x9=0x43c41ce0
[07:17:16 983][libtiny.so 0x532bf0] [8ee38952] 0x40532bf0: "movz w14, #0x4f1c" w14=0x363efadd => w14=0x4f1c
[07:17:16 983][libtiny.so 0x532bf4] [8a01174b] 0x40532bf4: "sub w10, w12, w23" w12=0x40532f88 w23=0x47386ae4 => w10=0xf91ac4a4
[07:17:16 983][libtiny.so 0x532bf8] [acf147f9] 0x40532bf8: "ldr x12, [x13, #0xfe0]" ; mem[READ] abs=0x40755fe0 x13=0x40755000 => x12=0xffffffffd20e6da0
[07:17:16 983][libtiny.so 0x532bfc] [8e6ea072] 0x40532bfc: "movk w14, #0x374, lsl #16" w14=0x4f1c => w14=0x3744f1c
[07:17:16 983][libtiny.so 0x532c00] [4a010e0b] 0x40532c00: "add w10, w10, w14" w10=0xf91ac4a4 w14=0x3744f1c => w10=0xfc8f13c0
[07:17:16 983][libtiny.so 0x532c04] [29c12a8b] 0x40532c04: "add x9, x9, w10, sxtw" x9=0x43c41ce0 w10=0xfc8f13c0 => x9=0x405330a0
[07:17:16 983][libtiny.so 0x532c08] [08057fb2] 0x40532c08: "orr x8, x8, #6" x8=0x8 => x8=0xe
[07:17:16 983][libtiny.so 0x532c0c] [680a01f9] 0x40532c0c: "str x8, [x19, #0x210]" ; mem[WRITE] abs=0xbfff91b0 x8=0xe x19=0xbfff8fa0 => x8=0xe
[07:17:16 983][libtiny.so 0x532c10] [6c0e01f9] 0x40532c10: "str x12, [x19, #0x218]" ; mem[WRITE] abs=0xbfff91b8 x12=0xffffffffd20e6da0 x19=0xbfff8fa0 => x12=0xffffffffd20e6da0
[07:17:16 983][libtiny.so 0x532c14] [20011fd6] 0x40532c14: "br x9" x9=0x405330a0
[07:17:16 983][libtiny.so 0x5330a0] [2eba47f9] 0x405330a0: "ldr x14, [x17, #0xf70]" ; mem[READ] abs=0x40755f70 x17=0x40755000 => x14=0x43d3786c
[07:17:16 983][libtiny.so 0x5330a4] [648a8992] 0x405330a4: "movn x4, #0x4c53" x4=0x14100c27 => x4=0xffffffffffffb3ac
[07:17:16 984][libtiny.so 0x5330a8] [ef7d8592] 0x405330a8: "movn x15, #0x2bef" x15=0x43d3786c => x15=0xffffffffffffd410
[07:17:16 984][libtiny.so 0x5330ac] [e48fbff2] 0x405330ac: "movk x4, #0xfc7f, lsl #16" x4=0xffffffffffffb3ac => x4=0xfffffffffc7fb3ac
[07:17:16 984][libtiny.so 0x5330b0] [af89bff2] 0x405330b0: "movk x15, #0xfc4d, lsl #16" x15=0xffffffffffffd410 => x15=0xfffffffffc4dd410
[07:17:16 984][libtiny.so 0x5330b4] [ce01048b] 0x405330b4: "add x14, x14, x4" x14=0x43d3786c x4=0xfffffffffc7fb3ac => x14=0x40532c18
[07:17:16 984][libtiny.so 0x5330b8] [f7020f8b] 0x405330b8: "add x23, x23, x15" x23=0x47386ae4 x15=0xfffffffffc4dd410 => x23=0x43863ef4
[07:17:16 984][libtiny.so 0x5330bc] [c0011fd6] 0x405330bc: "br x14" x14=0x40532c18
[07:17:16 984][libtiny.so 0x532c18] [6eed8192] 0x40532c18: "movn x14, #0xf6b" x14=0x40532c18 => x14=0xfffffffffffff094
[07:17:16 984][libtiny.so 0x532c1c] [8e99bff2] 0x40532c1c: "movk x14, #0xfccc, lsl #16" x14=0xfffffffffffff094 => x14=0xfffffffffcccf094
[07:17:16 984][libtiny.so 0x532c20] [ee020e8b] 0x40532c20: "add x14, x23, x14" x23=0x43863ef4 x14=0xfffffffffcccf094 => x14=0x40532f88
[07:17:16 984][libtiny.so 0x532c24] [c0011fd6] 0x40532c24: "br x14" x14=0x40532f88
[07:17:16 984][libtiny.so 0x532f88] [680e41f9] 0x40532f88: "ldr x8, [x19, #0x218]" ; mem[READ] abs=0xbfff91b8 x19=0xbfff8fa0 => x8=0xffffffffd20e6da0
[07:17:16 984][libtiny.so 0x532f8c] [690a41f9] 0x40532f8c: "ldr x9, [x19, #0x210]" ; mem[READ] abs=0xbfff91b0 x19=0xbfff8fa0 => x9=0xe
[07:17:16 984][libtiny.so 0x532f90] [0a009452] 0x40532f90: "movz w10, #0xa000" w10=0xfc8f13c0 => w10=0xa000
[07:17:16 984][libtiny.so 0x532f94] [4ac0ad72] 0x40532f94: "movk w10, #0x6e02, lsl #16" w10=0xa000 => w10=0x6e02a000
[07:17:16 984][libtiny.so 0x532f98] [8e448052] 0x40532f98: "movz w14, #0x224" w14=0x40532f88 => w14=0x224
[07:17:16 984][libtiny.so 0x532f9c] [0809098b] 0x40532f9c: "add x8, x8, x9, lsl #2" x8=0xffffffffd20e6da0 x9=0xe => x8=0xffffffffd20e6dd8
[07:17:16 984][libtiny.so 0x532fa0] [08696ab8] 0x40532fa0: "ldr w8, [x8, x10]" ; mem[READ] abs=0x40110dd8 x8=0xffffffffd20e6dd8 x10=0x6e02a000 => w8=0x9bdc06a7
[07:17:16 984][libtiny.so 0x532fa4] [690a41f9] 0x40532fa4: "ldr x9, [x19, #0x210]" ; mem[READ] abs=0xbfff91b0 x19=0xbfff8fa0 => x9=0xe
[07:17:16 984][libtiny.so 0x532fa8] [0f0000b0] 0x40532fa8: "adrp x15, #0x40533000" => x15=0x40533000
[07:17:16 984][libtiny.so 0x532fac] [ce6ca072] 0x40532fac: "movk w14, #0x366, lsl #16" w14=0x224 => w14=0x3660224
[07:17:16 984][libtiny.so 0x532fb0] [ef112191] 0x40532fb0: "add x15, x15, #0x844" x15=0x40533000 => x15=0x40533844
[07:17:16 984][libtiny.so 0x532fb4] [6c821191] 0x40532fb4: "add x12, x19, #0x460" x19=0xbfff8fa0 => x12=0xbfff9400
[07:17:16 984][libtiny.so 0x532fb8] [f7010e8b] 0x40532fb8: "add x23, x15, x14" x15=0x40533844 x14=0x3660224 => x23=0x43b93a68
[07:17:16 984][libtiny.so 0x532fbc] [ee01174b] 0x40532fbc: "sub w14, w15, w23" w15=0x40533844 w23=0x43b93a68 => w14=0xfc99fddc
[07:17:16 984][libtiny.so 0x532fc0] [897969b8] 0x40532fc0: "ldr w9, [x12, x9, lsl #2]" ; mem[READ] abs=0xbfff9438 x12=0xbfff9400 x9=0xe => w9=0x222c226d
[07:17:16 984][libtiny.so 0x532fc4] [6ca241b9] 0x40532fc4: "ldr w12, [x19, #0x1a0]" ; mem[READ] abs=0xbfff9140 x19=0xbfff8fa0 => w12=0x26f664a3
[07:17:16 984][libtiny.so 0x532fc8] [6f0e42b9] 0x40532fc8: "ldr w15, [x19, #0x20c]" ; mem[READ] abs=0xbfff91ac x19=0xbfff8fa0 => w15=0x353ab3ec
[07:17:16 984][libtiny.so 0x532fcc] [630a42b9] 0x40532fcc: "ldr w3, [x19, #0x208]" ; mem[READ] abs=0xbfff91a8 x19=0xbfff8fa0 => w3=0x5c446e2d
[07:17:16 984][libtiny.so 0x532fd0] [640642b9] 0x40532fd0: "ldr w4, [x19, #0x204]" ; mem[READ] abs=0xbfff91a4 x19=0xbfff8fa0 => w4=0x570ed5f9
[07:17:16 984][libtiny.so 0x532fd4] [650642b9] 0x40532fd4: "ldr w5, [x19, #0x204]" ; mem[READ] abs=0xbfff91a4 x19=0xbfff8fa0 => w5=0x570ed5f9
[07:17:16 984][libtiny.so 0x532fd8] [760642b9] 0x40532fd8: "ldr w22, [x19, #0x204]" ; mem[READ] abs=0xbfff91a4 x19=0xbfff8fa0 => w22=0x570ed5f9
[07:17:16 984][libtiny.so 0x532fdc] [78ea41b9] 0x40532fdc: "ldr w24, [x19, #0x1e8]" ; mem[READ] abs=0xbfff9188 x19=0xbfff8fa0 => w24=0x2453943a
[07:17:16 984][libtiny.so 0x532fe0] [790642b9] 0x40532fe0: "ldr w25, [x19, #0x204]" ; mem[READ] abs=0xbfff91a4 x19=0xbfff8fa0 => w25=0x570ed5f9
[07:17:16 984][libtiny.so 0x532fe4] [7aea41b9] 0x40532fe4: "ldr w26, [x19, #0x1e8]" ; mem[READ] abs=0xbfff9188 x19=0xbfff8fa0 => w26=0x2453943a
[07:17:16 984][libtiny.so 0x532fe8] [7b0642b9] 0x40532fe8: "ldr w27, [x19, #0x204]" ; mem[READ] abs=0xbfff91a4 x19=0xbfff8fa0 => w27=0x570ed5f9
[07:17:16 984][libtiny.so 0x532fec] [08010c0b] 0x40532fec: "add w8, w8, w12" w8=0x9bdc06a7 w12=0x26f664a3 => w8=0xc2d26b4a
[07:17:16 984][libtiny.so 0x532ff0] [2c03180a] 0x40532ff0: "and w12, w25, w24" w25=0x570ed5f9 w24=0x2453943a => w12=0x4029438
[07:17:16 984][libtiny.so 0x532ff4] [78ca41b9] 0x40532ff4: "ldr w24, [x19, #0x1c8]" ; mem[READ] abs=0xbfff9168 x19=0xbfff8fa0 => w24=0x14100c27
[07:17:16 984][libtiny.so 0x532ff8] [0a829252] 0x40532ff8: "movz w10, #0x9410" w10=0x6e02a000 => w10=0x9410
[07:17:16 984][libtiny.so 0x532ffc] [aa02a072] 0x40532ffc: "movk w10, #0x15, lsl #16" w10=0x9410 => w10=0x159410
[07:17:16 984][libtiny.so 0x533000] [ca010a0b] 0x40533000: "add w10, w14, w10" w14=0xfc99fddc w10=0x159410 => w10=0xfcaf91ec
[07:17:16 985][libtiny.so 0x533004] [6e031a2a] 0x40533004: "orr w14, w27, w26" w27=0x570ed5f9 w26=0x2453943a => w14=0x775fd5fb
[07:17:16 985][libtiny.so 0x533008] [0801090b] 0x40533008: "add w8, w8, w9" w8=0xc2d26b4a w9=0x222c226d => w8=0xe4fe8db7
[07:17:16 985][libtiny.so 0x53300c] [ce01180a] 0x4053300c: "and w14, w14, w24" w14=0x775fd5fb w24=0x14100c27 => w14=0x14100423
[07:17:16 985][libtiny.so 0x533010] [89088413] 0x40533010: "ror w9, w4, #2" w4=0x570ed5f9 => w9=0x55c3b57e
[07:17:16 985][libtiny.so 0x533014] [08010f0b] 0x40533014: "add w8, w8, w15" w8=0xe4fe8db7 w15=0x353ab3ec => w8=0x1a3941a3
[07:17:16 985][libtiny.so 0x533018] [cc010c2a] 0x40533018: "orr w12, w14, w12" w14=0x14100423 w12=0x4029438 => w12=0x1412943b
[07:17:16 985][libtiny.so 0x53301c] [6fa641b9] 0x4053301c: "ldr w15, [x19, #0x1a4]" ; mem[READ] abs=0xbfff9144 x19=0xbfff8fa0 => w15=0x92cf77bc
[07:17:16 985][libtiny.so 0x533020] [8ecb47f9] 0x40533020: "ldr x14, [x28, #0xf90]" ; mem[READ] abs=0x40755f90 x28=0x40755000 => x14=0x43a3a1a4
[07:17:16 985][libtiny.so 0x533024] [2935c54a] 0x40533024: "eor w9, w9, w5, ror #13" w9=0x55c3b57e w5=0x570ed5f9 => w9=0xfa090d08
[07:17:16 985][libtiny.so 0x533028] [2959d64a] 0x40533028: "eor w9, w9, w22, ror #22" w9=0xfa090d08 w22=0x570ed5f9 => w9=0xc15ee854
[07:17:16 985][libtiny.so 0x53302c] [0801030b] 0x4053302c: "add w8, w8, w3" w8=0x1a3941a3 w3=0x5c446e2d => w8=0x767dafd0
[07:17:16 985][libtiny.so 0x533030] [29010c0b] 0x40533030: "add w9, w9, w12" w9=0xc15ee854 w12=0x1412943b => w9=0xd5717c8f
[07:17:16 985][libtiny.so 0x533034] [0c010f0b] 0x40533034: "add w12, w8, w15" w8=0x767dafd0 w15=0x92cf77bc => w12=0x94d278c
[07:17:16 985][libtiny.so 0x533038] [2801080b] 0x40533038: "add w8, w9, w8" w9=0xd5717c8f w8=0x767dafd0 => w8=0x4bef2c5f
[07:17:16 985][libtiny.so 0x53303c] [c9c12a8b] 0x4053303c: "add x9, x14, w10, sxtw" x14=0x43a3a1a4 w10=0xfcaf91ec => x9=0x40533390
[07:17:16 985][libtiny.so 0x533040] [6c2602b9] 0x40533040: "str w12, [x19, #0x224]" ; mem[WRITE] abs=0xbfff91c4 w12=0x94d278c x19=0xbfff8fa0 => w12=0x94d278c
[07:17:16 985][libtiny.so 0x533044] [682a02b9] 0x40533044: "str w8, [x19, #0x228]" ; mem[WRITE] abs=0xbfff91c8 w8=0x4bef2c5f x19=0xbfff8fa0 => w8=0x4bef2c5f
[07:17:16 985][libtiny.so 0x533048] [20011fd6] 0x40533048: "br x9" x9=0x40533390
[07:17:16 985][libtiny.so 0x533390] [6e448092] 0x40533390: "movn x14, #0x223" x14=0x43a3a1a4 => x14=0xfffffffffffffddc
[07:17:16 985][libtiny.so 0x533394] [2e93bff2] 0x40533394: "movk x14, #0xfc99, lsl #16" x14=0xfffffffffffffddc => x14=0xfffffffffc99fddc
[07:17:16 985][libtiny.so 0x533398] [ee020e8b] 0x40533398: "add x14, x23, x14" x23=0x43b93a68 x14=0xfffffffffc99fddc => x14=0x40533844
[07:17:16 985][libtiny.so 0x53339c] [c0011fd6] 0x4053339c: "br x14" x14=0x40533844
[07:17:16 985][libtiny.so 0x533844] [682642b9] 0x40533844: "ldr w8, [x19, #0x224]" ; mem[READ] abs=0xbfff91c4 x19=0xbfff8fa0 => w8=0x94d278c
[07:17:16 985][libtiny.so 0x533848] [692642b9] 0x40533848: "ldr w9, [x19, #0x224]" ; mem[READ] abs=0xbfff91c4 x19=0xbfff8fa0 => w9=0x94d278c
[07:17:16 985][libtiny.so 0x53384c] [6a2642b9] 0x4053384c: "ldr w10, [x19, #0x224]" ; mem[READ] abs=0xbfff91c4 x19=0xbfff8fa0 => w10=0x94d278c
[07:17:16 985][libtiny.so 0x533850] [6ce641b9] 0x40533850: "ldr w12, [x19, #0x1e4]" ; mem[READ] abs=0xbfff9184 x19=0xbfff8fa0 => w12=0xb178816c
[07:17:16 985][libtiny.so 0x533854] [6e0242b9] 0x40533854: "ldr w14, [x19, #0x200]" ; mem[READ] abs=0xbfff91a0 x19=0xbfff8fa0 => w14=0x632dc979
[07:17:16 985][libtiny.so 0x533858] [6f2642b9] 0x40533858: "ldr w15, [x19, #0x224]" ; mem[READ] abs=0xbfff91c4 x19=0xbfff8fa0 => w15=0x94d278c
[07:17:16 985][libtiny.so 0x53385c] [63e641b9] 0x4053385c: "ldr w3, [x19, #0x1e4]" ; mem[READ] abs=0xbfff9184 x19=0xbfff8fa0 => w3=0xb178816c
[07:17:16 985][libtiny.so 0x533860] [64ba40f9] 0x40533860: "ldr x4, [x19, #0x170]" ; mem[READ] abs=0xbfff9110 x19=0xbfff8fa0 => x4=0x8
[07:17:16 985][libtiny.so 0x533864] [08198813] 0x40533864: "ror w8, w8, #6" w8=0x94d278c => w8=0x3025349e
[07:17:16 985][libtiny.so 0x533868] [082dc94a] 0x40533868: "eor w8, w8, w9, ror #11" w8=0x3025349e w9=0x94d278c => w8=0xc1a41d3a
[07:17:16 985][libtiny.so 0x53386c] [a9f147f9] 0x4053386c: "ldr x9, [x13, #0xfe0]" ; mem[READ] abs=0x40755fe0 x13=0x40755000 => x9=0xffffffffd20e6da0
[07:17:16 985][libtiny.so 0x533870] [cc010c4a] 0x40533870: "eor w12, w14, w12" w14=0x632dc979 w12=0xb178816c => w12=0xd2554815
[07:17:16 985][libtiny.so 0x533874] [ec010c0a] 0x40533874: "and w12, w15, w12" w15=0x94d278c w12=0xd2554815 => w12=0x450004
[07:17:16 985][libtiny.so 0x533878] [8ff47ed3] 0x40533878: "lsl x15, x4, #2" x15=0x94d278c x4=0x8 => x15=0x20
[07:17:16 985][libtiny.so 0x53387c] [6e821191] 0x4053387c: "add x14, x19, #0x460" x19=0xbfff8fa0 => x14=0xbfff9400
[07:17:16 985][libtiny.so 0x533880] [ef097eb2] 0x40533880: "orr x15, x15, #0x1c" x15=0x20 => x15=0x3c
[07:17:16 985][libtiny.so 0x533884] [29010f8b] 0x40533884: "add x9, x9, x15" x9=0xffffffffd20e6da0 x15=0x3c => x9=0xffffffffd20e6ddc
[07:17:16 985][libtiny.so 0x533888] [ce696fb8] 0x40533888: "ldr w14, [x14, x15]" ; mem[READ] abs=0xbfff943c x14=0xbfff9400 x15=0x3c => w14=0x61676963
[07:17:16 985][libtiny.so 0x53388c] [0f009452] 0x4053388c: "movz w15, #0xa000" w15=0x3c => w15=0xa000
[07:17:16 985][libtiny.so 0x533890] [4fc0ad72] 0x40533890: "movk w15, #0x6e02, lsl #16" w15=0xa000 => w15=0x6e02a000
[07:17:16 985][libtiny.so 0x533894] [29696fb8] 0x40533894: "ldr w9, [x9, x15]" ; mem[READ] abs=0x40110ddc x9=0xffffffffd20e6ddc x15=0x6e02a000 => w9=0xc19bf174
[07:17:16 985][libtiny.so 0x533898] [6fc641b9] 0x40533898: "ldr w15, [x19, #0x1c4]" ; mem[READ] abs=0xbfff9164 x19=0xbfff8fa0 => w15=0x363efadd
[07:17:16 985][libtiny.so 0x53389c] [0865ca4a] 0x4053389c: "eor w8, w8, w10, ror #25" w8=0xc1a41d3a w10=0x94d278c => w8=0x6737db3e
[07:17:16 985][libtiny.so 0x5338a0] [8a01034a] 0x405338a0: "eor w10, w12, w3" w12=0x450004 w3=0xb178816c => w10=0xb13d8168
[07:17:16 985][libtiny.so 0x5338a4] [8c3f8052] 0x405338a4: "movz w12, #0x1fc" w12=0x450004 => w12=0x1fc
[07:17:16 985][libtiny.so 0x5338a8] [29010f0b] 0x405338a8: "add w9, w9, w15" w9=0xc19bf174 w15=0x363efadd => w9=0xf7daec51
[07:17:16 985][libtiny.so 0x5338ac] [29010e0b] 0x405338ac: "add w9, w9, w14" w9=0xf7daec51 w14=0x61676963 => w9=0x594255b4
[07:17:16 985][libtiny.so 0x5338b0] [29010a0b] 0x405338b0: "add w9, w9, w10" w9=0x594255b4 w10=0xb13d8168 => w9=0xa7fd71c
[07:17:16 985][libtiny.so 0x5338b4] [2801080b] 0x405338b4: "add w8, w9, w8" w9=0xa7fd71c w8=0x6737db3e => w8=0x71b7b25a
[07:17:16 986][libtiny.so 0x5338b8] [682e02b9] 0x405338b8: "str w8, [x19, #0x22c]" ; mem[WRITE] abs=0xbfff91cc w8=0x71b7b25a x19=0xbfff8fa0 => w8=0x71b7b25a
[07:17:16 986][libtiny.so 0x5338bc] [0f000090] 0x405338bc: "adrp x15, #0x40533000" => x15=0x40533000
[07:17:16 986][libtiny.so 0x5338c0] [682a42b9] 0x405338c0: "ldr w8, [x19, #0x228]" ; mem[READ] abs=0xbfff91c8 x19=0xbfff8fa0 => w8=0x4bef2c5f
[07:17:16 986][libtiny.so 0x5338c4] [8cdda072] 0x405338c4: "movk w12, #0x6ec, lsl #16" w12=0x1fc => w12=0x6ec01fc
[07:17:16 986][libtiny.so 0x5338c8] [efd12891] 0x405338c8: "add x15, x15, #0xa34" x15=0x40533000 => x15=0x40533a34
[07:17:16 986][libtiny.so 0x5338cc] [692a42b9] 0x405338cc: "ldr w9, [x19, #0x228]" ; mem[READ] abs=0xbfff91c8 x19=0xbfff8fa0 => w9=0x4bef2c5f
[07:17:16 986][libtiny.so 0x5338d0] [0ad647f9] 0x405338d0: "ldr x10, [x16, #0xfa8]" ; mem[READ] abs=0x40755fa8 x16=0x40755000 => x10=0x443245d0
[07:17:16 986][libtiny.so 0x5338d4] [0e129f52] 0x405338d4: "movz w14, #0xf890" w14=0x61676963 => w14=0xf890
[07:17:16 986][libtiny.so 0x5338d8] [f7010c8b] 0x405338d8: "add x23, x15, x12" x15=0x40533a34 x12=0x6ec01fc => x23=0x473f3c30
[07:17:16 986][libtiny.so 0x5338dc] [8e61a072] 0x405338dc: "movk w14, #0x30c, lsl #16" w14=0xf890 => w14=0x30cf890
[07:17:16 986][libtiny.so 0x5338e0] [ec01174b] 0x405338e0: "sub w12, w15, w23" w15=0x40533a34 w23=0x473f3c30 => w12=0xf913fe04
[07:17:16 986][libtiny.so 0x5338e4] [8c010e0b] 0x405338e4: "add w12, w12, w14" w12=0xf913fe04 w14=0x30cf890 => w12=0xfc20f694
[07:17:16 986][libtiny.so 0x5338e8] [08098813] 0x405338e8: "ror w8, w8, #2" w8=0x4bef2c5f => w8=0xd2fbcb17
[07:17:16 986][libtiny.so 0x5338ec] [0835c94a] 0x405338ec: "eor w8, w8, w9, ror #13" w8=0xd2fbcb17 w9=0x4bef2c5f => w8=0xb001946e
[07:17:16 986][libtiny.so 0x5338f0] [49c12c8b] 0x405338f0: "add x9, x10, w12, sxtw" x10=0x443245d0 w12=0xfc20f694 => x9=0x40533c64
[07:17:16 986][libtiny.so 0x5338f4] [683202b9] 0x405338f4: "str w8, [x19, #0x230]" ; mem[WRITE] abs=0xbfff91d0 w8=0xb001946e x19=0xbfff8fa0 => w8=0xb001946e
[07:17:16 986][libtiny.so 0x5338f8] [20011fd6] 0x405338f8: "br x9" x9=0x40533c64
[07:17:16 986][libtiny.so 0x533c64] [eed047f9] 0x40533c64: "ldr x14, [x7, #0xfa0]" ; mem[READ] abs=0x40755fa0 x7=0x40755000 => x14=0x444accb4
[07:17:16 986][libtiny.so 0x533c68] [e4729292] 0x40533c68: "movn x4, #0x9397" x4=0x8 => x4=0xffffffffffff6c68
[07:17:16 986][libtiny.so 0x533c6c] [6fff9392] 0x40533c6c: "movn x15, #0x9ffb" x15=0x40533a34 => x15=0xffffffffffff6004
[07:17:16 986][libtiny.so 0x533c70] [0481bff2] 0x40533c70: "movk x4, #0xfc08, lsl #16" x4=0xffffffffffff6c68 => x4=0xfffffffffc086c68
[07:17:16 986][libtiny.so 0x533c74] [2f94bff2] 0x40533c74: "movk x15, #0xfca1, lsl #16" x15=0xffffffffffff6004 => x15=0xfffffffffca16004
[07:17:16 986][libtiny.so 0x533c78] [ce01048b] 0x40533c78: "add x14, x14, x4" x14=0x444accb4 x4=0xfffffffffc086c68 => x14=0x4053391c
[07:17:16 986][libtiny.so 0x533c7c] [f7020f8b] 0x40533c7c: "add x23, x23, x15" x23=0x473f3c30 x15=0xfffffffffca16004 => x23=0x43e09c34
[07:17:16 986][libtiny.so 0x533c80] [c0011fd6] 0x40533c80: "br x14" x14=0x4053391c
[07:17:16 986][libtiny.so 0x53391c] [ee3f8c92] 0x4053391c: "movn x14, #0x61ff" x14=0x4053391c => x14=0xffffffffffff9e00
[07:17:16 986][libtiny.so 0x533920] [4e8ebff2] 0x40533920: "movk x14, #0xfc72, lsl #16" x14=0xffffffffffff9e00 => x14=0xfffffffffc729e00
[07:17:16 986][libtiny.so 0x533924] [ee020e8b] 0x40533924: "add x14, x23, x14" x23=0x43e09c34 x14=0xfffffffffc729e00 => x14=0x40533a34
[07:17:16 986][libtiny.so 0x533928] [c0011fd6] 0x40533928: "br x14" x14=0x40533a34
[07:17:16 986][libtiny.so 0x533a34] [682a42b9] 0x40533a34: "ldr w8, [x19, #0x228]" ; mem[READ] abs=0xbfff91c8 x19=0xbfff8fa0 => w8=0x4bef2c5f
[07:17:16 986][libtiny.so 0x533a38] [693242b9] 0x40533a38: "ldr w9, [x19, #0x230]" ; mem[READ] abs=0xbfff91d0 x19=0xbfff8fa0 => w9=0xb001946e
[07:17:16 986][libtiny.so 0x533a3c] [6a0642b9] 0x40533a3c: "ldr w10, [x19, #0x204]" ; mem[READ] abs=0xbfff91a4 x19=0xbfff8fa0 => w10=0x570ed5f9
[07:17:16 986][libtiny.so 0x533a40] [6c2a42b9] 0x40533a40: "ldr w12, [x19, #0x228]" ; mem[READ] abs=0xbfff91c8 x19=0xbfff8fa0 => w12=0x4bef2c5f
[07:17:16 986][libtiny.so 0x533a44] [6e0642b9] 0x40533a44: "ldr w14, [x19, #0x204]" ; mem[READ] abs=0xbfff91a4 x19=0xbfff8fa0 => w14=0x570ed5f9
[07:17:16 986][libtiny.so 0x533a48] [6f2a42b9] 0x40533a48: "ldr w15, [x19, #0x228]" ; mem[READ] abs=0xbfff91c8 x19=0xbfff8fa0 => w15=0x4bef2c5f
[07:17:16 986][libtiny.so 0x533a4c] [63ea41b9] 0x40533a4c: "ldr w3, [x19, #0x1e8]" ; mem[READ] abs=0xbfff9188 x19=0xbfff8fa0 => w3=0x2453943a
[07:17:16 986][libtiny.so 0x533a50] [64ca41b9] 0x40533a50: "ldr w4, [x19, #0x1c8]" ; mem[READ] abs=0xbfff9168 x19=0xbfff8fa0 => w4=0x14100c27
[07:17:16 986][libtiny.so 0x533a54] [652e42b9] 0x40533a54: "ldr w5, [x19, #0x22c]" ; mem[READ] abs=0xbfff91cc x19=0xbfff8fa0 => w5=0x71b7b25a
[07:17:16 986][libtiny.so 0x533a58] [2859c84a] 0x40533a58: "eor w8, w9, w8, ror #22" w9=0xb001946e w8=0x4bef2c5f => w8=0xcb0e941
[07:17:16 986][libtiny.so 0x533a5c] [89010a0a] 0x40533a5c: "and w9, w12, w10" w12=0x4bef2c5f w10=0x570ed5f9 => w9=0x430e0459
[07:17:16 986][libtiny.so 0x533a60] [ea010e2a] 0x40533a60: "orr w10, w15, w14" w15=0x4bef2c5f w14=0x570ed5f9 => w10=0x5feffdff
[07:17:16 986][libtiny.so 0x533a64] [ac00040b] 0x40533a64: "add w12, w5, w4" w5=0x71b7b25a w4=0x14100c27 => w12=0x85c7be81
[07:17:16 986][libtiny.so 0x533a68] [6c3602b9] 0x40533a68: "str w12, [x19, #0x234]" ; mem[WRITE] abs=0xbfff91d4 w12=0x85c7be81 x19=0xbfff8fa0 => w12=0x85c7be81
[07:17:16 986][libtiny.so 0x533a6c] [6c2e42b9] 0x40533a6c: "ldr w12, [x19, #0x22c]" ; mem[READ] abs=0xbfff91cc x19=0xbfff8fa0 => w12=0x71b7b25a
[07:17:16 986][libtiny.so 0x533a70] [4a01030a] 0x40533a70: "and w10, w10, w3" w10=0x5feffdff w3=0x2453943a => w10=0x443943a
[07:17:16 986][libtiny.so 0x533a74] [4901092a] 0x40533a74: "orr w9, w10, w9" w10=0x443943a w9=0x430e0459 => w9=0x474f947b
[07:17:16 986][libtiny.so 0x533a78] [0801090b] 0x40533a78: "add w8, w8, w9" w8=0xcb0e941 w9=0x474f947b => w8=0x54007dbc
[07:17:16 986][libtiny.so 0x533a7c] [08010c0b] 0x40533a7c: "add w8, w8, w12" w8=0x54007dbc w12=0x71b7b25a => w8=0xc5b83016
[07:17:16 986][libtiny.so 0x533a80] [683a02b9] 0x40533a80: "str w8, [x19, #0x238]" ; mem[WRITE] abs=0xbfff91d8 w8=0xc5b83016 x19=0xbfff8fa0 => w8=0xc5b83016
[07:17:16 986][libtiny.so 0x533a84] [684e40f9] 0x40533a84: "ldr x8, [x19, #0x98]" ; mem[READ] abs=0xbfff9038 x19=0xbfff8fa0 => x8=0xbfff8f80
[07:17:16 986][libtiny.so 0x533a88] [09018052] 0x40533a88: "movz w9, #0x8" w9=0x474f947b => w9=0x8
[07:17:16 986][libtiny.so 0x533a8c] [0af69952] 0x40533a8c: "movz w10, #0xcfb0" w10=0x443943a => w10=0xcfb0
[07:17:16 987][libtiny.so 0x533a90] [0c0000b0] 0x40533a90: "adrp x12, #0x40534000" => x12=0x40534000
[07:17:16 987][libtiny.so 0x533a94] [1f010039] 0x40533a94: "strb wzr, [x8]" ; mem[WRITE] abs=0xbfff8f80 x8=0xbfff8f80
[07:17:16 987][libtiny.so 0x533a98] [685240f9] 0x40533a98: "ldr x8, [x19, #0xa0]" ; mem[READ] abs=0xbfff9040 x19=0xbfff8fa0 => x8=0xbfff8f70
[07:17:16 987][libtiny.so 0x533a9c] [8aeaa072] 0x40533a9c: "movk w10, #0x754, lsl #16" w10=0xcfb0 => w10=0x754cfb0
[07:17:16 987][libtiny.so 0x533aa0] [8c911e91] 0x40533aa0: "add x12, x12, #0x7a4" x12=0x40534000 => x12=0x405347a4
[07:17:16 987][libtiny.so 0x533aa4] [97010a8b] 0x40533aa4: "add x23, x12, x10" x12=0x405347a4 x10=0x754cfb0 => x23=0x47a81754
[07:17:16 987][libtiny.so 0x533aa8] [090100f9] 0x40533aa8: "str x9, [x8]" ; mem[WRITE] abs=0xbfff8f70 x9=0x8 x8=0xbfff8f70 => x9=0x8
[07:17:16 987][libtiny.so 0x533aac] [685640f9] 0x40533aac: "ldr x8, [x19, #0xa8]" ; mem[READ] abs=0xbfff9048 x19=0xbfff8fa0 => x8=0xbfff8f60
[07:17:16 987][libtiny.so 0x533ab0] [69ea41b9] 0x40533ab0: "ldr w9, [x19, #0x1e8]" ; mem[READ] abs=0xbfff9188 x19=0xbfff8fa0 => w9=0x2453943a
[07:17:16 987][libtiny.so 0x533ab4] [8aed8a52] 0x40533ab4: "movz w10, #0x576c" w10=0x754cfb0 => w10=0x576c
[07:17:16 987][libtiny.so 0x533ab8] [8a75a072] 0x40533ab8: "movk w10, #0x3ac, lsl #16" w10=0x576c => w10=0x3ac576c
[07:17:16 987][libtiny.so 0x533abc] [090100b9] 0x40533abc: "str w9, [x8]" ; mem[WRITE] abs=0xbfff8f60 w9=0x2453943a x8=0xbfff8f60 => w9=0x2453943a
[07:17:16 987][libtiny.so 0x533ac0] [685a40f9] 0x40533ac0: "ldr x8, [x19, #0xb0]" ; mem[READ] abs=0xbfff9050 x19=0xbfff8fa0 => x8=0xbfff8f50
[07:17:16 987][libtiny.so 0x533ac4] [690642b9] 0x40533ac4: "ldr w9, [x19, #0x204]" ; mem[READ] abs=0xbfff91a4 x19=0xbfff8fa0 => w9=0x570ed5f9
[07:17:16 987][libtiny.so 0x533ac8] [090100b9] 0x40533ac8: "str w9, [x8]" ; mem[WRITE] abs=0xbfff8f50 w9=0x570ed5f9 x8=0xbfff8f50 => w9=0x570ed5f9
[07:17:16 987][libtiny.so 0x533acc] [081100d0] 0x40533acc: "adrp x8, #0x40755000" => x8=0x40755000
[07:17:16 987][libtiny.so 0x533ad0] [08ed47f9] 0x40533ad0: "ldr x8, [x8, #0xfd8]" ; mem[READ] abs=0x40755fd8 x8=0x40755000 => x8=0x43fbbdb4
[07:17:16 987][libtiny.so 0x533ad4] [8901174b] 0x40533ad4: "sub w9, w12, w23" w12=0x405347a4 w23=0x47a81754 => w9=0xf8ab3050
[07:17:16 987][libtiny.so 0x533ad8] [29010a0b] 0x40533ad8: "add w9, w9, w10" w9=0xf8ab3050 w10=0x3ac576c => w9=0xfc5787bc
[07:17:16 987][libtiny.so 0x533adc] [08c1298b] 0x40533adc: "add x8, x8, w9, sxtw" x8=0x43fbbdb4 w9=0xfc5787bc => x8=0x40534570
[07:17:16 987][libtiny.so 0x533ae0] [00011fd6] 0x40533ae0: "br x8" x8=0x40534570
[07:17:16 987][libtiny.so 0x534570] [0e1100b0] 0x40534570: "adrp x14, #0x40755000" => x14=0x40755000
[07:17:16 987][libtiny.so 0x534574] [cee947f9] 0x40534574: "ldr x14, [x14, #0xfd0]" ; mem[READ] abs=0x40755fd0 x14=0x40755000 => x14=0x4389d014
[07:17:16 987][libtiny.so 0x534578] [64c29192] 0x40534578: "movn x4, #0x8e13" x4=0x14100c27 => x4=0xffffffffffff71ec
[07:17:16 987][libtiny.so 0x53457c] [ef7a9a92] 0x4053457c: "movn x15, #0xd3d7" x15=0x4bef2c5f => x15=0xffffffffffff2c28
[07:17:16 987][libtiny.so 0x534580] [2499bff2] 0x40534580: "movk x4, #0xfcc9, lsl #16" x4=0xffffffffffff71ec => x4=0xfffffffffcc971ec
[07:17:16 987][libtiny.so 0x534584] [0f8fbff2] 0x40534584: "movk x15, #0xfc78, lsl #16" x15=0xffffffffffff2c28 => x15=0xfffffffffc782c28
[07:17:16 987][libtiny.so 0x534588] [ce01048b] 0x40534588: "add x14, x14, x4" x14=0x4389d014 x4=0xfffffffffcc971ec => x14=0x40534200
[07:17:16 987][libtiny.so 0x53458c] [f7020f8b] 0x4053458c: "add x23, x23, x15" x23=0x47a81754 x15=0xfffffffffc782c28 => x23=0x4420437c
[07:17:16 987][libtiny.so 0x534590] [c0011fd6] 0x40534590: "br x14" x14=0x40534200
[07:17:16 987][libtiny.so 0x534200] [ee7a9f92] 0x40534200: "movn x14, #0xfbd7" x14=0x40534200 => x14=0xffffffffffff0428
[07:17:16 987][libtiny.so 0x534204] [6e86bff2] 0x40534204: "movk x14, #0xfc33, lsl #16" x14=0xffffffffffff0428 => x14=0xfffffffffc330428
[07:17:16 987][libtiny.so 0x534208] [ee020e8b] 0x40534208: "add x14, x23, x14" x23=0x4420437c x14=0xfffffffffc330428 => x14=0x405347a4
[07:17:16 987][libtiny.so 0x53420c] [c0011fd6] 0x4053420c: "br x14" x14=0x405347a4
[07:17:16 987][libtiny.so 0x5347a4] [685e40f9] 0x405347a4: "ldr x8, [x19, #0xb8]" ; mem[READ] abs=0xbfff9058 x19=0xbfff8fa0 => x8=0xbfff8f40
[07:17:16 987][libtiny.so 0x5347a8] [692a42b9] 0x405347a8: "ldr w9, [x19, #0x228]" ; mem[READ] abs=0xbfff91c8 x19=0xbfff8fa0 => w9=0x4bef2c5f
[07:17:16 987][libtiny.so 0x5347ac] [0ab39452] 0x405347ac: "movz w10, #0xa598" w10=0x3ac576c => w10=0xa598
[07:17:16 987][libtiny.so 0x5347b0] [0caa8b52] 0x405347b0: "movz w12, #0x5d50" w12=0x405347a4 => w12=0x5d50
[07:17:16 988][libtiny.so 0x5347b4] [eefffff0] 0x405347b4: "adrp x14, #0x40533000" => x14=0x40533000
[07:17:16 988][libtiny.so 0x5347b8] [090100b9] 0x405347b8: "str w9, [x8]" ; mem[WRITE] abs=0xbfff8f40 w9=0x4bef2c5f x8=0xbfff8f40 => w9=0x4bef2c5f
[07:17:16 988][libtiny.so 0x5347bc] [686240f9] 0x405347bc: "ldr x8, [x19, #0xc0]" ; mem[READ] abs=0xbfff9060 x19=0xbfff8fa0 => x8=0xbfff8f30
[07:17:16 988][libtiny.so 0x5347c0] [693a42b9] 0x405347c0: "ldr w9, [x19, #0x238]" ; mem[READ] abs=0xbfff91d8 x19=0xbfff8fa0 => w9=0xc5b83016
[07:17:16 988][libtiny.so 0x5347c4] [e3ffffd0] 0x405347c4: "adrp x3, #0x40532000" => x3=0x40532000
[07:17:16 988][libtiny.so 0x5347c8] [6a75a072] 0x405347c8: "movk w10, #0x3ab, lsl #16" w10=0xa598 => w10=0x3aba598
[07:17:16 988][libtiny.so 0x5347cc] [8ce7a072] 0x405347cc: "movk w12, #0x73c, lsl #16" w12=0x5d50 => w12=0x73c5d50
[07:17:16 988][libtiny.so 0x5347d0] [090100b9] 0x405347d0: "str w9, [x8]" ; mem[WRITE] abs=0xbfff8f30 w9=0xc5b83016 x8=0xbfff8f30 => w9=0xc5b83016
[07:17:16 988][libtiny.so 0x5347d4] [686640f9] 0x405347d4: "ldr x8, [x19, #0xc8]" ; mem[READ] abs=0xbfff9068 x19=0xbfff8fa0 => x8=0xbfff8f20
[07:17:16 988][libtiny.so 0x5347d8] [692642b9] 0x405347d8: "ldr w9, [x19, #0x224]" ; mem[READ] abs=0xbfff91c4 x19=0xbfff8fa0 => w9=0x94d278c
[07:17:16 988][libtiny.so 0x5347dc] [ced13c91] 0x405347dc: "add x14, x14, #0xf34" x14=0x40533000 => x14=0x40533f34
[07:17:16 988][libtiny.so 0x5347e0] [63d02191] 0x405347e0: "add x3, x3, #0x874" x3=0x40532000 => x3=0x40532874
[07:17:16 988][libtiny.so 0x5347e4] [6a000a8b] 0x405347e4: "add x10, x3, x10" x3=0x40532874 x10=0x3aba598 => x10=0x43fece0c
[07:17:16 988][libtiny.so 0x5347e8] [090100b9] 0x405347e8: "str w9, [x8]" ; mem[WRITE] abs=0xbfff8f20 w9=0x94d278c x8=0xbfff8f20 => w9=0x94d278c
[07:17:16 988][libtiny.so 0x5347ec] [686a40f9] 0x405347ec: "ldr x8, [x19, #0xd0]" ; mem[READ] abs=0xbfff9070 x19=0xbfff8fa0 => x8=0xbfff8f10
[07:17:16 988][libtiny.so 0x5347f0] [690242b9] 0x405347f0: "ldr w9, [x19, #0x200]" ; mem[READ] abs=0xbfff91a0 x19=0xbfff8fa0 => w9=0x632dc979
[07:17:16 988][libtiny.so 0x5347f4] [cc010c8b] 0x405347f4: "add x12, x14, x12" x14=0x40533f34 x12=0x73c5d50 => x12=0x478f9c84
[07:17:16 988][libtiny.so 0x5347f8] [090100b9] 0x405347f8: "str w9, [x8]" ; mem[WRITE] abs=0xbfff8f10 w9=0x632dc979 x8=0xbfff8f10 => w9=0x632dc979
[07:17:16 988][libtiny.so 0x5347fc] [686e40f9] 0x405347fc: "ldr x8, [x19, #0xd8]" ; mem[READ] abs=0xbfff9078 x19=0xbfff8fa0 => x8=0xbfff8f00
[07:17:16 988][libtiny.so 0x534800] [693642b9] 0x40534800: "ldr w9, [x19, #0x234]" ; mem[READ] abs=0xbfff91d4 x19=0xbfff8fa0 => w9=0x85c7be81
[07:17:16 988][libtiny.so 0x534804] [090100b9] 0x40534804: "str w9, [x8]" ; mem[WRITE] abs=0xbfff8f00 w9=0x85c7be81 x8=0xbfff8f00 => w9=0x85c7be81
[07:17:16 988][libtiny.so 0x534808] [687240f9] 0x40534808: "ldr x8, [x19, #0xe0]" ; mem[READ] abs=0xbfff9080 x19=0xbfff8fa0 => x8=0xbfff8ef0
[07:17:16 988][libtiny.so 0x53480c] [69e641b9] 0x4053480c: "ldr w9, [x19, #0x1e4]" ; mem[READ] abs=0xbfff9184 x19=0xbfff8fa0 => w9=0xb178816c
[07:17:16 988][libtiny.so 0x534810] [090100b9] 0x40534810: "str w9, [x8]" ; mem[WRITE] abs=0xbfff8ef0 w9=0xb178816c x8=0xbfff8ef0 => w9=0xb178816c
[07:17:16 988][libtiny.so 0x534814] [687640f9] 0x40534814: "ldr x8, [x19, #0xe8]" ; mem[READ] abs=0xbfff9088 x19=0xbfff8fa0 => x8=0xbfff8ee0
[07:17:16 988][libtiny.so 0x534818] [09028052] 0x40534818: "movz w9, #0x10" w9=0xb178816c => w9=0x10
[07:17:16 988][libtiny.so 0x53481c] [090100f9] 0x4053481c: "str x9, [x8]" ; mem[WRITE] abs=0xbfff8ee0 x9=0x10 x8=0xbfff8ee0 => x9=0x10
[07:17:16 988][libtiny.so 0x534820] [687a40f9] 0x40534820: "ldr x8, [x19, #0xf0]" ; mem[READ] abs=0xbfff9090 x19=0xbfff8fa0 => x8=0xbfff8ed0
[07:17:16 988][libtiny.so 0x534824] [69ea41b9] 0x40534824: "ldr w9, [x19, #0x1e8]" ; mem[READ] abs=0xbfff9188 x19=0xbfff8fa0 => w9=0x2453943a
[07:17:16 988][libtiny.so 0x534828] [090100b9] 0x40534828: "str w9, [x8]" ; mem[WRITE] abs=0xbfff8ed0 w9=0x2453943a x8=0xbfff8ed0 => w9=0x2453943a
[07:17:16 988][libtiny.so 0x53482c] [687e40f9] 0x4053482c: "ldr x8, [x19, #0xf8]" ; mem[READ] abs=0xbfff9098 x19=0xbfff8fa0 => x8=0xbfff8ec0
[07:17:16 988][libtiny.so 0x534830] [690642b9] 0x40534830: "ldr w9, [x19, #0x204]" ; mem[READ] abs=0xbfff91a4 x19=0xbfff8fa0 => w9=0x570ed5f9
[07:17:16 988][libtiny.so 0x534834] [090100b9] 0x40534834: "str w9, [x8]" ; mem[WRITE] abs=0xbfff8ec0 w9=0x570ed5f9 x8=0xbfff8ec0 => w9=0x570ed5f9
[07:17:16 988][libtiny.so 0x534838] [688240f9] 0x40534838: "ldr x8, [x19, #0x100]" ; mem[READ] abs=0xbfff90a0 x19=0xbfff8fa0 => x8=0xbfff8eb0
[07:17:16 988][libtiny.so 0x53483c] [692a42b9] 0x4053483c: "ldr w9, [x19, #0x228]" ; mem[READ] abs=0xbfff91c8 x19=0xbfff8fa0 => w9=0x4bef2c5f
[07:17:16 988][libtiny.so 0x534840] [090100b9] 0x40534840: "str w9, [x8]" ; mem[WRITE] abs=0xbfff8eb0 w9=0x4bef2c5f x8=0xbfff8eb0 => w9=0x4bef2c5f
[07:17:16 988][libtiny.so 0x534844] [688640f9] 0x40534844: "ldr x8, [x19, #0x108]" ; mem[READ] abs=0xbfff90a8 x19=0xbfff8fa0 => x8=0xbfff8ea0
[07:17:16 988][libtiny.so 0x534848] [693a42b9] 0x40534848: "ldr w9, [x19, #0x238]" ; mem[READ] abs=0xbfff91d8 x19=0xbfff8fa0 => w9=0xc5b83016
[07:17:16 988][libtiny.so 0x53484c] [090100b9] 0x4053484c: "str w9, [x8]" ; mem[WRITE] abs=0xbfff8ea0 w9=0xc5b83016 x8=0xbfff8ea0 => w9=0xc5b83016
[07:17:16 988][libtiny.so 0x534850] [688a40f9] 0x40534850: "ldr x8, [x19, #0x110]" ; mem[READ] abs=0xbfff90b0 x19=0xbfff8fa0 => x8=0xbfff8e90
[07:17:16 988][libtiny.so 0x534854] [692642b9] 0x40534854: "ldr w9, [x19, #0x224]" ; mem[READ] abs=0xbfff91c4 x19=0xbfff8fa0 => w9=0x94d278c
[07:17:16 989][libtiny.so 0x534858] [090100b9] 0x40534858: "str w9, [x8]" ; mem[WRITE] abs=0xbfff8e90 w9=0x94d278c x8=0xbfff8e90 => w9=0x94d278c
[07:17:16 989][libtiny.so 0x53485c] [688e40f9] 0x4053485c: "ldr x8, [x19, #0x118]" ; mem[READ] abs=0xbfff90b8 x19=0xbfff8fa0 => x8=0xbfff8e80
[07:17:16 989][libtiny.so 0x534860] [690242b9] 0x40534860: "ldr w9, [x19, #0x200]" ; mem[READ] abs=0xbfff91a0 x19=0xbfff8fa0 => w9=0x632dc979
[07:17:16 989][libtiny.so 0x534864] [090100b9] 0x40534864: "str w9, [x8]" ; mem[WRITE] abs=0xbfff8e80 w9=0x632dc979 x8=0xbfff8e80 => w9=0x632dc979
[07:17:16 989][libtiny.so 0x534868] [689240f9] 0x40534868: "ldr x8, [x19, #0x120]" ; mem[READ] abs=0xbfff90c0 x19=0xbfff8fa0 => x8=0xbfff8e70
[07:17:16 989][libtiny.so 0x53486c] [693642b9] 0x4053486c: "ldr w9, [x19, #0x234]" ; mem[READ] abs=0xbfff91d4 x19=0xbfff8fa0 => w9=0x85c7be81
[07:17:16 989][libtiny.so 0x534870] [090100b9] 0x40534870: "str w9, [x8]" ; mem[WRITE] abs=0xbfff8e70 w9=0x85c7be81 x8=0xbfff8e70 => w9=0x85c7be81
[07:17:16 989][libtiny.so 0x534874] [689640f9] 0x40534874: "ldr x8, [x19, #0x128]" ; mem[READ] abs=0xbfff90c8 x19=0xbfff8fa0 => x8=0xbfff8e60
[07:17:16 989][libtiny.so 0x534878] [69e641b9] 0x40534878: "ldr w9, [x19, #0x1e4]" ; mem[READ] abs=0xbfff9184 x19=0xbfff8fa0 => w9=0xb178816c
[07:17:16 989][libtiny.so 0x53487c] [090100b9] 0x4053487c: "str w9, [x8]" ; mem[WRITE] abs=0xbfff8e60 w9=0xb178816c x8=0xbfff8e60 => w9=0xb178816c
[07:17:16 989][libtiny.so 0x534880] [68fe4539] 0x40534880: "ldrb w8, [x19, #0x17f]" ; mem[READ] abs=0xbfff911f x19=0xbfff8fa0 => w8=0x0
[07:17:16 989][libtiny.so 0x534884] [6ffe4539] 0x40534884: "ldrb w15, [x19, #0x17f]" ; mem[READ] abs=0xbfff911f x19=0xbfff8fa0 => w15=0x0
[07:17:16 989][libtiny.so 0x534888] [090b8052] 0x40534888: "movz w9, #0x58" w9=0xb178816c => w9=0x58
[07:17:16 989][libtiny.so 0x53488c] [1f010071] 0x4053488c: "cmp w8, #0" => nzcv=0x60000000 w8=0x0
[07:17:16 989][libtiny.so 0x534890] [68fe4539] 0x40534890: "ldrb w8, [x19, #0x17f]" ; mem[READ] abs=0xbfff911f x19=0xbfff8fa0 => w8=0x0
[07:17:16 989][libtiny.so 0x534894] [97118a9a] 0x40534894: "csel x23, x12, x10, ne" nzcv=0x18060000000 x12=0x478f9c84 x10=0x43fece0c => x23=0x43fece0c
[07:17:16 989][libtiny.so 0x534898] [0c1100b0] 0x40534898: "adrp x12, #0x40755000" => x12=0x40755000
[07:17:16 989][libtiny.so 0x53489c] [8a979c52] 0x4053489c: "movz w10, #0xe4bc" w10=0x43fece0c => w10=0xe4bc
[07:17:16 989][libtiny.so 0x5348a0] [1f010071] 0x405348a0: "cmp w8, #0" => nzcv=0x60000000 w8=0x0
[07:17:16 989][libtiny.so 0x5348a4] [88bd8652] 0x405348a4: "movz w8, #0x35ec" w8=0x0 => w8=0x35ec
[07:17:16 989][libtiny.so 0x5348a8] [29119f9a] 0x405348a8: "csel x9, x9, xzr, ne" nzcv=0x18060000000 x9=0x58 => x9=0x0
[07:17:16 989][libtiny.so 0x5348ac] [8c813d91] 0x405348ac: "add x12, x12, #0xf60" x12=0x40755000 => x12=0x40755f60
[07:17:16 989][libtiny.so 0x5348b0] [8afbbf72] 0x405348b0: "movk w10, #0xffdc, lsl #16" w10=0xe4bc => w10=0xffdce4bc
[07:17:16 989][libtiny.so 0x5348b4] [c86ba072] 0x405348b4: "movk w8, #0x35e, lsl #16" w8=0x35ec => w8=0x35e35ec
[07:17:16 989][libtiny.so 0x5348b8] [896969f8] 0x405348b8: "ldr x9, [x12, x9]" ; mem[READ] abs=0x40755f60 x12=0x40755f60 x9=0x0 => x9=0x4421e634
[07:17:16 989][libtiny.so 0x5348bc] [6a000a0b] 0x405348bc: "add w10, w3, w10" w3=0x40532874 w10=0xffdce4bc => w10=0x40300d30
[07:17:16 989][libtiny.so 0x5348c0] [c801080b] 0x405348c0: "add w8, w14, w8" w14=0x40533f34 w8=0x35e35ec => w8=0x43b17520
[07:17:16 989][libtiny.so 0x5348c4] [ff010071] 0x405348c4: "cmp w15, #0" => nzcv=0x60000000 w15=0x0
[07:17:16 989][libtiny.so 0x5348c8] [08118a1a] 0x405348c8: "csel w8, w8, w10, ne" nzcv=0x18060000000 w8=0x43b17520 w10=0x40300d30 => w8=0x40300d30
[07:17:16 989][libtiny.so 0x5348cc] [0801174b] 0x405348cc: "sub w8, w8, w23" w8=0x40300d30 w23=0x43fece0c => w8=0xfc313f24
[07:17:16 989][libtiny.so 0x5348d0] [28c1288b] 0x405348d0: "add x8, x9, w8, sxtw" x9=0x4421e634 w8=0xfc313f24 => x8=0x40532558
[07:17:16 989][libtiny.so 0x5348d4] [00011fd6] 0x405348d4: "br x8" x8=0x40532558
[07:17:16 989][libtiny.so 0x532558] [eeb29492] 0x40532558: "movn x14, #0xa597" x14=0x40533f34 => x14=0xffffffffffff5a68
[07:17:16 989][libtiny.so 0x53255c] [8e8abff2] 0x4053255c: "movk x14, #0xfc54, lsl #16" x14=0xffffffffffff5a68 => x14=0xfffffffffc545a68
[07:17:16 989][libtiny.so 0x532560] [ee020e8b] 0x40532560: "add x14, x23, x14" x23=0x43fece0c x14=0xfffffffffc545a68 => x14=0x40532874
[07:17:16 989][libtiny.so 0x532564] [c0011fd6] 0x40532564: "br x14" x14=0x40532874
[07:17:16 990][libtiny.so 0x532874] [689640f9] 0x40532874: "ldr x8, [x19, #0x128]" ; mem[READ] abs=0xbfff90c8 x19=0xbfff8fa0 => x8=0xbfff8e60
[07:17:16 990][libtiny.so 0x532878] [080140b9] 0x40532878: "ldr w8, [x8]" ; mem[READ] abs=0xbfff8e60 x8=0xbfff8e60 => w8=0xb178816c
[07:17:16 990][libtiny.so 0x53287c] [699240f9] 0x4053287c: "ldr x9, [x19, #0x120]" ; mem[READ] abs=0xbfff90c0 x19=0xbfff8fa0 => x9=0xbfff8e70
[07:17:16 991][libtiny.so 0x532880] [290140b9] 0x40532880: "ldr w9, [x9]" ; mem[READ] abs=0xbfff8e70 x9=0xbfff8e70 => w9=0x85c7be81
[07:17:16 991][libtiny.so 0x532884] [694602b9] 0x40532884: "str w9, [x19, #0x244]" ; mem[WRITE] abs=0xbfff91e4 w9=0x85c7be81 x19=0xbfff8fa0 => w9=0x85c7be81
[07:17:16 991][libtiny.so 0x532888] [698e40f9] 0x40532888: "ldr x9, [x19, #0x118]" ; mem[READ] abs=0xbfff90b8 x19=0xbfff8fa0 => x9=0xbfff8e80
[07:17:16 991][libtiny.so 0x53288c] [290140b9] 0x4053288c: "ldr w9, [x9]" ; mem[READ] abs=0xbfff8e80 x9=0xbfff8e80 => w9=0x632dc979
[07:17:16 992][libtiny.so 0x532890] [694a02b9] 0x40532890: "str w9, [x19, #0x248]" ; mem[WRITE] abs=0xbfff91e8 w9=0x632dc979 x19=0xbfff8fa0 => w9=0x632dc979
[07:17:16 992][libtiny.so 0x532894] [698a40f9] 0x40532894: "ldr x9, [x19, #0x110]" ; mem[READ] abs=0xbfff90b0 x19=0xbfff8fa0 => x9=0xbfff8e90
[07:17:16 992][libtiny.so 0x532898] [290140b9] 0x40532898: "ldr w9, [x9]" ; mem[READ] abs=0xbfff8e90 x9=0xbfff8e90 => w9=0x94d278c
[07:17:16 992][libtiny.so 0x53289c] [694e02b9] 0x4053289c: "str w9, [x19, #0x24c]" ; mem[WRITE] abs=0xbfff91ec w9=0x94d278c x19=0xbfff8fa0 => w9=0x94d278c
[07:17:16 993][libtiny.so 0x5328a0] [698640f9] 0x405328a0: "ldr x9, [x19, #0x108]" ; mem[READ] abs=0xbfff90a8 x19=0xbfff8fa0 => x9=0xbfff8ea0
[07:17:16 993][libtiny.so 0x5328a4] [290140b9] 0x405328a4: "ldr w9, [x9]" ; mem[READ] abs=0xbfff8ea0 x9=0xbfff8ea0 => w9=0xc5b83016
[07:17:16 993][libtiny.so 0x5328a8] [695202b9] 0x405328a8: "str w9, [x19, #0x250]" ; mem[WRITE] abs=0xbfff91f0 w9=0xc5b83016 x19=0xbfff8fa0 => w9=0xc5b83016
[07:17:16 993][libtiny.so 0x5328ac] [698240f9] 0x405328ac: "ldr x9, [x19, #0x100]" ; mem[READ] abs=0xbfff90a0 x19=0xbfff8fa0 => x9=0xbfff8eb0
[07:17:16 994][libtiny.so 0x5328b0] [290140b9] 0x405328b0: "ldr w9, [x9]" ; mem[READ] abs=0xbfff8eb0 x9=0xbfff8eb0 => w9=0x4bef2c5f
[07:17:16 994][libtiny.so 0x5328b4] [695602b9] 0x405328b4: "str w9, [x19, #0x254]" ; mem[WRITE] abs=0xbfff91f4 w9=0x4bef2c5f x19=0xbfff8fa0 => w9=0x4bef2c5f
[07:17:16 994][libtiny.so 0x5328b8] [697e40f9] 0x405328b8: "ldr x9, [x19, #0xf8]" ; mem[READ] abs=0xbfff9098 x19=0xbfff8fa0 => x9=0xbfff8ec0
[07:17:16 994][libtiny.so 0x5328bc] [290140b9] 0x405328bc: "ldr w9, [x9]" ; mem[READ] abs=0xbfff8ec0 x9=0xbfff8ec0 => w9=0x570ed5f9
[07:17:16 995][libtiny.so 0x5328c0] [695a02b9] 0x405328c0: "str w9, [x19, #0x258]" ; mem[WRITE] abs=0xbfff91f8 w9=0x570ed5f9 x19=0xbfff8fa0 => w9=0x570ed5f9
[07:17:16 995][libtiny.so 0x5328c4] [697a40f9] 0x405328c4: "ldr x9, [x19, #0xf0]" ; mem[READ] abs=0xbfff9090 x19=0xbfff8fa0 => x9=0xbfff8ed0
[07:17:16 995][libtiny.so 0x5328c8] [290140b9] 0x405328c8: "ldr w9, [x9]" ; mem[READ] abs=0xbfff8ed0 x9=0xbfff8ed0 => w9=0x2453943a
[07:17:16 996][libtiny.so 0x5328cc] [695e02b9] 0x405328cc: "str w9, [x19, #0x25c]" ; mem[WRITE] abs=0xbfff91fc w9=0x2453943a x19=0xbfff8fa0 => w9=0x2453943a
[07:17:16 996][libtiny.so 0x5328d0] [697640f9] 0x405328d0: "ldr x9, [x19, #0xe8]" ; mem[READ] abs=0xbfff9088 x19=0xbfff8fa0 => x9=0xbfff8ee0
[07:17:16 996][libtiny.so 0x5328d4] [290140f9] 0x405328d4: "ldr x9, [x9]" ; mem[READ] abs=0xbfff8ee0 x9=0xbfff8ee0 => x9=0x10
[07:17:16 997][libtiny.so 0x5328d8] [693201f9] 0x405328d8: "str x9, [x19, #0x260]" ; mem[WRITE] abs=0xbfff9200 x9=0x10 x19=0xbfff8fa0 => x9=0x10
[07:17:16 997][libtiny.so 0x5328dc] [694642b9] 0x405328dc: "ldr w9, [x19, #0x244]" ; mem[READ] abs=0xbfff91e4 x19=0xbfff8fa0 => w9=0x85c7be81
[07:17:16 997][libtiny.so 0x5328e0] [6a4642b9] 0x405328e0: "ldr w10, [x19, #0x244]" ; mem[READ] abs=0xbfff91e4 x19=0xbfff8fa0 => w10=0x85c7be81
[07:17:16 998][libtiny.so 0x5328e4] [6c4642b9] 0x405328e4: "ldr w12, [x19, #0x244]" ; mem[READ] abs=0xbfff91e4 x19=0xbfff8fa0 => w12=0x85c7be81
[07:17:16 998][libtiny.so 0x5328e8] [29198913] 0x405328e8: "ror w9, w9, #6" w9=0x85c7be81 => w9=0x6171efa
[07:17:16 999][libtiny.so 0x5328ec] [292dca4a] 0x405328ec: "eor w9, w9, w10, ror #11" w9=0x6171efa w10=0x85c7be81 => w9=0xd627a60d
[07:17:16 999][libtiny.so 0x5328f0] [2965cc4a] 0x405328f0: "eor w9, w9, w12, ror #25" w9=0xd627a60d w12=0x85c7be81 => w9=0x35f8e6cf
[07:17:16 999][libtiny.so 0x5328f4] [2801080b] 0x405328f4: "add w8, w9, w8" w9=0x35f8e6cf w8=0xb178816c => w8=0xe771683b
[07:17:16 999][libtiny.so 0x5328f8] [686e02b9] 0x405328f8: "str w8, [x19, #0x26c]" ; mem[WRITE] abs=0xbfff920c w8=0xe771683b x19=0xbfff8fa0 => w8=0xe771683b
[07:17:17 000][libtiny.so 0x5328fc] [684a42b9] 0x405328fc: "ldr w8, [x19, #0x248]" ; mem[READ] abs=0xbfff91e8 x19=0xbfff8fa0 => w8=0x632dc979
[07:17:17 000][libtiny.so 0x532900] [694e42b9] 0x40532900: "ldr w9, [x19, #0x24c]" ; mem[READ] abs=0xbfff91ec x19=0xbfff8fa0 => w9=0x94d278c
[07:17:17 000][libtiny.so 0x532904] [6a4642b9] 0x40532904: "ldr w10, [x19, #0x244]" ; mem[READ] abs=0xbfff91e4 x19=0xbfff8fa0 => w10=0x85c7be81
[07:17:17 000][libtiny.so 0x532908] [6c4a42b9] 0x40532908: "ldr w12, [x19, #0x248]" ; mem[READ] abs=0xbfff91e8 x19=0xbfff8fa0 => w12=0x632dc979
[07:17:17 001][libtiny.so 0x53290c] [aef147f9] 0x4053290c: "ldr x14, [x13, #0xfe0]" ; mem[READ] abs=0x40755fe0 x13=0x40755000 => x14=0xffffffffd20e6da0
[07:17:17 001][libtiny.so 0x532910] [2801084a] 0x40532910: "eor w8, w9, w8" w9=0x94d278c w8=0x632dc979 => w8=0x6a60eef5
[07:17:17 001][libtiny.so 0x532914] [08010a0a] 0x40532914: "and w8, w8, w10" w8=0x6a60eef5 w10=0x85c7be81 => w8=0x40ae81
[07:17:17 001][libtiny.so 0x532918] [08010c4a] 0x40532918: "eor w8, w8, w12" w8=0x40ae81 w12=0x632dc979 => w8=0x636d67f8
[07:17:17 002][libtiny.so 0x53291c] [687202b9] 0x4053291c: "str w8, [x19, #0x270]" ; mem[WRITE] abs=0xbfff9210 w8=0x636d67f8 x19=0xbfff8fa0 => w8=0x636d67f8
[07:17:17 002][libtiny.so 0x532920] [683241f9] 0x40532920: "ldr x8, [x19, #0x260]" ; mem[READ] abs=0xbfff9200 x19=0xbfff8fa0 => x8=0x10
[07:17:17 002][libtiny.so 0x532924] [09009452] 0x40532924: "movz w9, #0xa000" w9=0x94d278c => w9=0xa000
[07:17:17 002][libtiny.so 0x532928] [49c0ad72] 0x40532928: "movk w9, #0x6e02, lsl #16" w9=0xa000 => w9=0x6e02a000
[07:17:17 003][libtiny.so 0x53292c] [0ad09c52] 0x4053292c: "movz w10, #0xe680" w10=0x85c7be81 => w10=0xe680
[07:17:17 003][libtiny.so 0x532930] [c809088b] 0x40532930: "add x8, x14, x8, lsl #2" x14=0xffffffffd20e6da0 x8=0x10 => x8=0xffffffffd20e6de0
[07:17:17 003][libtiny.so 0x532934] [086969b8] 0x40532934: "ldr w8, [x8, x9]" ; mem[READ] abs=0x40110de0 x8=0xffffffffd20e6de0 x9=0x6e02a000 => w8=0xe49b69c1
[07:17:17 004][libtiny.so 0x532938] [69821191] 0x40532938: "add x9, x19, #0x460" x19=0xbfff8fa0 => x9=0xbfff9400
[07:17:17 004][libtiny.so 0x53293c] [0c0000d0] 0x4053293c: "adrp x12, #0x40534000" => x12=0x40534000
[07:17:17 004][libtiny.so 0x532940] [aaeda072] 0x40532940: "movk w10, #0x76d, lsl #16" w10=0xe680 => w10=0x76de680
[07:17:17 005][libtiny.so 0x532944] [687602b9] 0x40532944: "str w8, [x19, #0x274]" ; mem[WRITE] abs=0xbfff9214 w8=0xe49b69c1 x19=0xbfff8fa0 => w8=0xe49b69c1
[07:17:17 005][libtiny.so 0x532948] [683241f9] 0x40532948: "ldr x8, [x19, #0x260]" ; mem[READ] abs=0xbfff9200 x19=0xbfff8fa0 => x8=0x10
[07:17:17 005][libtiny.so 0x53294c] [8c011091] 0x4053294c: "add x12, x12, #0x400" x12=0x40534000 => x12=0x40534400
[07:17:17 006][libtiny.so 0x532950] [97010a8b] 0x40532950: "add x23, x12, x10" x12=0x40534400 x10=0x76de680 => x23=0x47c12a80
[07:17:17 006][libtiny.so 0x532954] [8a01174b] 0x40532954: "sub w10, w12, w23" w12=0x40534400 w23=0x47c12a80 => w10=0xf8921980
[07:17:17 006][libtiny.so 0x532958] [2809088b] 0x40532958: "add x8, x9, x8, lsl #2" x9=0xbfff9400 x8=0x10 => x8=0xbfff9440
[07:17:17 006][libtiny.so 0x53295c] [082100d1] 0x4053295c: "sub x8, x8, #8" x8=0xbfff9440 => x8=0xbfff9438
[07:17:17 007][libtiny.so 0x532960] [683e01f9] 0x40532960: "str x8, [x19, #0x278]" ; mem[WRITE] abs=0xbfff9218 x8=0xbfff9438 x19=0xbfff8fa0 => x8=0xbfff9438
[07:17:17 007][libtiny.so 0x532964] [683241f9] 0x40532964: "ldr x8, [x19, #0x260]" ; mem[READ] abs=0xbfff9200 x19=0xbfff8fa0 => x8=0x10
[07:17:17 007][libtiny.so 0x532968] [0c1100f0] 0x40532968: "adrp x12, #0x40755000" => x12=0x40755000
[07:17:17 007][libtiny.so 0x53296c] [0eca9252] 0x4053296c: "movz w14, #0x9650" w14=0xd20e6da0 => w14=0x9650
[07:17:17 008][libtiny.so 0x532970] [4e7da072] 0x40532970: "movk w14, #0x3ea, lsl #16" w14=0x9650 => w14=0x3ea9650
[07:17:17 008][libtiny.so 0x532974] [2809088b] 0x40532974: "add x8, x9, x8, lsl #2" x9=0xbfff9400 x8=0x10 => x8=0xbfff9440
[07:17:17 008][libtiny.so 0x532978] [087100d1] 0x40532978: "sub x8, x8, #0x1c" x8=0xbfff9440 => x8=0xbfff9424
[07:17:17 008][libtiny.so 0x53297c] [684201f9] 0x4053297c: "str x8, [x19, #0x280]" ; mem[WRITE] abs=0xbfff9220 x8=0xbfff9424 x19=0xbfff8fa0 => x8=0xbfff9424
[07:17:17 009][libtiny.so 0x532980] [683241f9] 0x40532980: "ldr x8, [x19, #0x260]" ; mem[READ] abs=0xbfff9200 x19=0xbfff8fa0 => x8=0x10
[07:17:17 009][libtiny.so 0x532984] [8ce547f9] 0x40532984: "ldr x12, [x12, #0xfc8]" ; mem[READ] abs=0x40755fc8 x12=0x40755000 => x12=0x43d69170
[07:17:17 009][libtiny.so 0x532988] [4a010e0b] 0x40532988: "add w10, w10, w14" w10=0xf8921980 w14=0x3ea9650 => w10=0xfc7cafd0
[07:17:17 009][libtiny.so 0x53298c] [2809088b] 0x4053298c: "add x8, x9, x8, lsl #2" x9=0xbfff9400 x8=0x10 => x8=0xbfff9440
[07:17:17 010][libtiny.so 0x532990] [080101d1] 0x40532990: "sub x8, x8, #0x40" x8=0xbfff9440 => x8=0xbfff9400
[07:17:17 010][libtiny.so 0x532994] [89c12a8b] 0x40532994: "add x9, x12, w10, sxtw" x12=0x43d69170 w10=0xfc7cafd0 => x9=0x40534140
[07:17:17 010][libtiny.so 0x532998] [684601f9] 0x40532998: "str x8, [x19, #0x288]" ; mem[WRITE] abs=0xbfff9228 x8=0xbfff9400 x19=0xbfff8fa0 => x8=0xbfff9400
[07:17:17 011][libtiny.so 0x53299c] [20011fd6] 0x4053299c: "br x9" x9=0x40534140
[07:17:17 011][libtiny.so 0x534140] [6ee147f9] 0x40534140: "ldr x14, [x11, #0xfc0]" ; mem[READ] abs=0x40755fc0 x11=0x40755000 => x14=0x4451623c
[07:17:17 011][libtiny.so 0x534144] [e43b8492] 0x40534144: "movn x4, #0x21df" x4=0xfffffffffcc971ec => x4=0xffffffffffffde20
[07:17:17 011][libtiny.so 0x534148] [6f458e92] 0x40534148: "movn x15, #0x722b" x15=0x0 => x15=0xffffffffffff8dd4
[07:17:17 011][libtiny.so 0x53414c] [2480bff2] 0x4053414c: "movk x4, #0xfc01, lsl #16" x4=0xffffffffffffde20 => x4=0xfffffffffc01de20
[07:17:17 011][libtiny.so 0x534150] [af8ebff2] 0x40534150: "movk x15, #0xfc75, lsl #16" x15=0xffffffffffff8dd4 => x15=0xfffffffffc758dd4
[07:17:17 011][libtiny.so 0x534154] [ce01048b] 0x40534154: "add x14, x14, x4" x14=0x4451623c x4=0xfffffffffc01de20 => x14=0x4053405c
[07:17:17 011][libtiny.so 0x534158] [f7020f8b] 0x40534158: "add x23, x23, x15" x23=0x47c12a80 x15=0xfffffffffc758dd4 => x23=0x4436b854
[07:17:17 011][libtiny.so 0x53415c] [c0011fd6] 0x4053415c: "br x14" x14=0x4053405c
[07:17:17 011][libtiny.so 0x53405c] [6e8a8e92] 0x4053405c: "movn x14, #0x7453" x14=0x4053405c => x14=0xffffffffffff8bac
[07:17:17 011][libtiny.so 0x534060] [8e83bff2] 0x40534060: "movk x14, #0xfc1c, lsl #16" x14=0xffffffffffff8bac => x14=0xfffffffffc1c8bac
[07:17:17 011][libtiny.so 0x534064] [ee020e8b] 0x40534064: "add x14, x23, x14" x23=0x4436b854 x14=0xfffffffffc1c8bac => x14=0x40534400
[07:17:17 011][libtiny.so 0x534068] [c0011fd6] 0x40534068: "br x14" x14=0x40534400
[07:17:17 011][libtiny.so 0x534400] [684641f9] 0x40534400: "ldr x8, [x19, #0x288]" ; mem[READ] abs=0xbfff9228 x19=0xbfff8fa0 => x8=0xbfff9400
[07:17:17 012][libtiny.so 0x534404] [69821191] 0x40534404: "add x9, x19, #0x460" x19=0xbfff8fa0 => x9=0xbfff9400
[07:17:17 012][libtiny.so 0x534408] [000140fd] 0x40534408: "ldr d0, [x8]" ; mem[READ] abs=0xbfff9400 x8=0xbfff9400 => d0=0x706964227b226170
[07:17:17 012][libtiny.so 0x53440c] [604a01fd] 0x4053440c: "str d0, [x19, #0x290]" ; mem[WRITE] abs=0xbfff9230 d0=0x706964227b226170 x19=0xbfff8fa0 => d0=0x706964227b226170
[07:17:17 013][libtiny.so 0x534410] [683241f9] 0x40534410: "ldr x8, [x19, #0x260]" ; mem[READ] abs=0xbfff9200 x19=0xbfff8fa0 => x8=0x10
[07:17:17 013][libtiny.so 0x534414] [2809088b] 0x40534414: "add x8, x9, x8, lsl #2" x9=0xbfff9400 x8=0x10 => x8=0xbfff9440
[07:17:17 014][libtiny.so 0x534418] [684e01f9] 0x40534418: "str x8, [x19, #0x298]" ; mem[WRITE] abs=0xbfff9238 x8=0xbfff9440 x19=0xbfff8fa0 => x8=0xbfff9440
[07:17:17 014][libtiny.so 0x53441c] [686e42b9] 0x4053441c: "ldr w8, [x19, #0x26c]" ; mem[READ] abs=0xbfff920c x19=0xbfff8fa0 => w8=0xe771683b
[07:17:17 014][libtiny.so 0x534420] [6a7642b9] 0x40534420: "ldr w10, [x19, #0x274]" ; mem[READ] abs=0xbfff9214 x19=0xbfff8fa0 => w10=0xe49b69c1
[07:17:17 014][libtiny.so 0x534424] [6c7242b9] 0x40534424: "ldr w12, [x19, #0x270]" ; mem[READ] abs=0xbfff9210 x19=0xbfff8fa0 => w12=0x636d67f8
[07:17:17 015][libtiny.so 0x534428] [08010a0b] 0x40534428: "add w8, w8, w10" w8=0xe771683b w10=0xe49b69c1 => w8=0xcc0cd1fc
[07:17:17 015][libtiny.so 0x53442c] [08010c0b] 0x4053442c: "add w8, w8, w12" w8=0xcc0cd1fc w12=0x636d67f8 => w8=0x2f7a39f4
[07:17:17 015][libtiny.so 0x534430] [68a602b9] 0x40534430: "str w8, [x19, #0x2a4]" ; mem[WRITE] abs=0xbfff9244 w8=0x2f7a39f4 x19=0xbfff8fa0 => w8=0x2f7a39f4
[07:17:17 015][libtiny.so 0x534434] [683241f9] 0x40534434: "ldr x8, [x19, #0x260]" ; mem[READ] abs=0xbfff9200 x19=0xbfff8fa0 => x8=0x10
[07:17:17 016][libtiny.so 0x534438] [0ab39452] 0x40534438: "movz w10, #0xa598" w10=0xe49b69c1 => w10=0xa598
[07:17:17 016][libtiny.so 0x53443c] [6a75a072] 0x4053443c: "movk w10, #0x3ab, lsl #16" w10=0xa598 => w10=0x3aba598
[07:17:17 016][libtiny.so 0x534440] [080140b2] 0x40534440: "orr x8, x8, #1" x8=0x10 => x8=0x11
[07:17:17 016][libtiny.so 0x534444] [685601f9] 0x40534444: "str x8, [x19, #0x2a8]" ; mem[WRITE] abs=0xbfff9248 x8=0x11 x19=0xbfff8fa0 => x8=0x11
[07:17:17 017][libtiny.so 0x534448] [683e41f9] 0x40534448: "ldr x8, [x19, #0x278]" ; mem[READ] abs=0xbfff9218 x19=0xbfff8fa0 => x8=0xbfff9438
[07:17:17 017][libtiny.so 0x53444c] [000140fd] 0x4053444c: "ldr d0, [x8]" ; mem[READ] abs=0xbfff9438 x8=0xbfff9438 => d0=0x61676963222c226d
[07:17:17 017][libtiny.so 0x534450] [684241f9] 0x40534450: "ldr x8, [x19, #0x280]" ; mem[READ] abs=0xbfff9220 x19=0xbfff8fa0 => x8=0xbfff9424
[07:17:17 017][libtiny.so 0x534454] [01042f2f] 0x40534454: "ushr v1.2s, v0.2s, #0x11" v1=0x464141464345223a226469707061227b v0=0x61676963222c226d => v1=0x30b300001116
[07:17:17 018][libtiny.so 0x534458] [02542f0f] 0x40534458: "shl v2.2s, v0.2s, #0xf" v0=0x61676963222c226d => v2=0xb4b1800011368000
[07:17:17 018][libtiny.so 0x53445c] [03042d2f] 0x4053445c: "ushr v3.2s, v0.2s, #0x13" v3=0x2c22223a22646964222c22696d6f6169 v0=0x61676963222c226d => v3=0xc2c00000445
[07:17:17 019][libtiny.so 0x534460] [411ca10e] 0x40534460: "orr v1.8b, v2.8b, v1.8b" v2=0xb4b1800011368000 v1=0x30b300001116 => v1=0xb4b1b0b311369116
[07:17:17 019][libtiny.so 0x534464] [02542d0f] 0x40534464: "shl v2.2s, v0.2s, #0xd" v0=0x61676963222c226d => v2=0xed2c6000844da000
[07:17:17 019][libtiny.so 0x534468] [421ca30e] 0x40534468: "orr v2.8b, v2.8b, v3.8b" v2=0xed2c6000844da000 v3=0xc2c00000445 => v2=0xed2c6c2c844da445
[07:17:17 020][libtiny.so 0x53446c] [030140fd] 0x4053446c: "ldr d3, [x8]" ; mem[READ] abs=0xbfff9424 x8=0xbfff9424 => d3=0x6469642269222c22
[07:17:17 020][libtiny.so 0x534470] [0004362f] 0x40534470: "ushr v0.2s, v0.2s, #0xa" v0=0x61676963222c226d => v0=0x1859da00088b08
[07:17:17 020][libtiny.so 0x534474] [211c222e] 0x40534474: "eor v1.8b, v1.8b, v2.8b" v1=0xb4b1b0b311369116 v2=0xed2c6c2c844da445 => v1=0x599ddc9f957b3553
[07:17:17 020][libtiny.so 0x534478] [201c202e] 0x40534478: "eor v0.8b, v1.8b, v0.8b" v1=0x599ddc9f957b3553 v0=0x1859da00088b08 => v0=0x598585459573be5b
[07:17:17 022][libtiny.so 0x53447c] [0084a30e] 0x4053447c: "add v0.2s, v0.2s, v3.2s" v0=0x598585459573be5b v3=0x6469642269222c22 => v0=0xbdeee967fe95ea7d
[07:17:17 022][libtiny.so 0x534480] [605a01fd] 0x40534480: "str d0, [x19, #0x2b0]" ; mem[WRITE] abs=0xbfff9250 d0=0xbdeee967fe95ea7d x19=0xbfff8fa0 => d0=0xbdeee967fe95ea7d
[07:17:17 022][libtiny.so 0x534484] [685641f9] 0x40534484: "ldr x8, [x19, #0x2a8]" ; mem[READ] abs=0xbfff9248 x19=0xbfff8fa0 => x8=0x11
[07:17:17 023][libtiny.so 0x534488] [6c3241f9] 0x40534488: "ldr x12, [x19, #0x260]" ; mem[READ] abs=0xbfff9200 x19=0xbfff8fa0 => x12=0x10
[07:17:17 023][libtiny.so 0x53448c] [2809088b] 0x4053448c: "add x8, x9, x8, lsl #2" x9=0xbfff9400 x8=0x11 => x8=0xbfff9444
[07:17:17 023][libtiny.so 0x534490] [00415cfc] 0x40534490: "ldur d0, [x8, #-0x3c]" ; mem[READ] abs=0xbfff9408 d0=0xbdeee967fe95ea7d x8=0xbfff9444 => d0=0x464141463a224543
[07:17:17 023][libtiny.so 0x534494] [89017fb2] 0x40534494: "orr x9, x12, #2" x9=0xbfff9400 x12=0x10 => x9=0x12
[07:17:17 024][libtiny.so 0x534498] [695e01f9] 0x40534498: "str x9, [x19, #0x2b8]" ; mem[WRITE] abs=0xbfff9258 x9=0x12 x19=0xbfff8fa0 => x9=0x12
[07:17:17 024][libtiny.so 0x53449c] [e8ffffd0] 0x4053449c: "adrp x8, #0x40532000" => x8=0x40532000
[07:17:17 024][libtiny.so 0x5344a0] [606201fd] 0x405344a0: "str d0, [x19, #0x2c0]" ; mem[WRITE] abs=0xbfff9260 d0=0x464141463a224543 x19=0xbfff8fa0 => d0=0x464141463a224543
[07:17:17 025][libtiny.so 0x5344a4] [604a41fd] 0x405344a4: "ldr d0, [x19, #0x290]" ; mem[READ] abs=0xbfff9230 x19=0xbfff8fa0 => d0=0x706964227b226170
[07:17:17 025][libtiny.so 0x5344a8] [616241fd] 0x405344a8: "ldr d1, [x19, #0x2c0]" ; mem[READ] abs=0xbfff9260 x19=0xbfff8fa0 => d1=0x464141463a224543
[07:17:17 025][libtiny.so 0x5344ac] [08212091] 0x405344ac: "add x8, x8, #0x808" x8=0x40532000 => x8=0x40532808
[07:17:17 025][libtiny.so 0x5344b0] [89979c52] 0x405344b0: "movz w9, #0xe4bc" w9=0x12 => w9=0xe4bc
[07:17:17 025][libtiny.so 0x5344b4] [17010a8b] 0x405344b4: "add x23, x8, x10" x8=0x40532808 x10=0x3aba598 => x23=0x43fecda0
[07:17:17 026][libtiny.so 0x5344b8] [0020012e] 0x405344b8: "ext v0.8b, v0.8b, v1.8b, #4" v0=0x706964227b226170 v1=0x464141463a224543 => v0=0x3a22454370696422
[07:17:17 026][libtiny.so 0x5344bc] [606601fd] 0x405344bc: "str d0, [x19, #0x2c8]" ; mem[WRITE] abs=0xbfff9268 d0=0x3a22454370696422 x19=0xbfff8fa0 => d0=0x3a22454370696422
[07:17:17 026][libtiny.so 0x5344c0] [89fbbf72] 0x405344c0: "movk w9, #0xffdc, lsl #16" w9=0xe4bc => w9=0xffdce4bc
[07:17:17 027][libtiny.so 0x5344c4] [0801174b] 0x405344c4: "sub w8, w8, w23" w8=0x40532808 w23=0x43fecda0 => w8=0xfc545a68
[07:17:17 027][libtiny.so 0x5344c8] [606641fd] 0x405344c8: "ldr d0, [x19, #0x2c8]" ; mem[READ] abs=0xbfff9268 x19=0xbfff8fa0 => d0=0x3a22454370696422
[07:17:17 027][libtiny.so 0x5344cc] [616641fd] 0x405344cc: "ldr d1, [x19, #0x2c8]" ; mem[READ] abs=0xbfff9268 x19=0xbfff8fa0 => d1=0x3a22454370696422
[07:17:17 027][libtiny.so 0x5344d0] [0801090b] 0x405344d0: "add w8, w8, w9" w8=0xfc545a68 w9=0xffdce4bc => w8=0xfc313f24
[07:17:17 028][libtiny.so 0x5344d4] [091100b0] 0x405344d4: "adrp x9, #0x40755000" => x9=0x40755000
[07:17:17 028][libtiny.so 0x5344d8] [29b147f9] 0x405344d8: "ldr x9, [x9, #0xf60]" ; mem[READ] abs=0x40755f60 x9=0x40755000 => x9=0x4421e634
[07:17:17 029][libtiny.so 0x5344dc] [0204392f] 0x405344dc: "ushr v2.2s, v0.2s, #7" v2=0xed2c6c2c844da445 v0=0x3a22454370696422 => v2=0x74448a00e0d2c8
[07:17:17 030][libtiny.so 0x5344e0] [0054390f] 0x405344e0: "shl v0.2s, v0.2s, #0x19" v0=0x3a22454370696422 => v0=0x8600000044000000
[07:17:17 030][libtiny.so 0x5344e4] [23042e2f] 0x405344e4: "ushr v3.2s, v1.2s, #0x12" v3=0x6469642269222c22 v1=0x3a22454370696422 => v3=0xe8800001c1a
[07:17:17 031][libtiny.so 0x5344e8] [21542e0f] 0x405344e8: "shl v1.2s, v1.2s, #0xe" v1=0x3a22454370696422 => v1=0x9150c00059088000
[07:17:17 031][libtiny.so 0x5344ec] [001ca20e] 0x405344ec: "orr v0.8b, v0.8b, v2.8b" v0=0x8600000044000000 v2=0x74448a00e0d2c8 => v0=0x8674448a44e0d2c8
[07:17:17 032][libtiny.so 0x5344f0] [211ca30e] 0x405344f0: "orr v1.8b, v1.8b, v3.8b" v1=0x9150c00059088000 v3=0xe8800001c1a => v1=0x9150ce8859089c1a
[07:17:17 032][libtiny.so 0x5344f4] [001c212e] 0x405344f4: "eor v0.8b, v0.8b, v1.8b" v0=0x8674448a44e0d2c8 v1=0x9150ce8859089c1a => v0=0x17248a021de84ed2
[07:17:17 033][libtiny.so 0x5344f8] [28c1288b] 0x405344f8: "add x8, x9, w8, sxtw" x9=0x4421e634 w8=0xfc313f24 => x8=0x40532558
[07:17:17 033][libtiny.so 0x5344fc] [606a01fd] 0x405344fc: "str d0, [x19, #0x2d0]" ; mem[WRITE] abs=0xbfff9270 d0=0x17248a021de84ed2 x19=0xbfff8fa0 => d0=0x17248a021de84ed2
[07:17:17 034][libtiny.so 0x534500] [00011fd6] 0x40534500: "br x8" x8=0x40532558
[07:17:17 034][libtiny.so 0x532558] [eeb29492] 0x40532558: "movn x14, #0xa597" x14=0x40534400 => x14=0xffffffffffff5a68
[07:17:17 034][libtiny.so 0x53255c] [8e8abff2] 0x4053255c: "movk x14, #0xfc54, lsl #16" x14=0xffffffffffff5a68 => x14=0xfffffffffc545a68
[07:17:17 034][libtiny.so 0x532560] [ee020e8b] 0x40532560: "add x14, x23, x14" x23=0x43fecda0 x14=0xfffffffffc545a68 => x14=0x40532808
[07:17:17 034][libtiny.so 0x532564] [c0011fd6] 0x40532564: "br x14" x14=0x40532808
[07:17:17 035][libtiny.so 0x532808] [606641fd] 0x40532808: "ldr d0, [x19, #0x2c8]" ; mem[READ] abs=0xbfff9268 x19=0xbfff8fa0 => d0=0x3a22454370696422
[07:17:17 035][libtiny.so 0x53280c] [616a41fd] 0x4053280c: "ldr d1, [x19, #0x2d0]" ; mem[READ] abs=0xbfff9270 x19=0xbfff8fa0 => d1=0x17248a021de84ed2
[07:17:17 036][libtiny.so 0x532810] [624a41fd] 0x40532810: "ldr d2, [x19, #0x290]" ; mem[READ] abs=0xbfff9230 x19=0xbfff8fa0 => d2=0x706964227b226170
[07:17:17 036][libtiny.so 0x532814] [635a41fd] 0x40532814: "ldr d3, [x19, #0x2b0]" ; mem[READ] abs=0xbfff9250 x19=0xbfff8fa0 => d3=0xbdeee967fe95ea7d
[07:17:17 037][libtiny.so 0x532818] [00043d2f] 0x40532818: "ushr v0.2s, v0.2s, #3" v0=0x3a22454370696422 => v0=0x74448a80e0d2c84
[07:17:17 037][libtiny.so 0x53281c] [201c202e] 0x4053281c: "eor v0.8b, v1.8b, v0.8b" v1=0x17248a021de84ed2 v0=0x74448a80e0d2c84 => v0=0x1060c2aa13e56256
[07:17:17 038][libtiny.so 0x532820] [888a8e52] 0x40532820: "movz w8, #0x7454" w8=0x40532558 => w8=0x7454
[07:17:17 038][libtiny.so 0x532824] [6284a20e] 0x40532824: "add v2.2s, v3.2s, v2.2s" v3=0xbdeee967fe95ea7d v2=0x706964227b226170 => v2=0x2e584d8979b84bed
[07:17:17 038][libtiny.so 0x532828] [4084a00e] 0x40532828: "add v0.2s, v2.2s, v0.2s" v2=0x2e584d8979b84bed v0=0x1060c2aa13e56256 => v0=0x3eb910338d9dae43
[07:17:17 039][libtiny.so 0x53282c] [606e01fd] 0x4053282c: "str d0, [x19, #0x2d8]" ; mem[WRITE] abs=0xbfff9278 d0=0x3eb910338d9dae43 x19=0xbfff8fa0 => d0=0x3eb910338d9dae43
[07:17:17 040][libtiny.so 0x532830] [606e41fd] 0x40532830: "ldr d0, [x19, #0x2d8]" ; mem[READ] abs=0xbfff9278 x19=0xbfff8fa0 => d0=0x3eb910338d9dae43
[07:17:17 040][libtiny.so 0x532834] [090000d0] 0x40532834: "adrp x9, #0x40534000" => x9=0x40534000
[07:17:17 040][libtiny.so 0x532838] [687ca072] 0x40532838: "movk w8, #0x3e3, lsl #16" w8=0x7454 => w8=0x3e37454
[07:17:17 042][libtiny.so 0x53283c] [29b10191] 0x4053283c: "add x9, x9, #0x6c" x9=0x40534000 => x9=0x4053406c
[07:17:17 042][libtiny.so 0x532840] [60e602bd] 0x40532840: "str s0, [x19, #0x2e4]" ; mem[WRITE] abs=0xbfff9284 s0=0x8d9dae43 x19=0xbfff8fa0 => s0=0x8d9dae43
[07:17:17 043][libtiny.so 0x532844] [3701088b] 0x40532844: "add x23, x9, x8" x9=0x4053406c x8=0x3e37454 => x23=0x4436b4c0
[07:17:17 043][libtiny.so 0x532848] [68a642b9] 0x40532848: "ldr w8, [x19, #0x2a4]" ; mem[READ] abs=0xbfff9244 x19=0xbfff8fa0 => w8=0x2f7a39f4
[07:17:17 043][libtiny.so 0x53284c] [6ce642b9] 0x4053284c: "ldr w12, [x19, #0x2e4]" ; mem[READ] abs=0xbfff9284 x19=0xbfff8fa0 => w12=0x8d9dae43
[07:17:17 044][libtiny.so 0x532850] [6ee147f9] 0x40532850: "ldr x14, [x11, #0xfc0]" ; mem[READ] abs=0x40755fc0 x11=0x40755000 => x14=0x4451623c
[07:17:17 044][libtiny.so 0x532854] [8a4e8a52] 0x40532854: "movz w10, #0x5274" w10=0x3aba598 => w10=0x5274
[07:17:17 045][libtiny.so 0x532858] [aafcbf72] 0x40532858: "movk w10, #0xffe5, lsl #16" w10=0x5274 => w10=0xffe55274
[07:17:17 045][libtiny.so 0x53285c] [2901174b] 0x4053285c: "sub w9, w9, w23" w9=0x4053406c w23=0x4436b4c0 => w9=0xfc1c8bac
[07:17:17 046][libtiny.so 0x532860] [29010a0b] 0x40532860: "add w9, w9, w10" w9=0xfc1c8bac w10=0xffe55274 => w9=0xfc01de20
[07:17:17 046][libtiny.so 0x532864] [08010c0b] 0x40532864: "add w8, w8, w12" w8=0x2f7a39f4 w12=0x8d9dae43 => w8=0xbd17e837
[07:17:17 046][libtiny.so 0x532868] [c9c1298b] 0x40532868: "add x9, x14, w9, sxtw" x14=0x4451623c w9=0xfc01de20 => x9=0x4053405c
[07:17:17 047][libtiny.so 0x53286c] [68ea02b9] 0x4053286c: "str w8, [x19, #0x2e8]" ; mem[WRITE] abs=0xbfff9288 w8=0xbd17e837 x19=0xbfff8fa0 => w8=0xbd17e837
[07:17:17 047][libtiny.so 0x532870] [20011fd6] 0x40532870: "br x9" x9=0x4053405c
[07:17:17 047][libtiny.so 0x53405c] [6e8a8e92] 0x4053405c: "movn x14, #0x7453" x14=0x4451623c => x14=0xffffffffffff8bac
[07:17:17 047][libtiny.so 0x534060] [8e83bff2] 0x40534060: "movk x14, #0xfc1c, lsl #16" x14=0xffffffffffff8bac => x14=0xfffffffffc1c8bac
[07:17:17 047][libtiny.so 0x534064] [ee020e8b] 0x40534064: "add x14, x23, x14" x23=0x4436b4c0 x14=0xfffffffffc1c8bac => x14=0x4053406c
[07:17:17 047][libtiny.so 0x534068] [c0011fd6] 0x40534068: "br x14" x14=0x4053406c
[07:17:17 049][libtiny.so 0x53406c] [685242b9] 0x4053406c: "ldr w8, [x19, #0x250]" ; mem[READ] abs=0xbfff91f0 x19=0xbfff8fa0 => w8=0xc5b83016
[07:17:17 049][libtiny.so 0x534070] [695642b9] 0x40534070: "ldr w9, [x19, #0x254]" ; mem[READ] abs=0xbfff91f4 x19=0xbfff8fa0 => w9=0x4bef2c5f
[07:17:17 049][libtiny.so 0x534074] [6a5242b9] 0x40534074: "ldr w10, [x19, #0x250]" ; mem[READ] abs=0xbfff91f0 x19=0xbfff8fa0 => w10=0xc5b83016
[07:17:17 050][libtiny.so 0x534078] [6c5642b9] 0x40534078: "ldr w12, [x19, #0x254]" ; mem[READ] abs=0xbfff91f4 x19=0xbfff8fa0 => w12=0x4bef2c5f
[07:17:17 050][libtiny.so 0x53407c] [6e5a42b9] 0x4053407c: "ldr w14, [x19, #0x258]" ; mem[READ] abs=0xbfff91f8 x19=0xbfff8fa0 => w14=0x570ed5f9
[07:17:17 051][libtiny.so 0x534080] [2801080a] 0x40534080: "and w8, w9, w8" w9=0x4bef2c5f w8=0xc5b83016 => w8=0x41a82016
[07:17:17 051][libtiny.so 0x534084] [8f8a8e52] 0x40534084: "movz w15, #0x7454" w15=0xfc758dd4 => w15=0x7454
[07:17:17 051][libtiny.so 0x534088] [89010a2a] 0x40534088: "orr w9, w12, w10" w12=0x4bef2c5f w10=0xc5b83016 => w9=0xcfff3c5f
[07:17:17 053][libtiny.so 0x53408c] [c901090a] 0x4053408c: "and w9, w14, w9" w14=0x570ed5f9 w9=0xcfff3c5f => w9=0x470e1459
[07:17:17 053][libtiny.so 0x534090] [2801082a] 0x40534090: "orr w8, w9, w8" w9=0x470e1459 w8=0x41a82016 => w8=0x47ae345f
[07:17:17 053][libtiny.so 0x534094] [68ee02b9] 0x40534094: "str w8, [x19, #0x2ec]" ; mem[WRITE] abs=0xbfff928c w8=0x47ae345f x19=0xbfff8fa0 => w8=0x47ae345f
[07:17:17 054][libtiny.so 0x534098] [685e42b9] 0x40534098: "ldr w8, [x19, #0x25c]" ; mem[READ] abs=0xbfff91fc x19=0xbfff8fa0 => w8=0x2453943a
